mX:  0.05
g_TM_Lamb:  1.5e-08
g_EE_Lamb:  0.004
NMC 10000

 *-------  PYTHIA Process Initialization  --------------------------*
 |                                                                  |
 | We collide e- with e+ at a CM energy of 1.058e+01 GeV            |
 |                                                                  |
 |------------------------------------------------------------------|
 |                                                    |             |
 | Subprocess                                    Code |   Estimated |
 |                                                    |    max (mb) |
 |                                                    |             |
 |------------------------------------------------------------------|
 |                                                    |             |
 | f fbar -> f' fbar' (s-channel gamma*)          223 |   1.562e-04 |
 |                                                                  |
 *-------  End PYTHIA Process Initialization -----------------------*

 *-------  PYTHIA Flag + Mode + Parm + Word + FVec + MVec + PVec + WVec Settings (changes only)  ------------------* 
 |                                                                                                                 | 
 | Name                                          |                      Now |      Default         Min         Max | 
 |                                               |                          |                                      | 
 | Beams:eA                                      |                  7.00000 |     7000.000         0.0             | 
 | Beams:eB                                      |                  4.00000 |     7000.000         0.0             | 
 | Beams:frameType                               |                        2 |            1           1           5 | 
 | Beams:idA                                     |                       11 |         2212                         | 
 | Beams:idB                                     |                      -11 |         2212                         | 
 | HadronLevel:Hadronize                         |                      off |           on                         | 
 | Next:numberCount                              |                    10000 |         1000           0             | 
 | PartonLevel:MPI                               |                      off |           on                         | 
 | Random:seed                                   |                        0 |           -1               900000000 | 
 | Random:setSeed                                |                       on |          off                         | 
 | WeakSingleBoson:ffbar2ffbar(s:gm)             |                       on |          off                         | 
 |                                                                                                                 | 
 *-------  End PYTHIA Flag + Mode + Parm + Word + FVec + MVec + PVec + WVec Settings  -----------------------------* 

 --------  PYTHIA Particle Data Table (changed only)  ------------------------------------------------------------------------------
 
      id   name            antiName         spn chg col      m0        mWidth      mMin       mMax       tau0    res dec ext vis wid
             no onMode   bRatio   meMode     products 

      15  tau-             tau+               2  -3   0    1.77682    0.00000    0.00000    0.00000  8.71100e-02   0   1   0   1   0
              0     1   0.0000219  103       36       13 
              1     1   0.0000000  103       36       11 

      36  x                                   1   0   0  5.000e-02  0.000e+00  0.000e+00  0.000e+00  3.03352e-02   0   1   0   0   0
              0     1   0.0000000  103       15      -15 
              1     1   0.0000000  103       13      -13 
              2     1   1.0000000  103       11      -11 
              3     1   0.0000000  103       22       22 

 --------  End PYTHIA Particle Data Table  -----------------------------------------------------------------------------------------


 --------  PYTHIA Info Listing  ---------------------------------------- 
 
 Beam A: id =     11, pz =  5.292e+00, e =  5.292e+00, m =  5.110e-04.
 Beam B: id =    -11, pz = -5.292e+00, e =  5.292e+00, m =  5.110e-04.

 In 1: id =   11, x =  1.000e+00, pdf =  2.667e+07 at Q2 =  1.120e+02.
 In 2: id =  -11, x =  1.000e+00, pdf =  2.665e+06 at same Q2.

 Subprocess f fbar -> f' fbar' (s-channel gamma*) with code 223 is 2 -> 2.
 It has sHat =  1.120e+02,    tHat = -2.507e+01,    uHat = -8.693e+01,
       pTHat =  4.230e+00,   m3Hat =  1.500e+00,   m4Hat =  1.500e+00,
    thetaHat =  9.857e-01,  phiHat =  5.405e+00.
     alphaEM =  7.631e-03,  alphaS =  1.975e-01    at Q2 =  1.120e+02.

 Impact parameter b =  0.000e+00 gives enhancement factor =  1.000e+00.
 Max pT scale for MPI =  1.058e+01, ISR =  1.058e+01, FSR =  1.058e+01.
 Number of MPI =     1, ISR =     0, FSRproc =     4, FSRreson =     0.

 --------  End PYTHIA Info Listing  ------------------------------------

 --------  PYTHIA Event Listing  (hard process)  -----------------------------------------------------------------------------------
 
    no         id  name            status     mothers   daughters     colours      p_x        p_y        p_z         e          m 
     0         90  (system)           -11     0     0     0     0     0     0      0.000      0.000      3.000     11.000     10.583
     1         11  (e-)               -12     0     0     3     0     0     0      0.000      0.000      7.000      7.000      0.001
     2        -11  (e+)               -12     0     0     4     0     0     0      0.000      0.000     -4.000      4.000      0.001
     3         11  (e-)               -21     1     0     5     6     0     0      0.000      0.000      7.000      7.000      0.000
     4        -11  (e+)               -21     2     0     5     6     0     0      0.000      0.000     -4.000      4.000      0.000
     5          4  c                   23     3     4     0     0   101     0      2.702     -3.255      4.413      6.294      1.500
     6         -4  cbar                23     3     4     0     0     0   101     -2.702      3.255     -1.413      4.706      1.500
                                   Charge sum:  0.000           Momentum sum:      0.000      0.000      3.000     11.000     10.583

 --------  End PYTHIA Event Listing  -----------------------------------------------------------------------------------------------

 --------  PYTHIA Event Listing  (complete event)  ---------------------------------------------------------------------------------
 
    no         id  name            status     mothers   daughters     colours      p_x        p_y        p_z         e          m 
     0         90  (system)           -11     0     0     0     0     0     0      0.000      0.000      3.000     11.000     10.583
     1         11  (e-)               -12     0     0    19     0     0     0      0.000      0.000      7.000      7.000      0.001
     2        -11  (e+)               -12     0     0    20     0     0     0      0.000      0.000     -4.000      4.000      0.001
     3         11  (e-)               -21    19    19     5     6     0     0      0.000      0.000      7.000      7.000      0.000
     4        -11  (e+)               -21    20    20     5     6     0     0      0.000      0.000     -4.000      4.000      0.000
     5          4  (c)                -23     3     4     9     9   101     0      2.702     -3.255      4.413      6.294      1.500
     6         -4  (cbar)             -23     3     4     7     8     0   101     -2.702      3.255     -1.413      4.706      1.500
     7         -4  (cbar)             -51     6     0    12    12     0   102      0.753      0.709     -0.642      1.932      1.500
     8         21  (g)                -51     6     0    10    11   102   101     -3.040      2.047     -0.114      3.667      0.000
     9          4  (c)                -52     5     5    15    15   101     0      2.287     -2.756      3.756      5.402      1.500
    10         21  (g)                -51     8     0    13    14   103   101     -0.637     -0.192     -0.033      0.666      0.000
    11         21  (g)                -51     8     0    18    18   102   103     -2.152      2.249     -0.170      3.117      0.000
    12         -4  (cbar)             -52     7     7    22    22     0   102      0.502      0.698     -0.552      1.815      1.500
    13         21  (g)                -51    10     0    16    17   103   105      0.061     -0.588     -0.186      0.619      0.000
    14         21  (g)                -51    10     0    25    25   105   101     -0.328      0.021      0.685      0.760      0.000
    15          4  (c)                -52     9     9    21    21   101     0      1.917     -2.381      3.223      4.689      1.500
    16         21  (g)                -51    13     0    23    23   106   105      0.037     -0.397     -0.543      0.674      0.000
    17         21  (g)                -51    13     0    26    26   103   106     -0.446      0.300      0.320      0.626      0.000
    18         21  (g)                -52    11    11    24    24   102   103     -1.682      1.758     -0.133      2.437      0.000
    19         11  (e-)               -61     1     0     3     3     0     0      0.000      0.000      7.000      7.000      0.000
    20        -11  (e+)               -61     2     0     4     4     0     0      0.000      0.000     -4.000      4.000      0.000
    21          4  c                   62    15    15     0     0   101     0      1.917     -2.381      3.223      4.689      1.500
    22         -4  cbar                62    12    12     0     0     0   102      0.502      0.698     -0.552      1.815      1.500
    23         21  g                   62    16    16     0     0   106   105      0.037     -0.397     -0.543      0.674      0.000
    24         21  g                   62    18    18     0     0   102   103     -1.682      1.758     -0.133      2.437      0.000
    25         21  g                   62    14    14     0     0   105   101     -0.328      0.021      0.685      0.760      0.000
    26         21  g                   62    17    17     0     0   103   106     -0.446      0.300      0.320      0.626      0.000
    27         22  gamma               63     1     0     0     0     0     0      0.000      0.000      0.000      0.000      0.000
    28         22  gamma               63     2     0     0     0     0     0      0.000      0.000     -0.000      0.000      0.000
                                   Charge sum:  0.000           Momentum sum:     -0.000      0.000      3.000     11.000     10.583

 --------  End PYTHIA Event Listing  -----------------------------------------------------------------------------------------------
 PYTHIA Warning in TauDecays::decay: unknown correlated tau production, assuming from unpolarized photon  
 PYTHIA Warning in PhaseSpace2to2tauyz::trialKin: maximum for cross section violated  

 *-------  PYTHIA Event and Cross Section Statistics  -------------------------------------------------------------*
 |                                                                                                                 |
 | Subprocess                                    Code |            Number of events       |      sigma +- delta    |
 |                                                    |       Tried   Selected   Accepted |     (estimated) (mb)   |
 |                                                    |                                   |                        |
 |-----------------------------------------------------------------------------------------------------------------|
 |                                                    |                                   |                        |
 | f fbar -> f' fbar' (s-channel gamma*)          223 |      257123      10000      10000 |   6.018e-06  2.935e-08 |
 |                                                    |                                   |                        |
 | sum                                                |      257123      10000      10000 |   6.018e-06  2.935e-08 |
 |                                                                                                                 |
 *-------  End PYTHIA Event and Cross Section Statistics ----------------------------------------------------------*

 *-------  PYTHIA Error and Warning Messages Statistics  ----------------------------------------------------------* 
 |                                                                                                                 | 
 |  times   message                                                                                                | 
 |                                                                                                                 | 
 |      9   Warning in PhaseSpace2to2tauyz::trialKin: maximum for cross section violated                           | 
 |   1502   Warning in TauDecays::decay: unknown correlated tau production, assuming from unpolarized photon       | 
 |                                                                                                                 | 
 *-------  End PYTHIA Error and Warning Messages Statistics  ------------------------------------------------------* 
Gammatau2xmu: 4.961e-17

Gammatau2xe: 0.000e+00

BRtau2xmu: 2.190e-05

BRtau2xe: 0.000e+00

BRtau2xmu + BRtau2xe: 2.190e-05

produced tau excluding those daughters are also tau lepton: 3.004e+03
produced X: 3.004e+03
produced X/NMC: 3.004e-01

Proportion of X flying forward (eta>0): 6.298e-01
Proportion of X flying backward (eta<0): 3.702e-01

Total Gamma [GeV]: 6.505e-12
ctau [m]: 3.034e-05

Gammax2tautau: 0.000e+00

Gammax2mumu: 0.000e+00

Gammax2ee: 6.505e-12

Gammax2gmgm: 0.000e+00

BRx2tautau: 0.000e+00

BRx2mumu: 0.000e+00

BRx2ee: 1.000e+00

BRx2gmgm: 0.000e+00

X: insideFidVol: 0.000e+00
observedX: 9.551e-14
visibleX: 9.551e-15

X Observed Fiducial efficiency: 3.180e-17
X Visible Fiducial efficiency: 3.180e-18

reallyProduced tau: 9.200e+10
total number of tau-tau events: 4.600e+10

reallyProducedX: 7.093e+05
reallyobservedX: 2.255e-11
reallyvisibleX: 2.255e-12

