mX:  0.05
g_TM_Lamb:  6e-09
g_EE_Lamb:  1.5e-07
NMC 10000

 *-------  PYTHIA Process Initialization  --------------------------*
 |                                                                  |
 | We collide e- with e+ at a CM energy of 1.058e+01 GeV            |
 |                                                                  |
 |------------------------------------------------------------------|
 |                                                    |             |
 | Subprocess                                    Code |   Estimated |
 |                                                    |    max (mb) |
 |                                                    |             |
 |------------------------------------------------------------------|
 |                                                    |             |
 | f fbar -> f' fbar' (s-channel gamma*)          223 |   1.247e-04 |
 |                                                                  |
 *-------  End PYTHIA Process Initialization -----------------------*

 *-------  PYTHIA Flag + Mode + Parm + Word + FVec + MVec + PVec + WVec Settings (changes only)  ------------------* 
 |                                                                                                                 | 
 | Name                                          |                      Now |      Default         Min         Max | 
 |                                               |                          |                                      | 
 | Beams:eA                                      |                  7.00000 |     7000.000         0.0             | 
 | Beams:eB                                      |                  4.00000 |     7000.000         0.0             | 
 | Beams:frameType                               |                        2 |            1           1           5 | 
 | Beams:idA                                     |                       11 |         2212                         | 
 | Beams:idB                                     |                      -11 |         2212                         | 
 | HadronLevel:Hadronize                         |                      off |           on                         | 
 | Next:numberCount                              |                    10000 |         1000           0             | 
 | PartonLevel:MPI                               |                      off |           on                         | 
 | Random:seed                                   |                        0 |           -1               900000000 | 
 | Random:setSeed                                |                       on |          off                         | 
 | WeakSingleBoson:ffbar2ffbar(s:gm)             |                       on |          off                         | 
 |                                                                                                                 | 
 *-------  End PYTHIA Flag + Mode + Parm + Word + FVec + MVec + PVec + WVec Settings  -----------------------------* 

 --------  PYTHIA Particle Data Table (changed only)  ------------------------------------------------------------------------------
 
      id   name            antiName         spn chg col      m0        mWidth      mMin       mMax       tau0    res dec ext vis wid
             no onMode   bRatio   meMode     products 

      15  tau-             tau+               2  -3   0    1.77682    0.00000    0.00000    0.00000  8.71100e-02   0   1   0   1   0
              0     1   0.0000035  103       36       13 
              1     1   0.0000000  103       36       11 

      36  x                                   1   0   0  5.000e-02  0.000e+00  0.000e+00  0.000e+00  2.15717e+07   0   1   0   0   0
              0     1   0.0000000  103       15      -15 
              1     1   0.0000000  103       13      -13 
              2     1   1.0000000  103       11      -11 
              3     1   0.0000000  103       22       22 

 --------  End PYTHIA Particle Data Table  -----------------------------------------------------------------------------------------


 --------  PYTHIA Info Listing  ---------------------------------------- 
 
 Beam A: id =     11, pz =  5.292e+00, e =  5.292e+00, m =  5.110e-04.
 Beam B: id =    -11, pz = -5.292e+00, e =  5.292e+00, m =  5.110e-04.

 In 1: id =   11, x =  9.999e-01, pdf =  5.655e+02 at Q2 =  5.531e+01.
 In 2: id =  -11, x =  4.938e-01, pdf =  2.586e-02 at same Q2.

 Subprocess f fbar -> f' fbar' (s-channel gamma*) with code 223 is 2 -> 2.
 It has sHat =  5.531e+01,    tHat = -4.103e+01,    uHat = -1.428e+01,
       pTHat =  3.242e+00,   m3Hat =  3.300e-01,   m4Hat =  3.300e-01,
    thetaHat =  2.076e+00,  phiHat =  2.890e+00.
     alphaEM =  7.602e-03,  alphaS =  2.158e-01    at Q2 =  5.531e+01.

 Impact parameter b =  0.000e+00 gives enhancement factor =  1.000e+00.
 Max pT scale for MPI =  1.058e+01, ISR =  7.437e+00, FSR =  7.437e+00.
 Number of MPI =     1, ISR =     2, FSRproc =     0, FSRreson =     0.

 --------  End PYTHIA Info Listing  ------------------------------------

 --------  PYTHIA Event Listing  (hard process)  -----------------------------------------------------------------------------------
 
    no         id  name            status     mothers   daughters     colours      p_x        p_y        p_z         e          m 
     0         90  (system)           -11     0     0     0     0     0     0      0.000      0.000      3.000     11.000     10.583
     1         11  (e-)               -12     0     0     3     0     0     0      0.000      0.000      7.000      7.000      0.001
     2        -11  (e+)               -12     0     0     4     0     0     0      0.000      0.000     -4.000      4.000      0.001
     3         11  (e-)               -21     1     0     5     6     0     0      0.000      0.000      7.000      7.000      0.000
     4        -11  (e+)               -21     2     0     5     6     0     0      0.000      0.000     -1.975      1.975      0.000
     5          2  u                   23     3     4     0     0   101     0     -3.140      0.806      0.350      3.277      0.330
     6         -2  ubar                23     3     4     0     0     0   101      3.140     -0.806      4.674      5.698      0.330
                                   Charge sum:  0.000           Momentum sum:      0.000      0.000      5.024      8.975      7.437

 --------  End PYTHIA Event Listing  -----------------------------------------------------------------------------------------------

 --------  PYTHIA Event Listing  (complete event)  ---------------------------------------------------------------------------------
 
    no         id  name            status     mothers   daughters     colours      p_x        p_y        p_z         e          m 
     0         90  (system)           -11     0     0     0     0     0     0      0.000      0.000      3.000     11.000     10.583
     1         11  (e-)               -12     0     0    18     0     0     0      0.000      0.000      7.000      7.000      0.001
     2        -11  (e+)               -12     0     0    19     0     0     0      0.000      0.000     -4.000      4.000      0.001
     3         11  (e-)               -21     7     7     5     6     0     0      0.000      0.000      7.000      7.000      0.000
     4        -11  (e+)               -21     8     0     5     6     0     0      0.000      0.000     -1.975      1.975      0.000
     5          2  (u)                -23     3     4     9     9   101     0     -3.140      0.806      0.350      3.277      0.330
     6         -2  (ubar)             -23     3     4    10    10     0   101      3.140     -0.806      4.674      5.698      0.330
     7         11  (e-)               -42    12    12     3     3     0     0      0.000      0.000      7.000      7.000      0.000
     8        -11  (e+)               -41    13     0    11     4     0     0     -0.000     -0.000     -3.999      3.999      0.000
     9          2  (u)                -44     5     5    14    14   101     0     -3.174      0.799      0.384      3.312      0.330
    10         -2  (ubar)             -44     6     6    15    15     0   101      3.128     -0.809      4.639      5.663      0.330
    11         22  (gamma)            -43     8     0    16    16     0     0      0.045      0.010     -2.023      2.023      0.000
    12         11  (e-)               -42    18    18     7     7     0     0     -0.000      0.000      7.000      7.000      0.000
    13        -11  (e+)               -41    19    19    17     8     0     0      0.000     -0.000     -4.000      4.000      0.000
    14          2  (u)                -44     9     9    20    20   101     0     -3.174      0.798      0.384      3.311      0.330
    15         -2  (ubar)             -44    10    10    21    21     0   101      3.128     -0.809      4.638      5.663      0.330
    16         22  (gamma)            -44    11    11    22    22     0     0      0.046      0.009     -2.023      2.024      0.000
    17         22  (gamma)            -43    13     0    23    23     0     0     -0.000      0.002      0.001      0.002      0.000
    18         11  (e-)               -61     1     0    12    12     0     0      0.000      0.000      7.000      7.000      0.000
    19        -11  (e+)               -61     2     0    13    13     0     0     -0.000      0.000     -4.000      4.000      0.000
    20          2  u                   62    14    14     0     0   101     0     -3.174      0.798      0.384      3.311      0.330
    21         -2  ubar                62    15    15     0     0     0   101      3.128     -0.809      4.638      5.663      0.330
    22         22  gamma               62    16    16     0     0     0     0      0.046      0.009     -2.023      2.024      0.000
    23         22  gamma               62    17    17     0     0     0     0     -0.000      0.002      0.001      0.002      0.000
    24         22  gamma               63     1     0     0     0     0     0      0.000      0.000      0.000      0.000      0.000
    25         22  gamma               63     2     0     0     0     0     0      0.000      0.000     -0.000      0.000      0.000
                                   Charge sum:  0.000           Momentum sum:     -0.000      0.000      3.000     11.000     10.583

 --------  End PYTHIA Event Listing  -----------------------------------------------------------------------------------------------
 PYTHIA Warning in TauDecays::decay: unknown correlated tau production, assuming from unpolarized photon  
 PYTHIA Warning in PhaseSpace2to2tauyz::trialKin: maximum for cross section violated  

 *-------  PYTHIA Event and Cross Section Statistics  -------------------------------------------------------------*
 |                                                                                                                 |
 | Subprocess                                    Code |            Number of events       |      sigma +- delta    |
 |                                                    |       Tried   Selected   Accepted |     (estimated) (mb)   |
 |                                                    |                                   |                        |
 |-----------------------------------------------------------------------------------------------------------------|
 |                                                    |                                   |                        |
 | f fbar -> f' fbar' (s-channel gamma*)          223 |      207012      10000      10000 |   6.033e-06  3.141e-08 |
 |                                                    |                                   |                        |
 | sum                                                |      207012      10000      10000 |   6.033e-06  3.141e-08 |
 |                                                                                                                 |
 *-------  End PYTHIA Event and Cross Section Statistics ----------------------------------------------------------*

 *-------  PYTHIA Error and Warning Messages Statistics  ----------------------------------------------------------* 
 |                                                                                                                 | 
 |  times   message                                                                                                | 
 |                                                                                                                 | 
 |    152   Warning in PhaseSpace2to2tauyz::trialKin: maximum for cross section violated                           | 
 |   1471   Warning in TauDecays::decay: unknown correlated tau production, assuming from unpolarized photon       | 
 |                                                                                                                 | 
 *-------  End PYTHIA Error and Warning Messages Statistics  ------------------------------------------------------* 
Gammatau2xmu: 7.938e-18

Gammatau2xe: 0.000e+00

BRtau2xmu: 3.503e-06

BRtau2xe: 0.000e+00

BRtau2xmu + BRtau2xe: 3.503e-06

produced tau excluding those daughters are also tau lepton: 2.942e+03
produced X: 2.942e+03
produced X/NMC: 2.942e-01

Proportion of X flying forward (eta>0): 6.122e-01
Proportion of X flying backward (eta<0): 3.878e-01

Total Gamma [GeV]: 9.147e-21
ctau [m]: 2.157e+04

Gammax2tautau: 0.000e+00

Gammax2mumu: 0.000e+00

Gammax2ee: 9.147e-21

Gammax2gmgm: 0.000e+00

BRx2tautau: 0.000e+00

BRx2mumu: 0.000e+00

BRx2ee: 1.000e+00

BRx2gmgm: 0.000e+00

X: insideFidVol: 0.000e+00
observedX: 3.584e-03
visibleX: 3.584e-04

X Observed Fiducial efficiency: 1.218e-06
X Visible Fiducial efficiency: 1.218e-07

reallyProduced tau: 9.200e+10
total number of tau-tau events: 4.600e+10

reallyProducedX: 1.135e+05
reallyobservedX: 1.382e-01
reallyvisibleX: 1.382e-02

