mX:  0.5
g_TM_Lamb:  2e-07
g_EE_Lamb:  0.0008
NMC 10000
 PYTHIA Warning in PhaseSpace2to2tauyz::trialKin: maximum for cross section violated  

 *-------  PYTHIA Process Initialization  --------------------------*
 |                                                                  |
 | We collide e- with e+ at a CM energy of 1.058e+01 GeV            |
 |                                                                  |
 |------------------------------------------------------------------|
 |                                                    |             |
 | Subprocess                                    Code |   Estimated |
 |                                                    |    max (mb) |
 |                                                    |             |
 |------------------------------------------------------------------|
 |                                                    |             |
 | f fbar -> f' fbar' (s-channel gamma*)          223 |   1.698e-04 |
 |                                                                  |
 *-------  End PYTHIA Process Initialization -----------------------*

 *-------  PYTHIA Flag + Mode + Parm + Word + FVec + MVec + PVec + WVec Settings (changes only)  ------------------* 
 |                                                                                                                 | 
 | Name                                          |                      Now |      Default         Min         Max | 
 |                                               |                          |                                      | 
 | Beams:eA                                      |                  7.00000 |     7000.000         0.0             | 
 | Beams:eB                                      |                  4.00000 |     7000.000         0.0             | 
 | Beams:frameType                               |                        2 |            1           1           5 | 
 | Beams:idA                                     |                       11 |         2212                         | 
 | Beams:idB                                     |                      -11 |         2212                         | 
 | HadronLevel:Hadronize                         |                      off |           on                         | 
 | Next:numberCount                              |                    10000 |         1000           0             | 
 | PartonLevel:MPI                               |                      off |           on                         | 
 | Random:seed                                   |                        0 |           -1               900000000 | 
 | Random:setSeed                                |                       on |          off                         | 
 | WeakSingleBoson:ffbar2ffbar(s:gm)             |                       on |          off                         | 
 |                                                                                                                 | 
 *-------  End PYTHIA Flag + Mode + Parm + Word + FVec + MVec + PVec + WVec Settings  -----------------------------* 

 --------  PYTHIA Particle Data Table (changed only)  ------------------------------------------------------------------------------
 
      id   name            antiName         spn chg col      m0        mWidth      mMin       mMax       tau0    res dec ext vis wid
             no onMode   bRatio   meMode     products 

      15  tau-             tau+               2  -3   0    1.77682    0.00000    0.00000    0.00000  8.71100e-02   0   1   0   1   0
              0     1   0.0032888  103       36       13 
              1     1   0.0000000  103       36       11 

      36  x                                   1   0   0    0.50000    0.00000    0.00000    0.00000  7.58223e-03   0   1   0   0   0
              0     1   0.0000000  103       15      -15 
              1     1   0.0000000  103       13      -13 
              2     1   1.0000000  103       11      -11 
              3     1   0.0000000  103       22       22 

 --------  End PYTHIA Particle Data Table  -----------------------------------------------------------------------------------------

 PYTHIA Warning in TauDecays::decay: unknown correlated tau production, assuming from unpolarized photon  

 --------  PYTHIA Info Listing  ---------------------------------------- 
 
 Beam A: id =     11, pz =  5.292e+00, e =  5.292e+00, m =  5.110e-04.
 Beam B: id =    -11, pz = -5.292e+00, e =  5.292e+00, m =  5.110e-04.

 In 1: id =   11, x =  1.000e+00, pdf =  2.496e+07 at Q2 =  1.120e+02.
 In 2: id =  -11, x =  1.000e+00, pdf =  1.943e+06 at same Q2.

 Subprocess f fbar -> f' fbar' (s-channel gamma*) with code 223 is 2 -> 2.
 It has sHat =  1.120e+02,    tHat = -7.520e+01,    uHat = -3.680e+01,
       pTHat =  4.682e+00,   m3Hat =  1.777e+00,   m4Hat =  1.777e+00,
    thetaHat =  1.921e+00,  phiHat =  1.770e+00.
     alphaEM =  7.631e-03,  alphaS =  1.975e-01    at Q2 =  1.120e+02.

 Impact parameter b =  0.000e+00 gives enhancement factor =  1.000e+00.
 Max pT scale for MPI =  1.058e+01, ISR =  1.058e+01, FSR =  1.058e+01.
 Number of MPI =     1, ISR =     0, FSRproc =     0, FSRreson =     0.

 --------  End PYTHIA Info Listing  ------------------------------------

 --------  PYTHIA Event Listing  (hard process)  -----------------------------------------------------------------------------------
 
    no         id  name            status     mothers   daughters     colours      p_x        p_y        p_z         e          m 
     0         90  (system)           -11     0     0     0     0     0     0      0.000      0.000      3.000     11.000     10.583
     1         11  (e-)               -12     0     0     3     0     0     0      0.000      0.000      7.000      7.000      0.001
     2        -11  (e+)               -12     0     0     4     0     0     0      0.000      0.000     -4.000      4.000      0.001
     3         11  (e-)               -21     1     0     5     6     0     0      0.000      0.000      7.000      7.000      0.000
     4        -11  (e+)               -21     2     0     5     6     0     0      0.000      0.000     -4.000      4.000      0.000
     5         15  tau-                23     3     4     0     0     0     0     -0.928      4.589     -0.276      5.016      1.777
     6        -15  tau+                23     3     4     0     0     0     0      0.928     -4.589      3.276      5.984      1.777
                                   Charge sum:  0.000           Momentum sum:      0.000      0.000      3.000     11.000     10.583

 --------  End PYTHIA Event Listing  -----------------------------------------------------------------------------------------------

 --------  PYTHIA Event Listing  (complete event)  ---------------------------------------------------------------------------------
 
    no         id  name            status     mothers   daughters     colours      p_x        p_y        p_z         e          m 
     0         90  (system)           -11     0     0     0     0     0     0      0.000      0.000      3.000     11.000     10.583
     1         11  (e-)               -12     0     0     7     0     0     0      0.000      0.000      7.000      7.000      0.001
     2        -11  (e+)               -12     0     0     8     0     0     0      0.000      0.000     -4.000      4.000      0.001
     3         11  (e-)               -21     7     7     5     6     0     0      0.000      0.000      7.000      7.000      0.000
     4        -11  (e+)               -21     8     8     5     6     0     0      0.000      0.000     -4.000      4.000      0.000
     5         15  (tau-)             -23     3     4     9     9     0     0     -0.928      4.589     -0.276      5.016      1.777
     6        -15  (tau+)             -23     3     4    10    10     0     0      0.928     -4.589      3.276      5.984      1.777
     7         11  (e-)               -61     1     0     3     3     0     0      0.000      0.000      7.000      7.000      0.000
     8        -11  (e+)               -61     2     0     4     4     0     0      0.000      0.000     -4.000      4.000      0.000
     9         15  (tau-)             -62     5     5    13    14     0     0     -0.928      4.589     -0.276      5.016      1.777
    10        -15  (tau+)             -62     6     6    15    16     0     0      0.928     -4.589      3.276      5.984      1.777
    11         22  gamma               63     1     0     0     0     0     0      0.000      0.000      0.000      0.000      0.000
    12         22  gamma               63     2     0     0     0     0     0      0.000      0.000     -0.000      0.000      0.000
    13         36  (x)                -91     9     0    17    18     0     0     -1.048      3.312      0.449      3.538      0.500
    14         13  mu-                 91     9     0     0     0     0     0      0.120      1.277     -0.725      1.477      0.106
    15         36  (x)                -91    10     0    19    20     0     0      0.183     -1.827      0.437      1.952      0.500
    16        -13  mu+                 91    10     0     0     0     0     0      0.745     -2.762      2.839      4.032      0.106
    17         11  e-                  91    13     0     0     0     0     0     -0.437      0.686      0.090      0.818      0.001
    18        -11  e+                  91    13     0     0     0     0     0     -0.611      2.626      0.359      2.720      0.001
    19         11  e-                  91    15     0     0     0     0     0      0.047     -0.018     -0.053      0.073      0.001
    20        -11  e+                  91    15     0     0     0     0     0      0.136     -1.809      0.490      1.879      0.001
                                   Charge sum:  0.000           Momentum sum:      0.000     -0.000      3.000     11.000     10.583

 --------  End PYTHIA Event Listing  -----------------------------------------------------------------------------------------------

 *-------  PYTHIA Event and Cross Section Statistics  -------------------------------------------------------------*
 |                                                                                                                 |
 | Subprocess                                    Code |            Number of events       |      sigma +- delta    |
 |                                                    |       Tried   Selected   Accepted |     (estimated) (mb)   |
 |                                                    |                                   |                        |
 |-----------------------------------------------------------------------------------------------------------------|
 |                                                    |                                   |                        |
 | f fbar -> f' fbar' (s-channel gamma*)          223 |      284264      10000      10000 |   5.977e-06  2.793e-08 |
 |                                                    |                                   |                        |
 | sum                                                |      284264      10000      10000 |   5.977e-06  2.793e-08 |
 |                                                                                                                 |
 *-------  End PYTHIA Event and Cross Section Statistics ----------------------------------------------------------*

 *-------  PYTHIA Error and Warning Messages Statistics  ----------------------------------------------------------* 
 |                                                                                                                 | 
 |  times   message                                                                                                | 
 |                                                                                                                 | 
 |      1   Warning in PhaseSpace2to2tauyz::trialKin: maximum for cross section violated                           | 
 |   1429   Warning in TauDecays::decay: unknown correlated tau production, assuming from unpolarized photon       | 
 |                                                                                                                 | 
 *-------  End PYTHIA Error and Warning Messages Statistics  ------------------------------------------------------* 
Gammatau2xmu: 7.476e-15

Gammatau2xe: 0.000e+00

BRtau2xmu: 3.289e-03

BRtau2xe: 0.000e+00

BRtau2xmu + BRtau2xe: 3.289e-03

produced tau excluding those daughters are also tau lepton: 2.858e+03
produced X: 2.858e+03
produced X/NMC: 2.858e-01

Proportion of X flying forward (eta>0): 6.242e-01
Proportion of X flying backward (eta<0): 3.758e-01

Total Gamma [GeV]: 2.602e-11
ctau [m]: 7.582e-06

Gammax2tautau: 0.000e+00

Gammax2mumu: 0.000e+00

Gammax2ee: 2.602e-11

Gammax2gmgm: 0.000e+00

BRx2tautau: 0.000e+00

BRx2mumu: 0.000e+00

BRx2ee: 1.000e+00

BRx2gmgm: 0.000e+00

X: insideFidVol: 0.000e+00
observedX: 0.000e+00
visibleX: 0.000e+00

X Observed Fiducial efficiency: 0.000e+00
X Visible Fiducial efficiency: 0.000e+00

reallyProduced tau: 9.200e+10
total number of tau-tau events: 4.600e+10

reallyProducedX: 1.065e+08
reallyobservedX: 0.000e+00
reallyvisibleX: 0.000e+00

