mX:  0.5
g_TM_Lamb:  4e-07
g_EE_Lamb:  1.5e-06
NMC 10000

 *-------  PYTHIA Process Initialization  --------------------------*
 |                                                                  |
 | We collide e- with e+ at a CM energy of 1.058e+01 GeV            |
 |                                                                  |
 |------------------------------------------------------------------|
 |                                                    |             |
 | Subprocess                                    Code |   Estimated |
 |                                                    |    max (mb) |
 |                                                    |             |
 |------------------------------------------------------------------|
 |                                                    |             |
 | f fbar -> f' fbar' (s-channel gamma*)          223 |   1.342e-04 |
 |                                                                  |
 *-------  End PYTHIA Process Initialization -----------------------*

 *-------  PYTHIA Flag + Mode + Parm + Word + FVec + MVec + PVec + WVec Settings (changes only)  ------------------* 
 |                                                                                                                 | 
 | Name                                          |                      Now |      Default         Min         Max | 
 |                                               |                          |                                      | 
 | Beams:eA                                      |                  7.00000 |     7000.000         0.0             | 
 | Beams:eB                                      |                  4.00000 |     7000.000         0.0             | 
 | Beams:frameType                               |                        2 |            1           1           5 | 
 | Beams:idA                                     |                       11 |         2212                         | 
 | Beams:idB                                     |                      -11 |         2212                         | 
 | HadronLevel:Hadronize                         |                      off |           on                         | 
 | Next:numberCount                              |                    10000 |         1000           0             | 
 | PartonLevel:MPI                               |                      off |           on                         | 
 | Random:seed                                   |                        0 |           -1               900000000 | 
 | Random:setSeed                                |                       on |          off                         | 
 | WeakSingleBoson:ffbar2ffbar(s:gm)             |                       on |          off                         | 
 |                                                                                                                 | 
 *-------  End PYTHIA Flag + Mode + Parm + Word + FVec + MVec + PVec + WVec Settings  -----------------------------* 

 --------  PYTHIA Particle Data Table (changed only)  ------------------------------------------------------------------------------
 
      id   name            antiName         spn chg col      m0        mWidth      mMin       mMax       tau0    res dec ext vis wid
             no onMode   bRatio   meMode     products 

      15  tau-             tau+               2  -3   0    1.77682    0.00000    0.00000    0.00000  8.71100e-02   0   1   0   1   0
              0     1   0.0130268  103       36       13 
              1     1   0.0000000  103       36       11 

      36  x                                   1   0   0    0.50000    0.00000    0.00000    0.00000  2.15672e+03   0   1   0   0   0
              0     1   0.0000000  103       15      -15 
              1     1   0.0000000  103       13      -13 
              2     1   1.0000000  103       11      -11 
              3     1   0.0000000  103       22       22 

 --------  End PYTHIA Particle Data Table  -----------------------------------------------------------------------------------------


 --------  PYTHIA Info Listing  ---------------------------------------- 
 
 Beam A: id =     11, pz =  5.292e+00, e =  5.292e+00, m =  5.110e-04.
 Beam B: id =    -11, pz = -5.292e+00, e =  5.292e+00, m =  5.110e-04.

 In 1: id =   11, x =  9.777e-01, pdf =  1.645e+00 at Q2 =  1.095e+02.
 In 2: id =  -11, x =  1.000e+00, pdf =  3.164e+03 at same Q2.

 Subprocess f fbar -> f' fbar' (s-channel gamma*) with code 223 is 2 -> 2.
 It has sHat =  1.095e+02,    tHat = -8.780e+00,    uHat = -1.007e+02,
       pTHat =  2.836e+00,   m3Hat =  3.300e-01,   m4Hat =  3.300e-01,
    thetaHat =  5.742e-01,  phiHat =  1.390e+00.
     alphaEM =  7.630e-03,  alphaS =  1.980e-01    at Q2 =  1.095e+02.

 Impact parameter b =  0.000e+00 gives enhancement factor =  1.000e+00.
 Max pT scale for MPI =  1.058e+01, ISR =  1.046e+01, FSR =  1.046e+01.
 Number of MPI =     1, ISR =     1, FSRproc =     3, FSRreson =     0.

 --------  End PYTHIA Info Listing  ------------------------------------

 --------  PYTHIA Event Listing  (hard process)  -----------------------------------------------------------------------------------
 
    no         id  name            status     mothers   daughters     colours      p_x        p_y        p_z         e          m 
     0         90  (system)           -11     0     0     0     0     0     0      0.000      0.000      3.000     11.000     10.583
     1         11  (e-)               -12     0     0     3     0     0     0      0.000      0.000      7.000      7.000      0.001
     2        -11  (e+)               -12     0     0     4     0     0     0      0.000      0.000     -4.000      4.000      0.001
     3         11  (e-)               -21     1     0     5     6     0     0      0.000      0.000      6.844      6.844      0.000
     4        -11  (e+)               -21     2     0     5     6     0     0      0.000      0.000     -4.000      4.000      0.000
     5          1  d                   23     3     4     0     0   101     0      0.510      2.790      5.965      6.614      0.330
     6         -1  dbar                23     3     4     0     0     0   101     -0.510     -2.790     -3.121      4.230      0.330
                                   Charge sum:  0.000           Momentum sum:      0.000      0.000      2.844     10.844     10.464

 --------  End PYTHIA Event Listing  -----------------------------------------------------------------------------------------------

 --------  PYTHIA Event Listing  (complete event)  ---------------------------------------------------------------------------------
 
    no         id  name            status     mothers   daughters     colours      p_x        p_y        p_z         e          m 
     0         90  (system)           -11     0     0     0     0     0     0      0.000      0.000      3.000     11.000     10.583
     1         11  (e-)               -12     0     0    24     0     0     0      0.000      0.000      7.000      7.000      0.001
     2        -11  (e+)               -12     0     0    25     0     0     0      0.000      0.000     -4.000      4.000      0.001
     3         11  (e-)               -21    16     0     5     6     0     0      0.000      0.000      6.844      6.844      0.000
     4        -11  (e+)               -21    17    17     5     6     0     0      0.000      0.000     -4.000      4.000      0.000
     5          1  (d)                -23     3     4     7     8   101     0      0.510      2.790      5.965      6.614      0.330
     6         -1  (dbar)             -23     3     4     9     9     0   101     -0.510     -2.790     -3.121      4.230      0.330
     7          1  (d)                -51     5     0    12    12   104     0      2.316      1.086      2.884      3.869      0.330
     8         21  (g)                -51     5     0    10    11   101   104     -1.889      1.250      2.573      3.428      0.000
     9         -1  (dbar)             -52     6     6    19    19     0   101     -0.427     -2.337     -2.613      3.547      0.330
    10         21  (g)                -51     8     0    15    15   101   105     -1.425      1.216      1.243      2.248      0.000
    11         21  (g)                -51     8     0    13    14   105   104     -0.069      0.215      1.811      1.825      0.000
    12          1  (d)                -52     7     7    18    18   104     0      1.921      0.906      2.403      3.225      0.330
    13         21  (g)                -51    11     0    21    21   106   104     -0.095     -0.008      1.555      1.558      0.000
    14         21  (g)                -51    11     0    22    22   105   106     -0.638      0.789      0.834      1.313      0.000
    15         21  (g)                -52    10    10    20    20   101   105     -0.762      0.650      0.664      1.201      0.000
    16         11  (e-)               -41    24    24    23     3     0     0      0.000      0.000      7.000      7.000      0.000
    17        -11  (e+)               -42    25    25     4     4     0     0     -0.000      0.000     -4.000      4.000      0.000
    18          1  (d)                -44    12    12    26    26   104     0      1.926      0.898      2.404      3.226      0.330
    19         -1  (dbar)             -44     9     9    27    27     0   101     -0.426     -2.338     -2.615      3.549      0.330
    20         21  (g)                -44    15    15    28    28   101   105     -0.760      0.647      0.666      1.200      0.000
    21         21  (g)                -44    13    13    29    29   106   104     -0.093     -0.012      1.555      1.558      0.000
    22         21  (g)                -44    14    14    30    30   105   106     -0.636      0.786      0.836      1.312      0.000
    23         22  (gamma)            -43    16     0    31    31     0     0     -0.011      0.019      0.154      0.155      0.000
    24         11  (e-)               -61     1     0    16    16     0     0      0.000      0.000      7.000      7.000      0.000
    25        -11  (e+)               -61     2     0    17    17     0     0      0.000     -0.000     -4.000      4.000      0.000
    26          1  d                   62    18    18     0     0   104     0      1.926      0.898      2.404      3.226      0.330
    27         -1  dbar                62    19    19     0     0     0   101     -0.426     -2.338     -2.615      3.549      0.330
    28         21  g                   62    20    20     0     0   101   105     -0.760      0.647      0.666      1.200      0.000
    29         21  g                   62    21    21     0     0   106   104     -0.093     -0.012      1.555      1.558      0.000
    30         21  g                   62    22    22     0     0   105   106     -0.636      0.786      0.836      1.312      0.000
    31         22  gamma               62    23    23     0     0     0     0     -0.011      0.019      0.154      0.155      0.000
    32         22  gamma               63     1     0     0     0     0     0      0.000      0.000      0.000      0.000      0.000
    33         22  gamma               63     2     0     0     0     0     0      0.000      0.000     -0.000      0.000      0.000
                                   Charge sum:  0.000           Momentum sum:     -0.000     -0.000      3.000     11.000     10.583

 --------  End PYTHIA Event Listing  -----------------------------------------------------------------------------------------------
 PYTHIA Warning in TauDecays::decay: unknown correlated tau production, assuming from unpolarized photon  
 PYTHIA Warning in PhaseSpace2to2tauyz::trialKin: maximum for cross section violated  

 *-------  PYTHIA Event and Cross Section Statistics  -------------------------------------------------------------*
 |                                                                                                                 |
 | Subprocess                                    Code |            Number of events       |      sigma +- delta    |
 |                                                    |       Tried   Selected   Accepted |     (estimated) (mb)   |
 |                                                    |                                   |                        |
 |-----------------------------------------------------------------------------------------------------------------|
 |                                                    |                                   |                        |
 | f fbar -> f' fbar' (s-channel gamma*)          223 |      222656      10000      10000 |   6.014e-06  3.084e-08 |
 |                                                    |                                   |                        |
 | sum                                                |      222656      10000      10000 |   6.014e-06  3.084e-08 |
 |                                                                                                                 |
 *-------  End PYTHIA Event and Cross Section Statistics ----------------------------------------------------------*

 *-------  PYTHIA Error and Warning Messages Statistics  ----------------------------------------------------------* 
 |                                                                                                                 | 
 |  times   message                                                                                                | 
 |                                                                                                                 | 
 |    110   Warning in PhaseSpace2to2tauyz::trialKin: maximum for cross section violated                           | 
 |   1431   Warning in TauDecays::decay: unknown correlated tau production, assuming from unpolarized photon       | 
 |                                                                                                                 | 
 *-------  End PYTHIA Error and Warning Messages Statistics  ------------------------------------------------------* 
Gammatau2xmu: 2.991e-14

Gammatau2xe: 0.000e+00

BRtau2xmu: 1.303e-02

BRtau2xe: 0.000e+00

BRtau2xmu + BRtau2xe: 1.303e-02

produced tau excluding those daughters are also tau lepton: 2.862e+03
produced X: 2.862e+03
produced X/NMC: 2.862e-01

Proportion of X flying forward (eta>0): 6.247e-01
Proportion of X flying backward (eta<0): 3.753e-01

Total Gamma [GeV]: 9.149e-17
ctau [m]: 2.157e+00

Gammax2tautau: 0.000e+00

Gammax2mumu: 0.000e+00

Gammax2ee: 9.149e-17

Gammax2gmgm: 0.000e+00

BRx2tautau: 0.000e+00

BRx2mumu: 0.000e+00

BRx2ee: 1.000e+00

BRx2gmgm: 0.000e+00

X: insideFidVol: 2.300e+02
observedX: 2.465e+02
visibleX: 2.465e+01

X Observed Fiducial efficiency: 8.613e-02
X Visible Fiducial efficiency: 8.613e-03

reallyProduced tau: 9.200e+10
total number of tau-tau events: 4.600e+10

reallyProducedX: 4.220e+08
reallyobservedX: 3.635e+07
reallyvisibleX: 3.635e+06

