mX:  0.5
g_TM_Lamb:  6e-08
g_EE_Lamb:  0.0006
NMC 10000

 *-------  PYTHIA Process Initialization  --------------------------*
 |                                                                  |
 | We collide e- with e+ at a CM energy of 1.058e+01 GeV            |
 |                                                                  |
 |------------------------------------------------------------------|
 |                                                    |             |
 | Subprocess                                    Code |   Estimated |
 |                                                    |    max (mb) |
 |                                                    |             |
 |------------------------------------------------------------------|
 |                                                    |             |
 | f fbar -> f' fbar' (s-channel gamma*)          223 |   1.312e-04 |
 |                                                                  |
 *-------  End PYTHIA Process Initialization -----------------------*

 *-------  PYTHIA Flag + Mode + Parm + Word + FVec + MVec + PVec + WVec Settings (changes only)  ------------------* 
 |                                                                                                                 | 
 | Name                                          |                      Now |      Default         Min         Max | 
 |                                               |                          |                                      | 
 | Beams:eA                                      |                  7.00000 |     7000.000         0.0             | 
 | Beams:eB                                      |                  4.00000 |     7000.000         0.0             | 
 | Beams:frameType                               |                        2 |            1           1           5 | 
 | Beams:idA                                     |                       11 |         2212                         | 
 | Beams:idB                                     |                      -11 |         2212                         | 
 | HadronLevel:Hadronize                         |                      off |           on                         | 
 | Next:numberCount                              |                    10000 |         1000           0             | 
 | PartonLevel:MPI                               |                      off |           on                         | 
 | Random:seed                                   |                        0 |           -1               900000000 | 
 | Random:setSeed                                |                       on |          off                         | 
 | WeakSingleBoson:ffbar2ffbar(s:gm)             |                       on |          off                         | 
 |                                                                                                                 | 
 *-------  End PYTHIA Flag + Mode + Parm + Word + FVec + MVec + PVec + WVec Settings  -----------------------------* 

 --------  PYTHIA Particle Data Table (changed only)  ------------------------------------------------------------------------------
 
      id   name            antiName         spn chg col      m0        mWidth      mMin       mMax       tau0    res dec ext vis wid
             no onMode   bRatio   meMode     products 

      15  tau-             tau+               2  -3   0    1.77682    0.00000    0.00000    0.00000  8.71100e-02   0   1   0   1   0
              0     1   0.0002969  103       36       13 
              1     1   0.0000000  103       36       11 

      36  x                                   1   0   0    0.50000    0.00000    0.00000    0.00000  1.34795e-02   0   1   0   0   0
              0     1   0.0000000  103       15      -15 
              1     1   0.0000000  103       13      -13 
              2     1   1.0000000  103       11      -11 
              3     1   0.0000000  103       22       22 

 --------  End PYTHIA Particle Data Table  -----------------------------------------------------------------------------------------


 --------  PYTHIA Info Listing  ---------------------------------------- 
 
 Beam A: id =     11, pz =  5.292e+00, e =  5.292e+00, m =  5.110e-04.
 Beam B: id =    -11, pz = -5.292e+00, e =  5.292e+00, m =  5.110e-04.

 In 1: id =   11, x =  1.000e+00, pdf =  7.000e+06 at Q2 =  1.014e+02.
 In 2: id =  -11, x =  9.053e-01, pdf =  3.545e-01 at same Q2.

 Subprocess f fbar -> f' fbar' (s-channel gamma*) with code 223 is 2 -> 2.
 It has sHat =  1.014e+02,    tHat = -5.301e+01,    uHat = -4.838e+01,
       pTHat =  5.019e+00,   m3Hat =  3.300e-01,   m4Hat =  3.300e-01,
    thetaHat =  1.617e+00,  phiHat =  6.413e-01.
     alphaEM =  7.627e-03,  alphaS =  1.999e-01    at Q2 =  1.014e+02.

 Impact parameter b =  0.000e+00 gives enhancement factor =  1.000e+00.
 Max pT scale for MPI =  1.058e+01, ISR =  1.007e+01, FSR =  1.007e+01.
 Number of MPI =     1, ISR =     1, FSRproc =     2, FSRreson =     0.

 --------  End PYTHIA Info Listing  ------------------------------------

 --------  PYTHIA Event Listing  (hard process)  -----------------------------------------------------------------------------------
 
    no         id  name            status     mothers   daughters     colours      p_x        p_y        p_z         e          m 
     0         90  (system)           -11     0     0     0     0     0     0      0.000      0.000      3.000     11.000     10.583
     1         11  (e-)               -12     0     0     3     0     0     0      0.000      0.000      7.000      7.000      0.001
     2        -11  (e+)               -12     0     0     4     0     0     0      0.000      0.000     -4.000      4.000      0.001
     3         11  (e-)               -21     1     0     5     6     0     0      0.000      0.000      7.000      7.000      0.000
     4        -11  (e+)               -21     2     0     5     6     0     0      0.000      0.000     -3.621      3.621      0.000
     5          2  u                   23     3     4     0     0   101     0      4.022      3.002      1.447      5.233      0.330
     6         -2  ubar                23     3     4     0     0     0   101     -4.022     -3.002      1.932      5.388      0.330
                                   Charge sum:  0.000           Momentum sum:      0.000      0.000      3.379     10.621     10.069

 --------  End PYTHIA Event Listing  -----------------------------------------------------------------------------------------------

 --------  PYTHIA Event Listing  (complete event)  ---------------------------------------------------------------------------------
 
    no         id  name            status     mothers   daughters     colours      p_x        p_y        p_z         e          m 
     0         90  (system)           -11     0     0     0     0     0     0      0.000      0.000      3.000     11.000     10.583
     1         11  (e-)               -12     0     0    20     0     0     0      0.000      0.000      7.000      7.000      0.001
     2        -11  (e+)               -12     0     0    21     0     0     0      0.000      0.000     -4.000      4.000      0.001
     3         11  (e-)               -21    13    13     5     6     0     0      0.000      0.000      7.000      7.000      0.000
     4        -11  (e+)               -21    14     0     5     6     0     0      0.000      0.000     -3.621      3.621      0.000
     5          2  (u)                -23     3     4     9     9   101     0      4.022      3.002      1.447      5.233      0.330
     6         -2  (ubar)             -23     3     4     7     8     0   101     -4.022     -3.002      1.932      5.388      0.330
     7         -2  (ubar)             -51     6     0    12    12     0   102     -3.906     -2.997      2.244      5.420      0.330
     8         21  (g)                -51     6     0    10    11   102   101      0.177      0.213     -0.208      0.346      0.000
     9          2  (u)                -52     5     5    15    15   101     0      3.729      2.784      1.342      4.854      0.330
    10         21  (g)                -51     8     0    17    17   103   101      0.382     -0.113      0.046      0.401      0.000
    11         21  (g)                -51     8     0    18    18   102   103     -1.149     -0.399      0.290      1.251      0.000
    12         -2  (ubar)             -52     7     7    16    16     0   102     -2.961     -2.272      1.701      4.115      0.330
    13         11  (e-)               -42    20    20     3     3     0     0     -0.000      0.000      7.000      7.000      0.000
    14        -11  (e+)               -41    21    21    19     4     0     0      0.000     -0.000     -4.000      4.000      0.000
    15          2  (u)                -44     9     9    22    22   101     0      3.686      2.869      1.346      4.872      0.330
    16         -2  (ubar)             -44    12    12    23    23     0   102     -2.991     -2.213      1.665      4.090      0.330
    17         21  (g)                -44    10    10    24    24   103   101      0.378     -0.104      0.037      0.394      0.000
    18         21  (g)                -44    11    11    25    25   102   103     -1.161     -0.376      0.290      1.254      0.000
    19         22  (gamma)            -43    14     0    26    26     0     0      0.088     -0.175     -0.337      0.390      0.000
    20         11  (e-)               -61     1     0    13    13     0     0     -0.000      0.000      7.000      7.000      0.000
    21        -11  (e+)               -61     2     0    14    14     0     0      0.000     -0.000     -4.000      4.000      0.000
    22          2  u                   62    15    15     0     0   101     0      3.686      2.869      1.346      4.872      0.330
    23         -2  ubar                62    16    16     0     0     0   102     -2.991     -2.213      1.665      4.090      0.330
    24         21  g                   62    17    17     0     0   103   101      0.378     -0.104      0.037      0.394      0.000
    25         21  g                   62    18    18     0     0   102   103     -1.161     -0.376      0.290      1.254      0.000
    26         22  gamma               62    19    19     0     0     0     0      0.088     -0.175     -0.337      0.390      0.000
    27         22  gamma               63     1     0     0     0     0     0      0.000      0.000      0.000      0.000      0.000
    28         22  gamma               63     2     0     0     0     0     0      0.000      0.000     -0.000      0.000      0.000
                                   Charge sum:  0.000           Momentum sum:     -0.000     -0.000      3.000     11.000     10.583

 --------  End PYTHIA Event Listing  -----------------------------------------------------------------------------------------------
 PYTHIA Warning in TauDecays::decay: unknown correlated tau production, assuming from unpolarized photon  
 PYTHIA Warning in PhaseSpace2to2tauyz::trialKin: maximum for cross section violated  

 *-------  PYTHIA Event and Cross Section Statistics  -------------------------------------------------------------*
 |                                                                                                                 |
 | Subprocess                                    Code |            Number of events       |      sigma +- delta    |
 |                                                    |       Tried   Selected   Accepted |     (estimated) (mb)   |
 |                                                    |                                   |                        |
 |-----------------------------------------------------------------------------------------------------------------|
 |                                                    |                                   |                        |
 | f fbar -> f' fbar' (s-channel gamma*)          223 |      217505      10000      10000 |   6.025e-06  3.182e-08 |
 |                                                    |                                   |                        |
 | sum                                                |      217505      10000      10000 |   6.025e-06  3.182e-08 |
 |                                                                                                                 |
 *-------  End PYTHIA Event and Cross Section Statistics ----------------------------------------------------------*

 *-------  PYTHIA Error and Warning Messages Statistics  ----------------------------------------------------------* 
 |                                                                                                                 | 
 |  times   message                                                                                                | 
 |                                                                                                                 | 
 |    228   Warning in PhaseSpace2to2tauyz::trialKin: maximum for cross section violated                           | 
 |   1494   Warning in TauDecays::decay: unknown correlated tau production, assuming from unpolarized photon       | 
 |                                                                                                                 | 
 *-------  End PYTHIA Error and Warning Messages Statistics  ------------------------------------------------------* 
Gammatau2xmu: 6.729e-16

Gammatau2xe: 0.000e+00

BRtau2xmu: 2.969e-04

BRtau2xe: 0.000e+00

BRtau2xmu + BRtau2xe: 2.969e-04

produced tau excluding those daughters are also tau lepton: 2.988e+03
produced X: 2.988e+03
produced X/NMC: 2.988e-01

Proportion of X flying forward (eta>0): 6.168e-01
Proportion of X flying backward (eta<0): 3.832e-01

Total Gamma [GeV]: 1.464e-11
ctau [m]: 1.348e-05

Gammax2tautau: 0.000e+00

Gammax2mumu: 0.000e+00

Gammax2ee: 1.464e-11

Gammax2gmgm: 0.000e+00

BRx2tautau: 0.000e+00

BRx2mumu: 0.000e+00

BRx2ee: 1.000e+00

BRx2gmgm: 0.000e+00

X: insideFidVol: 0.000e+00
observedX: 1.371e-317
visibleX: 1.371e-318

X Observed Fiducial efficiency: 4.590e-321
X Visible Fiducial efficiency: 4.595e-322

reallyProduced tau: 9.200e+10
total number of tau-tau events: 4.600e+10

reallyProducedX: 9.617e+06
reallyobservedX: 4.414e-314
reallyvisibleX: 4.419e-315

