mX:  1.5
g_TE_Lamb:  1.5e-09
g_MM_Lamb:  3e-05
NMC 10000

 *-------  PYTHIA Process Initialization  --------------------------*
 |                                                                  |
 | We collide e- with e+ at a CM energy of 1.058e+01 GeV            |
 |                                                                  |
 |------------------------------------------------------------------|
 |                                                    |             |
 | Subprocess                                    Code |   Estimated |
 |                                                    |    max (mb) |
 |                                                    |             |
 |------------------------------------------------------------------|
 |                                                    |             |
 | f fbar -> f' fbar' (s-channel gamma*)          223 |   1.506e-04 |
 |                                                                  |
 *-------  End PYTHIA Process Initialization -----------------------*

 *-------  PYTHIA Flag + Mode + Parm + Word + FVec + MVec + PVec + WVec Settings (changes only)  ------------------* 
 |                                                                                                                 | 
 | Name                                          |                      Now |      Default         Min         Max | 
 |                                               |                          |                                      | 
 | Beams:eA                                      |                  7.00000 |     7000.000         0.0             | 
 | Beams:eB                                      |                  4.00000 |     7000.000         0.0             | 
 | Beams:frameType                               |                        2 |            1           1           5 | 
 | Beams:idA                                     |                       11 |         2212                         | 
 | Beams:idB                                     |                      -11 |         2212                         | 
 | HadronLevel:Hadronize                         |                      off |           on                         | 
 | Next:numberCount                              |                    10000 |         1000           0             | 
 | PartonLevel:MPI                               |                      off |           on                         | 
 | Random:seed                                   |                        0 |           -1               900000000 | 
 | Random:setSeed                                |                       on |          off                         | 
 | WeakSingleBoson:ffbar2ffbar(s:gm)             |                       on |          off                         | 
 |                                                                                                                 | 
 *-------  End PYTHIA Flag + Mode + Parm + Word + FVec + MVec + PVec + WVec Settings  -----------------------------* 

 --------  PYTHIA Particle Data Table (changed only)  ------------------------------------------------------------------------------
 
      id   name            antiName         spn chg col      m0        mWidth      mMin       mMax       tau0    res dec ext vis wid
             no onMode   bRatio   meMode     products 

      15  tau-             tau+               2  -3   0    1.77682    0.00000    0.00000    0.00000  8.71100e-02   0   1   0   1   0
              0     1   0.0000000  103       36       13 
              1     1   0.0000000  103       36       11 

      36  x                                   1   0   0    1.50000    0.00000    0.00000    0.00000  2.92658e-03   0   1   0   0   0
              0     1   0.0000000  103       15      -15 
              1     1   1.0000000  103       13      -13 
              2     1   0.0000000  103       11      -11 
              3     1   0.0000000  103       22       22 

 --------  End PYTHIA Particle Data Table  -----------------------------------------------------------------------------------------

 PYTHIA Warning in TauDecays::decay: unknown correlated tau production, assuming from unpolarized photon  

 --------  PYTHIA Info Listing  ---------------------------------------- 
 
 Beam A: id =     11, pz =  5.292e+00, e =  5.292e+00, m =  5.110e-04.
 Beam B: id =    -11, pz = -5.292e+00, e =  5.292e+00, m =  5.110e-04.

 In 1: id =   11, x =  7.964e-01, pdf =  1.341e-01 at Q2 =  8.911e+01.
 In 2: id =  -11, x =  9.990e-01, pdf =  3.261e+01 at same Q2.

 Subprocess f fbar -> f' fbar' (s-channel gamma*) with code 223 is 2 -> 2.
 It has sHat =  8.911e+01,    tHat = -4.399e+01,    uHat = -4.512e+01,
       pTHat =  4.372e+00,   m3Hat =  1.777e+00,   m4Hat =  1.777e+00,
    thetaHat =  1.558e+00,  phiHat =  4.054e+00.
     alphaEM =  7.622e-03,  alphaS =  2.030e-01    at Q2 =  8.911e+01.

 Impact parameter b =  0.000e+00 gives enhancement factor =  1.000e+00.
 Max pT scale for MPI =  1.058e+01, ISR =  1.058e+01, FSR =  1.058e+01.
 Number of MPI =     1, ISR =     4, FSRproc =     0, FSRreson =     0.

 --------  End PYTHIA Info Listing  ------------------------------------

 --------  PYTHIA Event Listing  (hard process)  -----------------------------------------------------------------------------------
 
    no         id  name            status     mothers   daughters     colours      p_x        p_y        p_z         e          m 
     0         90  (system)           -11     0     0     0     0     0     0      0.000      0.000      3.000     11.000     10.583
     1         11  (e-)               -12     0     0     3     0     0     0      0.000      0.000      7.000      7.000      0.001
     2        -11  (e+)               -12     0     0     4     0     0     0      0.000      0.000     -4.000      4.000      0.001
     3         11  (e-)               -21     1     0     5     6     0     0      0.000      0.000      5.575      5.575      0.000
     4        -11  (e+)               -21     2     0     5     6     0     0      0.000      0.000     -3.996      3.996      0.000
     5         15  tau-                23     3     4     0     0     0     0     -2.676     -3.458      0.846      4.795      1.777
     6        -15  tau+                23     3     4     0     0     0     0      2.676      3.458      0.733      4.776      1.777
                                   Charge sum:  0.000           Momentum sum:      0.000      0.000      1.579      9.571      9.440

 --------  End PYTHIA Event Listing  -----------------------------------------------------------------------------------------------

 --------  PYTHIA Event Listing  (complete event)  ---------------------------------------------------------------------------------
 
    no         id  name            status     mothers   daughters     colours      p_x        p_y        p_z         e          m 
     0         90  (system)           -11     0     0     0     0     0     0      0.000      0.000      3.000     11.000     10.583
     1         11  (e-)               -12     0     0    33     0     0     0      0.000      0.000      7.000      7.000      0.001
     2        -11  (e+)               -12     0     0    34     0     0     0      0.000      0.000     -4.000      4.000      0.001
     3         11  (e-)               -21     7     0     5     6     0     0      0.000      0.000      5.575      5.575      0.000
     4        -11  (e+)               -21     8     8     5     6     0     0      0.000      0.000     -3.996      3.996      0.000
     5         15  (tau-)             -23     3     4     9     9     0     0     -2.676     -3.458      0.846      4.795      1.777
     6        -15  (tau+)             -23     3     4    10    10     0     0      2.676      3.458      0.733      4.776      1.777
     7         11  (e-)               -41    12     0    11     3     0     0     -0.000     -0.000      6.847      6.847      0.000
     8        -11  (e+)               -42    13    13     4     4     0     0      0.000      0.000     -3.996      3.996      0.000
     9         15  (tau-)             -44     5     5    14    14     0     0     -2.687     -3.458      0.841      4.800      1.777
    10        -15  (tau+)             -44     6     6    15    15     0     0      2.665      3.457      0.739      4.771      1.777
    11         22  (gamma)            -43     7     0    16    16     0     0      0.022      0.000      1.272      1.272      0.000
    12         11  (e-)               -41    18     0    17     7     0     0      0.000      0.000      6.849      6.849      0.000
    13        -11  (e+)               -42    19    19     8     8     0     0      0.000      0.000     -3.996      3.996      0.000
    14         15  (tau-)             -44     9     9    20    20     0     0     -2.688     -3.458      0.842      4.801      1.777
    15        -15  (tau+)             -44    10    10    21    21     0     0      2.665      3.457      0.740      4.771      1.777
    16         22  (gamma)            -44    11    11    22    22     0     0      0.022      0.000      1.272      1.272      0.000
    17         22  (gamma)            -43    12     0    23    23     0     0      0.001      0.000     -0.001      0.001      0.000
    18         11  (e-)               -41    25    25    24    12     0     0      0.000      0.000      7.000      7.000      0.000
    19        -11  (e+)               -42    26     0    13    13     0     0      0.000      0.000     -3.996      3.996      0.000
    20         15  (tau-)             -44    14    14    27    27     0     0     -2.688     -3.459      0.841      4.801      1.777
    21        -15  (tau+)             -44    15    15    28    28     0     0      2.664      3.457      0.741      4.770      1.777
    22         22  (gamma)            -44    16    16    29    29     0     0      0.022      0.000      1.272      1.272      0.000
    23         22  (gamma)            -44    17    17    30    30     0     0      0.001      0.000     -0.001      0.001      0.000
    24         22  (gamma)            -43    18     0    31    31     0     0      0.000      0.002      0.151      0.151      0.000
    25         11  (e-)               -42    33    33    18    18     0     0     -0.000      0.000      7.000      7.000      0.000
    26        -11  (e+)               -41    34    34    32    19     0     0      0.000     -0.000     -4.000      4.000      0.000
    27         15  (tau-)             -44    20    20    35    35     0     0     -2.687     -3.459      0.841      4.801      1.777
    28        -15  (tau+)             -44    21    21    36    36     0     0      2.665      3.456      0.741      4.770      1.777
    29         22  (gamma)            -44    22    22    37    37     0     0      0.022      0.000      1.272      1.272      0.000
    30         22  (gamma)            -44    23    23    38    38     0     0      0.001      0.000     -0.001      0.001      0.000
    31         22  (gamma)            -44    24    24    39    39     0     0      0.000      0.002      0.151      0.151      0.000
    32         22  (gamma)            -43    26     0    40    40     0     0     -0.001      0.000     -0.004      0.004      0.000
    33         11  (e-)               -61     1     0    25    25     0     0      0.000      0.000      7.000      7.000      0.000
    34        -11  (e+)               -61     2     0    26    26     0     0     -0.000     -0.000     -4.000      4.000      0.000
    35         15  (tau-)             -62    27    27    43    44     0     0     -2.687     -3.459      0.841      4.801      1.777
    36        -15  (tau+)             -62    28    28    45    46     0     0      2.665      3.456      0.741      4.770      1.777
    37         22  gamma               62    29    29     0     0     0     0      0.022      0.000      1.272      1.272      0.000
    38         22  gamma               62    30    30     0     0     0     0      0.001      0.000     -0.001      0.001      0.000
    39         22  gamma               62    31    31     0     0     0     0      0.000      0.002      0.151      0.151      0.000
    40         22  gamma               62    32    32     0     0     0     0     -0.001      0.000     -0.004      0.004      0.000
    41         22  gamma               63     1     0     0     0     0     0      0.000      0.000      0.000      0.000      0.000
    42         22  gamma               63     2     0     0     0     0     0      0.000      0.000     -0.000      0.000      0.000
    43         36  (x)                -91    35     0    47    48     0     0     -1.927     -2.802      0.569      3.760      1.500
    44         11  e-                  91    35     0     0     0     0     0     -0.760     -0.656      0.272      1.040      0.001
    45         36  (x)                -91    36     0    49    50     0     0      2.178      2.964      0.869      4.066      1.500
    46        -11  e+                  91    36     0     0     0     0     0      0.487      0.493     -0.127      0.704      0.001
    47         13  mu-                 91    43     0     0     0     0     0     -1.332     -2.002     -0.310      2.426      0.106
    48        -13  mu+                 91    43     0     0     0     0     0     -0.595     -0.801      0.879      1.334      0.106
    49         13  mu-                 91    45     0     0     0     0     0      0.668      1.302      1.060      1.810      0.106
    50        -13  mu+                 91    45     0     0     0     0     0      1.510      1.662     -0.192      2.256      0.106
                                   Charge sum:  0.000           Momentum sum:     -0.000     -0.000      3.000     11.000     10.583

 --------  End PYTHIA Event Listing  -----------------------------------------------------------------------------------------------
 PYTHIA Warning in PhaseSpace2to2tauyz::trialKin: maximum for cross section violated  

 *-------  PYTHIA Event and Cross Section Statistics  -------------------------------------------------------------*
 |                                                                                                                 |
 | Subprocess                                    Code |            Number of events       |      sigma +- delta    |
 |                                                    |       Tried   Selected   Accepted |     (estimated) (mb)   |
 |                                                    |                                   |                        |
 |-----------------------------------------------------------------------------------------------------------------|
 |                                                    |                                   |                        |
 | f fbar -> f' fbar' (s-channel gamma*)          223 |      251834      10000      10000 |   6.019e-06  2.932e-08 |
 |                                                    |                                   |                        |
 | sum                                                |      251834      10000      10000 |   6.019e-06  2.932e-08 |
 |                                                                                                                 |
 *-------  End PYTHIA Event and Cross Section Statistics ----------------------------------------------------------*

 *-------  PYTHIA Error and Warning Messages Statistics  ----------------------------------------------------------* 
 |                                                                                                                 | 
 |  times   message                                                                                                | 
 |                                                                                                                 | 
 |      3   Warning in PhaseSpace2to2tauyz::trialKin: maximum for cross section violated                           | 
 |   1479   Warning in TauDecays::decay: unknown correlated tau production, assuming from unpolarized photon       | 
 |                                                                                                                 | 
 *-------  End PYTHIA Error and Warning Messages Statistics  ------------------------------------------------------* 
Gammatau2xmu: 0.000e+00

Gammatau2xe: 4.147e-20

BRtau2xmu: 0.000e+00

BRtau2xe: 1.830e-08

BRtau2xmu + BRtau2xe: 1.830e-08

produced tau excluding those daughters are also tau lepton: 2.958e+03
produced X: 2.958e+03
produced X/NMC: 2.958e-01

Proportion of X flying forward (eta>0): 6.247e-01
Proportion of X flying backward (eta<0): 3.753e-01

Total Gamma [GeV]: 6.743e-11
ctau [m]: 2.927e-06

Gammax2tautau: 0.000e+00

Gammax2mumu: 6.743e-11

Gammax2ee: 0.000e+00

Gammax2gmgm: 0.000e+00

BRx2tautau: 0.000e+00

BRx2mumu: 1.000e+00

BRx2ee: 0.000e+00

BRx2gmgm: 0.000e+00

X: insideFidVol: 0.000e+00
observedX: 0.000e+00
visibleX: 0.000e+00

X Observed Fiducial efficiency: 0.000e+00
X Visible Fiducial efficiency: 0.000e+00

reallyProduced tau: 9.200e+10
total number of tau-tau events: 4.600e+10

reallyProducedX: 5.929e+02
reallyobservedX: 0.000e+00
reallyvisibleX: 0.000e+00

