mX:  1.5
g_TE_Lamb:  8e-07
g_MM_Lamb:  8e-05
NMC 10000

 *-------  PYTHIA Process Initialization  --------------------------*
 |                                                                  |
 | We collide e- with e+ at a CM energy of 1.058e+01 GeV            |
 |                                                                  |
 |------------------------------------------------------------------|
 |                                                    |             |
 | Subprocess                                    Code |   Estimated |
 |                                                    |    max (mb) |
 |                                                    |             |
 |------------------------------------------------------------------|
 |                                                    |             |
 | f fbar -> f' fbar' (s-channel gamma*)          223 |   1.333e-04 |
 |                                                                  |
 *-------  End PYTHIA Process Initialization -----------------------*

 *-------  PYTHIA Flag + Mode + Parm + Word + FVec + MVec + PVec + WVec Settings (changes only)  ------------------* 
 |                                                                                                                 | 
 | Name                                          |                      Now |      Default         Min         Max | 
 |                                               |                          |                                      | 
 | Beams:eA                                      |                  7.00000 |     7000.000         0.0             | 
 | Beams:eB                                      |                  4.00000 |     7000.000         0.0             | 
 | Beams:frameType                               |                        2 |            1           1           5 | 
 | Beams:idA                                     |                       11 |         2212                         | 
 | Beams:idB                                     |                      -11 |         2212                         | 
 | HadronLevel:Hadronize                         |                      off |           on                         | 
 | Next:numberCount                              |                    10000 |         1000           0             | 
 | PartonLevel:MPI                               |                      off |           on                         | 
 | Random:seed                                   |                        0 |           -1               900000000 | 
 | Random:setSeed                                |                       on |          off                         | 
 | WeakSingleBoson:ffbar2ffbar(s:gm)             |                       on |          off                         | 
 |                                                                                                                 | 
 *-------  End PYTHIA Flag + Mode + Parm + Word + FVec + MVec + PVec + WVec Settings  -----------------------------* 

 --------  PYTHIA Particle Data Table (changed only)  ------------------------------------------------------------------------------
 
      id   name            antiName         spn chg col      m0        mWidth      mMin       mMax       tau0    res dec ext vis wid
             no onMode   bRatio   meMode     products 

      15  tau-             tau+               2  -3   0    1.77682    0.00000    0.00000    0.00000  8.71100e-02   0   1   0   1   0
              0     1   0.0000000  103       36       13 
              1     1   0.0051790  103       36       11 

      36  x                                   1   0   0    1.50000    0.00000    0.00000    0.00000  4.11550e-04   0   1   0   0   0
              0     1   0.0000000  103       15      -15 
              1     1   1.0000000  103       13      -13 
              2     1   0.0000000  103       11      -11 
              3     1   0.0000000  103       22       22 

 --------  End PYTHIA Particle Data Table  -----------------------------------------------------------------------------------------


 --------  PYTHIA Info Listing  ---------------------------------------- 
 
 Beam A: id =     11, pz =  5.292e+00, e =  5.292e+00, m =  5.110e-04.
 Beam B: id =    -11, pz = -5.292e+00, e =  5.292e+00, m =  5.110e-04.

 In 1: id =   11, x =  9.372e-01, pdf =  5.614e-01 at Q2 =  1.032e+02.
 In 2: id =  -11, x =  9.830e-01, pdf =  2.151e+00 at same Q2.

 Subprocess f fbar -> f' fbar' (s-channel gamma*) with code 223 is 2 -> 2.
 It has sHat =  1.032e+02,    tHat = -6.987e+01,    uHat = -3.332e+01,
       pTHat =  4.740e+00,   m3Hat =  3.300e-01,   m4Hat =  3.300e-01,
    thetaHat =  1.933e+00,  phiHat =  6.239e+00.
     alphaEM =  7.628e-03,  alphaS =  1.994e-01    at Q2 =  1.032e+02.

 Impact parameter b =  0.000e+00 gives enhancement factor =  1.000e+00.
 Max pT scale for MPI =  1.058e+01, ISR =  1.016e+01, FSR =  1.016e+01.
 Number of MPI =     1, ISR =     2, FSRproc =     4, FSRreson =     0.

 --------  End PYTHIA Info Listing  ------------------------------------

 --------  PYTHIA Event Listing  (hard process)  -----------------------------------------------------------------------------------
 
    no         id  name            status     mothers   daughters     colours      p_x        p_y        p_z         e          m 
     0         90  (system)           -11     0     0     0     0     0     0      0.000      0.000      3.000     11.000     10.583
     1         11  (e-)               -12     0     0     3     0     0     0      0.000      0.000      7.000      7.000      0.001
     2        -11  (e+)               -12     0     0     4     0     0     0      0.000      0.000     -4.000      4.000      0.001
     3         11  (e-)               -21     1     0     5     6     0     0      0.000      0.000      6.560      6.560      0.000
     4        -11  (e+)               -21     2     0     5     6     0     0      0.000      0.000     -3.932      3.932      0.000
     5          2  u                   23     3     4     0     0   101     0      4.735     -0.208     -0.540      4.782      0.330
     6         -2  ubar                23     3     4     0     0     0   101     -4.735      0.208      3.169      5.711      0.330
                                   Charge sum:  0.000           Momentum sum:      0.000      0.000      2.628     10.492     10.158

 --------  End PYTHIA Event Listing  -----------------------------------------------------------------------------------------------

 --------  PYTHIA Event Listing  (complete event)  ---------------------------------------------------------------------------------
 
    no         id  name            status     mothers   daughters     colours      p_x        p_y        p_z         e          m 
     0         90  (system)           -11     0     0     0     0     0     0      0.000      0.000      3.000     11.000     10.583
     1         11  (e-)               -12     0     0    38     0     0     0      0.000      0.000      7.000      7.000      0.001
     2        -11  (e+)               -12     0     0    39     0     0     0      0.000      0.000     -4.000      4.000      0.001
     3         11  (e-)               -21    19     0     5     6     0     0      0.000      0.000      6.560      6.560      0.000
     4        -11  (e+)               -21    20    20     5     6     0     0      0.000      0.000     -3.932      3.932      0.000
     5          2  (u)                -23     3     4     7     8   101     0      4.735     -0.208     -0.540      4.782      0.330
     6         -2  (ubar)             -23     3     4     9     9     0   101     -4.735      0.208      3.169      5.711      0.330
     7          2  (u)                -51     5     0    21    21   102     0      1.608     -1.225      0.695      2.162      0.330
     8         21  (g)                -51     5     0    12    12   101   102      2.739      1.034     -0.976      3.086      0.000
     9         -2  (ubar)             -52     6     6    10    11     0   101     -4.347      0.191      2.909      5.244      0.330
    10         -2  (ubar)             -51     9     0    13    14     0   103     -3.998     -0.202      3.104      5.077      0.330
    11         21  (g)                -51     9     0    15    15   103   101      0.100      0.563     -0.355      0.673      0.000
    12         21  (g)                -52     8     8    23    23   101   102      2.291      0.864     -0.816      2.581      0.000
    13         -2  (ubar)             -51    10     0    18    18     0   104     -3.596      0.356      2.972      4.690      0.330
    14         21  (g)                -51    10     0    16    17   104   103     -0.377     -0.413      0.040      0.560      0.000
    15         21  (g)                -52    11    11    24    24   103   101      0.074      0.417     -0.263      0.499      0.000
    16         21  (g)                -51    14     0    25    25   106   103      0.015      0.207      0.064      0.217      0.000
    17         21  (g)                -51    14     0    26    26   104   106     -1.983     -0.439      1.306      2.414      0.000
    18         -2  (ubar)             -52    13    13    22    22     0   104     -2.005      0.175      1.643      2.619      0.330
    19         11  (e-)               -41    28    28    27     3     0     0      0.000      0.000      7.000      7.000      0.000
    20        -11  (e+)               -42    29     0     4     4     0     0     -0.000      0.000     -3.932      3.932      0.000
    21          2  (u)                -44     7     7    30    30   102     0      1.603     -1.220      0.700      2.157      0.330
    22         -2  (ubar)             -44    18    18    31    31     0   104     -2.013      0.183      1.640      2.623      0.330
    23         21  (g)                -44    12    12    32    32   101   102      2.287      0.868     -0.813      2.578      0.000
    24         21  (g)                -44    15    15    33    33   103   101      0.074      0.418     -0.264      0.499      0.000
    25         21  (g)                -44    16    16    34    34   106   103      0.015      0.208      0.063      0.218      0.000
    26         21  (g)                -44    17    17    35    35   104   106     -1.989     -0.432      1.303      2.417      0.000
    27         22  (gamma)            -43    19     0    36    36     0     0      0.023     -0.024      0.438      0.439      0.000
    28         11  (e-)               -42    38    38    19    19     0     0     -0.000     -0.000      7.000      7.000      0.000
    29        -11  (e+)               -41    39    39    37    20     0     0      0.000      0.000     -4.000      4.000      0.000
    30          2  (u)                -44    21    21    40    40   102     0      1.602     -1.221      0.701      2.158      0.330
    31         -2  (ubar)             -44    22    22    41    41     0   104     -2.013      0.182      1.640      2.624      0.330
    32         21  (g)                -44    23    23    42    42   101   102      2.286      0.865     -0.814      2.577      0.000
    33         21  (g)                -44    24    24    43    43   103   101      0.074      0.417     -0.264      0.499      0.000
    34         21  (g)                -44    25    25    44    44   106   103      0.015      0.208      0.063      0.218      0.000
    35         21  (g)                -44    26    26    45    45   104   106     -1.990     -0.433      1.304      2.418      0.000
    36         22  (gamma)            -44    27    27    46    46     0     0      0.023     -0.024      0.438      0.439      0.000
    37         22  (gamma)            -43    29     0    47    47     0     0      0.002      0.006     -0.068      0.068      0.000
    38         11  (e-)               -61     1     0    28    28     0     0      0.000      0.000      7.000      7.000      0.000
    39        -11  (e+)               -61     2     0    29    29     0     0      0.000      0.000     -4.000      4.000      0.000
    40          2  u                   62    30    30     0     0   102     0      1.602     -1.221      0.701      2.158      0.330
    41         -2  ubar                62    31    31     0     0     0   104     -2.013      0.182      1.640      2.624      0.330
    42         21  g                   62    32    32     0     0   101   102      2.286      0.865     -0.814      2.577      0.000
    43         21  g                   62    33    33     0     0   103   101      0.074      0.417     -0.264      0.499      0.000
    44         21  g                   62    34    34     0     0   106   103      0.015      0.208      0.063      0.218      0.000
    45         21  g                   62    35    35     0     0   104   106     -1.990     -0.433      1.304      2.418      0.000
    46         22  gamma               62    36    36     0     0     0     0      0.023     -0.024      0.438      0.439      0.000
    47         22  gamma               62    37    37     0     0     0     0      0.002      0.006     -0.068      0.068      0.000
    48         22  gamma               63     1     0     0     0     0     0      0.000      0.000      0.000      0.000      0.000
    49         22  gamma               63     2     0     0     0     0     0      0.000      0.000     -0.000      0.000      0.000
                                   Charge sum:  0.000           Momentum sum:      0.000     -0.000      3.000     11.000     10.583

 --------  End PYTHIA Event Listing  -----------------------------------------------------------------------------------------------
 PYTHIA Warning in TauDecays::decay: unknown correlated tau production, assuming from unpolarized photon  
 PYTHIA Warning in PhaseSpace2to2tauyz::trialKin: maximum for cross section violated  

 *-------  PYTHIA Event and Cross Section Statistics  -------------------------------------------------------------*
 |                                                                                                                 |
 | Subprocess                                    Code |            Number of events       |      sigma +- delta    |
 |                                                    |       Tried   Selected   Accepted |     (estimated) (mb)   |
 |                                                    |                                   |                        |
 |-----------------------------------------------------------------------------------------------------------------|
 |                                                    |                                   |                        |
 | f fbar -> f' fbar' (s-channel gamma*)          223 |      223618      10000      10000 |   5.987e-06  3.200e-08 |
 |                                                    |                                   |                        |
 | sum                                                |      223618      10000      10000 |   5.987e-06  3.200e-08 |
 |                                                                                                                 |
 *-------  End PYTHIA Event and Cross Section Statistics ----------------------------------------------------------*

 *-------  PYTHIA Error and Warning Messages Statistics  ----------------------------------------------------------* 
 |                                                                                                                 | 
 |  times   message                                                                                                | 
 |                                                                                                                 | 
 |    327   Warning in PhaseSpace2to2tauyz::trialKin: maximum for cross section violated                           | 
 |   1500   Warning in TauDecays::decay: unknown correlated tau production, assuming from unpolarized photon       | 
 |                                                                                                                 | 
 *-------  End PYTHIA Error and Warning Messages Statistics  ------------------------------------------------------* 
Gammatau2xmu: 0.000e+00

Gammatau2xe: 1.180e-14

BRtau2xmu: 0.000e+00

BRtau2xe: 5.179e-03

BRtau2xmu + BRtau2xe: 5.179e-03

produced tau excluding those daughters are also tau lepton: 3.000e+03
produced X: 3.000e+03
produced X/NMC: 3.000e-01

Proportion of X flying forward (eta>0): 6.103e-01
Proportion of X flying backward (eta<0): 3.897e-01

Total Gamma [GeV]: 4.795e-10
ctau [m]: 4.116e-07

Gammax2tautau: 0.000e+00

Gammax2mumu: 4.795e-10

Gammax2ee: 0.000e+00

Gammax2gmgm: 0.000e+00

BRx2tautau: 0.000e+00

BRx2mumu: 1.000e+00

BRx2ee: 0.000e+00

BRx2gmgm: 0.000e+00

X: insideFidVol: 0.000e+00
observedX: 0.000e+00
visibleX: 0.000e+00

X Observed Fiducial efficiency: 0.000e+00
X Visible Fiducial efficiency: 0.000e+00

reallyProduced tau: 9.200e+10
total number of tau-tau events: 4.600e+10

reallyProducedX: 1.678e+08
reallyobservedX: 0.000e+00
reallyvisibleX: 0.000e+00

