mX:  1.5
g_TE_Lamb:  6e-08
g_MM_Lamb:  2e-07
NMC 10000

 *-------  PYTHIA Process Initialization  --------------------------*
 |                                                                  |
 | We collide e- with e+ at a CM energy of 1.058e+01 GeV            |
 |                                                                  |
 |------------------------------------------------------------------|
 |                                                    |             |
 | Subprocess                                    Code |   Estimated |
 |                                                    |    max (mb) |
 |                                                    |             |
 |------------------------------------------------------------------|
 |                                                    |             |
 | f fbar -> f' fbar' (s-channel gamma*)          223 |   1.355e-04 |
 |                                                                  |
 *-------  End PYTHIA Process Initialization -----------------------*

 *-------  PYTHIA Flag + Mode + Parm + Word + FVec + MVec + PVec + WVec Settings (changes only)  ------------------* 
 |                                                                                                                 | 
 | Name                                          |                      Now |      Default         Min         Max | 
 |                                               |                          |                                      | 
 | Beams:eA                                      |                  7.00000 |     7000.000         0.0             | 
 | Beams:eB                                      |                  4.00000 |     7000.000         0.0             | 
 | Beams:frameType                               |                        2 |            1           1           5 | 
 | Beams:idA                                     |                       11 |         2212                         | 
 | Beams:idB                                     |                      -11 |         2212                         | 
 | HadronLevel:Hadronize                         |                      off |           on                         | 
 | Next:numberCount                              |                    10000 |         1000           0             | 
 | PartonLevel:MPI                               |                      off |           on                         | 
 | Random:seed                                   |                        0 |           -1               900000000 | 
 | Random:setSeed                                |                       on |          off                         | 
 | WeakSingleBoson:ffbar2ffbar(s:gm)             |                       on |          off                         | 
 |                                                                                                                 | 
 *-------  End PYTHIA Flag + Mode + Parm + Word + FVec + MVec + PVec + WVec Settings  -----------------------------* 

 --------  PYTHIA Particle Data Table (changed only)  ------------------------------------------------------------------------------
 
      id   name            antiName         spn chg col      m0        mWidth      mMin       mMax       tau0    res dec ext vis wid
             no onMode   bRatio   meMode     products 

      15  tau-             tau+               2  -3   0    1.77682    0.00000    0.00000    0.00000  8.71100e-02   0   1   0   1   0
              0     1   0.0000000  103       36       13 
              1     1   0.0000293  103       36       11 

      36  x                                   1   0   0    1.50000    0.00000    0.00000    0.00000  6.58480e+01   0   1   0   0   0
              0     1   0.0000000  103       15      -15 
              1     1   1.0000000  103       13      -13 
              2     1   0.0000000  103       11      -11 
              3     1   0.0000000  103       22       22 

 --------  End PYTHIA Particle Data Table  -----------------------------------------------------------------------------------------


 --------  PYTHIA Info Listing  ---------------------------------------- 
 
 Beam A: id =     11, pz =  5.292e+00, e =  5.292e+00, m =  5.110e-04.
 Beam B: id =    -11, pz = -5.292e+00, e =  5.292e+00, m =  5.110e-04.

 In 1: id =   11, x =  9.997e-01, pdf =  9.618e+01 at Q2 =  1.117e+02.
 In 2: id =  -11, x =  9.979e-01, pdf =  1.624e+01 at same Q2.

 Subprocess f fbar -> f' fbar' (s-channel gamma*) with code 223 is 2 -> 2.
 It has sHat =  1.117e+02,    tHat = -5.903e+01,    uHat = -5.269e+01,
       pTHat =  5.275e+00,   m3Hat =  1.057e-01,   m4Hat =  1.057e-01,
    thetaHat =  1.628e+00,  phiHat =  4.071e+00.
     alphaEM =  7.631e-03,  alphaS =  1.975e-01    at Q2 =  1.117e+02.

 Impact parameter b =  0.000e+00 gives enhancement factor =  1.000e+00.
 Max pT scale for MPI =  1.058e+01, ISR =  1.058e+01, FSR =  1.058e+01.
 Number of MPI =     1, ISR =     2, FSRproc =     0, FSRreson =     0.

 --------  End PYTHIA Info Listing  ------------------------------------

 --------  PYTHIA Event Listing  (hard process)  -----------------------------------------------------------------------------------
 
    no         id  name            status     mothers   daughters     colours      p_x        p_y        p_z         e          m 
     0         90  (system)           -11     0     0     0     0     0     0      0.000      0.000      3.000     11.000     10.583
     1         11  (e-)               -12     0     0     3     0     0     0      0.000      0.000      7.000      7.000      0.001
     2        -11  (e+)               -12     0     0     4     0     0     0      0.000      0.000     -4.000      4.000      0.001
     3         11  (e-)               -21     1     0     5     6     0     0      0.000      0.000      6.998      6.998      0.000
     4        -11  (e+)               -21     2     0     5     6     0     0      0.000      0.000     -3.992      3.992      0.000
     5         13  mu-                 23     3     4     0     0     0     0     -3.158     -4.226      1.191      5.409      0.106
     6        -13  mu+                 23     3     4     0     0     0     0      3.158      4.226      1.815      5.580      0.106
                                   Charge sum:  0.000           Momentum sum:      0.000      0.000      3.006     10.989     10.570

 --------  End PYTHIA Event Listing  -----------------------------------------------------------------------------------------------

 --------  PYTHIA Event Listing  (complete event)  ---------------------------------------------------------------------------------
 
    no         id  name            status     mothers   daughters     colours      p_x        p_y        p_z         e          m 
     0         90  (system)           -11     0     0     0     0     0     0      0.000      0.000      3.000     11.000     10.583
     1         11  (e-)               -12     0     0    18     0     0     0      0.000      0.000      7.000      7.000      0.001
     2        -11  (e+)               -12     0     0    19     0     0     0      0.000      0.000     -4.000      4.000      0.001
     3         11  (e-)               -21     7     7     5     6     0     0      0.000      0.000      6.998      6.998      0.000
     4        -11  (e+)               -21     8     0     5     6     0     0      0.000      0.000     -3.992      3.992      0.000
     5         13  (mu-)              -23     3     4     9     9     0     0     -3.158     -4.226      1.191      5.409      0.106
     6        -13  (mu+)              -23     3     4    10    10     0     0      3.158      4.226      1.815      5.580      0.106
     7         11  (e-)               -42    12     0     3     3     0     0     -0.000     -0.000      6.998      6.998      0.000
     8        -11  (e+)               -41    13    13    11     4     0     0      0.000      0.000     -4.000      4.000      0.000
     9         13  (mu-)              -44     5     5    14    14     0     0     -3.157     -4.222      1.185      5.404      0.106
    10        -13  (mu+)              -44     6     6    15    15     0     0      3.159      4.229      1.818      5.584      0.106
    11         22  (gamma)            -43     8     0    16    16     0     0     -0.002     -0.007     -0.006      0.009      0.000
    12         11  (e-)               -41    18    18    17     7     0     0      0.000      0.000      7.000      7.000      0.000
    13        -11  (e+)               -42    19    19     8     8     0     0      0.000      0.000     -4.000      4.000      0.000
    14         13  (mu-)              -44     9     9    20    20     0     0     -3.156     -4.222      1.187      5.404      0.106
    15        -13  (mu+)              -44    10    10    21    21     0     0      3.160      4.230      1.818      5.585      0.106
    16         22  (gamma)            -44    11    11    22    22     0     0     -0.002     -0.007     -0.006      0.009      0.000
    17         22  (gamma)            -43    12     0    23    23     0     0     -0.001     -0.001      0.001      0.002      0.000
    18         11  (e-)               -61     1     0    12    12     0     0     -0.000      0.000      7.000      7.000      0.000
    19        -11  (e+)               -61     2     0    13    13     0     0      0.000      0.000     -4.000      4.000      0.000
    20         13  mu-                 62    14    14     0     0     0     0     -3.156     -4.222      1.187      5.404      0.106
    21        -13  mu+                 62    15    15     0     0     0     0      3.160      4.230      1.818      5.585      0.106
    22         22  gamma               62    16    16     0     0     0     0     -0.002     -0.007     -0.006      0.009      0.000
    23         22  gamma               62    17    17     0     0     0     0     -0.001     -0.001      0.001      0.002      0.000
    24         22  gamma               63     1     0     0     0     0     0      0.000      0.000      0.000      0.000      0.000
    25         22  gamma               63     2     0     0     0     0     0      0.000      0.000     -0.000      0.000      0.000
                                   Charge sum:  0.000           Momentum sum:     -0.000      0.000      3.000     11.000     10.583

 --------  End PYTHIA Event Listing  -----------------------------------------------------------------------------------------------
 PYTHIA Warning in TauDecays::decay: unknown correlated tau production, assuming from unpolarized photon  
 PYTHIA Warning in PhaseSpace2to2tauyz::trialKin: maximum for cross section violated  

 *-------  PYTHIA Event and Cross Section Statistics  -------------------------------------------------------------*
 |                                                                                                                 |
 | Subprocess                                    Code |            Number of events       |      sigma +- delta    |
 |                                                    |       Tried   Selected   Accepted |     (estimated) (mb)   |
 |                                                    |                                   |                        |
 |-----------------------------------------------------------------------------------------------------------------|
 |                                                    |                                   |                        |
 | f fbar -> f' fbar' (s-channel gamma*)          223 |      222366      10000      10000 |   6.024e-06  3.175e-08 |
 |                                                    |                                   |                        |
 | sum                                                |      222366      10000      10000 |   6.024e-06  3.175e-08 |
 |                                                                                                                 |
 *-------  End PYTHIA Event and Cross Section Statistics ----------------------------------------------------------*

 *-------  PYTHIA Error and Warning Messages Statistics  ----------------------------------------------------------* 
 |                                                                                                                 | 
 |  times   message                                                                                                | 
 |                                                                                                                 | 
 |    206   Warning in PhaseSpace2to2tauyz::trialKin: maximum for cross section violated                           | 
 |   1430   Warning in TauDecays::decay: unknown correlated tau production, assuming from unpolarized photon       | 
 |                                                                                                                 | 
 *-------  End PYTHIA Error and Warning Messages Statistics  ------------------------------------------------------* 
Gammatau2xmu: 0.000e+00

Gammatau2xe: 6.635e-17

BRtau2xmu: 0.000e+00

BRtau2xe: 2.928e-05

BRtau2xmu + BRtau2xe: 2.928e-05

produced tau excluding those daughters are also tau lepton: 2.860e+03
produced X: 2.860e+03
produced X/NMC: 2.860e-01

Proportion of X flying forward (eta>0): 6.217e-01
Proportion of X flying backward (eta<0): 3.783e-01

Total Gamma [GeV]: 2.997e-15
ctau [m]: 6.585e-02

Gammax2tautau: 0.000e+00

Gammax2mumu: 2.997e-15

Gammax2ee: 0.000e+00

Gammax2gmgm: 0.000e+00

BRx2tautau: 0.000e+00

BRx2mumu: 1.000e+00

BRx2ee: 0.000e+00

BRx2gmgm: 0.000e+00

X: insideFidVol: 1.266e+03
observedX: 1.260e+03
visibleX: 1.260e+02

X Observed Fiducial efficiency: 4.405e-01
X Visible Fiducial efficiency: 4.405e-02

reallyProduced tau: 9.200e+10
total number of tau-tau events: 4.600e+10

reallyProducedX: 9.486e+05
reallyobservedX: 4.179e+05
reallyvisibleX: 4.179e+04

