mX:  1.5
g_TE_Lamb:  1.5e-10
g_MM_Lamb:  6e-06
NMC 10000

 *-------  PYTHIA Process Initialization  --------------------------*
 |                                                                  |
 | We collide e- with e+ at a CM energy of 1.058e+01 GeV            |
 |                                                                  |
 |------------------------------------------------------------------|
 |                                                    |             |
 | Subprocess                                    Code |   Estimated |
 |                                                    |    max (mb) |
 |                                                    |             |
 |------------------------------------------------------------------|
 |                                                    |             |
 | f fbar -> f' fbar' (s-channel gamma*)          223 |   1.604e-04 |
 |                                                                  |
 *-------  End PYTHIA Process Initialization -----------------------*

 *-------  PYTHIA Flag + Mode + Parm + Word + FVec + MVec + PVec + WVec Settings (changes only)  ------------------* 
 |                                                                                                                 | 
 | Name                                          |                      Now |      Default         Min         Max | 
 |                                               |                          |                                      | 
 | Beams:eA                                      |                  7.00000 |     7000.000         0.0             | 
 | Beams:eB                                      |                  4.00000 |     7000.000         0.0             | 
 | Beams:frameType                               |                        2 |            1           1           5 | 
 | Beams:idA                                     |                       11 |         2212                         | 
 | Beams:idB                                     |                      -11 |         2212                         | 
 | HadronLevel:Hadronize                         |                      off |           on                         | 
 | Next:numberCount                              |                    10000 |         1000           0             | 
 | PartonLevel:MPI                               |                      off |           on                         | 
 | Random:seed                                   |                        0 |           -1               900000000 | 
 | Random:setSeed                                |                       on |          off                         | 
 | WeakSingleBoson:ffbar2ffbar(s:gm)             |                       on |          off                         | 
 |                                                                                                                 | 
 *-------  End PYTHIA Flag + Mode + Parm + Word + FVec + MVec + PVec + WVec Settings  -----------------------------* 

 --------  PYTHIA Particle Data Table (changed only)  ------------------------------------------------------------------------------
 
      id   name            antiName         spn chg col      m0        mWidth      mMin       mMax       tau0    res dec ext vis wid
             no onMode   bRatio   meMode     products 

      15  tau-             tau+               2  -3   0    1.77682    0.00000    0.00000    0.00000  8.71100e-02   0   1   0   1   0
              0     1   0.0000000  103       36       13 
              1     1   0.0000000  103       36       11 

      36  x                                   1   0   0    1.50000    0.00000    0.00000    0.00000  7.31645e-02   0   1   0   0   0
              0     1   0.0000000  103       15      -15 
              1     1   1.0000000  103       13      -13 
              2     1   0.0000000  103       11      -11 
              3     1   0.0000000  103       22       22 

 --------  End PYTHIA Particle Data Table  -----------------------------------------------------------------------------------------


 --------  PYTHIA Info Listing  ---------------------------------------- 
 
 Beam A: id =     11, pz =  5.292e+00, e =  5.292e+00, m =  5.110e-04.
 Beam B: id =    -11, pz = -5.292e+00, e =  5.292e+00, m =  5.110e-04.

 In 1: id =   11, x =  8.182e-01, pdf =  1.570e-01 at Q2 =  9.164e+01.
 In 2: id =  -11, x =  1.000e+00, pdf =  4.724e+06 at same Q2.

 Subprocess f fbar -> f' fbar' (s-channel gamma*) with code 223 is 2 -> 2.
 It has sHat =  9.164e+01,    tHat = -6.269e+01,    uHat = -2.894e+01,
       pTHat =  4.426e+00,   m3Hat =  5.000e-01,   m4Hat =  5.000e-01,
    thetaHat =  1.948e+00,  phiHat =  1.615e+00.
     alphaEM =  7.623e-03,  alphaS =  2.023e-01    at Q2 =  9.164e+01.

 Impact parameter b =  0.000e+00 gives enhancement factor =  1.000e+00.
 Max pT scale for MPI =  1.058e+01, ISR =  9.573e+00, FSR =  9.573e+00.
 Number of MPI =     1, ISR =     1, FSRproc =     4, FSRreson =     0.

 --------  End PYTHIA Info Listing  ------------------------------------

 --------  PYTHIA Event Listing  (hard process)  -----------------------------------------------------------------------------------
 
    no         id  name            status     mothers   daughters     colours      p_x        p_y        p_z         e          m 
     0         90  (system)           -11     0     0     0     0     0     0      0.000      0.000      3.000     11.000     10.583
     1         11  (e-)               -12     0     0     3     0     0     0      0.000      0.000      7.000      7.000      0.001
     2        -11  (e+)               -12     0     0     4     0     0     0      0.000      0.000     -4.000      4.000      0.001
     3         11  (e-)               -21     1     0     5     6     0     0      0.000      0.000      5.727      5.727      0.000
     4        -11  (e+)               -21     2     0     5     6     0     0      0.000      0.000     -4.000      4.000      0.000
     5          3  s                   23     3     4     0     0   101     0     -0.194      4.421     -0.918      4.547      0.500
     6         -3  sbar                23     3     4     0     0     0   101      0.194     -4.421      2.645      5.180      0.500
                                   Charge sum:  0.000           Momentum sum:      0.000      0.000      1.727      9.727      9.573

 --------  End PYTHIA Event Listing  -----------------------------------------------------------------------------------------------

 --------  PYTHIA Event Listing  (complete event)  ---------------------------------------------------------------------------------
 
    no         id  name            status     mothers   daughters     colours      p_x        p_y        p_z         e          m 
     0         90  (system)           -11     0     0     0     0     0     0      0.000      0.000      3.000     11.000     10.583
     1         11  (e-)               -12     0     0    28     0     0     0      0.000      0.000      7.000      7.000      0.001
     2        -11  (e+)               -12     0     0    29     0     0     0      0.000      0.000     -4.000      4.000      0.001
     3         11  (e-)               -21    19     0     5     6     0     0      0.000      0.000      5.727      5.727      0.000
     4        -11  (e+)               -21    20    20     5     6     0     0      0.000      0.000     -4.000      4.000      0.000
     5          3  (s)                -23     3     4     7     8   101     0     -0.194      4.421     -0.918      4.547      0.500
     6         -3  (sbar)             -23     3     4     9     9     0   101      0.194     -4.421      2.645      5.180      0.500
     7          3  (s)                -51     5     0    16    17   103     0      0.620      2.128      0.384      2.305      0.500
     8         21  (g)                -51     5     0    10    11   101   103     -0.804      2.066     -1.166      2.505      0.000
     9         -3  (sbar)             -52     6     6    12    12     0   101      0.184     -4.195      2.510      4.917      0.500
    10         21  (g)                -51     8     0    15    15   104   103     -1.338      1.433     -1.109      2.252      0.000
    11         21  (g)                -51     8     0    13    14   101   104      0.549      0.299      0.143      0.641      0.000
    12         -3  (sbar)             -52     9     9    22    22     0   101      0.169     -3.860      2.310      4.530      0.500
    13         21  (g)                -51    11     0    24    24   101   105      0.371      1.067     -0.314      1.172      0.000
    14         21  (g)                -51    11     0    25    25   105   104     -0.388     -0.162     -0.012      0.421      0.000
    15         21  (g)                -52    10    10    18    18   104   103     -0.772      0.827     -0.640      1.300      0.000
    16          3  (s)                -51     7     0    21    21   106     0      0.491      1.689     -0.404      1.873      0.500
    17         21  (g)                -51     7     0    26    26   103   106     -0.181      0.771      0.531      0.954      0.000
    18         21  (g)                -52    15    15    23    23   104   103     -0.462      0.495     -0.383      0.779      0.000
    19         11  (e-)               -41    28    28    27     3     0     0      0.000      0.000      7.000      7.000      0.000
    20        -11  (e+)               -42    29    29     4     4     0     0      0.000     -0.000     -4.000      4.000      0.000
    21          3  (s)                -44    16    16    30    30   106     0      0.503      1.683     -0.399      1.869      0.500
    22         -3  (sbar)             -44    12    12    31    31     0   101      0.224     -3.890      2.295      4.549      0.500
    23         21  (g)                -44    18    18    32    32   104   103     -0.459      0.494     -0.377      0.772      0.000
    24         21  (g)                -44    13    13    33    33   101   105      0.378      1.063     -0.312      1.171      0.000
    25         21  (g)                -44    14    14    34    34   105   104     -0.385     -0.164     -0.010      0.418      0.000
    26         21  (g)                -44    17    17    35    35   103   106     -0.169      0.765      0.536      0.949      0.000
    27         22  (gamma)            -43    19     0    36    36     0     0     -0.093      0.049      1.267      1.271      0.000
    28         11  (e-)               -61     1     0    19    19     0     0     -0.000     -0.000      7.000      7.000      0.000
    29        -11  (e+)               -61     2     0    20    20     0     0     -0.000      0.000     -4.000      4.000      0.000
    30          3  s                   62    21    21     0     0   106     0      0.503      1.683     -0.399      1.869      0.500
    31         -3  sbar                62    22    22     0     0     0   101      0.224     -3.890      2.295      4.549      0.500
    32         21  g                   62    23    23     0     0   104   103     -0.459      0.494     -0.377      0.772      0.000
    33         21  g                   62    24    24     0     0   101   105      0.378      1.063     -0.312      1.171      0.000
    34         21  g                   62    25    25     0     0   105   104     -0.385     -0.164     -0.010      0.418      0.000
    35         21  g                   62    26    26     0     0   103   106     -0.169      0.765      0.536      0.949      0.000
    36         22  gamma               62    27    27     0     0     0     0     -0.093      0.049      1.267      1.271      0.000
    37         22  gamma               63     1     0     0     0     0     0      0.000      0.000      0.000      0.000      0.000
    38         22  gamma               63     2     0     0     0     0     0      0.000      0.000     -0.000      0.000      0.000
                                   Charge sum:  0.000           Momentum sum:      0.000     -0.000      3.000     11.000     10.583

 --------  End PYTHIA Event Listing  -----------------------------------------------------------------------------------------------
 PYTHIA Warning in TauDecays::decay: unknown correlated tau production, assuming from unpolarized photon  

 *-------  PYTHIA Event and Cross Section Statistics  -------------------------------------------------------------*
 |                                                                                                                 |
 | Subprocess                                    Code |            Number of events       |      sigma +- delta    |
 |                                                    |       Tried   Selected   Accepted |     (estimated) (mb)   |
 |                                                    |                                   |                        |
 |-----------------------------------------------------------------------------------------------------------------|
 |                                                    |                                   |                        |
 | f fbar -> f' fbar' (s-channel gamma*)          223 |      266016      10000      10000 |   6.000e-06  2.839e-08 |
 |                                                    |                                   |                        |
 | sum                                                |      266016      10000      10000 |   6.000e-06  2.839e-08 |
 |                                                                                                                 |
 *-------  End PYTHIA Event and Cross Section Statistics ----------------------------------------------------------*

 *-------  PYTHIA Error and Warning Messages Statistics  ----------------------------------------------------------* 
 |                                                                                                                 | 
 |  times   message                                                                                                | 
 |                                                                                                                 | 
 |   1487   Warning in TauDecays::decay: unknown correlated tau production, assuming from unpolarized photon       | 
 |                                                                                                                 | 
 *-------  End PYTHIA Error and Warning Messages Statistics  ------------------------------------------------------* 
Gammatau2xmu: 0.000e+00

Gammatau2xe: 4.147e-22

BRtau2xmu: 0.000e+00

BRtau2xe: 1.830e-10

BRtau2xmu + BRtau2xe: 1.830e-10

produced tau excluding those daughters are also tau lepton: 2.974e+03
produced X: 2.974e+03
produced X/NMC: 2.974e-01

Proportion of X flying forward (eta>0): 6.143e-01
Proportion of X flying backward (eta<0): 3.857e-01

Total Gamma [GeV]: 2.697e-12
ctau [m]: 7.316e-05

Gammax2tautau: 0.000e+00

Gammax2mumu: 2.697e-12

Gammax2ee: 0.000e+00

Gammax2gmgm: 0.000e+00

BRx2tautau: 0.000e+00

BRx2mumu: 1.000e+00

BRx2ee: 0.000e+00

BRx2gmgm: 0.000e+00

X: insideFidVol: 0.000e+00
observedX: 1.220e-177
visibleX: 1.220e-178

X Observed Fiducial efficiency: 4.104e-181
X Visible Fiducial efficiency: 4.104e-182

reallyProduced tau: 9.200e+10
total number of tau-tau events: 4.600e+10

reallyProducedX: 5.929e+00
reallyobservedX: 2.433e-180
reallyvisibleX: 2.433e-181

