mX:  1.5
g_TE_Lamb:  4e-10
g_MM_Lamb:  1.5e-06
NMC 10000

 *-------  PYTHIA Process Initialization  --------------------------*
 |                                                                  |
 | We collide e- with e+ at a CM energy of 1.058e+01 GeV            |
 |                                                                  |
 |------------------------------------------------------------------|
 |                                                    |             |
 | Subprocess                                    Code |   Estimated |
 |                                                    |    max (mb) |
 |                                                    |             |
 |------------------------------------------------------------------|
 |                                                    |             |
 | f fbar -> f' fbar' (s-channel gamma*)          223 |   1.620e-04 |
 |                                                                  |
 *-------  End PYTHIA Process Initialization -----------------------*

 *-------  PYTHIA Flag + Mode + Parm + Word + FVec + MVec + PVec + WVec Settings (changes only)  ------------------* 
 |                                                                                                                 | 
 | Name                                          |                      Now |      Default         Min         Max | 
 |                                               |                          |                                      | 
 | Beams:eA                                      |                  7.00000 |     7000.000         0.0             | 
 | Beams:eB                                      |                  4.00000 |     7000.000         0.0             | 
 | Beams:frameType                               |                        2 |            1           1           5 | 
 | Beams:idA                                     |                       11 |         2212                         | 
 | Beams:idB                                     |                      -11 |         2212                         | 
 | HadronLevel:Hadronize                         |                      off |           on                         | 
 | Next:numberCount                              |                    10000 |         1000           0             | 
 | PartonLevel:MPI                               |                      off |           on                         | 
 | Random:seed                                   |                        0 |           -1               900000000 | 
 | Random:setSeed                                |                       on |          off                         | 
 | WeakSingleBoson:ffbar2ffbar(s:gm)             |                       on |          off                         | 
 |                                                                                                                 | 
 *-------  End PYTHIA Flag + Mode + Parm + Word + FVec + MVec + PVec + WVec Settings  -----------------------------* 

 --------  PYTHIA Particle Data Table (changed only)  ------------------------------------------------------------------------------
 
      id   name            antiName         spn chg col      m0        mWidth      mMin       mMax       tau0    res dec ext vis wid
             no onMode   bRatio   meMode     products 

      15  tau-             tau+               2  -3   0    1.77682    0.00000    0.00000    0.00000  8.71100e-02   0   1   0   1   0
              0     1   0.0000000  103       36       13 
              1     1   0.0000000  103       36       11 

      36  x                                   1   0   0    1.50000    0.00000    0.00000    0.00000  1.17063e+00   0   1   0   0   0
              0     1   0.0000000  103       15      -15 
              1     1   1.0000000  103       13      -13 
              2     1   0.0000000  103       11      -11 
              3     1   0.0000000  103       22       22 

 --------  End PYTHIA Particle Data Table  -----------------------------------------------------------------------------------------


 --------  PYTHIA Info Listing  ---------------------------------------- 
 
 Beam A: id =     11, pz =  5.292e+00, e =  5.292e+00, m =  5.110e-04.
 Beam B: id =    -11, pz = -5.292e+00, e =  5.292e+00, m =  5.110e-04.

 In 1: id =   11, x =  8.856e-01, pdf =  2.836e-01 at Q2 =  9.777e+01.
 In 2: id =  -11, x =  9.857e-01, pdf =  2.545e+00 at same Q2.

 Subprocess f fbar -> f' fbar' (s-channel gamma*) with code 223 is 2 -> 2.
 It has sHat =  9.777e+01,    tHat = -6.638e+01,    uHat = -3.139e+01,
       pTHat =  4.593e+00,   m3Hat =  5.000e-01,   m4Hat =  5.000e-01,
    thetaHat =  1.937e+00,  phiHat =  2.905e+00.
     alphaEM =  7.625e-03,  alphaS =  2.007e-01    at Q2 =  9.777e+01.

 Impact parameter b =  0.000e+00 gives enhancement factor =  1.000e+00.
 Max pT scale for MPI =  1.058e+01, ISR =  9.888e+00, FSR =  9.888e+00.
 Number of MPI =     1, ISR =     4, FSRproc =     2, FSRreson =     0.

 --------  End PYTHIA Info Listing  ------------------------------------

 --------  PYTHIA Event Listing  (hard process)  -----------------------------------------------------------------------------------
 
    no         id  name            status     mothers   daughters     colours      p_x        p_y        p_z         e          m 
     0         90  (system)           -11     0     0     0     0     0     0      0.000      0.000      3.000     11.000     10.583
     1         11  (e-)               -12     0     0     3     0     0     0      0.000      0.000      7.000      7.000      0.001
     2        -11  (e+)               -12     0     0     4     0     0     0      0.000      0.000     -4.000      4.000      0.001
     3         11  (e-)               -21     1     0     5     6     0     0      0.000      0.000      6.199      6.199      0.000
     4        -11  (e+)               -21     2     0     5     6     0     0      0.000      0.000     -3.943      3.943      0.000
     5          3  s                   23     3     4     0     0   101     0     -4.465      1.077     -0.677      4.669      0.500
     6         -3  sbar                23     3     4     0     0     0   101      4.465     -1.077      2.934      5.473      0.500
                                   Charge sum:  0.000           Momentum sum:      0.000      0.000      2.257     10.142      9.888

 --------  End PYTHIA Event Listing  -----------------------------------------------------------------------------------------------

 --------  PYTHIA Event Listing  (complete event)  ---------------------------------------------------------------------------------
 
    no         id  name            status     mothers   daughters     colours      p_x        p_y        p_z         e          m 
     0         90  (system)           -11     0     0     0     0     0     0      0.000      0.000      3.000     11.000     10.583
     1         11  (e-)               -12     0     0    47     0     0     0      0.000      0.000      7.000      7.000      0.001
     2        -11  (e+)               -12     0     0    48     0     0     0      0.000      0.000     -4.000      4.000      0.001
     3         11  (e-)               -21    13    13     5     6     0     0      0.000      0.000      6.199      6.199      0.000
     4        -11  (e+)               -21    14     0     5     6     0     0      0.000      0.000     -3.943      3.943      0.000
     5          3  (s)                -23     3     4     7     8   101     0     -4.465      1.077     -0.677      4.669      0.500
     6         -3  (sbar)             -23     3     4     9     9     0   101      4.465     -1.077      2.934      5.473      0.500
     7          3  (s)                -51     5     0    15    15   103     0     -4.181      0.401     -0.874      4.319      0.500
     8         21  (g)                -51     5     0    12    12   101   103      0.022      0.602      0.397      0.721      0.000
     9         -3  (sbar)             -52     6     6    10    11     0   101      4.159     -1.003      2.734      5.102      0.500
    10         -3  (sbar)             -51     9     0    16    16     0   104      4.104     -1.000      2.897      5.146      0.500
    11         21  (g)                -51     9     0    18    18   104   101      0.064      0.245      0.000      0.253      0.000
    12         21  (g)                -52     8     8    17    17   101   103      0.013      0.354      0.233      0.424      0.000
    13         11  (e-)               -42    20     0     3     3     0     0      0.000     -0.000      6.199      6.199      0.000
    14        -11  (e+)               -41    21    21    19     4     0     0     -0.000      0.000     -3.959      3.959      0.000
    15          3  (s)                -44     7     7    22    22   103     0     -4.193      0.404     -0.869      4.330      0.500
    16         -3  (sbar)             -44    10    10    23    23     0   104      4.099     -0.998      2.882      5.133      0.500
    17         21  (g)                -44    12    12    24    24   101   103      0.013      0.354      0.233      0.424      0.000
    18         21  (g)                -44    11    11    25    25   104   101      0.064      0.245     -0.000      0.253      0.000
    19         22  (gamma)            -43    14     0    26    26     0     0      0.017     -0.005     -0.005      0.019      0.000
    20         11  (e-)               -41    28    28    27    13     0     0      0.000      0.000      7.000      7.000      0.000
    21        -11  (e+)               -42    29     0    14    14     0     0      0.000      0.000     -3.959      3.959      0.000
    22          3  (s)                -44    15    15    30    30   103     0     -4.191      0.407     -0.868      4.328      0.500
    23         -3  (sbar)             -44    16    16    31    31     0   104      4.102     -0.992      2.881      5.134      0.500
    24         21  (g)                -44    17    17    32    32   101   103      0.013      0.354      0.233      0.424      0.000
    25         21  (g)                -44    18    18    33    33   104   101      0.064      0.245     -0.000      0.253      0.000
    26         22  (gamma)            -44    19    19    34    34     0     0      0.017     -0.005     -0.005      0.019      0.000
    27         22  (gamma)            -43    20     0    35    35     0     0     -0.005     -0.009      0.800      0.801      0.000
    28         11  (e-)               -42    37    37    20    20     0     0      0.000      0.000      7.000      7.000      0.000
    29        -11  (e+)               -41    38     0    36    21     0     0     -0.000     -0.000     -3.962      3.962      0.000
    30          3  (s)                -44    22    22    39    39   103     0     -4.191      0.408     -0.868      4.328      0.500
    31         -3  (sbar)             -44    23    23    40    40     0   104      4.102     -0.992      2.881      5.134      0.500
    32         21  (g)                -44    24    24    41    41   101   103      0.013      0.354      0.233      0.424      0.000
    33         21  (g)                -44    25    25    42    42   104   101      0.064      0.245     -0.000      0.253      0.000
    34         22  (gamma)            -44    26    26    43    43     0     0      0.017     -0.005     -0.005      0.019      0.000
    35         22  (gamma)            -44    27    27    44    44     0     0     -0.005     -0.009      0.800      0.800      0.000
    36         22  (gamma)            -43    29     0    45    45     0     0     -0.001     -0.002     -0.002      0.003      0.000
    37         11  (e-)               -42    47    47    28    28     0     0     -0.000      0.000      7.000      7.000      0.000
    38        -11  (e+)               -41    48    48    46    29     0     0      0.000     -0.000     -4.000      4.000      0.000
    39          3  (s)                -44    30    30    49    49   103     0     -4.191      0.409     -0.868      4.329      0.500
    40         -3  (sbar)             -44    31    31    50    50     0   104      4.102     -0.991      2.880      5.134      0.500
    41         21  (g)                -44    32    32    51    51   101   103      0.013      0.355      0.233      0.424      0.000
    42         21  (g)                -44    33    33    52    52   104   101      0.064      0.245     -0.000      0.253      0.000
    43         22  (gamma)            -44    34    34    53    53     0     0      0.017     -0.005     -0.005      0.019      0.000
    44         22  (gamma)            -44    35    35    54    54     0     0     -0.005     -0.009      0.800      0.800      0.000
    45         22  (gamma)            -44    36    36    55    55     0     0     -0.001     -0.002     -0.002      0.003      0.000
    46         22  (gamma)            -43    38     0    56    56     0     0      0.001     -0.001     -0.038      0.038      0.000
    47         11  (e-)               -61     1     0    37    37     0     0     -0.000     -0.000      7.000      7.000      0.000
    48        -11  (e+)               -61     2     0    38    38     0     0      0.000      0.000     -4.000      4.000      0.000
    49          3  s                   62    39    39     0     0   103     0     -4.191      0.409     -0.868      4.329      0.500
    50         -3  sbar                62    40    40     0     0     0   104      4.102     -0.991      2.880      5.134      0.500
    51         21  g                   62    41    41     0     0   101   103      0.013      0.355      0.233      0.424      0.000
    52         21  g                   62    42    42     0     0   104   101      0.064      0.245     -0.000      0.253      0.000
    53         22  gamma               62    43    43     0     0     0     0      0.017     -0.005     -0.005      0.019      0.000
    54         22  gamma               62    44    44     0     0     0     0     -0.005     -0.009      0.800      0.800      0.000
    55         22  gamma               62    45    45     0     0     0     0     -0.001     -0.002     -0.002      0.003      0.000
    56         22  gamma               62    46    46     0     0     0     0      0.001     -0.001     -0.038      0.038      0.000
    57         22  gamma               63     1     0     0     0     0     0      0.000      0.000      0.000      0.000      0.000
    58         22  gamma               63     2     0     0     0     0     0      0.000      0.000     -0.000      0.000      0.000
                                   Charge sum:  0.000           Momentum sum:      0.000     -0.000      3.000     11.000     10.583

 --------  End PYTHIA Event Listing  -----------------------------------------------------------------------------------------------
 PYTHIA Warning in TauDecays::decay: unknown correlated tau production, assuming from unpolarized photon  

 *-------  PYTHIA Event and Cross Section Statistics  -------------------------------------------------------------*
 |                                                                                                                 |
 | Subprocess                                    Code |            Number of events       |      sigma +- delta    |
 |                                                    |       Tried   Selected   Accepted |     (estimated) (mb)   |
 |                                                    |                                   |                        |
 |-----------------------------------------------------------------------------------------------------------------|
 |                                                    |                                   |                        |
 | f fbar -> f' fbar' (s-channel gamma*)          223 |      270461      10000      10000 |   5.994e-06  2.882e-08 |
 |                                                    |                                   |                        |
 | sum                                                |      270461      10000      10000 |   5.994e-06  2.882e-08 |
 |                                                                                                                 |
 *-------  End PYTHIA Event and Cross Section Statistics ----------------------------------------------------------*

 *-------  PYTHIA Error and Warning Messages Statistics  ----------------------------------------------------------* 
 |                                                                                                                 | 
 |  times   message                                                                                                | 
 |                                                                                                                 | 
 |   1418   Warning in TauDecays::decay: unknown correlated tau production, assuming from unpolarized photon       | 
 |                                                                                                                 | 
 *-------  End PYTHIA Error and Warning Messages Statistics  ------------------------------------------------------* 
Gammatau2xmu: 0.000e+00

Gammatau2xe: 2.949e-21

BRtau2xmu: 0.000e+00

BRtau2xe: 1.302e-09

BRtau2xmu + BRtau2xe: 1.302e-09

produced tau excluding those daughters are also tau lepton: 2.836e+03
produced X: 2.836e+03
produced X/NMC: 2.836e-01

Proportion of X flying forward (eta>0): 6.174e-01
Proportion of X flying backward (eta<0): 3.826e-01

Total Gamma [GeV]: 1.686e-13
ctau [m]: 1.171e-03

Gammax2tautau: 0.000e+00

Gammax2mumu: 1.686e-13

Gammax2ee: 0.000e+00

Gammax2gmgm: 0.000e+00

BRx2tautau: 0.000e+00

BRx2mumu: 1.000e+00

BRx2ee: 0.000e+00

BRx2gmgm: 0.000e+00

X: insideFidVol: 0.000e+00
observedX: 4.567e-10
visibleX: 4.567e-11

X Observed Fiducial efficiency: 1.610e-13
X Visible Fiducial efficiency: 1.610e-14

reallyProduced tau: 9.200e+10
total number of tau-tau events: 4.600e+10

reallyProducedX: 4.216e+01
reallyobservedX: 6.789e-12
reallyvisibleX: 6.789e-13

