mX:  1.22414
g_TE_Lamb:  3e-09
g_MM_Lamb:  3e-09
NMC 10000

 *-------  PYTHIA Process Initialization  --------------------------*
 |                                                                  |
 | We collide e- with e+ at a CM energy of 1.058e+01 GeV            |
 |                                                                  |
 |------------------------------------------------------------------|
 |                                                    |             |
 | Subprocess                                    Code |   Estimated |
 |                                                    |    max (mb) |
 |                                                    |             |
 |------------------------------------------------------------------|
 |                                                    |             |
 | f fbar -> f' fbar' (s-channel gamma*)          223 |   1.524e-04 |
 |                                                                  |
 *-------  End PYTHIA Process Initialization -----------------------*

 *-------  PYTHIA Flag + Mode + Parm + Word + FVec + MVec + PVec + WVec Settings (changes only)  ------------------* 
 |                                                                                                                 | 
 | Name                                          |                      Now |      Default         Min         Max | 
 |                                               |                          |                                      | 
 | Beams:eA                                      |                  7.00000 |     7000.000         0.0             | 
 | Beams:eB                                      |                  4.00000 |     7000.000         0.0             | 
 | Beams:frameType                               |                        2 |            1           1           5 | 
 | Beams:idA                                     |                       11 |         2212                         | 
 | Beams:idB                                     |                      -11 |         2212                         | 
 | HadronLevel:Hadronize                         |                      off |           on                         | 
 | Next:numberCount                              |                    10000 |         1000           0             | 
 | PartonLevel:MPI                               |                      off |           on                         | 
 | Random:seed                                   |                        0 |           -1               900000000 | 
 | Random:setSeed                                |                       on |          off                         | 
 | WeakSingleBoson:ffbar2ffbar(s:gm)             |                       on |          off                         | 
 |                                                                                                                 | 
 *-------  End PYTHIA Flag + Mode + Parm + Word + FVec + MVec + PVec + WVec Settings  -----------------------------* 

 --------  PYTHIA Particle Data Table (changed only)  ------------------------------------------------------------------------------
 
      id   name            antiName         spn chg col      m0        mWidth      mMin       mMax       tau0    res dec ext vis wid
             no onMode   bRatio   meMode     products 

      15  tau-             tau+               2  -3   0    1.77682    0.00000    0.00000    0.00000  8.71100e-02   0   1   0   1   0
              0     1   0.0000000  103       36       13 
              1     1   0.0000002  103       36       11 

      36  x                                   1   0   0    1.22414    0.00000    0.00000    0.00000  4.41670e+05   0   1   0   0   0
              0     1   0.0000000  103       15      -15 
              1     1   1.0000000  103       13      -13 
              2     1   0.0000000  103       11      -11 
              3     1   0.0000000  103       22       22 

 --------  End PYTHIA Particle Data Table  -----------------------------------------------------------------------------------------


 --------  PYTHIA Info Listing  ---------------------------------------- 
 
 Beam A: id =     11, pz =  5.292e+00, e =  5.292e+00, m =  5.110e-04.
 Beam B: id =    -11, pz = -5.292e+00, e =  5.292e+00, m =  5.110e-04.

 In 1: id =   11, x =  1.000e+00, pdf =  1.662e+07 at Q2 =  1.120e+02.
 In 2: id =  -11, x =  1.000e+00, pdf =  7.114e+06 at same Q2.

 Subprocess f fbar -> f' fbar' (s-channel gamma*) with code 223 is 2 -> 2.
 It has sHat =  1.120e+02,    tHat = -6.437e+01,    uHat = -4.763e+01,
       pTHat =  5.017e+00,   m3Hat =  1.500e+00,   m4Hat =  1.500e+00,
    thetaHat =  1.721e+00,  phiHat =  3.513e+00.
     alphaEM =  7.631e-03,  alphaS =  1.975e-01    at Q2 =  1.120e+02.

 Impact parameter b =  0.000e+00 gives enhancement factor =  1.000e+00.
 Max pT scale for MPI =  1.058e+01, ISR =  1.058e+01, FSR =  1.058e+01.
 Number of MPI =     1, ISR =     0, FSRproc =     4, FSRreson =     0.

 --------  End PYTHIA Info Listing  ------------------------------------

 --------  PYTHIA Event Listing  (hard process)  -----------------------------------------------------------------------------------
 
    no         id  name            status     mothers   daughters     colours      p_x        p_y        p_z         e          m 
     0         90  (system)           -11     0     0     0     0     0     0      0.000      0.000      3.000     11.000     10.583
     1         11  (e-)               -12     0     0     3     0     0     0      0.000      0.000      7.000      7.000      0.001
     2        -11  (e+)               -12     0     0     4     0     0     0      0.000      0.000     -4.000      4.000      0.001
     3         11  (e-)               -21     1     0     5     6     0     0      0.000      0.000      7.000      7.000      0.000
     4        -11  (e+)               -21     2     0     5     6     0     0      0.000      0.000     -4.000      4.000      0.000
     5          4  c                   23     3     4     0     0   101     0     -4.675     -1.822      0.711      5.285      1.500
     6         -4  cbar                23     3     4     0     0     0   101      4.675      1.822      2.289      5.715      1.500
                                   Charge sum:  0.000           Momentum sum:      0.000      0.000      3.000     11.000     10.583

 --------  End PYTHIA Event Listing  -----------------------------------------------------------------------------------------------

 --------  PYTHIA Event Listing  (complete event)  ---------------------------------------------------------------------------------
 
    no         id  name            status     mothers   daughters     colours      p_x        p_y        p_z         e          m 
     0         90  (system)           -11     0     0     0     0     0     0      0.000      0.000      3.000     11.000     10.583
     1         11  (e-)               -12     0     0    19     0     0     0      0.000      0.000      7.000      7.000      0.001
     2        -11  (e+)               -12     0     0    20     0     0     0      0.000      0.000     -4.000      4.000      0.001
     3         11  (e-)               -21    19    19     5     6     0     0      0.000      0.000      7.000      7.000      0.000
     4        -11  (e+)               -21    20    20     5     6     0     0      0.000      0.000     -4.000      4.000      0.000
     5          4  (c)                -23     3     4     9     9   101     0     -4.675     -1.822      0.711      5.285      1.500
     6         -4  (cbar)             -23     3     4     7     8     0   101      4.675      1.822      2.289      5.715      1.500
     7         -4  (cbar)             -51     6     0    22    22     0   103      1.856      1.614     -0.097      2.883      1.500
     8         21  (g)                -51     6     0    10    11   103   101      2.304      0.007      2.450      3.363      0.000
     9          4  (c)                -52     5     5    12    12   101     0     -4.160     -1.621      0.647      4.754      1.500
    10         21  (g)                -51     8     0    13    14   103   104      1.813      0.575      0.474      1.961      0.000
    11         21  (g)                -51     8     0    15    15   104   101     -0.373     -0.886      2.052      2.266      0.000
    12          4  (c)                -52     9     9    21    21   101     0     -3.296     -1.303      0.571      3.891      1.500
    13         21  (g)                -51    10     0    23    23   103   105      0.292      0.095     -0.398      0.503      0.000
    14         21  (g)                -51    10     0    18    18   105   104      1.433      0.272      1.356      1.992      0.000
    15         21  (g)                -52    11    11    16    17   104   101     -0.285     -0.677      1.568      1.732      0.000
    16         21  (g)                -51    15     0    24    24   106   101      0.774      0.211      1.280      1.511      0.000
    17         21  (g)                -51    15     0    26    26   104   106     -0.289     -0.743      1.017      1.292      0.000
    18         21  (g)                -52    14    14    25    25   105   104      0.663      0.126      0.627      0.921      0.000
    19         11  (e-)               -61     1     0     3     3     0     0      0.000      0.000      7.000      7.000      0.000
    20        -11  (e+)               -61     2     0     4     4     0     0      0.000      0.000     -4.000      4.000      0.000
    21          4  c                   62    12    12     0     0   101     0     -3.296     -1.303      0.571      3.891      1.500
    22         -4  cbar                62     7     7     0     0     0   103      1.856      1.614     -0.097      2.883      1.500
    23         21  g                   62    13    13     0     0   103   105      0.292      0.095     -0.398      0.503      0.000
    24         21  g                   62    16    16     0     0   106   101      0.774      0.211      1.280      1.511      0.000
    25         21  g                   62    18    18     0     0   105   104      0.663      0.126      0.627      0.921      0.000
    26         21  g                   62    17    17     0     0   104   106     -0.289     -0.743      1.017      1.292      0.000
    27         22  gamma               63     1     0     0     0     0     0      0.000      0.000      0.000      0.000      0.000
    28         22  gamma               63     2     0     0     0     0     0      0.000      0.000     -0.000      0.000      0.000
                                   Charge sum:  0.000           Momentum sum:     -0.000     -0.000      3.000     11.000     10.583

 --------  End PYTHIA Event Listing  -----------------------------------------------------------------------------------------------
 PYTHIA Warning in TauDecays::decay: unknown correlated tau production, assuming from unpolarized photon  
 PYTHIA Warning in PhaseSpace2to2tauyz::trialKin: maximum for cross section violated  

 *-------  PYTHIA Event and Cross Section Statistics  -------------------------------------------------------------*
 |                                                                                                                 |
 | Subprocess                                    Code |            Number of events       |      sigma +- delta    |
 |                                                    |       Tried   Selected   Accepted |     (estimated) (mb)   |
 |                                                    |                                   |                        |
 |-----------------------------------------------------------------------------------------------------------------|
 |                                                    |                                   |                        |
 | f fbar -> f' fbar' (s-channel gamma*)          223 |      254847      10000      10000 |   5.991e-06  2.888e-08 |
 |                                                    |                                   |                        |
 | sum                                                |      254847      10000      10000 |   5.991e-06  2.888e-08 |
 |                                                                                                                 |
 *-------  End PYTHIA Event and Cross Section Statistics ----------------------------------------------------------*

 *-------  PYTHIA Error and Warning Messages Statistics  ----------------------------------------------------------* 
 |                                                                                                                 | 
 |  times   message                                                                                                | 
 |                                                                                                                 | 
 |      7   Warning in PhaseSpace2to2tauyz::trialKin: maximum for cross section violated                           | 
 |   1465   Warning in TauDecays::decay: unknown correlated tau production, assuming from unpolarized photon       | 
 |                                                                                                                 | 
 *-------  End PYTHIA Error and Warning Messages Statistics  ------------------------------------------------------* 
Gammatau2xmu: 0.000e+00

Gammatau2xe: 5.545e-19

BRtau2xmu: 0.000e+00

BRtau2xe: 2.447e-07

produced tau excluding those daughters are also tau lepton: 2.930e+03
produced X: 2.930e+03
produced X/NMC: 2.930e-01

Proportion of X flying forward (eta>0): 6.239e-01
Proportion of X flying backward (eta<0): 3.761e-01

Total Gamma [GeV]: 4.468e-19
ctau [m]: 4.417e+02

Gammax2tautau: 0.000e+00

Gammax2mumu: 4.468e-19

Gammax2ee: 0.000e+00

Gammax2gmgm: 0.000e+00

BRx2tautau: 0.000e+00

BRx2mumu: 1.000e+00

BRx2ee: 0.000e+00

BRx2gmgm: 0.000e+00

X: insideFidVol: 1.000e+00
observedX: 1.863e+00
visibleX: 1.863e-01

X Observed Fiducial efficiency: 6.360e-04
X Visible Fiducial efficiency: 6.360e-05

reallyProduced tau: 9.200e+10
total number of tau-tau events: 4.600e+10

reallyProducedX: 7.927e+03
reallyobservedX: 5.042e+00
reallyvisibleX: 5.042e-01

