mX:  0.643103
g_TE_Lamb:  4e-08
g_MM_Lamb:  4e-08
NMC 10000

 *-------  PYTHIA Process Initialization  --------------------------*
 |                                                                  |
 | We collide e- with e+ at a CM energy of 1.058e+01 GeV            |
 |                                                                  |
 |------------------------------------------------------------------|
 |                                                    |             |
 | Subprocess                                    Code |   Estimated |
 |                                                    |    max (mb) |
 |                                                    |             |
 |------------------------------------------------------------------|
 |                                                    |             |
 | f fbar -> f' fbar' (s-channel gamma*)          223 |   1.593e-04 |
 |                                                                  |
 *-------  End PYTHIA Process Initialization -----------------------*

 *-------  PYTHIA Flag + Mode + Parm + Word + FVec + MVec + PVec + WVec Settings (changes only)  ------------------* 
 |                                                                                                                 | 
 | Name                                          |                      Now |      Default         Min         Max | 
 |                                               |                          |                                      | 
 | Beams:eA                                      |                  7.00000 |     7000.000         0.0             | 
 | Beams:eB                                      |                  4.00000 |     7000.000         0.0             | 
 | Beams:frameType                               |                        2 |            1           1           5 | 
 | Beams:idA                                     |                       11 |         2212                         | 
 | Beams:idB                                     |                      -11 |         2212                         | 
 | HadronLevel:Hadronize                         |                      off |           on                         | 
 | Next:numberCount                              |                    10000 |         1000           0             | 
 | PartonLevel:MPI                               |                      off |           on                         | 
 | Random:seed                                   |                        0 |           -1               900000000 | 
 | Random:setSeed                                |                       on |          off                         | 
 | WeakSingleBoson:ffbar2ffbar(s:gm)             |                       on |          off                         | 
 |                                                                                                                 | 
 *-------  End PYTHIA Flag + Mode + Parm + Word + FVec + MVec + PVec + WVec Settings  -----------------------------* 

 --------  PYTHIA Particle Data Table (changed only)  ------------------------------------------------------------------------------
 
      id   name            antiName         spn chg col      m0        mWidth      mMin       mMax       tau0    res dec ext vis wid
             no onMode   bRatio   meMode     products 

      15  tau-             tau+               2  -3   0    1.77682    0.00000    0.00000    0.00000  8.71100e-02   0   1   0   1   0
              0     1   0.0000000  103       36       13 
              1     1   0.0001190  103       36       11 

      36  x                                   1   0   0    0.64310    0.00000    0.00000    0.00000  9.38774e+03   0   1   0   0   0
              0     1   0.0000000  103       15      -15 
              1     1   1.0000000  103       13      -13 
              2     1   0.0000000  103       11      -11 
              3     1   0.0000000  103       22       22 

 --------  End PYTHIA Particle Data Table  -----------------------------------------------------------------------------------------


 --------  PYTHIA Info Listing  ---------------------------------------- 
 
 Beam A: id =     11, pz =  5.292e+00, e =  5.292e+00, m =  5.110e-04.
 Beam B: id =    -11, pz = -5.292e+00, e =  5.292e+00, m =  5.110e-04.

 In 1: id =   11, x =  1.000e+00, pdf =  3.493e+07 at Q2 =  1.115e+02.
 In 2: id =  -11, x =  9.954e-01, pdf =  7.649e+00 at same Q2.

 Subprocess f fbar -> f' fbar' (s-channel gamma*) with code 223 is 2 -> 2.
 It has sHat =  1.115e+02,    tHat = -1.055e+02,    uHat = -5.986e+00,
       pTHat =  2.369e+00,   m3Hat =  5.000e-01,   m4Hat =  5.000e-01,
    thetaHat =  2.674e+00,  phiHat =  3.832e+00.
     alphaEM =  7.631e-03,  alphaS =  1.976e-01    at Q2 =  1.115e+02.

 Impact parameter b =  0.000e+00 gives enhancement factor =  1.000e+00.
 Max pT scale for MPI =  1.058e+01, ISR =  1.056e+01, FSR =  1.056e+01.
 Number of MPI =     1, ISR =     1, FSRproc =     2, FSRreson =     0.

 --------  End PYTHIA Info Listing  ------------------------------------

 --------  PYTHIA Event Listing  (hard process)  -----------------------------------------------------------------------------------
 
    no         id  name            status     mothers   daughters     colours      p_x        p_y        p_z         e          m 
     0         90  (system)           -11     0     0     0     0     0     0      0.000      0.000      3.000     11.000     10.583
     1         11  (e-)               -12     0     0     3     0     0     0      0.000      0.000      7.000      7.000      0.001
     2        -11  (e+)               -12     0     0     4     0     0     0      0.000      0.000     -4.000      4.000      0.001
     3         11  (e-)               -21     1     0     5     6     0     0      0.000      0.000      7.000      7.000      0.000
     4        -11  (e+)               -21     2     0     5     6     0     0      0.000      0.000     -3.981      3.981      0.000
     5          3  s                   23     3     4     0     0   101     0     -1.827     -1.508     -3.370      4.150      0.500
     6         -3  sbar                23     3     4     0     0     0   101      1.827      1.508      6.388      6.832      0.500
                                   Charge sum:  0.000           Momentum sum:      0.000      0.000      3.019     10.981     10.558

 --------  End PYTHIA Event Listing  -----------------------------------------------------------------------------------------------

 --------  PYTHIA Event Listing  (complete event)  ---------------------------------------------------------------------------------
 
    no         id  name            status     mothers   daughters     colours      p_x        p_y        p_z         e          m 
     0         90  (system)           -11     0     0     0     0     0     0      0.000      0.000      3.000     11.000     10.583
     1         11  (e-)               -12     0     0    20     0     0     0      0.000      0.000      7.000      7.000      0.001
     2        -11  (e+)               -12     0     0    21     0     0     0      0.000      0.000     -4.000      4.000      0.001
     3         11  (e-)               -21    13    13     5     6     0     0      0.000      0.000      7.000      7.000      0.000
     4        -11  (e+)               -21    14     0     5     6     0     0      0.000      0.000     -3.981      3.981      0.000
     5          3  (s)                -23     3     4     7     8   101     0     -1.827     -1.508     -3.370      4.150      0.500
     6         -3  (sbar)             -23     3     4     9     9     0   101      1.827      1.508      6.388      6.832      0.500
     7          3  (s)                -51     5     0    15    15   103     0     -1.675     -0.759     -1.511      2.432      0.500
     8         21  (g)                -51     5     0    10    11   101   103     -0.112     -0.716     -1.719      1.866      0.000
     9         -3  (sbar)             -52     6     6    12    12     0   101      1.787      1.475      6.249      6.684      0.500
    10         21  (g)                -51     8     0    17    17   104   103      0.101     -1.132     -1.073      1.563      0.000
    11         21  (g)                -51     8     0    18    18   101   104     -0.130      0.485     -0.353      0.614      0.000
    12         -3  (sbar)             -52     9     9    16    16     0   101      1.704      1.406      5.956      6.372      0.500
    13         11  (e-)               -42    20    20     3     3     0     0     -0.000     -0.000      7.000      7.000      0.000
    14        -11  (e+)               -41    21    21    19     4     0     0      0.000      0.000     -4.000      4.000      0.000
    15          3  (s)                -44     7     7    22    22   103     0     -1.672     -0.758     -1.513      2.431      0.500
    16         -3  (sbar)             -44    12    12    23    23     0   101      1.704      1.406      5.957      6.373      0.500
    17         21  (g)                -44    10    10    24    24   104   103      0.103     -1.131     -1.074      1.563      0.000
    18         21  (g)                -44    11    11    25    25   101   104     -0.129      0.486     -0.353      0.614      0.000
    19         22  (gamma)            -43    14     0    26    26     0     0     -0.005     -0.004     -0.018      0.019      0.000
    20         11  (e-)               -61     1     0    13    13     0     0      0.000      0.000      7.000      7.000      0.000
    21        -11  (e+)               -61     2     0    14    14     0     0      0.000     -0.000     -4.000      4.000      0.000
    22          3  s                   62    15    15     0     0   103     0     -1.672     -0.758     -1.513      2.431      0.500
    23         -3  sbar                62    16    16     0     0     0   101      1.704      1.406      5.957      6.373      0.500
    24         21  g                   62    17    17     0     0   104   103      0.103     -1.131     -1.074      1.563      0.000
    25         21  g                   62    18    18     0     0   101   104     -0.129      0.486     -0.353      0.614      0.000
    26         22  gamma               62    19    19     0     0     0     0     -0.005     -0.004     -0.018      0.019      0.000
    27         22  gamma               63     1     0     0     0     0     0      0.000      0.000      0.000      0.000      0.000
    28         22  gamma               63     2     0     0     0     0     0      0.000      0.000     -0.000      0.000      0.000
                                   Charge sum:  0.000           Momentum sum:     -0.000     -0.000      3.000     11.000     10.583

 --------  End PYTHIA Event Listing  -----------------------------------------------------------------------------------------------
 PYTHIA Warning in TauDecays::decay: unknown correlated tau production, assuming from unpolarized photon  

 *-------  PYTHIA Event and Cross Section Statistics  -------------------------------------------------------------*
 |                                                                                                                 |
 | Subprocess                                    Code |            Number of events       |      sigma +- delta    |
 |                                                    |       Tried   Selected   Accepted |     (estimated) (mb)   |
 |                                                    |                                   |                        |
 |-----------------------------------------------------------------------------------------------------------------|
 |                                                    |                                   |                        |
 | f fbar -> f' fbar' (s-channel gamma*)          223 |      265221      10000      10000 |   6.008e-06  2.874e-08 |
 |                                                    |                                   |                        |
 | sum                                                |      265221      10000      10000 |   6.008e-06  2.874e-08 |
 |                                                                                                                 |
 *-------  End PYTHIA Event and Cross Section Statistics ----------------------------------------------------------*

 *-------  PYTHIA Error and Warning Messages Statistics  ----------------------------------------------------------* 
 |                                                                                                                 | 
 |  times   message                                                                                                | 
 |                                                                                                                 | 
 |   1526   Warning in TauDecays::decay: unknown correlated tau production, assuming from unpolarized photon       | 
 |                                                                                                                 | 
 *-------  End PYTHIA Error and Warning Messages Statistics  ------------------------------------------------------* 
Gammatau2xmu: 0.000e+00

Gammatau2xe: 2.697e-16

BRtau2xmu: 0.000e+00

BRtau2xe: 1.190e-04

produced tau excluding those daughters are also tau lepton: 3.052e+03
produced X: 3.052e+03
produced X/NMC: 3.052e-01

Proportion of X flying forward (eta>0): 6.173e-01
Proportion of X flying backward (eta<0): 3.827e-01

Total Gamma [GeV]: 2.102e-17
ctau [m]: 9.388e+00

Gammax2tautau: 0.000e+00

Gammax2mumu: 2.102e-17

Gammax2ee: 0.000e+00

Gammax2gmgm: 0.000e+00

BRx2tautau: 0.000e+00

BRx2mumu: 1.000e+00

BRx2ee: 0.000e+00

BRx2gmgm: 0.000e+00

X: insideFidVol: 8.800e+01
observedX: 7.401e+01
visibleX: 7.401e+00

X Observed Fiducial efficiency: 2.425e-02
X Visible Fiducial efficiency: 2.425e-03

reallyProduced tau: 9.200e+10
total number of tau-tau events: 4.600e+10

reallyProducedX: 3.855e+06
reallyobservedX: 9.349e+04
reallyvisibleX: 9.349e+03

