mX:  0.522414
g_TE_Lamb:  0.0008
g_MM_Lamb:  0.0008
NMC 10000

 *-------  PYTHIA Process Initialization  --------------------------*
 |                                                                  |
 | We collide e- with e+ at a CM energy of 1.058e+01 GeV            |
 |                                                                  |
 |------------------------------------------------------------------|
 |                                                    |             |
 | Subprocess                                    Code |   Estimated |
 |                                                    |    max (mb) |
 |                                                    |             |
 |------------------------------------------------------------------|
 |                                                    |             |
 | f fbar -> f' fbar' (s-channel gamma*)          223 |   1.472e-04 |
 |                                                                  |
 *-------  End PYTHIA Process Initialization -----------------------*

 *-------  PYTHIA Flag + Mode + Parm + Word + FVec + MVec + PVec + WVec Settings (changes only)  ------------------* 
 |                                                                                                                 | 
 | Name                                          |                      Now |      Default         Min         Max | 
 |                                               |                          |                                      | 
 | Beams:eA                                      |                  7.00000 |     7000.000         0.0             | 
 | Beams:eB                                      |                  4.00000 |     7000.000         0.0             | 
 | Beams:frameType                               |                        2 |            1           1           5 | 
 | Beams:idA                                     |                       11 |         2212                         | 
 | Beams:idB                                     |                      -11 |         2212                         | 
 | HadronLevel:Hadronize                         |                      off |           on                         | 
 | Next:numberCount                              |                    10000 |         1000           0             | 
 | PartonLevel:MPI                               |                      off |           on                         | 
 | Random:seed                                   |                        0 |           -1               900000000 | 
 | Random:setSeed                                |                       on |          off                         | 
 | WeakSingleBoson:ffbar2ffbar(s:gm)             |                       on |          off                         | 
 |                                                                                                                 | 
 *-------  End PYTHIA Flag + Mode + Parm + Word + FVec + MVec + PVec + WVec Settings  -----------------------------* 

 --------  PYTHIA Particle Data Table (changed only)  ------------------------------------------------------------------------------
 
      id   name            antiName         spn chg col      m0        mWidth      mMin       mMax       tau0    res dec ext vis wid
             no onMode   bRatio   meMode     products 

      15  tau-             tau+               2  -3   0    1.77682    0.00000    0.00000    0.00000  8.71100e-02   0   1   0   1   0
              0     1   0.0000000  103       36       13 
              1     1   0.9999810  103       36       11 

      36  x                                   1   0   0    0.52241    0.00000    0.00000    0.00000  3.67300e-05   0   1   0   0   0
              0     1   0.0000000  103       15      -15 
              1     1   1.0000000  103       13      -13 
              2     1   0.0000000  103       11      -11 
              3     1   0.0000000  103       22       22 

 --------  End PYTHIA Particle Data Table  -----------------------------------------------------------------------------------------


 --------  PYTHIA Info Listing  ---------------------------------------- 
 
 Beam A: id =     11, pz =  5.292e+00, e =  5.292e+00, m =  5.110e-04.
 Beam B: id =    -11, pz = -5.292e+00, e =  5.292e+00, m =  5.110e-04.

 In 1: id =   11, x =  1.000e+00, pdf =  3.765e+03 at Q2 =  1.117e+02.
 In 2: id =  -11, x =  9.971e-01, pdf =  1.208e+01 at same Q2.

 Subprocess f fbar -> f' fbar' (s-channel gamma*) with code 223 is 2 -> 2.
 It has sHat =  1.117e+02,    tHat = -1.059e+02,    uHat = -5.777e+00,
       pTHat =  2.336e+00,   m3Hat =  3.300e-01,   m4Hat =  3.300e-01,
    thetaHat =  2.683e+00,  phiHat =  6.058e+00.
     alphaEM =  7.631e-03,  alphaS =  1.975e-01    at Q2 =  1.117e+02.

 Impact parameter b =  0.000e+00 gives enhancement factor =  1.000e+00.
 Max pT scale for MPI =  1.058e+01, ISR =  1.057e+01, FSR =  1.057e+01.
 Number of MPI =     1, ISR =     1, FSRproc =     4, FSRreson =     0.

 --------  End PYTHIA Info Listing  ------------------------------------

 --------  PYTHIA Event Listing  (hard process)  -----------------------------------------------------------------------------------
 
    no         id  name            status     mothers   daughters     colours      p_x        p_y        p_z         e          m 
     0         90  (system)           -11     0     0     0     0     0     0      0.000      0.000      3.000     11.000     10.583
     1         11  (e-)               -12     0     0     3     0     0     0      0.000      0.000      7.000      7.000      0.001
     2        -11  (e+)               -12     0     0     4     0     0     0      0.000      0.000     -4.000      4.000      0.001
     3         11  (e-)               -21     1     0     5     6     0     0      0.000      0.000      7.000      7.000      0.000
     4        -11  (e+)               -21     2     0     5     6     0     0      0.000      0.000     -3.988      3.988      0.000
     5          2  u                   23     3     4     0     0   101     0      2.277     -0.522     -3.410      4.147      0.330
     6         -2  ubar                23     3     4     0     0     0   101     -2.277      0.522      6.422      6.842      0.330
                                   Charge sum:  0.000           Momentum sum:      0.000      0.000      3.011     10.988     10.568

 --------  End PYTHIA Event Listing  -----------------------------------------------------------------------------------------------

 --------  PYTHIA Event Listing  (complete event)  ---------------------------------------------------------------------------------
 
    no         id  name            status     mothers   daughters     colours      p_x        p_y        p_z         e          m 
     0         90  (system)           -11     0     0     0     0     0     0      0.000      0.000      3.000     11.000     10.583
     1         11  (e-)               -12     0     0    28     0     0     0      0.000      0.000      7.000      7.000      0.001
     2        -11  (e+)               -12     0     0    29     0     0     0      0.000      0.000     -4.000      4.000      0.001
     3         11  (e-)               -21    19    19     5     6     0     0      0.000      0.000      7.000      7.000      0.000
     4        -11  (e+)               -21    20     0     5     6     0     0      0.000      0.000     -3.988      3.988      0.000
     5          2  (u)                -23     3     4     7     8   101     0      2.277     -0.522     -3.410      4.147      0.330
     6         -2  (ubar)             -23     3     4     9     9     0   101     -2.277      0.522      6.422      6.842      0.330
     7          2  (u)                -51     5     0    12    12   102     0      0.988     -0.581     -3.179      3.395      0.330
     8         21  (g)                -51     5     0    10    11   101   102      1.151      0.090      0.157      1.165      0.000
     9         -2  (ubar)             -52     6     6    15    15     0   101     -2.139      0.491      6.033      6.428      0.330
    10         21  (g)                -51     8     0    13    14   101   103      1.680     -0.169     -0.539      1.773      0.000
    11         21  (g)                -51     8     0    24    24   103   102     -0.260      0.092     -0.211      0.347      0.000
    12          2  (u)                -52     7     7    21    21   102     0      0.719     -0.414     -2.271      2.441      0.330
    13         21  (g)                -51    10     0    16    17   104   103      1.249     -0.118     -0.814      1.495      0.000
    14         21  (g)                -51    10     0    18    18   101   104      0.244     -0.008      0.800      0.836      0.000
    15         -2  (ubar)             -52     9     9    22    22     0   101     -1.952      0.448      5.507      5.869      0.330
    16         21  (g)                -51    13     0    23    23   105   103      1.042     -0.342     -0.792      1.353      0.000
    17         21  (g)                -51    13     0    26    26   104   105      0.309      0.221      0.314      0.493      0.000
    18         21  (g)                -52    14    14    25    25   101   104      0.142     -0.005      0.464      0.486      0.000
    19         11  (e-)               -42    28    28     3     3     0     0      0.000     -0.000      7.000      7.000      0.000
    20        -11  (e+)               -41    29    29    27     4     0     0     -0.000      0.000     -4.000      4.000      0.000
    21          2  (u)                -44    12    12    30    30   102     0      0.727     -0.416     -2.272      2.444      0.330
    22         -2  (ubar)             -44    15    15    31    31     0   101     -1.951      0.448      5.498      5.861      0.330
    23         21  (g)                -44    16    16    32    32   105   103      1.046     -0.343     -0.791      1.356      0.000
    24         21  (g)                -44    11    11    33    33   103   102     -0.259      0.092     -0.212      0.347      0.000
    25         21  (g)                -44    18    18    34    34   101   104      0.142     -0.005      0.464      0.485      0.000
    26         21  (g)                -44    17    17    35    35   104   105      0.309      0.221      0.314      0.493      0.000
    27         22  (gamma)            -43    20     0    36    36     0     0     -0.014      0.003     -0.001      0.014      0.000
    28         11  (e-)               -61     1     0    19    19     0     0      0.000      0.000      7.000      7.000      0.000
    29        -11  (e+)               -61     2     0    20    20     0     0      0.000      0.000     -4.000      4.000      0.000
    30          2  u                   62    21    21     0     0   102     0      0.727     -0.416     -2.272      2.444      0.330
    31         -2  ubar                62    22    22     0     0     0   101     -1.951      0.448      5.498      5.861      0.330
    32         21  g                   62    23    23     0     0   105   103      1.046     -0.343     -0.791      1.356      0.000
    33         21  g                   62    24    24     0     0   103   102     -0.259      0.092     -0.212      0.347      0.000
    34         21  g                   62    25    25     0     0   101   104      0.142     -0.005      0.464      0.485      0.000
    35         21  g                   62    26    26     0     0   104   105      0.309      0.221      0.314      0.493      0.000
    36         22  gamma               62    27    27     0     0     0     0     -0.014      0.003     -0.001      0.014      0.000
    37         22  gamma               63     1     0     0     0     0     0      0.000      0.000      0.000      0.000      0.000
    38         22  gamma               63     2     0     0     0     0     0      0.000      0.000     -0.000      0.000      0.000
                                   Charge sum:  0.000           Momentum sum:     -0.000      0.000      3.000     11.000     10.583

 --------  End PYTHIA Event Listing  -----------------------------------------------------------------------------------------------
 PYTHIA Warning in TauDecays::decay: unknown correlated tau production, assuming from unpolarized photon  
 PYTHIA Warning in PhaseSpace2to2tauyz::trialKin: maximum for cross section violated  

 *-------  PYTHIA Event and Cross Section Statistics  -------------------------------------------------------------*
 |                                                                                                                 |
 | Subprocess                                    Code |            Number of events       |      sigma +- delta    |
 |                                                    |       Tried   Selected   Accepted |     (estimated) (mb)   |
 |                                                    |                                   |                        |
 |-----------------------------------------------------------------------------------------------------------------|
 |                                                    |                                   |                        |
 | f fbar -> f' fbar' (s-channel gamma*)          223 |      246276      10000      10000 |   6.021e-06  2.984e-08 |
 |                                                    |                                   |                        |
 | sum                                                |      246276      10000      10000 |   6.021e-06  2.984e-08 |
 |                                                                                                                 |
 *-------  End PYTHIA Event and Cross Section Statistics ----------------------------------------------------------*

 *-------  PYTHIA Error and Warning Messages Statistics  ----------------------------------------------------------* 
 |                                                                                                                 | 
 |  times   message                                                                                                | 
 |                                                                                                                 | 
 |     32   Warning in PhaseSpace2to2tauyz::trialKin: maximum for cross section violated                           | 
 |   1485   Warning in TauDecays::decay: unknown correlated tau production, assuming from unpolarized photon       | 
 |                                                                                                                 | 
 *-------  End PYTHIA Error and Warning Messages Statistics  ------------------------------------------------------* 
Gammatau2xmu: 0.000e+00

Gammatau2xe: 1.192e-07

BRtau2xmu: 0.000e+00

BRtau2xe: 1.000e+00

produced tau excluding those daughters are also tau lepton: 2.970e+03
produced X: 2.970e+03
produced X/NMC: 2.970e-01

Proportion of X flying forward (eta>0): 6.266e-01
Proportion of X flying backward (eta<0): 3.734e-01

Total Gamma [GeV]: 5.372e-09
ctau [m]: 3.673e-08

Gammax2tautau: 0.000e+00

Gammax2mumu: 5.372e-09

Gammax2ee: 0.000e+00

Gammax2gmgm: 0.000e+00

BRx2tautau: 0.000e+00

BRx2mumu: 1.000e+00

BRx2ee: 0.000e+00

BRx2gmgm: 0.000e+00

X: insideFidVol: 0.000e+00
observedX: 0.000e+00
visibleX: 0.000e+00

X Observed Fiducial efficiency: 0.000e+00
X Visible Fiducial efficiency: 0.000e+00

reallyProduced tau: 9.200e+10
total number of tau-tau events: 4.600e+10

reallyProducedX: 3.239e+10
reallyobservedX: 0.000e+00
reallyvisibleX: 0.000e+00

