mX:  0.982759
g_TE_Lamb:  3e-10
g_MM_Lamb:  3e-10
NMC 10000

 *-------  PYTHIA Process Initialization  --------------------------*
 |                                                                  |
 | We collide e- with e+ at a CM energy of 1.058e+01 GeV            |
 |                                                                  |
 |------------------------------------------------------------------|
 |                                                    |             |
 | Subprocess                                    Code |   Estimated |
 |                                                    |    max (mb) |
 |                                                    |             |
 |------------------------------------------------------------------|
 |                                                    |             |
 | f fbar -> f' fbar' (s-channel gamma*)          223 |   1.505e-04 |
 |                                                                  |
 *-------  End PYTHIA Process Initialization -----------------------*

 *-------  PYTHIA Flag + Mode + Parm + Word + FVec + MVec + PVec + WVec Settings (changes only)  ------------------* 
 |                                                                                                                 | 
 | Name                                          |                      Now |      Default         Min         Max | 
 |                                               |                          |                                      | 
 | Beams:eA                                      |                  7.00000 |     7000.000         0.0             | 
 | Beams:eB                                      |                  4.00000 |     7000.000         0.0             | 
 | Beams:frameType                               |                        2 |            1           1           5 | 
 | Beams:idA                                     |                       11 |         2212                         | 
 | Beams:idB                                     |                      -11 |         2212                         | 
 | HadronLevel:Hadronize                         |                      off |           on                         | 
 | Next:numberCount                              |                    10000 |         1000           0             | 
 | PartonLevel:MPI                               |                      off |           on                         | 
 | Random:seed                                   |                        0 |           -1               900000000 | 
 | Random:setSeed                                |                       on |          off                         | 
 | WeakSingleBoson:ffbar2ffbar(s:gm)             |                       on |          off                         | 
 |                                                                                                                 | 
 *-------  End PYTHIA Flag + Mode + Parm + Word + FVec + MVec + PVec + WVec Settings  -----------------------------* 

 --------  PYTHIA Particle Data Table (changed only)  ------------------------------------------------------------------------------
 
      id   name            antiName         spn chg col      m0        mWidth      mMin       mMax       tau0    res dec ext vis wid
             no onMode   bRatio   meMode     products 

      15  tau-             tau+               2  -3   0    1.77682    0.00000    0.00000    0.00000  8.71100e-02   0   1   0   1   0
              0     1   0.0000000  103       36       13 
              1     1   0.0000000  103       36       11 

      36  x                                   1   0   0    0.98276    0.00000    0.00000    0.00000  6.91155e+07   0   1   0   0   0
              0     1   0.0000000  103       15      -15 
              1     1   1.0000000  103       13      -13 
              2     1   0.0000000  103       11      -11 
              3     1   0.0000000  103       22       22 

 --------  End PYTHIA Particle Data Table  -----------------------------------------------------------------------------------------

 PYTHIA Warning in TauDecays::decay: unknown correlated tau production, assuming from unpolarized photon  

 --------  PYTHIA Info Listing  ---------------------------------------- 
 
 Beam A: id =     11, pz =  5.292e+00, e =  5.292e+00, m =  5.110e-04.
 Beam B: id =    -11, pz = -5.292e+00, e =  5.292e+00, m =  5.110e-04.

 In 1: id =   11, x =  1.000e+00, pdf =  3.468e+08 at Q2 =  1.120e+02.
 In 2: id =  -11, x =  1.000e+00, pdf =  1.842e+03 at same Q2.

 Subprocess f fbar -> f' fbar' (s-channel gamma*) with code 223 is 2 -> 2.
 It has sHat =  1.120e+02,    tHat = -6.091e+01,    uHat = -5.109e+01,
       pTHat =  4.965e+00,   m3Hat =  1.777e+00,   m4Hat =  1.777e+00,
    thetaHat =  1.659e+00,  phiHat =  1.146e+00.
     alphaEM =  7.631e-03,  alphaS =  1.975e-01    at Q2 =  1.120e+02.

 Impact parameter b =  0.000e+00 gives enhancement factor =  1.000e+00.
 Max pT scale for MPI =  1.058e+01, ISR =  1.058e+01, FSR =  1.058e+01.
 Number of MPI =     1, ISR =     0, FSRproc =     0, FSRreson =     0.

 --------  End PYTHIA Info Listing  ------------------------------------

 --------  PYTHIA Event Listing  (hard process)  -----------------------------------------------------------------------------------
 
    no         id  name            status     mothers   daughters     colours      p_x        p_y        p_z         e          m 
     0         90  (system)           -11     0     0     0     0     0     0      0.000      0.000      3.000     11.000     10.583
     1         11  (e-)               -12     0     0     3     0     0     0      0.000      0.000      7.000      7.000      0.001
     2        -11  (e+)               -12     0     0     4     0     0     0      0.000      0.000     -4.000      4.000      0.001
     3         11  (e-)               -21     1     0     5     6     0     0      0.000      0.000      7.000      7.000      0.000
     4        -11  (e+)               -21     2     0     5     6     0     0      0.000      0.000     -4.000      4.000      0.000
     5         15  tau-                23     3     4     0     0     0     0      2.044      4.525      1.046      5.376      1.777
     6        -15  tau+                23     3     4     0     0     0     0     -2.044     -4.525      1.954      5.624      1.777
                                   Charge sum:  0.000           Momentum sum:      0.000      0.000      3.000     11.000     10.583

 --------  End PYTHIA Event Listing  -----------------------------------------------------------------------------------------------

 --------  PYTHIA Event Listing  (complete event)  ---------------------------------------------------------------------------------
 
    no         id  name            status     mothers   daughters     colours      p_x        p_y        p_z         e          m 
     0         90  (system)           -11     0     0     0     0     0     0      0.000      0.000      3.000     11.000     10.583
     1         11  (e-)               -12     0     0     7     0     0     0      0.000      0.000      7.000      7.000      0.001
     2        -11  (e+)               -12     0     0     8     0     0     0      0.000      0.000     -4.000      4.000      0.001
     3         11  (e-)               -21     7     7     5     6     0     0      0.000      0.000      7.000      7.000      0.000
     4        -11  (e+)               -21     8     8     5     6     0     0      0.000      0.000     -4.000      4.000      0.000
     5         15  (tau-)             -23     3     4     9     9     0     0      2.044      4.525      1.046      5.376      1.777
     6        -15  (tau+)             -23     3     4    10    10     0     0     -2.044     -4.525      1.954      5.624      1.777
     7         11  (e-)               -61     1     0     3     3     0     0      0.000      0.000      7.000      7.000      0.000
     8        -11  (e+)               -61     2     0     4     4     0     0      0.000      0.000     -4.000      4.000      0.000
     9         15  (tau-)             -62     5     5    13    14     0     0      2.044      4.525      1.046      5.376      1.777
    10        -15  (tau+)             -62     6     6    15    16     0     0     -2.044     -4.525      1.954      5.624      1.777
    11         22  gamma               63     1     0     0     0     0     0      0.000      0.000      0.000      0.000      0.000
    12         22  gamma               63     2     0     0     0     0     0      0.000      0.000     -0.000      0.000      0.000
    13         36  (x)                -91     9     0    17    18     0     0      2.051      3.607      0.463      4.289      0.983
    14         11  e-                  91     9     0     0     0     0     0     -0.007      0.918      0.582      1.087      0.001
    15         36  (x)                -91    10     0    19    20     0     0     -2.020     -4.617      1.796      5.439      0.983
    16        -11  e+                  91    10     0     0     0     0     0     -0.025      0.092      0.158      0.185      0.001
    17         13  mu-                 91    13     0     0     0     0     0      0.730      0.716      0.415      1.108      0.106
    18        -13  mu+                 91    13     0     0     0     0     0      1.321      2.891      0.048      3.181      0.106
    19         13  mu-                 91    15     0     0     0     0     0      0.059     -0.398      0.259      0.490      0.106
    20        -13  mu+                 91    15     0     0     0     0     0     -2.079     -4.219      1.538      4.950      0.106
                                   Charge sum:  0.000           Momentum sum:     -0.000      0.000      3.000     11.000     10.583

 --------  End PYTHIA Event Listing  -----------------------------------------------------------------------------------------------
 PYTHIA Warning in PhaseSpace2to2tauyz::trialKin: maximum for cross section violated  

 *-------  PYTHIA Event and Cross Section Statistics  -------------------------------------------------------------*
 |                                                                                                                 |
 | Subprocess                                    Code |            Number of events       |      sigma +- delta    |
 |                                                    |       Tried   Selected   Accepted |     (estimated) (mb)   |
 |                                                    |                                   |                        |
 |-----------------------------------------------------------------------------------------------------------------|
 |                                                    |                                   |                        |
 | f fbar -> f' fbar' (s-channel gamma*)          223 |      251634      10000      10000 |   6.001e-06  2.972e-08 |
 |                                                    |                                   |                        |
 | sum                                                |      251634      10000      10000 |   6.001e-06  2.972e-08 |
 |                                                                                                                 |
 *-------  End PYTHIA Event and Cross Section Statistics ----------------------------------------------------------*

 *-------  PYTHIA Error and Warning Messages Statistics  ----------------------------------------------------------* 
 |                                                                                                                 | 
 |  times   message                                                                                                | 
 |                                                                                                                 | 
 |     21   Warning in PhaseSpace2to2tauyz::trialKin: maximum for cross section violated                           | 
 |   1485   Warning in TauDecays::decay: unknown correlated tau production, assuming from unpolarized photon       | 
 |                                                                                                                 | 
 *-------  End PYTHIA Error and Warning Messages Statistics  ------------------------------------------------------* 
Gammatau2xmu: 0.000e+00

Gammatau2xe: 9.678e-21

BRtau2xmu: 0.000e+00

BRtau2xe: 4.272e-09

produced tau excluding those daughters are also tau lepton: 2.970e+03
produced X: 2.970e+03
produced X/NMC: 2.970e-01

Proportion of X flying forward (eta>0): 6.172e-01
Proportion of X flying backward (eta<0): 3.828e-01

Total Gamma [GeV]: 2.855e-21
ctau [m]: 6.912e+04

Gammax2tautau: 0.000e+00

Gammax2mumu: 2.855e-21

Gammax2ee: 0.000e+00

Gammax2gmgm: 0.000e+00

BRx2tautau: 0.000e+00

BRx2mumu: 1.000e+00

BRx2ee: 0.000e+00

BRx2gmgm: 0.000e+00

X: insideFidVol: 0.000e+00
observedX: 1.168e-02
visibleX: 1.168e-03

X Observed Fiducial efficiency: 3.931e-06
X Visible Fiducial efficiency: 3.931e-07

reallyProduced tau: 9.200e+10
total number of tau-tau events: 4.600e+10

reallyProducedX: 1.384e+02
reallyobservedX: 5.439e-04
reallyvisibleX: 5.439e-05

