mX:  0.5
g_TE_Lamb:  6e-08
g_MM_Lamb:  1.5e-06
NMC 10000

 *-------  PYTHIA Process Initialization  --------------------------*
 |                                                                  |
 | We collide e- with e+ at a CM energy of 1.058e+01 GeV            |
 |                                                                  |
 |------------------------------------------------------------------|
 |                                                    |             |
 | Subprocess                                    Code |   Estimated |
 |                                                    |    max (mb) |
 |                                                    |             |
 |------------------------------------------------------------------|
 |                                                    |             |
 | f fbar -> f' fbar' (s-channel gamma*)          223 |   1.642e-04 |
 |                                                                  |
 *-------  End PYTHIA Process Initialization -----------------------*

 *-------  PYTHIA Flag + Mode + Parm + Word + FVec + MVec + PVec + WVec Settings (changes only)  ------------------* 
 |                                                                                                                 | 
 | Name                                          |                      Now |      Default         Min         Max | 
 |                                               |                          |                                      | 
 | Beams:eA                                      |                  7.00000 |     7000.000         0.0             | 
 | Beams:eB                                      |                  4.00000 |     7000.000         0.0             | 
 | Beams:frameType                               |                        2 |            1           1           5 | 
 | Beams:idA                                     |                       11 |         2212                         | 
 | Beams:idB                                     |                      -11 |         2212                         | 
 | HadronLevel:Hadronize                         |                      off |           on                         | 
 | Next:numberCount                              |                    10000 |         1000           0             | 
 | PartonLevel:MPI                               |                      off |           on                         | 
 | Random:seed                                   |                        0 |           -1               900000000 | 
 | Random:setSeed                                |                       on |          off                         | 
 | WeakSingleBoson:ffbar2ffbar(s:gm)             |                       on |          off                         | 
 |                                                                                                                 | 
 *-------  End PYTHIA Flag + Mode + Parm + Word + FVec + MVec + PVec + WVec Settings  -----------------------------* 

 --------  PYTHIA Particle Data Table (changed only)  ------------------------------------------------------------------------------
 
      id   name            antiName         spn chg col      m0        mWidth      mMin       mMax       tau0    res dec ext vis wid
             no onMode   bRatio   meMode     products 

      15  tau-             tau+               2  -3   0    1.77682    0.00000    0.00000    0.00000  8.71100e-02   0   1   0   1   0
              0     1   0.0000000  103       36       13 
              1     1   0.0003006  103       36       11 

      36  x                                   1   0   0    0.50000    0.00000    0.00000    0.00000  1.15090e+01   0   1   0   0   0
              0     1   0.0000000  103       15      -15 
              1     1   1.0000000  103       13      -13 
              2     1   0.0000000  103       11      -11 
              3     1   0.0000000  103       22       22 

 --------  End PYTHIA Particle Data Table  -----------------------------------------------------------------------------------------


 --------  PYTHIA Info Listing  ---------------------------------------- 
 
 Beam A: id =     11, pz =  5.292e+00, e =  5.292e+00, m =  5.110e-04.
 Beam B: id =    -11, pz = -5.292e+00, e =  5.292e+00, m =  5.110e-04.

 In 1: id =   11, x =  1.000e+00, pdf =  1.120e+07 at Q2 =  7.279e+01.
 In 2: id =  -11, x =  6.499e-01, pdf =  5.619e-02 at same Q2.

 Subprocess f fbar -> f' fbar' (s-channel gamma*) with code 223 is 2 -> 2.
 It has sHat =  7.279e+01,    tHat = -1.627e+01,    uHat = -5.652e+01,
       pTHat =  3.544e+00,   m3Hat =  3.300e-01,   m4Hat =  3.300e-01,
    thetaHat =  9.850e-01,  phiHat =  2.942e-01.
     alphaEM =  7.613e-03,  alphaS =  2.083e-01    at Q2 =  7.279e+01.

 Impact parameter b =  0.000e+00 gives enhancement factor =  1.000e+00.
 Max pT scale for MPI =  1.058e+01, ISR =  8.532e+00, FSR =  8.532e+00.
 Number of MPI =     1, ISR =     2, FSRproc =     3, FSRreson =     0.

 --------  End PYTHIA Info Listing  ------------------------------------

 --------  PYTHIA Event Listing  (hard process)  -----------------------------------------------------------------------------------
 
    no         id  name            status     mothers   daughters     colours      p_x        p_y        p_z         e          m 
     0         90  (system)           -11     0     0     0     0     0     0      0.000      0.000      3.000     11.000     10.583
     1         11  (e-)               -12     0     0     3     0     0     0      0.000      0.000      7.000      7.000      0.001
     2        -11  (e+)               -12     0     0     4     0     0     0      0.000      0.000     -4.000      4.000      0.001
     3         11  (e-)               -21     1     0     5     6     0     0      0.000      0.000      7.000      7.000      0.000
     4        -11  (e+)               -21     2     0     5     6     0     0      0.000      0.000     -2.600      2.600      0.000
     5          2  u                   23     3     4     0     0   101     0      3.392      1.028      4.846      6.013      0.330
     6         -2  ubar                23     3     4     0     0     0   101     -3.392     -1.028     -0.445      3.587      0.330
                                   Charge sum:  0.000           Momentum sum:      0.000      0.000      4.400      9.600      8.532

 --------  End PYTHIA Event Listing  -----------------------------------------------------------------------------------------------

 --------  PYTHIA Event Listing  (complete event)  ---------------------------------------------------------------------------------
 
    no         id  name            status     mothers   daughters     colours      p_x        p_y        p_z         e          m 
     0         90  (system)           -11     0     0     0     0     0     0      0.000      0.000      3.000     11.000     10.583
     1         11  (e-)               -12     0     0    33     0     0     0      0.000      0.000      7.000      7.000      0.001
     2        -11  (e+)               -12     0     0    34     0     0     0      0.000      0.000     -4.000      4.000      0.001
     3         11  (e-)               -21    16    16     5     6     0     0      0.000      0.000      7.000      7.000      0.000
     4        -11  (e+)               -21    17     0     5     6     0     0      0.000      0.000     -2.600      2.600      0.000
     5          2  (u)                -23     3     4     7     8   101     0      3.392      1.028      4.846      6.013      0.330
     6         -2  (ubar)             -23     3     4     9     9     0   101     -3.392     -1.028     -0.445      3.587      0.330
     7          2  (u)                -51     5     0    18    18   104     0      0.857      0.226      2.476      2.650      0.330
     8         21  (g)                -51     5     0    12    12   101   104      2.430      0.770      2.356      3.471      0.000
     9         -2  (ubar)             -52     6     6    10    11     0   101     -3.288     -0.996     -0.431      3.478      0.330
    10         -2  (ubar)             -51     9     0    15    15     0   105     -3.153     -1.223     -0.098      3.399      0.330
    11         21  (g)                -51     9     0    13    14   105   101      0.040      0.283     -0.164      0.329      0.000
    12         21  (g)                -52     8     8    20    20   101   104      2.255      0.715      2.186      3.221      0.000
    13         21  (g)                -51    11     0    21    21   106   101     -0.206     -0.080      0.422      0.476      0.000
    14         21  (g)                -51    11     0    22    22   105   106     -0.996     -0.129     -0.618      1.179      0.000
    15         -2  (ubar)             -52    10    10    19    19     0   105     -1.910     -0.731     -0.065      2.073      0.330
    16         11  (e-)               -42    24    24     3     3     0     0      0.000     -0.000      7.000      7.000      0.000
    17        -11  (e+)               -41    25     0    23     4     0     0     -0.000      0.000     -3.769      3.769      0.000
    18          2  (u)                -44     7     7    26    26   104     0      0.857      0.228      2.476      2.651      0.330
    19         -2  (ubar)             -44    15    15    27    27     0   105     -1.916     -0.698     -0.071      2.067      0.330
    20         21  (g)                -44    12    12    28    28   101   104      2.252      0.731      2.190      3.225      0.000
    21         21  (g)                -44    13    13    29    29   106   101     -0.206     -0.080      0.421      0.475      0.000
    22         21  (g)                -44    14    14    30    30   105   106     -1.001     -0.101     -0.617      1.180      0.000
    23         22  (gamma)            -43    17     0    31    31     0     0      0.015     -0.081     -1.167      1.170      0.000
    24         11  (e-)               -42    33    33    16    16     0     0      0.000     -0.000      7.000      7.000      0.000
    25        -11  (e+)               -41    34    34    32    17     0     0     -0.000      0.000     -4.000      4.000      0.000
    26          2  (u)                -44    18    18    35    35   104     0      0.857      0.228      2.476      2.651      0.330
    27         -2  (ubar)             -44    19    19    36    36     0   105     -1.916     -0.699     -0.072      2.067      0.330
    28         21  (g)                -44    20    20    37    37   101   104      2.252      0.731      2.190      3.226      0.000
    29         21  (g)                -44    21    21    38    38   106   101     -0.206     -0.080      0.421      0.475      0.000
    30         21  (g)                -44    22    22    39    39   105   106     -1.001     -0.101     -0.617      1.180      0.000
    31         22  (gamma)            -44    23    23    40    40     0     0      0.016     -0.081     -1.167      1.170      0.000
    32         22  (gamma)            -43    25     0    41    41     0     0     -0.002      0.002     -0.231      0.231      0.000
    33         11  (e-)               -61     1     0    24    24     0     0     -0.000      0.000      7.000      7.000      0.000
    34        -11  (e+)               -61     2     0    25    25     0     0      0.000     -0.000     -4.000      4.000      0.000
    35          2  u                   62    26    26     0     0   104     0      0.857      0.228      2.476      2.651      0.330
    36         -2  ubar                62    27    27     0     0     0   105     -1.916     -0.699     -0.072      2.067      0.330
    37         21  g                   62    28    28     0     0   101   104      2.252      0.731      2.190      3.226      0.000
    38         21  g                   62    29    29     0     0   106   101     -0.206     -0.080      0.421      0.475      0.000
    39         21  g                   62    30    30     0     0   105   106     -1.001     -0.101     -0.617      1.180      0.000
    40         22  gamma               62    31    31     0     0     0     0      0.016     -0.081     -1.167      1.170      0.000
    41         22  gamma               62    32    32     0     0     0     0     -0.002      0.002     -0.231      0.231      0.000
    42         22  gamma               63     1     0     0     0     0     0      0.000      0.000      0.000      0.000      0.000
    43         22  gamma               63     2     0     0     0     0     0      0.000      0.000     -0.000      0.000      0.000
                                   Charge sum:  0.000           Momentum sum:     -0.000     -0.000      3.000     11.000     10.583

 --------  End PYTHIA Event Listing  -----------------------------------------------------------------------------------------------
 PYTHIA Warning in TauDecays::decay: unknown correlated tau production, assuming from unpolarized photon  
 PYTHIA Warning in PhaseSpace2to2tauyz::trialKin: maximum for cross section violated  

 *-------  PYTHIA Event and Cross Section Statistics  -------------------------------------------------------------*
 |                                                                                                                 |
 | Subprocess                                    Code |            Number of events       |      sigma +- delta    |
 |                                                    |       Tried   Selected   Accepted |     (estimated) (mb)   |
 |                                                    |                                   |                        |
 |-----------------------------------------------------------------------------------------------------------------|
 |                                                    |                                   |                        |
 | f fbar -> f' fbar' (s-channel gamma*)          223 |      274347      10000      10000 |   5.960e-06  2.792e-08 |
 |                                                    |                                   |                        |
 | sum                                                |      274347      10000      10000 |   5.960e-06  2.792e-08 |
 |                                                                                                                 |
 *-------  End PYTHIA Event and Cross Section Statistics ----------------------------------------------------------*

 *-------  PYTHIA Error and Warning Messages Statistics  ----------------------------------------------------------* 
 |                                                                                                                 | 
 |  times   message                                                                                                | 
 |                                                                                                                 | 
 |      3   Warning in PhaseSpace2to2tauyz::trialKin: maximum for cross section violated                           | 
 |   1482   Warning in TauDecays::decay: unknown correlated tau production, assuming from unpolarized photon       | 
 |                                                                                                                 | 
 *-------  End PYTHIA Error and Warning Messages Statistics  ------------------------------------------------------* 
Gammatau2xmu: 0.000e+00

Gammatau2xe: 6.813e-16

BRtau2xmu: 0.000e+00

BRtau2xe: 3.006e-04

BRtau2xmu + BRtau2xe: 3.006e-04

produced tau excluding those daughters are also tau lepton: 2.964e+03
produced X: 2.964e+03
produced X/NMC: 2.964e-01

Proportion of X flying forward (eta>0): 6.316e-01
Proportion of X flying backward (eta<0): 3.684e-01

Total Gamma [GeV]: 1.715e-14
ctau [m]: 1.151e-02

Gammax2tautau: 0.000e+00

Gammax2mumu: 1.715e-14

Gammax2ee: 0.000e+00

Gammax2gmgm: 0.000e+00

BRx2tautau: 0.000e+00

BRx2mumu: 1.000e+00

BRx2ee: 0.000e+00

BRx2gmgm: 0.000e+00

X: insideFidVol: 3.690e+02
observedX: 3.708e+02
visibleX: 3.708e+01

X Observed Fiducial efficiency: 1.251e-01
X Visible Fiducial efficiency: 1.251e-02

reallyProduced tau: 9.200e+10
total number of tau-tau events: 4.600e+10

reallyProducedX: 9.738e+06
reallyobservedX: 1.218e+06
reallyvisibleX: 1.218e+05

