mX:  0.5
g_TE_Lamb:  8e-07
g_MM_Lamb:  3e-11
NMC 10000

 *-------  PYTHIA Process Initialization  --------------------------*
 |                                                                  |
 | We collide e- with e+ at a CM energy of 1.058e+01 GeV            |
 |                                                                  |
 |------------------------------------------------------------------|
 |                                                    |             |
 | Subprocess                                    Code |   Estimated |
 |                                                    |    max (mb) |
 |                                                    |             |
 |------------------------------------------------------------------|
 |                                                    |             |
 | f fbar -> f' fbar' (s-channel gamma*)          223 |   1.350e-04 |
 |                                                                  |
 *-------  End PYTHIA Process Initialization -----------------------*

 *-------  PYTHIA Flag + Mode + Parm + Word + FVec + MVec + PVec + WVec Settings (changes only)  ------------------* 
 |                                                                                                                 | 
 | Name                                          |                      Now |      Default         Min         Max | 
 |                                               |                          |                                      | 
 | Beams:eA                                      |                  7.00000 |     7000.000         0.0             | 
 | Beams:eB                                      |                  4.00000 |     7000.000         0.0             | 
 | Beams:frameType                               |                        2 |            1           1           5 | 
 | Beams:idA                                     |                       11 |         2212                         | 
 | Beams:idB                                     |                      -11 |         2212                         | 
 | HadronLevel:Hadronize                         |                      off |           on                         | 
 | Next:numberCount                              |                    10000 |         1000           0             | 
 | PartonLevel:MPI                               |                      off |           on                         | 
 | Random:seed                                   |                        0 |           -1               900000000 | 
 | Random:setSeed                                |                       on |          off                         | 
 | WeakSingleBoson:ffbar2ffbar(s:gm)             |                       on |          off                         | 
 |                                                                                                                 | 
 *-------  End PYTHIA Flag + Mode + Parm + Word + FVec + MVec + PVec + WVec Settings  -----------------------------* 

 --------  PYTHIA Particle Data Table (changed only)  ------------------------------------------------------------------------------
 
      id   name            antiName         spn chg col      m0        mWidth      mMin       mMax       tau0    res dec ext vis wid
             no onMode   bRatio   meMode     products 

      15  tau-             tau+               2  -3   0    1.77682    0.00000    0.00000    0.00000  8.71100e-02   0   1   0   1   0
              0     1   0.0000000  103       36       13 
              1     1   0.0507470  103       36       11 

      36  x                                   1   0   0    0.50000    0.00000    0.00000    0.00000  2.87725e+10   0   1   0   0   0
              0     1   0.0000000  103       15      -15 
              1     1   1.0000000  103       13      -13 
              2     1   0.0000000  103       11      -11 
              3     1   0.0000000  103       22       22 

 --------  End PYTHIA Particle Data Table  -----------------------------------------------------------------------------------------

 PYTHIA Warning in TauDecays::decay: unknown correlated tau production, assuming from unpolarized photon  

 --------  PYTHIA Info Listing  ---------------------------------------- 
 
 Beam A: id =     11, pz =  5.292e+00, e =  5.292e+00, m =  5.110e-04.
 Beam B: id =    -11, pz = -5.292e+00, e =  5.292e+00, m =  5.110e-04.

 In 1: id =   11, x =  9.923e-01, pdf =  4.642e+00 at Q2 =  9.942e+01.
 In 2: id =  -11, x =  8.946e-01, pdf =  3.128e-01 at same Q2.

 Subprocess f fbar -> f' fbar' (s-channel gamma*) with code 223 is 2 -> 2.
 It has sHat =  9.942e+01,    tHat = -2.639e+01,    uHat = -7.303e+01,
       pTHat =  4.114e+00,   m3Hat =  1.777e+00,   m4Hat =  1.777e+00,
    thetaHat =  1.083e+00,  phiHat =  2.612e+00.
     alphaEM =  7.626e-03,  alphaS =  2.003e-01    at Q2 =  9.942e+01.

 Impact parameter b =  0.000e+00 gives enhancement factor =  1.000e+00.
 Max pT scale for MPI =  1.058e+01, ISR =  1.058e+01, FSR =  1.058e+01.
 Number of MPI =     1, ISR =     2, FSRproc =     0, FSRreson =     0.

 --------  End PYTHIA Info Listing  ------------------------------------

 --------  PYTHIA Event Listing  (hard process)  -----------------------------------------------------------------------------------
 
    no         id  name            status     mothers   daughters     colours      p_x        p_y        p_z         e          m 
     0         90  (system)           -11     0     0     0     0     0     0      0.000      0.000      3.000     11.000     10.583
     1         11  (e-)               -12     0     0     3     0     0     0      0.000      0.000      7.000      7.000      0.001
     2        -11  (e+)               -12     0     0     4     0     0     0      0.000      0.000     -4.000      4.000      0.001
     3         11  (e-)               -21     1     0     5     6     0     0      0.000      0.000      6.946      6.946      0.000
     4        -11  (e+)               -21     2     0     5     6     0     0      0.000      0.000     -3.578      3.578      0.000
     5         15  tau-                23     3     4     0     0     0     0     -3.550      2.078      3.990      6.000      1.777
     6        -15  tau+                23     3     4     0     0     0     0      3.550     -2.078     -0.622      4.524      1.777
                                   Charge sum:  0.000           Momentum sum:      0.000      0.000      3.367     10.524      9.971

 --------  End PYTHIA Event Listing  -----------------------------------------------------------------------------------------------

 --------  PYTHIA Event Listing  (complete event)  ---------------------------------------------------------------------------------
 
    no         id  name            status     mothers   daughters     colours      p_x        p_y        p_z         e          m 
     0         90  (system)           -11     0     0     0     0     0     0      0.000      0.000      3.000     11.000     10.583
     1         11  (e-)               -12     0     0    18     0     0     0      0.000      0.000      7.000      7.000      0.001
     2        -11  (e+)               -12     0     0    19     0     0     0      0.000      0.000     -4.000      4.000      0.001
     3         11  (e-)               -21     7     7     5     6     0     0      0.000      0.000      6.946      6.946      0.000
     4        -11  (e+)               -21     8     0     5     6     0     0      0.000      0.000     -3.578      3.578      0.000
     5         15  (tau-)             -23     3     4     9     9     0     0     -3.550      2.078      3.990      6.000      1.777
     6        -15  (tau+)             -23     3     4    10    10     0     0      3.550     -2.078     -0.622      4.524      1.777
     7         11  (e-)               -42    12     0     3     3     0     0      0.000      0.000      6.946      6.946      0.000
     8        -11  (e+)               -41    13    13    11     4     0     0     -0.000     -0.000     -4.000      4.000      0.000
     9         15  (tau-)             -44     5     5    14    14     0     0     -3.557      2.027      3.929      5.946      1.777
    10        -15  (tau+)             -44     6     6    15    15     0     0      3.534     -2.209     -0.594      4.569      1.777
    11         22  (gamma)            -43     8     0    16    16     0     0      0.023      0.182     -0.389      0.430      0.000
    12         11  (e-)               -41    18    18    17     7     0     0      0.000      0.000      7.000      7.000      0.000
    13        -11  (e+)               -42    19    19     8     8     0     0     -0.000     -0.000     -4.000      4.000      0.000
    14         15  (tau-)             -44     9     9    20    20     0     0     -3.562      2.027      3.928      5.948      1.777
    15        -15  (tau+)             -44    10    10    21    21     0     0      3.532     -2.209     -0.592      4.568      1.777
    16         22  (gamma)            -44    11    11    22    22     0     0      0.022      0.182     -0.389      0.430      0.000
    17         22  (gamma)            -43    12     0    23    23     0     0      0.007      0.000      0.054      0.054      0.000
    18         11  (e-)               -61     1     0    12    12     0     0     -0.000     -0.000      7.000      7.000      0.000
    19        -11  (e+)               -61     2     0    13    13     0     0      0.000      0.000     -4.000      4.000      0.000
    20         15  (tau-)             -62    14    14    26    27     0     0     -3.562      2.027      3.928      5.948      1.777
    21        -15  (tau+)             -62    15    15    28    29     0     0      3.532     -2.209     -0.592      4.568      1.777
    22         22  gamma               62    16    16     0     0     0     0      0.022      0.182     -0.389      0.430      0.000
    23         22  gamma               62    17    17     0     0     0     0      0.007      0.000      0.054      0.054      0.000
    24         22  gamma               63     1     0     0     0     0     0      0.000      0.000      0.000      0.000      0.000
    25         22  gamma               63     2     0     0     0     0     0      0.000      0.000     -0.000      0.000      0.000
    26         36  (x)                -91    20     0    30    31     0     0     -3.345      1.390      2.693      4.541      0.500
    27         11  e-                  91    20     0     0     0     0     0     -0.216      0.637      1.235      1.407      0.001
    28         36  (x)                -91    21     0    32    33     0     0      1.321     -0.022     -0.297      1.443      0.500
    29        -11  e+                  91    21     0     0     0     0     0      2.211     -2.187     -0.296      3.124      0.001
    30         13  mu-                 91    26     0     0     0     0     0     -1.801      0.978      1.420      2.496      0.106
    31        -13  mu+                 91    26     0     0     0     0     0     -1.544      0.412      1.272      2.046      0.106
    32         13  mu-                 91    28     0     0     0     0     0      1.260     -0.074     -0.325      1.308      0.106
    33        -13  mu+                 91    28     0     0     0     0     0      0.060      0.052      0.028      0.135      0.106
                                   Charge sum:  0.000           Momentum sum:     -0.000     -0.000      3.000     11.000     10.583

 --------  End PYTHIA Event Listing  -----------------------------------------------------------------------------------------------
 PYTHIA Warning in PhaseSpace2to2tauyz::trialKin: maximum for cross section violated  

 *-------  PYTHIA Event and Cross Section Statistics  -------------------------------------------------------------*
 |                                                                                                                 |
 | Subprocess                                    Code |            Number of events       |      sigma +- delta    |
 |                                                    |       Tried   Selected   Accepted |     (estimated) (mb)   |
 |                                                    |                                   |                        |
 |-----------------------------------------------------------------------------------------------------------------|
 |                                                    |                                   |                        |
 | f fbar -> f' fbar' (s-channel gamma*)          223 |      222556      10000      10000 |   6.017e-06  3.041e-08 |
 |                                                    |                                   |                        |
 | sum                                                |      222556      10000      10000 |   6.017e-06  3.041e-08 |
 |                                                                                                                 |
 *-------  End PYTHIA Event and Cross Section Statistics ----------------------------------------------------------*

 *-------  PYTHIA Error and Warning Messages Statistics  ----------------------------------------------------------* 
 |                                                                                                                 | 
 |  times   message                                                                                                | 
 |                                                                                                                 | 
 |     18   Warning in PhaseSpace2to2tauyz::trialKin: maximum for cross section violated                           | 
 |   1504   Warning in TauDecays::decay: unknown correlated tau production, assuming from unpolarized photon       | 
 |                                                                                                                 | 
 *-------  End PYTHIA Error and Warning Messages Statistics  ------------------------------------------------------* 
Gammatau2xmu: 0.000e+00

Gammatau2xe: 1.211e-13

BRtau2xmu: 0.000e+00

BRtau2xe: 5.075e-02

BRtau2xmu + BRtau2xe: 5.075e-02

produced tau excluding those daughters are also tau lepton: 3.008e+03
produced X: 3.008e+03
produced X/NMC: 3.008e-01

Proportion of X flying forward (eta>0): 6.260e-01
Proportion of X flying backward (eta<0): 3.740e-01

Total Gamma [GeV]: 6.858e-24
ctau [m]: 2.877e+07

Gammax2tautau: 0.000e+00

Gammax2mumu: 6.858e-24

Gammax2ee: 0.000e+00

Gammax2gmgm: 0.000e+00

BRx2tautau: 0.000e+00

BRx2mumu: 1.000e+00

BRx2ee: 0.000e+00

BRx2gmgm: 0.000e+00

X: insideFidVol: 0.000e+00
observedX: 2.166e-05
visibleX: 2.166e-06

X Observed Fiducial efficiency: 7.201e-09
X Visible Fiducial efficiency: 7.201e-10

reallyProduced tau: 9.200e+10
total number of tau-tau events: 4.600e+10

reallyProducedX: 1.644e+09
reallyobservedX: 1.184e+01
reallyvisibleX: 1.184e+00

