mX:  0.5
g_TE_Lamb:  1.5e-09
g_MM_Lamb:  1.5e-06
NMC 10000

 *-------  PYTHIA Process Initialization  --------------------------*
 |                                                                  |
 | We collide e- with e+ at a CM energy of 1.058e+01 GeV            |
 |                                                                  |
 |------------------------------------------------------------------|
 |                                                    |             |
 | Subprocess                                    Code |   Estimated |
 |                                                    |    max (mb) |
 |                                                    |             |
 |------------------------------------------------------------------|
 |                                                    |             |
 | f fbar -> f' fbar' (s-channel gamma*)          223 |   1.526e-04 |
 |                                                                  |
 *-------  End PYTHIA Process Initialization -----------------------*

 *-------  PYTHIA Flag + Mode + Parm + Word + FVec + MVec + PVec + WVec Settings (changes only)  ------------------* 
 |                                                                                                                 | 
 | Name                                          |                      Now |      Default         Min         Max | 
 |                                               |                          |                                      | 
 | Beams:eA                                      |                  7.00000 |     7000.000         0.0             | 
 | Beams:eB                                      |                  4.00000 |     7000.000         0.0             | 
 | Beams:frameType                               |                        2 |            1           1           5 | 
 | Beams:idA                                     |                       11 |         2212                         | 
 | Beams:idB                                     |                      -11 |         2212                         | 
 | HadronLevel:Hadronize                         |                      off |           on                         | 
 | Next:numberCount                              |                    10000 |         1000           0             | 
 | PartonLevel:MPI                               |                      off |           on                         | 
 | Random:seed                                   |                        0 |           -1               900000000 | 
 | Random:setSeed                                |                       on |          off                         | 
 | WeakSingleBoson:ffbar2ffbar(s:gm)             |                       on |          off                         | 
 |                                                                                                                 | 
 *-------  End PYTHIA Flag + Mode + Parm + Word + FVec + MVec + PVec + WVec Settings  -----------------------------* 

 --------  PYTHIA Particle Data Table (changed only)  ------------------------------------------------------------------------------
 
      id   name            antiName         spn chg col      m0        mWidth      mMin       mMax       tau0    res dec ext vis wid
             no onMode   bRatio   meMode     products 

      15  tau-             tau+               2  -3   0    1.77682    0.00000    0.00000    0.00000  8.71100e-02   0   1   0   1   0
              0     1   0.0000000  103       36       13 
              1     1   0.0000002  103       36       11 

      36  x                                   1   0   0    0.50000    0.00000    0.00000    0.00000  1.15090e+01   0   1   0   0   0
              0     1   0.0000000  103       15      -15 
              1     1   1.0000000  103       13      -13 
              2     1   0.0000000  103       11      -11 
              3     1   0.0000000  103       22       22 

 --------  End PYTHIA Particle Data Table  -----------------------------------------------------------------------------------------


 --------  PYTHIA Info Listing  ---------------------------------------- 
 
 Beam A: id =     11, pz =  5.292e+00, e =  5.292e+00, m =  5.110e-04.
 Beam B: id =    -11, pz = -5.292e+00, e =  5.292e+00, m =  5.110e-04.

 In 1: id =   11, x =  1.000e+00, pdf =  1.362e+06 at Q2 =  1.104e+02.
 In 2: id =  -11, x =  9.856e-01, pdf =  2.535e+00 at same Q2.

 Subprocess f fbar -> f' fbar' (s-channel gamma*) with code 223 is 2 -> 2.
 It has sHat =  1.104e+02,    tHat = -7.181e+00,    uHat = -1.032e+02,
       pTHat =  2.591e+00,   m3Hat =  1.057e-01,   m4Hat =  1.057e-01,
    thetaHat =  5.158e-01,  phiHat =  4.522e+00.
     alphaEM =  7.631e-03,  alphaS =  1.978e-01    at Q2 =  1.104e+02.

 Impact parameter b =  0.000e+00 gives enhancement factor =  1.000e+00.
 Max pT scale for MPI =  1.058e+01, ISR =  1.058e+01, FSR =  1.058e+01.
 Number of MPI =     1, ISR =     1, FSRproc =     1, FSRreson =     0.

 --------  End PYTHIA Info Listing  ------------------------------------

 --------  PYTHIA Event Listing  (hard process)  -----------------------------------------------------------------------------------
 
    no         id  name            status     mothers   daughters     colours      p_x        p_y        p_z         e          m 
     0         90  (system)           -11     0     0     0     0     0     0      0.000      0.000      3.000     11.000     10.583
     1         11  (e-)               -12     0     0     3     0     0     0      0.000      0.000      7.000      7.000      0.001
     2        -11  (e+)               -12     0     0     4     0     0     0      0.000      0.000     -4.000      4.000      0.001
     3         11  (e-)               -21     1     0     5     6     0     0      0.000      0.000      7.000      7.000      0.000
     4        -11  (e+)               -21     2     0     5     6     0     0      0.000      0.000     -3.942      3.942      0.000
     5         13  mu-                 23     3     4     0     0     0     0     -0.490     -2.544      6.287      6.801      0.106
     6        -13  mu+                 23     3     4     0     0     0     0      0.490      2.544     -3.229      4.141      0.106
                                   Charge sum:  0.000           Momentum sum:      0.000      0.000      3.058     10.942     10.506

 --------  End PYTHIA Event Listing  -----------------------------------------------------------------------------------------------

 --------  PYTHIA Event Listing  (complete event)  ---------------------------------------------------------------------------------
 
    no         id  name            status     mothers   daughters     colours      p_x        p_y        p_z         e          m 
     0         90  (system)           -11     0     0     0     0     0     0      0.000      0.000      3.000     11.000     10.583
     1         11  (e-)               -12     0     0    15     0     0     0      0.000      0.000      7.000      7.000      0.001
     2        -11  (e+)               -12     0     0    16     0     0     0      0.000      0.000     -4.000      4.000      0.001
     3         11  (e-)               -21     7     7     5     6     0     0      0.000      0.000      7.000      7.000      0.000
     4        -11  (e+)               -21     8     0     5     6     0     0      0.000      0.000     -3.942      3.942      0.000
     5         13  (mu-)              -23     3     4     9     9     0     0     -0.490     -2.544      6.287      6.801      0.106
     6        -13  (mu+)              -23     3     4    10    10     0     0      0.490      2.544     -3.229      4.141      0.106
     7         11  (e-)               -42    15    15     3     3     0     0      0.000     -0.000      7.000      7.000      0.000
     8        -11  (e+)               -41    16    16    11     4     0     0     -0.000      0.000     -4.000      4.000      0.000
     9         13  (mu-)              -44     5     5    14    14     0     0     -0.489     -2.547      6.288      6.803      0.106
    10        -13  (mu+)              -44     6     6    12    13     0     0      0.504      2.495     -3.254      4.133      0.106
    11         22  (gamma)            -43     8     0    19    19     0     0     -0.015      0.052     -0.034      0.064      0.000
    12        -13  (mu+)              -51    10     0    18    18     0     0      0.501      2.487     -3.256      4.129      0.106
    13         22  (gamma)            -51    10     0    20    20     0     0      0.003      0.005      0.009      0.010      0.000
    14         13  (mu-)              -52     9     9    17    17     0     0     -0.489     -2.545      6.282      6.796      0.106
    15         11  (e-)               -61     1     0     7     7     0     0     -0.000      0.000      7.000      7.000      0.000
    16        -11  (e+)               -61     2     0     8     8     0     0      0.000     -0.000     -4.000      4.000      0.000
    17         13  mu-                 62    14    14     0     0     0     0     -0.489     -2.545      6.282      6.796      0.106
    18        -13  mu+                 62    12    12     0     0     0     0      0.501      2.487     -3.256      4.129      0.106
    19         22  gamma               62    11    11     0     0     0     0     -0.015      0.052     -0.034      0.064      0.000
    20         22  gamma               62    13    13     0     0     0     0      0.003      0.005      0.009      0.010      0.000
    21         22  gamma               63     1     0     0     0     0     0      0.000      0.000      0.000      0.000      0.000
    22         22  gamma               63     2     0     0     0     0     0      0.000      0.000     -0.000      0.000      0.000
                                   Charge sum:  0.000           Momentum sum:      0.000      0.000      3.000     11.000     10.583

 --------  End PYTHIA Event Listing  -----------------------------------------------------------------------------------------------
 PYTHIA Warning in TauDecays::decay: unknown correlated tau production, assuming from unpolarized photon  
 PYTHIA Warning in PhaseSpace2to2tauyz::trialKin: maximum for cross section violated  

 *-------  PYTHIA Event and Cross Section Statistics  -------------------------------------------------------------*
 |                                                                                                                 |
 | Subprocess                                    Code |            Number of events       |      sigma +- delta    |
 |                                                    |       Tried   Selected   Accepted |     (estimated) (mb)   |
 |                                                    |                                   |                        |
 |-----------------------------------------------------------------------------------------------------------------|
 |                                                    |                                   |                        |
 | f fbar -> f' fbar' (s-channel gamma*)          223 |      257782      10000      10000 |   5.960e-06  2.895e-08 |
 |                                                    |                                   |                        |
 | sum                                                |      257782      10000      10000 |   5.960e-06  2.895e-08 |
 |                                                                                                                 |
 *-------  End PYTHIA Event and Cross Section Statistics ----------------------------------------------------------*

 *-------  PYTHIA Error and Warning Messages Statistics  ----------------------------------------------------------* 
 |                                                                                                                 | 
 |  times   message                                                                                                | 
 |                                                                                                                 | 
 |      9   Warning in PhaseSpace2to2tauyz::trialKin: maximum for cross section violated                           | 
 |   1507   Warning in TauDecays::decay: unknown correlated tau production, assuming from unpolarized photon       | 
 |                                                                                                                 | 
 *-------  End PYTHIA Error and Warning Messages Statistics  ------------------------------------------------------* 
Gammatau2xmu: 0.000e+00

Gammatau2xe: 4.258e-19

BRtau2xmu: 0.000e+00

BRtau2xe: 1.879e-07

BRtau2xmu + BRtau2xe: 1.879e-07

produced tau excluding those daughters are also tau lepton: 3.014e+03
produced X: 3.014e+03
produced X/NMC: 3.014e-01

Proportion of X flying forward (eta>0): 6.317e-01
Proportion of X flying backward (eta<0): 3.683e-01

Total Gamma [GeV]: 1.715e-14
ctau [m]: 1.151e-02

Gammax2tautau: 0.000e+00

Gammax2mumu: 1.715e-14

Gammax2ee: 0.000e+00

Gammax2gmgm: 0.000e+00

BRx2tautau: 0.000e+00

BRx2mumu: 1.000e+00

BRx2ee: 0.000e+00

BRx2gmgm: 0.000e+00

X: insideFidVol: 4.070e+02
observedX: 3.954e+02
visibleX: 3.954e+01

X Observed Fiducial efficiency: 1.312e-01
X Visible Fiducial efficiency: 1.312e-02

reallyProduced tau: 9.200e+10
total number of tau-tau events: 4.600e+10

reallyProducedX: 6.088e+03
reallyobservedX: 7.988e+02
reallyvisibleX: 7.988e+01

