mX:  1.5
g_AB_Lamb:  1e-07
g_CC_Lamb:  1.5e-06
NMC 100000

 *-------  PYTHIA Process Initialization  --------------------------*
 |                                                                  |
 | We collide e- with e+ at a CM energy of 1.058e+01 GeV            |
 |                                                                  |
 |------------------------------------------------------------------|
 |                                                    |             |
 | Subprocess                                    Code |   Estimated |
 |                                                    |    max (mb) |
 |                                                    |             |
 |------------------------------------------------------------------|
 |                                                    |             |
 | f fbar -> f' fbar' (s-channel gamma*)          223 |   1.236e-04 |
 |                                                                  |
 *-------  End PYTHIA Process Initialization -----------------------*

 *-------  PYTHIA Flag + Mode + Parm + Word + FVec + MVec + PVec + WVec Settings (changes only)  ------------------* 
 |                                                                                                                 | 
 | Name                                          |                      Now |      Default         Min         Max | 
 |                                               |                          |                                      | 
 | Beams:eA                                      |                  7.00000 |     7000.000         0.0             | 
 | Beams:eB                                      |                  4.00000 |     7000.000         0.0             | 
 | Beams:frameType                               |                        2 |            1           1           5 | 
 | Beams:idA                                     |                       11 |         2212                         | 
 | Beams:idB                                     |                      -11 |         2212                         | 
 | HadronLevel:Hadronize                         |                      off |           on                         | 
 | Next:numberCount                              |                    10000 |         1000           0             | 
 | PartonLevel:MPI                               |                      off |           on                         | 
 | Random:seed                                   |                        0 |           -1               900000000 | 
 | Random:setSeed                                |                       on |          off                         | 
 | WeakSingleBoson:ffbar2ffbar(s:gm)             |                       on |          off                         | 
 |                                                                                                                 | 
 *-------  End PYTHIA Flag + Mode + Parm + Word + FVec + MVec + PVec + WVec Settings  -----------------------------* 

 --------  PYTHIA Particle Data Table (changed only)  ------------------------------------------------------------------------------
 
      id   name            antiName         spn chg col      m0        mWidth      mMin       mMax       tau0    res dec ext vis wid
             no onMode   bRatio   meMode     products 

      15  tau-             tau+               2  -3   0    1.77682    0.00000    0.00000    0.00000  8.71100e-02   0   1   0   1   0
              0     1   0.0000726  103       36       13 
              1     1   0.0000813  103       36       11 

      36  x                                   1   0   0    1.50000    0.00000    0.00000    0.00000  1.16494e+00   0   1   0   0   0
              0     1   0.0000000  103       15      -15 
              1     1   0.9951390  103       13      -13 
              2     1   0.0048613  103       11      -11 
              3     1   0.0000000  103       22       22 

 --------  End PYTHIA Particle Data Table  -----------------------------------------------------------------------------------------

 PYTHIA Warning in TauDecays::decay: unknown correlated tau production, assuming from unpolarized photon  

 --------  PYTHIA Info Listing  ---------------------------------------- 
 
 Beam A: id =     11, pz =  5.292e+00, e =  5.292e+00, m =  5.110e-04.
 Beam B: id =    -11, pz = -5.292e+00, e =  5.292e+00, m =  5.110e-04.

 In 1: id =   11, x =  8.760e-01, pdf =  2.573e-01 at Q2 =  9.811e+01.
 In 2: id =  -11, x =  1.000e+00, pdf =  1.313e+07 at same Q2.

 Subprocess f fbar -> f' fbar' (s-channel gamma*) with code 223 is 2 -> 2.
 It has sHat =  9.811e+01,    tHat = -8.379e+00,    uHat = -8.974e+01,
       pTHat =  2.584e+00,   m3Hat =  1.777e+00,   m4Hat =  1.777e+00,
    thetaHat =  5.931e-01,  phiHat =  2.251e+00.
     alphaEM =  7.626e-03,  alphaS =  2.007e-01    at Q2 =  9.811e+01.

 Impact parameter b =  0.000e+00 gives enhancement factor =  1.000e+00.
 Max pT scale for MPI =  1.058e+01, ISR =  1.058e+01, FSR =  1.058e+01.
 Number of MPI =     1, ISR =     1, FSRproc =     0, FSRreson =     0.

 --------  End PYTHIA Info Listing  ------------------------------------

 --------  PYTHIA Event Listing  (hard process)  -----------------------------------------------------------------------------------
 
    no         id  name            status     mothers   daughters     colours      p_x        p_y        p_z         e          m 
     0         90  (system)           -11     0     0     0     0     0     0      0.000      0.000      3.000     11.000     10.583
     1         11  (e-)               -12     0     0     3     0     0     0      0.000      0.000      7.000      7.000      0.001
     2        -11  (e+)               -12     0     0     4     0     0     0      0.000      0.000     -4.000      4.000      0.001
     3         11  (e-)               -21     1     0     5     6     0     0      0.000      0.000      6.132      6.132      0.000
     4        -11  (e+)               -21     2     0     5     6     0     0      0.000      0.000     -4.000      4.000      0.000
     5         15  tau-                23     3     4     0     0     0     0     -1.625      2.009      4.987      5.891      1.777
     6        -15  tau+                23     3     4     0     0     0     0      1.625     -2.009     -2.855      4.241      1.777
                                   Charge sum:  0.000           Momentum sum:      0.000      0.000      2.132     10.132      9.905

 --------  End PYTHIA Event Listing  -----------------------------------------------------------------------------------------------

 --------  PYTHIA Event Listing  (complete event)  ---------------------------------------------------------------------------------
 
    no         id  name            status     mothers   daughters     colours      p_x        p_y        p_z         e          m 
     0         90  (system)           -11     0     0     0     0     0     0      0.000      0.000      3.000     11.000     10.583
     1         11  (e-)               -12     0     0    12     0     0     0      0.000      0.000      7.000      7.000      0.001
     2        -11  (e+)               -12     0     0    13     0     0     0      0.000      0.000     -4.000      4.000      0.001
     3         11  (e-)               -21     7     0     5     6     0     0      0.000      0.000      6.132      6.132      0.000
     4        -11  (e+)               -21     8     8     5     6     0     0      0.000      0.000     -4.000      4.000      0.000
     5         15  (tau-)             -23     3     4     9     9     0     0     -1.625      2.009      4.987      5.891      1.777
     6        -15  (tau+)             -23     3     4    10    10     0     0      1.625     -2.009     -2.855      4.241      1.777
     7         11  (e-)               -41    12    12    11     3     0     0      0.000     -0.000      7.000      7.000      0.000
     8        -11  (e+)               -42    13    13     4     4     0     0     -0.000      0.000     -4.000      4.000      0.000
     9         15  (tau-)             -44     5     5    14    14     0     0     -1.555      1.507      5.687      6.339      1.777
    10        -15  (tau+)             -44     6     6    15    15     0     0      1.633     -2.073     -2.538      4.070      1.777
    11         22  (gamma)            -43     7     0    16    16     0     0     -0.078      0.566     -0.149      0.591      0.000
    12         11  (e-)               -61     1     0     7     7     0     0      0.000     -0.000      7.000      7.000      0.000
    13        -11  (e+)               -61     2     0     8     8     0     0      0.000      0.000     -4.000      4.000      0.000
    14         15  (tau-)             -62     9     9    19    20     0     0     -1.555      1.507      5.687      6.339      1.777
    15        -15  (tau+)             -62    10    10    21    22     0     0      1.633     -2.073     -2.538      4.070      1.777
    16         22  gamma               62    11    11     0     0     0     0     -0.078      0.566     -0.149      0.591      0.000
    17         22  gamma               63     1     0     0     0     0     0      0.000      0.000      0.000      0.000      0.000
    18         22  gamma               63     2     0     0     0     0     0      0.000      0.000     -0.000      0.000      0.000
    19         36  (x)                -91    14     0    23    24     0     0     -1.645      1.343      5.113      5.736      1.500
    20         11  e-                  91    14     0     0     0     0     0      0.089      0.164      0.574      0.603      0.001
    21         36  (x)                -91    15     0    25    26     0     0      1.608     -2.134     -2.322      3.845      1.500
    22        -11  e+                  91    15     0     0     0     0     0      0.026      0.060     -0.216      0.226      0.001
    23         13  mu-                 91    19     0     0     0     0     0     -0.624      1.357      3.684      3.977      0.106
    24        -13  mu+                 91    19     0     0     0     0     0     -1.021     -0.014      1.429      1.759      0.106
    25         13  mu-                 91    21     0     0     0     0     0      0.159     -1.228     -1.494      1.943      0.106
    26        -13  mu+                 91    21     0     0     0     0     0      1.448     -0.906     -0.829      1.902      0.106
                                   Charge sum:  0.000           Momentum sum:      0.000      0.000      3.000     11.000     10.583

 --------  End PYTHIA Event Listing  -----------------------------------------------------------------------------------------------
 PYTHIA Warning in PhaseSpace2to2tauyz::trialKin: maximum for cross section violated  

 Pythia::next(): 10000 events have been generated 

 Pythia::next(): 20000 events have been generated 

 Pythia::next(): 30000 events have been generated 

 Pythia::next(): 40000 events have been generated 

 Pythia::next(): 50000 events have been generated 

 Pythia::next(): 60000 events have been generated 

 Pythia::next(): 70000 events have been generated 

 Pythia::next(): 80000 events have been generated 

 Pythia::next(): 90000 events have been generated 

 *-------  PYTHIA Event and Cross Section Statistics  -------------------------------------------------------------*
 |                                                                                                                 |
 | Subprocess                                    Code |            Number of events       |      sigma +- delta    |
 |                                                    |       Tried   Selected   Accepted |     (estimated) (mb)   |
 |                                                    |                                   |                        |
 |-----------------------------------------------------------------------------------------------------------------|
 |                                                    |                                   |                        |
 | f fbar -> f' fbar' (s-channel gamma*)          223 |     2067076     100000     100000 |   5.992e-06  1.027e-08 |
 |                                                    |                                   |                        |
 | sum                                                |     2067076     100000     100000 |   5.992e-06  1.027e-08 |
 |                                                                                                                 |
 *-------  End PYTHIA Event and Cross Section Statistics ----------------------------------------------------------*

 *-------  PYTHIA Error and Warning Messages Statistics  ----------------------------------------------------------* 
 |                                                                                                                 | 
 |  times   message                                                                                                | 
 |                                                                                                                 | 
 |   3694   Warning in PhaseSpace2to2tauyz::trialKin: maximum for cross section violated                           | 
 |  14658   Warning in TauDecays::decay: unknown correlated tau production, assuming from unpolarized photon       | 
 |                                                                                                                 | 
 *-------  End PYTHIA Error and Warning Messages Statistics  ------------------------------------------------------* 
Gammatau2xmu: 1.646e-16

Gammatau2xe: 1.843e-16

BRtau2xmu: 7.263e-05

BRtau2xe: 8.133e-05

BRtau2xmu + BRtau2xe: 1.540e-04

produced tau excluding those daughters are also tau lepton: 2.932e+04
produced X: 2.932e+04
produced X/NMC: 2.932e-01

Proportion of X flying forward (eta>0): 6.207e-01
Proportion of X flying backward (eta<0): 3.793e-01

Total Gamma [GeV]: 1.694e-13
ctau [m]: 1.165e-03

Gammax2tautau: 0.000e+00

Gammax2mumu: 1.686e-13

Gammax2ee: 8.234e-16

Gammax2gmgm: 0.000e+00

BRx2tautau: 0.000e+00

BRx2mumu: 9.951e-01

BRx2ee: 4.861e-03

BRx2gmgm: 0.000e+00

X: insideFidVol: 0.000e+00
observedX: 3.329e-09
visibleX: 0.000e+00

X Observed Fiducial efficiency: 1.136e-13
X Visible Fiducial efficiency: 0.000e+00

reallyProduced tau: 9.200e+10
total number of tau-tau events: 4.600e+10

reallyProducedX: 4.987e+06
reallyobservedX: 5.664e-07
reallyvisibleX: 0.000e+00

