mX:  1.5
g_AB_Lamb:  6e-09
g_CC_Lamb:  1.5e-11
NMC 100000
 PYTHIA Warning in PhaseSpace2to2tauyz::trialKin: maximum for cross section violated  

 *-------  PYTHIA Process Initialization  --------------------------*
 |                                                                  |
 | We collide e- with e+ at a CM energy of 1.058e+01 GeV            |
 |                                                                  |
 |------------------------------------------------------------------|
 |                                                    |             |
 | Subprocess                                    Code |   Estimated |
 |                                                    |    max (mb) |
 |                                                    |             |
 |------------------------------------------------------------------|
 |                                                    |             |
 | f fbar -> f' fbar' (s-channel gamma*)          223 |   1.533e-04 |
 |                                                                  |
 *-------  End PYTHIA Process Initialization -----------------------*

 *-------  PYTHIA Flag + Mode + Parm + Word + FVec + MVec + PVec + WVec Settings (changes only)  ------------------* 
 |                                                                                                                 | 
 | Name                                          |                      Now |      Default         Min         Max | 
 |                                               |                          |                                      | 
 | Beams:eA                                      |                  7.00000 |     7000.000         0.0             | 
 | Beams:eB                                      |                  4.00000 |     7000.000         0.0             | 
 | Beams:frameType                               |                        2 |            1           1           5 | 
 | Beams:idA                                     |                       11 |         2212                         | 
 | Beams:idB                                     |                      -11 |         2212                         | 
 | HadronLevel:Hadronize                         |                      off |           on                         | 
 | Next:numberCount                              |                    10000 |         1000           0             | 
 | PartonLevel:MPI                               |                      off |           on                         | 
 | Random:seed                                   |                        0 |           -1               900000000 | 
 | Random:setSeed                                |                       on |          off                         | 
 | WeakSingleBoson:ffbar2ffbar(s:gm)             |                       on |          off                         | 
 |                                                                                                                 | 
 *-------  End PYTHIA Flag + Mode + Parm + Word + FVec + MVec + PVec + WVec Settings  -----------------------------* 

 --------  PYTHIA Particle Data Table (changed only)  ------------------------------------------------------------------------------
 
      id   name            antiName         spn chg col      m0        mWidth      mMin       mMax       tau0    res dec ext vis wid
             no onMode   bRatio   meMode     products 

      15  tau-             tau+               2  -3   0    1.77682    0.00000    0.00000    0.00000  8.71100e-02   0   1   0   1   0
              0     1   0.0000003  103       36       13 
              1     1   0.0000003  103       36       11 

      36  x                                   1   0   0    1.50000    0.00000    0.00000    0.00000  1.16494e+10   0   1   0   0   0
              0     1   0.0000000  103       15      -15 
              1     1   0.9951390  103       13      -13 
              2     1   0.0048613  103       11      -11 
              3     1   0.0000000  103       22       22 

 --------  End PYTHIA Particle Data Table  -----------------------------------------------------------------------------------------


 --------  PYTHIA Info Listing  ---------------------------------------- 
 
 Beam A: id =     11, pz =  5.292e+00, e =  5.292e+00, m =  5.110e-04.
 Beam B: id =    -11, pz = -5.292e+00, e =  5.292e+00, m =  5.110e-04.

 In 1: id =   11, x =  1.000e+00, pdf =  3.083e+04 at Q2 =  1.120e+02.
 In 2: id =  -11, x =  1.000e+00, pdf =  5.849e+07 at same Q2.

 Subprocess f fbar -> f' fbar' (s-channel gamma*) with code 223 is 2 -> 2.
 It has sHat =  1.120e+02,    tHat = -3.923e+01,    uHat = -7.277e+01,
       pTHat =  5.026e+00,   m3Hat =  5.000e-01,   m4Hat =  5.000e-01,
    thetaHat =  1.267e+00,  phiHat =  2.918e+00.
     alphaEM =  7.631e-03,  alphaS =  1.975e-01    at Q2 =  1.120e+02.

 Impact parameter b =  0.000e+00 gives enhancement factor =  1.000e+00.
 Max pT scale for MPI =  1.058e+01, ISR =  1.058e+01, FSR =  1.058e+01.
 Number of MPI =     1, ISR =     0, FSRproc =     6, FSRreson =     0.

 --------  End PYTHIA Info Listing  ------------------------------------

 --------  PYTHIA Event Listing  (hard process)  -----------------------------------------------------------------------------------
 
    no         id  name            status     mothers   daughters     colours      p_x        p_y        p_z         e          m 
     0         90  (system)           -11     0     0     0     0     0     0      0.000      0.000      3.000     11.000     10.583
     1         11  (e-)               -12     0     0     3     0     0     0      0.000      0.000      7.000      7.000      0.001
     2        -11  (e+)               -12     0     0     4     0     0     0      0.000      0.000     -4.000      4.000      0.001
     3         11  (e-)               -21     1     0     5     6     0     0      0.000      0.000      7.000      7.000      0.000
     4        -11  (e+)               -21     2     0     5     6     0     0      0.000      0.000     -4.000      4.000      0.000
     5          3  s                   23     3     4     0     0   101     0     -4.901      1.112      3.140      5.947      0.500
     6         -3  sbar                23     3     4     0     0     0   101      4.901     -1.112     -0.140      5.053      0.500
                                   Charge sum:  0.000           Momentum sum:      0.000      0.000      3.000     11.000     10.583

 --------  End PYTHIA Event Listing  -----------------------------------------------------------------------------------------------

 --------  PYTHIA Event Listing  (complete event)  ---------------------------------------------------------------------------------
 
    no         id  name            status     mothers   daughters     colours      p_x        p_y        p_z         e          m 
     0         90  (system)           -11     0     0     0     0     0     0      0.000      0.000      3.000     11.000     10.583
     1         11  (e-)               -12     0     0    25     0     0     0      0.000      0.000      7.000      7.000      0.001
     2        -11  (e+)               -12     0     0    26     0     0     0      0.000      0.000     -4.000      4.000      0.001
     3         11  (e-)               -21    25    25     5     6     0     0      0.000      0.000      7.000      7.000      0.000
     4        -11  (e+)               -21    26    26     5     6     0     0      0.000      0.000     -4.000      4.000      0.000
     5          3  (s)                -23     3     4     7     8   101     0     -4.901      1.112      3.140      5.947      0.500
     6         -3  (sbar)             -23     3     4     9     9     0   101      4.901     -1.112     -0.140      5.053      0.500
     7          3  (s)                -51     5     0    27    27   103     0     -1.354      0.024      2.442      2.837      0.500
     8         21  (g)                -51     5     0    12    12   101   103     -3.220      1.014      0.688      3.445      0.000
     9         -3  (sbar)             -52     6     6    10    11     0   101      4.574     -1.038     -0.130      4.718      0.500
    10         -3  (sbar)             -51     9     0    28    28     0   104      2.110     -0.218      0.784      2.316      0.500
    11         21  (g)                -51     9     0    15    15   104   101      2.299     -0.768     -0.878      2.578      0.000
    12         21  (g)                -52     8     8    13    14   101   103     -3.056      0.962      0.653      3.269      0.000
    13         21  (g)                -51    12     0    16    17   105   103     -2.859      0.622     -0.103      2.928      0.000
    14         21  (g)                -51    12     0    18    18   101   105      0.113      0.237      0.637      0.689      0.000
    15         21  (g)                -52    11    11    19    20   104   101      1.989     -0.664     -0.760      2.231      0.000
    16         21  (g)                -51    13     0    29    29   106   103     -1.148      0.022      0.588      1.290      0.000
    17         21  (g)                -51    13     0    32    32   105   106     -1.673      0.678     -0.478      1.867      0.000
    18         21  (g)                -52    14    14    21    21   101   105      0.076      0.158      0.424      0.459      0.000
    19         21  (g)                -51    15     0    22    23   104   107      0.848     -0.029      0.288      0.896      0.000
    20         21  (g)                -51    15     0    24    24   107   101      1.178     -0.560     -0.845      1.554      0.000
    21         21  (g)                -52    18    18    31    31   101   105      0.039      0.082      0.222      0.240      0.000
    22         21  (g)                -51    19     0    30    30   104   108      1.420      0.045     -0.523      1.514      0.000
    23         21  (g)                -51    19     0    34    34   108   107      0.429     -0.549      0.092      0.703      0.000
    24         21  (g)                -52    20    20    33    33   107   101      0.177     -0.084     -0.127      0.233      0.000
    25         11  (e-)               -61     1     0     3     3     0     0      0.000      0.000      7.000      7.000      0.000
    26        -11  (e+)               -61     2     0     4     4     0     0      0.000      0.000     -4.000      4.000      0.000
    27          3  s                   62     7     7     0     0   103     0     -1.354      0.024      2.442      2.837      0.500
    28         -3  sbar                62    10    10     0     0     0   104      2.110     -0.218      0.784      2.316      0.500
    29         21  g                   62    16    16     0     0   106   103     -1.148      0.022      0.588      1.290      0.000
    30         21  g                   62    22    22     0     0   104   108      1.420      0.045     -0.523      1.514      0.000
    31         21  g                   62    21    21     0     0   101   105      0.039      0.082      0.222      0.240      0.000
    32         21  g                   62    17    17     0     0   105   106     -1.673      0.678     -0.478      1.867      0.000
    33         21  g                   62    24    24     0     0   107   101      0.177     -0.084     -0.127      0.233      0.000
    34         21  g                   62    23    23     0     0   108   107      0.429     -0.549      0.092      0.703      0.000
    35         22  gamma               63     1     0     0     0     0     0      0.000      0.000      0.000      0.000      0.000
    36         22  gamma               63     2     0     0     0     0     0      0.000      0.000     -0.000      0.000      0.000
                                   Charge sum:  0.000           Momentum sum:     -0.000      0.000      3.000     11.000     10.583

 --------  End PYTHIA Event Listing  -----------------------------------------------------------------------------------------------
 PYTHIA Warning in TauDecays::decay: unknown correlated tau production, assuming from unpolarized photon  

 Pythia::next(): 10000 events have been generated 

 Pythia::next(): 20000 events have been generated 

 Pythia::next(): 30000 events have been generated 

 Pythia::next(): 40000 events have been generated 

 Pythia::next(): 50000 events have been generated 

 Pythia::next(): 60000 events have been generated 

 Pythia::next(): 70000 events have been generated 

 Pythia::next(): 80000 events have been generated 

 Pythia::next(): 90000 events have been generated 

 *-------  PYTHIA Event and Cross Section Statistics  -------------------------------------------------------------*
 |                                                                                                                 |
 | Subprocess                                    Code |            Number of events       |      sigma +- delta    |
 |                                                    |       Tried   Selected   Accepted |     (estimated) (mb)   |
 |                                                    |                                   |                        |
 |-----------------------------------------------------------------------------------------------------------------|
 |                                                    |                                   |                        |
 | f fbar -> f' fbar' (s-channel gamma*)          223 |     2556002     100000     100000 |   6.000e-06  9.279e-09 |
 |                                                    |                                   |                        |
 | sum                                                |     2556002     100000     100000 |   6.000e-06  9.279e-09 |
 |                                                                                                                 |
 *-------  End PYTHIA Event and Cross Section Statistics ----------------------------------------------------------*

 *-------  PYTHIA Error and Warning Messages Statistics  ----------------------------------------------------------* 
 |                                                                                                                 | 
 |  times   message                                                                                                | 
 |                                                                                                                 | 
 |     28   Warning in PhaseSpace2to2tauyz::trialKin: maximum for cross section violated                           | 
 |  15007   Warning in TauDecays::decay: unknown correlated tau production, assuming from unpolarized photon       | 
 |                                                                                                                 | 
 *-------  End PYTHIA Error and Warning Messages Statistics  ------------------------------------------------------* 
Gammatau2xmu: 5.925e-19

Gammatau2xe: 6.635e-19

BRtau2xmu: 2.615e-07

BRtau2xe: 2.928e-07

BRtau2xmu + BRtau2xe: 5.544e-07

produced tau excluding those daughters are also tau lepton: 3.001e+04
produced X: 3.001e+04
produced X/NMC: 3.001e-01

Proportion of X flying forward (eta>0): 6.191e-01
Proportion of X flying backward (eta<0): 3.809e-01

Total Gamma [GeV]: 1.694e-23
ctau [m]: 1.165e+07

Gammax2tautau: 0.000e+00

Gammax2mumu: 1.686e-23

Gammax2ee: 8.234e-26

Gammax2gmgm: 0.000e+00

BRx2tautau: 0.000e+00

BRx2mumu: 9.951e-01

BRx2ee: 4.861e-03

BRx2gmgm: 0.000e+00

X: insideFidVol: 0.000e+00
observedX: 7.318e-04
visibleX: 0.000e+00

X Observed Fiducial efficiency: 2.438e-08
X Visible Fiducial efficiency: 0.000e+00

reallyProduced tau: 9.200e+10
total number of tau-tau events: 4.600e+10

reallyProducedX: 1.796e+04
reallyobservedX: 4.379e-04
reallyvisibleX: 0.000e+00

