mX:  1.5
g_AB_Lamb:  8e-08
g_CC_Lamb:  1.5e-05
NMC 100000

 *-------  PYTHIA Process Initialization  --------------------------*
 |                                                                  |
 | We collide e- with e+ at a CM energy of 1.058e+01 GeV            |
 |                                                                  |
 |------------------------------------------------------------------|
 |                                                    |             |
 | Subprocess                                    Code |   Estimated |
 |                                                    |    max (mb) |
 |                                                    |             |
 |------------------------------------------------------------------|
 |                                                    |             |
 | f fbar -> f' fbar' (s-channel gamma*)          223 |   1.544e-04 |
 |                                                                  |
 *-------  End PYTHIA Process Initialization -----------------------*

 *-------  PYTHIA Flag + Mode + Parm + Word + FVec + MVec + PVec + WVec Settings (changes only)  ------------------* 
 |                                                                                                                 | 
 | Name                                          |                      Now |      Default         Min         Max | 
 |                                               |                          |                                      | 
 | Beams:eA                                      |                  7.00000 |     7000.000         0.0             | 
 | Beams:eB                                      |                  4.00000 |     7000.000         0.0             | 
 | Beams:frameType                               |                        2 |            1           1           5 | 
 | Beams:idA                                     |                       11 |         2212                         | 
 | Beams:idB                                     |                      -11 |         2212                         | 
 | HadronLevel:Hadronize                         |                      off |           on                         | 
 | Next:numberCount                              |                    10000 |         1000           0             | 
 | PartonLevel:MPI                               |                      off |           on                         | 
 | Random:seed                                   |                        0 |           -1               900000000 | 
 | Random:setSeed                                |                       on |          off                         | 
 | WeakSingleBoson:ffbar2ffbar(s:gm)             |                       on |          off                         | 
 |                                                                                                                 | 
 *-------  End PYTHIA Flag + Mode + Parm + Word + FVec + MVec + PVec + WVec Settings  -----------------------------* 

 --------  PYTHIA Particle Data Table (changed only)  ------------------------------------------------------------------------------
 
      id   name            antiName         spn chg col      m0        mWidth      mMin       mMax       tau0    res dec ext vis wid
             no onMode   bRatio   meMode     products 

      15  tau-             tau+               2  -3   0    1.77682    0.00000    0.00000    0.00000  8.71100e-02   0   1   0   1   0
              0     1   0.0000465  103       36       13 
              1     1   0.0000521  103       36       11 

      36  x                                   1   0   0    1.50000    0.00000    0.00000    0.00000  1.16494e-02   0   1   0   0   0
              0     1   0.0000000  103       15      -15 
              1     1   0.9951390  103       13      -13 
              2     1   0.0048613  103       11      -11 
              3     1   0.0000000  103       22       22 

 --------  End PYTHIA Particle Data Table  -----------------------------------------------------------------------------------------

 PYTHIA Warning in TauDecays::decay: unknown correlated tau production, assuming from unpolarized photon  

 --------  PYTHIA Info Listing  ---------------------------------------- 
 
 Beam A: id =     11, pz =  5.292e+00, e =  5.292e+00, m =  5.110e-04.
 Beam B: id =    -11, pz = -5.292e+00, e =  5.292e+00, m =  5.110e-04.

 In 1: id =   11, x =  8.315e-01, pdf =  1.727e-01 at Q2 =  8.041e+01.
 In 2: id =  -11, x =  8.634e-01, pdf =  2.261e-01 at same Q2.

 Subprocess f fbar -> f' fbar' (s-channel gamma*) with code 223 is 2 -> 2.
 It has sHat =  8.041e+01,    tHat = -7.304e+00,    uHat = -7.311e+01,
       pTHat =  2.366e+00,   m3Hat =  1.777e+00,   m4Hat =  1.777e+00,
    thetaHat =  6.123e-01,  phiHat =  4.486e+00.
     alphaEM =  7.617e-03,  alphaS =  2.057e-01    at Q2 =  8.041e+01.

 Impact parameter b =  0.000e+00 gives enhancement factor =  1.000e+00.
 Max pT scale for MPI =  1.058e+01, ISR =  1.058e+01, FSR =  1.058e+01.
 Number of MPI =     1, ISR =     2, FSRproc =     0, FSRreson =     0.

 --------  End PYTHIA Info Listing  ------------------------------------

 --------  PYTHIA Event Listing  (hard process)  -----------------------------------------------------------------------------------
 
    no         id  name            status     mothers   daughters     colours      p_x        p_y        p_z         e          m 
     0         90  (system)           -11     0     0     0     0     0     0      0.000      0.000      3.000     11.000     10.583
     1         11  (e-)               -12     0     0     3     0     0     0      0.000      0.000      7.000      7.000      0.001
     2        -11  (e+)               -12     0     0     4     0     0     0      0.000      0.000     -4.000      4.000      0.001
     3         11  (e-)               -21     1     0     5     6     0     0      0.000      0.000      5.821      5.821      0.000
     4        -11  (e+)               -21     2     0     5     6     0     0      0.000      0.000     -3.454      3.454      0.000
     5         15  tau-                23     3     4     0     0     0     0     -0.532     -2.305      4.667      5.526      1.777
     6        -15  tau+                23     3     4     0     0     0     0      0.532      2.305     -2.301      3.748      1.777
                                   Charge sum:  0.000           Momentum sum:      0.000      0.000      2.367      9.274      8.967

 --------  End PYTHIA Event Listing  -----------------------------------------------------------------------------------------------

 --------  PYTHIA Event Listing  (complete event)  ---------------------------------------------------------------------------------
 
    no         id  name            status     mothers   daughters     colours      p_x        p_y        p_z         e          m 
     0         90  (system)           -11     0     0     0     0     0     0      0.000      0.000      3.000     11.000     10.583
     1         11  (e-)               -12     0     0    18     0     0     0      0.000      0.000      7.000      7.000      0.001
     2        -11  (e+)               -12     0     0    19     0     0     0      0.000      0.000     -4.000      4.000      0.001
     3         11  (e-)               -21     7     0     5     6     0     0      0.000      0.000      5.821      5.821      0.000
     4        -11  (e+)               -21     8     8     5     6     0     0      0.000      0.000     -3.454      3.454      0.000
     5         15  (tau-)             -23     3     4     9     9     0     0     -0.532     -2.305      4.667      5.526      1.777
     6        -15  (tau+)             -23     3     4    10    10     0     0      0.532      2.305     -2.301      3.748      1.777
     7         11  (e-)               -41    12    12    11     3     0     0     -0.000      0.000      7.000      7.000      0.000
     8        -11  (e+)               -42    13     0     4     4     0     0      0.000      0.000     -3.454      3.454      0.000
     9         15  (tau-)             -44     5     5    14    14     0     0     -0.431     -2.220      4.700      5.511      1.777
    10        -15  (tau+)             -44     6     6    15    15     0     0      0.546      2.318     -2.319      3.769      1.777
    11         22  (gamma)            -43     7     0    16    16     0     0     -0.115     -0.097      1.165      1.174      0.000
    12         11  (e-)               -42    18    18     7     7     0     0      0.000      0.000      7.000      7.000      0.000
    13        -11  (e+)               -41    19    19    17     8     0     0     -0.000     -0.000     -4.000      4.000      0.000
    14         15  (tau-)             -44     9     9    20    20     0     0     -0.431     -2.221      4.701      5.511      1.777
    15        -15  (tau+)             -44    10    10    21    21     0     0      0.544      2.316     -2.320      3.768      1.777
    16         22  (gamma)            -44    11    11    22    22     0     0     -0.115     -0.097      1.165      1.174      0.000
    17         22  (gamma)            -43    13     0    23    23     0     0      0.002      0.001     -0.546      0.546      0.000
    18         11  (e-)               -61     1     0    12    12     0     0      0.000      0.000      7.000      7.000      0.000
    19        -11  (e+)               -61     2     0    13    13     0     0     -0.000     -0.000     -4.000      4.000      0.000
    20         15  (tau-)             -62    14    14    28    29     0     0     -0.431     -2.221      4.701      5.511      1.777
    21        -15  (tau+)             -62    15    15    26    27     0     0      0.544      2.316     -2.320      3.768      1.777
    22         22  gamma               62    16    16     0     0     0     0     -0.115     -0.097      1.165      1.174      0.000
    23         22  gamma               62    17    17     0     0     0     0      0.002      0.001     -0.546      0.546      0.000
    24         22  gamma               63     1     0     0     0     0     0      0.000      0.000      0.000      0.000      0.000
    25         22  gamma               63     2     0     0     0     0     0      0.000      0.000     -0.000      0.000      0.000
    26         36  (x)                -91    21     0    30    31     0     0      0.412      1.608     -1.894      2.931      1.500
    27        -11  e+                  91    21     0     0     0     0     0      0.132      0.708     -0.426      0.837      0.001
    28         36  (x)                -91    20     0    32    33     0     0     -0.528     -2.007      3.815      4.595      1.500
    29         11  e-                  91    20     0     0     0     0     0      0.097     -0.214      0.886      0.916      0.001
    30         13  mu-                 91    26     0     0     0     0     0      0.159      0.188      0.236      0.357      0.106
    31        -13  mu+                 91    26     0     0     0     0     0      0.253      1.420     -2.130      2.574      0.106
    32         13  mu-                 91    28     0     0     0     0     0     -1.049     -1.261      2.488      2.982      0.106
    33        -13  mu+                 91    28     0     0     0     0     0      0.521     -0.746      1.327      1.613      0.106
                                   Charge sum:  0.000           Momentum sum:     -0.000     -0.000      3.000     11.000     10.583

 --------  End PYTHIA Event Listing  -----------------------------------------------------------------------------------------------

 Pythia::next(): 10000 events have been generated 

 Pythia::next(): 20000 events have been generated 

 Pythia::next(): 30000 events have been generated 

 Pythia::next(): 40000 events have been generated 

 Pythia::next(): 50000 events have been generated 

 Pythia::next(): 60000 events have been generated 

 Pythia::next(): 70000 events have been generated 

 Pythia::next(): 80000 events have been generated 

 Pythia::next(): 90000 events have been generated 

 *-------  PYTHIA Event and Cross Section Statistics  -------------------------------------------------------------*
 |                                                                                                                 |
 | Subprocess                                    Code |            Number of events       |      sigma +- delta    |
 |                                                    |       Tried   Selected   Accepted |     (estimated) (mb)   |
 |                                                    |                                   |                        |
 |-----------------------------------------------------------------------------------------------------------------|
 |                                                    |                                   |                        |
 | f fbar -> f' fbar' (s-channel gamma*)          223 |     2572750     100000     100000 |   5.995e-06  9.123e-09 |
 |                                                    |                                   |                        |
 | sum                                                |     2572750     100000     100000 |   5.995e-06  9.123e-09 |
 |                                                                                                                 |
 *-------  End PYTHIA Event and Cross Section Statistics ----------------------------------------------------------*

 *-------  PYTHIA Error and Warning Messages Statistics  ----------------------------------------------------------* 
 |                                                                                                                 | 
 |  times   message                                                                                                | 
 |                                                                                                                 | 
 |  14792   Warning in TauDecays::decay: unknown correlated tau production, assuming from unpolarized photon       | 
 |                                                                                                                 | 
 *-------  End PYTHIA Error and Warning Messages Statistics  ------------------------------------------------------* 
Gammatau2xmu: 1.053e-16

Gammatau2xe: 1.180e-16

BRtau2xmu: 4.649e-05

BRtau2xe: 5.205e-05

BRtau2xmu + BRtau2xe: 9.854e-05

produced tau excluding those daughters are also tau lepton: 2.958e+04
produced X: 2.958e+04
produced X/NMC: 2.958e-01

Proportion of X flying forward (eta>0): 6.224e-01
Proportion of X flying backward (eta<0): 3.776e-01

Total Gamma [GeV]: 1.694e-11
ctau [m]: 1.165e-05

Gammax2tautau: 0.000e+00

Gammax2mumu: 1.686e-11

Gammax2ee: 8.234e-14

Gammax2gmgm: 0.000e+00

BRx2tautau: 0.000e+00

BRx2mumu: 9.951e-01

BRx2ee: 4.861e-03

BRx2gmgm: 0.000e+00

X: insideFidVol: 0.000e+00
observedX: 0.000e+00
visibleX: 0.000e+00

X Observed Fiducial efficiency: 0.000e+00
X Visible Fiducial efficiency: 0.000e+00

reallyProduced tau: 9.200e+10
total number of tau-tau events: 4.600e+10

reallyProducedX: 3.192e+06
reallyobservedX: 0.000e+00
reallyvisibleX: 0.000e+00

