mX:  1.5
g_TE_Lamb:  1e-08
g_EE_Lamb:  0.003
NMC 10000

 *-------  PYTHIA Process Initialization  --------------------------*
 |                                                                  |
 | We collide e- with e+ at a CM energy of 1.058e+01 GeV            |
 |                                                                  |
 |------------------------------------------------------------------|
 |                                                    |             |
 | Subprocess                                    Code |   Estimated |
 |                                                    |    max (mb) |
 |                                                    |             |
 |------------------------------------------------------------------|
 |                                                    |             |
 | f fbar -> f' fbar' (s-channel gamma*)          223 |   1.497e-04 |
 |                                                                  |
 *-------  End PYTHIA Process Initialization -----------------------*

 *-------  PYTHIA Flag + Mode + Parm + Word + FVec + MVec + PVec + WVec Settings (changes only)  ------------------* 
 |                                                                                                                 | 
 | Name                                          |                      Now |      Default         Min         Max | 
 |                                               |                          |                                      | 
 | Beams:eA                                      |                  7.00000 |     7000.000         0.0             | 
 | Beams:eB                                      |                  4.00000 |     7000.000         0.0             | 
 | Beams:frameType                               |                        2 |            1           1           5 | 
 | Beams:idA                                     |                       11 |         2212                         | 
 | Beams:idB                                     |                      -11 |         2212                         | 
 | HadronLevel:Hadronize                         |                      off |           on                         | 
 | Next:numberCount                              |                    10000 |         1000           0             | 
 | PartonLevel:MPI                               |                      off |           on                         | 
 | Random:seed                                   |                        0 |           -1               900000000 | 
 | Random:setSeed                                |                       on |          off                         | 
 | WeakSingleBoson:ffbar2ffbar(s:gm)             |                       on |          off                         | 
 |                                                                                                                 | 
 *-------  End PYTHIA Flag + Mode + Parm + Word + FVec + MVec + PVec + WVec Settings  -----------------------------* 

 --------  PYTHIA Particle Data Table (changed only)  ------------------------------------------------------------------------------
 
      id   name            antiName         spn chg col      m0        mWidth      mMin       mMax       tau0    res dec ext vis wid
             no onMode   bRatio   meMode     products 

      15  tau-             tau+               2  -3   0    1.77682    0.00000    0.00000    0.00000  8.71100e-02   0   1   0   1   0
              0     1   0.0000000  103       36       13 
              1     1   0.0000008  103       36       11 

      36  x                                   1   0   0    1.50000    0.00000    0.00000    0.00000  5.99089e-05   0   1   0   0   0
              0     1   0.0000000  103       15      -15 
              1     1   0.0000000  103       13      -13 
              2     1   1.0000000  103       11      -11 
              3     1   0.0000000  103       22       22 

 --------  End PYTHIA Particle Data Table  -----------------------------------------------------------------------------------------


 --------  PYTHIA Info Listing  ---------------------------------------- 
 
 Beam A: id =     11, pz =  5.292e+00, e =  5.292e+00, m =  5.110e-04.
 Beam B: id =    -11, pz = -5.292e+00, e =  5.292e+00, m =  5.110e-04.

 In 1: id =   11, x =  2.849e-01, pdf =  8.846e-03 at Q2 =  2.272e+01.
 In 2: id =  -11, x =  7.120e-01, pdf =  7.374e-02 at same Q2.

 Subprocess f fbar -> f' fbar' (s-channel gamma*) with code 223 is 2 -> 2.
 It has sHat =  2.272e+01,    tHat = -7.443e+00,    uHat = -1.527e+01,
       pTHat =  1.738e+00,   m3Hat =  1.500e+00,   m4Hat =  1.500e+00,
    thetaHat =  1.219e+00,  phiHat =  6.746e-01.
     alphaEM =  7.566e-03,  alphaS =  2.445e-01    at Q2 =  2.272e+01.

 Impact parameter b =  0.000e+00 gives enhancement factor =  1.000e+00.
 Max pT scale for MPI =  1.058e+01, ISR =  4.766e+00, FSR =  4.766e+00.
 Number of MPI =     1, ISR =     2, FSRproc =     1, FSRreson =     0.

 --------  End PYTHIA Info Listing  ------------------------------------

 --------  PYTHIA Event Listing  (hard process)  -----------------------------------------------------------------------------------
 
    no         id  name            status     mothers   daughters     colours      p_x        p_y        p_z         e          m 
     0         90  (system)           -11     0     0     0     0     0     0      0.000      0.000      3.000     11.000     10.583
     1         11  (e-)               -12     0     0     3     0     0     0      0.000      0.000      7.000      7.000      0.001
     2        -11  (e+)               -12     0     0     4     0     0     0      0.000      0.000     -4.000      4.000      0.001
     3         11  (e-)               -21     1     0     5     6     0     0      0.000      0.000      1.994      1.994      0.000
     4        -11  (e+)               -21     2     0     5     6     0     0      0.000      0.000     -2.848      2.848      0.000
     5          4  c                   23     3     4     0     0   101     0      1.358      1.086      0.222      2.307      1.500
     6         -4  cbar                23     3     4     0     0     0   101     -1.358     -1.086     -1.076      2.536      1.500
                                   Charge sum:  0.000           Momentum sum:      0.000      0.000     -0.854      4.842      4.766

 --------  End PYTHIA Event Listing  -----------------------------------------------------------------------------------------------

 --------  PYTHIA Event Listing  (complete event)  ---------------------------------------------------------------------------------
 
    no         id  name            status     mothers   daughters     colours      p_x        p_y        p_z         e          m 
     0         90  (system)           -11     0     0     0     0     0     0      0.000      0.000      3.000     11.000     10.583
     1         11  (e-)               -12     0     0    23     0     0     0      0.000      0.000      7.000      7.000      0.001
     2        -11  (e+)               -12     0     0    24     0     0     0      0.000      0.000     -4.000      4.000      0.001
     3         11  (e-)               -21    10     0     5     6     0     0      0.000      0.000      1.994      1.994      0.000
     4        -11  (e+)               -21    11    11     5     6     0     0      0.000      0.000     -2.848      2.848      0.000
     5          4  (c)                -23     3     4     7     8   101     0      1.358      1.086      0.222      2.307      1.500
     6         -4  (cbar)             -23     3     4     9     9     0   101     -1.358     -1.086     -1.076      2.536      1.500
     7          4  (c)                -51     5     0    12    12   102     0      1.290      0.508      0.453      2.092      1.500
     8         21  (g)                -51     5     0    14    14   101   102     -0.329      0.260     -0.491      0.646      0.000
     9         -4  (cbar)             -52     6     6    13    13     0   101     -0.961     -0.768     -0.816      2.104      1.500
    10         11  (e-)               -41    16    16    15     3     0     0      0.000     -0.000      7.000      7.000      0.000
    11        -11  (e+)               -42    17     0     4     4     0     0     -0.000     -0.000     -2.848      2.848      0.000
    12          4  (c)                -44     7     7    18    18   102     0      1.291      0.509      0.452      2.093      1.500
    13         -4  (cbar)             -44     9     9    19    19     0   101     -0.960     -0.768     -0.815      2.103      1.500
    14         21  (g)                -44     8     8    20    20   101   102     -0.329      0.261     -0.491      0.646      0.000
    15         22  (gamma)            -43    10     0    21    21     0     0     -0.003     -0.001      5.006      5.006      0.000
    16         11  (e-)               -42    23    23    10    10     0     0      0.000      0.000      7.000      7.000      0.000
    17        -11  (e+)               -41    24    24    22    11     0     0     -0.000     -0.000     -4.000      4.000      0.000
    18          4  (c)                -44    12    12    25    25   102     0      1.292      0.509      0.452      2.093      1.500
    19         -4  (cbar)             -44    13    13    26    26     0   101     -0.959     -0.768     -0.815      2.103      1.500
    20         21  (g)                -44    14    14    27    27   101   102     -0.329      0.261     -0.491      0.646      0.000
    21         22  (gamma)            -44    15    15    28    28     0     0     -0.003     -0.001      5.006      5.006      0.000
    22         22  (gamma)            -43    17     0    29    29     0     0     -0.001     -0.001     -1.152      1.152      0.000
    23         11  (e-)               -61     1     0    16    16     0     0      0.000      0.000      7.000      7.000      0.000
    24        -11  (e+)               -61     2     0    17    17     0     0     -0.000     -0.000     -4.000      4.000      0.000
    25          4  c                   62    18    18     0     0   102     0      1.292      0.509      0.452      2.093      1.500
    26         -4  cbar                62    19    19     0     0     0   101     -0.959     -0.768     -0.815      2.103      1.500
    27         21  g                   62    20    20     0     0   101   102     -0.329      0.261     -0.491      0.646      0.000
    28         22  gamma               62    21    21     0     0     0     0     -0.003     -0.001      5.006      5.006      0.000
    29         22  gamma               62    22    22     0     0     0     0     -0.001     -0.001     -1.152      1.152      0.000
    30         22  gamma               63     1     0     0     0     0     0      0.000      0.000      0.000      0.000      0.000
    31         22  gamma               63     2     0     0     0     0     0      0.000      0.000     -0.000      0.000      0.000
                                   Charge sum:  0.000           Momentum sum:      0.000      0.000      3.000     11.000     10.583

 --------  End PYTHIA Event Listing  -----------------------------------------------------------------------------------------------
 PYTHIA Warning in TauDecays::decay: unknown correlated tau production, assuming from unpolarized photon  
 PYTHIA Warning in PhaseSpace2to2tauyz::trialKin: maximum for cross section violated  

 *-------  PYTHIA Event and Cross Section Statistics  -------------------------------------------------------------*
 |                                                                                                                 |
 | Subprocess                                    Code |            Number of events       |      sigma +- delta    |
 |                                                    |       Tried   Selected   Accepted |     (estimated) (mb)   |
 |                                                    |                                   |                        |
 |-----------------------------------------------------------------------------------------------------------------|
 |                                                    |                                   |                        |
 | f fbar -> f' fbar' (s-channel gamma*)          223 |      249085      10000      10000 |   6.025e-06  2.978e-08 |
 |                                                    |                                   |                        |
 | sum                                                |      249085      10000      10000 |   6.025e-06  2.978e-08 |
 |                                                                                                                 |
 *-------  End PYTHIA Event and Cross Section Statistics ----------------------------------------------------------*

 *-------  PYTHIA Error and Warning Messages Statistics  ----------------------------------------------------------* 
 |                                                                                                                 | 
 |  times   message                                                                                                | 
 |                                                                                                                 | 
 |     24   Warning in PhaseSpace2to2tauyz::trialKin: maximum for cross section violated                           | 
 |   1525   Warning in TauDecays::decay: unknown correlated tau production, assuming from unpolarized photon       | 
 |                                                                                                                 | 
 *-------  End PYTHIA Error and Warning Messages Statistics  ------------------------------------------------------* 
Gammatau2xmu: 0.000e+00

Gammatau2xe: 1.843e-18

BRtau2xmu: 0.000e+00

BRtau2xe: 8.134e-07

BRtau2xmu + BRtau2xe: 8.134e-07

produced tau excluding those daughters are also tau lepton: 3.050e+03
produced X: 3.050e+03
produced X/NMC: 3.050e-01

Proportion of X flying forward (eta>0): 6.262e-01
Proportion of X flying backward (eta<0): 3.738e-01

Total Gamma [GeV]: 3.294e-09
ctau [m]: 5.991e-08

Gammax2tautau: 0.000e+00

Gammax2mumu: 0.000e+00

Gammax2ee: 3.294e-09

Gammax2gmgm: 0.000e+00

BRx2tautau: 0.000e+00

BRx2mumu: 0.000e+00

BRx2ee: 1.000e+00

BRx2gmgm: 0.000e+00

X: insideFidVol: 0.000e+00
observedX: 0.000e+00
visibleX: 0.000e+00

X Observed Fiducial efficiency: 0.000e+00
X Visible Fiducial efficiency: 0.000e+00

reallyProduced tau: 9.200e+10
total number of tau-tau events: 4.600e+10

reallyProducedX: 2.635e+04
reallyobservedX: 0.000e+00
reallyvisibleX: 0.000e+00

