mX:  1.5
g_TE_Lamb:  1.5e-09
g_EE_Lamb:  1.5e-08
NMC 10000

 *-------  PYTHIA Process Initialization  --------------------------*
 |                                                                  |
 | We collide e- with e+ at a CM energy of 1.058e+01 GeV            |
 |                                                                  |
 |------------------------------------------------------------------|
 |                                                    |             |
 | Subprocess                                    Code |   Estimated |
 |                                                    |    max (mb) |
 |                                                    |             |
 |------------------------------------------------------------------|
 |                                                    |             |
 | f fbar -> f' fbar' (s-channel gamma*)          223 |   1.501e-04 |
 |                                                                  |
 *-------  End PYTHIA Process Initialization -----------------------*

 *-------  PYTHIA Flag + Mode + Parm + Word + FVec + MVec + PVec + WVec Settings (changes only)  ------------------* 
 |                                                                                                                 | 
 | Name                                          |                      Now |      Default         Min         Max | 
 |                                               |                          |                                      | 
 | Beams:eA                                      |                  7.00000 |     7000.000         0.0             | 
 | Beams:eB                                      |                  4.00000 |     7000.000         0.0             | 
 | Beams:frameType                               |                        2 |            1           1           5 | 
 | Beams:idA                                     |                       11 |         2212                         | 
 | Beams:idB                                     |                      -11 |         2212                         | 
 | HadronLevel:Hadronize                         |                      off |           on                         | 
 | Next:numberCount                              |                    10000 |         1000           0             | 
 | PartonLevel:MPI                               |                      off |           on                         | 
 | Random:seed                                   |                        0 |           -1               900000000 | 
 | Random:setSeed                                |                       on |          off                         | 
 | WeakSingleBoson:ffbar2ffbar(s:gm)             |                       on |          off                         | 
 |                                                                                                                 | 
 *-------  End PYTHIA Flag + Mode + Parm + Word + FVec + MVec + PVec + WVec Settings  -----------------------------* 

 --------  PYTHIA Particle Data Table (changed only)  ------------------------------------------------------------------------------
 
      id   name            antiName         spn chg col      m0        mWidth      mMin       mMax       tau0    res dec ext vis wid
             no onMode   bRatio   meMode     products 

      15  tau-             tau+               2  -3   0    1.77682    0.00000    0.00000    0.00000  8.71100e-02   0   1   0   1   0
              0     1   0.0000000  103       36       13 
              1     1   0.0000000  103       36       11 

      36  x                                   1   0   0    1.50000    0.00000    0.00000    0.00000  2.39636e+06   0   1   0   0   0
              0     1   0.0000000  103       15      -15 
              1     1   0.0000000  103       13      -13 
              2     1   1.0000000  103       11      -11 
              3     1   0.0000000  103       22       22 

 --------  End PYTHIA Particle Data Table  -----------------------------------------------------------------------------------------


 --------  PYTHIA Info Listing  ---------------------------------------- 
 
 Beam A: id =     11, pz =  5.292e+00, e =  5.292e+00, m =  5.110e-04.
 Beam B: id =    -11, pz = -5.292e+00, e =  5.292e+00, m =  5.110e-04.

 In 1: id =   11, x =  1.000e+00, pdf =  4.338e+03 at Q2 =  1.120e+02.
 In 2: id =  -11, x =  1.000e+00, pdf =  2.063e+03 at same Q2.

 Subprocess f fbar -> f' fbar' (s-channel gamma*) with code 223 is 2 -> 2.
 It has sHat =  1.120e+02,    tHat = -1.093e+01,    uHat = -1.011e+02,
       pTHat =  3.127e+00,   m3Hat =  5.000e-01,   m4Hat =  5.000e-01,
    thetaHat =  6.356e-01,  phiHat =  3.710e+00.
     alphaEM =  7.631e-03,  alphaS =  1.975e-01    at Q2 =  1.120e+02.

 Impact parameter b =  0.000e+00 gives enhancement factor =  1.000e+00.
 Max pT scale for MPI =  1.058e+01, ISR =  1.058e+01, FSR =  1.058e+01.
 Number of MPI =     1, ISR =     0, FSRproc =     5, FSRreson =     0.

 --------  End PYTHIA Info Listing  ------------------------------------

 --------  PYTHIA Event Listing  (hard process)  -----------------------------------------------------------------------------------
 
    no         id  name            status     mothers   daughters     colours      p_x        p_y        p_z         e          m 
     0         90  (system)           -11     0     0     0     0     0     0      0.000      0.000      3.000     11.000     10.583
     1         11  (e-)               -12     0     0     3     0     0     0      0.000      0.000      7.000      7.000      0.001
     2        -11  (e+)               -12     0     0     4     0     0     0      0.000      0.000     -4.000      4.000      0.001
     3         11  (e-)               -21     1     0     5     6     0     0      0.000      0.000      7.000      7.000      0.000
     4        -11  (e+)               -21     2     0     5     6     0     0      0.000      0.000     -4.000      4.000      0.000
     5          3  s                   23     3     4     0     0   101     0     -2.635     -1.684      5.906      6.702      0.500
     6         -3  sbar                23     3     4     0     0     0   101      2.635      1.684     -2.906      4.298      0.500
                                   Charge sum:  0.000           Momentum sum:      0.000      0.000      3.000     11.000     10.583

 --------  End PYTHIA Event Listing  -----------------------------------------------------------------------------------------------

 --------  PYTHIA Event Listing  (complete event)  ---------------------------------------------------------------------------------
 
    no         id  name            status     mothers   daughters     colours      p_x        p_y        p_z         e          m 
     0         90  (system)           -11     0     0     0     0     0     0      0.000      0.000      3.000     11.000     10.583
     1         11  (e-)               -12     0     0    22     0     0     0      0.000      0.000      7.000      7.000      0.001
     2        -11  (e+)               -12     0     0    23     0     0     0      0.000      0.000     -4.000      4.000      0.001
     3         11  (e-)               -21    22    22     5     6     0     0      0.000      0.000      7.000      7.000      0.000
     4        -11  (e+)               -21    23    23     5     6     0     0      0.000      0.000     -4.000      4.000      0.000
     5          3  (s)                -23     3     4     7     8   101     0     -2.635     -1.684      5.906      6.702      0.500
     6         -3  (sbar)             -23     3     4     9     9     0   101      2.635      1.684     -2.906      4.298      0.500
     7          3  (s)                -51     5     0    12    12   102     0     -3.676     -1.447      3.239      5.133      0.500
     8         21  (g)                -51     5     0    10    11   101   102      1.674      0.167      1.965      2.587      0.000
     9         -3  (sbar)             -52     6     6    16    17     0   101      2.002      1.280     -2.205      3.280      0.500
    10         21  (g)                -51     8     0    18    18   101   103      0.964      0.662      0.818      1.427      0.000
    11         21  (g)                -51     8     0    13    14   103   102      0.386     -0.622      1.427      1.604      0.000
    12          3  (s)                -52     7     7    15    15   102     0     -3.352     -1.320      2.960      4.689      0.500
    13         21  (g)                -51    11     0    21    21   103   104      0.263      0.210      0.206      0.395      0.000
    14         21  (g)                -51    11     0    19    20   104   102     -0.799     -1.179      1.997      2.453      0.000
    15          3  (s)                -52    12    12    24    24   102     0     -2.430     -0.973      2.183      3.445      0.500
    16         -3  (sbar)             -51     9     0    25    25     0   105      1.878      0.893     -2.063      2.972      0.500
    17         21  (g)                -51     9     0    29    29   105   101      0.366      0.553      0.064      0.666      0.000
    18         21  (g)                -52    10    10    26    26   101   103      0.722      0.496      0.613      1.069      0.000
    19         21  (g)                -51    14     0    28    28   106   102     -0.844     -0.508      1.000      1.403      0.000
    20         21  (g)                -51    14     0    30    30   104   106      0.179     -0.564      1.103      1.251      0.000
    21         21  (g)                -52    13    13    27    27   103   104      0.129      0.103      0.101      0.193      0.000
    22         11  (e-)               -61     1     0     3     3     0     0      0.000      0.000      7.000      7.000      0.000
    23        -11  (e+)               -61     2     0     4     4     0     0      0.000      0.000     -4.000      4.000      0.000
    24          3  s                   62    15    15     0     0   102     0     -2.430     -0.973      2.183      3.445      0.500
    25         -3  sbar                62    16    16     0     0     0   105      1.878      0.893     -2.063      2.972      0.500
    26         21  g                   62    18    18     0     0   101   103      0.722      0.496      0.613      1.069      0.000
    27         21  g                   62    21    21     0     0   103   104      0.129      0.103      0.101      0.193      0.000
    28         21  g                   62    19    19     0     0   106   102     -0.844     -0.508      1.000      1.403      0.000
    29         21  g                   62    17    17     0     0   105   101      0.366      0.553      0.064      0.666      0.000
    30         21  g                   62    20    20     0     0   104   106      0.179     -0.564      1.103      1.251      0.000
    31         22  gamma               63     1     0     0     0     0     0      0.000      0.000      0.000      0.000      0.000
    32         22  gamma               63     2     0     0     0     0     0      0.000      0.000     -0.000      0.000      0.000
                                   Charge sum:  0.000           Momentum sum:     -0.000     -0.000      3.000     11.000     10.583

 --------  End PYTHIA Event Listing  -----------------------------------------------------------------------------------------------
 PYTHIA Warning in TauDecays::decay: unknown correlated tau production, assuming from unpolarized photon  
 PYTHIA Warning in PhaseSpace2to2tauyz::trialKin: maximum for cross section violated  

 *-------  PYTHIA Event and Cross Section Statistics  -------------------------------------------------------------*
 |                                                                                                                 |
 | Subprocess                                    Code |            Number of events       |      sigma +- delta    |
 |                                                    |       Tried   Selected   Accepted |     (estimated) (mb)   |
 |                                                    |                                   |                        |
 |-----------------------------------------------------------------------------------------------------------------|
 |                                                    |                                   |                        |
 | f fbar -> f' fbar' (s-channel gamma*)          223 |      253083      10000      10000 |   5.960e-06  2.933e-08 |
 |                                                    |                                   |                        |
 | sum                                                |      253083      10000      10000 |   5.960e-06  2.933e-08 |
 |                                                                                                                 |
 *-------  End PYTHIA Event and Cross Section Statistics ----------------------------------------------------------*

 *-------  PYTHIA Error and Warning Messages Statistics  ----------------------------------------------------------* 
 |                                                                                                                 | 
 |  times   message                                                                                                | 
 |                                                                                                                 | 
 |     12   Warning in PhaseSpace2to2tauyz::trialKin: maximum for cross section violated                           | 
 |   1452   Warning in TauDecays::decay: unknown correlated tau production, assuming from unpolarized photon       | 
 |                                                                                                                 | 
 *-------  End PYTHIA Error and Warning Messages Statistics  ------------------------------------------------------* 
Gammatau2xmu: 0.000e+00

Gammatau2xe: 4.147e-20

BRtau2xmu: 0.000e+00

BRtau2xe: 1.830e-08

BRtau2xmu + BRtau2xe: 1.830e-08

produced tau excluding those daughters are also tau lepton: 2.904e+03
produced X: 2.904e+03
produced X/NMC: 2.904e-01

Proportion of X flying forward (eta>0): 6.284e-01
Proportion of X flying backward (eta<0): 3.716e-01

Total Gamma [GeV]: 8.234e-20
ctau [m]: 2.396e+03

Gammax2tautau: 0.000e+00

Gammax2mumu: 0.000e+00

Gammax2ee: 8.234e-20

Gammax2gmgm: 0.000e+00

BRx2tautau: 0.000e+00

BRx2mumu: 0.000e+00

BRx2ee: 1.000e+00

BRx2gmgm: 0.000e+00

X: insideFidVol: 0.000e+00
observedX: 3.430e-01
visibleX: 3.430e-02

X Observed Fiducial efficiency: 1.181e-04
X Visible Fiducial efficiency: 1.181e-05

reallyProduced tau: 9.200e+10
total number of tau-tau events: 4.600e+10

reallyProducedX: 5.929e+02
reallyobservedX: 7.003e-02
reallyvisibleX: 7.003e-03

