mX:  1.5
g_TE_Lamb:  6e-07
g_EE_Lamb:  0.00015
NMC 10000

 *-------  PYTHIA Process Initialization  --------------------------*
 |                                                                  |
 | We collide e- with e+ at a CM energy of 1.058e+01 GeV            |
 |                                                                  |
 |------------------------------------------------------------------|
 |                                                    |             |
 | Subprocess                                    Code |   Estimated |
 |                                                    |    max (mb) |
 |                                                    |             |
 |------------------------------------------------------------------|
 |                                                    |             |
 | f fbar -> f' fbar' (s-channel gamma*)          223 |   1.457e-04 |
 |                                                                  |
 *-------  End PYTHIA Process Initialization -----------------------*

 *-------  PYTHIA Flag + Mode + Parm + Word + FVec + MVec + PVec + WVec Settings (changes only)  ------------------* 
 |                                                                                                                 | 
 | Name                                          |                      Now |      Default         Min         Max | 
 |                                               |                          |                                      | 
 | Beams:eA                                      |                  7.00000 |     7000.000         0.0             | 
 | Beams:eB                                      |                  4.00000 |     7000.000         0.0             | 
 | Beams:frameType                               |                        2 |            1           1           5 | 
 | Beams:idA                                     |                       11 |         2212                         | 
 | Beams:idB                                     |                      -11 |         2212                         | 
 | HadronLevel:Hadronize                         |                      off |           on                         | 
 | Next:numberCount                              |                    10000 |         1000           0             | 
 | PartonLevel:MPI                               |                      off |           on                         | 
 | Random:seed                                   |                        0 |           -1               900000000 | 
 | Random:setSeed                                |                       on |          off                         | 
 | WeakSingleBoson:ffbar2ffbar(s:gm)             |                       on |          off                         | 
 |                                                                                                                 | 
 *-------  End PYTHIA Flag + Mode + Parm + Word + FVec + MVec + PVec + WVec Settings  -----------------------------* 

 --------  PYTHIA Particle Data Table (changed only)  ------------------------------------------------------------------------------
 
      id   name            antiName         spn chg col      m0        mWidth      mMin       mMax       tau0    res dec ext vis wid
             no onMode   bRatio   meMode     products 

      15  tau-             tau+               2  -3   0    1.77682    0.00000    0.00000    0.00000  8.71100e-02   0   1   0   1   0
              0     1   0.0000000  103       36       13 
              1     1   0.0029198  103       36       11 

      36  x                                   1   0   0    1.50000    0.00000    0.00000    0.00000  2.39636e-02   0   1   0   0   0
              0     1   0.0000000  103       15      -15 
              1     1   0.0000000  103       13      -13 
              2     1   1.0000000  103       11      -11 
              3     1   0.0000000  103       22       22 

 --------  End PYTHIA Particle Data Table  -----------------------------------------------------------------------------------------


 --------  PYTHIA Info Listing  ---------------------------------------- 
 
 Beam A: id =     11, pz =  5.292e+00, e =  5.292e+00, m =  5.110e-04.
 Beam B: id =    -11, pz = -5.292e+00, e =  5.292e+00, m =  5.110e-04.

 In 1: id =   11, x =  1.000e+00, pdf =  3.461e+06 at Q2 =  1.040e+02.
 In 2: id =  -11, x =  9.288e-01, pdf =  4.897e-01 at same Q2.

 Subprocess f fbar -> f' fbar' (s-channel gamma*) with code 223 is 2 -> 2.
 It has sHat =  1.040e+02,    tHat = -4.639e+01,    uHat = -5.763e+01,
       pTHat =  4.846e+00,   m3Hat =  1.500e+00,   m4Hat =  1.500e+00,
    thetaHat =  1.463e+00,  phiHat =  2.719e+00.
     alphaEM =  7.628e-03,  alphaS =  1.992e-01    at Q2 =  1.040e+02.

 Impact parameter b =  0.000e+00 gives enhancement factor =  1.000e+00.
 Max pT scale for MPI =  1.058e+01, ISR =  1.020e+01, FSR =  1.020e+01.
 Number of MPI =     1, ISR =     1, FSRproc =     3, FSRreson =     0.

 --------  End PYTHIA Info Listing  ------------------------------------

 --------  PYTHIA Event Listing  (hard process)  -----------------------------------------------------------------------------------
 
    no         id  name            status     mothers   daughters     colours      p_x        p_y        p_z         e          m 
     0         90  (system)           -11     0     0     0     0     0     0      0.000      0.000      3.000     11.000     10.583
     1         11  (e-)               -12     0     0     3     0     0     0      0.000      0.000      7.000      7.000      0.001
     2        -11  (e+)               -12     0     0     4     0     0     0      0.000      0.000     -4.000      4.000      0.001
     3         11  (e-)               -21     1     0     5     6     0     0      0.000      0.000      7.000      7.000      0.000
     4        -11  (e+)               -21     2     0     5     6     0     0      0.000      0.000     -3.715      3.715      0.000
     5          4  c                   23     3     4     0     0   101     0     -4.419      1.988      2.196      5.527      1.500
     6         -4  cbar                23     3     4     0     0     0   101      4.419     -1.988      1.089      5.188      1.500
                                   Charge sum:  0.000           Momentum sum:      0.000      0.000      3.285     10.715     10.199

 --------  End PYTHIA Event Listing  -----------------------------------------------------------------------------------------------

 --------  PYTHIA Event Listing  (complete event)  ---------------------------------------------------------------------------------
 
    no         id  name            status     mothers   daughters     colours      p_x        p_y        p_z         e          m 
     0         90  (system)           -11     0     0     0     0     0     0      0.000      0.000      3.000     11.000     10.583
     1         11  (e-)               -12     0     0    24     0     0     0      0.000      0.000      7.000      7.000      0.001
     2        -11  (e+)               -12     0     0    25     0     0     0      0.000      0.000     -4.000      4.000      0.001
     3         11  (e-)               -21    16    16     5     6     0     0      0.000      0.000      7.000      7.000      0.000
     4        -11  (e+)               -21    17     0     5     6     0     0      0.000      0.000     -3.715      3.715      0.000
     5          4  (c)                -23     3     4     9     9   101     0     -4.419      1.988      2.196      5.527      1.500
     6         -4  (cbar)             -23     3     4     7     8     0   101      4.419     -1.988      1.089      5.188      1.500
     7         -4  (cbar)             -51     6     0    19    19     0   103      3.892     -0.981      0.706      4.343      1.500
     8         21  (g)                -51     6     0    10    11   103   101      0.320     -0.915      0.479      1.081      0.000
     9          4  (c)                -52     5     5    12    12   101     0     -4.213      1.895      2.100      5.291      1.500
    10         21  (g)                -51     8     0    13    14   103   104     -0.321     -0.850     -0.235      0.938      0.000
    11         21  (g)                -51     8     0    15    15   104   101     -0.402      0.466      1.182      1.332      0.000
    12          4  (c)                -52     9     9    18    18   101     0     -3.170      1.364      1.632      4.102      1.500
    13         21  (g)                -51    10     0    20    20   103   106     -0.763     -0.009      0.414      0.868      0.000
    14         21  (g)                -51    10     0    22    22   106   104      0.257     -0.626     -0.104      0.685      0.000
    15         21  (g)                -52    11    11    21    21   104   101     -0.217      0.251      0.637      0.718      0.000
    16         11  (e-)               -42    24    24     3     3     0     0      0.000     -0.000      7.000      7.000      0.000
    17        -11  (e+)               -41    25    25    23     4     0     0     -0.000      0.000     -4.000      4.000      0.000
    18          4  (c)                -44    12    12    26    26   101     0     -3.171      1.380      1.640      4.111      1.500
    19         -4  (cbar)             -44     7     7    27    27     0   103      3.891     -0.957      0.697      4.335      1.500
    20         21  (g)                -44    13    13    28    28   103   106     -0.763     -0.006      0.414      0.868      0.000
    21         21  (g)                -44    15    15    29    29   104   101     -0.217      0.252      0.638      0.720      0.000
    22         21  (g)                -44    14    14    30    30   106   104      0.257     -0.621     -0.108      0.681      0.000
    23         22  (gamma)            -43    17     0    31    31     0     0      0.002     -0.048     -0.282      0.286      0.000
    24         11  (e-)               -61     1     0    16    16     0     0     -0.000      0.000      7.000      7.000      0.000
    25        -11  (e+)               -61     2     0    17    17     0     0      0.000     -0.000     -4.000      4.000      0.000
    26          4  c                   62    18    18     0     0   101     0     -3.171      1.380      1.640      4.111      1.500
    27         -4  cbar                62    19    19     0     0     0   103      3.891     -0.957      0.697      4.335      1.500
    28         21  g                   62    20    20     0     0   103   106     -0.763     -0.006      0.414      0.868      0.000
    29         21  g                   62    21    21     0     0   104   101     -0.217      0.252      0.638      0.720      0.000
    30         21  g                   62    22    22     0     0   106   104      0.257     -0.621     -0.108      0.681      0.000
    31         22  gamma               62    23    23     0     0     0     0      0.002     -0.048     -0.282      0.286      0.000
    32         22  gamma               63     1     0     0     0     0     0      0.000      0.000      0.000      0.000      0.000
    33         22  gamma               63     2     0     0     0     0     0      0.000      0.000     -0.000      0.000      0.000
                                   Charge sum:  0.000           Momentum sum:      0.000      0.000      3.000     11.000     10.583

 --------  End PYTHIA Event Listing  -----------------------------------------------------------------------------------------------
 PYTHIA Warning in TauDecays::decay: unknown correlated tau production, assuming from unpolarized photon  
 PYTHIA Warning in PhaseSpace2to2tauyz::trialKin: maximum for cross section violated  

 *-------  PYTHIA Event and Cross Section Statistics  -------------------------------------------------------------*
 |                                                                                                                 |
 | Subprocess                                    Code |            Number of events       |      sigma +- delta    |
 |                                                    |       Tried   Selected   Accepted |     (estimated) (mb)   |
 |                                                    |                                   |                        |
 |-----------------------------------------------------------------------------------------------------------------|
 |                                                    |                                   |                        |
 | f fbar -> f' fbar' (s-channel gamma*)          223 |      243055      10000      10000 |   6.017e-06  3.036e-08 |
 |                                                    |                                   |                        |
 | sum                                                |      243055      10000      10000 |   6.017e-06  3.036e-08 |
 |                                                                                                                 |
 *-------  End PYTHIA Event and Cross Section Statistics ----------------------------------------------------------*

 *-------  PYTHIA Error and Warning Messages Statistics  ----------------------------------------------------------* 
 |                                                                                                                 | 
 |  times   message                                                                                                | 
 |                                                                                                                 | 
 |     70   Warning in PhaseSpace2to2tauyz::trialKin: maximum for cross section violated                           | 
 |   1462   Warning in TauDecays::decay: unknown correlated tau production, assuming from unpolarized photon       | 
 |                                                                                                                 | 
 *-------  End PYTHIA Error and Warning Messages Statistics  ------------------------------------------------------* 
Gammatau2xmu: 0.000e+00

Gammatau2xe: 6.635e-15

BRtau2xmu: 0.000e+00

BRtau2xe: 2.920e-03

BRtau2xmu + BRtau2xe: 2.920e-03

produced tau excluding those daughters are also tau lepton: 2.924e+03
produced X: 2.924e+03
produced X/NMC: 2.924e-01

Proportion of X flying forward (eta>0): 6.207e-01
Proportion of X flying backward (eta<0): 3.793e-01

Total Gamma [GeV]: 8.234e-12
ctau [m]: 2.396e-05

Gammax2tautau: 0.000e+00

Gammax2mumu: 0.000e+00

Gammax2ee: 8.234e-12

Gammax2gmgm: 0.000e+00

BRx2tautau: 0.000e+00

BRx2mumu: 0.000e+00

BRx2ee: 1.000e+00

BRx2gmgm: 0.000e+00

X: insideFidVol: 0.000e+00
observedX: 0.000e+00
visibleX: 0.000e+00

X Observed Fiducial efficiency: 0.000e+00
X Visible Fiducial efficiency: 0.000e+00

reallyProduced tau: 9.200e+10
total number of tau-tau events: 4.600e+10

reallyProducedX: 9.458e+07
reallyobservedX: 0.000e+00
reallyvisibleX: 0.000e+00

