mX:  1.5
g_TE_Lamb:  2e-09
g_EE_Lamb:  1e-05
NMC 10000
 PYTHIA Warning in PhaseSpace2to2tauyz::trialKin: maximum for cross section violated  

 *-------  PYTHIA Process Initialization  --------------------------*
 |                                                                  |
 | We collide e- with e+ at a CM energy of 1.058e+01 GeV            |
 |                                                                  |
 |------------------------------------------------------------------|
 |                                                    |             |
 | Subprocess                                    Code |   Estimated |
 |                                                    |    max (mb) |
 |                                                    |             |
 |------------------------------------------------------------------|
 |                                                    |             |
 | f fbar -> f' fbar' (s-channel gamma*)          223 |   1.569e-04 |
 |                                                                  |
 *-------  End PYTHIA Process Initialization -----------------------*

 *-------  PYTHIA Flag + Mode + Parm + Word + FVec + MVec + PVec + WVec Settings (changes only)  ------------------* 
 |                                                                                                                 | 
 | Name                                          |                      Now |      Default         Min         Max | 
 |                                               |                          |                                      | 
 | Beams:eA                                      |                  7.00000 |     7000.000         0.0             | 
 | Beams:eB                                      |                  4.00000 |     7000.000         0.0             | 
 | Beams:frameType                               |                        2 |            1           1           5 | 
 | Beams:idA                                     |                       11 |         2212                         | 
 | Beams:idB                                     |                      -11 |         2212                         | 
 | HadronLevel:Hadronize                         |                      off |           on                         | 
 | Next:numberCount                              |                    10000 |         1000           0             | 
 | PartonLevel:MPI                               |                      off |           on                         | 
 | Random:seed                                   |                        0 |           -1               900000000 | 
 | Random:setSeed                                |                       on |          off                         | 
 | WeakSingleBoson:ffbar2ffbar(s:gm)             |                       on |          off                         | 
 |                                                                                                                 | 
 *-------  End PYTHIA Flag + Mode + Parm + Word + FVec + MVec + PVec + WVec Settings  -----------------------------* 

 --------  PYTHIA Particle Data Table (changed only)  ------------------------------------------------------------------------------
 
      id   name            antiName         spn chg col      m0        mWidth      mMin       mMax       tau0    res dec ext vis wid
             no onMode   bRatio   meMode     products 

      15  tau-             tau+               2  -3   0    1.77682    0.00000    0.00000    0.00000  8.71100e-02   0   1   0   1   0
              0     1   0.0000000  103       36       13 
              1     1   0.0000000  103       36       11 

      36  x                                   1   0   0    1.50000    0.00000    0.00000    0.00000  5.39180e+00   0   1   0   0   0
              0     1   0.0000000  103       15      -15 
              1     1   0.0000000  103       13      -13 
              2     1   1.0000000  103       11      -11 
              3     1   0.0000000  103       22       22 

 --------  End PYTHIA Particle Data Table  -----------------------------------------------------------------------------------------


 --------  PYTHIA Info Listing  ---------------------------------------- 
 
 Beam A: id =     11, pz =  5.292e+00, e =  5.292e+00, m =  5.110e-04.
 Beam B: id =    -11, pz = -5.292e+00, e =  5.292e+00, m =  5.110e-04.

 In 1: id =   11, x =  1.000e+00, pdf =  6.473e+04 at Q2 =  1.120e+02.
 In 2: id =  -11, x =  1.000e+00, pdf =  1.756e+07 at same Q2.

 Subprocess f fbar -> f' fbar' (s-channel gamma*) with code 223 is 2 -> 2.
 It has sHat =  1.120e+02,    tHat = -9.404e+01,    uHat = -1.796e+01,
       pTHat =  3.866e+00,   m3Hat =  5.000e-01,   m4Hat =  5.000e-01,
    thetaHat =  2.318e+00,  phiHat =  5.095e+00.
     alphaEM =  7.631e-03,  alphaS =  1.975e-01    at Q2 =  1.120e+02.

 Impact parameter b =  0.000e+00 gives enhancement factor =  1.000e+00.
 Max pT scale for MPI =  1.058e+01, ISR =  1.058e+01, FSR =  1.058e+01.
 Number of MPI =     1, ISR =     0, FSRproc =     7, FSRreson =     0.

 --------  End PYTHIA Info Listing  ------------------------------------

 --------  PYTHIA Event Listing  (hard process)  -----------------------------------------------------------------------------------
 
    no         id  name            status     mothers   daughters     colours      p_x        p_y        p_z         e          m 
     0         90  (system)           -11     0     0     0     0     0     0      0.000      0.000      3.000     11.000     10.583
     1         11  (e-)               -12     0     0     3     0     0     0      0.000      0.000      7.000      7.000      0.001
     2        -11  (e+)               -12     0     0     4     0     0     0      0.000      0.000     -4.000      4.000      0.001
     3         11  (e-)               -21     1     0     5     6     0     0      0.000      0.000      7.000      7.000      0.000
     4        -11  (e+)               -21     2     0     5     6     0     0      0.000      0.000     -4.000      4.000      0.000
     5          3  s                   23     3     4     0     0   101     0      1.444     -3.586     -2.220      4.486      0.500
     6         -3  sbar                23     3     4     0     0     0   101     -1.444      3.586      5.220      6.514      0.500
                                   Charge sum:  0.000           Momentum sum:      0.000      0.000      3.000     11.000     10.583

 --------  End PYTHIA Event Listing  -----------------------------------------------------------------------------------------------

 --------  PYTHIA Event Listing  (complete event)  ---------------------------------------------------------------------------------
 
    no         id  name            status     mothers   daughters     colours      p_x        p_y        p_z         e          m 
     0         90  (system)           -11     0     0     0     0     0     0      0.000      0.000      3.000     11.000     10.583
     1         11  (e-)               -12     0     0    28     0     0     0      0.000      0.000      7.000      7.000      0.001
     2        -11  (e+)               -12     0     0    29     0     0     0      0.000      0.000     -4.000      4.000      0.001
     3         11  (e-)               -21    28    28     5     6     0     0      0.000      0.000      7.000      7.000      0.000
     4        -11  (e+)               -21    29    29     5     6     0     0      0.000      0.000     -4.000      4.000      0.000
     5          3  (s)                -23     3     4     9     9   101     0      1.444     -3.586     -2.220      4.486      0.500
     6         -3  (sbar)             -23     3     4     7     8     0   101     -1.444      3.586      5.220      6.514      0.500
     7         -3  (sbar)             -51     6     0    10    11     0   102     -1.987      2.061      5.354      6.092      0.500
     8         21  (g)                -51     6     0    12    12   102   101      0.827      0.817     -0.575      1.297      0.000
     9          3  (s)                -52     5     5    22    23   101     0      1.159     -2.878     -1.779      3.611      0.500
    10         -3  (sbar)             -51     7     0    31    31     0   103     -0.262      0.191      2.840      2.902      0.500
    11         21  (g)                -51     7     0    15    15   103   102     -1.527      2.066      2.376      3.500      0.000
    12         21  (g)                -52     8     8    13    14   102   101      0.630      0.622     -0.438      0.987      0.000
    13         21  (g)                -51    12     0    19    20   104   101     -0.965      0.904      0.852      1.574      0.000
    14         21  (g)                -51    12     0    18    18   102   104      0.848      0.728     -0.128      1.125      0.000
    15         21  (g)                -52    11    11    16    17   103   102     -0.781      1.056      1.214      1.788      0.000
    16          1  (d)                -51    15     0    33    33   103     0     -0.357      0.787      1.299      1.595      0.330
    17         -1  (dbar)             -51    15     0    35    35     0   102     -0.046      0.592     -0.142      0.694      0.330
    18         21  (g)                -52    14    14    21    21   102   104      0.471      0.404     -0.071      0.624      0.000
    19         21  (g)                -51    13     0    24    24   105   101     -0.116      0.008      0.697      0.707      0.000
    20         21  (g)                -51    13     0    36    36   104   105     -0.531      1.169      0.107      1.289      0.000
    21         21  (g)                -52    18    18    34    34   102   104      0.152      0.131     -0.023      0.202      0.000
    22          3  (s)                -51     9     0    30    30   106     0     -0.119     -0.488     -0.397      0.813      0.500
    23         21  (g)                -51     9     0    27    27   101   106      1.252     -2.388     -1.222      2.960      0.000
    24         21  (g)                -52    19    19    25    26   105   101     -0.089      0.006      0.538      0.545      0.000
    25         21  (g)                -51    24     0    32    32   105   107      0.155      0.292     -0.142      0.360      0.000
    26         21  (g)                -51    24     0    38    38   107   101      0.112     -0.966      0.332      1.028      0.000
    27         21  (g)                -52    23    23    37    37   101   106      0.896     -1.708     -0.874      2.117      0.000
    28         11  (e-)               -61     1     0     3     3     0     0      0.000      0.000      7.000      7.000      0.000
    29        -11  (e+)               -61     2     0     4     4     0     0      0.000      0.000     -4.000      4.000      0.000
    30          3  s                   62    22    22     0     0   106     0     -0.119     -0.488     -0.397      0.813      0.500
    31         -3  sbar                62    10    10     0     0     0   103     -0.262      0.191      2.840      2.902      0.500
    32         21  g                   62    25    25     0     0   105   107      0.155      0.292     -0.142      0.360      0.000
    33          1  d                   62    16    16     0     0   103     0     -0.357      0.787      1.299      1.595      0.330
    34         21  g                   62    21    21     0     0   102   104      0.152      0.131     -0.023      0.202      0.000
    35         -1  dbar                62    17    17     0     0     0   102     -0.046      0.592     -0.142      0.694      0.330
    36         21  g                   62    20    20     0     0   104   105     -0.531      1.169      0.107      1.289      0.000
    37         21  g                   62    27    27     0     0   101   106      0.896     -1.708     -0.874      2.117      0.000
    38         21  g                   62    26    26     0     0   107   101      0.112     -0.966      0.332      1.028      0.000
    39         22  gamma               63     1     0     0     0     0     0      0.000      0.000      0.000      0.000      0.000
    40         22  gamma               63     2     0     0     0     0     0      0.000      0.000     -0.000      0.000      0.000
                                   Charge sum:  0.000           Momentum sum:     -0.000      0.000      3.000     11.000     10.583

 --------  End PYTHIA Event Listing  -----------------------------------------------------------------------------------------------
 PYTHIA Warning in TauDecays::decay: unknown correlated tau production, assuming from unpolarized photon  

 *-------  PYTHIA Event and Cross Section Statistics  -------------------------------------------------------------*
 |                                                                                                                 |
 | Subprocess                                    Code |            Number of events       |      sigma +- delta    |
 |                                                    |       Tried   Selected   Accepted |     (estimated) (mb)   |
 |                                                    |                                   |                        |
 |-----------------------------------------------------------------------------------------------------------------|
 |                                                    |                                   |                        |
 | f fbar -> f' fbar' (s-channel gamma*)          223 |      265395      10000      10000 |   5.988e-06  2.901e-08 |
 |                                                    |                                   |                        |
 | sum                                                |      265395      10000      10000 |   5.988e-06  2.901e-08 |
 |                                                                                                                 |
 *-------  End PYTHIA Event and Cross Section Statistics ----------------------------------------------------------*

 *-------  PYTHIA Error and Warning Messages Statistics  ----------------------------------------------------------* 
 |                                                                                                                 | 
 |  times   message                                                                                                | 
 |                                                                                                                 | 
 |      3   Warning in PhaseSpace2to2tauyz::trialKin: maximum for cross section violated                           | 
 |   1473   Warning in TauDecays::decay: unknown correlated tau production, assuming from unpolarized photon       | 
 |                                                                                                                 | 
 *-------  End PYTHIA Error and Warning Messages Statistics  ------------------------------------------------------* 
Gammatau2xmu: 0.000e+00

Gammatau2xe: 7.372e-20

BRtau2xmu: 0.000e+00

BRtau2xe: 3.254e-08

BRtau2xmu + BRtau2xe: 3.254e-08

produced tau excluding those daughters are also tau lepton: 2.946e+03
produced X: 2.946e+03
produced X/NMC: 2.946e-01

Proportion of X flying forward (eta>0): 6.253e-01
Proportion of X flying backward (eta<0): 3.747e-01

Total Gamma [GeV]: 3.660e-14
ctau [m]: 5.392e-03

Gammax2tautau: 0.000e+00

Gammax2mumu: 0.000e+00

Gammax2ee: 3.660e-14

Gammax2gmgm: 0.000e+00

BRx2tautau: 0.000e+00

BRx2mumu: 0.000e+00

BRx2ee: 1.000e+00

BRx2gmgm: 0.000e+00

X: insideFidVol: 1.000e+00
observedX: 1.637e+00
visibleX: 1.637e-01

X Observed Fiducial efficiency: 5.555e-04
X Visible Fiducial efficiency: 5.555e-05

reallyProduced tau: 9.200e+10
total number of tau-tau events: 4.600e+10

reallyProducedX: 1.054e+03
reallyobservedX: 5.855e-01
reallyvisibleX: 5.855e-02

