mX:  1.5
g_TE_Lamb:  8e-07
g_EE_Lamb:  2e-08
NMC 10000

 *-------  PYTHIA Process Initialization  --------------------------*
 |                                                                  |
 | We collide e- with e+ at a CM energy of 1.058e+01 GeV            |
 |                                                                  |
 |------------------------------------------------------------------|
 |                                                    |             |
 | Subprocess                                    Code |   Estimated |
 |                                                    |    max (mb) |
 |                                                    |             |
 |------------------------------------------------------------------|
 |                                                    |             |
 | f fbar -> f' fbar' (s-channel gamma*)          223 |   1.400e-04 |
 |                                                                  |
 *-------  End PYTHIA Process Initialization -----------------------*

 *-------  PYTHIA Flag + Mode + Parm + Word + FVec + MVec + PVec + WVec Settings (changes only)  ------------------* 
 |                                                                                                                 | 
 | Name                                          |                      Now |      Default         Min         Max | 
 |                                               |                          |                                      | 
 | Beams:eA                                      |                  7.00000 |     7000.000         0.0             | 
 | Beams:eB                                      |                  4.00000 |     7000.000         0.0             | 
 | Beams:frameType                               |                        2 |            1           1           5 | 
 | Beams:idA                                     |                       11 |         2212                         | 
 | Beams:idB                                     |                      -11 |         2212                         | 
 | HadronLevel:Hadronize                         |                      off |           on                         | 
 | Next:numberCount                              |                    10000 |         1000           0             | 
 | PartonLevel:MPI                               |                      off |           on                         | 
 | Random:seed                                   |                        0 |           -1               900000000 | 
 | Random:setSeed                                |                       on |          off                         | 
 | WeakSingleBoson:ffbar2ffbar(s:gm)             |                       on |          off                         | 
 |                                                                                                                 | 
 *-------  End PYTHIA Flag + Mode + Parm + Word + FVec + MVec + PVec + WVec Settings  -----------------------------* 

 --------  PYTHIA Particle Data Table (changed only)  ------------------------------------------------------------------------------
 
      id   name            antiName         spn chg col      m0        mWidth      mMin       mMax       tau0    res dec ext vis wid
             no onMode   bRatio   meMode     products 

      15  tau-             tau+               2  -3   0    1.77682    0.00000    0.00000    0.00000  8.71100e-02   0   1   0   1   0
              0     1   0.0000000  103       36       13 
              1     1   0.0051790  103       36       11 

      36  x                                   1   0   0    1.50000    0.00000    0.00000    0.00000  1.34795e+06   0   1   0   0   0
              0     1   0.0000000  103       15      -15 
              1     1   0.0000000  103       13      -13 
              2     1   1.0000000  103       11      -11 
              3     1   0.0000000  103       22       22 

 --------  End PYTHIA Particle Data Table  -----------------------------------------------------------------------------------------


 --------  PYTHIA Info Listing  ---------------------------------------- 
 
 Beam A: id =     11, pz =  5.292e+00, e =  5.292e+00, m =  5.110e-04.
 Beam B: id =    -11, pz = -5.292e+00, e =  5.292e+00, m =  5.110e-04.

 In 1: id =   11, x =  1.000e+00, pdf =  4.076e+06 at Q2 =  1.120e+02.
 In 2: id =  -11, x =  1.000e+00, pdf =  3.016e+08 at same Q2.

 Subprocess f fbar -> f' fbar' (s-channel gamma*) with code 223 is 2 -> 2.
 It has sHat =  1.120e+02,    tHat = -2.816e+00,    uHat = -1.092e+02,
       pTHat =  1.654e+00,   m3Hat =  3.300e-01,   m4Hat =  3.300e-01,
    thetaHat =  3.185e-01,  phiHat =  4.274e+00.
     alphaEM =  7.631e-03,  alphaS =  1.975e-01    at Q2 =  1.120e+02.

 Impact parameter b =  0.000e+00 gives enhancement factor =  1.000e+00.
 Max pT scale for MPI =  1.058e+01, ISR =  1.058e+01, FSR =  1.058e+01.
 Number of MPI =     1, ISR =     0, FSRproc =     5, FSRreson =     0.

 --------  End PYTHIA Info Listing  ------------------------------------

 --------  PYTHIA Event Listing  (hard process)  -----------------------------------------------------------------------------------
 
    no         id  name            status     mothers   daughters     colours      p_x        p_y        p_z         e          m 
     0         90  (system)           -11     0     0     0     0     0     0      0.000      0.000      3.000     11.000     10.583
     1         11  (e-)               -12     0     0     3     0     0     0      0.000      0.000      7.000      7.000      0.001
     2        -11  (e+)               -12     0     0     4     0     0     0      0.000      0.000     -4.000      4.000      0.001
     3         11  (e-)               -21     1     0     5     6     0     0      0.000      0.000      7.000      7.000      0.000
     4        -11  (e+)               -21     2     0     5     6     0     0      0.000      0.000     -4.000      4.000      0.000
     5          2  u                   23     3     4     0     0   101     0     -0.703     -1.497      6.713      6.922      0.330
     6         -2  ubar                23     3     4     0     0     0   101      0.703      1.497     -3.713      4.078      0.330
                                   Charge sum:  0.000           Momentum sum:      0.000      0.000      3.000     11.000     10.583

 --------  End PYTHIA Event Listing  -----------------------------------------------------------------------------------------------

 --------  PYTHIA Event Listing  (complete event)  ---------------------------------------------------------------------------------
 
    no         id  name            status     mothers   daughters     colours      p_x        p_y        p_z         e          m 
     0         90  (system)           -11     0     0     0     0     0     0      0.000      0.000      3.000     11.000     10.583
     1         11  (e-)               -12     0     0    22     0     0     0      0.000      0.000      7.000      7.000      0.001
     2        -11  (e+)               -12     0     0    23     0     0     0      0.000      0.000     -4.000      4.000      0.001
     3         11  (e-)               -21    22    22     5     6     0     0      0.000      0.000      7.000      7.000      0.000
     4        -11  (e+)               -21    23    23     5     6     0     0      0.000      0.000     -4.000      4.000      0.000
     5          2  (u)                -23     3     4     9     9   101     0     -0.703     -1.497      6.713      6.922      0.330
     6         -2  (ubar)             -23     3     4     7     8     0   101      0.703      1.497     -3.713      4.078      0.330
     7         -2  (ubar)             -51     6     0    16    17     0   102      2.876      0.164     -1.786      3.406      0.330
     8         21  (g)                -51     6     0    12    12   102   101     -2.364      0.927     -0.109      2.542      0.000
     9          2  (u)                -52     5     5    10    11   101     0     -0.512     -1.091      4.896      5.053      0.330
    10          2  (u)                -51     9     0    13    14   103     0     -0.516      0.105      4.113      4.160      0.330
    11         21  (g)                -51     9     0    15    15   101   103     -0.420     -1.030      0.763      1.349      0.000
    12         21  (g)                -52     8     8    18    18   102   101     -1.940      0.761     -0.090      2.086      0.000
    13          2  (u)                -51    10     0    24    24   105     0     -0.053     -0.354      3.297      3.333      0.330
    14         21  (g)                -51    10     0    28    28   103   105     -0.574      0.187      1.018      1.184      0.000
    15         21  (g)                -52    11    11    19    20   101   103     -0.309     -0.758      0.561      0.992      0.000
    16         -2  (ubar)             -51     7     0    25    25     0   106      2.774      0.141     -1.957      3.413      0.330
    17         21  (g)                -51     7     0    29    29   106   102     -0.114      0.108      0.161      0.225      0.000
    18         21  (g)                -52    12    12    21    21   102   101     -1.724      0.676     -0.080      1.853      0.000
    19         21  (g)                -51    15     0    27    27   108   103     -0.482     -0.760      0.038      0.901      0.000
    20         21  (g)                -51    15     0    30    30   101   108     -0.329      0.199      0.500      0.631      0.000
    21         21  (g)                -52    18    18    26    26   102   101     -1.222      0.479     -0.057      1.314      0.000
    22         11  (e-)               -61     1     0     3     3     0     0      0.000      0.000      7.000      7.000      0.000
    23        -11  (e+)               -61     2     0     4     4     0     0      0.000      0.000     -4.000      4.000      0.000
    24          2  u                   62    13    13     0     0   105     0     -0.053     -0.354      3.297      3.333      0.330
    25         -2  ubar                62    16    16     0     0     0   106      2.774      0.141     -1.957      3.413      0.330
    26         21  g                   62    21    21     0     0   102   101     -1.222      0.479     -0.057      1.314      0.000
    27         21  g                   62    19    19     0     0   108   103     -0.482     -0.760      0.038      0.901      0.000
    28         21  g                   62    14    14     0     0   103   105     -0.574      0.187      1.018      1.184      0.000
    29         21  g                   62    17    17     0     0   106   102     -0.114      0.108      0.161      0.225      0.000
    30         21  g                   62    20    20     0     0   101   108     -0.329      0.199      0.500      0.631      0.000
    31         22  gamma               63     1     0     0     0     0     0      0.000      0.000      0.000      0.000      0.000
    32         22  gamma               63     2     0     0     0     0     0      0.000      0.000     -0.000      0.000      0.000
                                   Charge sum:  0.000           Momentum sum:     -0.000      0.000      3.000     11.000     10.583

 --------  End PYTHIA Event Listing  -----------------------------------------------------------------------------------------------
 PYTHIA Warning in TauDecays::decay: unknown correlated tau production, assuming from unpolarized photon  
 PYTHIA Warning in PhaseSpace2to2tauyz::trialKin: maximum for cross section violated  

 *-------  PYTHIA Event and Cross Section Statistics  -------------------------------------------------------------*
 |                                                                                                                 |
 | Subprocess                                    Code |            Number of events       |      sigma +- delta    |
 |                                                    |       Tried   Selected   Accepted |     (estimated) (mb)   |
 |                                                    |                                   |                        |
 |-----------------------------------------------------------------------------------------------------------------|
 |                                                    |                                   |                        |
 | f fbar -> f' fbar' (s-channel gamma*)          223 |      232505      10000      10000 |   6.014e-06  3.071e-08 |
 |                                                    |                                   |                        |
 | sum                                                |      232505      10000      10000 |   6.014e-06  3.071e-08 |
 |                                                                                                                 |
 *-------  End PYTHIA Event and Cross Section Statistics ----------------------------------------------------------*

 *-------  PYTHIA Error and Warning Messages Statistics  ----------------------------------------------------------* 
 |                                                                                                                 | 
 |  times   message                                                                                                | 
 |                                                                                                                 | 
 |     78   Warning in PhaseSpace2to2tauyz::trialKin: maximum for cross section violated                           | 
 |   1512   Warning in TauDecays::decay: unknown correlated tau production, assuming from unpolarized photon       | 
 |                                                                                                                 | 
 *-------  End PYTHIA Error and Warning Messages Statistics  ------------------------------------------------------* 
Gammatau2xmu: 0.000e+00

Gammatau2xe: 1.180e-14

BRtau2xmu: 0.000e+00

BRtau2xe: 5.179e-03

BRtau2xmu + BRtau2xe: 5.179e-03

produced tau excluding those daughters are also tau lepton: 3.024e+03
produced X: 3.024e+03
produced X/NMC: 3.024e-01

Proportion of X flying forward (eta>0): 6.286e-01
Proportion of X flying backward (eta<0): 3.714e-01

Total Gamma [GeV]: 1.464e-19
ctau [m]: 1.348e+03

Gammax2tautau: 0.000e+00

Gammax2mumu: 0.000e+00

Gammax2ee: 1.464e-19

Gammax2gmgm: 0.000e+00

BRx2tautau: 0.000e+00

BRx2mumu: 0.000e+00

BRx2ee: 1.000e+00

BRx2gmgm: 0.000e+00

X: insideFidVol: 2.000e+00
observedX: 6.475e-01
visibleX: 6.475e-02

X Observed Fiducial efficiency: 2.141e-04
X Visible Fiducial efficiency: 2.141e-05

reallyProduced tau: 9.200e+10
total number of tau-tau events: 4.600e+10

reallyProducedX: 1.678e+08
reallyobservedX: 3.592e+04
reallyvisibleX: 3.592e+03

