mX:  1.5
g_TE_Lamb:  4e-10
g_EE_Lamb:  1e-07
NMC 10000

 *-------  PYTHIA Process Initialization  --------------------------*
 |                                                                  |
 | We collide e- with e+ at a CM energy of 1.058e+01 GeV            |
 |                                                                  |
 |------------------------------------------------------------------|
 |                                                    |             |
 | Subprocess                                    Code |   Estimated |
 |                                                    |    max (mb) |
 |                                                    |             |
 |------------------------------------------------------------------|
 |                                                    |             |
 | f fbar -> f' fbar' (s-channel gamma*)          223 |   1.594e-04 |
 |                                                                  |
 *-------  End PYTHIA Process Initialization -----------------------*

 *-------  PYTHIA Flag + Mode + Parm + Word + FVec + MVec + PVec + WVec Settings (changes only)  ------------------* 
 |                                                                                                                 | 
 | Name                                          |                      Now |      Default         Min         Max | 
 |                                               |                          |                                      | 
 | Beams:eA                                      |                  7.00000 |     7000.000         0.0             | 
 | Beams:eB                                      |                  4.00000 |     7000.000         0.0             | 
 | Beams:frameType                               |                        2 |            1           1           5 | 
 | Beams:idA                                     |                       11 |         2212                         | 
 | Beams:idB                                     |                      -11 |         2212                         | 
 | HadronLevel:Hadronize                         |                      off |           on                         | 
 | Next:numberCount                              |                    10000 |         1000           0             | 
 | PartonLevel:MPI                               |                      off |           on                         | 
 | Random:seed                                   |                        0 |           -1               900000000 | 
 | Random:setSeed                                |                       on |          off                         | 
 | WeakSingleBoson:ffbar2ffbar(s:gm)             |                       on |          off                         | 
 |                                                                                                                 | 
 *-------  End PYTHIA Flag + Mode + Parm + Word + FVec + MVec + PVec + WVec Settings  -----------------------------* 

 --------  PYTHIA Particle Data Table (changed only)  ------------------------------------------------------------------------------
 
      id   name            antiName         spn chg col      m0        mWidth      mMin       mMax       tau0    res dec ext vis wid
             no onMode   bRatio   meMode     products 

      15  tau-             tau+               2  -3   0    1.77682    0.00000    0.00000    0.00000  8.71100e-02   0   1   0   1   0
              0     1   0.0000000  103       36       13 
              1     1   0.0000000  103       36       11 

      36  x                                   1   0   0    1.50000    0.00000    0.00000    0.00000  5.39180e+04   0   1   0   0   0
              0     1   0.0000000  103       15      -15 
              1     1   0.0000000  103       13      -13 
              2     1   1.0000000  103       11      -11 
              3     1   0.0000000  103       22       22 

 --------  End PYTHIA Particle Data Table  -----------------------------------------------------------------------------------------


 --------  PYTHIA Info Listing  ---------------------------------------- 
 
 Beam A: id =     11, pz =  5.292e+00, e =  5.292e+00, m =  5.110e-04.
 Beam B: id =    -11, pz = -5.292e+00, e =  5.292e+00, m =  5.110e-04.

 In 1: id =   11, x =  9.994e-01, pdf =  5.636e+01 at Q2 =  1.118e+02.
 In 2: id =  -11, x =  9.988e-01, pdf =  2.731e+01 at same Q2.

 Subprocess f fbar -> f' fbar' (s-channel gamma*) with code 223 is 2 -> 2.
 It has sHat =  1.118e+02,    tHat = -4.537e+01,    uHat = -6.642e+01,
       pTHat =  5.182e+00,   m3Hat =  3.300e-01,   m4Hat =  3.300e-01,
    thetaHat =  1.381e+00,  phiHat =  3.130e+00.
     alphaEM =  7.631e-03,  alphaS =  1.975e-01    at Q2 =  1.118e+02.

 Impact parameter b =  0.000e+00 gives enhancement factor =  1.000e+00.
 Max pT scale for MPI =  1.058e+01, ISR =  1.057e+01, FSR =  1.057e+01.
 Number of MPI =     1, ISR =     2, FSRproc =     3, FSRreson =     0.

 --------  End PYTHIA Info Listing  ------------------------------------

 --------  PYTHIA Event Listing  (hard process)  -----------------------------------------------------------------------------------
 
    no         id  name            status     mothers   daughters     colours      p_x        p_y        p_z         e          m 
     0         90  (system)           -11     0     0     0     0     0     0      0.000      0.000      3.000     11.000     10.583
     1         11  (e-)               -12     0     0     3     0     0     0      0.000      0.000      7.000      7.000      0.001
     2        -11  (e+)               -12     0     0     4     0     0     0      0.000      0.000     -4.000      4.000      0.001
     3         11  (e-)               -21     1     0     5     6     0     0      0.000      0.000      6.996      6.996      0.000
     4        -11  (e+)               -21     2     0     5     6     0     0      0.000      0.000     -3.995      3.995      0.000
     5          2  u                   23     3     4     0     0   101     0     -5.182      0.061      2.533      5.777      0.330
     6         -2  ubar                23     3     4     0     0     0   101      5.182     -0.061      0.468      5.214      0.330
                                   Charge sum:  0.000           Momentum sum:      0.000      0.000      3.001     10.991     10.573

 --------  End PYTHIA Event Listing  -----------------------------------------------------------------------------------------------

 --------  PYTHIA Event Listing  (complete event)  ---------------------------------------------------------------------------------
 
    no         id  name            status     mothers   daughters     colours      p_x        p_y        p_z         e          m 
     0         90  (system)           -11     0     0     0     0     0     0      0.000      0.000      3.000     11.000     10.583
     1         11  (e-)               -12     0     0    33     0     0     0      0.000      0.000      7.000      7.000      0.001
     2        -11  (e+)               -12     0     0    34     0     0     0      0.000      0.000     -4.000      4.000      0.001
     3         11  (e-)               -21    16    16     5     6     0     0      0.000      0.000      6.996      6.996      0.000
     4        -11  (e+)               -21    17     0     5     6     0     0      0.000      0.000     -3.995      3.995      0.000
     5          2  (u)                -23     3     4     7     8   101     0     -5.182      0.061      2.533      5.777      0.330
     6         -2  (ubar)             -23     3     4     9     9     0   101      5.182     -0.061      0.468      5.214      0.330
     7          2  (u)                -51     5     0    18    18   102     0     -4.676      1.056      1.293      4.976      0.330
     8         21  (g)                -51     5     0    12    12   101   102      0.400     -1.006      1.321      1.708      0.000
     9         -2  (ubar)             -52     6     6    10    11     0   101      4.276     -0.050      0.387      4.307      0.330
    10         -2  (ubar)             -51     9     0    19    19     0   103      2.036     -0.534     -0.150      2.136      0.330
    11         21  (g)                -51     9     0    15    15   103   101      2.305      0.323      0.748      2.444      0.000
    12         21  (g)                -52     8     8    13    14   101   102      0.336     -0.845      1.110      1.435      0.000
    13         21  (g)                -51    12     0    20    20   104   102      0.466      0.199      0.072      0.512      0.000
    14         21  (g)                -51    12     0    22    22   101   104      0.594     -0.942      1.273      1.691      0.000
    15         21  (g)                -52    11    11    21    21   103   101      1.580      0.222      0.513      1.676      0.000
    16         11  (e-)               -42    24     0     3     3     0     0     -0.000      0.000      6.996      6.996      0.000
    17        -11  (e+)               -41    25    25    23     4     0     0      0.000     -0.000     -4.000      4.000      0.000
    18          2  (u)                -44     7     7    26    26   102     0     -4.676      1.055      1.292      4.976      0.330
    19         -2  (ubar)             -44    10    10    27    27     0   103      2.036     -0.535     -0.149      2.136      0.330
    20         21  (g)                -44    13    13    28    28   104   102      0.466      0.199      0.072      0.512      0.000
    21         21  (g)                -44    15    15    29    29   103   101      1.580      0.221      0.513      1.676      0.000
    22         21  (g)                -44    14    14    30    30   101   104      0.594     -0.942      1.273      1.692      0.000
    23         22  (gamma)            -43    17     0    31    31     0     0     -0.000      0.002     -0.005      0.005      0.000
    24         11  (e-)               -41    33    33    32    16     0     0      0.000     -0.000      7.000      7.000      0.000
    25        -11  (e+)               -42    34    34    17    17     0     0      0.000     -0.000     -4.000      4.000      0.000
    26          2  (u)                -44    18    18    35    35   102     0     -4.677      1.055      1.292      4.976      0.330
    27         -2  (ubar)             -44    19    19    36    36     0   103      2.036     -0.535     -0.149      2.136      0.330
    28         21  (g)                -44    20    20    37    37   104   102      0.466      0.198      0.072      0.512      0.000
    29         21  (g)                -44    21    21    38    38   103   101      1.580      0.221      0.513      1.676      0.000
    30         21  (g)                -44    22    22    39    39   101   104      0.594     -0.942      1.273      1.692      0.000
    31         22  (gamma)            -44    23    23    40    40     0     0     -0.000      0.002     -0.005      0.005      0.000
    32         22  (gamma)            -43    24     0    41    41     0     0      0.001      0.001      0.004      0.004      0.000
    33         11  (e-)               -61     1     0    24    24     0     0     -0.000      0.000      7.000      7.000      0.000
    34        -11  (e+)               -61     2     0    25    25     0     0      0.000      0.000     -4.000      4.000      0.000
    35          2  u                   62    26    26     0     0   102     0     -4.677      1.055      1.292      4.976      0.330
    36         -2  ubar                62    27    27     0     0     0   103      2.036     -0.535     -0.149      2.136      0.330
    37         21  g                   62    28    28     0     0   104   102      0.466      0.198      0.072      0.512      0.000
    38         21  g                   62    29    29     0     0   103   101      1.580      0.221      0.513      1.676      0.000
    39         21  g                   62    30    30     0     0   101   104      0.594     -0.942      1.273      1.692      0.000
    40         22  gamma               62    31    31     0     0     0     0     -0.000      0.002     -0.005      0.005      0.000
    41         22  gamma               62    32    32     0     0     0     0      0.001      0.001      0.004      0.004      0.000
    42         22  gamma               63     1     0     0     0     0     0      0.000      0.000      0.000      0.000      0.000
    43         22  gamma               63     2     0     0     0     0     0      0.000      0.000     -0.000      0.000      0.000
                                   Charge sum:  0.000           Momentum sum:      0.000      0.000      3.000     11.000     10.583

 --------  End PYTHIA Event Listing  -----------------------------------------------------------------------------------------------
 PYTHIA Warning in TauDecays::decay: unknown correlated tau production, assuming from unpolarized photon  

 *-------  PYTHIA Event and Cross Section Statistics  -------------------------------------------------------------*
 |                                                                                                                 |
 | Subprocess                                    Code |            Number of events       |      sigma +- delta    |
 |                                                    |       Tried   Selected   Accepted |     (estimated) (mb)   |
 |                                                    |                                   |                        |
 |-----------------------------------------------------------------------------------------------------------------|
 |                                                    |                                   |                        |
 | f fbar -> f' fbar' (s-channel gamma*)          223 |      269389      10000      10000 |   5.997e-06  2.857e-08 |
 |                                                    |                                   |                        |
 | sum                                                |      269389      10000      10000 |   5.997e-06  2.857e-08 |
 |                                                                                                                 |
 *-------  End PYTHIA Event and Cross Section Statistics ----------------------------------------------------------*

 *-------  PYTHIA Error and Warning Messages Statistics  ----------------------------------------------------------* 
 |                                                                                                                 | 
 |  times   message                                                                                                | 
 |                                                                                                                 | 
 |   1497   Warning in TauDecays::decay: unknown correlated tau production, assuming from unpolarized photon       | 
 |                                                                                                                 | 
 *-------  End PYTHIA Error and Warning Messages Statistics  ------------------------------------------------------* 
Gammatau2xmu: 0.000e+00

Gammatau2xe: 2.949e-21

BRtau2xmu: 0.000e+00

BRtau2xe: 1.302e-09

BRtau2xmu + BRtau2xe: 1.302e-09

produced tau excluding those daughters are also tau lepton: 2.994e+03
produced X: 2.994e+03
produced X/NMC: 2.994e-01

Proportion of X flying forward (eta>0): 6.219e-01
Proportion of X flying backward (eta<0): 3.781e-01

Total Gamma [GeV]: 3.660e-18
ctau [m]: 5.392e+01

Gammax2tautau: 0.000e+00

Gammax2mumu: 0.000e+00

Gammax2ee: 3.660e-18

Gammax2gmgm: 0.000e+00

BRx2tautau: 0.000e+00

BRx2mumu: 0.000e+00

BRx2ee: 1.000e+00

BRx2gmgm: 0.000e+00

X: insideFidVol: 1.600e+01
observedX: 1.576e+01
visibleX: 1.576e+00

X Observed Fiducial efficiency: 5.265e-03
X Visible Fiducial efficiency: 5.265e-04

reallyProduced tau: 9.200e+10
total number of tau-tau events: 4.600e+10

reallyProducedX: 4.216e+01
reallyobservedX: 2.220e-01
reallyvisibleX: 2.220e-02

