mX:  1.5
g_TE_Lamb:  3e-09
g_EE_Lamb:  0.008
NMC 10000

 *-------  PYTHIA Process Initialization  --------------------------*
 |                                                                  |
 | We collide e- with e+ at a CM energy of 1.058e+01 GeV            |
 |                                                                  |
 |------------------------------------------------------------------|
 |                                                    |             |
 | Subprocess                                    Code |   Estimated |
 |                                                    |    max (mb) |
 |                                                    |             |
 |------------------------------------------------------------------|
 |                                                    |             |
 | f fbar -> f' fbar' (s-channel gamma*)          223 |   1.322e-04 |
 |                                                                  |
 *-------  End PYTHIA Process Initialization -----------------------*

 *-------  PYTHIA Flag + Mode + Parm + Word + FVec + MVec + PVec + WVec Settings (changes only)  ------------------* 
 |                                                                                                                 | 
 | Name                                          |                      Now |      Default         Min         Max | 
 |                                               |                          |                                      | 
 | Beams:eA                                      |                  7.00000 |     7000.000         0.0             | 
 | Beams:eB                                      |                  4.00000 |     7000.000         0.0             | 
 | Beams:frameType                               |                        2 |            1           1           5 | 
 | Beams:idA                                     |                       11 |         2212                         | 
 | Beams:idB                                     |                      -11 |         2212                         | 
 | HadronLevel:Hadronize                         |                      off |           on                         | 
 | Next:numberCount                              |                    10000 |         1000           0             | 
 | PartonLevel:MPI                               |                      off |           on                         | 
 | Random:seed                                   |                        0 |           -1               900000000 | 
 | Random:setSeed                                |                       on |          off                         | 
 | WeakSingleBoson:ffbar2ffbar(s:gm)             |                       on |          off                         | 
 |                                                                                                                 | 
 *-------  End PYTHIA Flag + Mode + Parm + Word + FVec + MVec + PVec + WVec Settings  -----------------------------* 

 --------  PYTHIA Particle Data Table (changed only)  ------------------------------------------------------------------------------
 
      id   name            antiName         spn chg col      m0        mWidth      mMin       mMax       tau0    res dec ext vis wid
             no onMode   bRatio   meMode     products 

      15  tau-             tau+               2  -3   0    1.77682    0.00000    0.00000    0.00000  8.71100e-02   0   1   0   1   0
              0     1   0.0000000  103       36       13 
              1     1   0.0000001  103       36       11 

      36  x                                   1   0   0    1.50000    0.00000    0.00000    0.00000  8.42469e-06   0   1   0   0   0
              0     1   0.0000000  103       15      -15 
              1     1   0.0000000  103       13      -13 
              2     1   1.0000000  103       11      -11 
              3     1   0.0000000  103       22       22 

 --------  End PYTHIA Particle Data Table  -----------------------------------------------------------------------------------------


 --------  PYTHIA Info Listing  ---------------------------------------- 
 
 Beam A: id =     11, pz =  5.292e+00, e =  5.292e+00, m =  5.110e-04.
 Beam B: id =    -11, pz = -5.292e+00, e =  5.292e+00, m =  5.110e-04.

 In 1: id =   11, x =  1.000e+00, pdf =  1.020e+06 at Q2 =  1.041e+02.
 In 2: id =  -11, x =  9.292e-01, pdf =  4.928e-01 at same Q2.

 Subprocess f fbar -> f' fbar' (s-channel gamma*) with code 223 is 2 -> 2.
 It has sHat =  1.041e+02,    tHat = -2.338e+01,    uHat = -8.069e+01,
       pTHat =  4.258e+00,   m3Hat =  5.110e-04,   m4Hat =  5.110e-04,
    thetaHat =  9.877e-01,  phiHat =  2.185e+00.
     alphaEM =  7.628e-03,  alphaS =  1.992e-01    at Q2 =  1.041e+02.

 Impact parameter b =  0.000e+00 gives enhancement factor =  1.000e+00.
 Max pT scale for MPI =  1.058e+01, ISR =  1.058e+01, FSR =  1.058e+01.
 Number of MPI =     1, ISR =     2, FSRproc =     0, FSRreson =     0.

 --------  End PYTHIA Info Listing  ------------------------------------

 --------  PYTHIA Event Listing  (hard process)  -----------------------------------------------------------------------------------
 
    no         id  name            status     mothers   daughters     colours      p_x        p_y        p_z         e          m 
     0         90  (system)           -11     0     0     0     0     0     0      0.000      0.000      3.000     11.000     10.583
     1         11  (e-)               -12     0     0     3     0     0     0      0.000      0.000      7.000      7.000      0.001
     2        -11  (e+)               -12     0     0     4     0     0     0      0.000      0.000     -4.000      4.000      0.001
     3         11  (e-)               -21     1     0     5     6     0     0      0.000      0.000      7.000      7.000      0.000
     4        -11  (e+)               -21     2     0     5     6     0     0      0.000      0.000     -3.717      3.717      0.000
     5         11  e-                  23     3     4     0     0     0     0     -2.453      3.480      4.592      6.262      0.001
     6        -11  e+                  23     3     4     0     0     0     0      2.453     -3.480     -1.309      4.455      0.001
                                   Charge sum:  0.000           Momentum sum:      0.000      0.000      3.283     10.717     10.202

 --------  End PYTHIA Event Listing  -----------------------------------------------------------------------------------------------

 --------  PYTHIA Event Listing  (complete event)  ---------------------------------------------------------------------------------
 
    no         id  name            status     mothers   daughters     colours      p_x        p_y        p_z         e          m 
     0         90  (system)           -11     0     0     0     0     0     0      0.000      0.000      3.000     11.000     10.583
     1         11  (e-)               -12     0     0    18     0     0     0      0.000      0.000      7.000      7.000      0.001
     2        -11  (e+)               -12     0     0    19     0     0     0      0.000      0.000     -4.000      4.000      0.001
     3         11  (e-)               -21     7     7     5     6     0     0      0.000      0.000      7.000      7.000      0.000
     4        -11  (e+)               -21     8     0     5     6     0     0      0.000      0.000     -3.717      3.717      0.000
     5         11  (e-)               -23     3     4     9     9     0     0     -2.453      3.480      4.592      6.262      0.001
     6        -11  (e+)               -23     3     4    10    10     0     0      2.453     -3.480     -1.309      4.455      0.001
     7         11  (e-)               -42    12    12     3     3     0     0     -0.000      0.000      7.000      7.000      0.000
     8        -11  (e+)               -41    13     0    11     4     0     0      0.000      0.000     -3.841      3.841      0.000
     9         11  (e-)               -44     5     5    14    14     0     0     -2.458      3.502      4.624      6.300      0.001
    10        -11  (e+)               -44     6     6    15    15     0     0      2.437     -3.405     -1.375      4.407      0.001
    11         22  (gamma)            -43     8     0    16    16     0     0      0.021     -0.096     -0.090      0.134      0.000
    12         11  (e-)               -42    18    18     7     7     0     0     -0.000      0.000      7.000      7.000      0.000
    13        -11  (e+)               -41    19    19    17     8     0     0      0.000     -0.000     -4.000      4.000      0.000
    14         11  (e-)               -44     9     9    20    20     0     0     -2.459      3.502      4.626      6.301      0.001
    15        -11  (e+)               -44    10    10    21    21     0     0      2.435     -3.404     -1.376      4.406      0.001
    16         22  (gamma)            -44    11    11    22    22     0     0      0.021     -0.096     -0.090      0.134      0.000
    17         22  (gamma)            -43    13     0    23    23     0     0      0.003     -0.001     -0.159      0.159      0.000
    18         11  (e-)               -61     1     0    12    12     0     0      0.000     -0.000      7.000      7.000      0.000
    19        -11  (e+)               -61     2     0    13    13     0     0      0.000      0.000     -4.000      4.000      0.000
    20         11  e-                  62    14    14     0     0     0     0     -2.459      3.502      4.626      6.301      0.001
    21        -11  e+                  62    15    15     0     0     0     0      2.435     -3.404     -1.376      4.406      0.001
    22         22  gamma               62    16    16     0     0     0     0      0.021     -0.096     -0.090      0.134      0.000
    23         22  gamma               62    17    17     0     0     0     0      0.003     -0.001     -0.159      0.159      0.000
    24         22  gamma               63     1     0     0     0     0     0      0.000      0.000      0.000      0.000      0.000
    25         22  gamma               63     2     0     0     0     0     0      0.000      0.000     -0.000      0.000      0.000
                                   Charge sum:  0.000           Momentum sum:     -0.000      0.000      3.000     11.000     10.583

 --------  End PYTHIA Event Listing  -----------------------------------------------------------------------------------------------
 PYTHIA Warning in PhaseSpace2to2tauyz::trialKin: maximum for cross section violated  
 PYTHIA Warning in TauDecays::decay: unknown correlated tau production, assuming from unpolarized photon  

 *-------  PYTHIA Event and Cross Section Statistics  -------------------------------------------------------------*
 |                                                                                                                 |
 | Subprocess                                    Code |            Number of events       |      sigma +- delta    |
 |                                                    |       Tried   Selected   Accepted |     (estimated) (mb)   |
 |                                                    |                                   |                        |
 |-----------------------------------------------------------------------------------------------------------------|
 |                                                    |                                   |                        |
 | f fbar -> f' fbar' (s-channel gamma*)          223 |      223291      10000      10000 |   6.045e-06  3.111e-08 |
 |                                                    |                                   |                        |
 | sum                                                |      223291      10000      10000 |   6.045e-06  3.111e-08 |
 |                                                                                                                 |
 *-------  End PYTHIA Event and Cross Section Statistics ----------------------------------------------------------*

 *-------  PYTHIA Error and Warning Messages Statistics  ----------------------------------------------------------* 
 |                                                                                                                 | 
 |  times   message                                                                                                | 
 |                                                                                                                 | 
 |    173   Warning in PhaseSpace2to2tauyz::trialKin: maximum for cross section violated                           | 
 |   1483   Warning in TauDecays::decay: unknown correlated tau production, assuming from unpolarized photon       | 
 |                                                                                                                 | 
 *-------  End PYTHIA Error and Warning Messages Statistics  ------------------------------------------------------* 
Gammatau2xmu: 0.000e+00

Gammatau2xe: 1.659e-19

BRtau2xmu: 0.000e+00

BRtau2xe: 7.321e-08

BRtau2xmu + BRtau2xe: 7.321e-08

produced tau excluding those daughters are also tau lepton: 2.966e+03
produced X: 2.966e+03
produced X/NMC: 2.966e-01

Proportion of X flying forward (eta>0): 6.194e-01
Proportion of X flying backward (eta<0): 3.806e-01

Total Gamma [GeV]: 2.342e-08
ctau [m]: 8.425e-09

Gammax2tautau: 0.000e+00

Gammax2mumu: 0.000e+00

Gammax2ee: 2.342e-08

Gammax2gmgm: 0.000e+00

BRx2tautau: 0.000e+00

BRx2mumu: 0.000e+00

BRx2ee: 1.000e+00

BRx2gmgm: 0.000e+00

X: insideFidVol: 0.000e+00
observedX: 0.000e+00
visibleX: 0.000e+00

X Observed Fiducial efficiency: 0.000e+00
X Visible Fiducial efficiency: 0.000e+00

reallyProduced tau: 9.200e+10
total number of tau-tau events: 4.600e+10

reallyProducedX: 2.371e+03
reallyobservedX: 0.000e+00
reallyvisibleX: 0.000e+00

