mX:  1.5
g_TE_Lamb:  1.5e-09
g_EE_Lamb:  0.06
NMC 10000

 *-------  PYTHIA Process Initialization  --------------------------*
 |                                                                  |
 | We collide e- with e+ at a CM energy of 1.058e+01 GeV            |
 |                                                                  |
 |------------------------------------------------------------------|
 |                                                    |             |
 | Subprocess                                    Code |   Estimated |
 |                                                    |    max (mb) |
 |                                                    |             |
 |------------------------------------------------------------------|
 |                                                    |             |
 | f fbar -> f' fbar' (s-channel gamma*)          223 |   1.546e-04 |
 |                                                                  |
 *-------  End PYTHIA Process Initialization -----------------------*

 *-------  PYTHIA Flag + Mode + Parm + Word + FVec + MVec + PVec + WVec Settings (changes only)  ------------------* 
 |                                                                                                                 | 
 | Name                                          |                      Now |      Default         Min         Max | 
 |                                               |                          |                                      | 
 | Beams:eA                                      |                  7.00000 |     7000.000         0.0             | 
 | Beams:eB                                      |                  4.00000 |     7000.000         0.0             | 
 | Beams:frameType                               |                        2 |            1           1           5 | 
 | Beams:idA                                     |                       11 |         2212                         | 
 | Beams:idB                                     |                      -11 |         2212                         | 
 | HadronLevel:Hadronize                         |                      off |           on                         | 
 | Next:numberCount                              |                    10000 |         1000           0             | 
 | PartonLevel:MPI                               |                      off |           on                         | 
 | Random:seed                                   |                        0 |           -1               900000000 | 
 | Random:setSeed                                |                       on |          off                         | 
 | WeakSingleBoson:ffbar2ffbar(s:gm)             |                       on |          off                         | 
 |                                                                                                                 | 
 *-------  End PYTHIA Flag + Mode + Parm + Word + FVec + MVec + PVec + WVec Settings  -----------------------------* 

 --------  PYTHIA Particle Data Table (changed only)  ------------------------------------------------------------------------------
 
      id   name            antiName         spn chg col      m0        mWidth      mMin       mMax       tau0    res dec ext vis wid
             no onMode   bRatio   meMode     products 

      15  tau-             tau+               2  -3   0    1.77682    0.00000    0.00000    0.00000  8.71100e-02   0   1   0   1   0
              0     1   0.0000000  103       36       13 
              1     1   0.0000000  103       36       11 

      36  x                                   1   0   0    1.50000    0.00000    0.00000    0.00000  1.49772e-07   0   1   0   0   0
              0     1   0.0000000  103       15      -15 
              1     1   0.0000000  103       13      -13 
              2     1   1.0000000  103       11      -11 
              3     1   0.0000000  103       22       22 

 --------  End PYTHIA Particle Data Table  -----------------------------------------------------------------------------------------


 --------  PYTHIA Info Listing  ---------------------------------------- 
 
 Beam A: id =     11, pz =  5.292e+00, e =  5.292e+00, m =  5.110e-04.
 Beam B: id =    -11, pz = -5.292e+00, e =  5.292e+00, m =  5.110e-04.

 In 1: id =   11, x =  2.112e-01, pdf =  5.779e-03 at Q2 =  2.347e+01.
 In 2: id =  -11, x =  9.921e-01, pdf =  4.253e+00 at same Q2.

 Subprocess f fbar -> f' fbar' (s-channel gamma*) with code 223 is 2 -> 2.
 It has sHat =  2.347e+01,    tHat = -3.256e+00,    uHat = -2.021e+01,
       pTHat =  1.675e+00,   m3Hat =  5.110e-04,   m4Hat =  5.110e-04,
    thetaHat =  7.634e-01,  phiHat =  5.436e+00.
     alphaEM =  7.568e-03,  alphaS =  2.433e-01    at Q2 =  2.347e+01.

 Impact parameter b =  0.000e+00 gives enhancement factor =  1.000e+00.
 Max pT scale for MPI =  1.058e+01, ISR =  1.058e+01, FSR =  1.058e+01.
 Number of MPI =     1, ISR =     3, FSRproc =     2, FSRreson =     0.

 --------  End PYTHIA Info Listing  ------------------------------------

 --------  PYTHIA Event Listing  (hard process)  -----------------------------------------------------------------------------------
 
    no         id  name            status     mothers   daughters     colours      p_x        p_y        p_z         e          m 
     0         90  (system)           -11     0     0     0     0     0     0      0.000      0.000      3.000     11.000     10.583
     1         11  (e-)               -12     0     0     3     0     0     0      0.000      0.000      7.000      7.000      0.001
     2        -11  (e+)               -12     0     0     4     0     0     0      0.000      0.000     -4.000      4.000      0.001
     3         11  (e-)               -21     1     0     5     6     0     0      0.000      0.000      1.478      1.478      0.000
     4        -11  (e+)               -21     2     0     5     6     0     0      0.000      0.000     -3.968      3.968      0.000
     5         11  e-                  23     3     4     0     0     0     0      1.109     -1.255      0.723      1.824      0.001
     6        -11  e+                  23     3     4     0     0     0     0     -1.109      1.255     -3.213      3.623      0.001
                                   Charge sum:  0.000           Momentum sum:      0.000      0.000     -2.490      5.447      4.844

 --------  End PYTHIA Event Listing  -----------------------------------------------------------------------------------------------

 --------  PYTHIA Event Listing  (complete event)  ---------------------------------------------------------------------------------
 
    no         id  name            status     mothers   daughters     colours      p_x        p_y        p_z         e          m 
     0         90  (system)           -11     0     0     0     0     0     0      0.000      0.000      3.000     11.000     10.583
     1         11  (e-)               -12     0     0    34     0     0     0      0.000      0.000      7.000      7.000      0.001
     2        -11  (e+)               -12     0     0    35     0     0     0      0.000      0.000     -4.000      4.000      0.001
     3         11  (e-)               -21    10    10     5     6     0     0      0.000      0.000      1.478      1.478      0.000
     4        -11  (e+)               -21     9     9     5     6     0     0      0.000      0.000     -3.968      3.968      0.000
     5         11  (e-)               -23     3     4    12    12     0     0      1.109     -1.255      0.723      1.824      0.001
     6        -11  (e+)               -23     3     4     7     8     0     0     -1.109      1.255     -3.213      3.623      0.001
     7        -11  (e+)               -51     6     0    13    13     0     0     -0.943      1.047     -2.710      3.054      0.001
     8         22  (gamma)            -51     6     0    14    14     0     0     -0.166      0.208     -0.504      0.570      0.000
     9        -11  (e+)               -53    11     0     4     4     0     0      0.000     -0.000     -3.970      3.970      0.000
    10         11  (e-)               -42    16     0     3     3     0     0      0.000      0.000      1.478      1.478      0.000
    11        -11  (e+)               -41    17    17    15     9     0     0     -0.000     -0.000     -4.000      4.000      0.000
    12         11  (e-)               -44     5     5    18    18     0     0      1.109     -1.255      0.722      1.824      0.001
    13        -11  (e+)               -44     7     7    19    19     0     0     -0.944      1.045     -2.710      3.054      0.001
    14         22  (gamma)            -44     8     8    20    20     0     0     -0.167      0.208     -0.504      0.570      0.000
    15         22  (gamma)            -43    11     0    21    21     0     0      0.002      0.002     -0.030      0.030      0.000
    16         11  (e-)               -41    23     0    22    10     0     0     -0.000     -0.000      6.974      6.974      0.000
    17        -11  (e+)               -42    24    24    11    11     0     0     -0.000      0.000     -4.000      4.000      0.000
    18         11  (e-)               -44    12    12    25    25     0     0      1.108     -1.253      0.724      1.822      0.001
    19        -11  (e+)               -44    13    13    26    26     0     0     -0.945      1.045     -2.711      3.055      0.001
    20         22  (gamma)            -44    14    14    27    27     0     0     -0.167      0.208     -0.505      0.571      0.000
    21         22  (gamma)            -44    15    15    28    28     0     0      0.002      0.002     -0.030      0.030      0.000
    22         22  (gamma)            -43    16     0    29    29     0     0      0.001     -0.002      5.495      5.495      0.000
    23         11  (e-)               -41    33    33    30    16     0     0     -0.000      0.000      7.000      7.000      0.000
    24        -11  (e+)               -42    35    35    17    17     0     0      0.000     -0.000     -4.000      4.000      0.000
    25         11  (e-)               -44    18    18    31    32     0     0      1.108     -1.253      0.724      1.822      0.001
    26        -11  (e+)               -44    19    19    37    37     0     0     -0.945      1.045     -2.711      3.055      0.001
    27         22  (gamma)            -44    20    20    38    38     0     0     -0.167      0.208     -0.505      0.571      0.000
    28         22  (gamma)            -44    21    21    39    39     0     0      0.002      0.002     -0.030      0.030      0.000
    29         22  (gamma)            -44    22    22    40    40     0     0      0.001     -0.002      5.495      5.495      0.000
    30         22  (gamma)            -43    23     0    41    41     0     0      0.001     -0.000      0.026      0.026      0.000
    31         11  (e-)               -51    25     0    36    36     0     0      0.828     -0.936      0.541      1.362      0.001
    32         22  (gamma)            -51    25     0    42    42     0     0      0.280     -0.317      0.183      0.461      0.000
    33         11  (e-)               -53    34    34    23    23     0     0     -0.000      0.000      7.000      7.000      0.000
    34         11  (e-)               -61     1     0    33    33     0     0     -0.000     -0.000      7.000      7.000      0.000
    35        -11  (e+)               -61     2     0    24    24     0     0      0.000      0.000     -4.000      4.000      0.000
    36         11  e-                  62    31    31     0     0     0     0      0.828     -0.936      0.541      1.362      0.001
    37        -11  e+                  62    26    26     0     0     0     0     -0.945      1.045     -2.711      3.055      0.001
    38         22  gamma               62    27    27     0     0     0     0     -0.167      0.208     -0.505      0.571      0.000
    39         22  gamma               62    28    28     0     0     0     0      0.002      0.002     -0.030      0.030      0.000
    40         22  gamma               62    29    29     0     0     0     0      0.001     -0.002      5.495      5.495      0.000
    41         22  gamma               62    30    30     0     0     0     0      0.001     -0.000      0.026      0.026      0.000
    42         22  gamma               62    32    32     0     0     0     0      0.280     -0.317      0.183      0.461      0.000
    43         22  gamma               63     1     0     0     0     0     0      0.000      0.000      0.000      0.000      0.000
    44         22  gamma               63     2     0     0     0     0     0      0.000      0.000     -0.000      0.000      0.000
                                   Charge sum:  0.000           Momentum sum:      0.000     -0.000      3.000     11.000     10.583

 --------  End PYTHIA Event Listing  -----------------------------------------------------------------------------------------------
 PYTHIA Warning in TauDecays::decay: unknown correlated tau production, assuming from unpolarized photon  

 *-------  PYTHIA Event and Cross Section Statistics  -------------------------------------------------------------*
 |                                                                                                                 |
 | Subprocess                                    Code |            Number of events       |      sigma +- delta    |
 |                                                    |       Tried   Selected   Accepted |     (estimated) (mb)   |
 |                                                    |                                   |                        |
 |-----------------------------------------------------------------------------------------------------------------|
 |                                                    |                                   |                        |
 | f fbar -> f' fbar' (s-channel gamma*)          223 |      258517      10000      10000 |   6.031e-06  2.943e-08 |
 |                                                    |                                   |                        |
 | sum                                                |      258517      10000      10000 |   6.031e-06  2.943e-08 |
 |                                                                                                                 |
 *-------  End PYTHIA Event and Cross Section Statistics ----------------------------------------------------------*

 *-------  PYTHIA Error and Warning Messages Statistics  ----------------------------------------------------------* 
 |                                                                                                                 | 
 |  times   message                                                                                                | 
 |                                                                                                                 | 
 |   1462   Warning in TauDecays::decay: unknown correlated tau production, assuming from unpolarized photon       | 
 |                                                                                                                 | 
 *-------  End PYTHIA Error and Warning Messages Statistics  ------------------------------------------------------* 
Gammatau2xmu: 0.000e+00

Gammatau2xe: 4.147e-20

BRtau2xmu: 0.000e+00

BRtau2xe: 1.830e-08

BRtau2xmu + BRtau2xe: 1.830e-08

produced tau excluding those daughters are also tau lepton: 2.924e+03
produced X: 2.924e+03
produced X/NMC: 2.924e-01

Proportion of X flying forward (eta>0): 6.296e-01
Proportion of X flying backward (eta<0): 3.704e-01

Total Gamma [GeV]: 1.318e-06
ctau [m]: 1.498e-10

Gammax2tautau: 0.000e+00

Gammax2mumu: 0.000e+00

Gammax2ee: 1.318e-06

Gammax2gmgm: 0.000e+00

BRx2tautau: 0.000e+00

BRx2mumu: 0.000e+00

BRx2ee: 1.000e+00

BRx2gmgm: 0.000e+00

X: insideFidVol: 0.000e+00
observedX: 0.000e+00
visibleX: 0.000e+00

X Observed Fiducial efficiency: 0.000e+00
X Visible Fiducial efficiency: 0.000e+00

reallyProduced tau: 9.200e+10
total number of tau-tau events: 4.600e+10

reallyProducedX: 5.929e+02
reallyobservedX: 0.000e+00
reallyvisibleX: 0.000e+00

