mX:  1.4
g_AB_Lamb:  2e-09
g_CC_Lamb:  3e-07
NMC 100000

 *-------  PYTHIA Process Initialization  --------------------------*
 |                                                                  |
 | We collide e- with e+ at a CM energy of 1.058e+01 GeV            |
 |                                                                  |
 |------------------------------------------------------------------|
 |                                                    |             |
 | Subprocess                                    Code |   Estimated |
 |                                                    |    max (mb) |
 |                                                    |             |
 |------------------------------------------------------------------|
 |                                                    |             |
 | f fbar -> f' fbar' (s-channel gamma*)          223 |   1.284e-04 |
 |                                                                  |
 *-------  End PYTHIA Process Initialization -----------------------*

 *-------  PYTHIA Flag + Mode + Parm + Word + FVec + MVec + PVec + WVec Settings (changes only)  ------------------* 
 |                                                                                                                 | 
 | Name                                          |                      Now |      Default         Min         Max | 
 |                                               |                          |                                      | 
 | Beams:eA                                      |                  7.00000 |     7000.000         0.0             | 
 | Beams:eB                                      |                  4.00000 |     7000.000         0.0             | 
 | Beams:frameType                               |                        2 |            1           1           5 | 
 | Beams:idA                                     |                       11 |         2212                         | 
 | Beams:idB                                     |                      -11 |         2212                         | 
 | HadronLevel:Hadronize                         |                      off |           on                         | 
 | Next:numberCount                              |                    10000 |         1000           0             | 
 | PartonLevel:MPI                               |                      off |           on                         | 
 | Random:seed                                   |                        0 |           -1               900000000 | 
 | Random:setSeed                                |                       on |          off                         | 
 | WeakSingleBoson:ffbar2ffbar(s:gm)             |                       on |          off                         | 
 |                                                                                                                 | 
 *-------  End PYTHIA Flag + Mode + Parm + Word + FVec + MVec + PVec + WVec Settings  -----------------------------* 

 --------  PYTHIA Particle Data Table (changed only)  ------------------------------------------------------------------------------
 
      id   name            antiName         spn chg col      m0        mWidth      mMin       mMax       tau0    res dec ext vis wid
             no onMode   bRatio   meMode     products 

      15  tau-             tau+               2  -3   0    1.77682    0.00000    0.00000    0.00000  8.71100e-02   0   1   0   1   0
              0     1   0.0000001  103       36       13 
              1     1   0.0000001  103       36       11 

      36  x                                   1   0   0    1.40000    0.00000    0.00000    0.00000  3.34826e+01   0   1   0   0   0
              0     1   0.0000000  103       15      -15 
              1     1   0.9951310  103       13      -13 
              2     1   0.0048686  103       11      -11 
              3     1   0.0000000  103       22       22 

 --------  End PYTHIA Particle Data Table  -----------------------------------------------------------------------------------------


 --------  PYTHIA Info Listing  ---------------------------------------- 
 
 Beam A: id =     11, pz =  5.292e+00, e =  5.292e+00, m =  5.110e-04.
 Beam B: id =    -11, pz = -5.292e+00, e =  5.292e+00, m =  5.110e-04.

 In 1: id =   11, x =  9.969e-01, pdf =  1.119e+01 at Q2 =  1.116e+02.
 In 2: id =  -11, x =  9.996e-01, pdf =  8.825e+01 at same Q2.

 Subprocess f fbar -> f' fbar' (s-channel gamma*) with code 223 is 2 -> 2.
 It has sHat =  1.116e+02,    tHat = -1.307e+01,    uHat = -9.854e+01,
       pTHat =  3.257e+00,   m3Hat =  1.500e+00,   m4Hat =  1.500e+00,
    thetaHat =  6.985e-01,  phiHat =  3.042e+00.
     alphaEM =  7.631e-03,  alphaS =  1.975e-01    at Q2 =  1.116e+02.

 Impact parameter b =  0.000e+00 gives enhancement factor =  1.000e+00.
 Max pT scale for MPI =  1.058e+01, ISR =  1.056e+01, FSR =  1.056e+01.
 Number of MPI =     1, ISR =     2, FSRproc =     0, FSRreson =     0.

 --------  End PYTHIA Info Listing  ------------------------------------

 --------  PYTHIA Event Listing  (hard process)  -----------------------------------------------------------------------------------
 
    no         id  name            status     mothers   daughters     colours      p_x        p_y        p_z         e          m 
     0         90  (system)           -11     0     0     0     0     0     0      0.000      0.000      3.000     11.000     10.583
     1         11  (e-)               -12     0     0     3     0     0     0      0.000      0.000      7.000      7.000      0.001
     2        -11  (e+)               -12     0     0     4     0     0     0      0.000      0.000     -4.000      4.000      0.001
     3         11  (e-)               -21     1     0     5     6     0     0      0.000      0.000      6.978      6.978      0.000
     4        -11  (e+)               -21     2     0     5     6     0     0      0.000      0.000     -3.999      3.999      0.000
     5          4  c                   23     3     4     0     0   101     0     -3.241      0.325      5.520      6.582      1.500
     6         -4  cbar                23     3     4     0     0     0   101      3.241     -0.325     -2.540      4.394      1.500
                                   Charge sum:  0.000           Momentum sum:      0.000      0.000      2.980     10.977     10.565

 --------  End PYTHIA Event Listing  -----------------------------------------------------------------------------------------------

 --------  PYTHIA Event Listing  (complete event)  ---------------------------------------------------------------------------------
 
    no         id  name            status     mothers   daughters     colours      p_x        p_y        p_z         e          m 
     0         90  (system)           -11     0     0     0     0     0     0      0.000      0.000      3.000     11.000     10.583
     1         11  (e-)               -12     0     0    18     0     0     0      0.000      0.000      7.000      7.000      0.001
     2        -11  (e+)               -12     0     0    19     0     0     0      0.000      0.000     -4.000      4.000      0.001
     3         11  (e-)               -21     7     0     5     6     0     0      0.000      0.000      6.978      6.978      0.000
     4        -11  (e+)               -21     8     8     5     6     0     0      0.000      0.000     -3.999      3.999      0.000
     5          4  (c)                -23     3     4     9     9   101     0     -3.241      0.325      5.520      6.582      1.500
     6         -4  (cbar)             -23     3     4    10    10     0   101      3.241     -0.325     -2.540      4.394      1.500
     7         11  (e-)               -41    12    12    11     3     0     0     -0.000     -0.000      7.000      7.000      0.000
     8        -11  (e+)               -42    13     0     4     4     0     0      0.000      0.000     -3.999      3.999      0.000
     9          4  (c)                -44     5     5    14    14   101     0     -3.227      0.326      5.533      6.587      1.500
    10         -4  (cbar)             -44     6     6    15    15     0   101      3.243     -0.325     -2.537      4.395      1.500
    11         22  (gamma)            -43     7     0    16    16     0     0     -0.016     -0.001      0.006      0.017      0.000
    12         11  (e-)               -42    18    18     7     7     0     0     -0.000     -0.000      7.000      7.000      0.000
    13        -11  (e+)               -41    19    19    17     8     0     0      0.000      0.000     -4.000      4.000      0.000
    14          4  (c)                -44     9     9    20    20   101     0     -3.226      0.326      5.533      6.586      1.500
    15         -4  (cbar)             -44    10    10    21    21     0   101      3.244     -0.325     -2.537      4.395      1.500
    16         22  (gamma)            -44    11    11    22    22     0     0     -0.016     -0.001      0.006      0.017      0.000
    17         22  (gamma)            -43    13     0    23    23     0     0     -0.001     -0.000     -0.001      0.001      0.000
    18         11  (e-)               -61     1     0    12    12     0     0      0.000      0.000      7.000      7.000      0.000
    19        -11  (e+)               -61     2     0    13    13     0     0     -0.000     -0.000     -4.000      4.000      0.000
    20          4  c                   62    14    14     0     0   101     0     -3.226      0.326      5.533      6.586      1.500
    21         -4  cbar                62    15    15     0     0     0   101      3.244     -0.325     -2.537      4.395      1.500
    22         22  gamma               62    16    16     0     0     0     0     -0.016     -0.001      0.006      0.017      0.000
    23         22  gamma               62    17    17     0     0     0     0     -0.001     -0.000     -0.001      0.001      0.000
    24         22  gamma               63     1     0     0     0     0     0      0.000      0.000      0.000      0.000      0.000
    25         22  gamma               63     2     0     0     0     0     0      0.000      0.000     -0.000      0.000      0.000
                                   Charge sum:  0.000           Momentum sum:     -0.000     -0.000      3.000     11.000     10.583

 --------  End PYTHIA Event Listing  -----------------------------------------------------------------------------------------------
 PYTHIA Warning in TauDecays::decay: unknown correlated tau production, assuming from unpolarized photon  
 PYTHIA Warning in PhaseSpace2to2tauyz::trialKin: maximum for cross section violated  

 Pythia::next(): 10000 events have been generated 

 Pythia::next(): 20000 events have been generated 

 Pythia::next(): 30000 events have been generated 

 Pythia::next(): 40000 events have been generated 

 Pythia::next(): 50000 events have been generated 

 Pythia::next(): 60000 events have been generated 

 Pythia::next(): 70000 events have been generated 

 Pythia::next(): 80000 events have been generated 

 Pythia::next(): 90000 events have been generated 

 *-------  PYTHIA Event and Cross Section Statistics  -------------------------------------------------------------*
 |                                                                                                                 |
 | Subprocess                                    Code |            Number of events       |      sigma +- delta    |
 |                                                    |       Tried   Selected   Accepted |     (estimated) (mb)   |
 |                                                    |                                   |                        |
 |-----------------------------------------------------------------------------------------------------------------|
 |                                                    |                                   |                        |
 | f fbar -> f' fbar' (s-channel gamma*)          223 |     2138194     100000     100000 |   6.003e-06  9.367e-09 |
 |                                                    |                                   |                        |
 | sum                                                |     2138194     100000     100000 |   6.003e-06  9.367e-09 |
 |                                                                                                                 |
 *-------  End PYTHIA Event and Cross Section Statistics ----------------------------------------------------------*

 *-------  PYTHIA Error and Warning Messages Statistics  ----------------------------------------------------------* 
 |                                                                                                                 | 
 |  times   message                                                                                                | 
 |                                                                                                                 | 
 |    193   Warning in PhaseSpace2to2tauyz::trialKin: maximum for cross section violated                           | 
 |  14731   Warning in TauDecays::decay: unknown correlated tau production, assuming from unpolarized photon       | 
 |                                                                                                                 | 
 *-------  End PYTHIA Error and Warning Messages Statistics  ------------------------------------------------------* 
Gammatau2xmu: 1.202e-19

Gammatau2xe: 1.284e-19

BRtau2xmu: 5.303e-08

BRtau2xe: 5.666e-08

BRtau2xmu + BRtau2xe: 1.097e-07

produced tau excluding those daughters are also tau lepton: 2.946e+04
produced X: 2.946e+04
produced X/NMC: 2.946e-01

Proportion of X flying forward (eta>0): 6.209e-01
Proportion of X flying backward (eta<0): 3.791e-01

Total Gamma [GeV]: 5.893e-15
ctau [m]: 3.348e-02

Gammax2tautau: 0.000e+00

Gammax2mumu: 5.865e-15

Gammax2ee: 2.869e-17

Gammax2gmgm: 0.000e+00

BRx2tautau: 0.000e+00

BRx2mumu: 9.951e-01

BRx2ee: 4.869e-03

BRx2gmgm: 0.000e+00

X: insideFidVol: 6.749e+03
observedX: 6.742e+03
visibleX: 0.000e+00

X Observed Fiducial efficiency: 2.288e-01
X Visible Fiducial efficiency: 0.000e+00

reallyProduced tau: 9.200e+10
total number of tau-tau events: 4.600e+10

reallyProducedX: 3.553e+03
reallyobservedX: 8.132e+02
reallyvisibleX: 0.000e+00

