mX:  1.4
g_AB_Lamb:  2e-07
g_CC_Lamb:  1.5e-10
NMC 100000

 *-------  PYTHIA Process Initialization  --------------------------*
 |                                                                  |
 | We collide e- with e+ at a CM energy of 1.058e+01 GeV            |
 |                                                                  |
 |------------------------------------------------------------------|
 |                                                    |             |
 | Subprocess                                    Code |   Estimated |
 |                                                    |    max (mb) |
 |                                                    |             |
 |------------------------------------------------------------------|
 |                                                    |             |
 | f fbar -> f' fbar' (s-channel gamma*)          223 |   1.617e-04 |
 |                                                                  |
 *-------  End PYTHIA Process Initialization -----------------------*

 *-------  PYTHIA Flag + Mode + Parm + Word + FVec + MVec + PVec + WVec Settings (changes only)  ------------------* 
 |                                                                                                                 | 
 | Name                                          |                      Now |      Default         Min         Max | 
 |                                               |                          |                                      | 
 | Beams:eA                                      |                  7.00000 |     7000.000         0.0             | 
 | Beams:eB                                      |                  4.00000 |     7000.000         0.0             | 
 | Beams:frameType                               |                        2 |            1           1           5 | 
 | Beams:idA                                     |                       11 |         2212                         | 
 | Beams:idB                                     |                      -11 |         2212                         | 
 | HadronLevel:Hadronize                         |                      off |           on                         | 
 | Next:numberCount                              |                    10000 |         1000           0             | 
 | PartonLevel:MPI                               |                      off |           on                         | 
 | Random:seed                                   |                        0 |           -1               900000000 | 
 | Random:setSeed                                |                       on |          off                         | 
 | WeakSingleBoson:ffbar2ffbar(s:gm)             |                       on |          off                         | 
 |                                                                                                                 | 
 *-------  End PYTHIA Flag + Mode + Parm + Word + FVec + MVec + PVec + WVec Settings  -----------------------------* 

 --------  PYTHIA Particle Data Table (changed only)  ------------------------------------------------------------------------------
 
      id   name            antiName         spn chg col      m0        mWidth      mMin       mMax       tau0    res dec ext vis wid
             no onMode   bRatio   meMode     products 

      15  tau-             tau+               2  -3   0    1.77682    0.00000    0.00000    0.00000  8.71100e-02   0   1   0   1   0
              0     1   0.0005298  103       36       13 
              1     1   0.0005660  103       36       11 

      36  x                                   1   0   0    1.40000    0.00000    0.00000    0.00000  1.33930e+08   0   1   0   0   0
              0     1   0.0000000  103       15      -15 
              1     1   0.9951310  103       13      -13 
              2     1   0.0048686  103       11      -11 
              3     1   0.0000000  103       22       22 

 --------  End PYTHIA Particle Data Table  -----------------------------------------------------------------------------------------


 --------  PYTHIA Info Listing  ---------------------------------------- 
 
 Beam A: id =     11, pz =  5.292e+00, e =  5.292e+00, m =  5.110e-04.
 Beam B: id =    -11, pz = -5.292e+00, e =  5.292e+00, m =  5.110e-04.

 In 1: id =   11, x =  1.000e+00, pdf =  6.948e+04 at Q2 =  1.090e+02.
 In 2: id =  -11, x =  9.735e-01, pdf =  1.385e+00 at same Q2.

 Subprocess f fbar -> f' fbar' (s-channel gamma*) with code 223 is 2 -> 2.
 It has sHat =  1.090e+02,    tHat = -5.574e+01,    uHat = -5.330e+01,
       pTHat =  5.000e+00,   m3Hat =  1.500e+00,   m4Hat =  1.500e+00,
    thetaHat =  1.593e+00,  phiHat =  3.245e+00.
     alphaEM =  7.630e-03,  alphaS =  1.981e-01    at Q2 =  1.090e+02.

 Impact parameter b =  0.000e+00 gives enhancement factor =  1.000e+00.
 Max pT scale for MPI =  1.058e+01, ISR =  1.044e+01, FSR =  1.044e+01.
 Number of MPI =     1, ISR =     2, FSRproc =     2, FSRreson =     0.

 --------  End PYTHIA Info Listing  ------------------------------------

 --------  PYTHIA Event Listing  (hard process)  -----------------------------------------------------------------------------------
 
    no         id  name            status     mothers   daughters     colours      p_x        p_y        p_z         e          m 
     0         90  (system)           -11     0     0     0     0     0     0      0.000      0.000      3.000     11.000     10.583
     1         11  (e-)               -12     0     0     3     0     0     0      0.000      0.000      7.000      7.000      0.001
     2        -11  (e+)               -12     0     0     4     0     0     0      0.000      0.000     -4.000      4.000      0.001
     3         11  (e-)               -21     1     0     5     6     0     0      0.000      0.000      7.000      7.000      0.000
     4        -11  (e+)               -21     2     0     5     6     0     0      0.000      0.000     -3.894      3.894      0.000
     5          4  c                   23     3     4     0     0   101     0     -4.973     -0.518      1.436      5.414      1.500
     6         -4  cbar                23     3     4     0     0     0   101      4.973      0.518      1.669      5.480      1.500
                                   Charge sum:  0.000           Momentum sum:      0.000      0.000      3.106     10.894     10.442

 --------  End PYTHIA Event Listing  -----------------------------------------------------------------------------------------------

 --------  PYTHIA Event Listing  (complete event)  ---------------------------------------------------------------------------------
 
    no         id  name            status     mothers   daughters     colours      p_x        p_y        p_z         e          m 
     0         90  (system)           -11     0     0     0     0     0     0      0.000      0.000      3.000     11.000     10.583
     1         11  (e-)               -12     0     0    28     0     0     0      0.000      0.000      7.000      7.000      0.001
     2        -11  (e+)               -12     0     0    29     0     0     0      0.000      0.000     -4.000      4.000      0.001
     3         11  (e-)               -21    13    13     5     6     0     0      0.000      0.000      7.000      7.000      0.000
     4        -11  (e+)               -21    14     0     5     6     0     0      0.000      0.000     -3.894      3.894      0.000
     5          4  (c)                -23     3     4     9     9   101     0     -4.973     -0.518      1.436      5.414      1.500
     6         -4  (cbar)             -23     3     4     7     8     0   101      4.973      0.518      1.669      5.480      1.500
     7         -4  (cbar)             -51     6     0    10    11     0   102      4.432      0.250      0.755      4.746      1.500
     8         21  (g)                -51     6     0    12    12   102   101      0.225      0.235      0.997      1.049      0.000
     9          4  (c)                -52     5     5    15    15   101     0     -4.657     -0.485      1.353      5.099      1.500
    10         -4  (cbar)             -51     7     0    16    16     0   103      2.855     -0.280      0.350      3.257      1.500
    11         21  (g)                -51     7     0    18    18   103   102      1.694      0.653      0.927      2.039      0.000
    12         21  (g)                -52     8     8    17    17   102   101      0.107      0.112      0.475      0.500      0.000
    13         11  (e-)               -42    20    20     3     3     0     0      0.000      0.000      7.000      7.000      0.000
    14        -11  (e+)               -41    21     0    19     4     0     0     -0.000     -0.000     -3.999      3.999      0.000
    15          4  (c)                -44     9     9    22    22   101     0     -4.647     -0.448      1.325      5.080      1.500
    16         -4  (cbar)             -44    10    10    23    23     0   103      2.863     -0.251      0.347      3.260      1.500
    17         21  (g)                -44    12    12    24    24   102   101      0.107      0.112      0.475      0.500      0.000
    18         21  (g)                -44    11    11    25    25   103   102      1.697      0.664      0.933      2.047      0.000
    19         22  (gamma)            -43    14     0    26    26     0     0     -0.019     -0.078     -0.078      0.112      0.000
    20         11  (e-)               -42    28    28    13    13     0     0      0.000      0.000      7.000      7.000      0.000
    21        -11  (e+)               -41    29    29    27    14     0     0     -0.000     -0.000     -4.000      4.000      0.000
    22          4  (c)                -44    15    15    30    30   101     0     -4.648     -0.448      1.325      5.080      1.500
    23         -4  (cbar)             -44    16    16    31    31     0   103      2.862     -0.251      0.346      3.260      1.500
    24         21  (g)                -44    17    17    32    32   102   101      0.107      0.112      0.475      0.500      0.000
    25         21  (g)                -44    18    18    33    33   103   102      1.697      0.664      0.932      2.047      0.000
    26         22  (gamma)            -44    19    19    34    34     0     0     -0.019     -0.078     -0.078      0.112      0.000
    27         22  (gamma)            -43    21     0    35    35     0     0      0.001      0.001     -0.000      0.001      0.000
    28         11  (e-)               -61     1     0    20    20     0     0      0.000      0.000      7.000      7.000      0.000
    29        -11  (e+)               -61     2     0    21    21     0     0      0.000     -0.000     -4.000      4.000      0.000
    30          4  c                   62    22    22     0     0   101     0     -4.648     -0.448      1.325      5.080      1.500
    31         -4  cbar                62    23    23     0     0     0   103      2.862     -0.251      0.346      3.260      1.500
    32         21  g                   62    24    24     0     0   102   101      0.107      0.112      0.475      0.500      0.000
    33         21  g                   62    25    25     0     0   103   102      1.697      0.664      0.932      2.047      0.000
    34         22  gamma               62    26    26     0     0     0     0     -0.019     -0.078     -0.078      0.112      0.000
    35         22  gamma               62    27    27     0     0     0     0      0.001      0.001     -0.000      0.001      0.000
    36         22  gamma               63     1     0     0     0     0     0      0.000      0.000      0.000      0.000      0.000
    37         22  gamma               63     2     0     0     0     0     0      0.000      0.000     -0.000      0.000      0.000
                                   Charge sum:  0.000           Momentum sum:     -0.000     -0.000      3.000     11.000     10.583

 --------  End PYTHIA Event Listing  -----------------------------------------------------------------------------------------------
 PYTHIA Warning in TauDecays::decay: unknown correlated tau production, assuming from unpolarized photon  

 Pythia::next(): 10000 events have been generated 

 Pythia::next(): 20000 events have been generated 

 Pythia::next(): 30000 events have been generated 

 Pythia::next(): 40000 events have been generated 

 Pythia::next(): 50000 events have been generated 

 Pythia::next(): 60000 events have been generated 

 Pythia::next(): 70000 events have been generated 

 Pythia::next(): 80000 events have been generated 

 Pythia::next(): 90000 events have been generated 

 *-------  PYTHIA Event and Cross Section Statistics  -------------------------------------------------------------*
 |                                                                                                                 |
 | Subprocess                                    Code |            Number of events       |      sigma +- delta    |
 |                                                    |       Tried   Selected   Accepted |     (estimated) (mb)   |
 |                                                    |                                   |                        |
 |-----------------------------------------------------------------------------------------------------------------|
 |                                                    |                                   |                        |
 | f fbar -> f' fbar' (s-channel gamma*)          223 |     2690925     100000     100000 |   5.996e-06  9.134e-09 |
 |                                                    |                                   |                        |
 | sum                                                |     2690925     100000     100000 |   5.996e-06  9.134e-09 |
 |                                                                                                                 |
 *-------  End PYTHIA Event and Cross Section Statistics ----------------------------------------------------------*

 *-------  PYTHIA Error and Warning Messages Statistics  ----------------------------------------------------------* 
 |                                                                                                                 | 
 |  times   message                                                                                                | 
 |                                                                                                                 | 
 |  14733   Warning in TauDecays::decay: unknown correlated tau production, assuming from unpolarized photon       | 
 |                                                                                                                 | 
 *-------  End PYTHIA Error and Warning Messages Statistics  ------------------------------------------------------* 
Gammatau2xmu: 1.202e-15

Gammatau2xe: 1.284e-15

BRtau2xmu: 5.298e-04

BRtau2xe: 5.660e-04

BRtau2xmu + BRtau2xe: 1.096e-03

produced tau excluding those daughters are also tau lepton: 2.947e+04
produced X: 2.947e+04
produced X/NMC: 2.947e-01

Proportion of X flying forward (eta>0): 6.211e-01
Proportion of X flying backward (eta<0): 3.789e-01

Total Gamma [GeV]: 1.473e-21
ctau [m]: 1.339e+05

Gammax2tautau: 0.000e+00

Gammax2mumu: 1.466e-21

Gammax2ee: 7.173e-24

Gammax2gmgm: 0.000e+00

BRx2tautau: 0.000e+00

BRx2mumu: 9.951e-01

BRx2ee: 4.869e-03

BRx2gmgm: 0.000e+00

X: insideFidVol: 0.000e+00
observedX: 6.266e-02
visibleX: 0.000e+00

X Observed Fiducial efficiency: 2.127e-06
X Visible Fiducial efficiency: 0.000e+00

reallyProduced tau: 9.200e+10
total number of tau-tau events: 4.600e+10

reallyProducedX: 3.550e+07
reallyobservedX: 7.548e+01
reallyvisibleX: 0.000e+00

