mX:  1.4
g_AB_Lamb:  4e-10
g_CC_Lamb:  6e-07
NMC 100000

 *-------  PYTHIA Process Initialization  --------------------------*
 |                                                                  |
 | We collide e- with e+ at a CM energy of 1.058e+01 GeV            |
 |                                                                  |
 |------------------------------------------------------------------|
 |                                                    |             |
 | Subprocess                                    Code |   Estimated |
 |                                                    |    max (mb) |
 |                                                    |             |
 |------------------------------------------------------------------|
 |                                                    |             |
 | f fbar -> f' fbar' (s-channel gamma*)          223 |   1.428e-04 |
 |                                                                  |
 *-------  End PYTHIA Process Initialization -----------------------*

 *-------  PYTHIA Flag + Mode + Parm + Word + FVec + MVec + PVec + WVec Settings (changes only)  ------------------* 
 |                                                                                                                 | 
 | Name                                          |                      Now |      Default         Min         Max | 
 |                                               |                          |                                      | 
 | Beams:eA                                      |                  7.00000 |     7000.000         0.0             | 
 | Beams:eB                                      |                  4.00000 |     7000.000         0.0             | 
 | Beams:frameType                               |                        2 |            1           1           5 | 
 | Beams:idA                                     |                       11 |         2212                         | 
 | Beams:idB                                     |                      -11 |         2212                         | 
 | HadronLevel:Hadronize                         |                      off |           on                         | 
 | Next:numberCount                              |                    10000 |         1000           0             | 
 | PartonLevel:MPI                               |                      off |           on                         | 
 | Random:seed                                   |                        0 |           -1               900000000 | 
 | Random:setSeed                                |                       on |          off                         | 
 | WeakSingleBoson:ffbar2ffbar(s:gm)             |                       on |          off                         | 
 |                                                                                                                 | 
 *-------  End PYTHIA Flag + Mode + Parm + Word + FVec + MVec + PVec + WVec Settings  -----------------------------* 

 --------  PYTHIA Particle Data Table (changed only)  ------------------------------------------------------------------------------
 
      id   name            antiName         spn chg col      m0        mWidth      mMin       mMax       tau0    res dec ext vis wid
             no onMode   bRatio   meMode     products 

      15  tau-             tau+               2  -3   0    1.77682    0.00000    0.00000    0.00000  8.71100e-02   0   1   0   1   0
              0     1   0.0000000  103       36       13 
              1     1   0.0000000  103       36       11 

      36  x                                   1   0   0    1.40000    0.00000    0.00000    0.00000  8.37064e+00   0   1   0   0   0
              0     1   0.0000000  103       15      -15 
              1     1   0.9951310  103       13      -13 
              2     1   0.0048686  103       11      -11 
              3     1   0.0000000  103       22       22 

 --------  End PYTHIA Particle Data Table  -----------------------------------------------------------------------------------------


 --------  PYTHIA Info Listing  ---------------------------------------- 
 
 Beam A: id =     11, pz =  5.292e+00, e =  5.292e+00, m =  5.110e-04.
 Beam B: id =    -11, pz = -5.292e+00, e =  5.292e+00, m =  5.110e-04.

 In 1: id =   11, x =  9.124e-01, pdf =  3.803e-01 at Q2 =  6.847e+01.
 In 2: id =  -11, x =  6.700e-01, pdf =  6.225e-02 at same Q2.

 Subprocess f fbar -> f' fbar' (s-channel gamma*) with code 223 is 2 -> 2.
 It has sHat =  6.847e+01,    tHat = -4.824e+01,    uHat = -2.024e+01,
       pTHat =  3.519e+00,   m3Hat =  1.500e+00,   m4Hat =  1.500e+00,
    thetaHat =  1.992e+00,  phiHat =  1.537e+00.
     alphaEM =  7.611e-03,  alphaS =  2.099e-01    at Q2 =  6.847e+01.

 Impact parameter b =  0.000e+00 gives enhancement factor =  1.000e+00.
 Max pT scale for MPI =  1.058e+01, ISR =  8.275e+00, FSR =  8.275e+00.
 Number of MPI =     1, ISR =     2, FSRproc =     0, FSRreson =     0.

 --------  End PYTHIA Info Listing  ------------------------------------

 --------  PYTHIA Event Listing  (hard process)  -----------------------------------------------------------------------------------
 
    no         id  name            status     mothers   daughters     colours      p_x        p_y        p_z         e          m 
     0         90  (system)           -11     0     0     0     0     0     0      0.000      0.000      3.000     11.000     10.583
     1         11  (e-)               -12     0     0     3     0     0     0      0.000      0.000      7.000      7.000      0.001
     2        -11  (e+)               -12     0     0     4     0     0     0      0.000      0.000     -4.000      4.000      0.001
     3         11  (e-)               -21     1     0     5     6     0     0      0.000      0.000      6.387      6.387      0.000
     4        -11  (e+)               -21     2     0     5     6     0     0      0.000      0.000     -2.680      2.680      0.000
     5          4  c                   23     3     4     0     0   101     0      0.120      3.517      0.126      3.827      1.500
     6         -4  cbar                23     3     4     0     0     0   101     -0.120     -3.517      3.581      5.240      1.500
                                   Charge sum:  0.000           Momentum sum:      0.000      0.000      3.707      9.067      8.275

 --------  End PYTHIA Event Listing  -----------------------------------------------------------------------------------------------

 --------  PYTHIA Event Listing  (complete event)  ---------------------------------------------------------------------------------
 
    no         id  name            status     mothers   daughters     colours      p_x        p_y        p_z         e          m 
     0         90  (system)           -11     0     0     0     0     0     0      0.000      0.000      3.000     11.000     10.583
     1         11  (e-)               -12     0     0    18     0     0     0      0.000      0.000      7.000      7.000      0.001
     2        -11  (e+)               -12     0     0    19     0     0     0      0.000      0.000     -4.000      4.000      0.001
     3         11  (e-)               -21     7     0     5     6     0     0      0.000      0.000      6.387      6.387      0.000
     4        -11  (e+)               -21     8     8     5     6     0     0      0.000      0.000     -2.680      2.680      0.000
     5          4  (c)                -23     3     4     9     9   101     0      0.120      3.517      0.126      3.827      1.500
     6         -4  (cbar)             -23     3     4    10    10     0   101     -0.120     -3.517      3.581      5.240      1.500
     7         11  (e-)               -41    12    12    11     3     0     0      0.000     -0.000      7.000      7.000      0.000
     8        -11  (e+)               -42    13     0     4     4     0     0      0.000      0.000     -2.680      2.680      0.000
     9          4  (c)                -44     5     5    14    14   101     0      0.082      3.501      0.152      3.813      1.500
    10         -4  (cbar)             -44     6     6    15    15     0   101     -0.204     -3.551      3.582      5.266      1.500
    11         22  (gamma)            -43     7     0    16    16     0     0      0.122      0.050      0.586      0.601      0.000
    12         11  (e-)               -42    18    18     7     7     0     0     -0.000     -0.000      7.000      7.000      0.000
    13        -11  (e+)               -41    19    19    17     8     0     0      0.000      0.000     -4.000      4.000      0.000
    14          4  (c)                -44     9     9    20    20   101     0      0.086      3.503      0.153      3.815      1.500
    15         -4  (cbar)             -44    10    10    21    21     0   101     -0.202     -3.551      3.580      5.264      1.500
    16         22  (gamma)            -44    11    11    22    22     0     0      0.123      0.050      0.587      0.601      0.000
    17         22  (gamma)            -43    13     0    23    23     0     0     -0.007     -0.002     -1.320      1.320      0.000
    18         11  (e-)               -61     1     0    12    12     0     0     -0.000     -0.000      7.000      7.000      0.000
    19        -11  (e+)               -61     2     0    13    13     0     0      0.000      0.000     -4.000      4.000      0.000
    20          4  c                   62    14    14     0     0   101     0      0.086      3.503      0.153      3.815      1.500
    21         -4  cbar                62    15    15     0     0     0   101     -0.202     -3.551      3.580      5.264      1.500
    22         22  gamma               62    16    16     0     0     0     0      0.123      0.050      0.587      0.601      0.000
    23         22  gamma               62    17    17     0     0     0     0     -0.007     -0.002     -1.320      1.320      0.000
    24         22  gamma               63     1     0     0     0     0     0      0.000      0.000      0.000      0.000      0.000
    25         22  gamma               63     2     0     0     0     0     0      0.000      0.000     -0.000      0.000      0.000
                                   Charge sum:  0.000           Momentum sum:     -0.000      0.000      3.000     11.000     10.583

 --------  End PYTHIA Event Listing  -----------------------------------------------------------------------------------------------
 PYTHIA Warning in TauDecays::decay: unknown correlated tau production, assuming from unpolarized photon  

 Pythia::next(): 10000 events have been generated 

 Pythia::next(): 20000 events have been generated 

 Pythia::next(): 30000 events have been generated 

 Pythia::next(): 40000 events have been generated 

 Pythia::next(): 50000 events have been generated 

 Pythia::next(): 60000 events have been generated 

 Pythia::next(): 70000 events have been generated 

 Pythia::next(): 80000 events have been generated 

 Pythia::next(): 90000 events have been generated 

 *-------  PYTHIA Event and Cross Section Statistics  -------------------------------------------------------------*
 |                                                                                                                 |
 | Subprocess                                    Code |            Number of events       |      sigma +- delta    |
 |                                                    |       Tried   Selected   Accepted |     (estimated) (mb)   |
 |                                                    |                                   |                        |
 |-----------------------------------------------------------------------------------------------------------------|
 |                                                    |                                   |                        |
 | f fbar -> f' fbar' (s-channel gamma*)          223 |     2370315     100000     100000 |   6.011e-06  9.279e-09 |
 |                                                    |                                   |                        |
 | sum                                                |     2370315     100000     100000 |   6.011e-06  9.279e-09 |
 |                                                                                                                 |
 *-------  End PYTHIA Event and Cross Section Statistics ----------------------------------------------------------*

 *-------  PYTHIA Error and Warning Messages Statistics  ----------------------------------------------------------* 
 |                                                                                                                 | 
 |  times   message                                                                                                | 
 |                                                                                                                 | 
 |  14771   Warning in TauDecays::decay: unknown correlated tau production, assuming from unpolarized photon       | 
 |                                                                                                                 | 
 *-------  End PYTHIA Error and Warning Messages Statistics  ------------------------------------------------------* 
Gammatau2xmu: 4.807e-21

Gammatau2xe: 5.135e-21

BRtau2xmu: 2.121e-09

BRtau2xe: 2.267e-09

BRtau2xmu + BRtau2xe: 4.388e-09

produced tau excluding those daughters are also tau lepton: 2.954e+04
produced X: 2.954e+04
produced X/NMC: 2.954e-01

Proportion of X flying forward (eta>0): 6.254e-01
Proportion of X flying backward (eta<0): 3.746e-01

Total Gamma [GeV]: 2.357e-14
ctau [m]: 8.371e-03

Gammax2tautau: 0.000e+00

Gammax2mumu: 2.346e-14

Gammax2ee: 1.148e-16

Gammax2gmgm: 0.000e+00

BRx2tautau: 0.000e+00

BRx2mumu: 9.951e-01

BRx2ee: 4.869e-03

BRx2gmgm: 0.000e+00

X: insideFidVol: 1.970e+02
observedX: 2.021e+02
visibleX: 0.000e+00

X Observed Fiducial efficiency: 6.840e-03
X Visible Fiducial efficiency: 0.000e+00

reallyProduced tau: 9.200e+10
total number of tau-tau events: 4.600e+10

reallyProducedX: 1.421e+02
reallyobservedX: 9.723e-01
reallyvisibleX: 0.000e+00

