mX:  1.4
g_AB_Lamb:  8e-07
g_CC_Lamb:  4e-07
NMC 100000

 *-------  PYTHIA Process Initialization  --------------------------*
 |                                                                  |
 | We collide e- with e+ at a CM energy of 1.058e+01 GeV            |
 |                                                                  |
 |------------------------------------------------------------------|
 |                                                    |             |
 | Subprocess                                    Code |   Estimated |
 |                                                    |    max (mb) |
 |                                                    |             |
 |------------------------------------------------------------------|
 |                                                    |             |
 | f fbar -> f' fbar' (s-channel gamma*)          223 |   1.610e-04 |
 |                                                                  |
 *-------  End PYTHIA Process Initialization -----------------------*

 *-------  PYTHIA Flag + Mode + Parm + Word + FVec + MVec + PVec + WVec Settings (changes only)  ------------------* 
 |                                                                                                                 | 
 | Name                                          |                      Now |      Default         Min         Max | 
 |                                               |                          |                                      | 
 | Beams:eA                                      |                  7.00000 |     7000.000         0.0             | 
 | Beams:eB                                      |                  4.00000 |     7000.000         0.0             | 
 | Beams:frameType                               |                        2 |            1           1           5 | 
 | Beams:idA                                     |                       11 |         2212                         | 
 | Beams:idB                                     |                      -11 |         2212                         | 
 | HadronLevel:Hadronize                         |                      off |           on                         | 
 | Next:numberCount                              |                    10000 |         1000           0             | 
 | PartonLevel:MPI                               |                      off |           on                         | 
 | Random:seed                                   |                        0 |           -1               900000000 | 
 | Random:setSeed                                |                       on |          off                         | 
 | WeakSingleBoson:ffbar2ffbar(s:gm)             |                       on |          off                         | 
 |                                                                                                                 | 
 *-------  End PYTHIA Flag + Mode + Parm + Word + FVec + MVec + PVec + WVec Settings  -----------------------------* 

 --------  PYTHIA Particle Data Table (changed only)  ------------------------------------------------------------------------------
 
      id   name            antiName         spn chg col      m0        mWidth      mMin       mMax       tau0    res dec ext vis wid
             no onMode   bRatio   meMode     products 

      15  tau-             tau+               2  -3   0    1.77682    0.00000    0.00000    0.00000  8.71100e-02   0   1   0   1   0
              0     1   0.0083391  103       36       13 
              1     1   0.0089098  103       36       11 

      36  x                                   1   0   0    1.40000    0.00000    0.00000    0.00000  1.88339e+01   0   1   0   0   0
              0     1   0.0000000  103       15      -15 
              1     1   0.9951310  103       13      -13 
              2     1   0.0048686  103       11      -11 
              3     1   0.0000000  103       22       22 

 --------  End PYTHIA Particle Data Table  -----------------------------------------------------------------------------------------


 --------  PYTHIA Info Listing  ---------------------------------------- 
 
 Beam A: id =     11, pz =  5.292e+00, e =  5.292e+00, m =  5.110e-04.
 Beam B: id =    -11, pz = -5.292e+00, e =  5.292e+00, m =  5.110e-04.

 In 1: id =   11, x =  9.943e-01, pdf =  6.314e+00 at Q2 =  1.114e+02.
 In 2: id =  -11, x =  9.999e-01, pdf =  2.363e+02 at same Q2.

 Subprocess f fbar -> f' fbar' (s-channel gamma*) with code 223 is 2 -> 2.
 It has sHat =  1.114e+02,    tHat = -1.032e+02,    uHat = -8.146e+00,
       pTHat =  2.634e+00,   m3Hat =  1.500e+00,   m4Hat =  1.500e+00,
    thetaHat =  2.594e+00,  phiHat =  2.760e+00.
     alphaEM =  7.631e-03,  alphaS =  1.976e-01    at Q2 =  1.114e+02.

 Impact parameter b =  0.000e+00 gives enhancement factor =  1.000e+00.
 Max pT scale for MPI =  1.058e+01, ISR =  1.055e+01, FSR =  1.055e+01.
 Number of MPI =     1, ISR =     2, FSRproc =     3, FSRreson =     0.

 --------  End PYTHIA Info Listing  ------------------------------------

 --------  PYTHIA Event Listing  (hard process)  -----------------------------------------------------------------------------------
 
    no         id  name            status     mothers   daughters     colours      p_x        p_y        p_z         e          m 
     0         90  (system)           -11     0     0     0     0     0     0      0.000      0.000      3.000     11.000     10.583
     1         11  (e-)               -12     0     0     3     0     0     0      0.000      0.000      7.000      7.000      0.001
     2        -11  (e+)               -12     0     0     4     0     0     0      0.000      0.000     -4.000      4.000      0.001
     3         11  (e-)               -21     1     0     5     6     0     0      0.000      0.000      6.960      6.960      0.000
     4        -11  (e+)               -21     2     0     5     6     0     0      0.000      0.000     -3.999      3.999      0.000
     5          4  c                   23     3     4     0     0   101     0     -2.445      0.980     -3.005      4.268      1.500
     6         -4  cbar                23     3     4     0     0     0   101      2.445     -0.980      5.966      6.692      1.500
                                   Charge sum:  0.000           Momentum sum:      0.000      0.000      2.961     10.960     10.552

 --------  End PYTHIA Event Listing  -----------------------------------------------------------------------------------------------

 --------  PYTHIA Event Listing  (complete event)  ---------------------------------------------------------------------------------
 
    no         id  name            status     mothers   daughters     colours      p_x        p_y        p_z         e          m 
     0         90  (system)           -11     0     0     0     0     0     0      0.000      0.000      3.000     11.000     10.583
     1         11  (e-)               -12     0     0    33     0     0     0      0.000      0.000      7.000      7.000      0.001
     2        -11  (e+)               -12     0     0    34     0     0     0      0.000      0.000     -4.000      4.000      0.001
     3         11  (e-)               -21    16     0     5     6     0     0      0.000      0.000      6.960      6.960      0.000
     4        -11  (e+)               -21    17    17     5     6     0     0      0.000      0.000     -3.999      3.999      0.000
     5          4  (c)                -23     3     4     9     9   101     0     -2.445      0.980     -3.005      4.268      1.500
     6         -4  (cbar)             -23     3     4     7     8     0   101      2.445     -0.980      5.966      6.692      1.500
     7         -4  (cbar)             -51     6     0    19    19     0   103      0.984     -0.891      5.156      5.532      1.500
     8         21  (g)                -51     6     0    10    11   103   101      1.292     -0.022      0.594      1.422      0.000
     9          4  (c)                -52     5     5    12    12   101     0     -2.277      0.913     -2.789      4.006      1.500
    10         21  (g)                -51     8     0    15    15   103   104      0.582     -0.624      0.556      1.019      0.000
    11         21  (g)                -51     8     0    13    14   104   101      0.374      0.722     -0.344      0.883      0.000
    12          4  (c)                -52     9     9    18    18   101     0     -1.940      0.793     -2.407      3.527      1.500
    13         21  (g)                -51    11     0    21    21   105   101     -0.219      0.356      0.081      0.426      0.000
    14         21  (g)                -51    11     0    22    22   104   105      0.820      0.122     -0.207      0.855      0.000
    15         21  (g)                -52    10    10    20    20   103   104      0.355     -0.381      0.339      0.621      0.000
    16         11  (e-)               -41    24    24    23     3     0     0      0.000      0.000      7.000      7.000      0.000
    17        -11  (e+)               -42    25     0     4     4     0     0     -0.000     -0.000     -3.999      3.999      0.000
    18          4  (c)                -44    12    12    26    26   101     0     -1.941      0.792     -2.406      3.526      1.500
    19         -4  (cbar)             -44     7     7    27    27     0   103      0.980     -0.900      5.157      5.534      1.500
    20         21  (g)                -44    15    15    28    28   103   104      0.355     -0.382      0.339      0.621      0.000
    21         21  (g)                -44    13    13    29    29   105   101     -0.219      0.356      0.081      0.426      0.000
    22         21  (g)                -44    14    14    30    30   104   105      0.820      0.122     -0.207      0.854      0.000
    23         22  (gamma)            -43    16     0    31    31     0     0      0.005      0.012      0.036      0.039      0.000
    24         11  (e-)               -42    33    33    16    16     0     0     -0.000      0.000      7.000      7.000      0.000
    25        -11  (e+)               -41    34    34    32    17     0     0      0.000     -0.000     -4.000      4.000      0.000
    26          4  (c)                -44    18    18    35    35   101     0     -1.940      0.792     -2.407      3.526      1.500
    27         -4  (cbar)             -44    19    19    36    36     0   103      0.980     -0.900      5.157      5.533      1.500
    28         21  (g)                -44    20    20    37    37   103   104      0.355     -0.382      0.339      0.621      0.000
    29         21  (g)                -44    21    21    38    38   105   101     -0.219      0.356      0.081      0.426      0.000
    30         21  (g)                -44    22    22    39    39   104   105      0.820      0.122     -0.207      0.854      0.000
    31         22  (gamma)            -44    23    23    40    40     0     0      0.005      0.012      0.036      0.039      0.000
    32         22  (gamma)            -43    25     0    41    41     0     0     -0.001      0.000      0.000      0.001      0.000
    33         11  (e-)               -61     1     0    24    24     0     0      0.000     -0.000      7.000      7.000      0.000
    34        -11  (e+)               -61     2     0    25    25     0     0     -0.000      0.000     -4.000      4.000      0.000
    35          4  c                   62    26    26     0     0   101     0     -1.940      0.792     -2.407      3.526      1.500
    36         -4  cbar                62    27    27     0     0     0   103      0.980     -0.900      5.157      5.533      1.500
    37         21  g                   62    28    28     0     0   103   104      0.355     -0.382      0.339      0.621      0.000
    38         21  g                   62    29    29     0     0   105   101     -0.219      0.356      0.081      0.426      0.000
    39         21  g                   62    30    30     0     0   104   105      0.820      0.122     -0.207      0.854      0.000
    40         22  gamma               62    31    31     0     0     0     0      0.005      0.012      0.036      0.039      0.000
    41         22  gamma               62    32    32     0     0     0     0     -0.001      0.000      0.000      0.001      0.000
    42         22  gamma               63     1     0     0     0     0     0      0.000      0.000      0.000      0.000      0.000
    43         22  gamma               63     2     0     0     0     0     0      0.000      0.000     -0.000      0.000      0.000
                                   Charge sum:  0.000           Momentum sum:      0.000      0.000      3.000     11.000     10.583

 --------  End PYTHIA Event Listing  -----------------------------------------------------------------------------------------------
 PYTHIA Warning in TauDecays::decay: unknown correlated tau production, assuming from unpolarized photon  

 Pythia::next(): 10000 events have been generated 

 Pythia::next(): 20000 events have been generated 

 Pythia::next(): 30000 events have been generated 

 Pythia::next(): 40000 events have been generated 

 Pythia::next(): 50000 events have been generated 

 Pythia::next(): 60000 events have been generated 
 PYTHIA Warning in PhaseSpace2to2tauyz::finalKin: failed after mass assignment  

 Pythia::next(): 70000 events have been generated 

 Pythia::next(): 80000 events have been generated 

 Pythia::next(): 90000 events have been generated 

 *-------  PYTHIA Event and Cross Section Statistics  -------------------------------------------------------------*
 |                                                                                                                 |
 | Subprocess                                    Code |            Number of events       |      sigma +- delta    |
 |                                                    |       Tried   Selected   Accepted |     (estimated) (mb)   |
 |                                                    |                                   |                        |
 |-----------------------------------------------------------------------------------------------------------------|
 |                                                    |                                   |                        |
 | f fbar -> f' fbar' (s-channel gamma*)          223 |     2690863     100001     100000 |   5.998e-06  8.860e-09 |
 |                                                    |                                   |                        |
 | sum                                                |     2690863     100001     100000 |   5.998e-06  8.860e-09 |
 |                                                                                                                 |
 *-------  End PYTHIA Event and Cross Section Statistics ----------------------------------------------------------*

 *-------  PYTHIA Error and Warning Messages Statistics  ----------------------------------------------------------* 
 |                                                                                                                 | 
 |  times   message                                                                                                | 
 |                                                                                                                 | 
 |      1   Warning in PhaseSpace2to2tauyz::finalKin: failed after mass assignment                                 | 
 |  14845   Warning in TauDecays::decay: unknown correlated tau production, assuming from unpolarized photon       | 
 |                                                                                                                 | 
 *-------  End PYTHIA Error and Warning Messages Statistics  ------------------------------------------------------* 
Gammatau2xmu: 1.923e-14

Gammatau2xe: 2.054e-14

BRtau2xmu: 8.339e-03

BRtau2xe: 8.910e-03

BRtau2xmu + BRtau2xe: 1.725e-02

produced tau excluding those daughters are also tau lepton: 2.969e+04
produced X: 2.969e+04
produced X/NMC: 2.969e-01

Proportion of X flying forward (eta>0): 6.216e-01
Proportion of X flying backward (eta<0): 3.784e-01

Total Gamma [GeV]: 1.048e-14
ctau [m]: 1.883e-02

Gammax2tautau: 0.000e+00

Gammax2mumu: 1.043e-14

Gammax2ee: 5.101e-17

Gammax2gmgm: 0.000e+00

BRx2tautau: 0.000e+00

BRx2mumu: 9.951e-01

BRx2ee: 4.869e-03

BRx2gmgm: 0.000e+00

X: insideFidVol: 2.536e+03
observedX: 2.530e+03
visibleX: 0.000e+00

X Observed Fiducial efficiency: 8.522e-02
X Visible Fiducial efficiency: 0.000e+00

reallyProduced tau: 9.200e+10
total number of tau-tau events: 4.600e+10

reallyProducedX: 5.587e+08
reallyobservedX: 4.762e+07
reallyvisibleX: 0.000e+00

