mX:  1.4
g_AB_Lamb:  4e-08
g_CC_Lamb:  4e-11
NMC 100000

 *-------  PYTHIA Process Initialization  --------------------------*
 |                                                                  |
 | We collide e- with e+ at a CM energy of 1.058e+01 GeV            |
 |                                                                  |
 |------------------------------------------------------------------|
 |                                                    |             |
 | Subprocess                                    Code |   Estimated |
 |                                                    |    max (mb) |
 |                                                    |             |
 |------------------------------------------------------------------|
 |                                                    |             |
 | f fbar -> f' fbar' (s-channel gamma*)          223 |   1.264e-04 |
 |                                                                  |
 *-------  End PYTHIA Process Initialization -----------------------*

 *-------  PYTHIA Flag + Mode + Parm + Word + FVec + MVec + PVec + WVec Settings (changes only)  ------------------* 
 |                                                                                                                 | 
 | Name                                          |                      Now |      Default         Min         Max | 
 |                                               |                          |                                      | 
 | Beams:eA                                      |                  7.00000 |     7000.000         0.0             | 
 | Beams:eB                                      |                  4.00000 |     7000.000         0.0             | 
 | Beams:frameType                               |                        2 |            1           1           5 | 
 | Beams:idA                                     |                       11 |         2212                         | 
 | Beams:idB                                     |                      -11 |         2212                         | 
 | HadronLevel:Hadronize                         |                      off |           on                         | 
 | Next:numberCount                              |                    10000 |         1000           0             | 
 | PartonLevel:MPI                               |                      off |           on                         | 
 | Random:seed                                   |                        0 |           -1               900000000 | 
 | Random:setSeed                                |                       on |          off                         | 
 | WeakSingleBoson:ffbar2ffbar(s:gm)             |                       on |          off                         | 
 |                                                                                                                 | 
 *-------  End PYTHIA Flag + Mode + Parm + Word + FVec + MVec + PVec + WVec Settings  -----------------------------* 

 --------  PYTHIA Particle Data Table (changed only)  ------------------------------------------------------------------------------
 
      id   name            antiName         spn chg col      m0        mWidth      mMin       mMax       tau0    res dec ext vis wid
             no onMode   bRatio   meMode     products 

      15  tau-             tau+               2  -3   0    1.77682    0.00000    0.00000    0.00000  8.71100e-02   0   1   0   1   0
              0     1   0.0000212  103       36       13 
              1     1   0.0000227  103       36       11 

      36  x                                   1   0   0    1.40000    0.00000    0.00000    0.00000  1.88339e+09   0   1   0   0   0
              0     1   0.0000000  103       15      -15 
              1     1   0.9951310  103       13      -13 
              2     1   0.0048686  103       11      -11 
              3     1   0.0000000  103       22       22 

 --------  End PYTHIA Particle Data Table  -----------------------------------------------------------------------------------------


 --------  PYTHIA Info Listing  ---------------------------------------- 
 
 Beam A: id =     11, pz =  5.292e+00, e =  5.292e+00, m =  5.110e-04.
 Beam B: id =    -11, pz = -5.292e+00, e =  5.292e+00, m =  5.110e-04.

 In 1: id =   11, x =  9.996e-01, pdf =  8.657e+01 at Q2 =  1.120e+02.
 In 2: id =  -11, x =  1.000e+00, pdf =  1.151e+05 at same Q2.

 Subprocess f fbar -> f' fbar' (s-channel gamma*) with code 223 is 2 -> 2.
 It has sHat =  1.120e+02,    tHat = -4.380e+01,    uHat = -6.816e+01,
       pTHat =  5.154e+00,   m3Hat =  3.300e-01,   m4Hat =  3.300e-01,
    thetaHat =  1.352e+00,  phiHat =  6.130e+00.
     alphaEM =  7.631e-03,  alphaS =  1.975e-01    at Q2 =  1.120e+02.

 Impact parameter b =  0.000e+00 gives enhancement factor =  1.000e+00.
 Max pT scale for MPI =  1.058e+01, ISR =  1.058e+01, FSR =  1.058e+01.
 Number of MPI =     1, ISR =     1, FSRproc =     3, FSRreson =     0.

 --------  End PYTHIA Info Listing  ------------------------------------

 --------  PYTHIA Event Listing  (hard process)  -----------------------------------------------------------------------------------
 
    no         id  name            status     mothers   daughters     colours      p_x        p_y        p_z         e          m 
     0         90  (system)           -11     0     0     0     0     0     0      0.000      0.000      3.000     11.000     10.583
     1         11  (e-)               -12     0     0     3     0     0     0      0.000      0.000      7.000      7.000      0.001
     2        -11  (e+)               -12     0     0     4     0     0     0      0.000      0.000     -4.000      4.000      0.001
     3         11  (e-)               -21     1     0     5     6     0     0      0.000      0.000      6.997      6.997      0.000
     4        -11  (e+)               -21     2     0     5     6     0     0      0.000      0.000     -4.000      4.000      0.000
     5          1  d                   23     3     4     0     0   101     0      5.093     -0.787      2.692      5.824      0.330
     6         -1  dbar                23     3     4     0     0     0   101     -5.093      0.787      0.305      5.173      0.330
                                   Charge sum:  0.000           Momentum sum:      0.000      0.000      2.997     10.997     10.581

 --------  End PYTHIA Event Listing  -----------------------------------------------------------------------------------------------

 --------  PYTHIA Event Listing  (complete event)  ---------------------------------------------------------------------------------
 
    no         id  name            status     mothers   daughters     colours      p_x        p_y        p_z         e          m 
     0         90  (system)           -11     0     0     0     0     0     0      0.000      0.000      3.000     11.000     10.583
     1         11  (e-)               -12     0     0    24     0     0     0      0.000      0.000      7.000      7.000      0.001
     2        -11  (e+)               -12     0     0    25     0     0     0      0.000      0.000     -4.000      4.000      0.001
     3         11  (e-)               -21    16     0     5     6     0     0      0.000      0.000      6.997      6.997      0.000
     4        -11  (e+)               -21    17    17     5     6     0     0      0.000      0.000     -4.000      4.000      0.000
     5          1  (d)                -23     3     4     9     9   101     0      5.093     -0.787      2.692      5.824      0.330
     6         -1  (dbar)             -23     3     4     7     8     0   101     -5.093      0.787      0.305      5.173      0.330
     7         -1  (dbar)             -51     6     0    19    19     0   102     -3.222     -0.703      1.492      3.634      0.330
     8         21  (g)                -51     6     0    12    12   102   101     -1.340      1.408     -0.906      2.145      0.000
     9          1  (d)                -52     5     5    10    11   101     0      4.562     -0.705      2.412      5.218      0.330
    10          1  (d)                -51     9     0    15    15   103     0      4.079     -1.093      1.189      4.399      0.330
    11         21  (g)                -51     9     0    13    14   101   103      0.210      0.674      1.038      1.256      0.000
    12         21  (g)                -52     8     8    20    20   102   101     -1.067      1.121     -0.722      1.708      0.000
    13         21  (g)                -51    11     0    21    21   101   104      0.703      0.856      0.722      1.322      0.000
    14         21  (g)                -51    11     0    22    22   104   103      0.171     -0.363      0.506      0.645      0.000
    15          1  (d)                -52    10    10    18    18   103     0      3.415     -0.911      1.000      3.688      0.330
    16         11  (e-)               -41    24    24    23     3     0     0     -0.000      0.000      7.000      7.000      0.000
    17        -11  (e+)               -42    25    25     4     4     0     0      0.000     -0.000     -4.000      4.000      0.000
    18          1  (d)                -44    15    15    26    26   103     0      3.415     -0.911      1.001      3.688      0.330
    19         -1  (dbar)             -44     7     7    27    27     0   102     -3.222     -0.702      1.493      3.635      0.330
    20         21  (g)                -44    12    12    28    28   102   101     -1.067      1.122     -0.722      1.708      0.000
    21         21  (g)                -44    13    13    29    29   101   104      0.703      0.856      0.722      1.322      0.000
    22         21  (g)                -44    14    14    30    30   104   103      0.171     -0.363      0.506      0.645      0.000
    23         22  (gamma)            -43    16     0    31    31     0     0      0.001     -0.002      0.000      0.002      0.000
    24         11  (e-)               -61     1     0    16    16     0     0     -0.000      0.000      7.000      7.000      0.000
    25        -11  (e+)               -61     2     0    17    17     0     0      0.000     -0.000     -4.000      4.000      0.000
    26          1  d                   62    18    18     0     0   103     0      3.415     -0.911      1.001      3.688      0.330
    27         -1  dbar                62    19    19     0     0     0   102     -3.222     -0.702      1.493      3.635      0.330
    28         21  g                   62    20    20     0     0   102   101     -1.067      1.122     -0.722      1.708      0.000
    29         21  g                   62    21    21     0     0   101   104      0.703      0.856      0.722      1.322      0.000
    30         21  g                   62    22    22     0     0   104   103      0.171     -0.363      0.506      0.645      0.000
    31         22  gamma               62    23    23     0     0     0     0      0.001     -0.002      0.000      0.002      0.000
    32         22  gamma               63     1     0     0     0     0     0      0.000      0.000      0.000      0.000      0.000
    33         22  gamma               63     2     0     0     0     0     0      0.000      0.000     -0.000      0.000      0.000
                                   Charge sum:  0.000           Momentum sum:     -0.000      0.000      3.000     11.000     10.583

 --------  End PYTHIA Event Listing  -----------------------------------------------------------------------------------------------
 PYTHIA Warning in TauDecays::decay: unknown correlated tau production, assuming from unpolarized photon  
 PYTHIA Warning in PhaseSpace2to2tauyz::trialKin: maximum for cross section violated  

 Pythia::next(): 10000 events have been generated 

 Pythia::next(): 20000 events have been generated 

 Pythia::next(): 30000 events have been generated 

 Pythia::next(): 40000 events have been generated 

 Pythia::next(): 50000 events have been generated 

 Pythia::next(): 60000 events have been generated 

 Pythia::next(): 70000 events have been generated 

 Pythia::next(): 80000 events have been generated 

 Pythia::next(): 90000 events have been generated 

 *-------  PYTHIA Event and Cross Section Statistics  -------------------------------------------------------------*
 |                                                                                                                 |
 | Subprocess                                    Code |            Number of events       |      sigma +- delta    |
 |                                                    |       Tried   Selected   Accepted |     (estimated) (mb)   |
 |                                                    |                                   |                        |
 |-----------------------------------------------------------------------------------------------------------------|
 |                                                    |                                   |                        |
 | f fbar -> f' fbar' (s-channel gamma*)          223 |     2112464     100000     100000 |   5.996e-06  1.003e-08 |
 |                                                    |                                   |                        |
 | sum                                                |     2112464     100000     100000 |   5.996e-06  1.003e-08 |
 |                                                                                                                 |
 *-------  End PYTHIA Event and Cross Section Statistics ----------------------------------------------------------*

 *-------  PYTHIA Error and Warning Messages Statistics  ----------------------------------------------------------* 
 |                                                                                                                 | 
 |  times   message                                                                                                | 
 |                                                                                                                 | 
 |   2374   Warning in PhaseSpace2to2tauyz::trialKin: maximum for cross section violated                           | 
 |  14965   Warning in TauDecays::decay: unknown correlated tau production, assuming from unpolarized photon       | 
 |                                                                                                                 | 
 *-------  End PYTHIA Error and Warning Messages Statistics  ------------------------------------------------------* 
Gammatau2xmu: 4.807e-17

Gammatau2xe: 5.135e-17

BRtau2xmu: 2.121e-05

BRtau2xe: 2.266e-05

BRtau2xmu + BRtau2xe: 4.388e-05

produced tau excluding those daughters are also tau lepton: 2.993e+04
produced X: 2.993e+04
produced X/NMC: 2.993e-01

Proportion of X flying forward (eta>0): 6.252e-01
Proportion of X flying backward (eta<0): 3.748e-01

Total Gamma [GeV]: 1.048e-22
ctau [m]: 1.883e+06

Gammax2tautau: 0.000e+00

Gammax2mumu: 1.043e-22

Gammax2ee: 5.101e-25

Gammax2gmgm: 0.000e+00

BRx2tautau: 0.000e+00

BRx2mumu: 9.951e-01

BRx2ee: 4.869e-03

BRx2gmgm: 0.000e+00

X: insideFidVol: 1.000e+00
observedX: 4.514e-03
visibleX: 0.000e+00

X Observed Fiducial efficiency: 1.508e-07
X Visible Fiducial efficiency: 0.000e+00

reallyProduced tau: 9.200e+10
total number of tau-tau events: 4.600e+10

reallyProducedX: 1.421e+06
reallyobservedX: 2.144e-01
reallyvisibleX: 0.000e+00

