mX:  1.5
g_TM_Lamb:  6e-08
g_MM_Lamb:  8e-05
NMC 10000

 *-------  PYTHIA Process Initialization  --------------------------*
 |                                                                  |
 | We collide e- with e+ at a CM energy of 1.058e+01 GeV            |
 |                                                                  |
 |------------------------------------------------------------------|
 |                                                    |             |
 | Subprocess                                    Code |   Estimated |
 |                                                    |    max (mb) |
 |                                                    |             |
 |------------------------------------------------------------------|
 |                                                    |             |
 | f fbar -> f' fbar' (s-channel gamma*)          223 |   1.528e-04 |
 |                                                                  |
 *-------  End PYTHIA Process Initialization -----------------------*

 *-------  PYTHIA Flag + Mode + Parm + Word + FVec + MVec + PVec + WVec Settings (changes only)  ------------------* 
 |                                                                                                                 | 
 | Name                                          |                      Now |      Default         Min         Max | 
 |                                               |                          |                                      | 
 | Beams:eA                                      |                  7.00000 |     7000.000         0.0             | 
 | Beams:eB                                      |                  4.00000 |     7000.000         0.0             | 
 | Beams:frameType                               |                        2 |            1           1           5 | 
 | Beams:idA                                     |                       11 |         2212                         | 
 | Beams:idB                                     |                      -11 |         2212                         | 
 | HadronLevel:Hadronize                         |                      off |           on                         | 
 | Next:numberCount                              |                    10000 |         1000           0             | 
 | PartonLevel:MPI                               |                      off |           on                         | 
 | Random:seed                                   |                        0 |           -1               900000000 | 
 | Random:setSeed                                |                       on |          off                         | 
 | WeakSingleBoson:ffbar2ffbar(s:gm)             |                       on |          off                         | 
 |                                                                                                                 | 
 *-------  End PYTHIA Flag + Mode + Parm + Word + FVec + MVec + PVec + WVec Settings  -----------------------------* 

 --------  PYTHIA Particle Data Table (changed only)  ------------------------------------------------------------------------------
 
      id   name            antiName         spn chg col      m0        mWidth      mMin       mMax       tau0    res dec ext vis wid
             no onMode   bRatio   meMode     products 

      15  tau-             tau+               2  -3   0    1.77682    0.00000    0.00000    0.00000  8.71100e-02   0   1   0   1   0
              0     1   0.0000262  103       36       13 
              1     1   0.0000000  103       36       11 

      36  x                                   1   0   0    1.50000    0.00000    0.00000    0.00000  4.11550e-04   0   1   0   0   0
              0     1   0.0000000  103       15      -15 
              1     1   1.0000000  103       13      -13 
              2     1   0.0000000  103       11      -11 
              3     1   0.0000000  103       22       22 

 --------  End PYTHIA Particle Data Table  -----------------------------------------------------------------------------------------


 --------  PYTHIA Info Listing  ---------------------------------------- 
 
 Beam A: id =     11, pz =  5.292e+00, e =  5.292e+00, m =  5.110e-04.
 Beam B: id =    -11, pz = -5.292e+00, e =  5.292e+00, m =  5.110e-04.

 In 1: id =   11, x =  8.164e-01, pdf =  1.523e-01 at Q2 =  6.572e+01.
 In 2: id =  -11, x =  7.188e-01, pdf =  8.123e-02 at same Q2.

 Subprocess f fbar -> f' fbar' (s-channel gamma*) with code 223 is 2 -> 2.
 It has sHat =  6.572e+01,    tHat = -1.118e+01,    uHat = -5.454e+01,
       pTHat =  2.830e+00,   m3Hat =  1.500e+00,   m4Hat =  1.500e+00,
    thetaHat =  8.504e-01,  phiHat =  5.752e+00.
     alphaEM =  7.609e-03,  alphaS =  2.110e-01    at Q2 =  6.572e+01.

 Impact parameter b =  0.000e+00 gives enhancement factor =  1.000e+00.
 Max pT scale for MPI =  1.058e+01, ISR =  8.107e+00, FSR =  8.107e+00.
 Number of MPI =     1, ISR =     2, FSRproc =     2, FSRreson =     0.

 --------  End PYTHIA Info Listing  ------------------------------------

 --------  PYTHIA Event Listing  (hard process)  -----------------------------------------------------------------------------------
 
    no         id  name            status     mothers   daughters     colours      p_x        p_y        p_z         e          m 
     0         90  (system)           -11     0     0     0     0     0     0      0.000      0.000      3.000     11.000     10.583
     1         11  (e-)               -12     0     0     3     0     0     0      0.000      0.000      7.000      7.000      0.001
     2        -11  (e+)               -12     0     0     4     0     0     0      0.000      0.000     -4.000      4.000      0.001
     3         11  (e-)               -21     1     0     5     6     0     0      0.000      0.000      5.715      5.715      0.000
     4        -11  (e+)               -21     2     0     5     6     0     0      0.000      0.000     -2.875      2.875      0.000
     5          4  c                   23     3     4     0     0   101     0      2.440     -1.435      4.052      5.165      1.500
     6         -4  cbar                23     3     4     0     0     0   101     -2.440      1.435     -1.212      3.425      1.500
                                   Charge sum:  0.000           Momentum sum:      0.000      0.000      2.840      8.590      8.107

 --------  End PYTHIA Event Listing  -----------------------------------------------------------------------------------------------

 --------  PYTHIA Event Listing  (complete event)  ---------------------------------------------------------------------------------
 
    no         id  name            status     mothers   daughters     colours      p_x        p_y        p_z         e          m 
     0         90  (system)           -11     0     0     0     0     0     0      0.000      0.000      3.000     11.000     10.583
     1         11  (e-)               -12     0     0    28     0     0     0      0.000      0.000      7.000      7.000      0.001
     2        -11  (e+)               -12     0     0    29     0     0     0      0.000      0.000     -4.000      4.000      0.001
     3         11  (e-)               -21    13     0     5     6     0     0      0.000      0.000      5.715      5.715      0.000
     4        -11  (e+)               -21    14    14     5     6     0     0      0.000      0.000     -2.875      2.875      0.000
     5          4  (c)                -23     3     4     9     9   101     0      2.440     -1.435      4.052      5.165      1.500
     6         -4  (cbar)             -23     3     4     7     8     0   101     -2.440      1.435     -1.212      3.425      1.500
     7         -4  (cbar)             -51     6     0    12    12     0   102     -0.005      0.656     -1.728      2.381      1.500
     8         21  (g)                -51     6     0    10    11   102   101     -1.690      0.341      1.683      2.409      0.000
     9          4  (c)                -52     5     5    15    15   101     0      1.695     -0.997      2.885      3.800      1.500
    10         21  (g)                -51     8     0    17    17   106   101     -0.995      0.584      1.524      1.912      0.000
    11         21  (g)                -51     8     0    18    18   102   106     -0.645     -0.184     -0.071      0.675      0.000
    12         -4  (cbar)             -52     7     7    16    16     0   102     -0.054      0.597     -1.498      2.203      1.500
    13         11  (e-)               -41    20    20    19     3     0     0     -0.000      0.000      7.000      7.000      0.000
    14        -11  (e+)               -42    21     0     4     4     0     0      0.000     -0.000     -2.875      2.875      0.000
    15          4  (c)                -44     9     9    22    22   101     0      1.582     -0.933      2.937      3.775      1.500
    16         -4  (cbar)             -44    12    12    23    23     0   102     -0.066      0.604     -1.496      2.204      1.500
    17         21  (g)                -44    10    10    24    24   106   101     -1.053      0.616      1.509      1.941      0.000
    18         21  (g)                -44    11    11    25    25   102   106     -0.655     -0.179     -0.078      0.684      0.000
    19         22  (gamma)            -43    13     0    26    26     0     0      0.193     -0.109      1.252      1.271      0.000
    20         11  (e-)               -42    28    28    13    13     0     0      0.000      0.000      7.000      7.000      0.000
    21        -11  (e+)               -41    29    29    27    14     0     0     -0.000     -0.000     -4.000      4.000      0.000
    22          4  (c)                -44    15    15    30    30   101     0      1.582     -0.933      2.937      3.775      1.500
    23         -4  (cbar)             -44    16    16    31    31     0   102     -0.065      0.605     -1.496      2.204      1.500
    24         21  (g)                -44    17    17    32    32   106   101     -1.053      0.617      1.509      1.941      0.000
    25         21  (g)                -44    18    18    33    33   102   106     -0.655     -0.178     -0.078      0.684      0.000
    26         22  (gamma)            -44    19    19    34    34     0     0      0.193     -0.109      1.252      1.271      0.000
    27         22  (gamma)            -43    21     0    35    35     0     0     -0.001     -0.002     -1.125      1.125      0.000
    28         11  (e-)               -61     1     0    20    20     0     0      0.000      0.000      7.000      7.000      0.000
    29        -11  (e+)               -61     2     0    21    21     0     0     -0.000      0.000     -4.000      4.000      0.000
    30          4  c                   62    22    22     0     0   101     0      1.582     -0.933      2.937      3.775      1.500
    31         -4  cbar                62    23    23     0     0     0   102     -0.065      0.605     -1.496      2.204      1.500
    32         21  g                   62    24    24     0     0   106   101     -1.053      0.617      1.509      1.941      0.000
    33         21  g                   62    25    25     0     0   102   106     -0.655     -0.178     -0.078      0.684      0.000
    34         22  gamma               62    26    26     0     0     0     0      0.193     -0.109      1.252      1.271      0.000
    35         22  gamma               62    27    27     0     0     0     0     -0.001     -0.002     -1.125      1.125      0.000
    36         22  gamma               63     1     0     0     0     0     0      0.000      0.000      0.000      0.000      0.000
    37         22  gamma               63     2     0     0     0     0     0      0.000      0.000     -0.000      0.000      0.000
                                   Charge sum:  0.000           Momentum sum:      0.000      0.000      3.000     11.000     10.583

 --------  End PYTHIA Event Listing  -----------------------------------------------------------------------------------------------
 PYTHIA Warning in TauDecays::decay: unknown correlated tau production, assuming from unpolarized photon  
 PYTHIA Warning in PhaseSpace2to2tauyz::trialKin: maximum for cross section violated  

 *-------  PYTHIA Event and Cross Section Statistics  -------------------------------------------------------------*
 |                                                                                                                 |
 | Subprocess                                    Code |            Number of events       |      sigma +- delta    |
 |                                                    |       Tried   Selected   Accepted |     (estimated) (mb)   |
 |                                                    |                                   |                        |
 |-----------------------------------------------------------------------------------------------------------------|
 |                                                    |                                   |                        |
 | f fbar -> f' fbar' (s-channel gamma*)          223 |      253172      10000      10000 |   5.995e-06  2.982e-08 |
 |                                                    |                                   |                        |
 | sum                                                |      253172      10000      10000 |   5.995e-06  2.982e-08 |
 |                                                                                                                 |
 *-------  End PYTHIA Event and Cross Section Statistics ----------------------------------------------------------*

 *-------  PYTHIA Error and Warning Messages Statistics  ----------------------------------------------------------* 
 |                                                                                                                 | 
 |  times   message                                                                                                | 
 |                                                                                                                 | 
 |     10   Warning in PhaseSpace2to2tauyz::trialKin: maximum for cross section violated                           | 
 |   1437   Warning in TauDecays::decay: unknown correlated tau production, assuming from unpolarized photon       | 
 |                                                                                                                 | 
 *-------  End PYTHIA Error and Warning Messages Statistics  ------------------------------------------------------* 
Gammatau2xmu: 5.925e-17

Gammatau2xe: 0.000e+00

BRtau2xmu: 2.615e-05

BRtau2xe: 0.000e+00

BRtau2xmu + BRtau2xe: 2.615e-05

produced tau excluding those daughters are also tau lepton: 2.874e+03
produced X: 2.874e+03
produced X/NMC: 2.874e-01

Proportion of X flying forward (eta>0): 6.242e-01
Proportion of X flying backward (eta<0): 3.758e-01

Total Gamma [GeV]: 4.795e-10
ctau [m]: 4.116e-07

Gammax2tautau: 0.000e+00

Gammax2mumu: 4.795e-10

Gammax2ee: 0.000e+00

Gammax2gmgm: 0.000e+00

BRx2tautau: 0.000e+00

BRx2mumu: 1.000e+00

BRx2ee: 0.000e+00

BRx2gmgm: 0.000e+00

X: insideFidVol: 0.000e+00
observedX: 0.000e+00
visibleX: 0.000e+00

X Observed Fiducial efficiency: 0.000e+00
X Visible Fiducial efficiency: 0.000e+00

reallyProduced tau: 9.200e+10
total number of tau-tau events: 4.600e+10

reallyProducedX: 8.471e+05
reallyobservedX: 0.000e+00
reallyvisibleX: 0.000e+00

