mX:  1.5
g_TM_Lamb:  8e-10
g_MM_Lamb:  3e-07
NMC 10000

 *-------  PYTHIA Process Initialization  --------------------------*
 |                                                                  |
 | We collide e- with e+ at a CM energy of 1.058e+01 GeV            |
 |                                                                  |
 |------------------------------------------------------------------|
 |                                                    |             |
 | Subprocess                                    Code |   Estimated |
 |                                                    |    max (mb) |
 |                                                    |             |
 |------------------------------------------------------------------|
 |                                                    |             |
 | f fbar -> f' fbar' (s-channel gamma*)          223 |   1.599e-04 |
 |                                                                  |
 *-------  End PYTHIA Process Initialization -----------------------*

 *-------  PYTHIA Flag + Mode + Parm + Word + FVec + MVec + PVec + WVec Settings (changes only)  ------------------* 
 |                                                                                                                 | 
 | Name                                          |                      Now |      Default         Min         Max | 
 |                                               |                          |                                      | 
 | Beams:eA                                      |                  7.00000 |     7000.000         0.0             | 
 | Beams:eB                                      |                  4.00000 |     7000.000         0.0             | 
 | Beams:frameType                               |                        2 |            1           1           5 | 
 | Beams:idA                                     |                       11 |         2212                         | 
 | Beams:idB                                     |                      -11 |         2212                         | 
 | HadronLevel:Hadronize                         |                      off |           on                         | 
 | Next:numberCount                              |                    10000 |         1000           0             | 
 | PartonLevel:MPI                               |                      off |           on                         | 
 | Random:seed                                   |                        0 |           -1               900000000 | 
 | Random:setSeed                                |                       on |          off                         | 
 | WeakSingleBoson:ffbar2ffbar(s:gm)             |                       on |          off                         | 
 |                                                                                                                 | 
 *-------  End PYTHIA Flag + Mode + Parm + Word + FVec + MVec + PVec + WVec Settings  -----------------------------* 

 --------  PYTHIA Particle Data Table (changed only)  ------------------------------------------------------------------------------
 
      id   name            antiName         spn chg col      m0        mWidth      mMin       mMax       tau0    res dec ext vis wid
             no onMode   bRatio   meMode     products 

      15  tau-             tau+               2  -3   0    1.77682    0.00000    0.00000    0.00000  8.71100e-02   0   1   0   1   0
              0     1   0.0000000  103       36       13 
              1     1   0.0000000  103       36       11 

      36  x                                   1   0   0    1.50000    0.00000    0.00000    0.00000  2.92658e+01   0   1   0   0   0
              0     1   0.0000000  103       15      -15 
              1     1   1.0000000  103       13      -13 
              2     1   0.0000000  103       11      -11 
              3     1   0.0000000  103       22       22 

 --------  End PYTHIA Particle Data Table  -----------------------------------------------------------------------------------------


 --------  PYTHIA Info Listing  ---------------------------------------- 
 
 Beam A: id =     11, pz =  5.292e+00, e =  5.292e+00, m =  5.110e-04.
 Beam B: id =    -11, pz = -5.292e+00, e =  5.292e+00, m =  5.110e-04.

 In 1: id =   11, x =  3.639e-01, pdf =  1.370e-02 at Q2 =  4.076e+01.
 In 2: id =  -11, x =  1.000e+00, pdf =  1.184e+05 at same Q2.

 Subprocess f fbar -> f' fbar' (s-channel gamma*) with code 223 is 2 -> 2.
 It has sHat =  4.076e+01,    tHat = -2.798e+01,    uHat = -1.277e+01,
       pTHat =  2.962e+00,   m3Hat =  5.110e-04,   m4Hat =  5.110e-04,
    thetaHat =  1.953e+00,  phiHat =  4.710e-01.
     alphaEM =  7.590e-03,  alphaS =  2.248e-01    at Q2 =  4.076e+01.

 Impact parameter b =  0.000e+00 gives enhancement factor =  1.000e+00.
 Max pT scale for MPI =  1.058e+01, ISR =  1.058e+01, FSR =  1.058e+01.
 Number of MPI =     1, ISR =     1, FSRproc =     2, FSRreson =     0.

 --------  End PYTHIA Info Listing  ------------------------------------

 --------  PYTHIA Event Listing  (hard process)  -----------------------------------------------------------------------------------
 
    no         id  name            status     mothers   daughters     colours      p_x        p_y        p_z         e          m 
     0         90  (system)           -11     0     0     0     0     0     0      0.000      0.000      3.000     11.000     10.583
     1         11  (e-)               -12     0     0     3     0     0     0      0.000      0.000      7.000      7.000      0.001
     2        -11  (e+)               -12     0     0     4     0     0     0      0.000      0.000     -4.000      4.000      0.001
     3         11  (e-)               -21     1     0     5     6     0     0      0.000      0.000      2.547      2.547      0.000
     4        -11  (e+)               -21     2     0     5     6     0     0      0.000      0.000     -4.000      4.000      0.000
     5         11  e-                  23     3     4     0     0     0     0      2.639      1.344     -1.948      3.545      0.001
     6        -11  e+                  23     3     4     0     0     0     0     -2.639     -1.344      0.495      3.003      0.001
                                   Charge sum:  0.000           Momentum sum:      0.000      0.000     -1.453      6.547      6.384

 --------  End PYTHIA Event Listing  -----------------------------------------------------------------------------------------------

 --------  PYTHIA Event Listing  (complete event)  ---------------------------------------------------------------------------------
 
    no         id  name            status     mothers   daughters     colours      p_x        p_y        p_z         e          m 
     0         90  (system)           -11     0     0     0     0     0     0      0.000      0.000      3.000     11.000     10.583
     1         11  (e-)               -12     0     0    19     0     0     0      0.000      0.000      7.000      7.000      0.001
     2        -11  (e+)               -12     0     0    20     0     0     0      0.000      0.000     -4.000      4.000      0.001
     3         11  (e-)               -21     9     9     5     6     0     0      0.000      0.000      2.547      2.547      0.000
     4        -11  (e+)               -21    11    11     5     6     0     0      0.000      0.000     -4.000      4.000      0.000
     5         11  (e-)               -23     3     4     7     8     0     0      2.639      1.344     -1.948      3.545      0.001
     6        -11  (e+)               -23     3     4    13    13     0     0     -2.639     -1.344      0.495      3.003      0.001
     7         11  (e-)               -51     5     0    12    12     0     0      0.344      0.350     -0.296      0.574      0.001
     8         22  (gamma)            -51     5     0    14    14     0     0      2.295      0.994     -1.635      2.988      0.000
     9         11  (e-)               -53    10     0     3     3     0     0      0.000      0.000      2.564      2.564      0.000
    10         11  (e-)               -41    18    18    15     9     0     0     -0.000      0.000      7.000      7.000      0.000
    11        -11  (e+)               -42    20    20     4     4     0     0      0.000     -0.000     -4.000      4.000      0.000
    12         11  (e-)               -44     7     7    16    17     0     0      0.345      0.350     -0.296      0.573      0.001
    13        -11  (e+)               -44     6     6    22    22     0     0     -2.636     -1.349      0.495      3.003      0.001
    14         22  (gamma)            -44     8     8    23    23     0     0      2.296      0.991     -1.635      2.988      0.000
    15         22  (gamma)            -43    10     0    24    24     0     0     -0.004      0.008      4.436      4.436      0.000
    16         11  (e-)               -51    12     0    21    21     0     0      0.216      0.218     -0.185      0.358      0.001
    17         22  (gamma)            -51    12     0    25    25     0     0      0.129      0.132     -0.111      0.215      0.000
    18         11  (e-)               -53    19    19    10    10     0     0     -0.000      0.000      7.000      7.000      0.000
    19         11  (e-)               -61     1     0    18    18     0     0      0.000      0.000      7.000      7.000      0.000
    20        -11  (e+)               -61     2     0    11    11     0     0     -0.000      0.000     -4.000      4.000      0.000
    21         11  e-                  62    16    16     0     0     0     0      0.216      0.218     -0.185      0.358      0.001
    22        -11  e+                  62    13    13     0     0     0     0     -2.636     -1.349      0.495      3.003      0.001
    23         22  gamma               62    14    14     0     0     0     0      2.296      0.991     -1.635      2.988      0.000
    24         22  gamma               62    15    15     0     0     0     0     -0.004      0.008      4.436      4.436      0.000
    25         22  gamma               62    17    17     0     0     0     0      0.129      0.132     -0.111      0.215      0.000
    26         22  gamma               63     1     0     0     0     0     0      0.000      0.000      0.000      0.000      0.000
    27         22  gamma               63     2     0     0     0     0     0      0.000      0.000     -0.000      0.000      0.000
                                   Charge sum:  0.000           Momentum sum:     -0.000     -0.000      3.000     11.000     10.583

 --------  End PYTHIA Event Listing  -----------------------------------------------------------------------------------------------
 PYTHIA Warning in TauDecays::decay: unknown correlated tau production, assuming from unpolarized photon  

 *-------  PYTHIA Event and Cross Section Statistics  -------------------------------------------------------------*
 |                                                                                                                 |
 | Subprocess                                    Code |            Number of events       |      sigma +- delta    |
 |                                                    |       Tried   Selected   Accepted |     (estimated) (mb)   |
 |                                                    |                                   |                        |
 |-----------------------------------------------------------------------------------------------------------------|
 |                                                    |                                   |                        |
 | f fbar -> f' fbar' (s-channel gamma*)          223 |      266900      10000      10000 |   5.950e-06  2.852e-08 |
 |                                                    |                                   |                        |
 | sum                                                |      266900      10000      10000 |   5.950e-06  2.852e-08 |
 |                                                                                                                 |
 *-------  End PYTHIA Event and Cross Section Statistics ----------------------------------------------------------*

 *-------  PYTHIA Error and Warning Messages Statistics  ----------------------------------------------------------* 
 |                                                                                                                 | 
 |  times   message                                                                                                | 
 |                                                                                                                 | 
 |   1527   Warning in TauDecays::decay: unknown correlated tau production, assuming from unpolarized photon       | 
 |                                                                                                                 | 
 *-------  End PYTHIA Error and Warning Messages Statistics  ------------------------------------------------------* 
Gammatau2xmu: 1.053e-20

Gammatau2xe: 0.000e+00

BRtau2xmu: 4.649e-09

BRtau2xe: 0.000e+00

BRtau2xmu + BRtau2xe: 4.649e-09

produced tau excluding those daughters are also tau lepton: 3.054e+03
produced X: 3.054e+03
produced X/NMC: 3.054e-01

Proportion of X flying forward (eta>0): 6.130e-01
Proportion of X flying backward (eta<0): 3.870e-01

Total Gamma [GeV]: 6.743e-15
ctau [m]: 2.927e-02

Gammax2tautau: 0.000e+00

Gammax2mumu: 6.743e-15

Gammax2ee: 0.000e+00

Gammax2gmgm: 0.000e+00

BRx2tautau: 0.000e+00

BRx2mumu: 1.000e+00

BRx2ee: 0.000e+00

BRx2gmgm: 0.000e+00

X: insideFidVol: 5.250e+02
observedX: 5.676e+02
visibleX: 5.676e+01

X Observed Fiducial efficiency: 1.858e-01
X Visible Fiducial efficiency: 1.858e-02

reallyProduced tau: 9.200e+10
total number of tau-tau events: 4.600e+10

reallyProducedX: 1.506e+02
reallyobservedX: 2.799e+01
reallyvisibleX: 2.799e+00

