mX:  0.001
g_TM_Lamb:  8e-07
g_EE_Lamb:  8e-07
NMC 10000

 *-------  PYTHIA Process Initialization  --------------------------*
 |                                                                  |
 | We collide e- with e+ at a CM energy of 1.058e+01 GeV            |
 |                                                                  |
 |------------------------------------------------------------------|
 |                                                    |             |
 | Subprocess                                    Code |   Estimated |
 |                                                    |    max (mb) |
 |                                                    |             |
 |------------------------------------------------------------------|
 |                                                    |             |
 | f fbar -> f' fbar' (s-channel gamma*)          223 |   1.516e-04 |
 |                                                                  |
 *-------  End PYTHIA Process Initialization -----------------------*

 *-------  PYTHIA Flag + Mode + Parm + Word + FVec + MVec + PVec + WVec Settings (changes only)  ------------------* 
 |                                                                                                                 | 
 | Name                                          |                      Now |      Default         Min         Max | 
 |                                               |                          |                                      | 
 | Beams:eA                                      |                  7.00000 |     7000.000         0.0             | 
 | Beams:eB                                      |                  4.00000 |     7000.000         0.0             | 
 | Beams:frameType                               |                        2 |            1           1           5 | 
 | Beams:idA                                     |                       11 |         2212                         | 
 | Beams:idB                                     |                      -11 |         2212                         | 
 | HadronLevel:Hadronize                         |                      off |           on                         | 
 | Next:numberCount                              |                    10000 |         1000           0             | 
 | PartonLevel:MPI                               |                      off |           on                         | 
 | Random:seed                                   |                        0 |           -1               900000000 | 
 | Random:setSeed                                |                       on |          off                         | 
 | WeakSingleBoson:ffbar2ffbar(s:gm)             |                       on |          off                         | 
 |                                                                                                                 | 
 *-------  End PYTHIA Flag + Mode + Parm + Word + FVec + MVec + PVec + WVec Settings  -----------------------------* 

 --------  PYTHIA Particle Data Table (changed only)  ------------------------------------------------------------------------------
 
      id   name            antiName         spn chg col      m0        mWidth      mMin       mMax       tau0    res dec ext vis wid
             no onMode   bRatio   meMode     products 

      15  tau-             tau+               2  -3   0    1.77682    0.00000    0.00000    0.00000  8.71100e-02   0   1   0   1   0
              0     1   0.0587199  103       36       13 
              1     1   0.0000000  103       36       11 

      36  x                                   1   0   0  1.000e-03  0.000e+00  0.000e+00  0.000e+00  0.00000e+00   0   1   0   0   0
              0     1   0.0000000    0 
              1     1   0.0000000    0 
              2     1   0.0000000    0 
              3     1   0.0000000    0 

 --------  End PYTHIA Particle Data Table  -----------------------------------------------------------------------------------------


 --------  PYTHIA Info Listing  ---------------------------------------- 
 
 Beam A: id =     11, pz =  5.292e+00, e =  5.292e+00, m =  5.110e-04.
 Beam B: id =    -11, pz = -5.292e+00, e =  5.292e+00, m =  5.110e-04.

 In 1: id =   11, x =  1.000e+00, pdf =  6.682e+07 at Q2 =  1.120e+02.
 In 2: id =  -11, x =  1.000e+00, pdf =  4.477e+08 at same Q2.

 Subprocess f fbar -> f' fbar' (s-channel gamma*) with code 223 is 2 -> 2.
 It has sHat =  1.120e+02,    tHat = -3.517e+01,    uHat = -7.683e+01,
       pTHat =  4.890e+00,   m3Hat =  5.000e-01,   m4Hat =  5.000e-01,
    thetaHat =  1.190e+00,  phiHat =  4.799e+00.
     alphaEM =  7.631e-03,  alphaS =  1.975e-01    at Q2 =  1.120e+02.

 Impact parameter b =  0.000e+00 gives enhancement factor =  1.000e+00.
 Max pT scale for MPI =  1.058e+01, ISR =  1.058e+01, FSR =  1.058e+01.
 Number of MPI =     1, ISR =     0, FSRproc =     4, FSRreson =     0.

 --------  End PYTHIA Info Listing  ------------------------------------

 --------  PYTHIA Event Listing  (hard process)  -----------------------------------------------------------------------------------
 
    no         id  name            status     mothers   daughters     colours      p_x        p_y        p_z         e          m 
     0         90  (system)           -11     0     0     0     0     0     0      0.000      0.000      3.000     11.000     10.583
     1         11  (e-)               -12     0     0     3     0     0     0      0.000      0.000      7.000      7.000      0.001
     2        -11  (e+)               -12     0     0     4     0     0     0      0.000      0.000     -4.000      4.000      0.001
     3         11  (e-)               -21     1     0     5     6     0     0      0.000      0.000      7.000      7.000      0.000
     4        -11  (e+)               -21     2     0     5     6     0     0      0.000      0.000     -4.000      4.000      0.000
     5          3  s                   23     3     4     0     0   101     0      0.423     -4.872      3.536      6.055      0.500
     6         -3  sbar                23     3     4     0     0     0   101     -0.423      4.872     -0.536      4.945      0.500
                                   Charge sum:  0.000           Momentum sum:      0.000      0.000      3.000     11.000     10.583

 --------  End PYTHIA Event Listing  -----------------------------------------------------------------------------------------------

 --------  PYTHIA Event Listing  (complete event)  ---------------------------------------------------------------------------------
 
    no         id  name            status     mothers   daughters     colours      p_x        p_y        p_z         e          m 
     0         90  (system)           -11     0     0     0     0     0     0      0.000      0.000      3.000     11.000     10.583
     1         11  (e-)               -12     0     0    19     0     0     0      0.000      0.000      7.000      7.000      0.001
     2        -11  (e+)               -12     0     0    20     0     0     0      0.000      0.000     -4.000      4.000      0.001
     3         11  (e-)               -21    19    19     5     6     0     0      0.000      0.000      7.000      7.000      0.000
     4        -11  (e+)               -21    20    20     5     6     0     0      0.000      0.000     -4.000      4.000      0.000
     5          3  (s)                -23     3     4     7     8   101     0      0.423     -4.872      3.536      6.055      0.500
     6         -3  (sbar)             -23     3     4     9     9     0   101     -0.423      4.872     -0.536      4.945      0.500
     7          3  (s)                -51     5     0    21    21   103     0     -1.474      0.506      0.518      1.717      0.500
     8         21  (g)                -51     5     0    10    11   101   103      1.800     -4.263      2.892      5.457      0.000
     9         -3  (sbar)             -52     6     6    12    12     0   101     -0.326      3.757     -0.410      3.826      0.500
    10         21  (g)                -51     8     0    18    18   104   103      1.512     -3.111      0.897      3.573      0.000
    11         21  (g)                -51     8     0    13    14   101   104      0.264     -0.872      1.963      2.164      0.000
    12         -3  (sbar)             -52     9     9    15    15     0   101     -0.301      3.476     -0.378      3.545      0.500
    13         21  (g)                -51    11     0    16    17   106   104      0.426     -0.186      2.130      2.180      0.000
    14         21  (g)                -51    11     0    25    25   101   106     -0.199     -0.271     -0.217      0.400      0.000
    15         -3  (sbar)             -52    12    12    22    22     0   101     -0.264      3.061     -0.328      3.130      0.500
    16         21  (g)                -51    13     0    24    24   106   109      0.198     -0.896      1.397      1.672      0.000
    17         21  (g)                -51    13     0    26    26   109   104      0.437      0.281      0.857      1.002      0.000
    18         21  (g)                -52    10    10    23    23   104   103      1.303     -2.682      0.773      3.080      0.000
    19         11  (e-)               -61     1     0     3     3     0     0      0.000      0.000      7.000      7.000      0.000
    20        -11  (e+)               -61     2     0     4     4     0     0      0.000      0.000     -4.000      4.000      0.000
    21          3  s                   62     7     7     0     0   103     0     -1.474      0.506      0.518      1.717      0.500
    22         -3  sbar                62    15    15     0     0     0   101     -0.264      3.061     -0.328      3.130      0.500
    23         21  g                   62    18    18     0     0   104   103      1.303     -2.682      0.773      3.080      0.000
    24         21  g                   62    16    16     0     0   106   109      0.198     -0.896      1.397      1.672      0.000
    25         21  g                   62    14    14     0     0   101   106     -0.199     -0.271     -0.217      0.400      0.000
    26         21  g                   62    17    17     0     0   109   104      0.437      0.281      0.857      1.002      0.000
    27         22  gamma               63     1     0     0     0     0     0      0.000      0.000      0.000      0.000      0.000
    28         22  gamma               63     2     0     0     0     0     0      0.000      0.000     -0.000      0.000      0.000
                                   Charge sum:  0.000           Momentum sum:      0.000     -0.000      3.000     11.000     10.583

 --------  End PYTHIA Event Listing  -----------------------------------------------------------------------------------------------
 PYTHIA Warning in TauDecays::decay: unknown correlated tau production, assuming from unpolarized photon  
 PYTHIA Warning in PhaseSpace2to2tauyz::trialKin: maximum for cross section violated  

 *-------  PYTHIA Event and Cross Section Statistics  -------------------------------------------------------------*
 |                                                                                                                 |
 | Subprocess                                    Code |            Number of events       |      sigma +- delta    |
 |                                                    |       Tried   Selected   Accepted |     (estimated) (mb)   |
 |                                                    |                                   |                        |
 |-----------------------------------------------------------------------------------------------------------------|
 |                                                    |                                   |                        |
 | f fbar -> f' fbar' (s-channel gamma*)          223 |      254028      10000      10000 |   6.033e-06  3.001e-08 |
 |                                                    |                                   |                        |
 | sum                                                |      254028      10000      10000 |   6.033e-06  3.001e-08 |
 |                                                                                                                 |
 *-------  End PYTHIA Event and Cross Section Statistics ----------------------------------------------------------*

 *-------  PYTHIA Error and Warning Messages Statistics  ----------------------------------------------------------* 
 |                                                                                                                 | 
 |  times   message                                                                                                | 
 |                                                                                                                 | 
 |     21   Warning in PhaseSpace2to2tauyz::trialKin: maximum for cross section violated                           | 
 |   1522   Warning in TauDecays::decay: unknown correlated tau production, assuming from unpolarized photon       | 
 |                                                                                                                 | 
 *-------  End PYTHIA Error and Warning Messages Statistics  ------------------------------------------------------* 
Gammatau2xmu: 1.413e-13

Gammatau2xe: 0.000e+00

BRtau2xmu: 5.872e-02

BRtau2xe: 0.000e+00

produced tau excluding those daughters are also tau lepton: 3.044e+03
produced X: 3.044e+03
produced X/NMC: 3.044e-01

Proportion of X flying forward (eta>0): 6.239e-01
Proportion of X flying backward (eta<0): 3.761e-01

Total Gamma [GeV]: 0.000e+00
ctau [m]: inf

Gammax2tautau: 0.000e+00

Gammax2mumu: 0.000e+00

Gammax2ee: 0.000e+00

Gammax2gmgm: 0.000e+00

BRx2tautau: -nan

BRx2mumu: -nan

BRx2ee: -nan

BRx2gmgm: -nan

X: insideFidVol: 0.000e+00
observedX: 0.000e+00
visibleX: -nan

X Observed Fiducial efficiency: 0.000e+00
X Visible Fiducial efficiency: -nan

reallyProduced tau: 9.200e+10
total number of tau-tau events: 4.600e+10

reallyProducedX: 1.902e+09
reallyobservedX: 0.000e+00
reallyvisibleX: -nan

 |-----------------------------------------------------------------------------------------------------------------|
 |                                                    |                                   |                        |
 | f fbar -> f' fbar' (s-channel gamma*)          223 |      276339      10000      10000 |   5.982e-06  2.827e-08 |
 |                                                    |                                   |                        |
 | sum                                                |      276339      10000      10000 |   5.982e-06  2.827e-08 |
 |                                                                                                                 |
 *-------  End PYTHIA Event and Cross Section Statistics ----------------------------------------------------------*

 *-------  PYTHIA Error and Warning Messages Statistics  ----------------------------------------------------------* 
 |                                                                                                                 | 
 |  times   message                                                                                                | 
 |                                                                                                                 | 
 |   1477   Warning in TauDecays::decay: unknown correlated tau production, assuming from unpolarized photon       | 
 |                                                                                                                 | 
 *-------  End PYTHIA Error and Warning Messages Statistics  ------------------------------------------------------* 
Gammatau2xmu: 1.413e-13

Gammatau2xe: 0.000e+00

BRtau2xmu: 5.872e-02

BRtau2xe: 0.000e+00

produced tau excluding those daughters are also tau lepton: 2.954e+03
produced X: 2.954e+03
produced X/NMC: 2.954e-01

Proportion of X flying forward (eta>0): 6.242e-01
Proportion of X flying backward (eta<0): 3.758e-01

Total Gamma [GeV]: 0.000e+00
ctau [m]: inf

Gammax2tautau: 0.000e+00

Gammax2mumu: 0.000e+00

Gammax2ee: 0.000e+00

Gammax2gmgm: 0.000e+00

BRx2tautau: -nan

BRx2mumu: -nan

BRx2ee: -nan

BRx2gmgm: -nan

X: insideFidVol: 0.000e+00
observedX: 0.000e+00
visibleX: -nan

X Observed Fiducial efficiency: 0.000e+00
X Visible Fiducial efficiency: -nan

reallyProduced tau: 9.200e+10
total number of tau-tau events: 4.600e+10

reallyProducedX: 1.902e+09
reallyobservedX: 0.000e+00
reallyvisibleX: -nan

