mX:  0.0592307
g_TM_Lamb:  6e-06
g_EE_Lamb:  6e-06
NMC 10000

 *-------  PYTHIA Process Initialization  --------------------------*
 |                                                                  |
 | We collide e- with e+ at a CM energy of 1.058e+01 GeV            |
 |                                                                  |
 |------------------------------------------------------------------|
 |                                                    |             |
 | Subprocess                                    Code |   Estimated |
 |                                                    |    max (mb) |
 |                                                    |             |
 |------------------------------------------------------------------|
 |                                                    |             |
 | f fbar -> f' fbar' (s-channel gamma*)          223 |   1.228e-04 |
 |                                                                  |
 *-------  End PYTHIA Process Initialization -----------------------*

 *-------  PYTHIA Flag + Mode + Parm + Word + FVec + MVec + PVec + WVec Settings (changes only)  ------------------* 
 |                                                                                                                 | 
 | Name                                          |                      Now |      Default         Min         Max | 
 |                                               |                          |                                      | 
 | Beams:eA                                      |                  7.00000 |     7000.000         0.0             | 
 | Beams:eB                                      |                  4.00000 |     7000.000         0.0             | 
 | Beams:frameType                               |                        2 |            1           1           5 | 
 | Beams:idA                                     |                       11 |         2212                         | 
 | Beams:idB                                     |                      -11 |         2212                         | 
 | HadronLevel:Hadronize                         |                      off |           on                         | 
 | Next:numberCount                              |                    10000 |         1000           0             | 
 | PartonLevel:MPI                               |                      off |           on                         | 
 | Random:seed                                   |                        0 |           -1               900000000 | 
 | Random:setSeed                                |                       on |          off                         | 
 | WeakSingleBoson:ffbar2ffbar(s:gm)             |                       on |          off                         | 
 |                                                                                                                 | 
 *-------  End PYTHIA Flag + Mode + Parm + Word + FVec + MVec + PVec + WVec Settings  -----------------------------* 

 --------  PYTHIA Particle Data Table (changed only)  ------------------------------------------------------------------------------
 
      id   name            antiName         spn chg col      m0        mWidth      mMin       mMax       tau0    res dec ext vis wid
             no onMode   bRatio   meMode     products 

      15  tau-             tau+               2  -3   0    1.77682    0.00000    0.00000    0.00000  8.71100e-02   0   1   0   1   0
              0     1   0.7778360  103       36       13 
              1     1   0.0000000  103       36       11 

      36  x                                   1   0   0  5.923e-02  0.000e+00  0.000e+00  0.000e+00  9.60694e+03   0   1   0   0   0
              0     1   0.0000000  103       15      -15 
              1     1   0.0000000  103       13      -13 
              2     1   1.0000000  103       11      -11 
              3     1   0.0000000  103       22       22 

 --------  End PYTHIA Particle Data Table  -----------------------------------------------------------------------------------------


 --------  PYTHIA Info Listing  ---------------------------------------- 
 
 Beam A: id =     11, pz =  5.292e+00, e =  5.292e+00, m =  5.110e-04.
 Beam B: id =    -11, pz = -5.292e+00, e =  5.292e+00, m =  5.110e-04.

 In 1: id =   11, x =  9.992e-01, pdf =  3.916e+01 at Q2 =  1.119e+02.
 In 2: id =  -11, x =  1.000e+00, pdf =  3.075e+07 at same Q2.

 Subprocess f fbar -> f' fbar' (s-channel gamma*) with code 223 is 2 -> 2.
 It has sHat =  1.119e+02,    tHat = -7.821e+01,    uHat = -3.369e+01,
       pTHat =  4.853e+00,   m3Hat =  5.110e-04,   m4Hat =  5.110e-04,
    thetaHat =  1.980e+00,  phiHat =  4.786e+00.
     alphaEM =  7.631e-03,  alphaS =  1.975e-01    at Q2 =  1.119e+02.

 Impact parameter b =  0.000e+00 gives enhancement factor =  1.000e+00.
 Max pT scale for MPI =  1.058e+01, ISR =  1.058e+01, FSR =  1.058e+01.
 Number of MPI =     1, ISR =     1, FSRproc =     2, FSRreson =     0.

 --------  End PYTHIA Info Listing  ------------------------------------

 --------  PYTHIA Event Listing  (hard process)  -----------------------------------------------------------------------------------
 
    no         id  name            status     mothers   daughters     colours      p_x        p_y        p_z         e          m 
     0         90  (system)           -11     0     0     0     0     0     0      0.000      0.000      3.000     11.000     10.583
     1         11  (e-)               -12     0     0     3     0     0     0      0.000      0.000      7.000      7.000      0.001
     2        -11  (e+)               -12     0     0     4     0     0     0      0.000      0.000     -4.000      4.000      0.001
     3         11  (e-)               -21     1     0     5     6     0     0      0.000      0.000      6.994      6.994      0.000
     4        -11  (e+)               -21     2     0     5     6     0     0      0.000      0.000     -4.000      4.000      0.000
     5         11  e-                  23     3     4     0     0     0     0      0.357     -4.840     -0.690      4.901      0.001
     6        -11  e+                  23     3     4     0     0     0     0     -0.357      4.840      3.684      6.093      0.001
                                   Charge sum:  0.000           Momentum sum:      0.000      0.000      2.994     10.994     10.579

 --------  End PYTHIA Event Listing  -----------------------------------------------------------------------------------------------

 --------  PYTHIA Event Listing  (complete event)  ---------------------------------------------------------------------------------
 
    no         id  name            status     mothers   daughters     colours      p_x        p_y        p_z         e          m 
     0         90  (system)           -11     0     0     0     0     0     0      0.000      0.000      3.000     11.000     10.583
     1         11  (e-)               -12     0     0    18     0     0     0      0.000      0.000      7.000      7.000      0.001
     2        -11  (e+)               -12     0     0    19     0     0     0      0.000      0.000     -4.000      4.000      0.001
     3         11  (e-)               -21     7     0     5     6     0     0      0.000      0.000      6.994      6.994      0.000
     4        -11  (e+)               -21     8     8     5     6     0     0      0.000      0.000     -4.000      4.000      0.000
     5         11  (e-)               -23     3     4     9     9     0     0      0.357     -4.840     -0.690      4.901      0.001
     6        -11  (e+)               -23     3     4    10    10     0     0     -0.357      4.840      3.684      6.093      0.001
     7         11  (e-)               -41    18    18    11     3     0     0      0.000     -0.000      7.000      7.000      0.000
     8        -11  (e+)               -42    14    14     4     4     0     0      0.000      0.000     -4.000      4.000      0.000
     9         11  (e-)               -44     5     5    20    20     0     0      0.358     -4.840     -0.690      4.902      0.001
    10        -11  (e+)               -44     6     6    12    13     0     0     -0.355      4.838      3.686      6.092      0.001
    11         22  (gamma)            -43     7     0    22    22     0     0     -0.003      0.003      0.003      0.005      0.000
    12        -11  (e+)               -51    10     0    15    16     0     0     -0.355      4.837      3.686      6.092      0.001
    13         22  (gamma)            -51    10     0    23    23     0     0     -0.000      0.000      0.000      0.001      0.000
    14        -11  (e+)               -53    17    17     8     8     0     0      0.000      0.000     -4.000      4.000      0.000
    15        -11  (e+)               -51    12     0    21    21     0     0     -0.355      4.837      3.686      6.092      0.001
    16         22  (gamma)            -51    12     0    24    24     0     0     -0.000      0.000      0.000      0.000      0.000
    17        -11  (e+)               -53    19    19    14    14     0     0      0.000      0.000     -4.000      4.000      0.000
    18         11  (e-)               -61     1     0     7     7     0     0     -0.000      0.000      7.000      7.000      0.000
    19        -11  (e+)               -61     2     0    17    17     0     0     -0.000     -0.000     -4.000      4.000      0.000
    20         11  e-                  62     9     9     0     0     0     0      0.358     -4.840     -0.690      4.902      0.001
    21        -11  e+                  62    15    15     0     0     0     0     -0.355      4.837      3.686      6.092      0.001
    22         22  gamma               62    11    11     0     0     0     0     -0.003      0.003      0.003      0.005      0.000
    23         22  gamma               62    13    13     0     0     0     0     -0.000      0.000      0.000      0.001      0.000
    24         22  gamma               62    16    16     0     0     0     0     -0.000      0.000      0.000      0.000      0.000
    25         22  gamma               63     1     0     0     0     0     0      0.000      0.000      0.000      0.000      0.000
    26         22  gamma               63     2     0     0     0     0     0      0.000      0.000     -0.000      0.000      0.000
                                   Charge sum:  0.000           Momentum sum:     -0.000     -0.000      3.000     11.000     10.583

 --------  End PYTHIA Event Listing  -----------------------------------------------------------------------------------------------
 PYTHIA Warning in PhaseSpace2to2tauyz::trialKin: maximum for cross section violated  
 PYTHIA Warning in TauDecays::decay: unknown correlated tau production, assuming from unpolarized photon  

 *-------  PYTHIA Event and Cross Section Statistics  -------------------------------------------------------------*
 |                                                                                                                 |
 | Subprocess                                    Code |            Number of events       |      sigma +- delta    |
 |                                                    |       Tried   Selected   Accepted |     (estimated) (mb)   |
 |                                                    |                                   |                        |
 |-----------------------------------------------------------------------------------------------------------------|
 |                                                    |                                   |                        |
 | f fbar -> f' fbar' (s-channel gamma*)          223 |      205745      10000      10000 |   6.019e-06  3.353e-08 |
 |                                                    |                                   |                        |
 | sum                                                |      205745      10000      10000 |   6.019e-06  3.353e-08 |
 |                                                                                                                 |
 *-------  End PYTHIA Event and Cross Section Statistics ----------------------------------------------------------*

 *-------  PYTHIA Error and Warning Messages Statistics  ----------------------------------------------------------* 
 |                                                                                                                 | 
 |  times   message                                                                                                | 
 |                                                                                                                 | 
 |    573   Warning in PhaseSpace2to2tauyz::trialKin: maximum for cross section violated                           | 
 |   1467   Warning in TauDecays::decay: unknown correlated tau production, assuming from unpolarized photon       | 
 |                                                                                                                 | 
 *-------  End PYTHIA Error and Warning Messages Statistics  ------------------------------------------------------* 
Gammatau2xmu: 7.933e-12

Gammatau2xe: 0.000e+00

BRtau2xmu: 7.778e-01

BRtau2xe: 0.000e+00

produced tau excluding those daughters are also tau lepton: 2.934e+03
produced X: 2.934e+03
produced X/NMC: 2.934e-01

Proportion of X flying forward (eta>0): 6.159e-01
Proportion of X flying backward (eta<0): 3.841e-01

Total Gamma [GeV]: 2.054e-17
ctau [m]: 9.607e+00

Gammax2tautau: 0.000e+00

Gammax2mumu: 0.000e+00

Gammax2ee: 2.054e-17

Gammax2gmgm: 0.000e+00

BRx2tautau: 0.000e+00

BRx2mumu: 0.000e+00

BRx2ee: 1.000e+00

BRx2gmgm: 0.000e+00

X: insideFidVol: 1.100e+01
observedX: 9.525e+00
visibleX: 9.525e-01

X Observed Fiducial efficiency: 3.247e-03
X Visible Fiducial efficiency: 3.247e-04

reallyProduced tau: 9.200e+10
total number of tau-tau events: 4.600e+10

reallyProducedX: 2.520e+10
reallyobservedX: 8.180e+07
reallyvisibleX: 8.180e+06

