mX:  0.050912
g_TM_Lamb:  4e-07
g_EE_Lamb:  4e-07
NMC 10000

 *-------  PYTHIA Process Initialization  --------------------------*
 |                                                                  |
 | We collide e- with e+ at a CM energy of 1.058e+01 GeV            |
 |                                                                  |
 |------------------------------------------------------------------|
 |                                                    |             |
 | Subprocess                                    Code |   Estimated |
 |                                                    |    max (mb) |
 |                                                    |             |
 |------------------------------------------------------------------|
 |                                                    |             |
 | f fbar -> f' fbar' (s-channel gamma*)          223 |   1.685e-04 |
 |                                                                  |
 *-------  End PYTHIA Process Initialization -----------------------*

 *-------  PYTHIA Flag + Mode + Parm + Word + FVec + MVec + PVec + WVec Settings (changes only)  ------------------* 
 |                                                                                                                 | 
 | Name                                          |                      Now |      Default         Min         Max | 
 |                                               |                          |                                      | 
 | Beams:eA                                      |                  7.00000 |     7000.000         0.0             | 
 | Beams:eB                                      |                  4.00000 |     7000.000         0.0             | 
 | Beams:frameType                               |                        2 |            1           1           5 | 
 | Beams:idA                                     |                       11 |         2212                         | 
 | Beams:idB                                     |                      -11 |         2212                         | 
 | HadronLevel:Hadronize                         |                      off |           on                         | 
 | Next:numberCount                              |                    10000 |         1000           0             | 
 | PartonLevel:MPI                               |                      off |           on                         | 
 | Random:seed                                   |                        0 |           -1               900000000 | 
 | Random:setSeed                                |                       on |          off                         | 
 | WeakSingleBoson:ffbar2ffbar(s:gm)             |                       on |          off                         | 
 |                                                                                                                 | 
 *-------  End PYTHIA Flag + Mode + Parm + Word + FVec + MVec + PVec + WVec Settings  -----------------------------* 

 --------  PYTHIA Particle Data Table (changed only)  ------------------------------------------------------------------------------
 
      id   name            antiName         spn chg col      m0        mWidth      mMin       mMax       tau0    res dec ext vis wid
             no onMode   bRatio   meMode     products 

      15  tau-             tau+               2  -3   0    1.77682    0.00000    0.00000    0.00000  8.71100e-02   0   1   0   1   0
              0     1   0.0153312  103       36       13 
              1     1   0.0000000  103       36       11 

      36  x                                   1   0   0  5.091e-02  0.000e+00  0.000e+00  0.000e+00  2.92579e+06   0   1   0   0   0
              0     1   0.0000000  103       15      -15 
              1     1   0.0000000  103       13      -13 
              2     1   1.0000000  103       11      -11 
              3     1   0.0000000  103       22       22 

 --------  End PYTHIA Particle Data Table  -----------------------------------------------------------------------------------------


 --------  PYTHIA Info Listing  ---------------------------------------- 
 
 Beam A: id =     11, pz =  5.292e+00, e =  5.292e+00, m =  5.110e-04.
 Beam B: id =    -11, pz = -5.292e+00, e =  5.292e+00, m =  5.110e-04.

 In 1: id =   11, x =  8.373e-01, pdf =  1.822e-01 at Q2 =  9.309e+01.
 In 2: id =  -11, x =  9.927e-01, pdf =  4.881e+00 at same Q2.

 Subprocess f fbar -> f' fbar' (s-channel gamma*) with code 223 is 2 -> 2.
 It has sHat =  9.309e+01,    tHat = -3.736e+01,    uHat = -5.573e+01,
       pTHat =  4.718e+00,   m3Hat =  3.300e-01,   m4Hat =  3.300e-01,
    thetaHat =  1.372e+00,  phiHat =  4.716e+00.
     alphaEM =  7.623e-03,  alphaS =  2.020e-01    at Q2 =  9.309e+01.

 Impact parameter b =  0.000e+00 gives enhancement factor =  1.000e+00.
 Max pT scale for MPI =  1.058e+01, ISR =  9.648e+00, FSR =  9.648e+00.
 Number of MPI =     1, ISR =     2, FSRproc =     6, FSRreson =     0.

 --------  End PYTHIA Info Listing  ------------------------------------

 --------  PYTHIA Event Listing  (hard process)  -----------------------------------------------------------------------------------
 
    no         id  name            status     mothers   daughters     colours      p_x        p_y        p_z         e          m 
     0         90  (system)           -11     0     0     0     0     0     0      0.000      0.000      3.000     11.000     10.583
     1         11  (e-)               -12     0     0     3     0     0     0      0.000      0.000      7.000      7.000      0.001
     2        -11  (e+)               -12     0     0     4     0     0     0      0.000      0.000     -4.000      4.000      0.001
     3         11  (e-)               -21     1     0     5     6     0     0      0.000      0.000      5.861      5.861      0.000
     4        -11  (e+)               -21     2     0     5     6     0     0      0.000      0.000     -3.971      3.971      0.000
     5          1  d                   23     3     4     0     0   101     0      0.019     -4.718      1.913      5.102      0.330
     6         -1  dbar                23     3     4     0     0     0   101     -0.019      4.718     -0.022      4.730      0.330
                                   Charge sum:  0.000           Momentum sum:      0.000      0.000      1.890      9.832      9.648

 --------  End PYTHIA Event Listing  -----------------------------------------------------------------------------------------------

 --------  PYTHIA Event Listing  (complete event)  ---------------------------------------------------------------------------------
 
    no         id  name            status     mothers   daughters     colours      p_x        p_y        p_z         e          m 
     0         90  (system)           -11     0     0     0     0     0     0      0.000      0.000      3.000     11.000     10.583
     1         11  (e-)               -12     0     0    47     0     0     0      0.000      0.000      7.000      7.000      0.001
     2        -11  (e+)               -12     0     0    48     0     0     0      0.000      0.000     -4.000      4.000      0.001
     3         11  (e-)               -21    22     0     5     6     0     0      0.000      0.000      5.861      5.861      0.000
     4        -11  (e+)               -21    23    23     5     6     0     0      0.000      0.000     -3.971      3.971      0.000
     5          1  (d)                -23     3     4     7     8   101     0      0.019     -4.718      1.913      5.102      0.330
     6         -1  (dbar)             -23     3     4     9     9     0   101     -0.019      4.718     -0.022      4.730      0.330
     7          1  (d)                -51     5     0    13    14   102     0     -2.613     -1.314     -0.501      2.985      0.330
     8         21  (g)                -51     5     0    10    11   101   102      2.625     -1.609      2.403      3.905      0.000
     9         -1  (dbar)             -52     6     6    12    12     0   101     -0.012      2.922     -0.012      2.941      0.330
    10         21  (g)                -51     8     0    15    15   103   102      2.544      0.669      2.686      3.760      0.000
    11         21  (g)                -51     8     0    27    27   101   103      0.068     -1.187     -0.295      1.225      0.000
    12         -1  (dbar)             -52     9     9    25    25     0   101      0.001      1.832      0.000      1.862      0.330
    13          1  (d)                -51     7     0    24    24   104     0     -1.199      0.351      0.437      1.364      0.330
    14         21  (g)                -51     7     0    18    18   102   104     -1.125     -1.589     -0.633      2.048      0.000
    15         21  (g)                -52    10    10    16    17   103   102      2.256      0.593      2.382      3.333      0.000
    16         21  (g)                -51    15     0    26    26   103   105      0.217     -0.672      1.014      1.235      0.000
    17         21  (g)                -51    15     0    21    21   105   102      1.847      0.994      1.260      2.447      0.000
    18         21  (g)                -52    14    14    19    20   102   104     -0.934     -1.318     -0.525      1.699      0.000
    19         21  (g)                -51    18     0    28    28   107   104     -0.436     -0.506      0.448      0.804      0.000
    20         21  (g)                -51    18     0    30    30   102   107     -0.308     -0.711     -0.844      1.146      0.000
    21         21  (g)                -52    17    17    29    29   105   102      1.658      0.892      1.131      2.196      0.000
    22         11  (e-)               -41    35    35    31     3     0     0     -0.000      0.000      7.000      7.000      0.000
    23        -11  (e+)               -42    36     0     4     4     0     0      0.000     -0.000     -3.971      3.971      0.000
    24          1  (d)                -44    13    13    37    37   104     0     -1.144      0.415      0.489      1.352      0.330
    25         -1  (dbar)             -44    12    12    34    34     0   101      0.058      1.898     -0.024      1.927      0.330
    26         21  (g)                -44    16    16    39    39   103   105      0.285     -0.592      1.056      1.244      0.000
    27         21  (g)                -44    11    11    32    33   101   103      0.096     -1.154     -0.230      1.181      0.000
    28         21  (g)                -44    19    19    41    41   107   104     -0.398     -0.461      0.495      0.785      0.000
    29         21  (g)                -44    21    21    42    42   105   102      1.760      1.010      1.096      2.306      0.000
    30         21  (g)                -44    20    20    43    43   102   107     -0.299     -0.700     -0.785      1.094      0.000
    31         22  (gamma)            -43    22     0    44    44     0     0     -0.358     -0.414      0.933      1.082      0.000
    32         21  (g)                -51    27     0    40    40   108   103     -0.291     -0.760     -0.514      0.963      0.000
    33         21  (g)                -51    27     0    45    45   101   108      0.395     -0.110      0.281      0.497      0.000
    34         -1  (dbar)             -52    25    25    38    38     0   101      0.050      1.614     -0.021      1.648      0.330
    35         11  (e-)               -42    47    47    22    22     0     0      0.000      0.000      7.000      7.000      0.000
    36        -11  (e+)               -41    48    48    46    23     0     0     -0.000     -0.000     -4.000      4.000      0.000
    37          1  (d)                -44    24    24    49    49   104     0     -1.144      0.415      0.489      1.352      0.330
    38         -1  (dbar)             -44    34    34    50    50     0   101      0.049      1.614     -0.022      1.648      0.330
    39         21  (g)                -44    26    26    51    51   103   105      0.285     -0.592      1.056      1.244      0.000
    40         21  (g)                -44    32    32    52    52   108   103     -0.291     -0.761     -0.514      0.963      0.000
    41         21  (g)                -44    28    28    53    53   107   104     -0.398     -0.461      0.495      0.785      0.000
    42         21  (g)                -44    29    29    54    54   105   102      1.759      1.009      1.095      2.305      0.000
    43         21  (g)                -44    30    30    55    55   102   107     -0.299     -0.701     -0.785      1.094      0.000
    44         22  (gamma)            -44    31    31    56    56     0     0     -0.358     -0.414      0.934      1.082      0.000
    45         21  (g)                -44    33    33    57    57   101   108      0.395     -0.110      0.281      0.497      0.000
    46         22  (gamma)            -43    36     0    58    58     0     0      0.002      0.002     -0.029      0.029      0.000
    47         11  (e-)               -61     1     0    35    35     0     0      0.000      0.000      7.000      7.000      0.000
    48        -11  (e+)               -61     2     0    36    36     0     0      0.000      0.000     -4.000      4.000      0.000
    49          1  d                   62    37    37     0     0   104     0     -1.144      0.415      0.489      1.352      0.330
    50         -1  dbar                62    38    38     0     0     0   101      0.049      1.614     -0.022      1.648      0.330
    51         21  g                   62    39    39     0     0   103   105      0.285     -0.592      1.056      1.244      0.000
    52         21  g                   62    40    40     0     0   108   103     -0.291     -0.761     -0.514      0.963      0.000
    53         21  g                   62    41    41     0     0   107   104     -0.398     -0.461      0.495      0.785      0.000
    54         21  g                   62    42    42     0     0   105   102      1.759      1.009      1.095      2.305      0.000
    55         21  g                   62    43    43     0     0   102   107     -0.299     -0.701     -0.785      1.094      0.000
    56         22  gamma               62    44    44     0     0     0     0     -0.358     -0.414      0.934      1.082      0.000
    57         21  g                   62    45    45     0     0   101   108      0.395     -0.110      0.281      0.497      0.000
    58         22  gamma               62    46    46     0     0     0     0      0.002      0.002     -0.029      0.029      0.000
    59         22  gamma               63     1     0     0     0     0     0      0.000      0.000      0.000      0.000      0.000
    60         22  gamma               63     2     0     0     0     0     0      0.000      0.000     -0.000      0.000      0.000
                                   Charge sum:  0.000           Momentum sum:     -0.000     -0.000      3.000     11.000     10.583

 --------  End PYTHIA Event Listing  -----------------------------------------------------------------------------------------------
 PYTHIA Warning in TauDecays::decay: unknown correlated tau production, assuming from unpolarized photon  

 *-------  PYTHIA Event and Cross Section Statistics  -------------------------------------------------------------*
 |                                                                                                                 |
 | Subprocess                                    Code |            Number of events       |      sigma +- delta    |
 |                                                    |       Tried   Selected   Accepted |     (estimated) (mb)   |
 |                                                    |                                   |                        |
 |-----------------------------------------------------------------------------------------------------------------|
 |                                                    |                                   |                        |
 | f fbar -> f' fbar' (s-channel gamma*)          223 |      279465      10000      10000 |   6.013e-06  2.827e-08 |
 |                                                    |                                   |                        |
 | sum                                                |      279465      10000      10000 |   6.013e-06  2.827e-08 |
 |                                                                                                                 |
 *-------  End PYTHIA Event and Cross Section Statistics ----------------------------------------------------------*

 *-------  PYTHIA Error and Warning Messages Statistics  ----------------------------------------------------------* 
 |                                                                                                                 | 
 |  times   message                                                                                                | 
 |                                                                                                                 | 
 |   1517   Warning in TauDecays::decay: unknown correlated tau production, assuming from unpolarized photon       | 
 |                                                                                                                 | 
 *-------  End PYTHIA Error and Warning Messages Statistics  ------------------------------------------------------* 
Gammatau2xmu: 3.528e-14

Gammatau2xe: 0.000e+00

BRtau2xmu: 1.533e-02

BRtau2xe: 0.000e+00

produced tau excluding those daughters are also tau lepton: 3.034e+03
produced X: 3.034e+03
produced X/NMC: 3.034e-01

Proportion of X flying forward (eta>0): 6.196e-01
Proportion of X flying backward (eta<0): 3.804e-01

Total Gamma [GeV]: 6.744e-20
ctau [m]: 2.926e+03

Gammax2tautau: 0.000e+00

Gammax2mumu: 0.000e+00

Gammax2ee: 6.744e-20

Gammax2gmgm: 0.000e+00

BRx2tautau: 0.000e+00

BRx2mumu: 0.000e+00

BRx2ee: 1.000e+00

BRx2gmgm: 0.000e+00

X: insideFidVol: 0.000e+00
observedX: 2.702e-02
visibleX: 2.702e-03

X Observed Fiducial efficiency: 8.905e-06
X Visible Fiducial efficiency: 8.905e-07

reallyProduced tau: 9.200e+10
total number of tau-tau events: 4.600e+10

reallyProducedX: 4.966e+08
reallyobservedX: 4.422e+03
reallyvisibleX: 4.422e+02

