mX:  0.785034
g_TM_Lamb:  0.015
g_EE_Lamb:  0.015
NMC 10000

 *-------  PYTHIA Process Initialization  --------------------------*
 |                                                                  |
 | We collide e- with e+ at a CM energy of 1.058e+01 GeV            |
 |                                                                  |
 |------------------------------------------------------------------|
 |                                                    |             |
 | Subprocess                                    Code |   Estimated |
 |                                                    |    max (mb) |
 |                                                    |             |
 |------------------------------------------------------------------|
 |                                                    |             |
 | f fbar -> f' fbar' (s-channel gamma*)          223 |   1.294e-04 |
 |                                                                  |
 *-------  End PYTHIA Process Initialization -----------------------*

 *-------  PYTHIA Flag + Mode + Parm + Word + FVec + MVec + PVec + WVec Settings (changes only)  ------------------* 
 |                                                                                                                 | 
 | Name                                          |                      Now |      Default         Min         Max | 
 |                                               |                          |                                      | 
 | Beams:eA                                      |                  7.00000 |     7000.000         0.0             | 
 | Beams:eB                                      |                  4.00000 |     7000.000         0.0             | 
 | Beams:frameType                               |                        2 |            1           1           5 | 
 | Beams:idA                                     |                       11 |         2212                         | 
 | Beams:idB                                     |                      -11 |         2212                         | 
 | HadronLevel:Hadronize                         |                      off |           on                         | 
 | Next:numberCount                              |                    10000 |         1000           0             | 
 | PartonLevel:MPI                               |                      off |           on                         | 
 | Random:seed                                   |                        0 |           -1               900000000 | 
 | Random:setSeed                                |                       on |          off                         | 
 | WeakSingleBoson:ffbar2ffbar(s:gm)             |                       on |          off                         | 
 |                                                                                                                 | 
 *-------  End PYTHIA Flag + Mode + Parm + Word + FVec + MVec + PVec + WVec Settings  -----------------------------* 

 --------  PYTHIA Particle Data Table (changed only)  ------------------------------------------------------------------------------
 
      id   name            antiName         spn chg col      m0        mWidth      mMin       mMax       tau0    res dec ext vis wid
             no onMode   bRatio   meMode     products 

      15  tau-             tau+               2  -3   0    1.77682    0.00000    0.00000    0.00000  8.71100e-02   0   1   0   1   0
              0     1   1.0000000  103       36       13 
              1     1   0.0000000  103       36       11 

      36  x                                   1   0   0    0.78503    0.00000    0.00000    0.00000  8.74896e-06   0   1   0   0   0
              0     1   0.0000000  103       15      -15 
              1     1   0.0000000  103       13      -13 
              2     1   1.0000000  103       11      -11 
              3     1   0.0000000  103       22       22 

 --------  End PYTHIA Particle Data Table  -----------------------------------------------------------------------------------------


 --------  PYTHIA Info Listing  ---------------------------------------- 
 
 Beam A: id =     11, pz =  5.292e+00, e =  5.292e+00, m =  5.110e-04.
 Beam B: id =    -11, pz = -5.292e+00, e =  5.292e+00, m =  5.110e-04.

 In 1: id =   11, x =  1.000e+00, pdf =  1.566e+07 at Q2 =  7.528e+01.
 In 2: id =  -11, x =  6.721e-01, pdf =  6.325e-02 at same Q2.

 Subprocess f fbar -> f' fbar' (s-channel gamma*) with code 223 is 2 -> 2.
 It has sHat =  7.528e+01,    tHat = -4.489e+00,    uHat = -7.079e+01,
       pTHat =  2.049e+00,   m3Hat =  3.300e-01,   m4Hat =  3.300e-01,
    thetaHat =  4.934e-01,  phiHat =  4.750e+00.
     alphaEM =  7.615e-03,  alphaS =  2.074e-01    at Q2 =  7.528e+01.

 Impact parameter b =  0.000e+00 gives enhancement factor =  1.000e+00.
 Max pT scale for MPI =  1.058e+01, ISR =  8.676e+00, FSR =  8.676e+00.
 Number of MPI =     1, ISR =     1, FSRproc =     2, FSRreson =     0.

 --------  End PYTHIA Info Listing  ------------------------------------

 --------  PYTHIA Event Listing  (hard process)  -----------------------------------------------------------------------------------
 
    no         id  name            status     mothers   daughters     colours      p_x        p_y        p_z         e          m 
     0         90  (system)           -11     0     0     0     0     0     0      0.000      0.000      3.000     11.000     10.583
     1         11  (e-)               -12     0     0     3     0     0     0      0.000      0.000      7.000      7.000      0.001
     2        -11  (e+)               -12     0     0     4     0     0     0      0.000      0.000     -4.000      4.000      0.001
     3         11  (e-)               -21     1     0     5     6     0     0      0.000      0.000      7.000      7.000      0.000
     4        -11  (e+)               -21     2     0     5     6     0     0      0.000      0.000     -2.688      2.688      0.000
     5          1  d                   23     3     4     0     0   101     0      0.078     -2.047      6.410      6.737      0.330
     6         -1  dbar                23     3     4     0     0     0   101     -0.078      2.047     -2.098      2.951      0.330
                                   Charge sum:  0.000           Momentum sum:      0.000      0.000      4.312      9.688      8.676

 --------  End PYTHIA Event Listing  -----------------------------------------------------------------------------------------------

 --------  PYTHIA Event Listing  (complete event)  ---------------------------------------------------------------------------------
 
    no         id  name            status     mothers   daughters     colours      p_x        p_y        p_z         e          m 
     0         90  (system)           -11     0     0     0     0     0     0      0.000      0.000      3.000     11.000     10.583
     1         11  (e-)               -12     0     0    20     0     0     0      0.000      0.000      7.000      7.000      0.001
     2        -11  (e+)               -12     0     0    21     0     0     0      0.000      0.000     -4.000      4.000      0.001
     3         11  (e-)               -21    13    13     5     6     0     0      0.000      0.000      7.000      7.000      0.000
     4        -11  (e+)               -21    14     0     5     6     0     0      0.000      0.000     -2.688      2.688      0.000
     5          1  (d)                -23     3     4     7     8   101     0      0.078     -2.047      6.410      6.737      0.330
     6         -1  (dbar)             -23     3     4     9     9     0   101     -0.078      2.047     -2.098      2.951      0.330
     7          1  (d)                -51     5     0    15    15   102     0      0.412     -0.717      5.795      5.863      0.330
     8         21  (g)                -51     5     0    10    11   101   102     -0.343     -1.097      0.374      1.208      0.000
     9         -1  (dbar)             -52     6     6    12    12     0   101     -0.069      1.813     -1.857      2.617      0.330
    10         21  (g)                -51     8     0    17    17   103   102      0.256     -0.515      0.745      0.941      0.000
    11         21  (g)                -51     8     0    18    18   101   103     -0.622      0.120     -1.083      1.254      0.000
    12         -1  (dbar)             -52     9     9    16    16     0   101     -0.046      1.112     -1.145      1.631      0.330
    13         11  (e-)               -42    20    20     3     3     0     0      0.000     -0.000      7.000      7.000      0.000
    14        -11  (e+)               -41    21    21    19     4     0     0     -0.000      0.000     -4.000      4.000      0.000
    15          1  (d)                -44     7     7    22    22   102     0      0.411     -0.715      5.778      5.846      0.330
    16         -1  (dbar)             -44    12    12    23    23     0   101     -0.063      1.159     -1.126      1.651      0.330
    17         21  (g)                -44    10    10    24    24   103   102      0.254     -0.511      0.734      0.930      0.000
    18         21  (g)                -44    11    11    25    25   101   103     -0.636      0.160     -1.077      1.261      0.000
    19         22  (gamma)            -43    14     0    26    26     0     0      0.033     -0.092     -1.309      1.312      0.000
    20         11  (e-)               -61     1     0    13    13     0     0      0.000     -0.000      7.000      7.000      0.000
    21        -11  (e+)               -61     2     0    14    14     0     0     -0.000      0.000     -4.000      4.000      0.000
    22          1  d                   62    15    15     0     0   102     0      0.411     -0.715      5.778      5.846      0.330
    23         -1  dbar                62    16    16     0     0     0   101     -0.063      1.159     -1.126      1.651      0.330
    24         21  g                   62    17    17     0     0   103   102      0.254     -0.511      0.734      0.930      0.000
    25         21  g                   62    18    18     0     0   101   103     -0.636      0.160     -1.077      1.261      0.000
    26         22  gamma               62    19    19     0     0     0     0      0.033     -0.092     -1.309      1.312      0.000
    27         22  gamma               63     1     0     0     0     0     0      0.000      0.000      0.000      0.000      0.000
    28         22  gamma               63     2     0     0     0     0     0      0.000      0.000     -0.000      0.000      0.000
                                   Charge sum:  0.000           Momentum sum:     -0.000     -0.000      3.000     11.000     10.583

 --------  End PYTHIA Event Listing  -----------------------------------------------------------------------------------------------
 PYTHIA Warning in TauDecays::decay: unknown correlated tau production, assuming from unpolarized photon  
 PYTHIA Warning in PhaseSpace2to2tauyz::trialKin: maximum for cross section violated  

 *-------  PYTHIA Event and Cross Section Statistics  -------------------------------------------------------------*
 |                                                                                                                 |
 | Subprocess                                    Code |            Number of events       |      sigma +- delta    |
 |                                                    |       Tried   Selected   Accepted |     (estimated) (mb)   |
 |                                                    |                                   |                        |
 |-----------------------------------------------------------------------------------------------------------------|
 |                                                    |                                   |                        |
 | f fbar -> f' fbar' (s-channel gamma*)          223 |      214249      10000      10000 |   6.020e-06  3.154e-08 |
 |                                                    |                                   |                        |
 | sum                                                |      214249      10000      10000 |   6.020e-06  3.154e-08 |
 |                                                                                                                 |
 *-------  End PYTHIA Event and Cross Section Statistics ----------------------------------------------------------*

 *-------  PYTHIA Error and Warning Messages Statistics  ----------------------------------------------------------* 
 |                                                                                                                 | 
 |  times   message                                                                                                | 
 |                                                                                                                 | 
 |    149   Warning in PhaseSpace2to2tauyz::trialKin: maximum for cross section violated                           | 
 |   1498   Warning in TauDecays::decay: unknown correlated tau production, assuming from unpolarized photon       | 
 |                                                                                                                 | 
 *-------  End PYTHIA Error and Warning Messages Statistics  ------------------------------------------------------* 
Gammatau2xmu: 3.201e-05

Gammatau2xe: 0.000e+00

BRtau2xmu: 1.000e+00

BRtau2xe: 0.000e+00

produced tau excluding those daughters are also tau lepton: 2.996e+03
produced X: 2.996e+03
produced X/NMC: 2.996e-01

Proportion of X flying forward (eta>0): 6.258e-01
Proportion of X flying backward (eta<0): 3.742e-01

Total Gamma [GeV]: 2.255e-08
ctau [m]: 8.749e-09

Gammax2tautau: 0.000e+00

Gammax2mumu: 0.000e+00

Gammax2ee: 2.255e-08

Gammax2gmgm: 0.000e+00

BRx2tautau: 0.000e+00

BRx2mumu: 0.000e+00

BRx2ee: 1.000e+00

BRx2gmgm: 0.000e+00

X: insideFidVol: 0.000e+00
observedX: 0.000e+00
visibleX: 0.000e+00

X Observed Fiducial efficiency: 0.000e+00
X Visible Fiducial efficiency: 0.000e+00

reallyProduced tau: 9.200e+10
total number of tau-tau events: 4.600e+10

reallyProducedX: 3.239e+10
reallyobservedX: 0.000e+00
reallyvisibleX: 0.000e+00

