mX:  0.007239
g_TM_Lamb:  3e-05
g_EE_Lamb:  3e-05
NMC 10000

 *-------  PYTHIA Process Initialization  --------------------------*
 |                                                                  |
 | We collide e- with e+ at a CM energy of 1.058e+01 GeV            |
 |                                                                  |
 |------------------------------------------------------------------|
 |                                                    |             |
 | Subprocess                                    Code |   Estimated |
 |                                                    |    max (mb) |
 |                                                    |             |
 |------------------------------------------------------------------|
 |                                                    |             |
 | f fbar -> f' fbar' (s-channel gamma*)          223 |   1.646e-04 |
 |                                                                  |
 *-------  End PYTHIA Process Initialization -----------------------*

 *-------  PYTHIA Flag + Mode + Parm + Word + FVec + MVec + PVec + WVec Settings (changes only)  ------------------* 
 |                                                                                                                 | 
 | Name                                          |                      Now |      Default         Min         Max | 
 |                                               |                          |                                      | 
 | Beams:eA                                      |                  7.00000 |     7000.000         0.0             | 
 | Beams:eB                                      |                  4.00000 |     7000.000         0.0             | 
 | Beams:frameType                               |                        2 |            1           1           5 | 
 | Beams:idA                                     |                       11 |         2212                         | 
 | Beams:idB                                     |                      -11 |         2212                         | 
 | HadronLevel:Hadronize                         |                      off |           on                         | 
 | Next:numberCount                              |                    10000 |         1000           0             | 
 | PartonLevel:MPI                               |                      off |           on                         | 
 | Random:seed                                   |                        0 |           -1               900000000 | 
 | Random:setSeed                                |                       on |          off                         | 
 | WeakSingleBoson:ffbar2ffbar(s:gm)             |                       on |          off                         | 
 |                                                                                                                 | 
 *-------  End PYTHIA Flag + Mode + Parm + Word + FVec + MVec + PVec + WVec Settings  -----------------------------* 

 --------  PYTHIA Particle Data Table (changed only)  ------------------------------------------------------------------------------
 
      id   name            antiName         spn chg col      m0        mWidth      mMin       mMax       tau0    res dec ext vis wid
             no onMode   bRatio   meMode     products 

      15  tau-             tau+               2  -3   0    1.77682    0.00000    0.00000    0.00000  8.71100e-02   0   1   0   1   0
              0     1   0.9887290  103       36       13 
              1     1   0.0000000  103       36       11 

      36  x                                   1   0   0  7.239e-03  0.000e+00  0.000e+00  0.000e+00  2.59829e+04   0   1   0   0   0
              0     1   0.0000000  103       15      -15 
              1     1   0.0000000  103       13      -13 
              2     1   1.0000000  103       11      -11 
              3     1   0.0000000  103       22       22 

 --------  End PYTHIA Particle Data Table  -----------------------------------------------------------------------------------------


 --------  PYTHIA Info Listing  ---------------------------------------- 
 
 Beam A: id =     11, pz =  5.292e+00, e =  5.292e+00, m =  5.110e-04.
 Beam B: id =    -11, pz = -5.292e+00, e =  5.292e+00, m =  5.110e-04.

 In 1: id =   11, x =  1.000e+00, pdf =  3.384e+04 at Q2 =  1.120e+02.
 In 2: id =  -11, x =  1.000e+00, pdf =  1.066e+06 at same Q2.

 Subprocess f fbar -> f' fbar' (s-channel gamma*) with code 223 is 2 -> 2.
 It has sHat =  1.120e+02,    tHat = -5.535e+01,    uHat = -5.665e+01,
       pTHat =  5.281e+00,   m3Hat =  3.300e-01,   m4Hat =  3.300e-01,
    thetaHat =  1.559e+00,  phiHat =  9.784e-01.
     alphaEM =  7.631e-03,  alphaS =  1.975e-01    at Q2 =  1.120e+02.

 Impact parameter b =  0.000e+00 gives enhancement factor =  1.000e+00.
 Max pT scale for MPI =  1.058e+01, ISR =  1.058e+01, FSR =  1.058e+01.
 Number of MPI =     1, ISR =     0, FSRproc =     4, FSRreson =     0.

 --------  End PYTHIA Info Listing  ------------------------------------

 --------  PYTHIA Event Listing  (hard process)  -----------------------------------------------------------------------------------
 
    no         id  name            status     mothers   daughters     colours      p_x        p_y        p_z         e          m 
     0         90  (system)           -11     0     0     0     0     0     0      0.000      0.000      3.000     11.000     10.583
     1         11  (e-)               -12     0     0     3     0     0     0      0.000      0.000      7.000      7.000      0.001
     2        -11  (e+)               -12     0     0     4     0     0     0      0.000      0.000     -4.000      4.000      0.001
     3         11  (e-)               -21     1     0     5     6     0     0      0.000      0.000      7.000      7.000      0.000
     4        -11  (e+)               -21     2     0     5     6     0     0      0.000      0.000     -4.000      4.000      0.000
     5          2  u                   23     3     4     0     0   101     0      2.949      4.381      1.563      5.517      0.330
     6         -2  ubar                23     3     4     0     0     0   101     -2.949     -4.381      1.437      5.483      0.330
                                   Charge sum:  0.000           Momentum sum:      0.000      0.000      3.000     11.000     10.583

 --------  End PYTHIA Event Listing  -----------------------------------------------------------------------------------------------

 --------  PYTHIA Event Listing  (complete event)  ---------------------------------------------------------------------------------
 
    no         id  name            status     mothers   daughters     colours      p_x        p_y        p_z         e          m 
     0         90  (system)           -11     0     0     0     0     0     0      0.000      0.000      3.000     11.000     10.583
     1         11  (e-)               -12     0     0    19     0     0     0      0.000      0.000      7.000      7.000      0.001
     2        -11  (e+)               -12     0     0    20     0     0     0      0.000      0.000     -4.000      4.000      0.001
     3         11  (e-)               -21    19    19     5     6     0     0      0.000      0.000      7.000      7.000      0.000
     4        -11  (e+)               -21    20    20     5     6     0     0      0.000      0.000     -4.000      4.000      0.000
     5          2  (u)                -23     3     4     9     9   101     0      2.949      4.381      1.563      5.517      0.330
     6         -2  (ubar)             -23     3     4     7     8     0   101     -2.949     -4.381      1.437      5.483      0.330
     7         -2  (ubar)             -51     6     0    12    12     0   103     -1.475      0.461      2.307      2.797      0.330
     8         21  (g)                -51     6     0    10    11   103   101     -0.795     -3.835     -0.513      3.950      0.000
     9          2  (u)                -52     5     5    13    14   101     0      2.270      3.373      1.205      4.254      0.330
    10         21  (g)                -51     8     0    15    15   104   101     -0.098     -3.280     -0.608      3.337      0.000
    11         21  (g)                -51     8     0    24    24   103   104     -1.147     -0.401      0.804      1.457      0.000
    12         -2  (ubar)             -52     7     7    22    22     0   103     -1.025      0.308      1.598      1.952      0.330
    13          2  (u)                -51     9     0    16    17   105     0      2.017      1.174      1.090      2.596      0.330
    14         21  (g)                -51     9     0    18    18   101   105      0.246      1.922      0.064      1.939      0.000
    15         21  (g)                -52    10    10    23    23   104   101     -0.090     -3.003     -0.556      3.056      0.000
    16          2  (u)                -51    13     0    21    21   106     0      2.051      1.901      1.200      3.061      0.330
    17         21  (g)                -51    13     0    26    26   105   106      0.043     -0.115     -0.089      0.152      0.000
    18         21  (g)                -52    14    14    25    25   101   105      0.167      1.311      0.044      1.322      0.000
    19         11  (e-)               -61     1     0     3     3     0     0      0.000      0.000      7.000      7.000      0.000
    20        -11  (e+)               -61     2     0     4     4     0     0      0.000      0.000     -4.000      4.000      0.000
    21          2  u                   62    16    16     0     0   106     0      2.051      1.901      1.200      3.061      0.330
    22         -2  ubar                62    12    12     0     0     0   103     -1.025      0.308      1.598      1.952      0.330
    23         21  g                   62    15    15     0     0   104   101     -0.090     -3.003     -0.556      3.056      0.000
    24         21  g                   62    11    11     0     0   103   104     -1.147     -0.401      0.804      1.457      0.000
    25         21  g                   62    18    18     0     0   101   105      0.167      1.311      0.044      1.322      0.000
    26         21  g                   62    17    17     0     0   105   106      0.043     -0.115     -0.089      0.152      0.000
    27         22  gamma               63     1     0     0     0     0     0      0.000      0.000      0.000      0.000      0.000
    28         22  gamma               63     2     0     0     0     0     0      0.000      0.000     -0.000      0.000      0.000
                                   Charge sum:  0.000           Momentum sum:      0.000      0.000      3.000     11.000     10.583

 --------  End PYTHIA Event Listing  -----------------------------------------------------------------------------------------------
 PYTHIA Warning in TauDecays::decay: unknown correlated tau production, assuming from unpolarized photon  

 *-------  PYTHIA Event and Cross Section Statistics  -------------------------------------------------------------*
 |                                                                                                                 |
 | Subprocess                                    Code |            Number of events       |      sigma +- delta    |
 |                                                    |       Tried   Selected   Accepted |     (estimated) (mb)   |
 |                                                    |                                   |                        |
 |-----------------------------------------------------------------------------------------------------------------|
 |                                                    |                                   |                        |
 | f fbar -> f' fbar' (s-channel gamma*)          223 |      271804      10000      10000 |   5.970e-06  2.845e-08 |
 |                                                    |                                   |                        |
 | sum                                                |      271804      10000      10000 |   5.970e-06  2.845e-08 |
 |                                                                                                                 |
 *-------  End PYTHIA Event and Cross Section Statistics ----------------------------------------------------------*

 *-------  PYTHIA Error and Warning Messages Statistics  ----------------------------------------------------------* 
 |                                                                                                                 | 
 |  times   message                                                                                                | 
 |                                                                                                                 | 
 |   1471   Warning in TauDecays::decay: unknown correlated tau production, assuming from unpolarized photon       | 
 |                                                                                                                 | 
 *-------  End PYTHIA Error and Warning Messages Statistics  ------------------------------------------------------* 
Gammatau2xmu: 1.988e-10

Gammatau2xe: 0.000e+00

BRtau2xmu: 9.887e-01

BRtau2xe: 0.000e+00

produced tau excluding those daughters are also tau lepton: 2.942e+03
produced X: 2.942e+03
produced X/NMC: 2.942e-01

Proportion of X flying forward (eta>0): 6.261e-01
Proportion of X flying backward (eta<0): 3.739e-01

Total Gamma [GeV]: 7.594e-18
ctau [m]: 2.598e+01

Gammax2tautau: 0.000e+00

Gammax2mumu: 0.000e+00

Gammax2ee: 7.594e-18

Gammax2gmgm: 0.000e+00

BRx2tautau: 0.000e+00

BRx2mumu: 0.000e+00

BRx2ee: 1.000e+00

BRx2gmgm: 0.000e+00

X: insideFidVol: 1.000e+00
observedX: 4.381e-01
visibleX: 4.381e-02

X Observed Fiducial efficiency: 1.489e-04
X Visible Fiducial efficiency: 1.489e-05

reallyProduced tau: 9.200e+10
total number of tau-tau events: 4.600e+10

reallyProducedX: 3.203e+10
reallyobservedX: 4.769e+06
reallyvisibleX: 4.769e+05

