mX:  0.302552
g_TM_Lamb:  1e-08
g_EE_Lamb:  1e-08
NMC 10000

 *-------  PYTHIA Process Initialization  --------------------------*
 |                                                                  |
 | We collide e- with e+ at a CM energy of 1.058e+01 GeV            |
 |                                                                  |
 |------------------------------------------------------------------|
 |                                                    |             |
 | Subprocess                                    Code |   Estimated |
 |                                                    |    max (mb) |
 |                                                    |             |
 |------------------------------------------------------------------|
 |                                                    |             |
 | f fbar -> f' fbar' (s-channel gamma*)          223 |   1.299e-04 |
 |                                                                  |
 *-------  End PYTHIA Process Initialization -----------------------*

 *-------  PYTHIA Flag + Mode + Parm + Word + FVec + MVec + PVec + WVec Settings (changes only)  ------------------* 
 |                                                                                                                 | 
 | Name                                          |                      Now |      Default         Min         Max | 
 |                                               |                          |                                      | 
 | Beams:eA                                      |                  7.00000 |     7000.000         0.0             | 
 | Beams:eB                                      |                  4.00000 |     7000.000         0.0             | 
 | Beams:frameType                               |                        2 |            1           1           5 | 
 | Beams:idA                                     |                       11 |         2212                         | 
 | Beams:idB                                     |                      -11 |         2212                         | 
 | HadronLevel:Hadronize                         |                      off |           on                         | 
 | Next:numberCount                              |                    10000 |         1000           0             | 
 | PartonLevel:MPI                               |                      off |           on                         | 
 | Random:seed                                   |                        0 |           -1               900000000 | 
 | Random:setSeed                                |                       on |          off                         | 
 | WeakSingleBoson:ffbar2ffbar(s:gm)             |                       on |          off                         | 
 |                                                                                                                 | 
 *-------  End PYTHIA Flag + Mode + Parm + Word + FVec + MVec + PVec + WVec Settings  -----------------------------* 

 --------  PYTHIA Particle Data Table (changed only)  ------------------------------------------------------------------------------
 
      id   name            antiName         spn chg col      m0        mWidth      mMin       mMax       tau0    res dec ext vis wid
             no onMode   bRatio   meMode     products 

      15  tau-             tau+               2  -3   0    1.77682    0.00000    0.00000    0.00000  8.71100e-02   0   1   0   1   0
              0     1   0.0000092  103       36       13 
              1     1   0.0000000  103       36       11 

      36  x                                   1   0   0    0.30255    0.00000    0.00000    0.00000  1.32532e+08   0   1   0   0   0
              0     1   0.0000000  103       15      -15 
              1     1   0.0000000  103       13      -13 
              2     1   1.0000000  103       11      -11 
              3     1   0.0000000  103       22       22 

 --------  End PYTHIA Particle Data Table  -----------------------------------------------------------------------------------------


 --------  PYTHIA Info Listing  ---------------------------------------- 
 
 Beam A: id =     11, pz =  5.292e+00, e =  5.292e+00, m =  5.110e-04.
 Beam B: id =    -11, pz = -5.292e+00, e =  5.292e+00, m =  5.110e-04.

 In 1: id =   11, x =  1.000e+00, pdf =  1.883e+04 at Q2 =  1.120e+02.
 In 2: id =  -11, x =  9.996e-01, pdf =  7.543e+01 at same Q2.

 Subprocess f fbar -> f' fbar' (s-channel gamma*) with code 223 is 2 -> 2.
 It has sHat =  1.120e+02,    tHat = -1.002e+02,    uHat = -1.179e+01,
       pTHat =  3.115e+00,   m3Hat =  1.500e+00,   m4Hat =  1.500e+00,
    thetaHat =  2.480e+00,  phiHat =  4.904e+00.
     alphaEM =  7.631e-03,  alphaS =  1.975e-01    at Q2 =  1.120e+02.

 Impact parameter b =  0.000e+00 gives enhancement factor =  1.000e+00.
 Max pT scale for MPI =  1.058e+01, ISR =  1.058e+01, FSR =  1.058e+01.
 Number of MPI =     1, ISR =     1, FSRproc =     4, FSRreson =     0.

 --------  End PYTHIA Info Listing  ------------------------------------

 --------  PYTHIA Event Listing  (hard process)  -----------------------------------------------------------------------------------
 
    no         id  name            status     mothers   daughters     colours      p_x        p_y        p_z         e          m 
     0         90  (system)           -11     0     0     0     0     0     0      0.000      0.000      3.000     11.000     10.583
     1         11  (e-)               -12     0     0     3     0     0     0      0.000      0.000      7.000      7.000      0.001
     2        -11  (e+)               -12     0     0     4     0     0     0      0.000      0.000     -4.000      4.000      0.001
     3         11  (e-)               -21     1     0     5     6     0     0      0.000      0.000      7.000      7.000      0.000
     4        -11  (e+)               -21     2     0     5     6     0     0      0.000      0.000     -3.998      3.998      0.000
     5          4  c                   23     3     4     0     0   101     0      0.594     -3.058     -2.662      4.363      1.500
     6         -4  cbar                23     3     4     0     0     0   101     -0.594      3.058      5.663      6.635      1.500
                                   Charge sum:  0.000           Momentum sum:      0.000      0.000      3.002     10.998     10.581

 --------  End PYTHIA Event Listing  -----------------------------------------------------------------------------------------------

 --------  PYTHIA Event Listing  (complete event)  ---------------------------------------------------------------------------------
 
    no         id  name            status     mothers   daughters     colours      p_x        p_y        p_z         e          m 
     0         90  (system)           -11     0     0     0     0     0     0      0.000      0.000      3.000     11.000     10.583
     1         11  (e-)               -12     0     0    28     0     0     0      0.000      0.000      7.000      7.000      0.001
     2        -11  (e+)               -12     0     0    29     0     0     0      0.000      0.000     -4.000      4.000      0.001
     3         11  (e-)               -21    19    19     5     6     0     0      0.000      0.000      7.000      7.000      0.000
     4        -11  (e+)               -21    20     0     5     6     0     0      0.000      0.000     -3.998      3.998      0.000
     5          4  (c)                -23     3     4     9     9   101     0      0.594     -3.058     -2.662      4.363      1.500
     6         -4  (cbar)             -23     3     4     7     8     0   101     -0.594      3.058      5.663      6.635      1.500
     7         -4  (cbar)             -51     6     0    15    15     0   102     -2.620      1.152      4.476      5.520      1.500
     8         21  (g)                -51     6     0    12    12   102   101      2.226      0.875      0.240      2.404      0.000
     9          4  (c)                -52     5     5    10    11   101     0      0.394     -2.027     -1.714      3.074      1.500
    10          4  (c)                -51     9     0    21    21   103     0      1.142     -0.375     -0.925      2.133      1.500
    11         21  (g)                -51     9     0    18    18   101   103     -0.143     -1.414     -0.724      1.595      0.000
    12         21  (g)                -52     8     8    13    14   102   101      1.621      0.637      0.175      1.750      0.000
    13         21  (g)                -51    12     0    16    17   104   101      1.441      0.928      0.082      1.715      0.000
    14         21  (g)                -51    12     0    25    25   102   104     -0.338     -0.111      0.874      0.943      0.000
    15         -4  (cbar)             -52     7     7    22    22     0   102     -2.102      0.972      3.695      4.612      1.500
    16         21  (g)                -51    13     0    23    23   104   105      0.455     -0.347      0.429      0.715      0.000
    17         21  (g)                -51    13     0    26    26   105   101      0.949      0.905     -0.537      1.417      0.000
    18         21  (g)                -52    11    11    24    24   101   103     -0.105     -1.044     -0.535      1.178      0.000
    19         11  (e-)               -42    28    28     3     3     0     0      0.000     -0.000      7.000      7.000      0.000
    20        -11  (e+)               -41    29    29    27     4     0     0     -0.000      0.000     -4.000      4.000      0.000
    21          4  (c)                -44    10    10    30    30   103     0      1.142     -0.376     -0.925      2.133      1.500
    22         -4  (cbar)             -44    15    15    31    31     0   102     -2.102      0.972      3.694      4.610      1.500
    23         21  (g)                -44    16    16    32    32   104   105      0.455     -0.347      0.429      0.715      0.000
    24         21  (g)                -44    18    18    33    33   101   103     -0.105     -1.045     -0.535      1.178      0.000
    25         21  (g)                -44    14    14    34    34   102   104     -0.338     -0.111      0.874      0.943      0.000
    26         21  (g)                -44    17    17    35    35   105   101      0.949      0.905     -0.537      1.417      0.000
    27         22  (gamma)            -43    20     0    36    36     0     0     -0.001      0.002      0.000      0.002      0.000
    28         11  (e-)               -61     1     0    19    19     0     0     -0.000     -0.000      7.000      7.000      0.000
    29        -11  (e+)               -61     2     0    20    20     0     0      0.000      0.000     -4.000      4.000      0.000
    30          4  c                   62    21    21     0     0   103     0      1.142     -0.376     -0.925      2.133      1.500
    31         -4  cbar                62    22    22     0     0     0   102     -2.102      0.972      3.694      4.610      1.500
    32         21  g                   62    23    23     0     0   104   105      0.455     -0.347      0.429      0.715      0.000
    33         21  g                   62    24    24     0     0   101   103     -0.105     -1.045     -0.535      1.178      0.000
    34         21  g                   62    25    25     0     0   102   104     -0.338     -0.111      0.874      0.943      0.000
    35         21  g                   62    26    26     0     0   105   101      0.949      0.905     -0.537      1.417      0.000
    36         22  gamma               62    27    27     0     0     0     0     -0.001      0.002      0.000      0.002      0.000
    37         22  gamma               63     1     0     0     0     0     0      0.000      0.000      0.000      0.000      0.000
    38         22  gamma               63     2     0     0     0     0     0      0.000      0.000     -0.000      0.000      0.000
                                   Charge sum:  0.000           Momentum sum:     -0.000      0.000      3.000     11.000     10.583

 --------  End PYTHIA Event Listing  -----------------------------------------------------------------------------------------------
 PYTHIA Warning in PhaseSpace2to2tauyz::trialKin: maximum for cross section violated  
 PYTHIA Warning in TauDecays::decay: unknown correlated tau production, assuming from unpolarized photon  

 *-------  PYTHIA Event and Cross Section Statistics  -------------------------------------------------------------*
 |                                                                                                                 |
 | Subprocess                                    Code |            Number of events       |      sigma +- delta    |
 |                                                    |       Tried   Selected   Accepted |     (estimated) (mb)   |
 |                                                    |                                   |                        |
 |-----------------------------------------------------------------------------------------------------------------|
 |                                                    |                                   |                        |
 | f fbar -> f' fbar' (s-channel gamma*)          223 |      216049      10000      10000 |   6.000e-06  3.156e-08 |
 |                                                    |                                   |                        |
 | sum                                                |      216049      10000      10000 |   6.000e-06  3.156e-08 |
 |                                                                                                                 |
 *-------  End PYTHIA Event and Cross Section Statistics ----------------------------------------------------------*

 *-------  PYTHIA Error and Warning Messages Statistics  ----------------------------------------------------------* 
 |                                                                                                                 | 
 |  times   message                                                                                                | 
 |                                                                                                                 | 
 |    220   Warning in PhaseSpace2to2tauyz::trialKin: maximum for cross section violated                           | 
 |   1484   Warning in TauDecays::decay: unknown correlated tau production, assuming from unpolarized photon       | 
 |                                                                                                                 | 
 *-------  End PYTHIA Error and Warning Messages Statistics  ------------------------------------------------------* 
Gammatau2xmu: 2.081e-17

Gammatau2xe: 0.000e+00

BRtau2xmu: 9.184e-06

BRtau2xe: 0.000e+00

produced tau excluding those daughters are also tau lepton: 2.968e+03
produced X: 2.968e+03
produced X/NMC: 2.968e-01

Proportion of X flying forward (eta>0): 6.162e-01
Proportion of X flying backward (eta<0): 3.838e-01

Total Gamma [GeV]: 1.489e-21
ctau [m]: 1.325e+05

Gammax2tautau: 0.000e+00

Gammax2mumu: 0.000e+00

Gammax2ee: 1.489e-21

Gammax2gmgm: 0.000e+00

BRx2tautau: 0.000e+00

BRx2mumu: 0.000e+00

BRx2ee: 1.000e+00

BRx2gmgm: 0.000e+00

X: insideFidVol: 0.000e+00
observedX: 3.735e-03
visibleX: 3.735e-04

X Observed Fiducial efficiency: 1.259e-06
X Visible Fiducial efficiency: 1.259e-07

reallyProduced tau: 9.200e+10
total number of tau-tau events: 4.600e+10

reallyProducedX: 2.975e+05
reallyobservedX: 3.744e-01
reallyvisibleX: 3.744e-02

