mX:  1.02628
g_TM_Lamb:  1e-07
g_EE_Lamb:  1e-07
NMC 10000

 *-------  PYTHIA Process Initialization  --------------------------*
 |                                                                  |
 | We collide e- with e+ at a CM energy of 1.058e+01 GeV            |
 |                                                                  |
 |------------------------------------------------------------------|
 |                                                    |             |
 | Subprocess                                    Code |   Estimated |
 |                                                    |    max (mb) |
 |                                                    |             |
 |------------------------------------------------------------------|
 |                                                    |             |
 | f fbar -> f' fbar' (s-channel gamma*)          223 |   1.584e-04 |
 |                                                                  |
 *-------  End PYTHIA Process Initialization -----------------------*

 *-------  PYTHIA Flag + Mode + Parm + Word + FVec + MVec + PVec + WVec Settings (changes only)  ------------------* 
 |                                                                                                                 | 
 | Name                                          |                      Now |      Default         Min         Max | 
 |                                               |                          |                                      | 
 | Beams:eA                                      |                  7.00000 |     7000.000         0.0             | 
 | Beams:eB                                      |                  4.00000 |     7000.000         0.0             | 
 | Beams:frameType                               |                        2 |            1           1           5 | 
 | Beams:idA                                     |                       11 |         2212                         | 
 | Beams:idB                                     |                      -11 |         2212                         | 
 | HadronLevel:Hadronize                         |                      off |           on                         | 
 | Next:numberCount                              |                    10000 |         1000           0             | 
 | PartonLevel:MPI                               |                      off |           on                         | 
 | Random:seed                                   |                        0 |           -1               900000000 | 
 | Random:setSeed                                |                       on |          off                         | 
 | WeakSingleBoson:ffbar2ffbar(s:gm)             |                       on |          off                         | 
 |                                                                                                                 | 
 *-------  End PYTHIA Flag + Mode + Parm + Word + FVec + MVec + PVec + WVec Settings  -----------------------------* 

 --------  PYTHIA Particle Data Table (changed only)  ------------------------------------------------------------------------------
 
      id   name            antiName         spn chg col      m0        mWidth      mMin       mMax       tau0    res dec ext vis wid
             no onMode   bRatio   meMode     products 

      15  tau-             tau+               2  -3   0    1.77682    0.00000    0.00000    0.00000  8.71100e-02   0   1   0   1   0
              0     1   0.0004273  103       36       13 
              1     1   0.0000000  103       36       11 

      36  x                                   1   0   0    1.02628    0.00000    0.00000    0.00000  1.15183e+05   0   1   0   0   0
              0     1   0.0000000  103       15      -15 
              1     1   0.0000000  103       13      -13 
              2     1   1.0000000  103       11      -11 
              3     1   0.0000000  103       22       22 

 --------  End PYTHIA Particle Data Table  -----------------------------------------------------------------------------------------


 --------  PYTHIA Info Listing  ---------------------------------------- 
 
 Beam A: id =     11, pz =  5.292e+00, e =  5.292e+00, m =  5.110e-04.
 Beam B: id =    -11, pz = -5.292e+00, e =  5.292e+00, m =  5.110e-04.

 In 1: id =   11, x =  9.995e-01, pdf =  6.123e+01 at Q2 =  1.119e+02.
 In 2: id =  -11, x =  1.000e+00, pdf =  1.026e+08 at same Q2.

 Subprocess f fbar -> f' fbar' (s-channel gamma*) with code 223 is 2 -> 2.
 It has sHat =  1.119e+02,    tHat = -3.337e+01,    uHat = -7.857e+01,
       pTHat =  4.830e+00,   m3Hat =  3.300e-01,   m4Hat =  3.300e-01,
    thetaHat =  1.155e+00,  phiHat =  2.400e-01.
     alphaEM =  7.631e-03,  alphaS =  1.975e-01    at Q2 =  1.119e+02.

 Impact parameter b =  0.000e+00 gives enhancement factor =  1.000e+00.
 Max pT scale for MPI =  1.058e+01, ISR =  1.058e+01, FSR =  1.058e+01.
 Number of MPI =     1, ISR =     1, FSRproc =     3, FSRreson =     0.

 --------  End PYTHIA Info Listing  ------------------------------------

 --------  PYTHIA Event Listing  (hard process)  -----------------------------------------------------------------------------------
 
    no         id  name            status     mothers   daughters     colours      p_x        p_y        p_z         e          m 
     0         90  (system)           -11     0     0     0     0     0     0      0.000      0.000      3.000     11.000     10.583
     1         11  (e-)               -12     0     0     3     0     0     0      0.000      0.000      7.000      7.000      0.001
     2        -11  (e+)               -12     0     0     4     0     0     0      0.000      0.000     -4.000      4.000      0.001
     3         11  (e-)               -21     1     0     5     6     0     0      0.000      0.000      6.996      6.996      0.000
     4        -11  (e+)               -21     2     0     5     6     0     0      0.000      0.000     -4.000      4.000      0.000
     5          2  u                   23     3     4     0     0   101     0      4.692      1.148      3.714      6.102      0.330
     6         -2  ubar                23     3     4     0     0     0   101     -4.692     -1.148     -0.718      4.894      0.330
                                   Charge sum:  0.000           Momentum sum:      0.000      0.000      2.996     10.996     10.580

 --------  End PYTHIA Event Listing  -----------------------------------------------------------------------------------------------

 --------  PYTHIA Event Listing  (complete event)  ---------------------------------------------------------------------------------
 
    no         id  name            status     mothers   daughters     colours      p_x        p_y        p_z         e          m 
     0         90  (system)           -11     0     0     0     0     0     0      0.000      0.000      3.000     11.000     10.583
     1         11  (e-)               -12     0     0    24     0     0     0      0.000      0.000      7.000      7.000      0.001
     2        -11  (e+)               -12     0     0    25     0     0     0      0.000      0.000     -4.000      4.000      0.001
     3         11  (e-)               -21    16     0     5     6     0     0      0.000      0.000      6.996      6.996      0.000
     4        -11  (e+)               -21    17    17     5     6     0     0      0.000      0.000     -4.000      4.000      0.000
     5          2  (u)                -23     3     4     7     8   101     0      4.692      1.148      3.714      6.102      0.330
     6         -2  (ubar)             -23     3     4     9     9     0   101     -4.692     -1.148     -0.718      4.894      0.330
     7          2  (u)                -51     5     0    12    12   102     0      1.478      0.983      2.706      3.253      0.330
     8         21  (g)                -51     5     0    10    11   101   102      2.958      0.102      0.968      3.114      0.000
     9         -2  (ubar)             -52     6     6    13    14     0   101     -4.436     -1.085     -0.678      4.629      0.330
    10         21  (g)                -51     8     0    15    15   101   103      3.390      0.162      1.687      3.790      0.000
    11         21  (g)                -51     8     0    21    21   103   102     -0.036      0.227      0.062      0.238      0.000
    12          2  (u)                -52     7     7    18    18   102     0      1.082      0.696      1.925      2.339      0.330
    13         -2  (ubar)             -51     9     0    19    19     0   104     -2.465     -1.108     -0.090      2.724      0.330
    14         21  (g)                -51     9     0    22    22   104   101     -1.902      0.026     -0.554      1.981      0.000
    15         21  (g)                -52    10    10    20    20   101   103      3.321      0.158      1.653      3.713      0.000
    16         11  (e-)               -41    24    24    23     3     0     0      0.000      0.000      7.000      7.000      0.000
    17        -11  (e+)               -42    25    25     4     4     0     0     -0.000      0.000     -4.000      4.000      0.000
    18          2  (u)                -44    12    12    26    26   102     0      1.083      0.697      1.926      2.340      0.330
    19         -2  (ubar)             -44    13    13    27    27     0   104     -2.465     -1.107     -0.089      2.724      0.330
    20         21  (g)                -44    15    15    28    28   101   103      3.321      0.159      1.653      3.713      0.000
    21         21  (g)                -44    11    11    29    29   103   102     -0.036      0.227      0.062      0.239      0.000
    22         21  (g)                -44    14    14    30    30   104   101     -1.902      0.026     -0.554      1.981      0.000
    23         22  (gamma)            -43    16     0    31    31     0     0     -0.001     -0.002      0.003      0.003      0.000
    24         11  (e-)               -61     1     0    16    16     0     0      0.000      0.000      7.000      7.000      0.000
    25        -11  (e+)               -61     2     0    17    17     0     0      0.000      0.000     -4.000      4.000      0.000
    26          2  u                   62    18    18     0     0   102     0      1.083      0.697      1.926      2.340      0.330
    27         -2  ubar                62    19    19     0     0     0   104     -2.465     -1.107     -0.089      2.724      0.330
    28         21  g                   62    20    20     0     0   101   103      3.321      0.159      1.653      3.713      0.000
    29         21  g                   62    21    21     0     0   103   102     -0.036      0.227      0.062      0.239      0.000
    30         21  g                   62    22    22     0     0   104   101     -1.902      0.026     -0.554      1.981      0.000
    31         22  gamma               62    23    23     0     0     0     0     -0.001     -0.002      0.003      0.003      0.000
    32         22  gamma               63     1     0     0     0     0     0      0.000      0.000      0.000      0.000      0.000
    33         22  gamma               63     2     0     0     0     0     0      0.000      0.000     -0.000      0.000      0.000
                                   Charge sum:  0.000           Momentum sum:      0.000      0.000      3.000     11.000     10.583

 --------  End PYTHIA Event Listing  -----------------------------------------------------------------------------------------------
 PYTHIA Warning in TauDecays::decay: unknown correlated tau production, assuming from unpolarized photon  

 *-------  PYTHIA Event and Cross Section Statistics  -------------------------------------------------------------*
 |                                                                                                                 |
 | Subprocess                                    Code |            Number of events       |      sigma +- delta    |
 |                                                    |       Tried   Selected   Accepted |     (estimated) (mb)   |
 |                                                    |                                   |                        |
 |-----------------------------------------------------------------------------------------------------------------|
 |                                                    |                                   |                        |
 | f fbar -> f' fbar' (s-channel gamma*)          223 |      259829      10000      10000 |   6.040e-06  2.928e-08 |
 |                                                    |                                   |                        |
 | sum                                                |      259829      10000      10000 |   6.040e-06  2.928e-08 |
 |                                                                                                                 |
 *-------  End PYTHIA Event and Cross Section Statistics ----------------------------------------------------------*

 *-------  PYTHIA Error and Warning Messages Statistics  ----------------------------------------------------------* 
 |                                                                                                                 | 
 |  times   message                                                                                                | 
 |                                                                                                                 | 
 |   1429   Warning in TauDecays::decay: unknown correlated tau production, assuming from unpolarized photon       | 
 |                                                                                                                 | 
 *-------  End PYTHIA Error and Warning Messages Statistics  ------------------------------------------------------* 
Gammatau2xmu: 9.686e-16

Gammatau2xe: 0.000e+00

BRtau2xmu: 4.273e-04

BRtau2xe: 0.000e+00

produced tau excluding those daughters are also tau lepton: 2.858e+03
produced X: 2.858e+03
produced X/NMC: 2.858e-01

Proportion of X flying forward (eta>0): 6.235e-01
Proportion of X flying backward (eta<0): 3.765e-01

Total Gamma [GeV]: 1.713e-18
ctau [m]: 1.152e+02

Gammax2tautau: 0.000e+00

Gammax2mumu: 0.000e+00

Gammax2ee: 1.713e-18

Gammax2gmgm: 0.000e+00

BRx2tautau: 0.000e+00

BRx2mumu: 0.000e+00

BRx2ee: 1.000e+00

BRx2gmgm: 0.000e+00

X: insideFidVol: 4.000e+00
observedX: 6.724e+00
visibleX: 6.724e-01

X Observed Fiducial efficiency: 2.353e-03
X Visible Fiducial efficiency: 2.353e-04

reallyProduced tau: 9.200e+10
total number of tau-tau events: 4.600e+10

reallyProducedX: 1.384e+07
reallyobservedX: 3.257e+04
reallyvisibleX: 3.257e+03

