mX:  0.001
g_TM_Lamb:  0.06
g_EE_Lamb:  0.06
NMC 10000

 *-------  PYTHIA Process Initialization  --------------------------*
 |                                                                  |
 | We collide e- with e+ at a CM energy of 1.058e+01 GeV            |
 |                                                                  |
 |------------------------------------------------------------------|
 |                                                    |             |
 | Subprocess                                    Code |   Estimated |
 |                                                    |    max (mb) |
 |                                                    |             |
 |------------------------------------------------------------------|
 |                                                    |             |
 | f fbar -> f' fbar' (s-channel gamma*)          223 |   1.457e-04 |
 |                                                                  |
 *-------  End PYTHIA Process Initialization -----------------------*

 *-------  PYTHIA Flag + Mode + Parm + Word + FVec + MVec + PVec + WVec Settings (changes only)  ------------------* 
 |                                                                                                                 | 
 | Name                                          |                      Now |      Default         Min         Max | 
 |                                               |                          |                                      | 
 | Beams:eA                                      |                  7.00000 |     7000.000         0.0             | 
 | Beams:eB                                      |                  4.00000 |     7000.000         0.0             | 
 | Beams:frameType                               |                        2 |            1           1           5 | 
 | Beams:idA                                     |                       11 |         2212                         | 
 | Beams:idB                                     |                      -11 |         2212                         | 
 | HadronLevel:Hadronize                         |                      off |           on                         | 
 | Next:numberCount                              |                    10000 |         1000           0             | 
 | PartonLevel:MPI                               |                      off |           on                         | 
 | Random:seed                                   |                        0 |           -1               900000000 | 
 | Random:setSeed                                |                       on |          off                         | 
 | WeakSingleBoson:ffbar2ffbar(s:gm)             |                       on |          off                         | 
 |                                                                                                                 | 
 *-------  End PYTHIA Flag + Mode + Parm + Word + FVec + MVec + PVec + WVec Settings  -----------------------------* 

 --------  PYTHIA Particle Data Table (changed only)  ------------------------------------------------------------------------------
 
      id   name            antiName         spn chg col      m0        mWidth      mMin       mMax       tau0    res dec ext vis wid
             no onMode   bRatio   meMode     products 

      15  tau-             tau+               2  -3   0    1.77682    0.00000    0.00000    0.00000  8.71100e-02   0   1   0   1   0
              0     1   1.0000000  103       36       13 
              1     1   0.0000000  103       36       11 

      36  x                                   1   0   0  1.000e-03  0.000e+00  0.000e+00  0.000e+00  0.00000e+00   0   1   0   0   0
              0     1   0.0000000    0 
              1     1   0.0000000    0 
              2     1   0.0000000    0 
              3     1   0.0000000    0 

 --------  End PYTHIA Particle Data Table  -----------------------------------------------------------------------------------------


 --------  PYTHIA Info Listing  ---------------------------------------- 
 
 Beam A: id =     11, pz =  5.292e+00, e =  5.292e+00, m =  5.110e-04.
 Beam B: id =    -11, pz = -5.292e+00, e =  5.292e+00, m =  5.110e-04.

 In 1: id =   11, x =  1.000e+00, pdf =  5.378e+07 at Q2 =  1.120e+02.
 In 2: id =  -11, x =  1.000e+00, pdf =  3.033e+07 at same Q2.

 Subprocess f fbar -> f' fbar' (s-channel gamma*) with code 223 is 2 -> 2.
 It has sHat =  1.120e+02,    tHat = -3.159e+01,    uHat = -8.041e+01,
       pTHat =  4.753e+00,   m3Hat =  3.300e-01,   m4Hat =  3.300e-01,
    thetaHat =  1.120e+00,  phiHat =  2.035e+00.
     alphaEM =  7.631e-03,  alphaS =  1.975e-01    at Q2 =  1.120e+02.

 Impact parameter b =  0.000e+00 gives enhancement factor =  1.000e+00.
 Max pT scale for MPI =  1.058e+01, ISR =  1.058e+01, FSR =  1.058e+01.
 Number of MPI =     1, ISR =     0, FSRproc =     4, FSRreson =     0.

 --------  End PYTHIA Info Listing  ------------------------------------

 --------  PYTHIA Event Listing  (hard process)  -----------------------------------------------------------------------------------
 
    no         id  name            status     mothers   daughters     colours      p_x        p_y        p_z         e          m 
     0         90  (system)           -11     0     0     0     0     0     0      0.000      0.000      3.000     11.000     10.583
     1         11  (e-)               -12     0     0     3     0     0     0      0.000      0.000      7.000      7.000      0.001
     2        -11  (e+)               -12     0     0     4     0     0     0      0.000      0.000     -4.000      4.000      0.001
     3         11  (e-)               -21     1     0     5     6     0     0      0.000      0.000      7.000      7.000      0.000
     4        -11  (e+)               -21     2     0     5     6     0     0      0.000      0.000     -4.000      4.000      0.000
     5          2  u                   23     3     4     0     0   101     0     -2.130      4.249      3.893      6.153      0.330
     6         -2  ubar                23     3     4     0     0     0   101      2.130     -4.249     -0.893      4.847      0.330
                                   Charge sum:  0.000           Momentum sum:      0.000      0.000      3.000     11.000     10.583

 --------  End PYTHIA Event Listing  -----------------------------------------------------------------------------------------------

 --------  PYTHIA Event Listing  (complete event)  ---------------------------------------------------------------------------------
 
    no         id  name            status     mothers   daughters     colours      p_x        p_y        p_z         e          m 
     0         90  (system)           -11     0     0     0     0     0     0      0.000      0.000      3.000     11.000     10.583
     1         11  (e-)               -12     0     0    19     0     0     0      0.000      0.000      7.000      7.000      0.001
     2        -11  (e+)               -12     0     0    20     0     0     0      0.000      0.000     -4.000      4.000      0.001
     3         11  (e-)               -21    19    19     5     6     0     0      0.000      0.000      7.000      7.000      0.000
     4        -11  (e+)               -21    20    20     5     6     0     0      0.000      0.000     -4.000      4.000      0.000
     5          2  (u)                -23     3     4     9     9   101     0     -2.130      4.249      3.893      6.153      0.330
     6         -2  (ubar)             -23     3     4     7     8     0   101      2.130     -4.249     -0.893      4.847      0.330
     7         -2  (ubar)             -51     6     0    10    11     0   103      2.386     -3.778      0.821      4.555      0.330
     8         21  (g)                -51     6     0    12    12   103   101     -0.594      0.203     -1.098      1.265      0.000
     9          2  (u)                -52     5     5    18    18   101     0     -1.792      3.575      3.276      5.180      0.330
    10         -2  (ubar)             -51     7     0    22    22     0   104      0.780     -1.998     -0.584      2.247      0.330
    11         21  (g)                -51     7     0    15    15   104   103      1.483     -1.738      1.178      2.571      0.000
    12         21  (g)                -52     8     8    13    14   103   101     -0.471      0.161     -0.870      1.002      0.000
    13         21  (g)                -51    12     0    16    17   105   101      0.221     -0.336     -1.139      1.208      0.000
    14         21  (g)                -51    12     0    25    25   103   105     -0.156     -0.131      0.694      0.724      0.000
    15         21  (g)                -52    11    11    24    24   104   103      0.947     -1.110      0.7 PYTHIA Warning in PhaseSpace2to2tauyz::trialKin: maximum for cross section violated  

 *-------  PYTHIA Event and Cross Section Statistics  -------------------------------------------------------------*
 |                                                                                                                 |
 | Subprocess                                    Code |            Number of events       |      sigma +- delta    |
 |                                                    |       Tried   Selected   Accepted |     (estimated) (mb)   |
 |                                                    |                                   |                        |
 |-----------------------------------------------------------------------------------------------------------------|
 |                                                    |                                   |                        |
 | f fbar -> f' fbar' (s-channel gamma*)          223 |      218208      10000      10000 |   6.032e-06  3.110e-08 |
 |                                                    |                                   |                        |
 | sum                                                |      218208      10000      10000 |   6.032e-06  3.110e-08 |
 |                                                                                                                 |
 *-------  End PYTHIA Event and Cross Section Statistics ----------------------------------------------------------*

 *-------  PYTHIA Error and Warning Messages Statistics  ----------------------------------------------------------* 
 |                                                                                                                 | 
 |  times   message                                                                                                | 
 |                                                                                                                 | 
 |    116   Warning in PhaseSpace2to2tauyz::trialKin: maximum for cross section violated                           | 
 |   1486   Warning in TauDecays::decay: unknown correlated tau production, assuming from unpolarized photon       | 
 |                                                                                                                 | 
 *-------  End PYTHIA Error and Warning Messages Statistics  ------------------------------------------------------* 
Gammatau2xmu: 7.951e-04

Gammatau2xe: 0.000e+00

BRtau2xmu: 1.000e+00

BRtau2xe: 0.000e+00

produced tau excluding those daughters are also tau lepton: 2.972e+03
produced X: 2.972e+03
produced X/NMC: 2.972e-01

Proportion of X flying forward (eta>0): 6.221e-01
Proportion of X flying backward (eta<0): 3.779e-01

Total Gamma [GeV]: 0.000e+00
ctau [m]: inf

Gammax2tautau: 0.000e+00

Gammax2mumu: 0.000e+00

Gammax2ee: 0.000e+00

Gammax2gmgm: 0.000e+00

BRx2tautau: -nan

BRx2mumu: -nan

BRx2ee: -nan

BRx2gmgm: -nan

X: insideFidVol: 0.000e+00
observedX: 0.000e+00
visibleX: -nan

X Observed Fiducial efficiency: 0.000e+00
X Visible Fiducial efficiency: -nan

reallyProduced tau: 9.200e+10
total number of tau-tau events: 4.600e+10

reallyProducedX: 3.239e+10
reallyobservedX: 0.000e+00
reallyvisibleX: -nan

                     |
 | sum                                                |      241529      10000      10000 |   6.002e-06  2.993e-08 |
 |                                                                                                                 |
 *-------  End PYTHIA Event and Cross Section Statistics ----------------------------------------------------------*

 *-------  PYTHIA Error and Warning Messages Statistics  ----------------------------------------------------------* 
 |                                                                                                                 | 
 |  times   message                                                                                                | 
 |                                                                                                                 | 
 |     36   Warning in PhaseSpace2to2tauyz::trialKin: maximum for cross section violated                           | 
 |   1593   Warning in TauDecays::decay: unknown correlated tau production, assuming from unpolarized photon       | 
 |                                                                                                                 | 
 *-------  End PYTHIA Error and Warning Messages Statistics  ------------------------------------------------------* 
Gammatau2xmu: 7.951e-04

Gammatau2xe: 0.000e+00

BRtau2xmu: 1.000e+00

BRtau2xe: 0.000e+00

produced tau excluding those daughters are also tau lepton: 3.186e+03
produced X: 3.186e+03
produced X/NMC: 3.186e-01

Proportion of X flying forward (eta>0): 6.249e-01
Proportion of X flying backward (eta<0): 3.751e-01

Total Gamma [GeV]: 0.000e+00
ctau [m]: inf

Gammax2tautau: 0.000e+00

Gammax2mumu: 0.000e+00

Gammax2ee: 0.000e+00

Gammax2gmgm: 0.000e+00

BRx2tautau: -nan

BRx2mumu: -nan

BRx2ee: -nan

BRx2gmgm: -nan

X: insideFidVol: 0.000e+00
observedX: 0.000e+00
visibleX: -nan

X Observed Fiducial efficiency: 0.000e+00
X Visible Fiducial efficiency: -nan

reallyProduced tau: 9.200e+10
total number of tau-tau events: 4.600e+10

reallyProducedX: 3.239e+10
reallyobservedX: 0.000e+00
reallyvisibleX: -nan

