mX:  0.0613103
g_TM_Lamb:  8e-08
g_EE_Lamb:  8e-08
NMC 10000

 *-------  PYTHIA Process Initialization  --------------------------*
 |                                                                  |
 | We collide e- with e+ at a CM energy of 1.058e+01 GeV            |
 |                                                                  |
 |------------------------------------------------------------------|
 |                                                    |             |
 | Subprocess                                    Code |   Estimated |
 |                                                    |    max (mb) |
 |                                                    |             |
 |------------------------------------------------------------------|
 |                                                    |             |
 | f fbar -> f' fbar' (s-channel gamma*)          223 |   1.635e-04 |
 |                                                                  |
 *-------  End PYTHIA Process Initialization -----------------------*

 *-------  PYTHIA Flag + Mode + Parm + Word + FVec + MVec + PVec + WVec Settings (changes only)  ------------------* 
 |                                                                                                                 | 
 | Name                                          |                      Now |      Default         Min         Max | 
 |                                               |                          |                                      | 
 | Beams:eA                                      |                  7.00000 |     7000.000         0.0             | 
 | Beams:eB                                      |                  4.00000 |     7000.000         0.0             | 
 | Beams:frameType                               |                        2 |            1           1           5 | 
 | Beams:idA                                     |                       11 |         2212                         | 
 | Beams:idB                                     |                      -11 |         2212                         | 
 | HadronLevel:Hadronize                         |                      off |           on                         | 
 | Next:numberCount                              |                    10000 |         1000           0             | 
 | PartonLevel:MPI                               |                      off |           on                         | 
 | Random:seed                                   |                        0 |           -1               900000000 | 
 | Random:setSeed                                |                       on |          off                         | 
 | WeakSingleBoson:ffbar2ffbar(s:gm)             |                       on |          off                         | 
 |                                                                                                                 | 
 *-------  End PYTHIA Flag + Mode + Parm + Word + FVec + MVec + PVec + WVec Settings  -----------------------------* 

 --------  PYTHIA Particle Data Table (changed only)  ------------------------------------------------------------------------------
 
      id   name            antiName         spn chg col      m0        mWidth      mMin       mMax       tau0    res dec ext vis wid
             no onMode   bRatio   meMode     products 

      15  tau-             tau+               2  -3   0    1.77682    0.00000    0.00000    0.00000  8.71100e-02   0   1   0   1   0
              0     1   0.0006219  103       36       13 
              1     1   0.0000000  103       36       11 

      36  x                                   1   0   0  6.131e-02  0.000e+00  0.000e+00  0.000e+00  5.04347e+07   0   1   0   0   0
              0     1   0.0000000  103       15      -15 
              1     1   0.0000000  103       13      -13 
              2     1   1.0000000  103       11      -11 
              3     1   0.0000000  103       22       22 

 --------  End PYTHIA Particle Data Table  -----------------------------------------------------------------------------------------


 --------  PYTHIA Info Listing  ---------------------------------------- 
 
 Beam A: id =     11, pz =  5.292e+00, e =  5.292e+00, m =  5.110e-04.
 Beam B: id =    -11, pz = -5.292e+00, e =  5.292e+00, m =  5.110e-04.

 In 1: id =   11, x =  9.999e-01, pdf =  3.059e+02 at Q2 =  1.120e+02.
 In 2: id =  -11, x =  1.000e+00, pdf =  1.488e+06 at same Q2.

 Subprocess f fbar -> f' fbar' (s-channel gamma*) with code 223 is 2 -> 2.
 It has sHat =  1.120e+02,    tHat = -3.892e+01,    uHat = -7.306e+01,
       pTHat =  5.017e+00,   m3Hat =  5.000e-01,   m4Hat =  5.000e-01,
    thetaHat =  1.261e+00,  phiHat =  6.045e+00.
     alphaEM =  7.631e-03,  alphaS =  1.975e-01    at Q2 =  1.120e+02.

 Impact parameter b =  0.000e+00 gives enhancement factor =  1.000e+00.
 Max pT scale for MPI =  1.058e+01, ISR =  1.058e+01, FSR =  1.058e+01.
 Number of MPI =     1, ISR =     1, FSRproc =     6, FSRreson =     0.

 --------  End PYTHIA Info Listing  ------------------------------------

 --------  PYTHIA Event Listing  (hard process)  -----------------------------------------------------------------------------------
 
    no         id  name            status     mothers   daughters     colours      p_x        p_y        p_z         e          m 
     0         90  (system)           -11     0     0     0     0     0     0      0.000      0.000      3.000     11.000     10.583
     1         11  (e-)               -12     0     0     3     0     0     0      0.000      0.000      7.000      7.000      0.001
     2        -11  (e+)               -12     0     0     4     0     0     0      0.000      0.000     -4.000      4.000      0.001
     3         11  (e-)               -21     1     0     5     6     0     0      0.000      0.000      6.999      6.999      0.000
     4        -11  (e+)               -21     2     0     5     6     0     0      0.000      0.000     -4.000      4.000      0.000
     5          3  s                   23     3     4     0     0   101     0      4.875     -1.183      3.169      5.955      0.500
     6         -3  sbar                23     3     4     0     0     0   101     -4.875      1.183     -0.169      5.045      0.500
                                   Charge sum:  0.000           Momentum sum:      0.000      0.000      2.999     10.999     10.582

 --------  End PYTHIA Event Listing  -----------------------------------------------------------------------------------------------

 --------  PYTHIA Event Listing  (complete event)  ---------------------------------------------------------------------------------
 
    no         id  name            status     mothers   daughters     colours      p_x        p_y        p_z         e          m 
     0         90  (system)           -11     0     0     0     0     0     0      0.000      0.000      3.000     11.000     10.583
     1         11  (e-)               -12     0     0    36     0     0     0      0.000      0.000      7.000      7.000      0.001
     2        -11  (e+)               -12     0     0    37     0     0     0      0.000      0.000     -4.000      4.000      0.001
     3         11  (e-)               -21    25     0     5     6     0     0      0.000      0.000      6.999      6.999      0.000
     4        -11  (e+)               -21    26    26     5     6     0     0      0.000      0.000     -4.000      4.000      0.000
     5          3  (s)                -23     3     4     9     9   101     0      4.875     -1.183      3.169      5.955      0.500
     6         -3  (sbar)             -23     3     4     7     8     0   101     -4.875      1.183     -0.169      5.045      0.500
     7         -3  (sbar)             -51     6     0    13    14     0   102     -0.906     -1.225      0.535      1.691      0.500
     8         21  (g)                -51     6     0    10    11   102   101     -3.373      2.264     -0.319      4.075      0.000
     9          3  (s)                -52     5     5    12    12   101     0      4.279     -1.039      2.783      5.233      0.500
    10         21  (g)                -51     8     0    15    15   102   103     -2.443      2.590     -0.712      3.631      0.000
    11         21  (g)                -51     8     0    21    21   103   101     -0.519     -0.427      0.659      0.941      0.000
    12          3  (s)                -52     9     9    24    24   101     0      3.868     -0.938      2.517      4.736      0.500
    13         -3  (sbar)             -51     7     0    28    28     0   104     -0.827     -0.059     -0.686      1.186      0.500
    14         21  (g)                -51     7     0    16    17   104   102     -0.654     -0.557      1.053      1.359      0.000
    15         21  (g)                -52    10    10    18    18   102   103     -1.868      1.981     -0.544      2.777      0.000
    16         21  (g)                -51    14     0    31    31   104   105     -0.519      0.779      0.513      1.068      0.000
    17         21  (g)                -51    14     0    32    32   105   102     -0.672     -0.767      0.384      1.090      0.000
    18         21  (g)                -52    15    15    19    20   102   103     -1.331      1.411     -0.388      1.978      0.000
    19         21  (g)                -51    18     0    29    29   102   106     -0.391      0.808     -0.525      1.040      0.000
    20         21  (g)                -51    18     0    33    33   106   103     -1.118      0.457      0.363      1.261      0.000
    21         21  (g)                -52    11    11    22    23   103   101     -0.341     -0.281      0.4 PYTHIA Warning in PhaseSpace2to2tauyz::trialKin: maximum for cross section violated  

 *-------  PYTHIA Event and Cross Section Statistics  -------------------------------------------------------------*
 |                                                                                                                 |
 | Subprocess                                    Code |            Number of events       |      sigma +- delta    |
 |                                                    |       Tried   Selected   Accepted |     (estimated) (mb)   |
 |                                                    |                                   |                        |
 |-----------------------------------------------------------------------------------------------------------------|
 |                                                    |                                   |                        |
 | f fbar -> f' fbar' (s-channel gamma*)          223 |      250481      10000      10000 |   6.005e-06  2.993e-08 |
 |                                                    |                                   |                        |
 | sum                                                |      250481      10000      10000 |   6.005e-06  2.993e-08 |
 |                                                                                                                 |
 *-------  End PYTHIA Event and Cross Section Statistics ----------------------------------------------------------*

 *-------  PYTHIA Error and Warning Messages Statistics  ----------------------------------------------------------* 
 |                                                                                                                 | 
 |  times   message                                                                                                | 
 |                                                                                                                 | 
 |     32   Warning in PhaseSpace2to2tauyz::trialKin: maximum for cross section violated                           | 
 |   1423   Warning in TauDecays::decay: unknown correlated tau production, assuming from unpolarized photon       | 
 |                                                                                                                 | 
 *-------  End PYTHIA Error and Warning Messages Statistics  ------------------------------------------------------* 
Gammatau2xmu: 1.410e-15

Gammatau2xe: 0.000e+00

BRtau2xmu: 6.219e-04

BRtau2xe: 0.000e+00

produced tau excluding those daughters are also tau lepton: 2.846e+03
produced X: 2.846e+03
produced X/NMC: 2.846e-01

Proportion of X flying forward (eta>0): 6.184e-01
Proportion of X flying backward (eta<0): 3.816e-01

Total Gamma [GeV]: 3.913e-21
ctau [m]: 5.043e+04

Gammax2tautau: 0.000e+00

Gammax2mumu: 0.000e+00

Gammax2ee: 3.913e-21

Gammax2gmgm: 0.000e+00

BRx2tautau: 0.000e+00

BRx2mumu: 0.000e+00

BRx2ee: 1.000e+00

BRx2gmgm: 0.000e+00

X: insideFidVol: 0.000e+00
observedX: 1.778e-03
visibleX: 1.778e-04

X Observed Fiducial efficiency: 6.249e-07
X Visible Fiducial efficiency: 6.249e-08

reallyProduced tau: 9.200e+10
total number of tau-tau events: 4.600e+10

reallyProducedX: 2.015e+07
reallyobservedX: 1.259e+01
reallyvisibleX: 1.259e+00

0     0      0.000     -0.000     -0.000      0.001      0.000
    47         22  gamma               63     1     0     0     0     0     0      0.000      0.000      0.000      0.000      0.000
    48         22  gamma               63     2     0     0     0     0     0      0.000      0.000     -0.000      0.000      0.000
                                   Charge sum:  0.000           Momentum sum:     -0.000      0.000      3.000     11.000     10.583

 --------  End PYTHIA Event Listing  -----------------------------------------------------------------------------------------------
 PYTHIA Warning in TauDecays::decay: unknown correlated tau production, assuming from unpolarized photon  

 *-------  PYTHIA Event and Cross Section Statistics  -------------------------------------------------------------*
 |                                                                                                                 |
 | Subprocess                                    Code |            Number of events       |      sigma +- delta    |
 |                                                    |       Tried   Selected   Accepted |     (estimated) (mb)   |
 |                                                    |                                   |                        |
 |-----------------------------------------------------------------------------------------------------------------|
 |                                                    |                                   |                        |
 | f fbar -> f' fbar' (s-channel gamma*)          223 |      273571      10000      10000 |   6.019e-06  2.846e-08 |
 |                                                    |                                   |                        |
 | sum                                                |      273571      10000      10000 |   6.019e-06  2.846e-08 |
 |                                                                                                                 |
 *-------  End PYTHIA Event and Cross Section Statistics ----------------------------------------------------------*

 *-------  PYTHIA Error and Warning Messages Statistics  ----------------------------------------------------------* 
 |                                                                                                                 | 
 |  times   message                                                                                                | 
 |                                                                                                                 | 
 |   1491   Warning in TauDecays::decay: unknown correlated tau production, assuming from unpolarized photon       | 
 |                                                                                                                 | 
 *-------  End PYTHIA Error and Warning Messages Statistics  ------------------------------------------------------* 
Gammatau2xmu: 1.410e-15

Gammatau2xe: 0.000e+00

BRtau2xmu: 6.219e-04

BRtau2xe: 0.000e+00

produced tau excluding those daughters are also tau lepton: 2.982e+03
produced X: 2.982e+03
produced X/NMC: 2.982e-01

Proportion of X flying forward (eta>0): 6.244e-01
Proportion of X flying backward (eta<0): 3.756e-01

Total Gamma [GeV]: 3.913e-21
ctau [m]: 5.043e+04

Gammax2tautau: 0.000e+00

Gammax2mumu: 0.000e+00

Gammax2ee: 3.913e-21

Gammax2gmgm: 0.000e+00

BRx2tautau: 0.000e+00

BRx2mumu: 0.000e+00

BRx2ee: 1.000e+00

BRx2gmgm: 0.000e+00

X: insideFidVol: 0.000e+00
observedX: 1.939e-03
visibleX: 1.939e-04

X Observed Fiducial efficiency: 6.504e-07
X Visible Fiducial efficiency: 6.504e-08

reallyProduced tau: 9.200e+10
total number of tau-tau events: 4.600e+10

reallyProducedX: 2.015e+07
reallyobservedX: 1.310e+01
reallyvisibleX: 1.310e+00

