mX:  0.00931867
g_TM_Lamb:  8e-06
g_EE_Lamb:  8e-06
NMC 10000

 *-------  PYTHIA Process Initialization  --------------------------*
 |                                                                  |
 | We collide e- with e+ at a CM energy of 1.058e+01 GeV            |
 |                                                                  |
 |------------------------------------------------------------------|
 |                                                    |             |
 | Subprocess                                    Code |   Estimated |
 |                                                    |    max (mb) |
 |                                                    |             |
 |------------------------------------------------------------------|
 |                                                    |             |
 | f fbar -> f' fbar' (s-channel gamma*)          223 |   1.271e-04 |
 |                                                                  |
 *-------  End PYTHIA Process Initialization -----------------------*

 *-------  PYTHIA Flag + Mode + Parm + Word + FVec + MVec + PVec + WVec Settings (changes only)  ------------------* 
 |                                                                                                                 | 
 | Name                                          |                      Now |      Default         Min         Max | 
 |                                               |                          |                                      | 
 | Beams:eA                                      |                  7.00000 |     7000.000         0.0             | 
 | Beams:eB                                      |                  4.00000 |     7000.000         0.0             | 
 | Beams:frameType                               |                        2 |            1           1           5 | 
 | Beams:idA                                     |                       11 |         2212                         | 
 | Beams:idB                                     |                      -11 |         2212                         | 
 | HadronLevel:Hadronize                         |                      off |           on                         | 
 | Next:numberCount                              |                    10000 |         1000           0             | 
 | PartonLevel:MPI                               |                      off |           on                         | 
 | Random:seed                                   |                        0 |           -1               900000000 | 
 | Random:setSeed                                |                       on |          off                         | 
 | WeakSingleBoson:ffbar2ffbar(s:gm)             |                       on |          off                         | 
 |                                                                                                                 | 
 *-------  End PYTHIA Flag + Mode + Parm + Word + FVec + MVec + PVec + WVec Settings  -----------------------------* 

 --------  PYTHIA Particle Data Table (changed only)  ------------------------------------------------------------------------------
 
      id   name            antiName         spn chg col      m0        mWidth      mMin       mMax       tau0    res dec ext vis wid
             no onMode   bRatio   meMode     products 

      15  tau-             tau+               2  -3   0    1.77682    0.00000    0.00000    0.00000  8.71100e-02   0   1   0   1   0
              0     1   0.8618400  103       36       13 
              1     1   0.0000000  103       36       11 

      36  x                                   1   0   0  9.319e-03  0.000e+00  0.000e+00  0.000e+00  2.19612e+05   0   1   0   0   0
              0     1   0.0000000  103       15      -15 
              1     1   0.0000000  103       13      -13 
              2     1   1.0000000  103       11      -11 
              3     1   0.0000000  103       22       22 

 --------  End PYTHIA Particle Data Table  -----------------------------------------------------------------------------------------


 --------  PYTHIA Info Listing  ---------------------------------------- 
 
 Beam A: id =     11, pz =  5.292e+00, e =  5.292e+00, m =  5.110e-04.
 Beam B: id =    -11, pz = -5.292e+00, e =  5.292e+00, m =  5.110e-04.

 In 1: id =   11, x =  6.269e-01, pdf =  4.788e-02 at Q2 =  3.359e+01.
 In 2: id =  -11, x =  4.784e-01, pdf =  2.339e-02 at same Q2.

 Subprocess f fbar -> f' fbar' (s-channel gamma*) with code 223 is 2 -> 2.
 It has sHat =  3.359e+01,    tHat = -1.430e+01,    uHat = -1.929e+01,
       pTHat =  2.866e+00,   m3Hat =  5.110e-04,   m4Hat =  5.110e-04,
    thetaHat =  1.422e+00,  phiHat =  4.342e+00.
     alphaEM =  7.582e-03,  alphaS =  2.310e-01    at Q2 =  3.359e+01.

 Impact parameter b =  0.000e+00 gives enhancement factor =  1.000e+00.
 Max pT scale for MPI =  1.058e+01, ISR =  1.058e+01, FSR =  1.058e+01.
 Number of MPI =     1, ISR =     3, FSRproc =     1, FSRreson =     0.

 --------  End PYTHIA Info Listing  ------------------------------------

 --------  PYTHIA Event Listing  (hard process)  -----------------------------------------------------------------------------------
 
    no         id  name            status     mothers   daughters     colours      p_x        p_y        p_z         e          m 
     0         90  (system)           -11     0     0     0     0     0     0      0.000      0.000      3.000     11.000     10.583
     1         11  (e-)               -12     0     0     3     0     0     0      0.000      0.000      7.000      7.000      0.001
     2        -11  (e+)               -12     0     0     4     0     0     0      0.000      0.000     -4.000      4.000      0.001
     3         11  (e-)               -21     1     0     5     6     0     0      0.000      0.000      4.388      4.388      0.000
     4        -11  (e+)               -21     2     0     5     6     0     0      0.000      0.000     -1.914      1.914      0.000
     5         11  e-                  23     3     4     0     0     0     0     -1.037     -2.671      1.706      3.335      0.001
     6        -11  e+                  23     3     4     0     0     0     0      1.037      2.671      0.769      2.967      0.001
                                   Charge sum:  0.000           Momentum sum:      0.000      0.000      2.475      6.302      5.796

 --------  End PYTHIA Event Listing  -----------------------------------------------------------------------------------------------

 --------  PYTHIA Event Listing  (complete event)  ---------------------------------------------------------------------------------
 
    no         id  name            status     mothers   daughters     colours      p_x        p_y        p_z         e          m 
     0         90  (system)           -11     0     0     0     0     0     0      0.000      0.000      3.000     11.000     10.583
     1         11  (e-)               -12     0     0    29     0     0     0      0.000      0.000      7.000      7.000      0.001
     2        -11  (e+)               -12     0     0    30     0     0     0      0.000      0.000     -4.000      4.000      0.001
     3         11  (e-)               -21     7     7     5     6     0     0      0.000      0.000      4.388      4.388      0.000
     4        -11  (e+)               -21     8     0     5     6     0     0      0.000      0.000     -1.914      1.914      0.000
     5         11  (e-)               -23     3     4     9     9     0     0     -1.037     -2.671      1.706      3.335      0.001
     6        -11  (e+)               -23     3     4    10    10     0     0      1.037      2.671      0.769      2.967      0.001
     7         11  (e-)               -42    12     0     3     3     0     0     -0.000      0.000      4.388      4.388      0.000
     8        -11  (e+)               -41    13    13    11     4     0     0      0.000     -0.000     -4.000      4.000      0.000
     9         11  (e-)               -44     5     5    14    14     0     0     -0.636     -2.926      1.678      3.433      0.001
    10        -11  (e+)               -44     6     6    15    15     0     0      1.579      2.328      0.488      2.855      0.001
    11         22  (gamma)            -43     8     0    16    16     0     0     -0.944      0.599     -1.779      2.101      0.000
    12         11  (e-)               -41    20    20    17     7     0     0      0.000     -0.000      5.911      5.911      0.000
    13        -11  (e+)               -42    22    22     8     8     0     0     -0.000      0.000     -4.000      4.000      0.000
    14         11  (e-)               -44     9     9    18    19     0     0     -0.875     -2.576      1.937      3.340      0.001
    15        -11  (e+)               -44    10    10    24    24     0     0      1.423      2.556      0.486      2.966      0.001
    16         22  (gamma)            -44    11    11    25    25     0     0     -0.959      0.621     -1.796      2.129      0.000
    17         22  (gamma)            -43    12     0    26    26     0     0      0.412     -0.601      1.284      1.476      0.000
    18         11  (e-)               -51    14     0    23    23     0     0     -0.871     -2.580      1.945      3.347      0.001
    19         22  (gamma)            -51    14     0    27    27     0     0     -0.004      0.004      0.012      0.014      0.000
    20         11  (e-)               -53    21     0    12    12     0     0      0.000     -0.000      5.931      5.931      0.000
    21         11  (e-)               -41    29    29    28    20     0     0     -0.000     -0.000      7.000      7.000      0.000
    22        -11  (e+)               -42    30    30    13    13     0     0      0.000      0.000     -4.000      4.000      0.000
    23         11  (e-)               -44    18    18    31    31     0     0     -0.871     -2.580      1.945      3.347      0.001
    24        -11  (e+)               -44    15    15    32    32     0     0      1.423      2.557      0.485      2.966      0.001
    25         22  (gamma)            -44    16    16    33    33     0     0     -0.959      0.621     -1.796      2.129      0.000
    26         22  (gamma)            -44    17    17    34    34     0     0      0.412     -0.601      1.284      1.476      0.000
    27         22  (gamma)            -44    19    19    35    35     0     0     -0.004      0.004      0.012      0.014      0.000
    28         22  (gamma)            -43    21     0    36    36     0     0     -0.001     -0.000      1.069      1.069      0.000
    29         11  (e-)               -61     1     0    21    21     0     0     -0.000     -0.000      7.000      7.000      0.000
    30        -11  (e+)               -61     2     0    22    22     0     0      0.000      0.000     -4.000      4.000      0.000
    31         11  e-                  62    23    23     0     0     0     0     -0.871     -2.580      1.945      3.347      0.001
    32        -11  e+                  62    24    24     0     0     0     0      1.423      2.557      0.485      2.966      0.001
    33         22  gamma               62    25    25     0     0     0     0     -0.959      0.621     -1.796      2.129      0.000
    34         22  gamma               62    26    26     0     0     0     0      0.412     -0.601      1.284      1.476      0.000
    35         22  gamma               62    27    27     0     0     0     0     -0.004      0.004      0.012      0.014      0.000
    36         22  gamma               62    28    28     0     0     0     0     -0.001     -0.000      1.069      1.069      0.000
    37         22  gamma               63     1     0     0     0     0     0      0.000      0.000      0.000      0.000      0.000
    38         22  gamma               63     2     0     0     0     0     0      0.000      0.000     -0.000      0.000      0.000
                                   Charge sum:  0.000           Momentum sum:     -0.000     -0.000      3.000     11.000     10.583

 --------  End PYTHIA Event Listing  -----------------------------------------------------------------------------------------------
 PYTHIA Warning in TauDecays::decay: unknown correlated tau production, assuming from unpolarized photon  
 PYTHIA Warning in PhaseSpace2to2tauyz::trialKin: maximum for cross section violated  
 PYTHIA Warning in PhaseSpace2to2tauyz::finalKin: failed after mass assignment  

 *-------  PYTHIA Event and Cross Section Statistics  -------------------------------------------------------------*
 |                                                                                                                 |
 | Subprocess                                    Code |            Number of events       |      sigma +- delta    |
 |                                                    |       Tried   Selected   Accepted |     (estimated) (mb)   |
 |                                                    |                                   |                        |
 |-----------------------------------------------------------------------------------------------------------------|
 |                                                    |                                   |                        |
 | f fbar -> f' fbar' (s-channel gamma*)          223 |      211802      10001      10000 |   5.962e-06  3.193e-08 |
 |                                                    |                                   |                        |
 | sum                                                |      211802      10001      10000 |   5.962e-06  3.193e-08 |
 |                                                                                                                 |
 *-------  End PYTHIA Event and Cross Section Statistics ----------------------------------------------------------*

 *-------  PYTHIA Error and Warning Messages Statistics  ----------------------------------------------------------* 
 |                                                                                                                 | 
 |  times   message                                                                                                | 
 |                                                                                                                 | 
 |      1   Warning in PhaseSpace2to2tauyz::finalKin: failed after mass assignment                                 | 
 |    305   Warning in PhaseSpace2to2tauyz::trialKin: maximum for cross section violated                           | 
 |   1507   Warning in TauDecays::decay: unknown correlated tau production, assuming from unpolarized photon       | 
 |                                                                                                                 | 
 *-------  End PYTHIA Error and Warning Messages Statistics  ------------------------------------------------------* 
Gammatau2xmu: 1.413e-11

Gammatau2xe: 0.000e+00

BRtau2xmu: 8.618e-01

BRtau2xe: 0.000e+00

produced tau excluding those daughters are also tau lepton: 3.014e+03
produced X: 3.014e+03
produced X/NMC: 3.014e-01

Proportion of X flying forward (eta>0): 6.188e-01
Proportion of X flying backward (eta<0): 3.812e-01

Total Gamma [GeV]: 8.985e-19
ctau [m]: 2.196e+02

Gammax2tautau: 0.000e+00

Gammax2mumu: 0.000e+00

Gammax2ee: 8.985e-19

Gammax2gmgm: 0.000e+00

BRx2tautau: 0.000e+00

BRx2mumu: 0.000e+00

BRx2ee: 1.000e+00

BRx2gmgm: 0.000e+00

X: insideFidVol: 0.000e+00
observedX: 6.943e-02
visibleX: 6.943e-03

X Observed Fiducial efficiency: 2.304e-05
X Visible Fiducial efficiency: 2.304e-06

reallyProduced tau: 9.200e+10
total number of tau-tau events: 4.600e+10

reallyProducedX: 2.792e+10
reallyobservedX: 6.432e+05
reallyvisibleX: 6.432e+04

