mX:  0.845345
g_TM_Lamb:  8e-08
g_EE_Lamb:  8e-08
NMC 10000

 *-------  PYTHIA Process Initialization  --------------------------*
 |                                                                  |
 | We collide e- with e+ at a CM energy of 1.058e+01 GeV            |
 |                                                                  |
 |------------------------------------------------------------------|
 |                                                    |             |
 | Subprocess                                    Code |   Estimated |
 |                                                    |    max (mb) |
 |                                                    |             |
 |------------------------------------------------------------------|
 |                                                    |             |
 | f fbar -> f' fbar' (s-channel gamma*)          223 |   1.616e-04 |
 |                                                                  |
 *-------  End PYTHIA Process Initialization -----------------------*

 *-------  PYTHIA Flag + Mode + Parm + Word + FVec + MVec + PVec + WVec Settings (changes only)  ------------------* 
 |                                                                                                                 | 
 | Name                                          |                      Now |      Default         Min         Max | 
 |                                               |                          |                                      | 
 | Beams:eA                                      |                  7.00000 |     7000.000         0.0             | 
 | Beams:eB                                      |                  4.00000 |     7000.000         0.0             | 
 | Beams:frameType                               |                        2 |            1           1           5 | 
 | Beams:idA                                     |                       11 |         2212                         | 
 | Beams:idB                                     |                      -11 |         2212                         | 
 | HadronLevel:Hadronize                         |                      off |           on                         | 
 | Next:numberCount                              |                    10000 |         1000           0             | 
 | PartonLevel:MPI                               |                      off |           on                         | 
 | Random:seed                                   |                        0 |           -1               900000000 | 
 | Random:setSeed                                |                       on |          off                         | 
 | WeakSingleBoson:ffbar2ffbar(s:gm)             |                       on |          off                         | 
 |                                                                                                                 | 
 *-------  End PYTHIA Flag + Mode + Parm + Word + FVec + MVec + PVec + WVec Settings  -----------------------------* 

 --------  PYTHIA Particle Data Table (changed only)  ------------------------------------------------------------------------------
 
      id   name            antiName         spn chg col      m0        mWidth      mMin       mMax       tau0    res dec ext vis wid
             no onMode   bRatio   meMode     products 

      15  tau-             tau+               2  -3   0    1.77682    0.00000    0.00000    0.00000  8.71100e-02   0   1   0   1   0
              0     1   0.0003707  103       36       13 
              1     1   0.0000000  103       36       11 

      36  x                                   1   0   0    0.84535    0.00000    0.00000    0.00000  2.65258e+05   0   1   0   0   0
              0     1   0.0000000  103       15      -15 
              1     1   0.0000000  103       13      -13 
              2     1   1.0000000  103       11      -11 
              3     1   0.0000000  103       22       22 

 --------  End PYTHIA Particle Data Table  -----------------------------------------------------------------------------------------


 --------  PYTHIA Info Listing  ---------------------------------------- 
 
 Beam A: id =     11, pz =  5.292e+00, e =  5.292e+00, m =  5.110e-04.
 Beam B: id =    -11, pz = -5.292e+00, e =  5.292e+00, m =  5.110e-04.

 In 1: id =   11, x =  1.000e+00, pdf =  2.172e+08 at Q2 =  1.120e+02.
 In 2: id =  -11, x =  1.000e+00, pdf =  1.250e+06 at same Q2.

 Subprocess f fbar -> f' fbar' (s-channel gamma*) with code 223 is 2 -> 2.
 It has sHat =  1.120e+02,    tHat = -5.778e+01,    uHat = -5.422e+01,
       pTHat =  5.072e+00,   m3Hat =  1.500e+00,   m4Hat =  1.500e+00,
    thetaHat =  1.603e+00,  phiHat =  2.532e+00.
     alphaEM =  7.631e-03,  alphaS =  1.975e-01    at Q2 =  1.120e+02.

 Impact parameter b =  0.000e+00 gives enhancement factor =  1.000e+00.
 Max pT scale for MPI =  1.058e+01, ISR =  1.058e+01, FSR =  1.058e+01.
 Number of MPI =     1, ISR =     0, FSRproc =     3, FSRreson =     0.

 --------  End PYTHIA Info Listing  ------------------------------------

 --------  PYTHIA Event Listing  (hard process)  -----------------------------------------------------------------------------------
 
    no         id  name            status     mothers   daughters     colours      p_x        p_y        p_z         e          m 
     0         90  (system)           -11     0     0     0     0     0     0      0.000      0.000      3.000     11.000     10.583
     1         11  (e-)               -12     0     0     3     0     0     0      0.000      0.000      7.000      7.000      0.001
     2        -11  (e+)               -12     0     0     4     0     0     0      0.000      0.000     -4.000      4.000      0.001
     3         11  (e-)               -21     1     0     5     6     0     0      0.000      0.000      7.000      7.000      0.000
     4        -11  (e+)               -21     2     0     5     6     0     0      0.000      0.000     -4.000      4.000      0.000
     5          4  c                   23     3     4     0     0   101     0     -4.159      2.902      1.333      5.454      1.500
     6         -4  cbar                23     3     4     0     0     0   101      4.159     -2.902      1.667      5.546      1.500
                                   Charge sum:  0.000           Momentum sum:      0.000      0.000      3.000     11.000     10.583

 --------  End PYTHIA Event Listing  -----------------------------------------------------------------------------------------------

 --------  PYTHIA Event Listing  (complete event)  ---------------------------------------------------------------------------------
 
    no         id  name            status     mothers   daughters     colours      p_x        p_y        p_z         e          m 
     0         90  (system)           -11     0     0     0     0     0     0      0.000      0.000      3.000     11.000     10.583
     1         11  (e-)               -12     0     0    16     0     0     0      0.000      0.000      7.000      7.000      0.001
     2        -11  (e+)               -12     0     0    17     0     0     0      0.000      0.000     -4.000      4.000      0.001
     3         11  (e-)               -21    16    16     5     6     0     0      0.000      0.000      7.000      7.000      0.000
     4        -11  (e+)               -21    17    17     5     6     0     0      0.000      0.000     -4.000      4.000      0.000
     5          4  (c)                -23     3     4     7     8   101     0     -4.159      2.902      1.333      5.454      1.500
     6         -4  (cbar)             -23     3     4     9     9     0   101      4.159     -2.902      1.667      5.546      1.500
     7          4  (c)                -51     5     0    18    18   104     0     -2.095      2.609      1.052      3.815      1.500
     8         21  (g)                -51     5     0    12    12   101   104     -1.856      0.148      0.358      1.896      0.000
     9         -4  (cbar)             -52     6     6    10    11     0   101      3.950     -2.757      1.590      5.290      1.500
    10         -4  (cbar)             -51     9     0    19    19     0   105      3.157     -3.109      1.438      4.894      1.500
    11         21  (g)                -51     9     0    15    15   105   101      0.522      0.374      0.204      0.674      0.000
    12         21  (g)                -52     8     8    13    14   101   104     -1.584      0.126      0.306      1.618      0.000
    13         21  (g)                -51    12     0    20    20   106   104     -0.795     -0.010     -0.424      0.901      0.000
    14         21  (g)                -51    12     0    22    22   101   106     -0.541      0.314      0.826      1.036      0.000
    15         21  (g)                -52    11    11    21    21   105   101      0.275      0.197      0.107      0.354      0.000
    16         11  (e-)               -61     1     0     3     3     0     0      0.000      0.000      7.000      7.000      0.000
    17        -11  (e+)               -61     2     0     4     4     0     0      0.000      0.000     -4.000      4.000      0.000
    18          4  c                   62     7     7     0     0   104     0     -2.095      2.609      1.052      3.815      1.500
    19         -4  cbar                62    10    10     0     0     0   105      3.157     -3.109      1.438      4.894      1.500
    20         21  g                   62    13    13     0     0   106   104     -0.795     -0.010     -0.424      0.901      0.000
    21         21  g                   62    15    15     0     0   105   101      0.275      0.197      0.107      0.354      0.000
    22         21  g                   62    14    14     0     0   101   106     -0.541      0.314      0.826      1.036      0.000
    23         22  gamma               63     1     0     0     0     0     0      0.000      0.000      0.000      0.000      0.000
    24         22  gamma               63     2     0     0     0     0     0      0.000      0.000     -0.000      0.000      0.000
                                   Charge sum:  0.000           Momentum sum:     -0.000      0.000      3.000     11.000     10.583

 --------  End PYTHIA Event Listing  -----------------------------------------------------------------------------------------------
 PYTHIA Warning in TauDecays::decay: unknown correlated tau production, assuming from unpolarized photon  
 PYTHIA Warning in PhaseSpace2to2tauyz::trialKin: maximum for cross section violated  

 *-------  PYTHIA Event and Cross Section Statistics  -------------------------------------------------------------*
 |                                                                                                                 |
 | Subprocess                                    Code |            Number of events       |      sigma +- delta    |
 |                                                    |       Tried   Selected   Accepted |     (estimated) (mb)   |
 |                                                    |                                   |                        |
 |-----------------------------------------------------------------------------------------------------------------|
 |                                                    |                                   |                        |
 | f fbar -> f' fbar' (s-channel gamma*)          223 |      272793      10000      10000 |   5.993e-06  2.901e-08 |
 |                                                    |                                   |                        |
 | sum                                                |      272793      10000      10000 |   5.993e-06  2.901e-08 |
 |                                                                                                                 |
 *-------  End PYTHIA Event and Cross Section Statistics ----------------------------------------------------------*

 *-------  PYTHIA Error and Warning Messages Statistics  ----------------------------------------------------------* 
 |                                                                                                                 | 
 |  times   message                                                                                                | 
 |                                                                                                                 | 
 |     64   Warning in PhaseSpace2to2tauyz::trialKin: maximum for cross section violated                           | 
 |   1457   Warning in TauDecays::decay: unknown correlated tau production, assuming from unpolarized photon       | 
 |                                                                                                                 | 
 *-------  End PYTHIA Error and Warning Messages Statistics  ------------------------------------------------------* 
Gammatau2xmu: 8.402e-16

Gammatau2xe: 0.000e+00

BRtau2xmu: 3.707e-04

BRtau2xe: 0.000e+00

produced tau excluding those daughters are also tau lepton: 2.914e+03
produced X: 2.914e+03
produced X/NMC: 2.914e-01

Proportion of X flying forward (eta>0): 6.156e-01
Proportion of X flying backward (eta<0): 3.844e-01

Total Gamma [GeV]: 7.439e-19
ctau [m]: 2.653e+02

Gammax2tautau: 0.000e+00

Gammax2mumu: 0.000e+00

Gammax2ee: 7.439e-19

Gammax2gmgm: 0.000e+00

BRx2tautau: 0.000e+00

BRx2mumu: 0.000e+00

BRx2ee: 1.000e+00

BRx2gmgm: 0.000e+00

X: insideFidVol: 1.000e+00
observedX: 2.788e+00
visibleX: 2.788e-01

X Observed Fiducial efficiency: 9.567e-04
X Visible Fiducial efficiency: 9.567e-05

reallyProduced tau: 9.200e+10
total number of tau-tau events: 4.600e+10

reallyProducedX: 1.201e+07
reallyobservedX: 1.149e+04
reallyvisibleX: 1.149e+03

