mX:  1
g_TM_Lamb:  6e-10
g_MM_Lamb:  4e-08
NMC 10000

 *-------  PYTHIA Process Initialization  --------------------------*
 |                                                                  |
 | We collide e- with e+ at a CM energy of 1.058e+01 GeV            |
 |                                                                  |
 |------------------------------------------------------------------|
 |                                                    |             |
 | Subprocess                                    Code |   Estimated |
 |                                                    |    max (mb) |
 |                                                    |             |
 |------------------------------------------------------------------|
 |                                                    |             |
 | f fbar -> f' fbar' (s-channel gamma*)          223 |   1.598e-04 |
 |                                                                  |
 *-------  End PYTHIA Process Initialization -----------------------*

 *-------  PYTHIA Flag + Mode + Parm + Word + FVec + MVec + PVec + WVec Settings (changes only)  ------------------* 
 |                                                                                                                 | 
 | Name                                          |                      Now |      Default         Min         Max | 
 |                                               |                          |                                      | 
 | Beams:eA                                      |                  7.00000 |     7000.000         0.0             | 
 | Beams:eB                                      |                  4.00000 |     7000.000         0.0             | 
 | Beams:frameType                               |                        2 |            1           1           5 | 
 | Beams:idA                                     |                       11 |         2212                         | 
 | Beams:idB                                     |                      -11 |         2212                         | 
 | HadronLevel:Hadronize                         |                      off |           on                         | 
 | Next:numberCount                              |                    10000 |         1000           0             | 
 | PartonLevel:MPI                               |                      off |           on                         | 
 | Random:seed                                   |                        0 |           -1               900000000 | 
 | Random:setSeed                                |                       on |          off                         | 
 | WeakSingleBoson:ffbar2ffbar(s:gm)             |                       on |          off                         | 
 |                                                                                                                 | 
 *-------  End PYTHIA Flag + Mode + Parm + Word + FVec + MVec + PVec + WVec Settings  -----------------------------* 

 --------  PYTHIA Particle Data Table (changed only)  ------------------------------------------------------------------------------
 
      id   name            antiName         spn chg col      m0        mWidth      mMin       mMax       tau0    res dec ext vis wid
             no onMode   bRatio   meMode     products 

      15  tau-             tau+               2  -3   0    1.77682    0.00000    0.00000    0.00000  8.71100e-02   0   1   0   1   0
              0     1   0.0000000  103       36       13 
              1     1   0.0000000  103       36       11 

      36  x                                   1   0   0    1.00000    0.00000    0.00000    0.00000  3.75174e+03   0   1   0   0   0
              0     1   0.0000000  103       15      -15 
              1     1   1.0000000  103       13      -13 
              2     1   0.0000000  103       11      -11 
              3     1   0.0000000  103       22       22 

 --------  End PYTHIA Particle Data Table  -----------------------------------------------------------------------------------------


 --------  PYTHIA Info Listing  ---------------------------------------- 
 
 Beam A: id =     11, pz =  5.292e+00, e =  5.292e+00, m =  5.110e-04.
 Beam B: id =    -11, pz = -5.292e+00, e =  5.292e+00, m =  5.110e-04.

 In 1: id =   11, x =  1.000e+00, pdf =  2.672e+06 at Q2 =  1.120e+02.
 In 2: id =  -11, x =  1.000e+00, pdf =  4.472e+08 at same Q2.

 Subprocess f fbar -> f' fbar' (s-channel gamma*) with code 223 is 2 -> 2.
 It has sHat =  1.120e+02,    tHat = -1.045e+02,    uHat = -7.486e+00,
       pTHat =  2.535e+00,   m3Hat =  1.500e+00,   m4Hat =  1.500e+00,
    thetaHat =  2.619e+00,  phiHat =  5.959e+00.
     alphaEM =  7.631e-03,  alphaS =  1.975e-01    at Q2 =  1.120e+02.

 Impact parameter b =  0.000e+00 gives enhancement factor =  1.000e+00.
 Max pT scale for MPI =  1.058e+01, ISR =  1.058e+01, FSR =  1.058e+01.
 Number of MPI =     1, ISR =     0, FSRproc =     4, FSRreson =     0.

 --------  End PYTHIA Info Listing  ------------------------------------

 --------  PYTHIA Event Listing  (hard process)  -----------------------------------------------------------------------------------
 
    no         id  name            status     mothers   daughters     colours      p_x        p_y        p_z         e          m 
     0         90  (system)           -11     0     0     0     0     0     0      0.000      0.000      3.000     11.000     10.583
     1         11  (e-)               -12     0     0     3     0     0     0      0.000      0.000      7.000      7.000      0.001
     2        -11  (e+)               -12     0     0     4     0     0     0      0.000      0.000     -4.000      4.000      0.001
     3         11  (e-)               -21     1     0     5     6     0     0      0.000      0.000      7.000      7.000      0.000
     4        -11  (e+)               -21     2     0     5     6     0     0      0.000      0.000     -4.000      4.000      0.000
     5          4  c                   23     3     4     0     0   101     0      2.402     -0.808     -3.069      4.254      1.500
     6         -4  cbar                23     3     4     0     0     0   101     -2.402      0.808      6.069      6.746      1.500
                                   Charge sum:  0.000           Momentum sum:      0.000      0.000      3.000     11.000     10.583

 --------  End PYTHIA Event Listing  -----------------------------------------------------------------------------------------------

 --------  PYTHIA Event Listing  (complete event)  ---------------------------------------------------------------------------------
 
    no         id  name            status     mothers   daughters     colours      p_x        p_y        p_z         e          m 
     0         90  (system)           -11     0     0     0     0     0     0      0.000      0.000      3.000     11.000     10.583
     1         11  (e-)               -12     0     0    19     0     0     0      0.000      0.000      7.000      7.000      0.001
     2        -11  (e+)               -12     0     0    20     0     0     0      0.000      0.000     -4.000      4.000      0.001
     3         11  (e-)               -21    19    19     5     6     0     0      0.000      0.000      7.000      7.000      0.000
     4        -11  (e+)               -21    20    20     5     6     0     0      0.000      0.000     -4.000      4.000      0.000
     5          4  (c)                -23     3     4     9     9   101     0      2.402     -0.808     -3.069      4.254      1.500
     6         -4  (cbar)             -23     3     4     7     8     0   101     -2.402      0.808      6.069      6.746      1.500
     7         -4  (cbar)             -51     6     0    18    18     0   103      0.212      0.534     -0.224      1.622      1.500
     8         21  (g)                -51     6     0    10    11   103   101     -2.081      0.095      5.582      5.958      0.000
     9          4  (c)                -52     5     5    12    12   101     0      1.869     -0.628     -2.358      3.420      1.500
    10         21  (g)                -51     8     0    15    15   103   104     -0.622     -0.720      4.546      4.644      0.000
    11         21  (g)                -51     8     0    13    14   104   101     -1.248      0.747      0.749      1.636      0.000
    12          4  (c)                -52     9     9    21    21   101     0      1.657     -0.561     -2.071      3.098      1.500
    13         21  (g)                -51    11     0    24    24   106   101     -1.749      0.443      1.651      2.445      0.000
    14         21  (g)                -51    11     0    25    25   104   106      0.322      0.097      0.408      0.529      0.000
    15         21  (g)                -52    10    10    16    17   103   104     -0.443     -0.512      3.236      3.306      0.000
    16         -1  (dbar)             -51    15     0    23    23     0   104     -0.739     -0.487      2.562      2.730      0.330
    17          1  (d)                -51    15     0    26    26   103     0      0.371      0.117      0.387      0.640      0.330
    18         -4  (cbar)             -52     7     7    22    22     0   103      0.138      0.392      0.063      1.558      1.500
    19         11  (e-)               -61     1     0     3     3     0     0      0.000      0.000      7.000      7.000      0.000
    20        -11  (e+)               -61     2     0     4     4     0     0      0.000      0.000     -4.000      4.000      0.000
    21          4  c                   62    12    12     0     0   101     0      1.657     -0.561     -2.071      3.098      1.500
    22         -4  cbar                62    18    18     0     0     0   103      0.138      0.392      0.063      1.558      1.500
    23         -1  dbar                62    16    16     0     0     0   104     -0.739     -0.487      2.562      2.730      0.330
    24         21  g                   62    13    13     0     0   106   101     -1.749      0.443      1.651      2.445      0.000
    25         21  g                   62    14    14     0     0   104   106      0.322      0.097      0.408      0.529      0.000
    26          1  d                   62    17    17     0     0   103     0      0.371      0.117      0.387      0.640      0.330
    27         22  gamma               63     1     0     0     0     0     0      0.000      0.000      0.000      0.000      0.000
    28         22  gamma               63     2     0     0     0     0     0      0.000      0.000     -0.000      0.000      0.000
                                   Charge sum:  0.000           Momentum sum:      0.000     -0.000      3.000     11.000     10.583

 --------  End PYTHIA Event Listing  -----------------------------------------------------------------------------------------------
 PYTHIA Warning in TauDecays::decay: unknown correlated tau production, assuming from unpolarized photon  
 PYTHIA Warning in PhaseSpace2to2tauyz::trialKin: maximum for cross section violated  

 *-------  PYTHIA Event and Cross Section Statistics  -------------------------------------------------------------*
 |                                                                                                                 |
 | Subprocess                                    Code |            Number of events       |      sigma +- delta    |
 |                                                    |       Tried   Selected   Accepted |     (estimated) (mb)   |
 |                                                    |                                   |                        |
 |-----------------------------------------------------------------------------------------------------------------|
 |                                                    |                                   |                        |
 | f fbar -> f' fbar' (s-channel gamma*)          223 |      264635      10000      10000 |   6.013e-06  2.969e-08 |
 |                                                    |                                   |                        |
 | sum                                                |      264635      10000      10000 |   6.013e-06  2.969e-08 |
 |                                                                                                                 |
 *-------  End PYTHIA Event and Cross Section Statistics ----------------------------------------------------------*

 *-------  PYTHIA Error and Warning Messages Statistics  ----------------------------------------------------------* 
 |                                                                                                                 | 
 |  times   message                                                                                                | 
 |                                                                                                                 | 
 |     25   Warning in PhaseSpace2to2tauyz::trialKin: maximum for cross section violated                           | 
 |   1500   Warning in TauDecays::decay: unknown correlated tau production, assuming from unpolarized photon       | 
 |                                                                                                                 | 
 *-------  End PYTHIA Error and Warning Messages Statistics  ------------------------------------------------------* 
Gammatau2xmu: 3.669e-20

Gammatau2xe: 0.000e+00

BRtau2xmu: 1.620e-08

BRtau2xe: 0.000e+00

BRtau2xmu + BRtau2xe: 1.620e-08

produced tau excluding those daughters are also tau lepton: 3.000e+03
produced X: 3.000e+03
produced X/NMC: 3.000e-01

Proportion of X flying forward (eta>0): 6.097e-01
Proportion of X flying backward (eta<0): 3.903e-01

Total Gamma [GeV]: 5.260e-17
ctau [m]: 3.752e+00

Gammax2tautau: 0.000e+00

Gammax2mumu: 5.260e-17

Gammax2ee: 0.000e+00

Gammax2gmgm: 0.000e+00

BRx2tautau: 0.000e+00

BRx2mumu: 1.000e+00

BRx2ee: 0.000e+00

BRx2gmgm: 0.000e+00

X: insideFidVol: 2.080e+02
observedX: 2.000e+02
visibleX: 2.000e+01

X Observed Fiducial efficiency: 6.668e-02
X Visible Fiducial efficiency: 6.668e-03

reallyProduced tau: 9.200e+10
total number of tau-tau events: 4.600e+10

reallyProducedX: 5.246e+02
reallyobservedX: 3.498e+01
reallyvisibleX: 3.498e+00

