mX:  1
g_TM_Lamb:  4e-10
g_MM_Lamb:  8e-05
NMC 10000

 *-------  PYTHIA Process Initialization  --------------------------*
 |                                                                  |
 | We collide e- with e+ at a CM energy of 1.058e+01 GeV            |
 |                                                                  |
 |------------------------------------------------------------------|
 |                                                    |             |
 | Subprocess                                    Code |   Estimated |
 |                                                    |    max (mb) |
 |                                                    |             |
 |------------------------------------------------------------------|
 |                                                    |             |
 | f fbar -> f' fbar' (s-channel gamma*)          223 |   1.524e-04 |
 |                                                                  |
 *-------  End PYTHIA Process Initialization -----------------------*

 *-------  PYTHIA Flag + Mode + Parm + Word + FVec + MVec + PVec + WVec Settings (changes only)  ------------------* 
 |                                                                                                                 | 
 | Name                                          |                      Now |      Default         Min         Max | 
 |                                               |                          |                                      | 
 | Beams:eA                                      |                  7.00000 |     7000.000         0.0             | 
 | Beams:eB                                      |                  4.00000 |     7000.000         0.0             | 
 | Beams:frameType                               |                        2 |            1           1           5 | 
 | Beams:idA                                     |                       11 |         2212                         | 
 | Beams:idB                                     |                      -11 |         2212                         | 
 | HadronLevel:Hadronize                         |                      off |           on                         | 
 | Next:numberCount                              |                    10000 |         1000           0             | 
 | PartonLevel:MPI                               |                      off |           on                         | 
 | Random:seed                                   |                        0 |           -1               900000000 | 
 | Random:setSeed                                |                       on |          off                         | 
 | WeakSingleBoson:ffbar2ffbar(s:gm)             |                       on |          off                         | 
 |                                                                                                                 | 
 *-------  End PYTHIA Flag + Mode + Parm + Word + FVec + MVec + PVec + WVec Settings  -----------------------------* 

 --------  PYTHIA Particle Data Table (changed only)  ------------------------------------------------------------------------------
 
      id   name            antiName         spn chg col      m0        mWidth      mMin       mMax       tau0    res dec ext vis wid
             no onMode   bRatio   meMode     products 

      15  tau-             tau+               2  -3   0    1.77682    0.00000    0.00000    0.00000  8.71100e-02   0   1   0   1   0
              0     1   0.0000000  103       36       13 
              1     1   0.0000000  103       36       11 

      36  x                                   1   0   0    1.00000    0.00000    0.00000    0.00000  9.37934e-04   0   1   0   0   0
              0     1   0.0000000  103       15      -15 
              1     1   1.0000000  103       13      -13 
              2     1   0.0000000  103       11      -11 
              3     1   0.0000000  103       22       22 

 --------  End PYTHIA Particle Data Table  -----------------------------------------------------------------------------------------


 --------  PYTHIA Info Listing  ---------------------------------------- 
 
 Beam A: id =     11, pz =  5.292e+00, e =  5.292e+00, m =  5.110e-04.
 Beam B: id =    -11, pz = -5.292e+00, e =  5.292e+00, m =  5.110e-04.

 In 1: id =   11, x =  9.949e-01, pdf =  6.955e+00 at Q2 =  1.114e+02.
 In 2: id =  -11, x =  1.000e+00, pdf =  2.386e+08 at same Q2.

 Subprocess f fbar -> f' fbar' (s-channel gamma*) with code 223 is 2 -> 2.
 It has sHat =  1.114e+02,    tHat = -1.030e+02,    uHat = -8.395e+00,
       pTHat =  2.781e+00,   m3Hat =  3.300e-01,   m4Hat =  3.300e-01,
    thetaHat =  2.585e+00,  phiHat =  5.819e+00.
     alphaEM =  7.631e-03,  alphaS =  1.976e-01    at Q2 =  1.114e+02.

 Impact parameter b =  0.000e+00 gives enhancement factor =  1.000e+00.
 Max pT scale for MPI =  1.058e+01, ISR =  1.056e+01, FSR =  1.056e+01.
 Number of MPI =     1, ISR =     1, FSRproc =     4, FSRreson =     0.

 --------  End PYTHIA Info Listing  ------------------------------------

 --------  PYTHIA Event Listing  (hard process)  -----------------------------------------------------------------------------------
 
    no         id  name            status     mothers   daughters     colours      p_x        p_y        p_z         e          m 
     0         90  (system)           -11     0     0     0     0     0     0      0.000      0.000      3.000     11.000     10.583
     1         11  (e-)               -12     0     0     3     0     0     0      0.000      0.000      7.000      7.000      0.001
     2        -11  (e+)               -12     0     0     4     0     0     0      0.000      0.000     -4.000      4.000      0.001
     3         11  (e-)               -21     1     0     5     6     0     0      0.000      0.000      6.964      6.964      0.000
     4        -11  (e+)               -21     2     0     5     6     0     0      0.000      0.000     -4.000      4.000      0.000
     5          2  u                   23     3     4     0     0   101     0      2.486     -1.245     -3.165      4.226      0.330
     6         -2  ubar                23     3     4     0     0     0   101     -2.486      1.245      6.129      6.738      0.330
                                   Charge sum:  0.000           Momentum sum:      0.000      0.000      2.964     10.964     10.556

 --------  End PYTHIA Event Listing  -----------------------------------------------------------------------------------------------

 --------  PYTHIA Event Listing  (complete event)  ---------------------------------------------------------------------------------
 
    no         id  name            status     mothers   daughters     colours      p_x        p_y        p_z         e          m 
     0         90  (system)           -11     0     0     0     0     0     0      0.000      0.000      3.000     11.000     10.583
     1         11  (e-)               -12     0     0    28     0     0     0      0.000      0.000      7.000      7.000      0.001
     2        -11  (e+)               -12     0     0    29     0     0     0      0.000      0.000     -4.000      4.000      0.001
     3         11  (e-)               -21    19     0     5     6     0     0      0.000      0.000      6.964      6.964      0.000
     4        -11  (e+)               -21    20    20     5     6     0     0      0.000      0.000     -4.000      4.000      0.000
     5          2  (u)                -23     3     4     9     9   101     0      2.486     -1.245     -3.165      4.226      0.330
     6         -2  (ubar)             -23     3     4     7     8     0   101     -2.486      1.245      6.129      6.738      0.330
     7         -2  (ubar)             -51     6     0    18    18     0   102     -2.095      0.062      3.537      4.125      0.330
     8         21  (g)                -51     6     0    10    11   102   101     -0.309      1.141      2.487      2.753      0.000
     9          2  (u)                -52     5     5    12    12   101     0      2.404     -1.204     -3.059      4.086      0.330
    10         21  (g)                -51     8     0    15    15   102   103     -0.286      1.537      2.115      2.630      0.000
    11         21  (g)                -51     8     0    13    14   103   101      0.255     -0.535      0.017      0.593      0.000
    12          2  (u)                -52     9     9    21    21   101     0      2.126     -1.064     -2.705      3.617      0.330
    13         21  (g)                -51    11     0    24    24   104   101      0.061      0.083     -0.368      0.382      0.000
    14         21  (g)                -51    11     0    25    25   103   104      0.093     -0.080      1.124      1.131      0.000
    15         21  (g)                -52    10    10    16    17   102   103     -0.186      0.999      1.375      1.710      0.000
    16         -1  (dbar)             -51    15     0    23    23     0   103     -0.529      0.979      1.282      1.729      0.330
    17          1  (d)                -51    15     0    26    26   102     0     -0.535      0.011      1.537      1.661      0.330
    18         -2  (ubar)             -52     7     7    22    22     0   102     -1.217      0.072      2.093      2.445      0.330
    19         11  (e-)               -41    28    28    27     3     0     0      0.000      0.000      7.000      7.000      0.000
    20        -11  (e+)               -42    29    29     4     4     0     0     -0.000      0.000     -4.000      4.000      0.000
    21          2  (u)                -44    12    12    30    30   101     0      2.126     -1.063     -2.703      3.615      0.330
    22         -2  (ubar)             -44    18    18    31    31     0   102     -1.217      0.076      2.094      2.446      0.330
    23         -1  (dbar)             -44    16    16    32    32     0   103     -0.529      0.981      1.282      1.730      0.330
    24         21  (g)                -44    13    13    33    33   104   101      0.061      0.083     -0.367      0.382      0.000
    25         21  (g)                -44    14    14    34    34   103   104      0.093     -0.078      1.125      1.131      0.000
    26          1  (d)                -44    17    17    35    35   102     0     -0.535      0.013      1.537      1.661      0.330
    27         22  (gamma)            -43    19     0    36    36     0     0      0.001     -0.012      0.033      0.035      0.000
    28         11  (e-)               -61     1     0    19    19     0     0     -0.000      0.000      7.000      7.000      0.000
    29        -11  (e+)               -61     2     0    20    20     0     0      0.000      0.000     -4.000      4.000      0.000
    30          2  u                   62    21    21     0     0   101     0      2.126     -1.063     -2.703      3.615      0.330
    31         -2  ubar                62    22    22     0     0     0   102     -1.217      0.076      2.094      2.446      0.330
    32         -1  dbar                62    23    23     0     0     0   103     -0.529      0.981      1.282      1.730      0.330
    33         21  g                   62    24    24     0     0   104   101      0.061      0.083     -0.367      0.382      0.000
    34         21  g                   62    25    25     0     0   103   104      0.093     -0.078      1.125      1.131      0.000
    35          1  d                   62    26    26     0     0   102     0     -0.535      0.013      1.537      1.661      0.330
    36         22  gamma               62    27    27     0     0     0     0      0.001     -0.012      0.033      0.035      0.000
    37         22  gamma               63     1     0     0     0     0     0      0.000      0.000      0.000      0.000      0.000
    38         22  gamma               63     2     0     0     0     0     0      0.000      0.000     -0.000      0.000      0.000
                                   Charge sum:  0.000           Momentum sum:      0.000      0.000      3.000     11.000     10.583

 --------  End PYTHIA Event Listing  -----------------------------------------------------------------------------------------------
 PYTHIA Warning in TauDecays::decay: unknown correlated tau production, assuming from unpolarized photon  
 PYTHIA Warning in PhaseSpace2to2tauyz::trialKin: maximum for cross section violated  

 *-------  PYTHIA Event and Cross Section Statistics  -------------------------------------------------------------*
 |                                                                                                                 |
 | Subprocess                                    Code |            Number of events       |      sigma +- delta    |
 |                                                    |       Tried   Selected   Accepted |     (estimated) (mb)   |
 |                                                    |                                   |                        |
 |-----------------------------------------------------------------------------------------------------------------|
 |                                                    |                                   |                        |
 | f fbar -> f' fbar' (s-channel gamma*)          223 |      251624      10000      10000 |   6.013e-06  2.895e-08 |
 |                                                    |                                   |                        |
 | sum                                                |      251624      10000      10000 |   6.013e-06  2.895e-08 |
 |                                                                                                                 |
 *-------  End PYTHIA Event and Cross Section Statistics ----------------------------------------------------------*

 *-------  PYTHIA Error and Warning Messages Statistics  ----------------------------------------------------------* 
 |                                                                                                                 | 
 |  times   message                                                                                                | 
 |                                                                                                                 | 
 |      1   Warning in PhaseSpace2to2tauyz::trialKin: maximum for cross section violated                           | 
 |   1427   Warning in TauDecays::decay: unknown correlated tau production, assuming from unpolarized photon       | 
 |                                                                                                                 | 
 *-------  End PYTHIA Error and Warning Messages Statistics  ------------------------------------------------------* 
Gammatau2xmu: 1.631e-20

Gammatau2xe: 0.000e+00

BRtau2xmu: 7.198e-09

BRtau2xe: 0.000e+00

BRtau2xmu + BRtau2xe: 7.198e-09

produced tau excluding those daughters are also tau lepton: 2.854e+03
produced X: 2.854e+03
produced X/NMC: 2.854e-01

Proportion of X flying forward (eta>0): 6.251e-01
Proportion of X flying backward (eta<0): 3.749e-01

Total Gamma [GeV]: 2.104e-10
ctau [m]: 9.379e-07

Gammax2tautau: 0.000e+00

Gammax2mumu: 2.104e-10

Gammax2ee: 0.000e+00

Gammax2gmgm: 0.000e+00

BRx2tautau: 0.000e+00

BRx2mumu: 1.000e+00

BRx2ee: 0.000e+00

BRx2gmgm: 0.000e+00

X: insideFidVol: 0.000e+00
observedX: 0.000e+00
visibleX: 0.000e+00

X Observed Fiducial efficiency: 0.000e+00
X Visible Fiducial efficiency: 0.000e+00

reallyProduced tau: 9.200e+10
total number of tau-tau events: 4.600e+10

reallyProducedX: 2.332e+02
reallyobservedX: 0.000e+00
reallyvisibleX: 0.000e+00

