mX:  1
g_TM_Lamb:  8e-09
g_MM_Lamb:  1e-06
NMC 10000

 *-------  PYTHIA Process Initialization  --------------------------*
 |                                                                  |
 | We collide e- with e+ at a CM energy of 1.058e+01 GeV            |
 |                                                                  |
 |------------------------------------------------------------------|
 |                                                    |             |
 | Subprocess                                    Code |   Estimated |
 |                                                    |    max (mb) |
 |                                                    |             |
 |------------------------------------------------------------------|
 |                                                    |             |
 | f fbar -> f' fbar' (s-channel gamma*)          223 |   1.551e-04 |
 |                                                                  |
 *-------  End PYTHIA Process Initialization -----------------------*

 *-------  PYTHIA Flag + Mode + Parm + Word + FVec + MVec + PVec + WVec Settings (changes only)  ------------------* 
 |                                                                                                                 | 
 | Name                                          |                      Now |      Default         Min         Max | 
 |                                               |                          |                                      | 
 | Beams:eA                                      |                  7.00000 |     7000.000         0.0             | 
 | Beams:eB                                      |                  4.00000 |     7000.000         0.0             | 
 | Beams:frameType                               |                        2 |            1           1           5 | 
 | Beams:idA                                     |                       11 |         2212                         | 
 | Beams:idB                                     |                      -11 |         2212                         | 
 | HadronLevel:Hadronize                         |                      off |           on                         | 
 | Next:numberCount                              |                    10000 |         1000           0             | 
 | PartonLevel:MPI                               |                      off |           on                         | 
 | Random:seed                                   |                        0 |           -1               900000000 | 
 | Random:setSeed                                |                       on |          off                         | 
 | WeakSingleBoson:ffbar2ffbar(s:gm)             |                       on |          off                         | 
 |                                                                                                                 | 
 *-------  End PYTHIA Flag + Mode + Parm + Word + FVec + MVec + PVec + WVec Settings  -----------------------------* 

 --------  PYTHIA Particle Data Table (changed only)  ------------------------------------------------------------------------------
 
      id   name            antiName         spn chg col      m0        mWidth      mMin       mMax       tau0    res dec ext vis wid
             no onMode   bRatio   meMode     products 

      15  tau-             tau+               2  -3   0    1.77682    0.00000    0.00000    0.00000  8.71100e-02   0   1   0   1   0
              0     1   0.0000029  103       36       13 
              1     1   0.0000000  103       36       11 

      36  x                                   1   0   0    1.00000    0.00000    0.00000    0.00000  6.00278e+00   0   1   0   0   0
              0     1   0.0000000  103       15      -15 
              1     1   1.0000000  103       13      -13 
              2     1   0.0000000  103       11      -11 
              3     1   0.0000000  103       22       22 

 --------  End PYTHIA Particle Data Table  -----------------------------------------------------------------------------------------


 --------  PYTHIA Info Listing  ---------------------------------------- 
 
 Beam A: id =     11, pz =  5.292e+00, e =  5.292e+00, m =  5.110e-04.
 Beam B: id =    -11, pz = -5.292e+00, e =  5.292e+00, m =  5.110e-04.

 In 1: id =   11, x =  1.000e+00, pdf =  3.134e+04 at Q2 =  1.051e+02.
 In 2: id =  -11, x =  9.381e-01, pdf =  5.706e-01 at same Q2.

 Subprocess f fbar -> f' fbar' (s-channel gamma*) with code 223 is 2 -> 2.
 It has sHat =  1.051e+02,    tHat = -5.753e+00,    uHat = -9.931e+01,
       pTHat =  2.327e+00,   m3Hat =  3.300e-01,   m4Hat =  3.300e-01,
    thetaHat =  4.724e-01,  phiHat =  4.273e+00.
     alphaEM =  7.629e-03,  alphaS =  1.990e-01    at Q2 =  1.051e+02.

 Impact parameter b =  0.000e+00 gives enhancement factor =  1.000e+00.
 Max pT scale for MPI =  1.058e+01, ISR =  1.025e+01, FSR =  1.025e+01.
 Number of MPI =     1, ISR =     1, FSRproc =     3, FSRreson =     0.

 --------  End PYTHIA Info Listing  ------------------------------------

 --------  PYTHIA Event Listing  (hard process)  -----------------------------------------------------------------------------------
 
    no         id  name            status     mothers   daughters     colours      p_x        p_y        p_z         e          m 
     0         90  (system)           -11     0     0     0     0     0     0      0.000      0.000      3.000     11.000     10.583
     1         11  (e-)               -12     0     0     3     0     0     0      0.000      0.000      7.000      7.000      0.001
     2        -11  (e+)               -12     0     0     4     0     0     0      0.000      0.000     -4.000      4.000      0.001
     3         11  (e-)               -21     1     0     5     6     0     0      0.000      0.000      7.000      7.000      0.000
     4        -11  (e+)               -21     2     0     5     6     0     0      0.000      0.000     -3.752      3.752      0.000
     5          2  u                   23     3     4     0     0   101     0     -0.991     -2.106      6.401      6.819      0.330
     6         -2  ubar                23     3     4     0     0     0   101      0.991      2.106     -3.154      3.933      0.330
                                   Charge sum:  0.000           Momentum sum:      0.000      0.000      3.248     10.752     10.250

 --------  End PYTHIA Event Listing  -----------------------------------------------------------------------------------------------

 --------  PYTHIA Event Listing  (complete event)  ---------------------------------------------------------------------------------
 
    no         id  name            status     mothers   daughters     colours      p_x        p_y        p_z         e          m 
     0         90  (system)           -11     0     0     0     0     0     0      0.000      0.000      3.000     11.000     10.583
     1         11  (e-)               -12     0     0    24     0     0     0      0.000      0.000      7.000      7.000      0.001
     2        -11  (e+)               -12     0     0    25     0     0     0      0.000      0.000     -4.000      4.000      0.001
     3         11  (e-)               -21    16    16     5     6     0     0      0.000      0.000      7.000      7.000      0.000
     4        -11  (e+)               -21    17     0     5     6     0     0      0.000      0.000     -3.752      3.752      0.000
     5          2  (u)                -23     3     4     7     8   101     0     -0.991     -2.106      6.401      6.819      0.330
     6         -2  (ubar)             -23     3     4     9     9     0   101      0.991      2.106     -3.154      3.933      0.330
     7          2  (u)                -51     5     0    18    18   102     0      0.597     -2.124      3.585      4.222      0.330
     8         21  (g)                -51     5     0    12    12   101   102     -1.498      0.208      2.532      2.949      0.000
     9         -2  (ubar)             -52     6     6    10    11     0   101      0.901      1.916     -2.869      3.581      0.330
    10         -2  (ubar)             -51     9     0    19    19     0   103      1.156      2.057     -1.722      2.940      0.330
    11         21  (g)                -51     9     0    15    15   103   101     -0.421     -0.118     -0.865      0.970      0.000
    12         21  (g)                -52     8     8    13    14   101   102     -1.332      0.185      2.250      2.621      0.000
    13         21  (g)                -51    12     0    20    20   104   102     -1.309     -0.129      2.182      2.548      0.000
    14         21  (g)                -51    12     0    22    22   101   104     -0.154      0.277     -0.204      0.377      0.000
    15         21  (g)                -52    11    11    21    21   103   101     -0.289     -0.081     -0.594      0.665      0.000
    16         11  (e-)               -42    24    24     3     3     0     0      0.000      0.000      7.000      7.000      0.000
    17        -11  (e+)               -41    25    25    23     4     0     0     -0.000     -0.000     -4.000      4.000      0.000
    18          2  (u)                -44     7     7    26    26   102     0      0.597     -2.124      3.585      4.222      0.330
    19         -2  (ubar)             -44    10    10    27    27     0   103      1.156      2.057     -1.722      2.939      0.330
    20         21  (g)                -44    13    13    28    28   104   102     -1.309     -0.129      2.182      2.548      0.000
    21         21  (g)                -44    15    15    29    29   103   101     -0.289     -0.081     -0.594      0.665      0.000
    22         21  (g)                -44    14    14    30    30   101   104     -0.155      0.277     -0.204      0.377      0.000
    23         22  (gamma)            -43    17     0    31    31     0     0      0.000      0.001     -0.248      0.248      0.000
    24         11  (e-)               -61     1     0    16    16     0     0      0.000     -0.000      7.000      7.000      0.000
    25        -11  (e+)               -61     2     0    17    17     0     0      0.000      0.000     -4.000      4.000      0.000
    26          2  u                   62    18    18     0     0   102     0      0.597     -2.124      3.585      4.222      0.330
    27         -2  ubar                62    19    19     0     0     0   103      1.156      2.057     -1.722      2.939      0.330
    28         21  g                   62    20    20     0     0   104   102     -1.309     -0.129      2.182      2.548      0.000
    29         21  g                   62    21    21     0     0   103   101     -0.289     -0.081     -0.594      0.665      0.000
    30         21  g                   62    22    22     0     0   101   104     -0.155      0.277     -0.204      0.377      0.000
    31         22  gamma               62    23    23     0     0     0     0      0.000      0.001     -0.248      0.248      0.000
    32         22  gamma               63     1     0     0     0     0     0      0.000      0.000      0.000      0.000      0.000
    33         22  gamma               63     2     0     0     0     0     0      0.000      0.000     -0.000      0.000      0.000
                                   Charge sum:  0.000           Momentum sum:     -0.000     -0.000      3.000     11.000     10.583

 --------  End PYTHIA Event Listing  -----------------------------------------------------------------------------------------------
 PYTHIA Warning in TauDecays::decay: unknown correlated tau production, assuming from unpolarized photon  
 PYTHIA Warning in PhaseSpace2to2tauyz::trialKin: maximum for cross section violated  

 *-------  PYTHIA Event and Cross Section Statistics  -------------------------------------------------------------*
 |                                                                                                                 |
 | Subprocess                                    Code |            Number of events       |      sigma +- delta    |
 |                                                    |       Tried   Selected   Accepted |     (estimated) (mb)   |
 |                                                    |                                   |                        |
 |-----------------------------------------------------------------------------------------------------------------|
 |                                                    |                                   |                        |
 | f fbar -> f' fbar' (s-channel gamma*)          223 |      261301      10000      10000 |   5.991e-06  2.871e-08 |
 |                                                    |                                   |                        |
 | sum                                                |      261301      10000      10000 |   5.991e-06  2.871e-08 |
 |                                                                                                                 |
 *-------  End PYTHIA Event and Cross Section Statistics ----------------------------------------------------------*

 *-------  PYTHIA Error and Warning Messages Statistics  ----------------------------------------------------------* 
 |                                                                                                                 | 
 |  times   message                                                                                                | 
 |                                                                                                                 | 
 |      9   Warning in PhaseSpace2to2tauyz::trialKin: maximum for cross section violated                           | 
 |   1411   Warning in TauDecays::decay: unknown correlated tau production, assuming from unpolarized photon       | 
 |                                                                                                                 | 
 *-------  End PYTHIA Error and Warning Messages Statistics  ------------------------------------------------------* 
Gammatau2xmu: 6.524e-18

Gammatau2xe: 0.000e+00

BRtau2xmu: 2.879e-06

BRtau2xe: 0.000e+00

BRtau2xmu + BRtau2xe: 2.879e-06

produced tau excluding those daughters are also tau lepton: 2.822e+03
produced X: 2.822e+03
produced X/NMC: 2.822e-01

Proportion of X flying forward (eta>0): 6.205e-01
Proportion of X flying backward (eta<0): 3.795e-01

Total Gamma [GeV]: 3.287e-14
ctau [m]: 6.003e-03

Gammax2tautau: 0.000e+00

Gammax2mumu: 3.287e-14

Gammax2ee: 0.000e+00

Gammax2gmgm: 0.000e+00

BRx2tautau: 0.000e+00

BRx2mumu: 1.000e+00

BRx2ee: 0.000e+00

BRx2gmgm: 0.000e+00

X: insideFidVol: 9.000e+00
observedX: 1.157e+01
visibleX: 1.157e+00

X Observed Fiducial efficiency: 4.101e-03
X Visible Fiducial efficiency: 4.101e-04

reallyProduced tau: 9.200e+10
total number of tau-tau events: 4.600e+10

reallyProducedX: 9.326e+04
reallyobservedX: 3.825e+02
reallyvisibleX: 3.825e+01

