mX:  1
g_TM_Lamb:  1.5e-08
g_MM_Lamb:  1.5e-08
NMC 10000

 *-------  PYTHIA Process Initialization  --------------------------*
 |                                                                  |
 | We collide e- with e+ at a CM energy of 1.058e+01 GeV            |
 |                                                                  |
 |------------------------------------------------------------------|
 |                                                    |             |
 | Subprocess                                    Code |   Estimated |
 |                                                    |    max (mb) |
 |                                                    |             |
 |------------------------------------------------------------------|
 |                                                    |             |
 | f fbar -> f' fbar' (s-channel gamma*)          223 |   1.390e-04 |
 |                                                                  |
 *-------  End PYTHIA Process Initialization -----------------------*

 *-------  PYTHIA Flag + Mode + Parm + Word + FVec + MVec + PVec + WVec Settings (changes only)  ------------------* 
 |                                                                                                                 | 
 | Name                                          |                      Now |      Default         Min         Max | 
 |                                               |                          |                                      | 
 | Beams:eA                                      |                  7.00000 |     7000.000         0.0             | 
 | Beams:eB                                      |                  4.00000 |     7000.000         0.0             | 
 | Beams:frameType                               |                        2 |            1           1           5 | 
 | Beams:idA                                     |                       11 |         2212                         | 
 | Beams:idB                                     |                      -11 |         2212                         | 
 | HadronLevel:Hadronize                         |                      off |           on                         | 
 | Next:numberCount                              |                    10000 |         1000           0             | 
 | PartonLevel:MPI                               |                      off |           on                         | 
 | Random:seed                                   |                        0 |           -1               900000000 | 
 | Random:setSeed                                |                       on |          off                         | 
 | WeakSingleBoson:ffbar2ffbar(s:gm)             |                       on |          off                         | 
 |                                                                                                                 | 
 *-------  End PYTHIA Flag + Mode + Parm + Word + FVec + MVec + PVec + WVec Settings  -----------------------------* 

 --------  PYTHIA Particle Data Table (changed only)  ------------------------------------------------------------------------------
 
      id   name            antiName         spn chg col      m0        mWidth      mMin       mMax       tau0    res dec ext vis wid
             no onMode   bRatio   meMode     products 

      15  tau-             tau+               2  -3   0    1.77682    0.00000    0.00000    0.00000  8.71100e-02   0   1   0   1   0
              0     1   0.0000101  103       36       13 
              1     1   0.0000000  103       36       11 

      36  x                                   1   0   0    1.00000    0.00000    0.00000    0.00000  2.66790e+04   0   1   0   0   0
              0     1   0.0000000  103       15      -15 
              1     1   1.0000000  103       13      -13 
              2     1   0.0000000  103       11      -11 
              3     1   0.0000000  103       22       22 

 --------  End PYTHIA Particle Data Table  -----------------------------------------------------------------------------------------

 PYTHIA Warning in TauDecays::decay: unknown correlated tau production, assuming from unpolarized photon  

 --------  PYTHIA Info Listing  ---------------------------------------- 
 
 Beam A: id =     11, pz =  5.292e+00, e =  5.292e+00, m =  5.110e-04.
 Beam B: id =    -11, pz = -5.292e+00, e =  5.292e+00, m =  5.110e-04.

 In 1: id =   11, x =  6.501e-01, pdf =  5.625e-02 at Q2 =  7.281e+01.
 In 2: id =  -11, x =  1.000e+00, pdf =  3.499e+06 at same Q2.

 Subprocess f fbar -> f' fbar' (s-channel gamma*) with code 223 is 2 -> 2.
 It has sHat =  7.281e+01,    tHat = -4.089e+01,    uHat = -3.192e+01,
       pTHat =  3.849e+00,   m3Hat =  1.777e+00,   m4Hat =  1.777e+00,
    thetaHat =  1.694e+00,  phiHat =  4.231e+00.
     alphaEM =  7.613e-03,  alphaS =  2.083e-01    at Q2 =  7.281e+01.

 Impact parameter b =  0.000e+00 gives enhancement factor =  1.000e+00.
 Max pT scale for MPI =  1.058e+01, ISR =  1.058e+01, FSR =  1.058e+01.
 Number of MPI =     1, ISR =     1, FSRproc =     0, FSRreson =     0.

 --------  End PYTHIA Info Listing  ------------------------------------

 --------  PYTHIA Event Listing  (hard process)  -----------------------------------------------------------------------------------
 
    no         id  name            status     mothers   daughters     colours      p_x        p_y        p_z         e          m 
     0         90  (system)           -11     0     0     0     0     0     0      0.000      0.000      3.000     11.000     10.583
     1         11  (e-)               -12     0     0     3     0     0     0      0.000      0.000      7.000      7.000      0.001
     2        -11  (e+)               -12     0     0     4     0     0     0      0.000      0.000     -4.000      4.000      0.001
     3         11  (e-)               -21     1     0     5     6     0     0      0.000      0.000      4.551      4.551      0.000
     4        -11  (e+)               -21     2     0     5     6     0     0      0.000      0.000     -4.000      4.000      0.000
     5         15  tau-                23     3     4     0     0     0     0     -1.783     -3.411     -0.203      4.245      1.777
     6        -15  tau+                23     3     4     0     0     0     0      1.783      3.411      0.754      4.306      1.777
                                   Charge sum:  0.000           Momentum sum:      0.000      0.000      0.551      8.551      8.533

 --------  End PYTHIA Event Listing  -----------------------------------------------------------------------------------------------

 --------  PYTHIA Event Listing  (complete event)  ---------------------------------------------------------------------------------
 
    no         id  name            status     mothers   daughters     colours      p_x        p_y        p_z         e          m 
     0         90  (system)           -11     0     0     0     0     0     0      0.000      0.000      3.000     11.000     10.583
     1         11  (e-)               -12     0     0    12     0     0     0      0.000      0.000      7.000      7.000      0.001
     2        -11  (e+)               -12     0     0    13     0     0     0      0.000      0.000     -4.000      4.000      0.001
     3         11  (e-)               -21     7     0     5     6     0     0      0.000      0.000      4.551      4.551      0.000
     4        -11  (e+)               -21     8     8     5     6     0     0      0.000      0.000     -4.000      4.000      0.000
     5         15  (tau-)             -23     3     4     9     9     0     0     -1.783     -3.411     -0.203      4.245      1.777
     6        -15  (tau+)             -23     3     4    10    10     0     0      1.783      3.411      0.754      4.306      1.777
     7         11  (e-)               -41    12    12    11     3     0     0     -0.000     -0.000      7.000      7.000      0.000
     8        -11  (e+)               -42    13    13     4     4     0     0     -0.000      0.000     -4.000      4.000      0.000
     9         15  (tau-)             -44     5     5    14    14     0     0     -2.159     -3.391     -0.239      4.401      1.777
    10        -15  (tau+)             -44     6     6    15    15     0     0      1.313      3.437      1.004      4.208      1.777
    11         22  (gamma)            -43     7     0    16    16     0     0      0.847     -0.047      2.236      2.391      0.000
    12         11  (e-)               -61     1     0     7     7     0     0      0.000      0.000      7.000      7.000      0.000
    13        -11  (e+)               -61     2     0     8     8     0     0      0.000     -0.000     -4.000      4.000      0.000
    14         15  (tau-)             -62     9     9    21    22     0     0     -2.159     -3.391     -0.239      4.401      1.777
    15        -15  (tau+)             -62    10    10    19    20     0     0      1.313      3.437      1.004      4.208      1.777
    16         22  gamma               62    11    11     0     0     0     0      0.847     -0.047      2.236      2.391      0.000
    17         22  gamma               63     1     0     0     0     0     0      0.000      0.000      0.000      0.000      0.000
    18         22  gamma               63     2     0     0     0     0     0      0.000      0.000     -0.000      0.000      0.000
    19         36  (x)                -91    15     0    23    24     0     0      0.921      1.724      1.076      2.445      1.000
    20        -13  mu+                 91    15     0     0     0     0     0      0.392      1.714     -0.073      1.762      0.106
    21         36  (x)                -91    14     0    25    26     0     0     -1.554     -1.420     -0.118      2.334      1.000
    22         13  mu-                 91    14     0     0     0     0     0     -0.605     -1.971     -0.121      2.068      0.106
    23         13  mu-                 91    19     0     0     0     0     0     -0.059      0.141      0.435      0.473      0.106
    24        -13  mu+                 91    19     0     0     0     0     0      0.980      1.583      0.641      1.972      0.106
    25         13  mu-                 91    21     0     0     0     0     0     -0.608     -1.196     -0.154      1.355      0.106
    26        -13  mu+                 91    21     0     0     0     0     0     -0.947     -0.224      0.036      0.979      0.106
                                   Charge sum:  0.000           Momentum sum:     -0.000      0.000      3.000     11.000     10.583

 --------  End PYTHIA Event Listing  -----------------------------------------------------------------------------------------------
 PYTHIA Warning in PhaseSpace2to2tauyz::trialKin: maximum for cross section violated  

 *-------  PYTHIA Event and Cross Section Statistics  -------------------------------------------------------------*
 |                                                                                                                 |
 | Subprocess                                    Code |            Number of events       |      sigma +- delta    |
 |                                                    |       Tried   Selected   Accepted |     (estimated) (mb)   |
 |                                                    |                                   |                        |
 |-----------------------------------------------------------------------------------------------------------------|
 |                                                    |                                   |                        |
 | f fbar -> f' fbar' (s-channel gamma*)          223 |      231518      10000      10000 |   6.039e-06  3.081e-08 |
 |                                                    |                                   |                        |
 | sum                                                |      231518      10000      10000 |   6.039e-06  3.081e-08 |
 |                                                                                                                 |
 *-------  End PYTHIA Event and Cross Section Statistics ----------------------------------------------------------*

 *-------  PYTHIA Error and Warning Messages Statistics  ----------------------------------------------------------* 
 |                                                                                                                 | 
 |  times   message                                                                                                | 
 |                                                                                                                 | 
 |     84   Warning in PhaseSpace2to2tauyz::trialKin: maximum for cross section violated                           | 
 |   1449   Warning in TauDecays::decay: unknown correlated tau production, assuming from unpolarized photon       | 
 |                                                                                                                 | 
 *-------  End PYTHIA Error and Warning Messages Statistics  ------------------------------------------------------* 
Gammatau2xmu: 2.293e-17

Gammatau2xe: 0.000e+00

BRtau2xmu: 1.012e-05

BRtau2xe: 0.000e+00

BRtau2xmu + BRtau2xe: 1.012e-05

produced tau excluding those daughters are also tau lepton: 2.898e+03
produced X: 2.898e+03
produced X/NMC: 2.898e-01

Proportion of X flying forward (eta>0): 6.297e-01
Proportion of X flying backward (eta<0): 3.703e-01

Total Gamma [GeV]: 7.396e-18
ctau [m]: 2.668e+01

Gammax2tautau: 0.000e+00

Gammax2mumu: 7.396e-18

Gammax2ee: 0.000e+00

Gammax2gmgm: 0.000e+00

BRx2tautau: 0.000e+00

BRx2mumu: 1.000e+00

BRx2ee: 0.000e+00

BRx2gmgm: 0.000e+00

X: insideFidVol: 3.400e+01
observedX: 2.879e+01
visibleX: 2.879e+00

X Observed Fiducial efficiency: 9.934e-03
X Visible Fiducial efficiency: 9.934e-04

reallyProduced tau: 9.200e+10
total number of tau-tau events: 4.600e+10

reallyProducedX: 3.279e+05
reallyobservedX: 3.257e+03
reallyvisibleX: 3.257e+02

