mX:  1
g_TM_Lamb:  4e-10
g_MM_Lamb:  1e-09
NMC 10000

 *-------  PYTHIA Process Initialization  --------------------------*
 |                                                                  |
 | We collide e- with e+ at a CM energy of 1.058e+01 GeV            |
 |                                                                  |
 |------------------------------------------------------------------|
 |                                                    |             |
 | Subprocess                                    Code |   Estimated |
 |                                                    |    max (mb) |
 |                                                    |             |
 |------------------------------------------------------------------|
 |                                                    |             |
 | f fbar -> f' fbar' (s-channel gamma*)          223 |   1.288e-04 |
 |                                                                  |
 *-------  End PYTHIA Process Initialization -----------------------*

 *-------  PYTHIA Flag + Mode + Parm + Word + FVec + MVec + PVec + WVec Settings (changes only)  ------------------* 
 |                                                                                                                 | 
 | Name                                          |                      Now |      Default         Min         Max | 
 |                                               |                          |                                      | 
 | Beams:eA                                      |                  7.00000 |     7000.000         0.0             | 
 | Beams:eB                                      |                  4.00000 |     7000.000         0.0             | 
 | Beams:frameType                               |                        2 |            1           1           5 | 
 | Beams:idA                                     |                       11 |         2212                         | 
 | Beams:idB                                     |                      -11 |         2212                         | 
 | HadronLevel:Hadronize                         |                      off |           on                         | 
 | Next:numberCount                              |                    10000 |         1000           0             | 
 | PartonLevel:MPI                               |                      off |           on                         | 
 | Random:seed                                   |                        0 |           -1               900000000 | 
 | Random:setSeed                                |                       on |          off                         | 
 | WeakSingleBoson:ffbar2ffbar(s:gm)             |                       on |          off                         | 
 |                                                                                                                 | 
 *-------  End PYTHIA Flag + Mode + Parm + Word + FVec + MVec + PVec + WVec Settings  -----------------------------* 

 --------  PYTHIA Particle Data Table (changed only)  ------------------------------------------------------------------------------
 
      id   name            antiName         spn chg col      m0        mWidth      mMin       mMax       tau0    res dec ext vis wid
             no onMode   bRatio   meMode     products 

      15  tau-             tau+               2  -3   0    1.77682    0.00000    0.00000    0.00000  8.71100e-02   0   1   0   1   0
              0     1   0.0000000  103       36       13 
              1     1   0.0000000  103       36       11 

      36  x                                   1   0   0    1.00000    0.00000    0.00000    0.00000  6.00278e+06   0   1   0   0   0
              0     1   0.0000000  103       15      -15 
              1     1   1.0000000  103       13      -13 
              2     1   0.0000000  103       11      -11 
              3     1   0.0000000  103       22       22 

 --------  End PYTHIA Particle Data Table  -----------------------------------------------------------------------------------------


 --------  PYTHIA Info Listing  ---------------------------------------- 
 
 Beam A: id =     11, pz =  5.292e+00, e =  5.292e+00, m =  5.110e-04.
 Beam B: id =    -11, pz = -5.292e+00, e =  5.292e+00, m =  5.110e-04.

 In 1: id =   11, x =  1.000e+00, pdf =  5.066e+03 at Q2 =  3.925e+01.
 In 2: id =  -11, x =  3.504e-01, pdf =  1.279e-02 at same Q2.

 Subprocess f fbar -> f' fbar' (s-channel gamma*) with code 223 is 2 -> 2.
 It has sHat =  3.925e+01,    tHat = -3.142e+01,    uHat = -7.830e+00,
       pTHat =  2.490e+00,   m3Hat =  3.300e-01,   m4Hat =  3.300e-01,
    thetaHat =  2.216e+00,  phiHat =  1.291e-01.
     alphaEM =  7.588e-03,  alphaS =  2.260e-01    at Q2 =  3.925e+01.

 Impact parameter b =  0.000e+00 gives enhancement factor =  1.000e+00.
 Max pT scale for MPI =  1.058e+01, ISR =  6.265e+00, FSR =  6.265e+00.
 Number of MPI =     1, ISR =     1, FSRproc =     1, FSRreson =     0.

 --------  End PYTHIA Info Listing  ------------------------------------

 --------  PYTHIA Event Listing  (hard process)  -----------------------------------------------------------------------------------
 
    no         id  name            status     mothers   daughters     colours      p_x        p_y        p_z         e          m 
     0         90  (system)           -11     0     0     0     0     0     0      0.000      0.000      3.000     11.000     10.583
     1         11  (e-)               -12     0     0     3     0     0     0      0.000      0.000      7.000      7.000      0.001
     2        -11  (e+)               -12     0     0     4     0     0     0      0.000      0.000     -4.000      4.000      0.001
     3         11  (e-)               -21     1     0     5     6     0     0      0.000      0.000      7.000      7.000      0.000
     4        -11  (e+)               -21     2     0     5     6     0     0      0.000      0.000     -1.402      1.402      0.000
     5          1  d                   23     3     4     0     0   101     0      2.469      0.321      0.289      2.528      0.330
     6         -1  dbar                23     3     4     0     0     0   101     -2.469     -0.321      5.310      5.874      0.330
                                   Charge sum:  0.000           Momentum sum:      0.000      0.000      5.598      8.402      6.265

 --------  End PYTHIA Event Listing  -----------------------------------------------------------------------------------------------

 --------  PYTHIA Event Listing  (complete event)  ---------------------------------------------------------------------------------
 
    no         id  name            status     mothers   daughters     colours      p_x        p_y        p_z         e          m 
     0         90  (system)           -11     0     0     0     0     0     0      0.000      0.000      3.000     11.000     10.583
     1         11  (e-)               -12     0     0    16     0     0     0      0.000      0.000      7.000      7.000      0.001
     2        -11  (e+)               -12     0     0    17     0     0     0      0.000      0.000     -4.000      4.000      0.001
     3         11  (e-)               -21    10    10     5     6     0     0      0.000      0.000      7.000      7.000      0.000
     4        -11  (e+)               -21    11     0     5     6     0     0      0.000      0.000     -1.402      1.402      0.000
     5          1  (d)                -23     3     4     7     8   101     0      2.469      0.321      0.289      2.528      0.330
     6         -1  (dbar)             -23     3     4     9     9     0   101     -2.469     -0.321      5.310      5.874      0.330
     7          1  (d)                -51     5     0    12    12   102     0      2.543      0.503      0.512      2.663      0.330
     8         21  (g)                -51     5     0    14    14   101   102     -0.722     -0.266      1.161      1.393      0.000
     9         -1  (dbar)             -52     6     6    13    13     0   101     -1.821     -0.236      3.925      4.346      0.330
    10         11  (e-)               -42    16    16     3     3     0     0     -0.000      0.000      7.000      7.000      0.000
    11        -11  (e+)               -41    17    17    15     4     0     0      0.000     -0.000     -4.000      4.000      0.000
    12          1  (d)                -44     7     7    18    18   102     0      2.506      0.552      0.480      2.631      0.330
    13         -1  (dbar)             -44     9     9    19    19     0   101     -1.828     -0.227      3.950      4.371      0.330
    14         21  (g)                -44     8     8    20    20   101   102     -0.726     -0.261      1.167      1.399      0.000
    15         22  (gamma)            -43    11     0    21    21     0     0      0.049     -0.065     -2.597      2.599      0.000
    16         11  (e-)               -61     1     0    10    10     0     0      0.000      0.000      7.000      7.000      0.000
    17        -11  (e+)               -61     2     0    11    11     0     0     -0.000      0.000     -4.000      4.000      0.000
    18          1  d                   62    12    12     0     0   102     0      2.506      0.552      0.480      2.631      0.330
    19         -1  dbar                62    13    13     0     0     0   101     -1.828     -0.227      3.950      4.371      0.330
    20         21  g                   62    14    14     0     0   101   102     -0.726     -0.261      1.167      1.399      0.000
    21         22  gamma               62    15    15     0     0     0     0      0.049     -0.065     -2.597      2.599      0.000
    22         22  gamma               63     1     0     0     0     0     0      0.000      0.000      0.000      0.000      0.000
    23         22  gamma               63     2     0     0     0     0     0      0.000      0.000     -0.000      0.000      0.000
                                   Charge sum:  0.000           Momentum sum:      0.000      0.000      3.000     11.000     10.583

 --------  End PYTHIA Event Listing  -----------------------------------------------------------------------------------------------
 PYTHIA Warning in TauDecays::decay: unknown correlated tau production, assuming from unpolarized photon  
 PYTHIA Warning in PhaseSpace2to2tauyz::trialKin: maximum for cross section violated  

 *-------  PYTHIA Event and Cross Section Statistics  -------------------------------------------------------------*
 |                                                                                                                 |
 | Subprocess                                    Code |            Number of events       |      sigma +- delta    |
 |                                                    |       Tried   Selected   Accepted |     (estimated) (mb)   |
 |                                                    |                                   |                        |
 |-----------------------------------------------------------------------------------------------------------------|
 |                                                    |                                   |                        |
 | f fbar -> f' fbar' (s-channel gamma*)          223 |      214452      10000      10000 |   5.992e-06  3.187e-08 |
 |                                                    |                                   |                        |
 | sum                                                |      214452      10000      10000 |   5.992e-06  3.187e-08 |
 |                                                                                                                 |
 *-------  End PYTHIA Event and Cross Section Statistics ----------------------------------------------------------*

 *-------  PYTHIA Error and Warning Messages Statistics  ----------------------------------------------------------* 
 |                                                                                                                 | 
 |  times   message                                                                                                | 
 |                                                                                                                 | 
 |    284   Warning in PhaseSpace2to2tauyz::trialKin: maximum for cross section violated                           | 
 |   1463   Warning in TauDecays::decay: unknown correlated tau production, assuming from unpolarized photon       | 
 |                                                                                                                 | 
 *-------  End PYTHIA Error and Warning Messages Statistics  ------------------------------------------------------* 
Gammatau2xmu: 1.631e-20

Gammatau2xe: 0.000e+00

BRtau2xmu: 7.198e-09

BRtau2xe: 0.000e+00

BRtau2xmu + BRtau2xe: 7.198e-09

produced tau excluding those daughters are also tau lepton: 2.926e+03
produced X: 2.926e+03
produced X/NMC: 2.926e-01

Proportion of X flying forward (eta>0): 6.217e-01
Proportion of X flying backward (eta<0): 3.783e-01

Total Gamma [GeV]: 3.287e-20
ctau [m]: 6.003e+03

Gammax2tautau: 0.000e+00

Gammax2mumu: 3.287e-20

Gammax2ee: 0.000e+00

Gammax2gmgm: 0.000e+00

BRx2tautau: 0.000e+00

BRx2mumu: 1.000e+00

BRx2ee: 0.000e+00

BRx2gmgm: 0.000e+00

X: insideFidVol: 0.000e+00
observedX: 1.327e-01
visibleX: 1.327e-02

X Observed Fiducial efficiency: 4.535e-05
X Visible Fiducial efficiency: 4.535e-06

reallyProduced tau: 9.200e+10
total number of tau-tau events: 4.600e+10

reallyProducedX: 2.332e+02
reallyobservedX: 1.057e-02
reallyvisibleX: 1.057e-03

