mX:  1.5
g_AB_Lamb:  2e-07
g_CC_Lamb:  8e-11
NMC 10000

 *-------  PYTHIA Process Initialization  --------------------------*
 |                                                                  |
 | We collide e- with e+ at a CM energy of 1.058e+01 GeV            |
 |                                                                  |
 |------------------------------------------------------------------|
 |                                                    |             |
 | Subprocess                                    Code |   Estimated |
 |                                                    |    max (mb) |
 |                                                    |             |
 |------------------------------------------------------------------|
 |                                                    |             |
 | f fbar -> f' fbar' (s-channel gamma*)          223 |   1.569e-04 |
 |                                                                  |
 *-------  End PYTHIA Process Initialization -----------------------*

 *-------  PYTHIA Flag + Mode + Parm + Word + FVec + MVec + PVec + WVec Settings (changes only)  ------------------* 
 |                                                                                                                 | 
 | Name                                          |                      Now |      Default         Min         Max | 
 |                                               |                          |                                      | 
 | Beams:eA                                      |                  7.00000 |     7000.000         0.0             | 
 | Beams:eB                                      |                  4.00000 |     7000.000         0.0             | 
 | Beams:frameType                               |                        2 |            1           1           5 | 
 | Beams:idA                                     |                       11 |         2212                         | 
 | Beams:idB                                     |                      -11 |         2212                         | 
 | HadronLevel:Hadronize                         |                      off |           on                         | 
 | Next:numberCount                              |                    10000 |         1000           0             | 
 | PartonLevel:MPI                               |                      off |           on                         | 
 | Random:seed                                   |                        0 |           -1               900000000 | 
 | Random:setSeed                                |                       on |          off                         | 
 | WeakSingleBoson:ffbar2ffbar(s:gm)             |                       on |          off                         | 
 |                                                                                                                 | 
 *-------  End PYTHIA Flag + Mode + Parm + Word + FVec + MVec + PVec + WVec Settings  -----------------------------* 

 --------  PYTHIA Particle Data Table (changed only)  ------------------------------------------------------------------------------
 
      id   name            antiName         spn chg col      m0        mWidth      mMin       mMax       tau0    res dec ext vis wid
             no onMode   bRatio   meMode     products 

      15  tau-             tau+               2  -3   0    1.77682    0.00000    0.00000    0.00000  8.71100e-02   0   1   0   1   0
              0     1   0.0002904  103       36       13 
              1     1   0.0003252  103       36       11 

      36  x                                   1   0   0    1.50000    0.00000    0.00000    0.00000  4.09550e+08   0   1   0   0   0
              0     1   0.0000000  103       15      -15 
              1     1   0.9951390  103       13      -13 
              2     1   0.0048613  103       11      -11 
              3     1   0.0000000  103       22       22 

 --------  End PYTHIA Particle Data Table  -----------------------------------------------------------------------------------------

 PYTHIA Warning in TauDecays::decay: unknown correlated tau production, assuming from unpolarized photon  

 --------  PYTHIA Info Listing  ---------------------------------------- 
 
 Beam A: id =     11, pz =  5.292e+00, e =  5.292e+00, m =  5.110e-04.
 Beam B: id =    -11, pz = -5.292e+00, e =  5.292e+00, m =  5.110e-04.

 In 1: id =   11, x =  1.000e+00, pdf =  4.223e+03 at Q2 =  7.383e+01.
 In 2: id =  -11, x =  6.592e-01, pdf =  5.903e-02 at same Q2.

 Subprocess f fbar -> f' fbar' (s-channel gamma*) with code 223 is 2 -> 2.
 It has sHat =  7.383e+01,    tHat = -6.012e+00,    uHat = -6.782e+01,
       pTHat =  2.140e+00,   m3Hat =  1.777e+00,   m4Hat =  1.777e+00,
    thetaHat =  5.788e-01,  phiHat =  2.988e+00.
     alphaEM =  7.614e-03,  alphaS =  2.079e-01    at Q2 =  7.383e+01.

 Impact parameter b =  0.000e+00 gives enhancement factor =  1.000e+00.
 Max pT scale for MPI =  1.058e+01, ISR =  1.058e+01, FSR =  1.058e+01.
 Number of MPI =     1, ISR =     1, FSRproc =     0, FSRreson =     0.

 --------  End PYTHIA Info Listing  ------------------------------------

 --------  PYTHIA Event Listing  (hard process)  -----------------------------------------------------------------------------------
 
    no         id  name            status     mothers   daughters     colours      p_x        p_y        p_z         e          m 
     0         90  (system)           -11     0     0     0     0     0     0      0.000      0.000      3.000     11.000     10.583
     1         11  (e-)               -12     0     0     3     0     0     0      0.000      0.000      7.000      7.000      0.001
     2        -11  (e+)               -12     0     0     4     0     0     0      0.000      0.000     -4.000      4.000      0.001
     3         11  (e-)               -21     1     0     5     6     0     0      0.000      0.000      7.000      7.000      0.000
     4        -11  (e+)               -21     2     0     5     6     0     0      0.000      0.000     -2.637      2.637      0.000
     5         15  tau-                23     3     4     0     0     0     0     -2.114      0.328      5.854      6.481      1.777
     6        -15  tau+                23     3     4     0     0     0     0      2.114     -0.328     -1.491      3.156      1.777
                                   Charge sum:  0.000           Momentum sum:      0.000      0.000      4.363      9.637      8.592

 --------  End PYTHIA Event Listing  -----------------------------------------------------------------------------------------------

 --------  PYTHIA Event Listing  (complete event)  ---------------------------------------------------------------------------------
 
    no         id  name            status     mothers   daughters     colours      p_x        p_y        p_z         e          m 
     0         90  (system)           -11     0     0     0     0     0     0      0.000      0.000      3.000     11.000     10.583
     1         11  (e-)               -12     0     0    12     0     0     0      0.000      0.000      7.000      7.000      0.001
     2        -11  (e+)               -12     0     0    13     0     0     0      0.000      0.000     -4.000      4.000      0.001
     3         11  (e-)               -21     7     7     5     6     0     0      0.000      0.000      7.000      7.000      0.000
     4        -11  (e+)               -21     8     0     5     6     0     0      0.000      0.000     -2.637      2.637      0.000
     5         15  (tau-)             -23     3     4     9     9     0     0     -2.114      0.328      5.854      6.481      1.777
     6        -15  (tau+)             -23     3     4    10    10     0     0      2.114     -0.328     -1.491      3.156      1.777
     7         11  (e-)               -42    12    12     3     3     0     0      0.000      0.000      7.000      7.000      0.000
     8        -11  (e+)               -41    13    13    11     4     0     0     -0.000     -0.000     -4.000      4.000      0.000
     9         15  (tau-)             -44     5     5    14    14     0     0     -2.114      0.328      5.854      6.481      1.777
    10        -15  (tau+)             -44     6     6    15    15     0     0      2.116     -0.325     -1.491      3.156      1.777
    11         22  (gamma)            -43     8     0    16    16     0     0     -0.001     -0.003     -1.363      1.363      0.000
    12         11  (e-)               -61     1     0     7     7     0     0     -0.000     -0.000      7.000      7.000      0.000
    13        -11  (e+)               -61     2     0     8     8     0     0      0.000      0.000     -4.000      4.000      0.000
    14         15  (tau-)             -62     9     9    21    22     0     0     -2.114      0.328      5.854      6.481      1.777
    15        -15  (tau+)             -62    10    10    19    20     0     0      2.116     -0.325     -1.491      3.156      1.777
    16         22  gamma               62    11    11     0     0     0     0     -0.001     -0.003     -1.363      1.363      0.000
    17         22  gamma               63     1     0     0     0     0     0      0.000      0.000      0.000      0.000      0.000
    18         22  gamma               63     2     0     0     0     0     0      0.000      0.000     -0.000      0.000      0.000
    19         36  (x)                -91    15     0    23    24     0     0      1.839     -0.477     -1.448      2.821      1.500
    20        -13  mu+                 91    15     0     0     0     0     0      0.276      0.152     -0.043      0.335      0.106
    21         36  (x)                -91    14     0    25    26     0     0     -1.729      0.038      5.025      5.522      1.500
    22         11  e-                  91    14     0     0     0     0     0     -0.385      0.291      0.829      0.959      0.001
    23         13  mu-                 91    19     0     0     0     0     0     -0.181     -0.329     -0.190      0.434      0.106
    24        -13  mu+                 91    19     0     0     0     0     0      2.020     -0.148     -1.258      2.387      0.106
    25         13  mu-                 91    21     0     0     0     0     0     -0.888     -0.548      3.686      3.832      0.106
    26        -13  mu+                 91    21     0     0     0     0     0     -0.841      0.586      1.339      1.689      0.106
                                   Charge sum:  0.000           Momentum sum:      0.000      0.000      3.000     11.000     10.583

 --------  End PYTHIA Event Listing  -----------------------------------------------------------------------------------------------
 PYTHIA Warning in PhaseSpace2to2tauyz::trialKin: maximum for cross section violated  

 *-------  PYTHIA Event and Cross Section Statistics  -------------------------------------------------------------*
 |                                                                                                                 |
 | Subprocess                                    Code |            Number of events       |      sigma +- delta    |
 |                                                    |       Tried   Selected   Accepted |     (estimated) (mb)   |
 |                                                    |                                   |                        |
 |-----------------------------------------------------------------------------------------------------------------|
 |                                                    |                                   |                        |
 | f fbar -> f' fbar' (s-channel gamma*)          223 |      260152      10000      10000 |   5.986e-06  2.928e-08 |
 |                                                    |                                   |                        |
 | sum                                                |      260152      10000      10000 |   5.986e-06  2.928e-08 |
 |                                                                                                                 |
 *-------  End PYTHIA Event and Cross Section Statistics ----------------------------------------------------------*

 *-------  PYTHIA Error and Warning Messages Statistics  ----------------------------------------------------------* 
 |                                                                                                                 | 
 |  times   message                                                                                                | 
 |                                                                                                                 | 
 |      2   Warning in PhaseSpace2to2tauyz::trialKin: maximum for cross section violated                           | 
 |   1466   Warning in TauDecays::decay: unknown correlated tau production, assuming from unpolarized photon       | 
 |                                                                                                                 | 
 *-------  End PYTHIA Error and Warning Messages Statistics  ------------------------------------------------------* 
Gammatau2xmu: 6.584e-16

Gammatau2xe: 7.372e-16

BRtau2xmu: 2.904e-04

BRtau2xe: 3.252e-04

produced tau excluding those daughters are also tau lepton: 2.932e+03
produced X: 2.932e+03
produced X/NMC: 2.932e-01

Proportion of X flying forward (eta>0): 6.098e-01
Proportion of X flying backward (eta<0): 3.902e-01

Total Gamma [GeV]: 4.818e-22
ctau [m]: 4.095e+05

Gammax2tautau: 0.000e+00

Gammax2mumu: 4.795e-22

Gammax2ee: 2.342e-24

Gammax2gmgm: 0.000e+00

BRx2tautau: 0.000e+00

BRx2mumu: 9.951e-01

BRx2ee: 4.861e-03

BRx2gmgm: 0.000e+00

X: insideFidVol: 0.000e+00
observedX: 2.045e-03
visibleX: 2.045e-04

X Observed Fiducial efficiency: 6.975e-07
X Visible Fiducial efficiency: 6.975e-08

reallyProduced tau: 9.200e+10
total number of tau-tau events: 4.600e+10

reallyProducedX: 1.994e+07
reallyobservedX: 1.391e+01
reallyvisibleX: 1.391e+00

