mX:  1.5
g_AB_Lamb:  1.5e-07
g_CC_Lamb:  6e-09
NMC 10000

 *-------  PYTHIA Process Initialization  --------------------------*
 |                                                                  |
 | We collide e- with e+ at a CM energy of 1.058e+01 GeV            |
 |                                                                  |
 |------------------------------------------------------------------|
 |                                                    |             |
 | Subprocess                                    Code |   Estimated |
 |                                                    |    max (mb) |
 |                                                    |             |
 |------------------------------------------------------------------|
 |                                                    |             |
 | f fbar -> f' fbar' (s-channel gamma*)          223 |   1.686e-04 |
 |                                                                  |
 *-------  End PYTHIA Process Initialization -----------------------*

 *-------  PYTHIA Flag + Mode + Parm + Word + FVec + MVec + PVec + WVec Settings (changes only)  ------------------* 
 |                                                                                                                 | 
 | Name                                          |                      Now |      Default         Min         Max | 
 |                                               |                          |                                      | 
 | Beams:eA                                      |                  7.00000 |     7000.000         0.0             | 
 | Beams:eB                                      |                  4.00000 |     7000.000         0.0             | 
 | Beams:frameType                               |                        2 |            1           1           5 | 
 | Beams:idA                                     |                       11 |         2212                         | 
 | Beams:idB                                     |                      -11 |         2212                         | 
 | HadronLevel:Hadronize                         |                      off |           on                         | 
 | Next:numberCount                              |                    10000 |         1000           0             | 
 | PartonLevel:MPI                               |                      off |           on                         | 
 | Random:seed                                   |                        0 |           -1               900000000 | 
 | Random:setSeed                                |                       on |          off                         | 
 | WeakSingleBoson:ffbar2ffbar(s:gm)             |                       on |          off                         | 
 |                                                                                                                 | 
 *-------  End PYTHIA Flag + Mode + Parm + Word + FVec + MVec + PVec + WVec Settings  -----------------------------* 

 --------  PYTHIA Particle Data Table (changed only)  ------------------------------------------------------------------------------
 
      id   name            antiName         spn chg col      m0        mWidth      mMin       mMax       tau0    res dec ext vis wid
             no onMode   bRatio   meMode     products 

      15  tau-             tau+               2  -3   0    1.77682    0.00000    0.00000    0.00000  8.71100e-02   0   1   0   1   0
              0     1   0.0001634  103       36       13 
              1     1   0.0001830  103       36       11 

      36  x                                   1   0   0    1.50000    0.00000    0.00000    0.00000  7.28088e+04   0   1   0   0   0
              0     1   0.0000000  103       15      -15 
              1     1   0.9951390  103       13      -13 
              2     1   0.0048613  103       11      -11 
              3     1   0.0000000  103       22       22 

 --------  End PYTHIA Particle Data Table  -----------------------------------------------------------------------------------------


 --------  PYTHIA Info Listing  ---------------------------------------- 
 
 Beam A: id =     11, pz =  5.292e+00, e =  5.292e+00, m =  5.110e-04.
 Beam B: id =    -11, pz = -5.292e+00, e =  5.292e+00, m =  5.110e-04.

 In 1: id =   11, x =  1.000e+00, pdf =  9.552e+06 at Q2 =  1.053e+02.
 In 2: id =  -11, x =  9.401e-01, pdf =  5.920e-01 at same Q2.

 Subprocess f fbar -> f' fbar' (s-channel gamma*) with code 223 is 2 -> 2.
 It has sHat =  1.053e+02,    tHat = -5.465e+01,    uHat = -5.065e+01,
       pTHat =  4.903e+00,   m3Hat =  1.500e+00,   m4Hat =  1.500e+00,
    thetaHat =  1.609e+00,  phiHat =  1.938e+00.
     alphaEM =  7.629e-03,  alphaS =  1.989e-01    at Q2 =  1.053e+02.

 Impact parameter b =  0.000e+00 gives enhancement factor =  1.000e+00.
 Max pT scale for MPI =  1.058e+01, ISR =  1.026e+01, FSR =  1.026e+01.
 Number of MPI =     1, ISR =     2, FSRproc =     2, FSRreson =     0.

 --------  End PYTHIA Info Listing  ------------------------------------

 --------  PYTHIA Event Listing  (hard process)  -----------------------------------------------------------------------------------
 
    no         id  name            status     mothers   daughters     colours      p_x        p_y        p_z         e          m 
     0         90  (system)           -11     0     0     0     0     0     0      0.000      0.000      3.000     11.000     10.583
     1         11  (e-)               -12     0     0     3     0     0     0      0.000      0.000      7.000      7.000      0.001
     2        -11  (e+)               -12     0     0     4     0     0     0      0.000      0.000     -4.000      4.000      0.001
     3         11  (e-)               -21     1     0     5     6     0     0      0.000      0.000      7.000      7.000      0.000
     4        -11  (e+)               -21     2     0     5     6     0     0      0.000      0.000     -3.761      3.761      0.000
     5          4  c                   23     3     4     0     0   101     0     -1.760      4.576      1.424      5.322      1.500
     6         -4  cbar                23     3     4     0     0     0   101      1.760     -4.576      1.815      5.439      1.500
                                   Charge sum:  0.000           Momentum sum:      0.000      0.000      3.239     10.761     10.261

 --------  End PYTHIA Event Listing  -----------------------------------------------------------------------------------------------

 --------  PYTHIA Event Listing  (complete event)  ---------------------------------------------------------------------------------
 
    no         id  name            status     mothers   daughters     colours      p_x        p_y        p_z         e          m 
     0         90  (system)           -11     0     0     0     0     0     0      0.000      0.000      3.000     11.000     10.583
     1         11  (e-)               -12     0     0    28     0     0     0      0.000      0.000      7.000      7.000      0.001
     2        -11  (e+)               -12     0     0    29     0     0     0      0.000      0.000     -4.000      4.000      0.001
     3         11  (e-)               -21    13    13     5     6     0     0      0.000      0.000      7.000      7.000      0.000
     4        -11  (e+)               -21    14     0     5     6     0     0      0.000      0.000     -3.761      3.761      0.000
     5          4  (c)                -23     3     4     7     8   101     0     -1.760      4.576      1.424      5.322      1.500
     6         -4  (cbar)             -23     3     4     9     9     0   101      1.760     -4.576      1.815      5.439      1.500
     7          4  (c)                -51     5     0    10    11   102     0     -0.750      4.154      0.367      4.494      1.500
     8         21  (g)                -51     5     0    12    12   101   102     -0.765     -0.213      1.289      1.514      0.000
     9         -4  (cbar)             -52     6     6    16    16     0   101      1.515     -3.940      1.583      4.752      1.500
    10          4  (c)                -51     7     0    15    15   103     0     -1.661      4.269      1.404      5.020      1.500
    11         21  (g)                -51     7     0    18    18   102   103      0.393     -0.260     -0.165      0.499      0.000
    12         21  (g)                -52     8     8    17    17   101   102     -0.247     -0.069      0.417      0.490      0.000
    13         11  (e-)               -42    20    20     3     3     0     0      0.000     -0.000      7.000      7.000      0.000
    14        -11  (e+)               -41    21     0    19     4     0     0     -0.000      0.000     -3.765      3.765      0.000
    15          4  (c)                -44    10    10    22    22   103     0     -1.658      4.268      1.399      5.017      1.500
    16         -4  (cbar)             -44     9     9    23    23     0   101      1.517     -3.941      1.584      4.754      1.500
    17         21  (g)                -44    12    12    24    24   101   102     -0.247     -0.069      0.417      0.489      0.000
    18         21  (g)                -44    11    11    25    25   102   103      0.393     -0.260     -0.165      0.499      0.000
    19         22  (gamma)            -43    14     0    26    26     0     0     -0.005      0.003     -0.000      0.006      0.000
    20         11  (e-)               -42    28    28    13    13     0     0      0.000      0.000      7.000      7.000      0.000
    21        -11  (e+)               -41    29    29    27    14     0     0     -0.000     -0.000     -4.000      4.000      0.000
    22          4  (c)                -44    15    15    30    30   103     0     -1.659      4.265      1.397      5.015      1.500
    23         -4  (cbar)             -44    16    16    31    31     0   101      1.516     -3.944      1.586      4.756      1.500
    24         21  (g)                -44    17    17    32    32   101   102     -0.247     -0.069      0.417      0.490      0.000
    25         21  (g)                -44    18    18    33    33   102   103      0.393     -0.260     -0.165      0.499      0.000
    26         22  (gamma)            -44    19    19    34    34     0     0     -0.005      0.003     -0.000      0.006      0.000
    27         22  (gamma)            -43    21     0    35    35     0     0      0.003      0.005     -0.235      0.235      0.000
    28         11  (e-)               -61     1     0    20    20     0     0      0.000      0.000      7.000      7.000      0.000
    29        -11  (e+)               -61     2     0    21    21     0     0     -0.000     -0.000     -4.000      4.000      0.000
    30          4  c                   62    22    22     0     0   103     0     -1.659      4.265      1.397      5.015      1.500
    31         -4  cbar                62    23    23     0     0     0   101      1.516     -3.944      1.586      4.756      1.500
    32         21  g                   62    24    24     0     0   101   102     -0.247     -0.069      0.417      0.490      0.000
    33         21  g                   62    25    25     0     0   102   103      0.393     -0.260     -0.165      0.499      0.000
    34         22  gamma               62    26    26     0     0     0     0     -0.005      0.003     -0.000      0.006      0.000
    35         22  gamma               62    27    27     0     0     0     0      0.003      0.005     -0.235      0.235      0.000
    36         22  gamma               63     1     0     0     0     0     0      0.000      0.000      0.000      0.000      0.000
    37         22  gamma               63     2     0     0     0     0     0      0.000      0.000     -0.000      0.000      0.000
                                   Charge sum:  0.000           Momentum sum:     -0.000      0.000      3.000     11.000     10.583

 --------  End PYTHIA Event Listing  -----------------------------------------------------------------------------------------------
 PYTHIA Warning in TauDecays::decay: unknown correlated tau production, assuming from unpolarized photon  

 *-------  PYTHIA Event and Cross Section Statistics  -------------------------------------------------------------*
 |                                                                                                                 |
 | Subprocess                                    Code |            Number of events       |      sigma +- delta    |
 |                                                    |       Tried   Selected   Accepted |     (estimated) (mb)   |
 |                                                    |                                   |                        |
 |-----------------------------------------------------------------------------------------------------------------|
 |                                                    |                                   |                        |
 | f fbar -> f' fbar' (s-channel gamma*)          223 |      282566      10000      10000 |   5.981e-06  2.743e-08 |
 |                                                    |                                   |                        |
 | sum                                                |      282566      10000      10000 |   5.981e-06  2.743e-08 |
 |                                                                                                                 |
 *-------  End PYTHIA Event and Cross Section Statistics ----------------------------------------------------------*

 *-------  PYTHIA Error and Warning Messages Statistics  ----------------------------------------------------------* 
 |                                                                                                                 | 
 |  times   message                                                                                                | 
 |                                                                                                                 | 
 |   1496   Warning in TauDecays::decay: unknown correlated tau production, assuming from unpolarized photon       | 
 |                                                                                                                 | 
 *-------  End PYTHIA Error and Warning Messages Statistics  ------------------------------------------------------* 
Gammatau2xmu: 3.703e-16

Gammatau2xe: 4.147e-16

BRtau2xmu: 1.634e-04

BRtau2xe: 1.830e-04

produced tau excluding those daughters are also tau lepton: 2.992e+03
produced X: 2.992e+03
produced X/NMC: 2.992e-01

Proportion of X flying forward (eta>0): 6.153e-01
Proportion of X flying backward (eta<0): 3.847e-01

Total Gamma [GeV]: 2.710e-18
ctau [m]: 7.281e+01

Gammax2tautau: 0.000e+00

Gammax2mumu: 2.697e-18

Gammax2ee: 1.318e-20

Gammax2gmgm: 0.000e+00

BRx2tautau: 0.000e+00

BRx2mumu: 9.951e-01

BRx2ee: 4.861e-03

BRx2gmgm: 0.000e+00

X: insideFidVol: 1.200e+01
observedX: 1.183e+01
visibleX: 1.183e+00

X Observed Fiducial efficiency: 3.953e-03
X Visible Fiducial efficiency: 3.953e-04

reallyProduced tau: 9.200e+10
total number of tau-tau events: 4.600e+10

reallyProducedX: 1.122e+07
reallyobservedX: 4.435e+04
reallyvisibleX: 4.435e+03

