mX:  1.5
g_AB_Lamb:  8e-08
g_CC_Lamb:  2e-06
NMC 10000

 *-------  PYTHIA Process Initialization  --------------------------*
 |                                                                  |
 | We collide e- with e+ at a CM energy of 1.058e+01 GeV            |
 |                                                                  |
 |------------------------------------------------------------------|
 |                                                    |             |
 | Subprocess                                    Code |   Estimated |
 |                                                    |    max (mb) |
 |                                                    |             |
 |------------------------------------------------------------------|
 |                                                    |             |
 | f fbar -> f' fbar' (s-channel gamma*)          223 |   1.384e-04 |
 |                                                                  |
 *-------  End PYTHIA Process Initialization -----------------------*

 *-------  PYTHIA Flag + Mode + Parm + Word + FVec + MVec + PVec + WVec Settings (changes only)  ------------------* 
 |                                                                                                                 | 
 | Name                                          |                      Now |      Default         Min         Max | 
 |                                               |                          |                                      | 
 | Beams:eA                                      |                  7.00000 |     7000.000         0.0             | 
 | Beams:eB                                      |                  4.00000 |     7000.000         0.0             | 
 | Beams:frameType                               |                        2 |            1           1           5 | 
 | Beams:idA                                     |                       11 |         2212                         | 
 | Beams:idB                                     |                      -11 |         2212                         | 
 | HadronLevel:Hadronize                         |                      off |           on                         | 
 | Next:numberCount                              |                    10000 |         1000           0             | 
 | PartonLevel:MPI                               |                      off |           on                         | 
 | Random:seed                                   |                        0 |           -1               900000000 | 
 | Random:setSeed                                |                       on |          off                         | 
 | WeakSingleBoson:ffbar2ffbar(s:gm)             |                       on |          off                         | 
 |                                                                                                                 | 
 *-------  End PYTHIA Flag + Mode + Parm + Word + FVec + MVec + PVec + WVec Settings  -----------------------------* 

 --------  PYTHIA Particle Data Table (changed only)  ------------------------------------------------------------------------------
 
      id   name            antiName         spn chg col      m0        mWidth      mMin       mMax       tau0    res dec ext vis wid
             no onMode   bRatio   meMode     products 

      15  tau-             tau+               2  -3   0    1.77682    0.00000    0.00000    0.00000  8.71100e-02   0   1   0   1   0
              0     1   0.0000465  103       36       13 
              1     1   0.0000521  103       36       11 

      36  x                                   1   0   0    1.50000    0.00000    0.00000    0.00000  6.55279e-01   0   1   0   0   0
              0     1   0.0000000  103       15      -15 
              1     1   0.9951390  103       13      -13 
              2     1   0.0048613  103       11      -11 
              3     1   0.0000000  103       22       22 

 --------  End PYTHIA Particle Data Table  -----------------------------------------------------------------------------------------


 --------  PYTHIA Info Listing  ---------------------------------------- 
 
 Beam A: id =     11, pz =  5.292e+00, e =  5.292e+00, m =  5.110e-04.
 Beam B: id =    -11, pz = -5.292e+00, e =  5.292e+00, m =  5.110e-04.

 In 1: id =   11, x =  1.000e+00, pdf =  1.963e+05 at Q2 =  1.120e+02.
 In 2: id =  -11, x =  1.000e+00, pdf =  8.183e+04 at same Q2.

 Subprocess f fbar -> f' fbar' (s-channel gamma*) with code 223 is 2 -> 2.
 It has sHat =  1.120e+02,    tHat = -3.021e+01,    uHat = -8.179e+01,
       pTHat =  4.696e+00,   m3Hat =  1.057e-01,   m4Hat =  1.057e-01,
    thetaHat =  1.092e+00,  phiHat =  2.122e+00.
     alphaEM =  7.631e-03,  alphaS =  1.975e-01    at Q2 =  1.120e+02.

 Impact parameter b =  0.000e+00 gives enhancement factor =  1.000e+00.
 Max pT scale for MPI =  1.058e+01, ISR =  1.058e+01, FSR =  1.058e+01.
 Number of MPI =     1, ISR =     0, FSRproc =     0, FSRreson =     0.

 --------  End PYTHIA Info Listing  ------------------------------------

 --------  PYTHIA Event Listing  (hard process)  -----------------------------------------------------------------------------------
 
    no         id  name            status     mothers   daughters     colours      p_x        p_y        p_z         e          m 
     0         90  (system)           -11     0     0     0     0     0     0      0.000      0.000      3.000     11.000     10.583
     1         11  (e-)               -12     0     0     3     0     0     0      0.000      0.000      7.000      7.000      0.001
     2        -11  (e+)               -12     0     0     4     0     0     0      0.000      0.000     -4.000      4.000      0.001
     3         11  (e-)               -21     1     0     5     6     0     0      0.000      0.000      7.000      7.000      0.000
     4        -11  (e+)               -21     2     0     5     6     0     0      0.000      0.000     -4.000      4.000      0.000
     5         13  mu-                 23     3     4     0     0     0     0     -2.461      3.999      4.033      6.191      0.106
     6        -13  mu+                 23     3     4     0     0     0     0      2.461     -3.999     -1.033      4.809      0.106
                                   Charge sum:  0.000           Momentum sum:      0.000      0.000      3.000     11.000     10.583

 --------  End PYTHIA Event Listing  -----------------------------------------------------------------------------------------------

 --------  PYTHIA Event Listing  (complete event)  ---------------------------------------------------------------------------------
 
    no         id  name            status     mothers   daughters     colours      p_x        p_y        p_z         e          m 
     0         90  (system)           -11     0     0     0     0     0     0      0.000      0.000      3.000     11.000     10.583
     1         11  (e-)               -12     0     0     7     0     0     0      0.000      0.000      7.000      7.000      0.001
     2        -11  (e+)               -12     0     0     8     0     0     0      0.000      0.000     -4.000      4.000      0.001
     3         11  (e-)               -21     7     7     5     6     0     0      0.000      0.000      7.000      7.000      0.000
     4        -11  (e+)               -21     8     8     5     6     0     0      0.000      0.000     -4.000      4.000      0.000
     5         13  (mu-)              -23     3     4     9     9     0     0     -2.461      3.999      4.033      6.191      0.106
     6        -13  (mu+)              -23     3     4    10    10     0     0      2.461     -3.999     -1.033      4.809      0.106
     7         11  (e-)               -61     1     0     3     3     0     0      0.000      0.000      7.000      7.000      0.000
     8        -11  (e+)               -61     2     0     4     4     0     0      0.000      0.000     -4.000      4.000      0.000
     9         13  mu-                 62     5     5     0     0     0     0     -2.461      3.999      4.033      6.191      0.106
    10        -13  mu+                 62     6     6     0     0     0     0      2.461     -3.999     -1.033      4.809      0.106
    11         22  gamma               63     1     0     0     0     0     0      0.000      0.000      0.000      0.000      0.000
    12         22  gamma               63     2     0     0     0     0     0      0.000      0.000     -0.000      0.000      0.000
                                   Charge sum:  0.000           Momentum sum:      0.000      0.000      3.000     11.000     10.583

 --------  End PYTHIA Event Listing  -----------------------------------------------------------------------------------------------
 PYTHIA Warning in TauDecays::decay: unknown correlated tau production, assuming from unpolarized photon  
 PYTHIA Warning in PhaseSpace2to2tauyz::trialKin: maximum for cross section violated  

 *-------  PYTHIA Event and Cross Section Statistics  -------------------------------------------------------------*
 |                                                                                                                 |
 | Subprocess                                    Code |            Number of events       |      sigma +- delta    |
 |                                                    |       Tried   Selected   Accepted |     (estimated) (mb)   |
 |                                                    |                                   |                        |
 |-----------------------------------------------------------------------------------------------------------------|
 |                                                    |                                   |                        |
 | f fbar -> f' fbar' (s-channel gamma*)          223 |      232013      10000      10000 |   5.998e-06  3.156e-08 |
 |                                                    |                                   |                        |
 | sum                                                |      232013      10000      10000 |   5.998e-06  3.156e-08 |
 |                                                                                                                 |
 *-------  End PYTHIA Event and Cross Section Statistics ----------------------------------------------------------*

 *-------  PYTHIA Error and Warning Messages Statistics  ----------------------------------------------------------* 
 |                                                                                                                 | 
 |  times   message                                                                                                | 
 |                                                                                                                 | 
 |    245   Warning in PhaseSpace2to2tauyz::trialKin: maximum for cross section violated                           | 
 |   1483   Warning in TauDecays::decay: unknown correlated tau production, assuming from unpolarized photon       | 
 |                                                                                                                 | 
 *-------  End PYTHIA Error and Warning Messages Statistics  ------------------------------------------------------* 
Gammatau2xmu: 1.053e-16

Gammatau2xe: 1.180e-16

BRtau2xmu: 4.649e-05

BRtau2xe: 5.205e-05

produced tau excluding those daughters are also tau lepton: 2.966e+03
produced X: 2.966e+03
produced X/NMC: 2.966e-01

Proportion of X flying forward (eta>0): 6.254e-01
Proportion of X flying backward (eta<0): 3.746e-01

Total Gamma [GeV]: 3.011e-13
ctau [m]: 6.553e-04

Gammax2tautau: 0.000e+00

Gammax2mumu: 2.997e-13

Gammax2ee: 1.464e-15

Gammax2gmgm: 0.000e+00

BRx2tautau: 0.000e+00

BRx2mumu: 9.951e-01

BRx2ee: 4.861e-03

BRx2gmgm: 0.000e+00

X: insideFidVol: 0.000e+00
observedX: 2.790e-19
visibleX: 2.790e-20

X Observed Fiducial efficiency: 9.406e-23
X Visible Fiducial efficiency: 9.406e-24

reallyProduced tau: 9.200e+10
total number of tau-tau events: 4.600e+10

reallyProducedX: 3.192e+06
reallyobservedX: 3.002e-16
reallyvisibleX: 3.002e-17

