mX:  1.5
g_TM_Lamb:  6e-07
g_EE_Lamb:  0.008
NMC 10000

 *-------  PYTHIA Process Initialization  --------------------------*
 |                                                                  |
 | We collide e- with e+ at a CM energy of 1.058e+01 GeV            |
 |                                                                  |
 |------------------------------------------------------------------|
 |                                                    |             |
 | Subprocess                                    Code |   Estimated |
 |                                                    |    max (mb) |
 |                                                    |             |
 |------------------------------------------------------------------|
 |                                                    |             |
 | f fbar -> f' fbar' (s-channel gamma*)          223 |   1.534e-04 |
 |                                                                  |
 *-------  End PYTHIA Process Initialization -----------------------*

 *-------  PYTHIA Flag + Mode + Parm + Word + FVec + MVec + PVec + WVec Settings (changes only)  ------------------* 
 |                                                                                                                 | 
 | Name                                          |                      Now |      Default         Min         Max | 
 |                                               |                          |                                      | 
 | Beams:eA                                      |                  7.00000 |     7000.000         0.0             | 
 | Beams:eB                                      |                  4.00000 |     7000.000         0.0             | 
 | Beams:frameType                               |                        2 |            1           1           5 | 
 | Beams:idA                                     |                       11 |         2212                         | 
 | Beams:idB                                     |                      -11 |         2212                         | 
 | HadronLevel:Hadronize                         |                      off |           on                         | 
 | Next:numberCount                              |                    10000 |         1000           0             | 
 | PartonLevel:MPI                               |                      off |           on                         | 
 | Random:seed                                   |                        0 |           -1               900000000 | 
 | Random:setSeed                                |                       on |          off                         | 
 | WeakSingleBoson:ffbar2ffbar(s:gm)             |                       on |          off                         | 
 |                                                                                                                 | 
 *-------  End PYTHIA Flag + Mode + Parm + Word + FVec + MVec + PVec + WVec Settings  -----------------------------* 

 --------  PYTHIA Particle Data Table (changed only)  ------------------------------------------------------------------------------
 
      id   name            antiName         spn chg col      m0        mWidth      mMin       mMax       tau0    res dec ext vis wid
             no onMode   bRatio   meMode     products 

      15  tau-             tau+               2  -3   0    1.77682    0.00000    0.00000    0.00000  8.71100e-02   0   1   0   1   0
              0     1   0.0026083  103       36       13 
              1     1   0.0000000  103       36       11 

      36  x                                   1   0   0    1.50000    0.00000    0.00000    0.00000  8.42469e-06   0   1   0   0   0
              0     1   0.0000000  103       15      -15 
              1     1   0.0000000  103       13      -13 
              2     1   1.0000000  103       11      -11 
              3     1   0.0000000  103       22       22 

 --------  End PYTHIA Particle Data Table  -----------------------------------------------------------------------------------------


 --------  PYTHIA Info Listing  ---------------------------------------- 
 
 Beam A: id =     11, pz =  5.292e+00, e =  5.292e+00, m =  5.110e-04.
 Beam B: id =    -11, pz = -5.292e+00, e =  5.292e+00, m =  5.110e-04.

 In 1: id =   11, x =  1.000e+00, pdf =  1.981e+06 at Q2 =  1.120e+02.
 In 2: id =  -11, x =  1.000e+00, pdf =  2.231e+08 at same Q2.

 Subprocess f fbar -> f' fbar' (s-channel gamma*) with code 223 is 2 -> 2.
 It has sHat =  1.120e+02,    tHat = -8.268e+01,    uHat = -2.932e+01,
       pTHat =  4.643e+00,   m3Hat =  3.300e-01,   m4Hat =  3.300e-01,
    thetaHat =  2.067e+00,  phiHat =  5.674e+00.
     alphaEM =  7.631e-03,  alphaS =  1.975e-01    at Q2 =  1.120e+02.

 Impact parameter b =  0.000e+00 gives enhancement factor =  1.000e+00.
 Max pT scale for MPI =  1.058e+01, ISR =  1.058e+01, FSR =  1.058e+01.
 Number of MPI =     1, ISR =     0, FSRproc =     6, FSRreson =     0.

 --------  End PYTHIA Info Listing  ------------------------------------

 --------  PYTHIA Event Listing  (hard process)  -----------------------------------------------------------------------------------
 
    no         id  name            status     mothers   daughters     colours      p_x        p_y        p_z         e          m 
     0         90  (system)           -11     0     0     0     0     0     0      0.000      0.000      3.000     11.000     10.583
     1         11  (e-)               -12     0     0     3     0     0     0      0.000      0.000      7.000      7.000      0.001
     2        -11  (e+)               -12     0     0     4     0     0     0      0.000      0.000     -4.000      4.000      0.001
     3         11  (e-)               -21     1     0     5     6     0     0      0.000      0.000      7.000      7.000      0.000
     4        -11  (e+)               -21     2     0     5     6     0     0      0.000      0.000     -4.000      4.000      0.000
     5          1  d                   23     3     4     0     0   101     0      3.808     -2.658     -1.115      4.787      0.330
     6         -1  dbar                23     3     4     0     0     0   101     -3.808      2.658      4.115      6.213      0.330
                                   Charge sum:  0.000           Momentum sum:      0.000      0.000      3.000     11.000     10.583

 --------  End PYTHIA Event Listing  -----------------------------------------------------------------------------------------------

 --------  PYTHIA Event Listing  (complete event)  ---------------------------------------------------------------------------------
 
    no         id  name            status     mothers   daughters     colours      p_x        p_y        p_z         e          m 
     0         90  (system)           -11     0     0     0     0     0     0      0.000      0.000      3.000     11.000     10.583
     1         11  (e-)               -12     0     0    25     0     0     0      0.000      0.000      7.000      7.000      0.001
     2        -11  (e+)               -12     0     0    26     0     0     0      0.000      0.000     -4.000      4.000      0.001
     3         11  (e-)               -21    25    25     5     6     0     0      0.000      0.000      7.000      7.000      0.000
     4        -11  (e+)               -21    26    26     5     6     0     0      0.000      0.000     -4.000      4.000      0.000
     5          1  (d)                -23     3     4     9     9   101     0      3.808     -2.658     -1.115      4.787      0.330
     6         -1  (dbar)             -23     3     4     7     8     0   101     -3.808      2.658      4.115      6.213      0.330
     7         -1  (dbar)             -51     6     0    28    28     0   102     -0.367      1.851     -0.504      1.981      0.330
     8         21  (g)                -51     6     0    12    12   102   101     -2.694      0.285      4.399      5.166      0.000
     9          1  (d)                -52     5     5    10    11   101     0      3.061     -2.136     -0.895      3.853      0.330
    10          1  (d)                -51     9     0    16    17   105     0      1.000     -1.616     -1.170      2.256      0.330
    11         21  (g)                -51     9     0    13    14   101   105      1.845     -0.498      0.628      2.012      0.000
    12         21  (g)                -52     8     8    15    15   102   101     -2.478      0.263      4.046      4.752      0.000
    13         21  (g)                -51    11     0    18    18   106   105      1.187      0.429      0.719      1.452      0.000
    14         21  (g)                -51    11     0    21    21   101   106      0.408     -0.901      0.317      1.038      0.000
    15         21  (g)                -52    12    12    19    20   102   101     -2.228      0.236      3.638      4.273      0.000
    16          1  (d)                -51    10     0    27    27   107     0      0.002     -0.983     -0.328      1.087      0.330
    17         21  (g)                -51    10     0    32    32   105   107      1.314     -0.519     -0.650      1.555      0.000
    18         21  (g)                -52    13    13    30    30   106   105      0.871      0.315      0.527      1.065      0.000
    19         21  (g)                -51    15     0    29    29   102   108     -1.212      0.448      1.409      1.912      0.000
    20         21  (g)                -51    15     0    22    23   108   101     -0.968     -0.320      2.267      2.485      0.000
    21         21  (g)                -52    14    14    24    24   101   106      0.359     -0.793      0.279      0.914      0.000
    22          1  (d)                -51    20     0    33    33   108     0     -0.238     -0.361      1.673      1.759      0.330
    23         -1  (dbar)             -51    20     0    34    34     0   101     -0.624     -0.193      0.676      0.996      0.330
    24         21  (g)                -52    21    21    31    31   101   106      0.253     -0.559      0.197      0.644      0.000
    25         11  (e-)               -61     1     0     3     3     0     0      0.000      0.000      7.000      7.000      0.000
    26        -11  (e+)               -61     2     0     4     4     0     0      0.000      0.000     -4.000      4.000      0.000
    27          1  d                   62    16    16     0     0   107     0      0.002     -0.983     -0.328      1.087      0.330
    28         -1  dbar                62     7     7     0     0     0   102     -0.367      1.851     -0.504      1.981      0.330
    29         21  g                   62    19    19     0     0   102   108     -1.212      0.448      1.409      1.912      0.000
    30         21  g                   62    18    18     0     0   106   105      0.871      0.315      0.527      1.065      0.000
    31         21  g                   62    24    24     0     0   101   106      0.253     -0.559      0.197      0.644      0.000
    32         21  g                   62    17    17     0     0   105   107      1.314     -0.519     -0.650      1.555      0.000
    33          1  d                   62    22    22     0     0   108     0     -0.238     -0.361      1.673      1.759      0.330
    34         -1  dbar                62    23    23     0     0     0   101     -0.624     -0.193      0.676      0.996      0.330
    35         22  gamma               63     1     0     0     0     0     0      0.000      0.000      0.000      0.000      0.000
    36         22  gamma               63     2     0     0     0     0     0      0.000      0.000     -0.000      0.000      0.000
                                   Charge sum:  0.000           Momentum sum:      0.000     -0.000      3.000     11.000     10.583

 --------  End PYTHIA Event Listing  -----------------------------------------------------------------------------------------------
 PYTHIA Warning in TauDecays::decay: unknown correlated tau production, assuming from unpolarized photon  
 PYTHIA Warning in PhaseSpace2to2tauyz::trialKin: maximum for cross section violated  

 *-------  PYTHIA Event and Cross Section Statistics  -------------------------------------------------------------*
 |                                                                                                                 |
 | Subprocess                                    Code |            Number of events       |      sigma +- delta    |
 |                                                    |       Tried   Selected   Accepted |     (estimated) (mb)   |
 |                                                    |                                   |                        |
 |-----------------------------------------------------------------------------------------------------------------|
 |                                                    |                                   |                        |
 | f fbar -> f' fbar' (s-channel gamma*)          223 |      255403      10000      10000 |   6.004e-06  3.025e-08 |
 |                                                    |                                   |                        |
 | sum                                                |      255403      10000      10000 |   6.004e-06  3.025e-08 |
 |                                                                                                                 |
 *-------  End PYTHIA Event and Cross Section Statistics ----------------------------------------------------------*

 *-------  PYTHIA Error and Warning Messages Statistics  ----------------------------------------------------------* 
 |                                                                                                                 | 
 |  times   message                                                                                                | 
 |                                                                                                                 | 
 |     56   Warning in PhaseSpace2to2tauyz::trialKin: maximum for cross section violated                           | 
 |   1451   Warning in TauDecays::decay: unknown correlated tau production, assuming from unpolarized photon       | 
 |                                                                                                                 | 
 *-------  End PYTHIA Error and Warning Messages Statistics  ------------------------------------------------------* 
Gammatau2xmu: 5.925e-15

Gammatau2xe: 0.000e+00

BRtau2xmu: 2.608e-03

BRtau2xe: 0.000e+00

BRtau2xmu + BRtau2xe: 2.608e-03

produced tau excluding those daughters are also tau lepton: 2.902e+03
produced X: 2.902e+03
produced X/NMC: 2.902e-01

Proportion of X flying forward (eta>0): 6.203e-01
Proportion of X flying backward (eta<0): 3.797e-01

Total Gamma [GeV]: 2.342e-08
ctau [m]: 8.425e-09

Gammax2tautau: 0.000e+00

Gammax2mumu: 0.000e+00

Gammax2ee: 2.342e-08

Gammax2gmgm: 0.000e+00

BRx2tautau: 0.000e+00

BRx2mumu: 0.000e+00

BRx2ee: 1.000e+00

BRx2gmgm: 0.000e+00

X: insideFidVol: 0.000e+00
observedX: 0.000e+00
visibleX: 0.000e+00

X Observed Fiducial efficiency: 0.000e+00
X Visible Fiducial efficiency: 0.000e+00

reallyProduced tau: 9.200e+10
total number of tau-tau events: 4.600e+10

reallyProducedX: 8.449e+07
reallyobservedX: 0.000e+00
reallyvisibleX: 0.000e+00

