mX:  1.5
g_TM_Lamb:  8e-08
g_EE_Lamb:  2e-05
NMC 10000

 *-------  PYTHIA Process Initialization  --------------------------*
 |                                                                  |
 | We collide e- with e+ at a CM energy of 1.058e+01 GeV            |
 |                                                                  |
 |------------------------------------------------------------------|
 |                                                    |             |
 | Subprocess                                    Code |   Estimated |
 |                                                    |    max (mb) |
 |                                                    |             |
 |------------------------------------------------------------------|
 |                                                    |             |
 | f fbar -> f' fbar' (s-channel gamma*)          223 |   1.597e-04 |
 |                                                                  |
 *-------  End PYTHIA Process Initialization -----------------------*

 *-------  PYTHIA Flag + Mode + Parm + Word + FVec + MVec + PVec + WVec Settings (changes only)  ------------------* 
 |                                                                                                                 | 
 | Name                                          |                      Now |      Default         Min         Max | 
 |                                               |                          |                                      | 
 | Beams:eA                                      |                  7.00000 |     7000.000         0.0             | 
 | Beams:eB                                      |                  4.00000 |     7000.000         0.0             | 
 | Beams:frameType                               |                        2 |            1           1           5 | 
 | Beams:idA                                     |                       11 |         2212                         | 
 | Beams:idB                                     |                      -11 |         2212                         | 
 | HadronLevel:Hadronize                         |                      off |           on                         | 
 | Next:numberCount                              |                    10000 |         1000           0             | 
 | PartonLevel:MPI                               |                      off |           on                         | 
 | Random:seed                                   |                        0 |           -1               900000000 | 
 | Random:setSeed                                |                       on |          off                         | 
 | WeakSingleBoson:ffbar2ffbar(s:gm)             |                       on |          off                         | 
 |                                                                                                                 | 
 *-------  End PYTHIA Flag + Mode + Parm + Word + FVec + MVec + PVec + WVec Settings  -----------------------------* 

 --------  PYTHIA Particle Data Table (changed only)  ------------------------------------------------------------------------------
 
      id   name            antiName         spn chg col      m0        mWidth      mMin       mMax       tau0    res dec ext vis wid
             no onMode   bRatio   meMode     products 

      15  tau-             tau+               2  -3   0    1.77682    0.00000    0.00000    0.00000  8.71100e-02   0   1   0   1   0
              0     1   0.0000465  103       36       13 
              1     1   0.0000000  103       36       11 

      36  x                                   1   0   0    1.50000    0.00000    0.00000    0.00000  1.34795e+00   0   1   0   0   0
              0     1   0.0000000  103       15      -15 
              1     1   0.0000000  103       13      -13 
              2     1   1.0000000  103       11      -11 
              3     1   0.0000000  103       22       22 

 --------  End PYTHIA Particle Data Table  -----------------------------------------------------------------------------------------


 --------  PYTHIA Info Listing  ---------------------------------------- 
 
 Beam A: id =     11, pz =  5.292e+00, e =  5.292e+00, m =  5.110e-04.
 Beam B: id =    -11, pz = -5.292e+00, e =  5.292e+00, m =  5.110e-04.

 In 1: id =   11, x =  1.000e+00, pdf =  2.179e+05 at Q2 =  1.120e+02.
 In 2: id =  -11, x =  9.998e-01, pdf =  2.008e+02 at same Q2.

 Subprocess f fbar -> f' fbar' (s-channel gamma*) with code 223 is 2 -> 2.
 It has sHat =  1.120e+02,    tHat = -9.944e+01,    uHat = -1.254e+01,
       pTHat =  3.331e+00,   m3Hat =  3.300e-01,   m4Hat =  3.300e-01,
    thetaHat =  2.459e+00,  phiHat =  5.578e+00.
     alphaEM =  7.631e-03,  alphaS =  1.975e-01    at Q2 =  1.120e+02.

 Impact parameter b =  0.000e+00 gives enhancement factor =  1.000e+00.
 Max pT scale for MPI =  1.058e+01, ISR =  1.058e+01, FSR =  1.058e+01.
 Number of MPI =     1, ISR =     1, FSRproc =     4, FSRreson =     0.

 --------  End PYTHIA Info Listing  ------------------------------------

 --------  PYTHIA Event Listing  (hard process)  -----------------------------------------------------------------------------------
 
    no         id  name            status     mothers   daughters     colours      p_x        p_y        p_z         e          m 
     0         90  (system)           -11     0     0     0     0     0     0      0.000      0.000      3.000     11.000     10.583
     1         11  (e-)               -12     0     0     3     0     0     0      0.000      0.000      7.000      7.000      0.001
     2        -11  (e+)               -12     0     0     4     0     0     0      0.000      0.000     -4.000      4.000      0.001
     3         11  (e-)               -21     1     0     5     6     0     0      0.000      0.000      7.000      7.000      0.000
     4        -11  (e+)               -21     2     0     5     6     0     0      0.000      0.000     -3.999      3.999      0.000
     5          2  u                   23     3     4     0     0   101     0      2.536     -2.160     -2.759      4.338      0.330
     6         -2  ubar                23     3     4     0     0     0   101     -2.536      2.160      5.759      6.662      0.330
                                   Charge sum:  0.000           Momentum sum:      0.000      0.000      3.001     10.999     10.582

 --------  End PYTHIA Event Listing  -----------------------------------------------------------------------------------------------

 --------  PYTHIA Event Listing  (complete event)  ---------------------------------------------------------------------------------
 
    no         id  name            status     mothers   daughters     colours      p_x        p_y        p_z         e          m 
     0         90  (system)           -11     0     0     0     0     0     0      0.000      0.000      3.000     11.000     10.583
     1         11  (e-)               -12     0     0    28     0     0     0      0.000      0.000      7.000      7.000      0.001
     2        -11  (e+)               -12     0     0    29     0     0     0      0.000      0.000     -4.000      4.000      0.001
     3         11  (e-)               -21    19    19     5     6     0     0      0.000      0.000      7.000      7.000      0.000
     4        -11  (e+)               -21    20     0     5     6     0     0      0.000      0.000     -3.999      3.999      0.000
     5          2  (u)                -23     3     4     7     8   101     0      2.536     -2.160     -2.759      4.338      0.330
     6         -2  (ubar)             -23     3     4     9     9     0   101     -2.536      2.160      5.759      6.662      0.330
     7          2  (u)                -51     5     0    10    11   102     0      2.418     -2.490     -1.716      3.886      0.330
     8         21  (g)                -51     5     0    12    12   101   102     -0.030      0.457     -0.706      0.841      0.000
     9         -2  (ubar)             -52     6     6    15    15     0   101     -2.387      2.033      5.422      6.272      0.330
    10          2  (u)                -51     7     0    21    21   104     0      1.410     -2.235     -1.224      2.931      0.330
    11         21  (g)                -51     7     0    18    18   102   104      0.997     -0.099     -0.732      1.241      0.000
    12         21  (g)                -52     8     8    13    14   101   102     -0.020      0.301     -0.465      0.555      0.000
    13         21  (g)                -51    12     0    16    17   105   102     -0.158      0.845     -0.232      0.890      0.000
    14         21  (g)                -51    12     0    25    25   101   105     -0.387     -0.097      0.962      1.042      0.000
    15         -2  (ubar)             -52     9     9    22    22     0   101     -1.862      1.587      4.227      4.895      0.330
    16         21  (g)                -51    13     0    23    23   105   106      0.556      0.855     -0.346      1.077      0.000
    17         21  (g)                -51    13     0    26    26   106   102     -0.281     -0.054     -0.204      0.351      0.000
    18         21  (g)                -52    11    11    24    24   102   104      0.565     -0.056     -0.415      0.703      0.000
    19         11  (e-)               -42    28    28     3     3     0     0      0.000      0.000      7.000      7.000      0.000
    20        -11  (e+)               -41    29    29    27     4     0     0     -0.000     -0.000     -4.000      4.000      0.000
    21          2  (u)                -44    10    10    30    30   104     0      1.410     -2.236     -1.224      2.931      0.330
    22         -2  (ubar)             -44    15    15    31    31     0   101     -1.862      1.587      4.227      4.895      0.330
    23         21  (g)                -44    16    16    32    32   105   106      0.556      0.855     -0.346      1.077      0.000
    24         21  (g)                -44    18    18    33    33   102   104      0.565     -0.056     -0.415      0.703      0.000
    25         21  (g)                -44    14    14    34    34   101   105     -0.387     -0.097      0.962      1.041      0.000
    26         21  (g)                -44    17    17    35    35   106   102     -0.281     -0.054     -0.204      0.352      0.000
    27         22  (gamma)            -43    20     0    36    36     0     0      0.000      0.001      0.000      0.001      0.000
    28         11  (e-)               -61     1     0    19    19     0     0     -0.000      0.000      7.000      7.000      0.000
    29        -11  (e+)               -61     2     0    20    20     0     0      0.000      0.000     -4.000      4.000      0.000
    30          2  u                   62    21    21     0     0   104     0      1.410     -2.236     -1.224      2.931      0.330
    31         -2  ubar                62    22    22     0     0     0   101     -1.862      1.587      4.227      4.895      0.330
    32         21  g                   62    23    23     0     0   105   106      0.556      0.855     -0.346      1.077      0.000
    33         21  g                   62    24    24     0     0   102   104      0.565     -0.056     -0.415      0.703      0.000
    34         21  g                   62    25    25     0     0   101   105     -0.387     -0.097      0.962      1.041      0.000
    35         21  g                   62    26    26     0     0   106   102     -0.281     -0.054     -0.204      0.352      0.000
    36         22  gamma               62    27    27     0     0     0     0      0.000      0.001      0.000      0.001      0.000
    37         22  gamma               63     1     0     0     0     0     0      0.000      0.000      0.000      0.000      0.000
    38         22  gamma               63     2     0     0     0     0     0      0.000      0.000     -0.000      0.000      0.000
                                   Charge sum:  0.000           Momentum sum:     -0.000      0.000      3.000     11.000     10.583

 --------  End PYTHIA Event Listing  -----------------------------------------------------------------------------------------------
 PYTHIA Warning in TauDecays::decay: unknown correlated tau production, assuming from unpolarized photon  
 PYTHIA Warning in PhaseSpace2to2tauyz::trialKin: maximum for cross section violated  

 *-------  PYTHIA Event and Cross Section Statistics  -------------------------------------------------------------*
 |                                                                                                                 |
 | Subprocess                                    Code |            Number of events       |      sigma +- delta    |
 |                                                    |       Tried   Selected   Accepted |     (estimated) (mb)   |
 |                                                    |                                   |                        |
 |-----------------------------------------------------------------------------------------------------------------|
 |                                                    |                                   |                        |
 | f fbar -> f' fbar' (s-channel gamma*)          223 |      264585      10000      10000 |   6.022e-06  2.976e-08 |
 |                                                    |                                   |                        |
 | sum                                                |      264585      10000      10000 |   6.022e-06  2.976e-08 |
 |                                                                                                                 |
 *-------  End PYTHIA Event and Cross Section Statistics ----------------------------------------------------------*

 *-------  PYTHIA Error and Warning Messages Statistics  ----------------------------------------------------------* 
 |                                                                                                                 | 
 |  times   message                                                                                                | 
 |                                                                                                                 | 
 |     15   Warning in PhaseSpace2to2tauyz::trialKin: maximum for cross section violated                           | 
 |   1483   Warning in TauDecays::decay: unknown correlated tau production, assuming from unpolarized photon       | 
 |                                                                                                                 | 
 *-------  End PYTHIA Error and Warning Messages Statistics  ------------------------------------------------------* 
Gammatau2xmu: 1.053e-16

Gammatau2xe: 0.000e+00

BRtau2xmu: 4.649e-05

BRtau2xe: 0.000e+00

BRtau2xmu + BRtau2xe: 4.649e-05

produced tau excluding those daughters are also tau lepton: 2.966e+03
produced X: 2.966e+03
produced X/NMC: 2.966e-01

Proportion of X flying forward (eta>0): 6.197e-01
Proportion of X flying backward (eta<0): 3.803e-01

Total Gamma [GeV]: 1.464e-13
ctau [m]: 1.348e-03

Gammax2tautau: 0.000e+00

Gammax2mumu: 0.000e+00

Gammax2ee: 1.464e-13

Gammax2gmgm: 0.000e+00

BRx2tautau: 0.000e+00

BRx2mumu: 0.000e+00

BRx2ee: 1.000e+00

BRx2gmgm: 0.000e+00

X: insideFidVol: 0.000e+00
observedX: 1.208e-08
visibleX: 1.208e-09

X Observed Fiducial efficiency: 4.072e-12
X Visible Fiducial efficiency: 4.072e-13

reallyProduced tau: 9.200e+10
total number of tau-tau events: 4.600e+10

reallyProducedX: 1.506e+06
reallyobservedX: 6.132e-06
reallyvisibleX: 6.132e-07

