mX:  1.5
g_TM_Lamb:  1e-10
g_EE_Lamb:  0.002
NMC 10000

 *-------  PYTHIA Process Initialization  --------------------------*
 |                                                                  |
 | We collide e- with e+ at a CM energy of 1.058e+01 GeV            |
 |                                                                  |
 |------------------------------------------------------------------|
 |                                                    |             |
 | Subprocess                                    Code |   Estimated |
 |                                                    |    max (mb) |
 |                                                    |             |
 |------------------------------------------------------------------|
 |                                                    |             |
 | f fbar -> f' fbar' (s-channel gamma*)          223 |   1.480e-04 |
 |                                                                  |
 *-------  End PYTHIA Process Initialization -----------------------*

 *-------  PYTHIA Flag + Mode + Parm + Word + FVec + MVec + PVec + WVec Settings (changes only)  ------------------* 
 |                                                                                                                 | 
 | Name                                          |                      Now |      Default         Min         Max | 
 |                                               |                          |                                      | 
 | Beams:eA                                      |                  7.00000 |     7000.000         0.0             | 
 | Beams:eB                                      |                  4.00000 |     7000.000         0.0             | 
 | Beams:frameType                               |                        2 |            1           1           5 | 
 | Beams:idA                                     |                       11 |         2212                         | 
 | Beams:idB                                     |                      -11 |         2212                         | 
 | HadronLevel:Hadronize                         |                      off |           on                         | 
 | Next:numberCount                              |                    10000 |         1000           0             | 
 | PartonLevel:MPI                               |                      off |           on                         | 
 | Random:seed                                   |                        0 |           -1               900000000 | 
 | Random:setSeed                                |                       on |          off                         | 
 | WeakSingleBoson:ffbar2ffbar(s:gm)             |                       on |          off                         | 
 |                                                                                                                 | 
 *-------  End PYTHIA Flag + Mode + Parm + Word + FVec + MVec + PVec + WVec Settings  -----------------------------* 

 --------  PYTHIA Particle Data Table (changed only)  ------------------------------------------------------------------------------
 
      id   name            antiName         spn chg col      m0        mWidth      mMin       mMax       tau0    res dec ext vis wid
             no onMode   bRatio   meMode     products 

      15  tau-             tau+               2  -3   0    1.77682    0.00000    0.00000    0.00000  8.71100e-02   0   1   0   1   0
              0     1   0.0000000  103       36       13 
              1     1   0.0000000  103       36       11 

      36  x                                   1   0   0    1.50000    0.00000    0.00000    0.00000  1.34795e-04   0   1   0   0   0
              0     1   0.0000000  103       15      -15 
              1     1   0.0000000  103       13      -13 
              2     1   1.0000000  103       11      -11 
              3     1   0.0000000  103       22       22 

 --------  End PYTHIA Particle Data Table  -----------------------------------------------------------------------------------------


 --------  PYTHIA Info Listing  ---------------------------------------- 
 
 Beam A: id =     11, pz =  5.292e+00, e =  5.292e+00, m =  5.110e-04.
 Beam B: id =    -11, pz = -5.292e+00, e =  5.292e+00, m =  5.110e-04.

 In 1: id =   11, x =  9.997e-01, pdf =  9.571e+01 at Q2 =  1.120e+02.
 In 2: id =  -11, x =  1.000e+00, pdf =  5.156e+03 at same Q2.

 Subprocess f fbar -> f' fbar' (s-channel gamma*) with code 223 is 2 -> 2.
 It has sHat =  1.120e+02,    tHat = -2.243e+01,    uHat = -8.954e+01,
       pTHat =  4.227e+00,   m3Hat =  3.300e-01,   m4Hat =  3.300e-01,
    thetaHat =  9.280e-01,  phiHat =  4.427e+00.
     alphaEM =  7.631e-03,  alphaS =  1.975e-01    at Q2 =  1.120e+02.

 Impact parameter b =  0.000e+00 gives enhancement factor =  1.000e+00.
 Max pT scale for MPI =  1.058e+01, ISR =  1.058e+01, FSR =  1.058e+01.
 Number of MPI =     1, ISR =     1, FSRproc =     4, FSRreson =     0.

 --------  End PYTHIA Info Listing  ------------------------------------

 --------  PYTHIA Event Listing  (hard process)  -----------------------------------------------------------------------------------
 
    no         id  name            status     mothers   daughters     colours      p_x        p_y        p_z         e          m 
     0         90  (system)           -11     0     0     0     0     0     0      0.000      0.000      3.000     11.000     10.583
     1         11  (e-)               -12     0     0     3     0     0     0      0.000      0.000      7.000      7.000      0.001
     2        -11  (e+)               -12     0     0     4     0     0     0      0.000      0.000     -4.000      4.000      0.001
     3         11  (e-)               -21     1     0     5     6     0     0      0.000      0.000      6.998      6.998      0.000
     4        -11  (e+)               -21     2     0     5     6     0     0      0.000      0.000     -4.000      4.000      0.000
     5          1  d                   23     3     4     0     0   101     0     -1.188     -4.056      4.788      6.395      0.330
     6         -1  dbar                23     3     4     0     0     0   101      1.188      4.056     -1.791      4.602      0.330
                                   Charge sum:  0.000           Momentum sum:      0.000      0.000      2.998     10.998     10.581

 --------  End PYTHIA Event Listing  -----------------------------------------------------------------------------------------------

 --------  PYTHIA Event Listing  (complete event)  ---------------------------------------------------------------------------------
 
    no         id  name            status     mothers   daughters     colours      p_x        p_y        p_z         e          m 
     0         90  (system)           -11     0     0     0     0     0     0      0.000      0.000      3.000     11.000     10.583
     1         11  (e-)               -12     0     0    28     0     0     0      0.000      0.000      7.000      7.000      0.001
     2        -11  (e+)               -12     0     0    29     0     0     0      0.000      0.000     -4.000      4.000      0.001
     3         11  (e-)               -21    19     0     5     6     0     0      0.000      0.000      6.998      6.998      0.000
     4        -11  (e+)               -21    20    20     5     6     0     0      0.000      0.000     -4.000      4.000      0.000
     5          1  (d)                -23     3     4     9     9   101     0     -1.188     -4.056      4.788      6.395      0.330
     6         -1  (dbar)             -23     3     4     7     8     0   101      1.188      4.056     -1.791      4.602      0.330
     7         -1  (dbar)             -51     6     0    12    12     0   103      1.827      3.937     -0.843      4.434      0.330
     8         21  (g)                -51     6     0    10    11   103   101     -0.783     -0.373     -0.368      0.942      0.000
     9          1  (d)                -52     5     5    15    15   101     0     -1.044     -3.564      4.208      5.622      0.330
    10         21  (g)                -51     8     0    13    14   104   101      0.798      0.305     -1.001      1.316      0.000
    11         21  (g)                -51     8     0    16    17   103   104     -0.912      0.754      0.331      1.228      0.000
    12         -1  (dbar)             -52     7     7    22    22     0   103      1.158      2.505     -0.540      2.831      0.330
    13         21  (g)                -51    10     0    18    18   104   105      1.004      0.448     -0.585      1.245      0.000
    14         21  (g)                -51    10     0    25    25   105   101     -0.291     -0.432     -0.075      0.526      0.000
    15          1  (d)                -52     9     9    21    21   101     0     -0.959     -3.275      3.866      5.167      0.330
    16         21  (g)                -51    11     0    24    24   103   106      0.030     -0.217      0.177      0.282      0.000
    17         21  (g)                -51    11     0    26    26   106   104     -0.672      1.091     -0.004      1.281      0.000
    18         21  (g)                -52    13    13    23    23   104   105      0.734      0.327     -0.427      0.910      0.000
    19         11  (e-)               -41    28    28    27     3     0     0      0.000      0.000      7.000      7.000      0.000
    20        -11  (e+)               -42    29    29     4     4     0     0     -0.000      0.000     -4.000      4.000      0.000
    21          1  (d)                -44    15    15    30    30   101     0     -0.959     -3.275      3.866      5.168      0.330
    22         -1  (dbar)             -44    12    12    31    31     0   103      1.158      2.505     -0.539      2.831      0.330
    23         21  (g)                -44    18    18    32    32   104   105      0.734      0.327     -0.427      0.910      0.000
    24         21  (g)                -44    16    16    33    33   103   106      0.030     -0.217      0.177      0.282      0.000
    25         21  (g)                -44    14    14    34    34   105   101     -0.291     -0.432     -0.075      0.526      0.000
    26         21  (g)                -44    17    17    35    35   106   104     -0.672      1.091     -0.004      1.281      0.000
    27         22  (gamma)            -43    19     0    36    36     0     0     -0.001      0.001      0.002      0.002      0.000
    28         11  (e-)               -61     1     0    19    19     0     0     -0.000      0.000      7.000      7.000      0.000
    29        -11  (e+)               -61     2     0    20    20     0     0      0.000     -0.000     -4.000      4.000      0.000
    30          1  d                   62    21    21     0     0   101     0     -0.959     -3.275      3.866      5.168      0.330
    31         -1  dbar                62    22    22     0     0     0   103      1.158      2.505     -0.539      2.831      0.330
    32         21  g                   62    23    23     0     0   104   105      0.734      0.327     -0.427      0.910      0.000
    33         21  g                   62    24    24     0     0   103   106      0.030     -0.217      0.177      0.282      0.000
    34         21  g                   62    25    25     0     0   105   101     -0.291     -0.432     -0.075      0.526      0.000
    35         21  g                   62    26    26     0     0   106   104     -0.672      1.091     -0.004      1.281      0.000
    36         22  gamma               62    27    27     0     0     0     0     -0.001      0.001      0.002      0.002      0.000
    37         22  gamma               63     1     0     0     0     0     0      0.000      0.000      0.000      0.000      0.000
    38         22  gamma               63     2     0     0     0     0     0      0.000      0.000     -0.000      0.000      0.000
                                   Charge sum:  0.000           Momentum sum:      0.000     -0.000      3.000     11.000     10.583

 --------  End PYTHIA Event Listing  -----------------------------------------------------------------------------------------------
 PYTHIA Warning in TauDecays::decay: unknown correlated tau production, assuming from unpolarized photon  
 PYTHIA Warning in PhaseSpace2to2tauyz::trialKin: maximum for cross section violated  

 *-------  PYTHIA Event and Cross Section Statistics  -------------------------------------------------------------*
 |                                                                                                                 |
 | Subprocess                                    Code |            Number of events       |      sigma +- delta    |
 |                                                    |       Tried   Selected   Accepted |     (estimated) (mb)   |
 |                                                    |                                   |                        |
 |-----------------------------------------------------------------------------------------------------------------|
 |                                                    |                                   |                        |
 | f fbar -> f' fbar' (s-channel gamma*)          223 |      249338      10000      10000 |   5.993e-06  2.927e-08 |
 |                                                    |                                   |                        |
 | sum                                                |      249338      10000      10000 |   5.993e-06  2.927e-08 |
 |                                                                                                                 |
 *-------  End PYTHIA Event and Cross Section Statistics ----------------------------------------------------------*

 *-------  PYTHIA Error and Warning Messages Statistics  ----------------------------------------------------------* 
 |                                                                                                                 | 
 |  times   message                                                                                                | 
 |                                                                                                                 | 
 |     19   Warning in PhaseSpace2to2tauyz::trialKin: maximum for cross section violated                           | 
 |   1477   Warning in TauDecays::decay: unknown correlated tau production, assuming from unpolarized photon       | 
 |                                                                                                                 | 
 *-------  End PYTHIA Error and Warning Messages Statistics  ------------------------------------------------------* 
Gammatau2xmu: 1.646e-22

Gammatau2xe: 0.000e+00

BRtau2xmu: 7.264e-11

BRtau2xe: 0.000e+00

BRtau2xmu + BRtau2xe: 7.264e-11

produced tau excluding those daughters are also tau lepton: 2.954e+03
produced X: 2.954e+03
produced X/NMC: 2.954e-01

Proportion of X flying forward (eta>0): 6.239e-01
Proportion of X flying backward (eta<0): 3.761e-01

Total Gamma [GeV]: 1.464e-09
ctau [m]: 1.348e-07

Gammax2tautau: 0.000e+00

Gammax2mumu: 0.000e+00

Gammax2ee: 1.464e-09

Gammax2gmgm: 0.000e+00

BRx2tautau: 0.000e+00

BRx2mumu: 0.000e+00

BRx2ee: 1.000e+00

BRx2gmgm: 0.000e+00

X: insideFidVol: 0.000e+00
observedX: 0.000e+00
visibleX: 0.000e+00

X Observed Fiducial efficiency: 0.000e+00
X Visible Fiducial efficiency: 0.000e+00

reallyProduced tau: 9.200e+10
total number of tau-tau events: 4.600e+10

reallyProducedX: 2.353e+00
reallyobservedX: 0.000e+00
reallyvisibleX: 0.000e+00

