mX:  1.5
g_TM_Lamb:  1.5e-07
g_EE_Lamb:  6e-06
NMC 10000

 *-------  PYTHIA Process Initialization  --------------------------*
 |                                                                  |
 | We collide e- with e+ at a CM energy of 1.058e+01 GeV            |
 |                                                                  |
 |------------------------------------------------------------------|
 |                                                    |             |
 | Subprocess                                    Code |   Estimated |
 |                                                    |    max (mb) |
 |                                                    |             |
 |------------------------------------------------------------------|
 |                                                    |             |
 | f fbar -> f' fbar' (s-channel gamma*)          223 |   1.382e-04 |
 |                                                                  |
 *-------  End PYTHIA Process Initialization -----------------------*

 *-------  PYTHIA Flag + Mode + Parm + Word + FVec + MVec + PVec + WVec Settings (changes only)  ------------------* 
 |                                                                                                                 | 
 | Name                                          |                      Now |      Default         Min         Max | 
 |                                               |                          |                                      | 
 | Beams:eA                                      |                  7.00000 |     7000.000         0.0             | 
 | Beams:eB                                      |                  4.00000 |     7000.000         0.0             | 
 | Beams:frameType                               |                        2 |            1           1           5 | 
 | Beams:idA                                     |                       11 |         2212                         | 
 | Beams:idB                                     |                      -11 |         2212                         | 
 | HadronLevel:Hadronize                         |                      off |           on                         | 
 | Next:numberCount                              |                    10000 |         1000           0             | 
 | PartonLevel:MPI                               |                      off |           on                         | 
 | Random:seed                                   |                        0 |           -1               900000000 | 
 | Random:setSeed                                |                       on |          off                         | 
 | WeakSingleBoson:ffbar2ffbar(s:gm)             |                       on |          off                         | 
 |                                                                                                                 | 
 *-------  End PYTHIA Flag + Mode + Parm + Word + FVec + MVec + PVec + WVec Settings  -----------------------------* 

 --------  PYTHIA Particle Data Table (changed only)  ------------------------------------------------------------------------------
 
      id   name            antiName         spn chg col      m0        mWidth      mMin       mMax       tau0    res dec ext vis wid
             no onMode   bRatio   meMode     products 

      15  tau-             tau+               2  -3   0    1.77682    0.00000    0.00000    0.00000  8.71100e-02   0   1   0   1   0
              0     1   0.0001634  103       36       13 
              1     1   0.0000000  103       36       11 

      36  x                                   1   0   0    1.50000    0.00000    0.00000    0.00000  1.49772e+01   0   1   0   0   0
              0     1   0.0000000  103       15      -15 
              1     1   0.0000000  103       13      -13 
              2     1   1.0000000  103       11      -11 
              3     1   0.0000000  103       22       22 

 --------  End PYTHIA Particle Data Table  -----------------------------------------------------------------------------------------


 --------  PYTHIA Info Listing  ---------------------------------------- 
 
 Beam A: id =     11, pz =  5.292e+00, e =  5.292e+00, m =  5.110e-04.
 Beam B: id =    -11, pz = -5.292e+00, e =  5.292e+00, m =  5.110e-04.

 In 1: id =   11, x =  9.994e-01, pdf =  5.526e+01 at Q2 =  1.092e+02.
 In 2: id =  -11, x =  9.755e-01, pdf =  1.498e+00 at same Q2.

 Subprocess f fbar -> f' fbar' (s-channel gamma*) with code 223 is 2 -> 2.
 It has sHat =  1.092e+02,    tHat = -1.050e+01,    uHat = -9.869e+01,
       pTHat =  3.067e+00,   m3Hat =  5.000e-01,   m4Hat =  5.000e-01,
    thetaHat =  6.307e-01,  phiHat =  4.720e+00.
     alphaEM =  7.630e-03,  alphaS =  1.981e-01    at Q2 =  1.092e+02.

 Impact parameter b =  0.000e+00 gives enhancement factor =  1.000e+00.
 Max pT scale for MPI =  1.058e+01, ISR =  1.045e+01, FSR =  1.045e+01.
 Number of MPI =     1, ISR =     3, FSRproc =     4, FSRreson =     0.

 --------  End PYTHIA Info Listing  ------------------------------------

 --------  PYTHIA Event Listing  (hard process)  -----------------------------------------------------------------------------------
 
    no         id  name            status     mothers   daughters     colours      p_x        p_y        p_z         e          m 
     0         90  (system)           -11     0     0     0     0     0     0      0.000      0.000      3.000     11.000     10.583
     1         11  (e-)               -12     0     0     3     0     0     0      0.000      0.000      7.000      7.000      0.001
     2        -11  (e+)               -12     0     0     4     0     0     0      0.000      0.000     -4.000      4.000      0.001
     3         11  (e-)               -21     1     0     5     6     0     0      0.000      0.000      6.996      6.996      0.000
     4        -11  (e+)               -21     2     0     5     6     0     0      0.000      0.000     -3.902      3.902      0.000
     5          3  s                   23     3     4     0     0   101     0      0.022     -3.067      5.927      6.693      0.500
     6         -3  sbar                23     3     4     0     0     0   101     -0.022      3.067     -2.834      4.205      0.500
                                   Charge sum:  0.000           Momentum sum:      0.000      0.000      3.094     10.898     10.450

 --------  End PYTHIA Event Listing  -----------------------------------------------------------------------------------------------

 --------  PYTHIA Event Listing  (complete event)  ---------------------------------------------------------------------------------
 
    no         id  name            status     mothers   daughters     colours      p_x        p_y        p_z         e          m 
     0         90  (system)           -11     0     0     0     0     0     0      0.000      0.000      3.000     11.000     10.583
     1         11  (e-)               -12     0     0    49     0     0     0      0.000      0.000      7.000      7.000      0.001
     2        -11  (e+)               -12     0     0    50     0     0     0      0.000      0.000     -4.000      4.000      0.001
     3         11  (e-)               -21    19    19     5     6     0     0      0.000      0.000      6.996      6.996      0.000
     4        -11  (e+)               -21    20     0     5     6     0     0      0.000      0.000     -3.902      3.902      0.000
     5          3  (s)                -23     3     4     7     8   101     0      0.022     -3.067      5.927      6.693      0.500
     6         -3  (sbar)             -23     3     4     9     9     0   101     -0.022      3.067     -2.834      4.205      0.500
     7          3  (s)                -51     5     0    12    12   102     0     -2.586     -1.351      4.830      5.665      0.500
     8         21  (g)                -51     5     0    10    11   101   102      2.600     -0.513     -0.021      2.650      0.000
     9         -3  (sbar)             -52     6     6    22    22     0   101     -0.013      1.865     -1.716      2.583      0.500
    10         21  (g)                -51     8     0    18    18   101   103      1.624     -0.873      0.993      2.094      0.000
    11         21  (g)                -51     8     0    13    14   103   102      0.763      0.250     -0.620      1.014      0.000
    12          3  (s)                -52     7     7    15    15   102     0     -2.373     -1.242      4.437      5.207      0.500
    13         21  (g)                -51    11     0    16    17   103   104      0.955      0.505      0.296      1.120      0.000
    14         21  (g)                -51    11     0    25    25   104   102     -0.599     -0.467     -0.159      0.776      0.000
    15          3  (s)                -52    12    12    21    21   102     0     -1.966     -1.029      3.679      4.325      0.500
    16         21  (g)                -51    13     0    24    24   105   104      0.978      0.415      0.101      1.067      0.000
    17         21  (g)                -51    13     0    26    26   103   105      1.061     -0.493      0.858      1.451      0.000
    18         21  (g)                -52    10    10    23    23   101   103      0.540     -0.290      0.330      0.696      0.000
    19         11  (e-)               -42    28    28     3     3     0     0     -0.000      0.000      6.996      6.996      0.000
    20        -11  (e+)               -41    29     0    27     4     0     0      0.000     -0.000     -3.996      3.996      0.000
    21          3  (s)                -44    15    15    30    30   102     0     -1.965     -1.029      3.676      4.322      0.500
    22         -3  (sbar)             -44     9     9    31    31     0   101     -0.007      1.864     -1.716      2.583      0.500
    23         21  (g)                -44    18    18    32    32   101   103      0.540     -0.290      0.331      0.697      0.000
    24         21  (g)                -44    16    16    33    33   105   104      0.979      0.415      0.102      1.068      0.000
    25         21  (g)                -44    14    14    34    34   104   102     -0.598     -0.467     -0.160      0.775      0.000
    26         21  (g)                -44    17    17    35    35   103   105      1.062     -0.493      0.860      1.453      0.000
    27         22  (gamma)            -43    20     0    36    36     0     0     -0.011      0.000     -0.094      0.095      0.000
    28         11  (e-)               -42    38     0    19    19     0     0      0.000      0.000      6.996      6.996      0.000
    29        -11  (e+)               -41    39    39    37    20     0     0     -0.000     -0.000     -4.000      4.000      0.000
    30          3  (s)                -44    21    21    40    40   102     0     -1.965     -1.029      3.676      4.322      0.500
    31         -3  (sbar)             -44    22    22    41    41     0   101     -0.010      1.864     -1.717      2.583      0.500
    32         21  (g)                -44    23    23    42    42   101   103      0.540     -0.290      0.330      0.697      0.000
    33         21  (g)                -44    24    24    43    43   105   104      0.978      0.414      0.101      1.067      0.000
    34         21  (g)                -44    25    25    44    44   104   102     -0.599     -0.467     -0.160      0.776      0.000
    35         21  (g)                -44    26    26    45    45   103   105      1.062     -0.493      0.859      1.452      0.000
    36         22  (gamma)            -44    27    27    46    46     0     0     -0.011      0.000     -0.094      0.095      0.000
    37         22  (gamma)            -43    29     0    47    47     0     0      0.004      0.001      0.000      0.005      0.000
    38         11  (e-)               -41    49    49    48    28     0     0     -0.000     -0.000      7.000      7.000      0.000
    39        -11  (e+)               -42    50    50    29    29     0     0      0.000     -0.000     -4.000      4.000      0.000
    40          3  (s)                -44    30    30    51    51   102     0     -1.964     -1.029      3.678      4.324      0.500
    41         -3  (sbar)             -44    31    31    52    52     0   101     -0.010      1.864     -1.716      2.582      0.500
    42         21  (g)                -44    32    32    53    53   101   103      0.540     -0.290      0.330      0.697      0.000
    43         21  (g)                -44    33    33    54    54   105   104      0.979      0.414      0.101      1.068      0.000
    44         21  (g)                -44    34    34    55    55   104   102     -0.598     -0.467     -0.159      0.775      0.000
    45         21  (g)                -44    35    35    56    56   103   105      1.062     -0.493      0.859      1.452      0.000
    46         22  (gamma)            -44    36    36    57    57     0     0     -0.011      0.000     -0.094      0.095      0.000
    47         22  (gamma)            -44    37    37    58    58     0     0      0.004      0.001      0.000      0.005      0.000
    48         22  (gamma)            -43    38     0    59    59     0     0     -0.003      0.000     -0.001      0.003      0.000
    49         11  (e-)               -61     1     0    38    38     0     0     -0.000     -0.000      7.000      7.000      0.000
    50        -11  (e+)               -61     2     0    39    39     0     0      0.000      0.000     -4.000      4.000      0.000
    51          3  s                   62    40    40     0     0   102     0     -1.964     -1.029      3.678      4.324      0.500
    52         -3  sbar                62    41    41     0     0     0   101     -0.010      1.864     -1.716      2.582      0.500
    53         21  g                   62    42    42     0     0   101   103      0.540     -0.290      0.330      0.697      0.000
    54         21  g                   62    43    43     0     0   105   104      0.979      0.414      0.101      1.068      0.000
    55         21  g                   62    44    44     0     0   104   102     -0.598     -0.467     -0.159      0.775      0.000
    56         21  g                   62    45    45     0     0   103   105      1.062     -0.493      0.859      1.452      0.000
    57         22  gamma               62    46    46     0     0     0     0     -0.011      0.000     -0.094      0.095      0.000
    58         22  gamma               62    47    47     0     0     0     0      0.004      0.001      0.000      0.005      0.000
    59         22  gamma               62    48    48     0     0     0     0     -0.003      0.000     -0.001      0.003      0.000
    60         22  gamma               63     1     0     0     0     0     0      0.000      0.000      0.000      0.000      0.000
    61         22  gamma               63     2     0     0     0     0     0      0.000      0.000     -0.000      0.000      0.000
                                   Charge sum:  0.000           Momentum sum:     -0.000     -0.000      3.000     11.000     10.583

 --------  End PYTHIA Event Listing  -----------------------------------------------------------------------------------------------
 PYTHIA Warning in TauDecays::decay: unknown correlated tau production, assuming from unpolarized photon  
 PYTHIA Warning in PhaseSpace2to2tauyz::trialKin: maximum for cross section violated  

 *-------  PYTHIA Event and Cross Section Statistics  -------------------------------------------------------------*
 |                                                                                                                 |
 | Subprocess                                    Code |            Number of events       |      sigma +- delta    |
 |                                                    |       Tried   Selected   Accepted |     (estimated) (mb)   |
 |                                                    |                                   |                        |
 |-----------------------------------------------------------------------------------------------------------------|
 |                                                    |                                   |                        |
 | f fbar -> f' fbar' (s-channel gamma*)          223 |      232553      10000      10000 |   5.961e-06  3.086e-08 |
 |                                                    |                                   |                        |
 | sum                                                |      232553      10000      10000 |   5.961e-06  3.086e-08 |
 |                                                                                                                 |
 *-------  End PYTHIA Event and Cross Section Statistics ----------------------------------------------------------*

 *-------  PYTHIA Error and Warning Messages Statistics  ----------------------------------------------------------* 
 |                                                                                                                 | 
 |  times   message                                                                                                | 
 |                                                                                                                 | 
 |    178   Warning in PhaseSpace2to2tauyz::trialKin: maximum for cross section violated                           | 
 |   1582   Warning in TauDecays::decay: unknown correlated tau production, assuming from unpolarized photon       | 
 |                                                                                                                 | 
 *-------  End PYTHIA Error and Warning Messages Statistics  ------------------------------------------------------* 
Gammatau2xmu: 3.703e-16

Gammatau2xe: 0.000e+00

BRtau2xmu: 1.634e-04

BRtau2xe: 0.000e+00

BRtau2xmu + BRtau2xe: 1.634e-04

produced tau excluding those daughters are also tau lepton: 3.164e+03
produced X: 3.164e+03
produced X/NMC: 3.164e-01

Proportion of X flying forward (eta>0): 6.173e-01
Proportion of X flying backward (eta<0): 3.827e-01

Total Gamma [GeV]: 1.318e-14
ctau [m]: 1.498e-02

Gammax2tautau: 0.000e+00

Gammax2mumu: 0.000e+00

Gammax2ee: 1.318e-14

Gammax2gmgm: 0.000e+00

BRx2tautau: 0.000e+00

BRx2mumu: 0.000e+00

BRx2ee: 1.000e+00

BRx2gmgm: 0.000e+00

X: insideFidVol: 1.290e+02
observedX: 1.478e+02
visibleX: 1.478e+01

X Observed Fiducial efficiency: 4.671e-02
X Visible Fiducial efficiency: 4.671e-03

reallyProduced tau: 9.200e+10
total number of tau-tau events: 4.600e+10

reallyProducedX: 5.294e+06
reallyobservedX: 2.473e+05
reallyvisibleX: 2.473e+04

