mX:  1.5
g_TM_Lamb:  4e-07
g_EE_Lamb:  1.5e-05
NMC 10000

 *-------  PYTHIA Process Initialization  --------------------------*
 |                                                                  |
 | We collide e- with e+ at a CM energy of 1.058e+01 GeV            |
 |                                                                  |
 |------------------------------------------------------------------|
 |                                                    |             |
 | Subprocess                                    Code |   Estimated |
 |                                                    |    max (mb) |
 |                                                    |             |
 |------------------------------------------------------------------|
 |                                                    |             |
 | f fbar -> f' fbar' (s-channel gamma*)          223 |   1.403e-04 |
 |                                                                  |
 *-------  End PYTHIA Process Initialization -----------------------*

 *-------  PYTHIA Flag + Mode + Parm + Word + FVec + MVec + PVec + WVec Settings (changes only)  ------------------* 
 |                                                                                                                 | 
 | Name                                          |                      Now |      Default         Min         Max | 
 |                                               |                          |                                      | 
 | Beams:eA                                      |                  7.00000 |     7000.000         0.0             | 
 | Beams:eB                                      |                  4.00000 |     7000.000         0.0             | 
 | Beams:frameType                               |                        2 |            1           1           5 | 
 | Beams:idA                                     |                       11 |         2212                         | 
 | Beams:idB                                     |                      -11 |         2212                         | 
 | HadronLevel:Hadronize                         |                      off |           on                         | 
 | Next:numberCount                              |                    10000 |         1000           0             | 
 | PartonLevel:MPI                               |                      off |           on                         | 
 | Random:seed                                   |                        0 |           -1               900000000 | 
 | Random:setSeed                                |                       on |          off                         | 
 | WeakSingleBoson:ffbar2ffbar(s:gm)             |                       on |          off                         | 
 |                                                                                                                 | 
 *-------  End PYTHIA Flag + Mode + Parm + Word + FVec + MVec + PVec + WVec Settings  -----------------------------* 

 --------  PYTHIA Particle Data Table (changed only)  ------------------------------------------------------------------------------
 
      id   name            antiName         spn chg col      m0        mWidth      mMin       mMax       tau0    res dec ext vis wid
             no onMode   bRatio   meMode     products 

      15  tau-             tau+               2  -3   0    1.77682    0.00000    0.00000    0.00000  8.71100e-02   0   1   0   1   0
              0     1   0.0011609  103       36       13 
              1     1   0.0000000  103       36       11 

      36  x                                   1   0   0    1.50000    0.00000    0.00000    0.00000  2.39636e+00   0   1   0   0   0
              0     1   0.0000000  103       15      -15 
              1     1   0.0000000  103       13      -13 
              2     1   1.0000000  103       11      -11 
              3     1   0.0000000  103       22       22 

 --------  End PYTHIA Particle Data Table  -----------------------------------------------------------------------------------------


 --------  PYTHIA Info Listing  ---------------------------------------- 
 
 Beam A: id =     11, pz =  5.292e+00, e =  5.292e+00, m =  5.110e-04.
 Beam B: id =    -11, pz = -5.292e+00, e =  5.292e+00, m =  5.110e-04.

 In 1: id =   11, x =  1.000e+00, pdf =  1.561e+03 at Q2 =  1.120e+02.
 In 2: id =  -11, x =  1.000e+00, pdf =  1.970e+07 at same Q2.

 Subprocess f fbar -> f' fbar' (s-channel gamma*) with code 223 is 2 -> 2.
 It has sHat =  1.120e+02,    tHat = -5.811e+01,    uHat = -5.389e+01,
       pTHat =  5.071e+00,   m3Hat =  1.500e+00,   m4Hat =  1.500e+00,
    thetaHat =  1.608e+00,  phiHat =  2.238e+00.
     alphaEM =  7.631e-03,  alphaS =  1.975e-01    at Q2 =  1.120e+02.

 Impact parameter b =  0.000e+00 gives enhancement factor =  1.000e+00.
 Max pT scale for MPI =  1.058e+01, ISR =  1.058e+01, FSR =  1.058e+01.
 Number of MPI =     1, ISR =     0, FSRproc =     2, FSRreson =     0.

 --------  End PYTHIA Info Listing  ------------------------------------

 --------  PYTHIA Event Listing  (hard process)  -----------------------------------------------------------------------------------
 
    no         id  name            status     mothers   daughters     colours      p_x        p_y        p_z         e          m 
     0         90  (system)           -11     0     0     0     0     0     0      0.000      0.000      3.000     11.000     10.583
     1         11  (e-)               -12     0     0     3     0     0     0      0.000      0.000      7.000      7.000      0.001
     2        -11  (e+)               -12     0     0     4     0     0     0      0.000      0.000     -4.000      4.000      0.001
     3         11  (e-)               -21     1     0     5     6     0     0      0.000      0.000      7.000      7.000      0.000
     4        -11  (e+)               -21     2     0     5     6     0     0      0.000      0.000     -4.000      4.000      0.000
     5          4  c                   23     3     4     0     0   101     0     -3.137      3.984      1.301      5.446      1.500
     6         -4  cbar                23     3     4     0     0     0   101      3.137     -3.984      1.698      5.554      1.500
                                   Charge sum:  0.000           Momentum sum:      0.000      0.000      3.000     11.000     10.583

 --------  End PYTHIA Event Listing  -----------------------------------------------------------------------------------------------

 --------  PYTHIA Event Listing  (complete event)  ---------------------------------------------------------------------------------
 
    no         id  name            status     mothers   daughters     colours      p_x        p_y        p_z         e          m 
     0         90  (system)           -11     0     0     0     0     0     0      0.000      0.000      3.000     11.000     10.583
     1         11  (e-)               -12     0     0    13     0     0     0      0.000      0.000      7.000      7.000      0.001
     2        -11  (e+)               -12     0     0    14     0     0     0      0.000      0.000     -4.000      4.000      0.001
     3         11  (e-)               -21    13    13     5     6     0     0      0.000      0.000      7.000      7.000      0.000
     4        -11  (e+)               -21    14    14     5     6     0     0      0.000      0.000     -4.000      4.000      0.000
     5          4  (c)                -23     3     4     9     9   101     0     -3.137      3.984      1.301      5.446      1.500
     6         -4  (cbar)             -23     3     4     7     8     0   101      3.137     -3.984      1.698      5.554      1.500
     7         -4  (cbar)             -51     6     0    12    12     0   102      2.512     -4.106      2.069      5.450      1.500
     8         21  (g)                -51     6     0    10    11   102   101      0.262      0.583     -0.234      0.680      0.000
     9          4  (c)                -52     5     5    15    15   101     0     -2.774      3.523      1.166      4.870      1.500
    10         21  (g)                -51     8     0    17    17   103   101     -0.325      0.286      0.041      0.435      0.000
    11         21  (g)                -51     8     0    18    18   102   103      0.934     -0.329      0.037      0.991      0.000
    12         -4  (cbar)             -52     7     7    16    16     0   102      2.166     -3.479      1.757      4.704      1.500
    13         11  (e-)               -61     1     0     3     3     0     0      0.000      0.000      7.000      7.000      0.000
    14        -11  (e+)               -61     2     0     4     4     0     0      0.000      0.000     -4.000      4.000      0.000
    15          4  c                   62     9     9     0     0   101     0     -2.774      3.523      1.166      4.870      1.500
    16         -4  cbar                62    12    12     0     0     0   102      2.166     -3.479      1.757      4.704      1.500
    17         21  g                   62    10    10     0     0   103   101     -0.325      0.286      0.041      0.435      0.000
    18         21  g                   62    11    11     0     0   102   103      0.934     -0.329      0.037      0.991      0.000
    19         22  gamma               63     1     0     0     0     0     0      0.000      0.000      0.000      0.000      0.000
    20         22  gamma               63     2     0     0     0     0     0      0.000      0.000     -0.000      0.000      0.000
                                   Charge sum:  0.000           Momentum sum:      0.000     -0.000      3.000     11.000     10.583

 --------  End PYTHIA Event Listing  -----------------------------------------------------------------------------------------------
 PYTHIA Warning in TauDecays::decay: unknown correlated tau production, assuming from unpolarized photon  
 PYTHIA Warning in PhaseSpace2to2tauyz::trialKin: maximum for cross section violated  

 *-------  PYTHIA Event and Cross Section Statistics  -------------------------------------------------------------*
 |                                                                                                                 |
 | Subprocess                                    Code |            Number of events       |      sigma +- delta    |
 |                                                    |       Tried   Selected   Accepted |     (estimated) (mb)   |
 |                                                    |                                   |                        |
 |-----------------------------------------------------------------------------------------------------------------|
 |                                                    |                                   |                        |
 | f fbar -> f' fbar' (s-channel gamma*)          223 |      232419      10000      10000 |   5.953e-06  3.068e-08 |
 |                                                    |                                   |                        |
 | sum                                                |      232419      10000      10000 |   5.953e-06  3.068e-08 |
 |                                                                                                                 |
 *-------  End PYTHIA Event and Cross Section Statistics ----------------------------------------------------------*

 *-------  PYTHIA Error and Warning Messages Statistics  ----------------------------------------------------------* 
 |                                                                                                                 | 
 |  times   message                                                                                                | 
 |                                                                                                                 | 
 |    137   Warning in PhaseSpace2to2tauyz::trialKin: maximum for cross section violated                           | 
 |   1428   Warning in TauDecays::decay: unknown correlated tau production, assuming from unpolarized photon       | 
 |                                                                                                                 | 
 *-------  End PYTHIA Error and Warning Messages Statistics  ------------------------------------------------------* 
Gammatau2xmu: 2.633e-15

Gammatau2xe: 0.000e+00

BRtau2xmu: 1.161e-03

BRtau2xe: 0.000e+00

BRtau2xmu + BRtau2xe: 1.161e-03

produced tau excluding those daughters are also tau lepton: 2.856e+03
produced X: 2.856e+03
produced X/NMC: 2.856e-01

Proportion of X flying forward (eta>0): 6.201e-01
Proportion of X flying backward (eta<0): 3.799e-01

Total Gamma [GeV]: 8.234e-14
ctau [m]: 2.396e-03

Gammax2tautau: 0.000e+00

Gammax2mumu: 0.000e+00

Gammax2ee: 8.234e-14

Gammax2gmgm: 0.000e+00

BRx2tautau: 0.000e+00

BRx2mumu: 0.000e+00

BRx2ee: 1.000e+00

BRx2gmgm: 0.000e+00

X: insideFidVol: 0.000e+00
observedX: 4.802e-04
visibleX: 4.802e-05

X Observed Fiducial efficiency: 1.681e-07
X Visible Fiducial efficiency: 1.681e-08

reallyProduced tau: 9.200e+10
total number of tau-tau events: 4.600e+10

reallyProducedX: 3.761e+07
reallyobservedX: 6.323e+00
reallyvisibleX: 6.323e-01

