mX:  1.5
g_TM_Lamb:  2e-09
g_EE_Lamb:  1e-07
NMC 10000

 *-------  PYTHIA Process Initialization  --------------------------*
 |                                                                  |
 | We collide e- with e+ at a CM energy of 1.058e+01 GeV            |
 |                                                                  |
 |------------------------------------------------------------------|
 |                                                    |             |
 | Subprocess                                    Code |   Estimated |
 |                                                    |    max (mb) |
 |                                                    |             |
 |------------------------------------------------------------------|
 |                                                    |             |
 | f fbar -> f' fbar' (s-channel gamma*)          223 |   1.647e-04 |
 |                                                                  |
 *-------  End PYTHIA Process Initialization -----------------------*

 *-------  PYTHIA Flag + Mode + Parm + Word + FVec + MVec + PVec + WVec Settings (changes only)  ------------------* 
 |                                                                                                                 | 
 | Name                                          |                      Now |      Default         Min         Max | 
 |                                               |                          |                                      | 
 | Beams:eA                                      |                  7.00000 |     7000.000         0.0             | 
 | Beams:eB                                      |                  4.00000 |     7000.000         0.0             | 
 | Beams:frameType                               |                        2 |            1           1           5 | 
 | Beams:idA                                     |                       11 |         2212                         | 
 | Beams:idB                                     |                      -11 |         2212                         | 
 | HadronLevel:Hadronize                         |                      off |           on                         | 
 | Next:numberCount                              |                    10000 |         1000           0             | 
 | PartonLevel:MPI                               |                      off |           on                         | 
 | Random:seed                                   |                        0 |           -1               900000000 | 
 | Random:setSeed                                |                       on |          off                         | 
 | WeakSingleBoson:ffbar2ffbar(s:gm)             |                       on |          off                         | 
 |                                                                                                                 | 
 *-------  End PYTHIA Flag + Mode + Parm + Word + FVec + MVec + PVec + WVec Settings  -----------------------------* 

 --------  PYTHIA Particle Data Table (changed only)  ------------------------------------------------------------------------------
 
      id   name            antiName         spn chg col      m0        mWidth      mMin       mMax       tau0    res dec ext vis wid
             no onMode   bRatio   meMode     products 

      15  tau-             tau+               2  -3   0    1.77682    0.00000    0.00000    0.00000  8.71100e-02   0   1   0   1   0
              0     1   0.0000000  103       36       13 
              1     1   0.0000000  103       36       11 

      36  x                                   1   0   0    1.50000    0.00000    0.00000    0.00000  5.39180e+04   0   1   0   0   0
              0     1   0.0000000  103       15      -15 
              1     1   0.0000000  103       13      -13 
              2     1   1.0000000  103       11      -11 
              3     1   0.0000000  103       22       22 

 --------  End PYTHIA Particle Data Table  -----------------------------------------------------------------------------------------


 --------  PYTHIA Info Listing  ---------------------------------------- 
 
 Beam A: id =     11, pz =  5.292e+00, e =  5.292e+00, m =  5.110e-04.
 Beam B: id =    -11, pz = -5.292e+00, e =  5.292e+00, m =  5.110e-04.

 In 1: id =   11, x =  6.277e-01, pdf =  5.007e-02 at Q2 =  7.031e+01.
 In 2: id =  -11, x =  1.000e+00, pdf =  6.188e+04 at same Q2.

 Subprocess f fbar -> f' fbar' (s-channel gamma*) with code 223 is 2 -> 2.
 It has sHat =  7.031e+01,    tHat = -3.914e+01,    uHat = -3.117e+01,
       pTHat =  4.165e+00,   m3Hat =  5.110e-04,   m4Hat =  5.110e-04,
    thetaHat =  1.684e+00,  phiHat =  2.015e+00.
     alphaEM =  7.612e-03,  alphaS =  2.092e-01    at Q2 =  7.031e+01.

 Impact parameter b =  0.000e+00 gives enhancement factor =  1.000e+00.
 Max pT scale for MPI =  1.058e+01, ISR =  1.058e+01, FSR =  1.058e+01.
 Number of MPI =     1, ISR =     2, FSRproc =     2, FSRreson =     0.

 --------  End PYTHIA Info Listing  ------------------------------------

 --------  PYTHIA Event Listing  (hard process)  -----------------------------------------------------------------------------------
 
    no         id  name            status     mothers   daughters     colours      p_x        p_y        p_z         e          m 
     0         90  (system)           -11     0     0     0     0     0     0      0.000      0.000      3.000     11.000     10.583
     1         11  (e-)               -12     0     0     3     0     0     0      0.000      0.000      7.000      7.000      0.001
     2        -11  (e+)               -12     0     0     4     0     0     0      0.000      0.000     -4.000      4.000      0.001
     3         11  (e-)               -21     1     0     5     6     0     0      0.000      0.000      4.394      4.394      0.000
     4        -11  (e+)               -21     2     0     5     6     0     0      0.000      0.000     -4.000      4.000      0.000
     5         11  e-                  23     3     4     0     0     0     0     -1.789      3.762     -0.279      4.175      0.001
     6        -11  e+                  23     3     4     0     0     0     0      1.789     -3.762      0.673      4.219      0.001
                                   Charge sum:  0.000           Momentum sum:      0.000      0.000      0.394      8.394      8.385

 --------  End PYTHIA Event Listing  -----------------------------------------------------------------------------------------------

 --------  PYTHIA Event Listing  (complete event)  ---------------------------------------------------------------------------------
 
    no         id  name            status     mothers   daughters     colours      p_x        p_y        p_z         e          m 
     0         90  (system)           -11     0     0     0     0     0     0      0.000      0.000      3.000     11.000     10.583
     1         11  (e-)               -12     0     0    24     0     0     0      0.000      0.000      7.000      7.000      0.001
     2        -11  (e+)               -12     0     0    25     0     0     0      0.000      0.000     -4.000      4.000      0.001
     3         11  (e-)               -21     7     0     5     6     0     0      0.000      0.000      4.394      4.394      0.000
     4        -11  (e+)               -21     8     8     5     6     0     0      0.000      0.000     -4.000      4.000      0.000
     5         11  (e-)               -23     3     4     9     9     0     0     -1.789      3.762     -0.279      4.175      0.001
     6        -11  (e+)               -23     3     4    10    10     0     0      1.789     -3.762      0.673      4.219      0.001
     7         11  (e-)               -41    12     0    11     3     0     0      0.000      0.000      6.990      6.990      0.000
     8        -11  (e+)               -42    13    13     4     4     0     0      0.000      0.000     -4.000      4.000      0.000
     9         11  (e-)               -44     5     5    14    14     0     0     -1.429      4.344     -0.244      4.580      0.001
    10        -11  (e+)               -44     6     6    15    15     0     0      2.241     -3.030      1.419      4.027      0.001
    11         22  (gamma)            -43     7     0    16    16     0     0     -0.812     -1.314      1.815      2.383      0.000
    12         11  (e-)               -41    20    20    17     7     0     0      0.000     -0.000      7.000      7.000      0.000
    13        -11  (e+)               -42    25    25     8     8     0     0      0.000      0.000     -4.000      4.000      0.000
    14         11  (e-)               -44     9     9    18    19     0     0     -1.428      4.346     -0.244      4.581      0.001
    15        -11  (e+)               -44    10    10    27    27     0     0      2.242     -3.028      1.420      4.027      0.001
    16         22  (gamma)            -44    11    11    28    28     0     0     -0.811     -1.313      1.816      2.383      0.000
    17         22  (gamma)            -43    12     0    29    29     0     0     -0.003     -0.004      0.008      0.010      0.000
    18         11  (e-)               -51    14     0    21    22     0     0     -1.428      4.345     -0.244      4.580      0.001
    19         22  (gamma)            -51    14     0    30    30     0     0     -0.000      0.001     -0.000      0.001      0.000
    20         11  (e-)               -53    23    23    12    12     0     0      0.000     -0.000      7.000      7.000      0.000
    21         11  (e-)               -51    18     0    26    26     0     0     -1.427      4.344     -0.243      4.579      0.001
    22         22  (gamma)            -51    18     0    31    31     0     0     -0.000      0.001     -0.000      0.001      0.000
    23         11  (e-)               -53    24    24    20    20     0     0      0.000     -0.000      7.000      7.000      0.000
    24         11  (e-)               -61     1     0    23    23     0     0     -0.000      0.000      7.000      7.000      0.000
    25        -11  (e+)               -61     2     0    13    13     0     0     -0.000      0.000     -4.000      4.000      0.000
    26         11  e-                  62    21    21     0     0     0     0     -1.427      4.344     -0.243      4.579      0.001
    27        -11  e+                  62    15    15     0     0     0     0      2.242     -3.028      1.420      4.027      0.001
    28         22  gamma               62    16    16     0     0     0     0     -0.811     -1.313      1.816      2.383      0.000
    29         22  gamma               62    17    17     0     0     0     0     -0.003     -0.004      0.008      0.010      0.000
    30         22  gamma               62    19    19     0     0     0     0     -0.000      0.001     -0.000      0.001      0.000
    31         22  gamma               62    22    22     0     0     0     0     -0.000      0.001     -0.000      0.001      0.000
    32         22  gamma               63     1     0     0     0     0     0      0.000      0.000      0.000      0.000      0.000
    33         22  gamma               63     2     0     0     0     0     0      0.000      0.000     -0.000      0.000      0.000
                                   Charge sum:  0.000           Momentum sum:     -0.000      0.000      3.000     11.000     10.583

 --------  End PYTHIA Event Listing  -----------------------------------------------------------------------------------------------
 PYTHIA Warning in TauDecays::decay: unknown correlated tau production, assuming from unpolarized photon  

 *-------  PYTHIA Event and Cross Section Statistics  -------------------------------------------------------------*
 |                                                                                                                 |
 | Subprocess                                    Code |            Number of events       |      sigma +- delta    |
 |                                                    |       Tried   Selected   Accepted |     (estimated) (mb)   |
 |                                                    |                                   |                        |
 |-----------------------------------------------------------------------------------------------------------------|
 |                                                    |                                   |                        |
 | f fbar -> f' fbar' (s-channel gamma*)          223 |      272137      10000      10000 |   6.033e-06  2.894e-08 |
 |                                                    |                                   |                        |
 | sum                                                |      272137      10000      10000 |   6.033e-06  2.894e-08 |
 |                                                                                                                 |
 *-------  End PYTHIA Event and Cross Section Statistics ----------------------------------------------------------*

 *-------  PYTHIA Error and Warning Messages Statistics  ----------------------------------------------------------* 
 |                                                                                                                 | 
 |  times   message                                                                                                | 
 |                                                                                                                 | 
 |   1462   Warning in TauDecays::decay: unknown correlated tau production, assuming from unpolarized photon       | 
 |                                                                                                                 | 
 *-------  End PYTHIA Error and Warning Messages Statistics  ------------------------------------------------------* 
Gammatau2xmu: 6.584e-20

Gammatau2xe: 0.000e+00

BRtau2xmu: 2.906e-08

BRtau2xe: 0.000e+00

BRtau2xmu + BRtau2xe: 2.906e-08

produced tau excluding those daughters are also tau lepton: 2.924e+03
produced X: 2.924e+03
produced X/NMC: 2.924e-01

Proportion of X flying forward (eta>0): 6.170e-01
Proportion of X flying backward (eta<0): 3.830e-01

Total Gamma [GeV]: 3.660e-18
ctau [m]: 5.392e+01

Gammax2tautau: 0.000e+00

Gammax2mumu: 0.000e+00

Gammax2ee: 3.660e-18

Gammax2gmgm: 0.000e+00

BRx2tautau: 0.000e+00

BRx2mumu: 0.000e+00

BRx2ee: 1.000e+00

BRx2gmgm: 0.000e+00

X: insideFidVol: 2.200e+01
observedX: 1.540e+01
visibleX: 1.540e+00

X Observed Fiducial efficiency: 5.265e-03
X Visible Fiducial efficiency: 5.265e-04

reallyProduced tau: 9.200e+10
total number of tau-tau events: 4.600e+10

reallyProducedX: 9.413e+02
reallyobservedX: 4.956e+00
reallyvisibleX: 4.956e-01

