mX:  1.5
g_TM_Lamb:  2e-09
g_EE_Lamb:  0.01
NMC 10000

 *-------  PYTHIA Process Initialization  --------------------------*
 |                                                                  |
 | We collide e- with e+ at a CM energy of 1.058e+01 GeV            |
 |                                                                  |
 |------------------------------------------------------------------|
 |                                                    |             |
 | Subprocess                                    Code |   Estimated |
 |                                                    |    max (mb) |
 |                                                    |             |
 |------------------------------------------------------------------|
 |                                                    |             |
 | f fbar -> f' fbar' (s-channel gamma*)          223 |   1.384e-04 |
 |                                                                  |
 *-------  End PYTHIA Process Initialization -----------------------*

 *-------  PYTHIA Flag + Mode + Parm + Word + FVec + MVec + PVec + WVec Settings (changes only)  ------------------* 
 |                                                                                                                 | 
 | Name                                          |                      Now |      Default         Min         Max | 
 |                                               |                          |                                      | 
 | Beams:eA                                      |                  7.00000 |     7000.000         0.0             | 
 | Beams:eB                                      |                  4.00000 |     7000.000         0.0             | 
 | Beams:frameType                               |                        2 |            1           1           5 | 
 | Beams:idA                                     |                       11 |         2212                         | 
 | Beams:idB                                     |                      -11 |         2212                         | 
 | HadronLevel:Hadronize                         |                      off |           on                         | 
 | Next:numberCount                              |                    10000 |         1000           0             | 
 | PartonLevel:MPI                               |                      off |           on                         | 
 | Random:seed                                   |                        0 |           -1               900000000 | 
 | Random:setSeed                                |                       on |          off                         | 
 | WeakSingleBoson:ffbar2ffbar(s:gm)             |                       on |          off                         | 
 |                                                                                                                 | 
 *-------  End PYTHIA Flag + Mode + Parm + Word + FVec + MVec + PVec + WVec Settings  -----------------------------* 

 --------  PYTHIA Particle Data Table (changed only)  ------------------------------------------------------------------------------
 
      id   name            antiName         spn chg col      m0        mWidth      mMin       mMax       tau0    res dec ext vis wid
             no onMode   bRatio   meMode     products 

      15  tau-             tau+               2  -3   0    1.77682    0.00000    0.00000    0.00000  8.71100e-02   0   1   0   1   0
              0     1   0.0000000  103       36       13 
              1     1   0.0000000  103       36       11 

      36  x                                   1   0   0    1.50000    0.00000    0.00000    0.00000  5.39180e-06   0   1   0   0   0
              0     1   0.0000000  103       15      -15 
              1     1   0.0000000  103       13      -13 
              2     1   1.0000000  103       11      -11 
              3     1   0.0000000  103       22       22 

 --------  End PYTHIA Particle Data Table  -----------------------------------------------------------------------------------------


 --------  PYTHIA Info Listing  ---------------------------------------- 
 
 Beam A: id =     11, pz =  5.292e+00, e =  5.292e+00, m =  5.110e-04.
 Beam B: id =    -11, pz = -5.292e+00, e =  5.292e+00, m =  5.110e-04.

 In 1: id =   11, x =  1.000e+00, pdf =  8.440e+04 at Q2 =  1.120e+02.
 In 2: id =  -11, x =  1.000e+00, pdf =  1.317e+03 at same Q2.

 Subprocess f fbar -> f' fbar' (s-channel gamma*) with code 223 is 2 -> 2.
 It has sHat =  1.120e+02,    tHat = -4.381e+01,    uHat = -6.818e+01,
       pTHat =  5.155e+00,   m3Hat =  3.300e-01,   m4Hat =  3.300e-01,
    thetaHat =  1.351e+00,  phiHat =  5.892e+00.
     alphaEM =  7.631e-03,  alphaS =  1.975e-01    at Q2 =  1.120e+02.

 Impact parameter b =  0.000e+00 gives enhancement factor =  1.000e+00.
 Max pT scale for MPI =  1.058e+01, ISR =  1.058e+01, FSR =  1.058e+01.
 Number of MPI =     1, ISR =     0, FSRproc =     6, FSRreson =     0.

 --------  End PYTHIA Info Listing  ------------------------------------

 --------  PYTHIA Event Listing  (hard process)  -----------------------------------------------------------------------------------
 
    no         id  name            status     mothers   daughters     colours      p_x        p_y        p_z         e          m 
     0         90  (system)           -11     0     0     0     0     0     0      0.000      0.000      3.000     11.000     10.583
     1         11  (e-)               -12     0     0     3     0     0     0      0.000      0.000      7.000      7.000      0.001
     2        -11  (e+)               -12     0     0     4     0     0     0      0.000      0.000     -4.000      4.000      0.001
     3         11  (e-)               -21     1     0     5     6     0     0      0.000      0.000      7.000      7.000      0.000
     4        -11  (e+)               -21     2     0     5     6     0     0      0.000      0.000     -4.000      4.000      0.000
     5          2  u                   23     3     4     0     0   101     0      4.764     -1.967      2.694      5.826      0.330
     6         -2  ubar                23     3     4     0     0     0   101     -4.764      1.967      0.306      5.174      0.330
                                   Charge sum:  0.000           Momentum sum:      0.000      0.000      3.000     11.000     10.583

 --------  End PYTHIA Event Listing  -----------------------------------------------------------------------------------------------

 --------  PYTHIA Event Listing  (complete event)  ---------------------------------------------------------------------------------
 
    no         id  name            status     mothers   daughters     colours      p_x        p_y        p_z         e          m 
     0         90  (system)           -11     0     0     0     0     0     0      0.000      0.000      3.000     11.000     10.583
     1         11  (e-)               -12     0     0    25     0     0     0      0.000      0.000      7.000      7.000      0.001
     2        -11  (e+)               -12     0     0    26     0     0     0      0.000      0.000     -4.000      4.000      0.001
     3         11  (e-)               -21    25    25     5     6     0     0      0.000      0.000      7.000      7.000      0.000
     4        -11  (e+)               -21    26    26     5     6     0     0      0.000      0.000     -4.000      4.000      0.000
     5          2  (u)                -23     3     4     9     9   101     0      4.764     -1.967      2.694      5.826      0.330
     6         -2  (ubar)             -23     3     4     7     8     0   101     -4.764      1.967      0.306      5.174      0.330
     7         -2  (ubar)             -51     6     0    10    11     0   102     -4.642      0.812     -0.474      4.747      0.330
     8         21  (g)                -51     6     0    12    12   102   101      1.192      0.613      1.521      2.027      0.000
     9          2  (u)                -52     5     5    27    27   101     0      3.450     -1.425      1.953      4.226      0.330
    10         -2  (ubar)             -51     7     0    16    17     0   103     -0.865      0.523     -0.783      1.321      0.330
    11         21  (g)                -51     7     0    13    14   103   102     -3.628      0.365      0.499      3.680      0.000
    12         21  (g)                -52     8     8    15    15   102   101      1.043      0.536      1.331      1.774      0.000
    13         21  (g)                -51    11     0    18    18   103   104     -2.704      0.265      1.280      3.004      0.000
    14         21  (g)                -51    11     0    21    21   104   102     -0.755      0.187     -0.566      0.962      0.000
    15         21  (g)                -52    12    12    19    20   102   101      0.875      0.450      1.116      1.488      0.000
    16         -2  (ubar)             -51    10     0    28    28     0   105     -1.949      0.876     -0.633      2.253      0.330
    17         21  (g)                -51    10     0    32    32   105   103     -0.388     -0.209      0.547      0.702      0.000
    18         21  (g)                -52    13    13    30    30   103   104     -1.233      0.121      0.584      1.369      0.000
    19         21  (g)                -51    15     0    24    24   106   101      1.034      0.553      0.835      1.439      0.000
    20         21  (g)                -51    15     0    22    23   102   106     -0.562     -0.003     -0.021      0.562      0.000
    21         21  (g)                -52    14    14    31    31   104   102     -0.352      0.087     -0.264      0.449      0.000
    22         21  (g)                -51    20     0    33    33   102   107      0.287     -0.034      0.603      0.669      0.000
    23         21  (g)                -51    20     0    34    34   107   106     -0.386      0.278     -0.250      0.538      0.000
    24         21  (g)                -52    19    19    29    29   106   101      0.571      0.305      0.461      0.794      0.000
    25         11  (e-)               -61     1     0     3     3     0     0      0.000      0.000      7.000      7.000      0.000
    26        -11  (e+)               -61     2     0     4     4     0     0      0.000      0.000     -4.000      4.000      0.000
    27          2  u                   62     9     9     0     0   101     0      3.450     -1.425      1.953      4.226      0.330
    28         -2  ubar                62    16    16     0     0     0   105     -1.949      0.876     -0.633      2.253      0.330
    29         21  g                   62    24    24     0     0   106   101      0.571      0.305      0.461      0.794      0.000
    30         21  g                   62    18    18     0     0   103   104     -1.233      0.121      0.584      1.369      0.000
    31         21  g                   62    21    21     0     0   104   102     -0.352      0.087     -0.264      0.449      0.000
    32         21  g                   62    17    17     0     0   105   103     -0.388     -0.209      0.547      0.702      0.000
    33         21  g                   62    22    22     0     0   102   107      0.287     -0.034      0.603      0.669      0.000
    34         21  g                   62    23    23     0     0   107   106     -0.386      0.278     -0.250      0.538      0.000
    35         22  gamma               63     1     0     0     0     0     0      0.000      0.000      0.000      0.000      0.000
    36         22  gamma               63     2     0     0     0     0     0      0.000      0.000     -0.000      0.000      0.000
                                   Charge sum:  0.000           Momentum sum:      0.000     -0.000      3.000     11.000     10.583

 --------  End PYTHIA Event Listing  -----------------------------------------------------------------------------------------------
 PYTHIA Warning in TauDecays::decay: unknown correlated tau production, assuming from unpolarized photon  
 PYTHIA Warning in PhaseSpace2to2tauyz::trialKin: maximum for cross section violated  

 *-------  PYTHIA Event and Cross Section Statistics  -------------------------------------------------------------*
 |                                                                                                                 |
 | Subprocess                                    Code |            Number of events       |      sigma +- delta    |
 |                                                    |       Tried   Selected   Accepted |     (estimated) (mb)   |
 |                                                    |                                   |                        |
 |-----------------------------------------------------------------------------------------------------------------|
 |                                                    |                                   |                        |
 | f fbar -> f' fbar' (s-channel gamma*)          223 |      232362      10000      10000 |   5.992e-06  3.087e-08 |
 |                                                    |                                   |                        |
 | sum                                                |      232362      10000      10000 |   5.992e-06  3.087e-08 |
 |                                                                                                                 |
 *-------  End PYTHIA Event and Cross Section Statistics ----------------------------------------------------------*

 *-------  PYTHIA Error and Warning Messages Statistics  ----------------------------------------------------------* 
 |                                                                                                                 | 
 |  times   message                                                                                                | 
 |                                                                                                                 | 
 |    146   Warning in PhaseSpace2to2tauyz::trialKin: maximum for cross section violated                           | 
 |   1498   Warning in TauDecays::decay: unknown correlated tau production, assuming from unpolarized photon       | 
 |                                                                                                                 | 
 *-------  End PYTHIA Error and Warning Messages Statistics  ------------------------------------------------------* 
Gammatau2xmu: 6.584e-20

Gammatau2xe: 0.000e+00

BRtau2xmu: 2.906e-08

BRtau2xe: 0.000e+00

BRtau2xmu + BRtau2xe: 2.906e-08

produced tau excluding those daughters are also tau lepton: 2.996e+03
produced X: 2.996e+03
produced X/NMC: 2.996e-01

Proportion of X flying forward (eta>0): 6.232e-01
Proportion of X flying backward (eta<0): 3.768e-01

Total Gamma [GeV]: 3.660e-08
ctau [m]: 5.392e-09

Gammax2tautau: 0.000e+00

Gammax2mumu: 0.000e+00

Gammax2ee: 3.660e-08

Gammax2gmgm: 0.000e+00

BRx2tautau: 0.000e+00

BRx2mumu: 0.000e+00

BRx2ee: 1.000e+00

BRx2gmgm: 0.000e+00

X: insideFidVol: 0.000e+00
observedX: 0.000e+00
visibleX: 0.000e+00

X Observed Fiducial efficiency: 0.000e+00
X Visible Fiducial efficiency: 0.000e+00

reallyProduced tau: 9.200e+10
total number of tau-tau events: 4.600e+10

reallyProducedX: 9.413e+02
reallyobservedX: 0.000e+00
reallyvisibleX: 0.000e+00

