mX:  1.5
g_TM_Lamb:  1.5e-09
g_EE_Lamb:  1.5e-06
NMC 10000

 *-------  PYTHIA Process Initialization  --------------------------*
 |                                                                  |
 | We collide e- with e+ at a CM energy of 1.058e+01 GeV            |
 |                                                                  |
 |------------------------------------------------------------------|
 |                                                    |             |
 | Subprocess                                    Code |   Estimated |
 |                                                    |    max (mb) |
 |                                                    |             |
 |------------------------------------------------------------------|
 |                                                    |             |
 | f fbar -> f' fbar' (s-channel gamma*)          223 |   1.470e-04 |
 |                                                                  |
 *-------  End PYTHIA Process Initialization -----------------------*

 *-------  PYTHIA Flag + Mode + Parm + Word + FVec + MVec + PVec + WVec Settings (changes only)  ------------------* 
 |                                                                                                                 | 
 | Name                                          |                      Now |      Default         Min         Max | 
 |                                               |                          |                                      | 
 | Beams:eA                                      |                  7.00000 |     7000.000         0.0             | 
 | Beams:eB                                      |                  4.00000 |     7000.000         0.0             | 
 | Beams:frameType                               |                        2 |            1           1           5 | 
 | Beams:idA                                     |                       11 |         2212                         | 
 | Beams:idB                                     |                      -11 |         2212                         | 
 | HadronLevel:Hadronize                         |                      off |           on                         | 
 | Next:numberCount                              |                    10000 |         1000           0             | 
 | PartonLevel:MPI                               |                      off |           on                         | 
 | Random:seed                                   |                        0 |           -1               900000000 | 
 | Random:setSeed                                |                       on |          off                         | 
 | WeakSingleBoson:ffbar2ffbar(s:gm)             |                       on |          off                         | 
 |                                                                                                                 | 
 *-------  End PYTHIA Flag + Mode + Parm + Word + FVec + MVec + PVec + WVec Settings  -----------------------------* 

 --------  PYTHIA Particle Data Table (changed only)  ------------------------------------------------------------------------------
 
      id   name            antiName         spn chg col      m0        mWidth      mMin       mMax       tau0    res dec ext vis wid
             no onMode   bRatio   meMode     products 

      15  tau-             tau+               2  -3   0    1.77682    0.00000    0.00000    0.00000  8.71100e-02   0   1   0   1   0
              0     1   0.0000000  103       36       13 
              1     1   0.0000000  103       36       11 

      36  x                                   1   0   0    1.50000    0.00000    0.00000    0.00000  2.39636e+02   0   1   0   0   0
              0     1   0.0000000  103       15      -15 
              1     1   0.0000000  103       13      -13 
              2     1   1.0000000  103       11      -11 
              3     1   0.0000000  103       22       22 

 --------  End PYTHIA Particle Data Table  -----------------------------------------------------------------------------------------


 --------  PYTHIA Info Listing  ---------------------------------------- 
 
 Beam A: id =     11, pz =  5.292e+00, e =  5.292e+00, m =  5.110e-04.
 Beam B: id =    -11, pz = -5.292e+00, e =  5.292e+00, m =  5.110e-04.

 In 1: id =   11, x =  6.820e-01, pdf =  6.675e-02 at Q2 =  7.638e+01.
 In 2: id =  -11, x =  1.000e+00, pdf =  1.105e+05 at same Q2.

 Subprocess f fbar -> f' fbar' (s-channel gamma*) with code 223 is 2 -> 2.
 It has sHat =  7.638e+01,    tHat = -7.147e+00,    uHat = -6.924e+01,
       pTHat =  2.528e+00,   m3Hat =  5.000e-01,   m4Hat =  5.000e-01,
    thetaHat =  6.217e-01,  phiHat =  4.473e-01.
     alphaEM =  7.615e-03,  alphaS =  2.070e-01    at Q2 =  7.638e+01.

 Impact parameter b =  0.000e+00 gives enhancement factor =  1.000e+00.
 Max pT scale for MPI =  1.058e+01, ISR =  8.740e+00, FSR =  8.740e+00.
 Number of MPI =     1, ISR =     1, FSRproc =     4, FSRreson =     0.

 --------  End PYTHIA Info Listing  ------------------------------------

 --------  PYTHIA Event Listing  (hard process)  -----------------------------------------------------------------------------------
 
    no         id  name            status     mothers   daughters     colours      p_x        p_y        p_z         e          m 
     0         90  (system)           -11     0     0     0     0     0     0      0.000      0.000      3.000     11.000     10.583
     1         11  (e-)               -12     0     0     3     0     0     0      0.000      0.000      7.000      7.000      0.001
     2        -11  (e+)               -12     0     0     4     0     0     0      0.000      0.000     -4.000      4.000      0.001
     3         11  (e-)               -21     1     0     5     6     0     0      0.000      0.000      4.774      4.774      0.000
     4        -11  (e+)               -21     2     0     5     6     0     0      0.000      0.000     -4.000      4.000      0.000
     5          3  s                   23     3     4     0     0   101     0      2.280      1.094      3.930      4.699      0.500
     6         -3  sbar                23     3     4     0     0     0   101     -2.280     -1.094     -3.156      4.074      0.500
                                   Charge sum:  0.000           Momentum sum:      0.000      0.000      0.774      8.774      8.740

 --------  End PYTHIA Event Listing  -----------------------------------------------------------------------------------------------

 --------  PYTHIA Event Listing  (complete event)  ---------------------------------------------------------------------------------
 
    no         id  name            status     mothers   daughters     colours      p_x        p_y        p_z         e          m 
     0         90  (system)           -11     0     0     0     0     0     0      0.000      0.000      3.000     11.000     10.583
     1         11  (e-)               -12     0     0    27     0     0     0      0.000      0.000      7.000      7.000      0.001
     2        -11  (e+)               -12     0     0    28     0     0     0      0.000      0.000     -4.000      4.000      0.001
     3         11  (e-)               -21    16     0     5     6     0     0      0.000      0.000      4.774      4.774      0.000
     4        -11  (e+)               -21    17    17     5     6     0     0      0.000      0.000     -4.000      4.000      0.000
     5          3  (s)                -23     3     4     7     8   101     0      2.280      1.094      3.930      4.699      0.500
     6         -3  (sbar)             -23     3     4     9     9     0   101     -2.280     -1.094     -3.156      4.074      0.500
     7          3  (s)                -51     5     0    13    14   102     0      0.293      1.166      3.091      3.354      0.500
     8         21  (g)                -51     5     0    12    12   101   102      1.727     -0.197      0.478      1.803      0.000
     9         -3  (sbar)             -52     6     6    10    11     0   101     -2.020     -0.969     -2.795      3.617      0.500
    10         -3  (sbar)             -51     9     0    19    19     0   103     -2.235     -0.970     -1.965      3.170      0.500
    11         21  (g)                -51     9     0    21    21   103   101      0.773     -0.063     -0.676      1.028      0.000
    12         21  (g)                -52     8     8    15    15   101   102      1.170     -0.134      0.324      1.221      0.000
    13          3  (s)                -51     7     0    18    18   104     0      1.471      0.615      2.893      3.341      0.500
    14         21  (g)                -51     7     0    22    22   102   104     -0.457      0.468      0.398      0.766      0.000
    15         21  (g)                -52    12    12    20    20   101   102      0.449     -0.051      0.124      0.468      0.000
    16         11  (e-)               -41    27    27    23     3     0     0     -0.000     -0.000      7.000      7.000      0.000
    17        -11  (e+)               -42    28    28     4     4     0     0     -0.000     -0.000     -4.000      4.000      0.000
    18          3  (s)                -44    13    13    29    29   104     0      1.930      0.872      2.836      3.574      0.500
    19         -3  (sbar)             -44    10    10    26    26     0   103     -2.147     -0.920     -1.683      2.922      0.500
    20         21  (g)                -44    15    15    31    31   101   102      0.492     -0.027      0.105      0.504      0.000
    21         21  (g)                -44    11    11    24    25   103   101      0.799     -0.048     -0.701      1.064      0.000
    22         21  (g)                -44    14    14    33    33   102   104     -0.372      0.516      0.430      0.768      0.000
    23         22  (gamma)            -43    16     0    34    34     0     0     -0.702     -0.393      2.013      2.168      0.000
    24         21  (g)                -51    21     0    32    32   105   101      0.796     -0.243     -0.675      1.072      0.000
    25         21  (g)                -51    21     0    35    35   103   105     -0.659     -0.078     -0.511      0.837      0.000
    26         -3  (sbar)             -52    19    19    30    30     0   103     -1.486     -0.647     -1.198      2.076      0.500
    27         11  (e-)               -61     1     0    16    16     0     0      0.000      0.000      7.000      7.000      0.000
    28        -11  (e+)               -61     2     0    17    17     0     0      0.000      0.000     -4.000      4.000      0.000
    29          3  s                   62    18    18     0     0   104     0      1.930      0.872      2.836      3.574      0.500
    30         -3  sbar                62    26    26     0     0     0   103     -1.486     -0.647     -1.198      2.076      0.500
    31         21  g                   62    20    20     0     0   101   102      0.492     -0.027      0.105      0.504      0.000
    32         21  g                   62    24    24     0     0   105   101      0.796     -0.243     -0.675      1.072      0.000
    33         21  g                   62    22    22     0     0   102   104     -0.372      0.516      0.430      0.768      0.000
    34         22  gamma               62    23    23     0     0     0     0     -0.702     -0.393      2.013      2.168      0.000
    35         21  g                   62    25    25     0     0   103   105     -0.659     -0.078     -0.511      0.837      0.000
    36         22  gamma               63     1     0     0     0     0     0      0.000      0.000      0.000      0.000      0.000
    37         22  gamma               63     2     0     0     0     0     0      0.000      0.000     -0.000      0.000      0.000
                                   Charge sum:  0.000           Momentum sum:      0.000      0.000      3.000     11.000     10.583

 --------  End PYTHIA Event Listing  -----------------------------------------------------------------------------------------------
 PYTHIA Warning in TauDecays::decay: unknown correlated tau production, assuming from unpolarized photon  
 PYTHIA Warning in PhaseSpace2to2tauyz::trialKin: maximum for cross section violated  

 *-------  PYTHIA Event and Cross Section Statistics  -------------------------------------------------------------*
 |                                                                                                                 |
 | Subprocess                                    Code |            Number of events       |      sigma +- delta    |
 |                                                    |       Tried   Selected   Accepted |     (estimated) (mb)   |
 |                                                    |                                   |                        |
 |-----------------------------------------------------------------------------------------------------------------|
 |                                                    |                                   |                        |
 | f fbar -> f' fbar' (s-channel gamma*)          223 |      245416      10000      10000 |   5.980e-06  2.951e-08 |
 |                                                    |                                   |                        |
 | sum                                                |      245416      10000      10000 |   5.980e-06  2.951e-08 |
 |                                                                                                                 |
 *-------  End PYTHIA Event and Cross Section Statistics ----------------------------------------------------------*

 *-------  PYTHIA Error and Warning Messages Statistics  ----------------------------------------------------------* 
 |                                                                                                                 | 
 |  times   message                                                                                                | 
 |                                                                                                                 | 
 |     24   Warning in PhaseSpace2to2tauyz::trialKin: maximum for cross section violated                           | 
 |   1512   Warning in TauDecays::decay: unknown correlated tau production, assuming from unpolarized photon       | 
 |                                                                                                                 | 
 *-------  End PYTHIA Error and Warning Messages Statistics  ------------------------------------------------------* 
Gammatau2xmu: 3.703e-20

Gammatau2xe: 0.000e+00

BRtau2xmu: 1.634e-08

BRtau2xe: 0.000e+00

BRtau2xmu + BRtau2xe: 1.634e-08

produced tau excluding those daughters are also tau lepton: 3.024e+03
produced X: 3.024e+03
produced X/NMC: 3.024e-01

Proportion of X flying forward (eta>0): 6.276e-01
Proportion of X flying backward (eta<0): 3.724e-01

Total Gamma [GeV]: 8.234e-16
ctau [m]: 2.396e-01

Gammax2tautau: 0.000e+00

Gammax2mumu: 0.000e+00

Gammax2ee: 8.234e-16

Gammax2gmgm: 0.000e+00

BRx2tautau: 0.000e+00

BRx2mumu: 0.000e+00

BRx2ee: 1.000e+00

BRx2gmgm: 0.000e+00

X: insideFidVol: 1.654e+03
observedX: 1.608e+03
visibleX: 1.608e+02

X Observed Fiducial efficiency: 5.318e-01
X Visible Fiducial efficiency: 5.318e-02

reallyProduced tau: 9.200e+10
total number of tau-tau events: 4.600e+10

reallyProducedX: 5.295e+02
reallyobservedX: 2.815e+02
reallyvisibleX: 2.815e+01

