mX:  1.5
g_AB_Lamb:  1.5e-08
g_CC_Lamb:  1.5e-07
NMC 100000
 PYTHIA Warning in PhaseSpace2to2tauyz::trialKin: maximum for cross section violated  

 *-------  PYTHIA Process Initialization  --------------------------*
 |                                                                  |
 | We collide e- with e+ at a CM energy of 1.058e+01 GeV            |
 |                                                                  |
 |------------------------------------------------------------------|
 |                                                    |             |
 | Subprocess                                    Code |   Estimated |
 |                                                    |    max (mb) |
 |                                                    |             |
 |------------------------------------------------------------------|
 |                                                    |             |
 | f fbar -> f' fbar' (s-channel gamma*)          223 |   1.646e-04 |
 |                                                                  |
 *-------  End PYTHIA Process Initialization -----------------------*

 *-------  PYTHIA Flag + Mode + Parm + Word + FVec + MVec + PVec + WVec Settings (changes only)  ------------------* 
 |                                                                                                                 | 
 | Name                                          |                      Now |      Default         Min         Max | 
 |                                               |                          |                                      | 
 | Beams:eA                                      |                  7.00000 |     7000.000         0.0             | 
 | Beams:eB                                      |                  4.00000 |     7000.000         0.0             | 
 | Beams:frameType                               |                        2 |            1           1           5 | 
 | Beams:idA                                     |                       11 |         2212                         | 
 | Beams:idB                                     |                      -11 |         2212                         | 
 | HadronLevel:Hadronize                         |                      off |           on                         | 
 | Next:numberCount                              |                    10000 |         1000           0             | 
 | PartonLevel:MPI                               |                      off |           on                         | 
 | Random:seed                                   |                        0 |           -1               900000000 | 
 | Random:setSeed                                |                       on |          off                         | 
 | WeakSingleBoson:ffbar2ffbar(s:gm)             |                       on |          off                         | 
 |                                                                                                                 | 
 *-------  End PYTHIA Flag + Mode + Parm + Word + FVec + MVec + PVec + WVec Settings  -----------------------------* 

 --------  PYTHIA Particle Data Table (changed only)  ------------------------------------------------------------------------------
 
      id   name            antiName         spn chg col      m0        mWidth      mMin       mMax       tau0    res dec ext vis wid
             no onMode   bRatio   meMode     products 

      15  tau-             tau+               2  -3   0    1.77682    0.00000    0.00000    0.00000  8.71100e-02   0   1   0   1   0
              0     1   0.0000016  103       36       13 
              1     1   0.0000018  103       36       11 

      36  x                                   1   0   0    1.50000    0.00000    0.00000    0.00000  1.16494e+02   0   1   0   0   0
              0     1   0.0000000  103       15      -15 
              1     1   0.9951390  103       13      -13 
              2     1   0.0048613  103       11      -11 
              3     1   0.0000000  103       22       22 

 --------  End PYTHIA Particle Data Table  -----------------------------------------------------------------------------------------


 --------  PYTHIA Info Listing  ---------------------------------------- 
 
 Beam A: id =     11, pz =  5.292e+00, e =  5.292e+00, m =  5.110e-04.
 Beam B: id =    -11, pz = -5.292e+00, e =  5.292e+00, m =  5.110e-04.

 In 1: id =   11, x =  9.838e-01, pdf =  2.142e+00 at Q2 =  3.497e+01.
 In 2: id =  -11, x =  3.173e-01, pdf =  1.076e-02 at same Q2.

 Subprocess f fbar -> f' fbar' (s-channel gamma*) with code 223 is 2 -> 2.
 It has sHat =  3.497e+01,    tHat = -5.953e+00,    uHat = -2.901e+01,
       pTHat =  2.209e+00,   m3Hat =  3.300e-01,   m4Hat =  3.300e-01,
    thetaHat =  8.506e-01,  phiHat =  4.591e+00.
     alphaEM =  7.584e-03,  alphaS =  2.297e-01    at Q2 =  3.497e+01.

 Impact parameter b =  0.000e+00 gives enhancement factor =  1.000e+00.
 Max pT scale for MPI =  1.058e+01, ISR =  5.913e+00, FSR =  5.913e+00.
 Number of MPI =     1, ISR =     2, FSRproc =     2, FSRreson =     0.

 --------  End PYTHIA Info Listing  ------------------------------------

 --------  PYTHIA Event Listing  (hard process)  -----------------------------------------------------------------------------------
 
    no         id  name            status     mothers   daughters     colours      p_x        p_y        p_z         e          m 
     0         90  (system)           -11     0     0     0     0     0     0      0.000      0.000      3.000     11.000     10.583
     1         11  (e-)               -12     0     0     3     0     0     0      0.000      0.000      7.000      7.000      0.001
     2        -11  (e+)               -12     0     0     4     0     0     0      0.000      0.000     -4.000      4.000      0.001
     3         11  (e-)               -21     1     0     5     6     0     0      0.000      0.000      6.887      6.887      0.000
     4        -11  (e+)               -21     2     0     5     6     0     0      0.000      0.000     -1.269      1.269      0.000
     5          2  u                   23     3     4     0     0   101     0     -0.268     -2.192      5.481      5.919      0.330
     6         -2  ubar                23     3     4     0     0     0   101      0.268      2.192      0.136      2.237      0.330
                                   Charge sum:  0.000           Momentum sum:      0.000      0.000      5.617      8.156      5.913

 --------  End PYTHIA Event Listing  -----------------------------------------------------------------------------------------------

 --------  PYTHIA Event Listing  (complete event)  ---------------------------------------------------------------------------------
 
    no         id  name            status     mothers   daughters     colours      p_x        p_y        p_z         e          m 
     0         90  (system)           -11     0     0     0     0     0     0      0.000      0.000      3.000     11.000     10.583
     1         11  (e-)               -12     0     0    28     0     0     0      0.000      0.000      7.000      7.000      0.001
     2        -11  (e+)               -12     0     0    29     0     0     0      0.000      0.000     -4.000      4.000      0.001
     3         11  (e-)               -21    13     0     5     6     0     0      0.000      0.000      6.887      6.887      0.000
     4        -11  (e+)               -21    14    14     5     6     0     0      0.000      0.000     -1.269      1.269      0.000
     5          2  (u)                -23     3     4     9     9   101     0     -0.268     -2.192      5.481      5.919      0.330
     6         -2  (ubar)             -23     3     4     7     8     0   101      0.268      2.192      0.136      2.237      0.330
     7         -2  (ubar)             -51     6     0    16    16     0   102     -0.347      2.054      0.989      2.330      0.330
     8         21  (g)                -51     6     0    12    12   102   101      0.582     -0.130     -0.187      0.625      0.000
     9          2  (u)                -52     5     5    10    11   101     0     -0.235     -1.924      4.815      5.201      0.330
    10          2  (u)                -51     9     0    15    15   103     0      0.393     -1.941      4.603      5.022      0.330
    11         21  (g)                -51     9     0    18    18   101   103     -0.400     -0.034      0.139      0.425      0.000
    12         21  (g)                -52     8     8    17    17   102   101      0.354     -0.079     -0.113      0.380      0.000
    13         11  (e-)               -41    20    20    19     3     0     0      0.000     -0.000      7.000      7.000      0.000
    14        -11  (e+)               -42    21     0     4     4     0     0      0.000      0.000     -1.269      1.269      0.000
    15          2  (u)                -44    10    10    22    22   103     0      0.410     -1.923      4.618      5.030      0.330
    16         -2  (ubar)             -44     7     7    23    23     0   102     -0.342      2.060      0.991      2.335      0.330
    17         21  (g)                -44    12    12    24    24   102   101      0.354     -0.079     -0.113      0.380      0.000
    18         21  (g)                -44    11    11    25    25   101   103     -0.399     -0.033      0.141      0.424      0.000
    19         22  (gamma)            -43    13     0    26    26     0     0     -0.024     -0.025      0.093      0.100      0.000
    20         11  (e-)               -42    28    28    13    13     0     0     -0.000     -0.000      7.000      7.000      0.000
    21        -11  (e+)               -41    29    29    27    14     0     0      0.000      0.000     -4.000      4.000      0.000
    22          2  (u)                -44    15    15    30    30   103     0      0.410     -1.923      4.617      5.029      0.330
    23         -2  (ubar)             -44    16    16    31    31     0   102     -0.341      2.061      0.993      2.336      0.330
    24         21  (g)                -44    17    17    32    32   102   101      0.354     -0.078     -0.113      0.380      0.000
    25         21  (g)                -44    18    18    33    33   101   103     -0.399     -0.033      0.141      0.424      0.000
    26         22  (gamma)            -44    19    19    34    34     0     0     -0.024     -0.025      0.093      0.099      0.000
    27         22  (gamma)            -43    21     0    35    35     0     0     -0.001     -0.002     -2.731      2.731      0.000
    28         11  (e-)               -61     1     0    20    20     0     0      0.000      0.000      7.000      7.000      0.000
    29        -11  (e+)               -61     2     0    21    21     0     0      0.000     -0.000     -4.000      4.000      0.000
    30          2  u                   62    22    22     0     0   103     0      0.410     -1.923      4.617      5.029      0.330
    31         -2  ubar                62    23    23     0     0     0   102     -0.341      2.061      0.993      2.336      0.330
    32         21  g                   62    24    24     0     0   102   101      0.354     -0.078     -0.113      0.380      0.000
    33         21  g                   62    25    25     0     0   101   103     -0.399     -0.033      0.141      0.424      0.000
    34         22  gamma               62    26    26     0     0     0     0     -0.024     -0.025      0.093      0.099      0.000
    35         22  gamma               62    27    27     0     0     0     0     -0.001     -0.002     -2.731      2.731      0.000
    36         22  gamma               63     1     0     0     0     0     0      0.000      0.000      0.000      0.000      0.000
    37         22  gamma               63     2     0     0     0     0     0      0.000      0.000     -0.000      0.000      0.000
                                   Charge sum:  0.000           Momentum sum:      0.000      0.000      3.000     11.000     10.583

 --------  End PYTHIA Event Listing  -----------------------------------------------------------------------------------------------
 PYTHIA Warning in TauDecays::decay: unknown correlated tau production, assuming from unpolarized photon  

 Pythia::next(): 10000 events have been generated 

 Pythia::next(): 20000 events have been generated 

 Pythia::next(): 30000 events have been generated 

 Pythia::next(): 40000 events have been generated 
