mX:  0.05
g_TE_Lamb:  1e-10
g_EE_Lamb:  0.0004
NMC 10000

 *-------  PYTHIA Process Initialization  --------------------------*
 |                                                                  |
 | We collide e- with e+ at a CM energy of 1.058e+01 GeV            |
 |                                                                  |
 |------------------------------------------------------------------|
 |                                                    |             |
 | Subprocess                                    Code |   Estimated |
 |                                                    |    max (mb) |
 |                                                    |             |
 |------------------------------------------------------------------|
 |                                                    |             |
 | f fbar -> f' fbar' (s-channel gamma*)          223 |   1.463e-04 |
 |                                                                  |
 *-------  End PYTHIA Process Initialization -----------------------*

 *-------  PYTHIA Flag + Mode + Parm + Word + FVec + MVec + PVec + WVec Settings (changes only)  ------------------* 
 |                                                                                                                 | 
 | Name                                          |                      Now |      Default         Min         Max | 
 |                                               |                          |                                      | 
 | Beams:eA                                      |                  7.00000 |     7000.000         0.0             | 
 | Beams:eB                                      |                  4.00000 |     7000.000         0.0             | 
 | Beams:frameType                               |                        2 |            1           1           5 | 
 | Beams:idA                                     |                       11 |         2212                         | 
 | Beams:idB                                     |                      -11 |         2212                         | 
 | HadronLevel:Hadronize                         |                      off |           on                         | 
 | Next:numberCount                              |                    10000 |         1000           0             | 
 | PartonLevel:MPI                               |                      off |           on                         | 
 | Random:seed                                   |                        0 |           -1               900000000 | 
 | Random:setSeed                                |                       on |          off                         | 
 | WeakSingleBoson:ffbar2ffbar(s:gm)             |                       on |          off                         | 
 |                                                                                                                 | 
 *-------  End PYTHIA Flag + Mode + Parm + Word + FVec + MVec + PVec + WVec Settings  -----------------------------* 

 --------  PYTHIA Particle Data Table (changed only)  ------------------------------------------------------------------------------
 
      id   name            antiName         spn chg col      m0        mWidth      mMin       mMax       tau0    res dec ext vis wid
             no onMode   bRatio   meMode     products 

      15  tau-             tau+               2  -3   0    1.77682    0.00000    0.00000    0.00000  8.71100e-02   0   1   0   1   0
              0     1   0.0000000  103       36       13 
              1     1   0.0000000  103       36       11 

      36  x                                   1   0   0  5.000e-02  0.000e+00  0.000e+00  0.000e+00  3.03352e+00   0   1   0   0   0
              0     1   0.0000000  103       15      -15 
              1     1   0.0000000  103       13      -13 
              2     1   1.0000000  103       11      -11 
              3     1   0.0000000  103       22       22 

 --------  End PYTHIA Particle Data Table  -----------------------------------------------------------------------------------------


 --------  PYTHIA Info Listing  ---------------------------------------- 
 
 Beam A: id =     11, pz =  5.292e+00, e =  5.292e+00, m =  5.110e-04.
 Beam B: id =    -11, pz = -5.292e+00, e =  5.292e+00, m =  5.110e-04.

 In 1: id =   11, x =  9.950e-01, pdf =  7.110e+00 at Q2 =  1.114e+02.
 In 2: id =  -11, x =  1.000e+00, pdf =  9.627e+07 at same Q2.

 Subprocess f fbar -> f' fbar' (s-channel gamma*) with code 223 is 2 -> 2.
 It has sHat =  1.114e+02,    tHat = -5.462e+01,    uHat = -5.682e+01,
       pTHat =  2.195e+00,   m3Hat =  4.800e+00,   m4Hat =  4.800e+00,
    thetaHat =  1.551e+00,  phiHat =  4.240e+00.
     alphaEM =  7.631e-03,  alphaS =  1.976e-01    at Q2 =  1.114e+02.

 Impact parameter b =  0.000e+00 gives enhancement factor =  1.000e+00.
 Max pT scale for MPI =  1.058e+01, ISR =  1.056e+01, FSR =  1.056e+01.
 Number of MPI =     1, ISR =     1, FSRproc =     0, FSRreson =     0.

 --------  End PYTHIA Info Listing  ------------------------------------

 --------  PYTHIA Event Listing  (hard process)  -----------------------------------------------------------------------------------
 
    no         id  name            status     mothers   daughters     colours      p_x        p_y        p_z         e          m 
     0         90  (system)           -11     0     0     0     0     0     0      0.000      0.000      3.000     11.000     10.583
     1         11  (e-)               -12     0     0     3     0     0     0      0.000      0.000      7.000      7.000      0.001
     2        -11  (e+)               -12     0     0     4     0     0     0      0.000      0.000     -4.000      4.000      0.001
     3         11  (e-)               -21     1     0     5     6     0     0      0.000      0.000      6.965      6.965      0.000
     4        -11  (e+)               -21     2     0     5     6     0     0      0.000      0.000     -4.000      4.000      0.000
     5          5  b                   23     3     4     0     0   101     0     -0.999     -1.954      1.528      5.495      4.800
     6         -5  bbar                23     3     4     0     0     0   101      0.999      1.954      1.437      5.470      4.800
                                   Charge sum:  0.000           Momentum sum:      0.000      0.000      2.965     10.965     10.556

 --------  End PYTHIA Event Listing  -----------------------------------------------------------------------------------------------

 --------  PYTHIA Event Listing  (complete event)  ---------------------------------------------------------------------------------
 
    no         id  name            status     mothers   daughters     colours      p_x        p_y        p_z         e          m 
     0         90  (system)           -11     0     0     0     0     0     0      0.000      0.000      3.000     11.000     10.583
     1         11  (e-)               -12     0     0    12     0     0     0      0.000      0.000      7.000      7.000      0.001
     2        -11  (e+)               -12     0     0    13     0     0     0      0.000      0.000     -4.000      4.000      0.001
     3         11  (e-)               -21     7     0     5     6     0     0      0.000      0.000      6.965      6.965      0.000
     4        -11  (e+)               -21     8     8     5     6     0     0      0.000      0.000     -4.000      4.000      0.000
     5          5  (b)                -23     3     4     9     9   101     0     -0.999     -1.954      1.528      5.495      4.800
     6         -5  (bbar)             -23     3     4    10    10     0   101      0.999      1.954      1.437      5.470      4.800
     7         11  (e-)               -41    12    12    11     3     0     0      0.000      0.000      7.000      7.000      0.000
     8        -11  (e+)               -42    13    13     4     4     0     0      0.000     -0.000     -4.000      4.000      0.000
     9          5  (b)                -44     5     5    14    14   101     0     -1.001     -1.949      1.530      5.494      4.800
    10         -5  (bbar)             -44     6     6    15    15     0   101      0.998      1.960      1.437      5.472      4.800
    11         22  (gamma)            -43     7     0    16    16     0     0      0.003     -0.011      0.032      0.034      0.000
    12         11  (e-)               -61     1     0     7     7     0     0      0.000     -0.000      7.000      7.000      0.000
    13        -11  (e+)               -61     2     0     8     8     0     0     -0.000      0.000     -4.000      4.000      0.000
    14          5  b                   62     9     9     0     0   101     0     -1.001     -1.949      1.530      5.494      4.800
    15         -5  bbar                62    10    10     0     0     0   101      0.998      1.960      1.437      5.472      4.800
    16         22  gamma               62    11    11     0     0     0     0      0.003     -0.011      0.032      0.034      0.000
    17         22  gamma               63     1     0     0     0     0     0      0.000      0.000      0.000      0.000      0.000
    18         22  gamma               63     2     0     0     0     0     0      0.000      0.000     -0.000      0.000      0.000
                                   Charge sum:  0.000           Momentum sum:     -0.000     -0.000      3.000     11.000     10.583

 --------  End PYTHIA Event Listing  -----------------------------------------------------------------------------------------------
 PYTHIA Warning in TauDecays::decay: unknown correlated tau production, assuming from unpolarized photon  
 PYTHIA Warning in PhaseSpace2to2tauyz::trialKin: maximum for cross section violated  

 *-------  PYTHIA Event and Cross Section Statistics  -------------------------------------------------------------*
 |                                                                                                                 |
 | Subprocess                                    Code |            Number of events       |      sigma +- delta    |
 |                                                    |       Tried   Selected   Accepted |     (estimated) (mb)   |
 |                                                    |                                   |                        |
 |-----------------------------------------------------------------------------------------------------------------|
 |                                                    |                                   |                        |
 | f fbar -> f' fbar' (s-channel gamma*)          223 |      245449      10000      10000 |   6.040e-06  3.029e-08 |
 |                                                    |                                   |                        |
 | sum                                                |      245449      10000      10000 |   6.040e-06  3.029e-08 |
 |                                                                                                                 |
 *-------  End PYTHIA Event and Cross Section Statistics ----------------------------------------------------------*

 *-------  PYTHIA Error and Warning Messages Statistics  ----------------------------------------------------------* 
 |                                                                                                                 | 
 |  times   message                                                                                                | 
 |                                                                                                                 | 
 |     42   Warning in PhaseSpace2to2tauyz::trialKin: maximum for cross section violated                           | 
 |   1498   Warning in TauDecays::decay: unknown correlated tau production, assuming from unpolarized photon       | 
 |                                                                                                                 | 
 *-------  End PYTHIA Error and Warning Messages Statistics  ------------------------------------------------------* 
Gammatau2xmu: 0.000e+00

Gammatau2xe: 2.229e-21

BRtau2xmu: 0.000e+00

BRtau2xe: 9.836e-10

BRtau2xmu + BRtau2xe: 9.836e-10

produced tau excluding those daughters are also tau lepton: 2.996e+03
produced X: 2.996e+03
produced X/NMC: 2.996e-01

Proportion of X flying forward (eta>0): 6.298e-01
Proportion of X flying backward (eta<0): 3.702e-01

Total Gamma [GeV]: 6.505e-14
ctau [m]: 3.034e-03

Gammax2tautau: 0.000e+00

Gammax2mumu: 0.000e+00

Gammax2ee: 6.505e-14

Gammax2gmgm: 0.000e+00

BRx2tautau: 0.000e+00

BRx2mumu: 0.000e+00

BRx2ee: 1.000e+00

BRx2gmgm: 0.000e+00

X: insideFidVol: 1.029e+03
observedX: 1.051e+03
visibleX: 1.051e+02

X Observed Fiducial efficiency: 3.507e-01
X Visible Fiducial efficiency: 3.507e-02

reallyProduced tau: 9.200e+10
total number of tau-tau events: 4.600e+10

reallyProducedX: 3.186e+01
reallyobservedX: 1.117e+01
reallyvisibleX: 1.117e+00

