mX:  0.5
g_TE_Lamb:  2e-08
g_EE_Lamb:  0.8
NMC 10000

 *-------  PYTHIA Process Initialization  --------------------------*
 |                                                                  |
 | We collide e- with e+ at a CM energy of 1.058e+01 GeV            |
 |                                                                  |
 |------------------------------------------------------------------|
 |                                                    |             |
 | Subprocess                                    Code |   Estimated |
 |                                                    |    max (mb) |
 |                                                    |             |
 |------------------------------------------------------------------|
 |                                                    |             |
 | f fbar -> f' fbar' (s-channel gamma*)          223 |   1.634e-04 |
 |                                                                  |
 *-------  End PYTHIA Process Initialization -----------------------*

 *-------  PYTHIA Flag + Mode + Parm + Word + FVec + MVec + PVec + WVec Settings (changes only)  ------------------* 
 |                                                                                                                 | 
 | Name                                          |                      Now |      Default         Min         Max | 
 |                                               |                          |                                      | 
 | Beams:eA                                      |                  7.00000 |     7000.000         0.0             | 
 | Beams:eB                                      |                  4.00000 |     7000.000         0.0             | 
 | Beams:frameType                               |                        2 |            1           1           5 | 
 | Beams:idA                                     |                       11 |         2212                         | 
 | Beams:idB                                     |                      -11 |         2212                         | 
 | HadronLevel:Hadronize                         |                      off |           on                         | 
 | Next:numberCount                              |                    10000 |         1000           0             | 
 | PartonLevel:MPI                               |                      off |           on                         | 
 | Random:seed                                   |                        0 |           -1               900000000 | 
 | Random:setSeed                                |                       on |          off                         | 
 | WeakSingleBoson:ffbar2ffbar(s:gm)             |                       on |          off                         | 
 |                                                                                                                 | 
 *-------  End PYTHIA Flag + Mode + Parm + Word + FVec + MVec + PVec + WVec Settings  -----------------------------* 

 --------  PYTHIA Particle Data Table (changed only)  ------------------------------------------------------------------------------
 
      id   name            antiName         spn chg col      m0        mWidth      mMin       mMax       tau0    res dec ext vis wid
             no onMode   bRatio   meMode     products 

      15  tau-             tau+               2  -3   0    1.77682    0.00000    0.00000    0.00000  8.71100e-02   0   1   0   1   0
              0     1   0.0000000  103       36       13 
              1     1   0.0000334  103       36       11 

      36  x                                   1   0   0    0.50000    0.00000    0.00000    0.00000  7.58223e-09   0   1   0   0   0
              0     1   0.0000000  103       15      -15 
              1     1   0.0000000  103       13      -13 
              2     1   1.0000000  103       11      -11 
              3     1   0.0000000  103       22       22 

 --------  End PYTHIA Particle Data Table  -----------------------------------------------------------------------------------------

 PYTHIA Warning in TauDecays::decay: unknown correlated tau production, assuming from unpolarized photon  

 --------  PYTHIA Info Listing  ---------------------------------------- 
 
 Beam A: id =     11, pz =  5.292e+00, e =  5.292e+00, m =  5.110e-04.
 Beam B: id =    -11, pz = -5.292e+00, e =  5.292e+00, m =  5.110e-04.

 In 1: id =   11, x =  9.999e-01, pdf =  3.164e+02 at Q2 =  9.526e+01.
 In 2: id =  -11, x =  8.506e-01, pdf =  2.037e-01 at same Q2.

 Subprocess f fbar -> f' fbar' (s-channel gamma*) with code 223 is 2 -> 2.
 It has sHat =  9.526e+01,    tHat = -5.853e+01,    uHat = -3.673e+01,
       pTHat =  4.425e+00,   m3Hat =  1.777e+00,   m4Hat =  1.777e+00,
    thetaHat =  1.802e+00,  phiHat =  3.401e+00.
     alphaEM =  7.624e-03,  alphaS =  2.014e-01    at Q2 =  9.526e+01.

 Impact parameter b =  0.000e+00 gives enhancement factor =  1.000e+00.
 Max pT scale for MPI =  1.058e+01, ISR =  1.058e+01, FSR =  1.058e+01.
 Number of MPI =     1, ISR =     1, FSRproc =     0, FSRreson =     0.

 --------  End PYTHIA Info Listing  ------------------------------------

 --------  PYTHIA Event Listing  (hard process)  -----------------------------------------------------------------------------------
 
    no         id  name            status     mothers   daughters     colours      p_x        p_y        p_z         e          m 
     0         90  (system)           -11     0     0     0     0     0     0      0.000      0.000      3.000     11.000     10.583
     1         11  (e-)               -12     0     0     3     0     0     0      0.000      0.000      7.000      7.000      0.001
     2        -11  (e+)               -12     0     0     4     0     0     0      0.000      0.000     -4.000      4.000      0.001
     3         11  (e-)               -21     1     0     5     6     0     0      0.000      0.000      6.999      6.999      0.000
     4        -11  (e+)               -21     2     0     5     6     0     0      0.000      0.000     -3.402      3.402      0.000
     5         15  tau-                23     3     4     0     0     0     0     -4.277     -1.135      0.690      4.818      1.777
     6        -15  tau+                23     3     4     0     0     0     0      4.277      1.135      2.907      5.584      1.777
                                   Charge sum:  0.000           Momentum sum:      0.000      0.000      3.597     10.402      9.760

 --------  End PYTHIA Event Listing  -----------------------------------------------------------------------------------------------

 --------  PYTHIA Event Listing  (complete event)  ---------------------------------------------------------------------------------
 
    no         id  name            status     mothers   daughters     colours      p_x        p_y        p_z         e          m 
     0         90  (system)           -11     0     0     0     0     0     0      0.000      0.000      3.000     11.000     10.583
     1         11  (e-)               -12     0     0    12     0     0     0      0.000      0.000      7.000      7.000      0.001
     2        -11  (e+)               -12     0     0    13     0     0     0      0.000      0.000     -4.000      4.000      0.001
     3         11  (e-)               -21     7     7     5     6     0     0      0.000      0.000      6.999      6.999      0.000
     4        -11  (e+)               -21     8     0     5     6     0     0      0.000      0.000     -3.402      3.402      0.000
     5         15  (tau-)             -23     3     4     9     9     0     0     -4.277     -1.135      0.690      4.818      1.777
     6        -15  (tau+)             -23     3     4    10    10     0     0      4.277      1.135      2.907      5.584      1.777
     7         11  (e-)               -42    12    12     3     3     0     0      0.000     -0.000      6.999      6.999      0.000
     8        -11  (e+)               -41    13    13    11     4     0     0     -0.000      0.000     -4.000      4.000      0.000
     9         15  (tau-)             -44     5     5    14    14     0     0     -4.275     -1.142      0.690      4.818      1.777
    10        -15  (tau+)             -44     6     6    15    15     0     0      4.278      1.131      2.907      5.584      1.777
    11         22  (gamma)            -43     8     0    16    16     0     0     -0.003      0.011     -0.597      0.598      0.000
    12         11  (e-)               -61     1     0     7     7     0     0     -0.000      0.000      6.999      6.999      0.000
    13        -11  (e+)               -61     2     0     8     8     0     0      0.000      0.000     -4.000      4.000      0.000
    14         15  (tau-)             -62     9     9    21    22     0     0     -4.275     -1.142      0.690      4.818      1.777
    15        -15  (tau+)             -62    10    10    19    20     0     0      4.278      1.131      2.907      5.584      1.777
    16         22  gamma               62    11    11     0     0     0     0     -0.003      0.011     -0.597      0.598      0.000
    17         22  gamma               63     1     0     0     0     0     0      0.000      0.000      0.001      0.001      0.000
    18         22  gamma               63     2     0     0     0     0     0      0.000      0.000     -0.000      0.000      0.000
    19         36  (x)                -91    15     0    23    24     0     0      2.718     -0.103      1.479      3.136      0.500
    20        -11  e+                  91    15     0     0     0     0     0      1.560      1.234      1.428      2.449      0.001
    21         36  (x)                -91    14     0    25    26     0     0     -1.969     -1.145     -0.212      2.341      0.500
    22         11  e-                  91    14     0     0     0     0     0     -2.306      0.003      0.902      2.476      0.001
    23         11  e-                  91    19     0     0     0     0     0      0.862     -0.164      0.700      1.122      0.001
    24        -11  e+                  91    19     0     0     0     0     0      1.856      0.061      0.779      2.014      0.001
    25         11  e-                  91    21     0     0     0     0     0     -1.443     -0.902     -0.369      1.741      0.001
    26        -11  e+                  91    21     0     0     0     0     0     -0.526     -0.243      0.157      0.600      0.001
                                   Charge sum:  0.000           Momentum sum:      0.000     -0.000      3.000     11.000     10.583

 --------  End PYTHIA Event Listing  -----------------------------------------------------------------------------------------------

 *-------  PYTHIA Event and Cross Section Statistics  -------------------------------------------------------------*
 |                                                                                                                 |
 | Subprocess                                    Code |            Number of events       |      sigma +- delta    |
 |                                                    |       Tried   Selected   Accepted |     (estimated) (mb)   |
 |                                                    |                                   |                        |
 |-----------------------------------------------------------------------------------------------------------------|
 |                                                    |                                   |                        |
 | f fbar -> f' fbar' (s-channel gamma*)          223 |      270601      10000      10000 |   6.026e-06  2.878e-08 |
 |                                                    |                                   |                        |
 | sum                                                |      270601      10000      10000 |   6.026e-06  2.878e-08 |
 |                                                                                                                 |
 *-------  End PYTHIA Event and Cross Section Statistics ----------------------------------------------------------*

 *-------  PYTHIA Error and Warning Messages Statistics  ----------------------------------------------------------* 
 |                                                                                                                 | 
 |  times   message                                                                                                | 
 |                                                                                                                 | 
 |   1444   Warning in TauDecays::decay: unknown correlated tau production, assuming from unpolarized photon       | 
 |                                                                                                                 | 
 *-------  End PYTHIA Error and Warning Messages Statistics  ------------------------------------------------------* 
Gammatau2xmu: 0.000e+00

Gammatau2xe: 7.571e-17

BRtau2xmu: 0.000e+00

BRtau2xe: 3.341e-05

BRtau2xmu + BRtau2xe: 3.341e-05

produced tau excluding those daughters are also tau lepton: 2.888e+03
produced X: 2.888e+03
produced X/NMC: 2.888e-01

Proportion of X flying forward (eta>0): 6.357e-01
Proportion of X flying backward (eta<0): 3.643e-01

Total Gamma [GeV]: 2.602e-05
ctau [m]: 7.582e-12

Gammax2tautau: 0.000e+00

Gammax2mumu: 0.000e+00

Gammax2ee: 2.602e-05

Gammax2gmgm: 0.000e+00

BRx2tautau: 0.000e+00

BRx2mumu: 0.000e+00

BRx2ee: 1.000e+00

BRx2gmgm: 0.000e+00

X: insideFidVol: 0.000e+00
observedX: 0.000e+00
visibleX: 0.000e+00

X Observed Fiducial efficiency: 0.000e+00
X Visible Fiducial efficiency: 0.000e+00

reallyProduced tau: 9.200e+10
total number of tau-tau events: 4.600e+10

reallyProducedX: 1.082e+06
reallyobservedX: 0.000e+00
reallyvisibleX: 0.000e+00

