mX:  0.5
g_TE_Lamb:  6e-08
g_EE_Lamb:  1e-07
NMC 10000

 *-------  PYTHIA Process Initialization  --------------------------*
 |                                                                  |
 | We collide e- with e+ at a CM energy of 1.058e+01 GeV            |
 |                                                                  |
 |------------------------------------------------------------------|
 |                                                    |             |
 | Subprocess                                    Code |   Estimated |
 |                                                    |    max (mb) |
 |                                                    |             |
 |------------------------------------------------------------------|
 |                                                    |             |
 | f fbar -> f' fbar' (s-channel gamma*)          223 |   1.422e-04 |
 |                                                                  |
 *-------  End PYTHIA Process Initialization -----------------------*

 *-------  PYTHIA Flag + Mode + Parm + Word + FVec + MVec + PVec + WVec Settings (changes only)  ------------------* 
 |                                                                                                                 | 
 | Name                                          |                      Now |      Default         Min         Max | 
 |                                               |                          |                                      | 
 | Beams:eA                                      |                  7.00000 |     7000.000         0.0             | 
 | Beams:eB                                      |                  4.00000 |     7000.000         0.0             | 
 | Beams:frameType                               |                        2 |            1           1           5 | 
 | Beams:idA                                     |                       11 |         2212                         | 
 | Beams:idB                                     |                      -11 |         2212                         | 
 | HadronLevel:Hadronize                         |                      off |           on                         | 
 | Next:numberCount                              |                    10000 |         1000           0             | 
 | PartonLevel:MPI                               |                      off |           on                         | 
 | Random:seed                                   |                        0 |           -1               900000000 | 
 | Random:setSeed                                |                       on |          off                         | 
 | WeakSingleBoson:ffbar2ffbar(s:gm)             |                       on |          off                         | 
 |                                                                                                                 | 
 *-------  End PYTHIA Flag + Mode + Parm + Word + FVec + MVec + PVec + WVec Settings  -----------------------------* 

 --------  PYTHIA Particle Data Table (changed only)  ------------------------------------------------------------------------------
 
      id   name            antiName         spn chg col      m0        mWidth      mMin       mMax       tau0    res dec ext vis wid
             no onMode   bRatio   meMode     products 

      15  tau-             tau+               2  -3   0    1.77682    0.00000    0.00000    0.00000  8.71100e-02   0   1   0   1   0
              0     1   0.0000000  103       36       13 
              1     1   0.0003006  103       36       11 

      36  x                                   1   0   0    0.50000    0.00000    0.00000    0.00000  4.85263e+05   0   1   0   0   0
              0     1   0.0000000  103       15      -15 
              1     1   0.0000000  103       13      -13 
              2     1   1.0000000  103       11      -11 
              3     1   0.0000000  103       22       22 

 --------  End PYTHIA Particle Data Table  -----------------------------------------------------------------------------------------


 --------  PYTHIA Info Listing  ---------------------------------------- 
 
 Beam A: id =     11, pz =  5.292e+00, e =  5.292e+00, m =  5.110e-04.
 Beam B: id =    -11, pz = -5.292e+00, e =  5.292e+00, m =  5.110e-04.

 In 1: id =   11, x =  9.867e-01, pdf =  2.748e+00 at Q2 =  1.105e+02.
 In 2: id =  -11, x =  1.000e+00, pdf =  2.865e+08 at same Q2.

 Subprocess f fbar -> f' fbar' (s-channel gamma*) with code 223 is 2 -> 2.
 It has sHat =  1.105e+02,    tHat = -3.675e+01,    uHat = -7.376e+01,
       pTHat =  4.930e+00,   m3Hat =  5.000e-01,   m4Hat =  5.000e-01,
    thetaHat =  1.229e+00,  phiHat =  6.140e+00.
     alphaEM =  7.631e-03,  alphaS =  1.978e-01    at Q2 =  1.105e+02.

 Impact parameter b =  0.000e+00 gives enhancement factor =  1.000e+00.
 Max pT scale for MPI =  1.058e+01, ISR =  1.051e+01, FSR =  1.051e+01.
 Number of MPI =     1, ISR =     1, FSRproc =     3, FSRreson =     0.

 --------  End PYTHIA Info Listing  ------------------------------------

 --------  PYTHIA Event Listing  (hard process)  -----------------------------------------------------------------------------------
 
    no         id  name            status     mothers   daughters     colours      p_x        p_y        p_z         e          m 
     0         90  (system)           -11     0     0     0     0     0     0      0.000      0.000      3.000     11.000     10.583
     1         11  (e-)               -12     0     0     3     0     0     0      0.000      0.000      7.000      7.000      0.001
     2        -11  (e+)               -12     0     0     4     0     0     0      0.000      0.000     -4.000      4.000      0.001
     3         11  (e-)               -21     1     0     5     6     0     0      0.000      0.000      6.907      6.907      0.000
     4        -11  (e+)               -21     2     0     5     6     0     0      0.000      0.000     -4.000      4.000      0.000
     5          3  s                   23     3     4     0     0   101     0      4.880     -0.704      3.272      5.938      0.500
     6         -3  sbar                23     3     4     0     0     0   101     -4.880      0.704     -0.365      4.969      0.500
                                   Charge sum:  0.000           Momentum sum:      0.000      0.000      2.907     10.907     10.512

 --------  End PYTHIA Event Listing  -----------------------------------------------------------------------------------------------

 --------  PYTHIA Event Listing  (complete event)  ---------------------------------------------------------------------------------
 
    no         id  name            status     mothers   daughters     colours      p_x        p_y        p_z         e          m 
     0         90  (system)           -11     0     0     0     0     0     0      0.000      0.000      3.000     11.000     10.583
     1         11  (e-)               -12     0     0    24     0     0     0      0.000      0.000      7.000      7.000      0.001
     2        -11  (e+)               -12     0     0    25     0     0     0      0.000      0.000     -4.000      4.000      0.001
     3         11  (e-)               -21    16     0     5     6     0     0      0.000      0.000      6.907      6.907      0.000
     4        -11  (e+)               -21    17    17     5     6     0     0      0.000      0.000     -4.000      4.000      0.000
     5          3  (s)                -23     3     4     7     8   101     0      4.880     -0.704      3.272      5.938      0.500
     6         -3  (sbar)             -23     3     4     9     9     0   101     -4.880      0.704     -0.365      4.969      0.500
     7          3  (s)                -51     5     0    10    11   102     0      3.262     -1.781      2.568      4.545      0.500
     8         21  (g)                -51     5     0    12    12   101   102      1.218      1.135      0.673      1.795      0.000
     9         -3  (sbar)             -52     6     6    15    15     0   101     -4.480      0.646     -0.334      4.566      0.500
    10          3  (s)                -51     7     0    18    18   103     0      1.567     -1.282      1.002      2.314      0.500
    11         21  (g)                -51     7     0    21    21   102   103      1.944     -0.267      1.704      2.599      0.000
    12         21  (g)                -52     8     8    13    14   101   102      0.969      0.903      0.535      1.428      0.000
    13         21  (g)                -51    12     0    20    20   106   102      1.023      0.616      0.247      1.219      0.000
    14         21  (g)                -51    12     0    22    22   101   106     -0.514      0.350      0.253      0.672      0.000
    15         -3  (sbar)             -52     9     9    19    19     0   101     -4.020      0.582     -0.298      4.104      0.500
    16         11  (e-)               -41    24    24    23     3     0     0      0.000     -0.000      7.000      7.000      0.000
    17        -11  (e+)               -42    25    25     4     4     0     0     -0.000      0.000     -4.000      4.000      0.000
    18          3  (s)                -44    10    10    26    26   103     0      1.567     -1.279      1.003      2.313      0.500
    19         -3  (sbar)             -44    15    15    27    27     0   101     -4.020      0.586     -0.299      4.104      0.500
    20         21  (g)                -44    13    13    28    28   106   102      1.023      0.617      0.246      1.220      0.000
    21         21  (g)                -44    11    11    29    29   102   103      1.944     -0.263      1.704      2.599      0.000
    22         21  (g)                -44    14    14    30    30   101   106     -0.514      0.351      0.253      0.672      0.000
    23         22  (gamma)            -43    16     0    31    31     0     0      0.000     -0.012      0.092      0.093      0.000
    24         11  (e-)               -61     1     0    16    16     0     0      0.000     -0.000      7.000      7.000      0.000
    25        -11  (e+)               -61     2     0    17    17     0     0     -0.000      0.000     -4.000      4.000      0.000
    26          3  s                   62    18    18     0     0   103     0      1.567     -1.279      1.003      2.313      0.500
    27         -3  sbar                62    19    19     0     0     0   101     -4.020      0.586     -0.299      4.104      0.500
    28         21  g                   62    20    20     0     0   106   102      1.023      0.617      0.246      1.220      0.000
    29         21  g                   62    21    21     0     0   102   103      1.944     -0.263      1.704      2.599      0.000
    30         21  g                   62    22    22     0     0   101   106     -0.514      0.351      0.253      0.672      0.000
    31         22  gamma               62    23    23     0     0     0     0      0.000     -0.012      0.092      0.093      0.000
    32         22  gamma               63     1     0     0     0     0     0      0.000      0.000      0.000      0.000      0.000
    33         22  gamma               63     2     0     0     0     0     0      0.000      0.000     -0.000      0.000      0.000
                                   Charge sum:  0.000           Momentum sum:      0.000      0.000      3.000     11.000     10.583

 --------  End PYTHIA Event Listing  -----------------------------------------------------------------------------------------------
 PYTHIA Warning in TauDecays::decay: unknown correlated tau production, assuming from unpolarized photon  
 PYTHIA Warning in PhaseSpace2to2tauyz::trialKin: maximum for cross section violated  

 *-------  PYTHIA Event and Cross Section Statistics  -------------------------------------------------------------*
 |                                                                                                                 |
 | Subprocess                                    Code |            Number of events       |      sigma +- delta    |
 |                                                    |       Tried   Selected   Accepted |     (estimated) (mb)   |
 |                                                    |                                   |                        |
 |-----------------------------------------------------------------------------------------------------------------|
 |                                                    |                                   |                        |
 | f fbar -> f' fbar' (s-channel gamma*)          223 |      234599      10000      10000 |   6.003e-06  3.082e-08 |
 |                                                    |                                   |                        |
 | sum                                                |      234599      10000      10000 |   6.003e-06  3.082e-08 |
 |                                                                                                                 |
 *-------  End PYTHIA Event and Cross Section Statistics ----------------------------------------------------------*

 *-------  PYTHIA Error and Warning Messages Statistics  ----------------------------------------------------------* 
 |                                                                                                                 | 
 |  times   message                                                                                                | 
 |                                                                                                                 | 
 |     93   Warning in PhaseSpace2to2tauyz::trialKin: maximum for cross section violated                           | 
 |   1500   Warning in TauDecays::decay: unknown correlated tau production, assuming from unpolarized photon       | 
 |                                                                                                                 | 
 *-------  End PYTHIA Error and Warning Messages Statistics  ------------------------------------------------------* 
Gammatau2xmu: 0.000e+00

Gammatau2xe: 6.813e-16

BRtau2xmu: 0.000e+00

BRtau2xe: 3.006e-04

BRtau2xmu + BRtau2xe: 3.006e-04

produced tau excluding those daughters are also tau lepton: 3.000e+03
produced X: 3.000e+03
produced X/NMC: 3.000e-01

Proportion of X flying forward (eta>0): 6.300e-01
Proportion of X flying backward (eta<0): 3.700e-01

Total Gamma [GeV]: 4.066e-19
ctau [m]: 4.853e+02

Gammax2tautau: 0.000e+00

Gammax2mumu: 0.000e+00

Gammax2ee: 4.066e-19

Gammax2gmgm: 0.000e+00

BRx2tautau: 0.000e+00

BRx2mumu: 0.000e+00

BRx2ee: 1.000e+00

BRx2gmgm: 0.000e+00

X: insideFidVol: 2.000e+00
observedX: 1.354e+00
visibleX: 1.354e-01

X Observed Fiducial efficiency: 4.512e-04
X Visible Fiducial efficiency: 4.512e-05

reallyProduced tau: 9.200e+10
total number of tau-tau events: 4.600e+10

reallyProducedX: 9.738e+06
reallyobservedX: 4.394e+03
reallyvisibleX: 4.394e+02

