mX:  0.05
g_TE_Lamb:  1e-10
g_EE_Lamb:  3e-07
NMC 10000

 *-------  PYTHIA Process Initialization  --------------------------*
 |                                                                  |
 | We collide e- with e+ at a CM energy of 1.058e+01 GeV            |
 |                                                                  |
 |------------------------------------------------------------------|
 |                                                    |             |
 | Subprocess                                    Code |   Estimated |
 |                                                    |    max (mb) |
 |                                                    |             |
 |------------------------------------------------------------------|
 |                                                    |             |
 | f fbar -> f' fbar' (s-channel gamma*)          223 |   1.505e-04 |
 |                                                                  |
 *-------  End PYTHIA Process Initialization -----------------------*

 *-------  PYTHIA Flag + Mode + Parm + Word + FVec + MVec + PVec + WVec Settings (changes only)  ------------------* 
 |                                                                                                                 | 
 | Name                                          |                      Now |      Default         Min         Max | 
 |                                               |                          |                                      | 
 | Beams:eA                                      |                  7.00000 |     7000.000         0.0             | 
 | Beams:eB                                      |                  4.00000 |     7000.000         0.0             | 
 | Beams:frameType                               |                        2 |            1           1           5 | 
 | Beams:idA                                     |                       11 |         2212                         | 
 | Beams:idB                                     |                      -11 |         2212                         | 
 | HadronLevel:Hadronize                         |                      off |           on                         | 
 | Next:numberCount                              |                    10000 |         1000           0             | 
 | PartonLevel:MPI                               |                      off |           on                         | 
 | Random:seed                                   |                        0 |           -1               900000000 | 
 | Random:setSeed                                |                       on |          off                         | 
 | WeakSingleBoson:ffbar2ffbar(s:gm)             |                       on |          off                         | 
 |                                                                                                                 | 
 *-------  End PYTHIA Flag + Mode + Parm + Word + FVec + MVec + PVec + WVec Settings  -----------------------------* 

 --------  PYTHIA Particle Data Table (changed only)  ------------------------------------------------------------------------------
 
      id   name            antiName         spn chg col      m0        mWidth      mMin       mMax       tau0    res dec ext vis wid
             no onMode   bRatio   meMode     products 

      15  tau-             tau+               2  -3   0    1.77682    0.00000    0.00000    0.00000  8.71100e-02   0   1   0   1   0
              0     1   0.0000000  103       36       13 
              1     1   0.0000000  103       36       11 

      36  x                                   1   0   0  5.000e-02  0.000e+00  0.000e+00  0.000e+00  5.39293e+06   0   1   0   0   0
              0     1   0.0000000  103       15      -15 
              1     1   0.0000000  103       13      -13 
              2     1   1.0000000  103       11      -11 
              3     1   0.0000000  103       22       22 

 --------  End PYTHIA Particle Data Table  -----------------------------------------------------------------------------------------


 --------  PYTHIA Info Listing  ---------------------------------------- 
 
 Beam A: id =     11, pz =  5.292e+00, e =  5.292e+00, m =  5.110e-04.
 Beam B: id =    -11, pz = -5.292e+00, e =  5.292e+00, m =  5.110e-04.

 In 1: id =   11, x =  1.000e+00, pdf =  1.541e+03 at Q2 =  1.120e+02.
 In 2: id =  -11, x =  1.000e+00, pdf =  7.349e+02 at same Q2.

 Subprocess f fbar -> f' fbar' (s-channel gamma*) with code 223 is 2 -> 2.
 It has sHat =  1.120e+02,    tHat = -4.250e+01,    uHat = -6.949e+01,
       pTHat =  5.125e+00,   m3Hat =  3.300e-01,   m4Hat =  3.300e-01,
    thetaHat =  1.327e+00,  phiHat =  1.726e+00.
     alphaEM =  7.631e-03,  alphaS =  1.975e-01    at Q2 =  1.120e+02.

 Impact parameter b =  0.000e+00 gives enhancement factor =  1.000e+00.
 Max pT scale for MPI =  1.058e+01, ISR =  1.058e+01, FSR =  1.058e+01.
 Number of MPI =     1, ISR =     0, FSRproc =     2, FSRreson =     0.

 --------  End PYTHIA Info Listing  ------------------------------------

 --------  PYTHIA Event Listing  (hard process)  -----------------------------------------------------------------------------------
 
    no         id  name            status     mothers   daughters     colours      p_x        p_y        p_z         e          m 
     0         90  (system)           -11     0     0     0     0     0     0      0.000      0.000      3.000     11.000     10.583
     1         11  (e-)               -12     0     0     3     0     0     0      0.000      0.000      7.000      7.000      0.001
     2        -11  (e+)               -12     0     0     4     0     0     0      0.000      0.000     -4.000      4.000      0.001
     3         11  (e-)               -21     1     0     5     6     0     0      0.000      0.000      7.000      7.000      0.000
     4        -11  (e+)               -21     2     0     5     6     0     0      0.000      0.000     -4.000      4.000      0.000
     5          2  u                   23     3     4     0     0   101     0     -0.792      5.064      2.823      5.861      0.330
     6         -2  ubar                23     3     4     0     0     0   101      0.792     -5.064      0.177      5.139      0.330
                                   Charge sum:  0.000           Momentum sum:      0.000      0.000      3.000     11.000     10.583

 --------  End PYTHIA Event Listing  -----------------------------------------------------------------------------------------------

 --------  PYTHIA Event Listing  (complete event)  ---------------------------------------------------------------------------------
 
    no         id  name            status     mothers   daughters     colours      p_x        p_y        p_z         e          m 
     0         90  (system)           -11     0     0     0     0     0     0      0.000      0.000      3.000     11.000     10.583
     1         11  (e-)               -12     0     0    13     0     0     0      0.000      0.000      7.000      7.000      0.001
     2        -11  (e+)               -12     0     0    14     0     0     0      0.000      0.000     -4.000      4.000      0.001
     3         11  (e-)               -21    13    13     5     6     0     0      0.000      0.000      7.000      7.000      0.000
     4        -11  (e+)               -21    14    14     5     6     0     0      0.000      0.000     -4.000      4.000      0.000
     5          2  (u)                -23     3     4     7     8   101     0     -0.792      5.064      2.823      5.861      0.330
     6         -2  (ubar)             -23     3     4     9     9     0   101      0.792     -5.064      0.177      5.139      0.330
     7          2  (u)                -51     5     0    15    15   102     0      0.315      2.339      1.662      2.905      0.330
     8         21  (g)                -51     5     0    10    11   101   102     -1.090      2.617      1.164      3.065      0.000
     9         -2  (ubar)             -52     6     6    12    12     0   101      0.775     -4.956      0.174      5.030      0.330
    10         21  (g)                -51     8     0    17    17   103   102      0.298     -0.118      0.229      0.394      0.000
    11         21  (g)                -51     8     0    18    18   101   103     -1.344      2.455      0.945      2.954      0.000
    12         -2  (ubar)             -52     9     9    16    16     0   101      0.731     -4.676      0.164      4.747      0.330
    13         11  (e-)               -61     1     0     3     3     0     0      0.000      0.000      7.000      7.000      0.000
    14        -11  (e+)               -61     2     0     4     4     0     0      0.000      0.000     -4.000      4.000      0.000
    15          2  u                   62     7     7     0     0   102     0      0.315      2.339      1.662      2.905      0.330
    16         -2  ubar                62    12    12     0     0     0   101      0.731     -4.676      0.164      4.747      0.330
    17         21  g                   62    10    10     0     0   103   102      0.298     -0.118      0.229      0.394      0.000
    18         21  g                   62    11    11     0     0   101   103     -1.344      2.455      0.945      2.954      0.000
    19         22  gamma               63     1     0     0     0     0     0      0.000      0.000      0.000      0.000      0.000
    20         22  gamma               63     2     0     0     0     0     0      0.000      0.000     -0.000      0.000      0.000
                                   Charge sum:  0.000           Momentum sum:      0.000      0.000      3.000     11.000     10.583

 --------  End PYTHIA Event Listing  -----------------------------------------------------------------------------------------------
 PYTHIA Warning in TauDecays::decay: unknown correlated tau production, assuming from unpolarized photon  

 *-------  PYTHIA Event and Cross Section Statistics  -------------------------------------------------------------*
 |                                                                                                                 |
 | Subprocess                                    Code |            Number of events       |      sigma +- delta    |
 |                                                    |       Tried   Selected   Accepted |     (estimated) (mb)   |
 |                                                    |                                   |                        |
 |-----------------------------------------------------------------------------------------------------------------|
 |                                                    |                                   |                        |
 | f fbar -> f' fbar' (s-channel gamma*)          223 |      253432      10000      10000 |   5.972e-06  2.873e-08 |
 |                                                    |                                   |                        |
 | sum                                                |      253432      10000      10000 |   5.972e-06  2.873e-08 |
 |                                                                                                                 |
 *-------  End PYTHIA Event and Cross Section Statistics ----------------------------------------------------------*

 *-------  PYTHIA Error and Warning Messages Statistics  ----------------------------------------------------------* 
 |                                                                                                                 | 
 |  times   message                                                                                                | 
 |                                                                                                                 | 
 |   1504   Warning in TauDecays::decay: unknown correlated tau production, assuming from unpolarized photon       | 
 |                                                                                                                 | 
 *-------  End PYTHIA Error and Warning Messages Statistics  ------------------------------------------------------* 
Gammatau2xmu: 0.000e+00

Gammatau2xe: 2.229e-21

BRtau2xmu: 0.000e+00

BRtau2xe: 9.836e-10

BRtau2xmu + BRtau2xe: 9.836e-10

produced tau excluding those daughters are also tau lepton: 3.008e+03
produced X: 3.008e+03
produced X/NMC: 3.008e-01

Proportion of X flying forward (eta>0): 6.124e-01
Proportion of X flying backward (eta<0): 3.876e-01

Total Gamma [GeV]: 3.659e-20
ctau [m]: 5.393e+03

Gammax2tautau: 0.000e+00

Gammax2mumu: 0.000e+00

Gammax2ee: 3.659e-20

Gammax2gmgm: 0.000e+00

BRx2tautau: 0.000e+00

BRx2mumu: 0.000e+00

BRx2ee: 1.000e+00

BRx2gmgm: 0.000e+00

X: insideFidVol: 0.000e+00
observedX: 1.399e-02
visibleX: 1.399e-03

X Observed Fiducial efficiency: 4.652e-06
X Visible Fiducial efficiency: 4.652e-07

reallyProduced tau: 9.200e+10
total number of tau-tau events: 4.600e+10

reallyProducedX: 3.186e+01
reallyobservedX: 1.482e-04
reallyvisibleX: 1.482e-05

