mX:  0.05
g_TE_Lamb:  6e-08
g_EE_Lamb:  0.0015
NMC 10000

 *-------  PYTHIA Process Initialization  --------------------------*
 |                                                                  |
 | We collide e- with e+ at a CM energy of 1.058e+01 GeV            |
 |                                                                  |
 |------------------------------------------------------------------|
 |                                                    |             |
 | Subprocess                                    Code |   Estimated |
 |                                                    |    max (mb) |
 |                                                    |             |
 |------------------------------------------------------------------|
 |                                                    |             |
 | f fbar -> f' fbar' (s-channel gamma*)          223 |   1.606e-04 |
 |                                                                  |
 *-------  End PYTHIA Process Initialization -----------------------*

 *-------  PYTHIA Flag + Mode + Parm + Word + FVec + MVec + PVec + WVec Settings (changes only)  ------------------* 
 |                                                                                                                 | 
 | Name                                          |                      Now |      Default         Min         Max | 
 |                                               |                          |                                      | 
 | Beams:eA                                      |                  7.00000 |     7000.000         0.0             | 
 | Beams:eB                                      |                  4.00000 |     7000.000         0.0             | 
 | Beams:frameType                               |                        2 |            1           1           5 | 
 | Beams:idA                                     |                       11 |         2212                         | 
 | Beams:idB                                     |                      -11 |         2212                         | 
 | HadronLevel:Hadronize                         |                      off |           on                         | 
 | Next:numberCount                              |                    10000 |         1000           0             | 
 | PartonLevel:MPI                               |                      off |           on                         | 
 | Random:seed                                   |                        0 |           -1               900000000 | 
 | Random:setSeed                                |                       on |          off                         | 
 | WeakSingleBoson:ffbar2ffbar(s:gm)             |                       on |          off                         | 
 |                                                                                                                 | 
 *-------  End PYTHIA Flag + Mode + Parm + Word + FVec + MVec + PVec + WVec Settings  -----------------------------* 

 --------  PYTHIA Particle Data Table (changed only)  ------------------------------------------------------------------------------
 
      id   name            antiName         spn chg col      m0        mWidth      mMin       mMax       tau0    res dec ext vis wid
             no onMode   bRatio   meMode     products 

      15  tau-             tau+               2  -3   0    1.77682    0.00000    0.00000    0.00000  8.71100e-02   0   1   0   1   0
              0     1   0.0000000  103       36       13 
              1     1   0.0003540  103       36       11 

      36  x                                   1   0   0  5.000e-02  0.000e+00  0.000e+00  0.000e+00  2.15717e-01   0   1   0   0   0
              0     1   0.0000000  103       15      -15 
              1     1   0.0000000  103       13      -13 
              2     1   1.0000000  103       11      -11 
              3     1   0.0000000  103       22       22 

 --------  End PYTHIA Particle Data Table  -----------------------------------------------------------------------------------------


 --------  PYTHIA Info Listing  ---------------------------------------- 
 
 Beam A: id =     11, pz =  5.292e+00, e =  5.292e+00, m =  5.110e-04.
 Beam B: id =    -11, pz = -5.292e+00, e =  5.292e+00, m =  5.110e-04.

 In 1: id =   11, x =  9.823e-01, pdf =  2.076e+00 at Q2 =  1.100e+02.
 In 2: id =  -11, x =  1.000e+00, pdf =  2.921e+06 at same Q2.

 Subprocess f fbar -> f' fbar' (s-channel gamma*) with code 223 is 2 -> 2.
 It has sHat =  1.100e+02,    tHat = -1.417e+01,    uHat = -9.585e+01,
       pTHat =  3.507e+00,   m3Hat =  3.300e-01,   m4Hat =  3.300e-01,
    thetaHat =  7.342e-01,  phiHat =  2.761e+00.
     alphaEM =  7.630e-03,  alphaS =  1.979e-01    at Q2 =  1.100e+02.

 Impact parameter b =  0.000e+00 gives enhancement factor =  1.000e+00.
 Max pT scale for MPI =  1.058e+01, ISR =  1.049e+01, FSR =  1.049e+01.
 Number of MPI =     1, ISR =     1, FSRproc =     2, FSRreson =     0.

 --------  End PYTHIA Info Listing  ------------------------------------

 --------  PYTHIA Event Listing  (hard process)  -----------------------------------------------------------------------------------
 
    no         id  name            status     mothers   daughters     colours      p_x        p_y        p_z         e          m 
     0         90  (system)           -11     0     0     0     0     0     0      0.000      0.000      3.000     11.000     10.583
     1         11  (e-)               -12     0     0     3     0     0     0      0.000      0.000      7.000      7.000      0.001
     2        -11  (e+)               -12     0     0     4     0     0     0      0.000      0.000     -4.000      4.000      0.001
     3         11  (e-)               -21     1     0     5     6     0     0      0.000      0.000      6.876      6.876      0.000
     4        -11  (e+)               -21     2     0     5     6     0     0      0.000      0.000     -4.000      4.000      0.000
     5          2  u                   23     3     4     0     0   101     0     -3.256      1.304      5.467      6.504      0.330
     6         -2  ubar                23     3     4     0     0     0   101      3.256     -1.304     -2.591      4.373      0.330
                                   Charge sum:  0.000           Momentum sum:      0.000      0.000      2.876     10.876     10.489

 --------  End PYTHIA Event Listing  -----------------------------------------------------------------------------------------------

 --------  PYTHIA Event Listing  (complete event)  ---------------------------------------------------------------------------------
 
    no         id  name            status     mothers   daughters     colours      p_x        p_y        p_z         e          m 
     0         90  (system)           -11     0     0     0     0     0     0      0.000      0.000      3.000     11.000     10.583
     1         11  (e-)               -12     0     0    20     0     0     0      0.000      0.000      7.000      7.000      0.001
     2        -11  (e+)               -12     0     0    21     0     0     0      0.000      0.000     -4.000      4.000      0.001
     3         11  (e-)               -21    13     0     5     6     0     0      0.000      0.000      6.876      6.876      0.000
     4        -11  (e+)               -21    14    14     5     6     0     0      0.000      0.000     -4.000      4.000      0.000
     5          2  (u)                -23     3     4     9     9   101     0     -3.256      1.304      5.467      6.504      0.330
     6         -2  (ubar)             -23     3     4     7     8     0   101      3.256     -1.304     -2.591      4.373      0.330
     7         -2  (ubar)             -51     6     0    10    11     0   103      2.510     -0.922     -3.028      4.053      0.330
     8         21  (g)                -51     6     0    12    12   103   101      0.250     -0.183      1.268      1.306      0.000
     9          2  (u)                -52     5     5    15    15   101     0     -2.760      1.105      4.636      5.518      0.330
    10         -2  (ubar)             -51     7     0    16    16     0   104      0.606     -0.428     -2.250      2.392      0.330
    11         21  (g)                -51     7     0    18    18   104   103      1.986     -0.555     -0.359      2.093      0.000
    12         21  (g)                -52     8     8    17    17   103   101      0.167     -0.123      0.849      0.874      0.000
    13         11  (e-)               -41    20    20    19     3     0     0      0.000      0.000      7.000      7.000      0.000
    14        -11  (e+)               -42    21    21     4     4     0     0     -0.000      0.000     -4.000      4.000      0.000
    15          2  (u)                -44     9     9    22    22   101     0     -2.761      1.106      4.636      5.518      0.330
    16         -2  (ubar)             -44    10    10    23    23     0   104      0.606     -0.428     -2.250      2.392      0.330
    17         21  (g)                -44    12    12    24    24   103   101      0.167     -0.123      0.849      0.874      0.000
    18         21  (g)                -44    11    11    25    25   104   103      1.986     -0.555     -0.359      2.093      0.000
    19         22  (gamma)            -43    13     0    26    26     0     0      0.001     -0.001      0.124      0.124      0.000
    20         11  (e-)               -61     1     0    13    13     0     0     -0.000      0.000      7.000      7.000      0.000
    21        -11  (e+)               -61     2     0    14    14     0     0      0.000      0.000     -4.000      4.000      0.000
    22          2  u                   62    15    15     0     0   101     0     -2.761      1.106      4.636      5.518      0.330
    23         -2  ubar                62    16    16     0     0     0   104      0.606     -0.428     -2.250      2.392      0.330
    24         21  g                   62    17    17     0     0   103   101      0.167     -0.123      0.849      0.874      0.000
    25         21  g                   62    18    18     0     0   104   103      1.986     -0.555     -0.359      2.093      0.000
    26         22  gamma               62    19    19     0     0     0     0      0.001     -0.001      0.124      0.124      0.000
    27         22  gamma               63     1     0     0     0     0     0      0.000      0.000      0.000      0.000      0.000
    28         22  gamma               63     2     0     0     0     0     0      0.000      0.000     -0.000      0.000      0.000
                                   Charge sum:  0.000           Momentum sum:      0.000     -0.000      3.000     11.000     10.583

 --------  End PYTHIA Event Listing  -----------------------------------------------------------------------------------------------
 PYTHIA Warning in TauDecays::decay: unknown correlated tau production, assuming from unpolarized photon  

 *-------  PYTHIA Event and Cross Section Statistics  -------------------------------------------------------------*
 |                                                                                                                 |
 | Subprocess                                    Code |            Number of events       |      sigma +- delta    |
 |                                                    |       Tried   Selected   Accepted |     (estimated) (mb)   |
 |                                                    |                                   |                        |
 |-----------------------------------------------------------------------------------------------------------------|
 |                                                    |                                   |                        |
 | f fbar -> f' fbar' (s-channel gamma*)          223 |      267749      10000      10000 |   6.027e-06  2.919e-08 |
 |                                                    |                                   |                        |
 | sum                                                |      267749      10000      10000 |   6.027e-06  2.919e-08 |
 |                                                                                                                 |
 *-------  End PYTHIA Event and Cross Section Statistics ----------------------------------------------------------*

 *-------  PYTHIA Error and Warning Messages Statistics  ----------------------------------------------------------* 
 |                                                                                                                 | 
 |  times   message                                                                                                | 
 |                                                                                                                 | 
 |   1466   Warning in TauDecays::decay: unknown correlated tau production, assuming from unpolarized photon       | 
 |                                                                                                                 | 
 *-------  End PYTHIA Error and Warning Messages Statistics  ------------------------------------------------------* 
Gammatau2xmu: 0.000e+00

Gammatau2xe: 8.023e-16

BRtau2xmu: 0.000e+00

BRtau2xe: 3.540e-04

BRtau2xmu + BRtau2xe: 3.540e-04

produced tau excluding those daughters are also tau lepton: 2.932e+03
produced X: 2.932e+03
produced X/NMC: 2.932e-01

Proportion of X flying forward (eta>0): 6.132e-01
Proportion of X flying backward (eta<0): 3.868e-01

Total Gamma [GeV]: 9.147e-13
ctau [m]: 2.157e-04

Gammax2tautau: 0.000e+00

Gammax2mumu: 0.000e+00

Gammax2ee: 9.147e-13

Gammax2gmgm: 0.000e+00

BRx2tautau: 0.000e+00

BRx2mumu: 0.000e+00

BRx2ee: 1.000e+00

BRx2gmgm: 0.000e+00

X: insideFidVol: 5.000e+00
observedX: 1.936e+00
visibleX: 1.936e-01

X Observed Fiducial efficiency: 6.602e-04
X Visible Fiducial efficiency: 6.602e-05

reallyProduced tau: 9.200e+10
total number of tau-tau events: 4.600e+10

reallyProducedX: 1.147e+07
reallyobservedX: 7.570e+03
reallyvisibleX: 7.570e+02

