mX:  1
g_AB_Lamb:  1e-08
g_CC_Lamb:  8e-08
NMC 10000

 *-------  PYTHIA Process Initialization  --------------------------*
 |                                                                  |
 | We collide e- with e+ at a CM energy of 1.058e+01 GeV            |
 |                                                                  |
 |------------------------------------------------------------------|
 |                                                    |             |
 | Subprocess                                    Code |   Estimated |
 |                                                    |    max (mb) |
 |                                                    |             |
 |------------------------------------------------------------------|
 |                                                    |             |
 | f fbar -> f' fbar' (s-channel gamma*)          223 |   1.396e-04 |
 |                                                                  |
 *-------  End PYTHIA Process Initialization -----------------------*

 *-------  PYTHIA Flag + Mode + Parm + Word + FVec + MVec + PVec + WVec Settings (changes only)  ------------------* 
 |                                                                                                                 | 
 | Name                                          |                      Now |      Default         Min         Max | 
 |                                               |                          |                                      | 
 | Beams:eA                                      |                  7.00000 |     7000.000         0.0             | 
 | Beams:eB                                      |                  4.00000 |     7000.000         0.0             | 
 | Beams:frameType                               |                        2 |            1           1           5 | 
 | Beams:idA                                     |                       11 |         2212                         | 
 | Beams:idB                                     |                      -11 |         2212                         | 
 | HadronLevel:Hadronize                         |                      off |           on                         | 
 | Next:numberCount                              |                    10000 |         1000           0             | 
 | PartonLevel:MPI                               |                      off |           on                         | 
 | Random:seed                                   |                        0 |           -1               900000000 | 
 | Random:setSeed                                |                       on |          off                         | 
 | WeakSingleBoson:ffbar2ffbar(s:gm)             |                       on |          off                         | 
 |                                                                                                                 | 
 *-------  End PYTHIA Flag + Mode + Parm + Word + FVec + MVec + PVec + WVec Settings  -----------------------------* 

 --------  PYTHIA Particle Data Table (changed only)  ------------------------------------------------------------------------------
 
      id   name            antiName         spn chg col      m0        mWidth      mMin       mMax       tau0    res dec ext vis wid
             no onMode   bRatio   meMode     products 

      15  tau-             tau+               2  -3   0    1.77682    0.00000    0.00000    0.00000  8.71100e-02   0   1   0   1   0
              0     1   0.0000045  103       36       13 
              1     1   0.0000046  103       36       11 

      36  x                                   1   0   0    1.00000    0.00000    0.00000    0.00000  9.33316e+02   0   1   0   0   0
              0     1   0.0000000  103       15      -15 
              1     1   0.9950760  103       13      -13 
              2     1   0.0049237  103       11      -11 
              3     1   0.0000000  103       22       22 

 --------  End PYTHIA Particle Data Table  -----------------------------------------------------------------------------------------


 --------  PYTHIA Info Listing  ---------------------------------------- 
 
 Beam A: id =     11, pz =  5.292e+00, e =  5.292e+00, m =  5.110e-04.
 Beam B: id =    -11, pz = -5.292e+00, e =  5.292e+00, m =  5.110e-04.

 In 1: id =   11, x =  1.000e+00, pdf =  1.536e+07 at Q2 =  1.120e+02.
 In 2: id =  -11, x =  1.000e+00, pdf =  6.421e+02 at same Q2.

 Subprocess f fbar -> f' fbar' (s-channel gamma*) with code 223 is 2 -> 2.
 It has sHat =  1.120e+02,    tHat = -5.728e+01,    uHat = -5.471e+01,
       pTHat =  5.073e+00,   m3Hat =  1.500e+00,   m4Hat =  1.500e+00,
    thetaHat =  1.594e+00,  phiHat =  3.108e+00.
     alphaEM =  7.631e-03,  alphaS =  1.975e-01    at Q2 =  1.120e+02.

 Impact parameter b =  0.000e+00 gives enhancement factor =  1.000e+00.
 Max pT scale for MPI =  1.058e+01, ISR =  1.058e+01, FSR =  1.058e+01.
 Number of MPI =     1, ISR =     0, FSRproc =     4, FSRreson =     0.

 --------  End PYTHIA Info Listing  ------------------------------------

 --------  PYTHIA Event Listing  (hard process)  -----------------------------------------------------------------------------------
 
    no         id  name            status     mothers   daughters     colours      p_x        p_y        p_z         e          m 
     0         90  (system)           -11     0     0     0     0     0     0      0.000      0.000      3.000     11.000     10.583
     1         11  (e-)               -12     0     0     3     0     0     0      0.000      0.000      7.000      7.000      0.001
     2        -11  (e+)               -12     0     0     4     0     0     0      0.000      0.000     -4.000      4.000      0.001
     3         11  (e-)               -21     1     0     5     6     0     0      0.000      0.000      7.000      7.000      0.000
     4        -11  (e+)               -21     2     0     5     6     0     0      0.000      0.000     -4.000      4.000      0.000
     5          4  c                   23     3     4     0     0   101     0     -5.070      0.170      1.379      5.467      1.500
     6         -4  cbar                23     3     4     0     0     0   101      5.070     -0.170      1.621      5.533      1.500
                                   Charge sum:  0.000           Momentum sum:      0.000      0.000      3.000     11.000     10.583

 --------  End PYTHIA Event Listing  -----------------------------------------------------------------------------------------------

 --------  PYTHIA Event Listing  (complete event)  ---------------------------------------------------------------------------------
 
    no         id  name            status     mothers   daughters     colours      p_x        p_y        p_z         e          m 
     0         90  (system)           -11     0     0     0     0     0     0      0.000      0.000      3.000     11.000     10.583
     1         11  (e-)               -12     0     0    19     0     0     0      0.000      0.000      7.000      7.000      0.001
     2        -11  (e+)               -12     0     0    20     0     0     0      0.000      0.000     -4.000      4.000      0.001
     3         11  (e-)               -21    19    19     5     6     0     0      0.000      0.000      7.000      7.000      0.000
     4        -11  (e+)               -21    20    20     5     6     0     0      0.000      0.000     -4.000      4.000      0.000
     5          4  (c)                -23     3     4     9     9   101     0     -5.070      0.170      1.379      5.467      1.500
     6         -4  (cbar)             -23     3     4     7     8     0   101      5.070     -0.170      1.621      5.533      1.500
     7         -4  (cbar)             -51     6     0    10    11     0   102      4.318     -0.664     -0.230      4.625      1.500
     8         21  (g)                -51     6     0    12    12   102   101     -0.827      0.547      2.236      2.446      0.000
     9          4  (c)                -52     5     5    21    21   101     0     -3.491      0.117      0.995      3.929      1.500
    10         -4  (cbar)             -51     7     0    22    22     0   103      2.429     -0.953      0.432      3.040      1.500
    11         21  (g)                -51     7     0    15    15   103   102      1.792      0.353     -0.401      1.870      0.000
    12         21  (g)                -52     8     8    13    14   102   101     -0.731      0.483      1.975      2.160      0.000
    13         21  (g)                -51    12     0    23    23   104   101     -0.204      0.734      0.686      1.024      0.000
    14         21  (g)                -51    12     0    18    18   102   104     -0.353     -0.216      1.251      1.317      0.000
    15         21  (g)                -52    11    11    16    17   103   102      1.619      0.318     -0.362      1.689      0.000
    16         21  (g)                -51    15     0    24    24   103   105      0.712     -0.324      0.240      0.818      0.000
    17         21  (g)                -51    15     0    26    26   105   102      0.844      0.604     -0.379      1.105      0.000
    18         21  (g)                -52    14    14    25    25   102   104     -0.290     -0.178      1.028      1.083      0.000
    19         11  (e-)               -61     1     0     3     3     0     0      0.000      0.000      7.000      7.000      0.000
    20        -11  (e+)               -61     2     0     4     4     0     0      0.000      0.000     -4.000      4.000      0.000
    21          4  c                   62     9     9     0     0   101     0     -3.491      0.117      0.995      3.929      1.500
    22         -4  cbar                62    10    10     0     0     0   103      2.429     -0.953      0.432      3.040      1.500
    23         21  g                   62    13    13     0     0   104   101     -0.204      0.734      0.686      1.024      0.000
    24         21  g                   62    16    16     0     0   103   105      0.712     -0.324      0.240      0.818      0.000
    25         21  g                   62    18    18     0     0   102   104     -0.290     -0.178      1.028      1.083      0.000
    26         21  g                   62    17    17     0     0   105   102      0.844      0.604     -0.379      1.105      0.000
    27         22  gamma               63     1     0     0     0     0     0      0.000      0.000      0.000      0.000      0.000
    28         22  gamma               63     2     0     0     0     0     0      0.000      0.000     -0.000      0.000      0.000
                                   Charge sum:  0.000           Momentum sum:     -0.000      0.000      3.000     11.000     10.583

 --------  End PYTHIA Event Listing  -----------------------------------------------------------------------------------------------
 PYTHIA Warning in TauDecays::decay: unknown correlated tau production, assuming from unpolarized photon  
 PYTHIA Warning in PhaseSpace2to2tauyz::trialKin: maximum for cross section violated  

 *-------  PYTHIA Event and Cross Section Statistics  -------------------------------------------------------------*
 |                                                                                                                 |
 | Subprocess                                    Code |            Number of events       |      sigma +- delta    |
 |                                                    |       Tried   Selected   Accepted |     (estimated) (mb)   |
 |                                                    |                                   |                        |
 |-----------------------------------------------------------------------------------------------------------------|
 |                                                    |                                   |                        |
 | f fbar -> f' fbar' (s-channel gamma*)          223 |      236563      10000      10000 |   5.987e-06  3.026e-08 |
 |                                                    |                                   |                        |
 | sum                                                |      236563      10000      10000 |   5.987e-06  3.026e-08 |
 |                                                                                                                 |
 *-------  End PYTHIA Event and Cross Section Statistics ----------------------------------------------------------*

 *-------  PYTHIA Error and Warning Messages Statistics  ----------------------------------------------------------* 
 |                                                                                                                 | 
 |  times   message                                                                                                | 
 |                                                                                                                 | 
 |     93   Warning in PhaseSpace2to2tauyz::trialKin: maximum for cross section violated                           | 
 |   1468   Warning in TauDecays::decay: unknown correlated tau production, assuming from unpolarized photon       | 
 |                                                                                                                 | 
 *-------  End PYTHIA Error and Warning Messages Statistics  ------------------------------------------------------* 
Gammatau2xmu: 1.019e-17

Gammatau2xe: 1.042e-17

BRtau2xmu: 4.499e-06

BRtau2xe: 4.599e-06

BRtau2xmu + BRtau2xe: 9.098e-06

produced tau excluding those daughters are also tau lepton: 2.936e+03
produced X: 2.936e+03
produced X/NMC: 2.936e-01

Proportion of X flying forward (eta>0): 6.277e-01
Proportion of X flying backward (eta<0): 3.723e-01

Total Gamma [GeV]: 2.114e-16
ctau [m]: 9.333e-01

Gammax2tautau: 0.000e+00

Gammax2mumu: 2.104e-16

Gammax2ee: 1.041e-18

Gammax2gmgm: 0.000e+00

BRx2tautau: 0.000e+00

BRx2mumu: 9.951e-01

BRx2ee: 4.924e-03

BRx2gmgm: 0.000e+00

X: insideFidVol: 6.730e+02
observedX: 6.587e+02
visibleX: 6.587e+01

X Observed Fiducial efficiency: 2.244e-01
X Visible Fiducial efficiency: 2.244e-02

reallyProduced tau: 9.200e+10
total number of tau-tau events: 4.600e+10

reallyProducedX: 2.947e+05
reallyobservedX: 6.612e+04
reallyvisibleX: 6.612e+03

