mX:  1
g_AB_Lamb:  4e-07
g_CC_Lamb:  8e-09
NMC 100000

 *-------  PYTHIA Process Initialization  --------------------------*
 |                                                                  |
 | We collide e- with e+ at a CM energy of 1.058e+01 GeV            |
 |                                                                  |
 |------------------------------------------------------------------|
 |                                                    |             |
 | Subprocess                                    Code |   Estimated |
 |                                                    |    max (mb) |
 |                                                    |             |
 |------------------------------------------------------------------|
 |                                                    |             |
 | f fbar -> f' fbar' (s-channel gamma*)          223 |   1.541e-04 |
 |                                                                  |
 *-------  End PYTHIA Process Initialization -----------------------*

 *-------  PYTHIA Flag + Mode + Parm + Word + FVec + MVec + PVec + WVec Settings (changes only)  ------------------* 
 |                                                                                                                 | 
 | Name                                          |                      Now |      Default         Min         Max | 
 |                                               |                          |                                      | 
 | Beams:eA                                      |                  7.00000 |     7000.000         0.0             | 
 | Beams:eB                                      |                  4.00000 |     7000.000         0.0             | 
 | Beams:frameType                               |                        2 |            1           1           5 | 
 | Beams:idA                                     |                       11 |         2212                         | 
 | Beams:idB                                     |                      -11 |         2212                         | 
 | HadronLevel:Hadronize                         |                      off |           on                         | 
 | Next:numberCount                              |                    10000 |         1000           0             | 
 | PartonLevel:MPI                               |                      off |           on                         | 
 | Random:seed                                   |                        0 |           -1               900000000 | 
 | Random:setSeed                                |                       on |          off                         | 
 | WeakSingleBoson:ffbar2ffbar(s:gm)             |                       on |          off                         | 
 |                                                                                                                 | 
 *-------  End PYTHIA Flag + Mode + Parm + Word + FVec + MVec + PVec + WVec Settings  -----------------------------* 

 --------  PYTHIA Particle Data Table (changed only)  ------------------------------------------------------------------------------
 
      id   name            antiName         spn chg col      m0        mWidth      mMin       mMax       tau0    res dec ext vis wid
             no onMode   bRatio   meMode     products 

      15  tau-             tau+               2  -3   0    1.77682    0.00000    0.00000    0.00000  8.71100e-02   0   1   0   1   0
              0     1   0.0070946  103       36       13 
              1     1   0.0072531  103       36       11 

      36  x                                   1   0   0    1.00000    0.00000    0.00000    0.00000  9.33316e+04   0   1   0   0   0
              0     1   0.0000000  103       15      -15 
              1     1   0.9950760  103       13      -13 
              2     1   0.0049237  103       11      -11 
              3     1   0.0000000  103       22       22 

 --------  End PYTHIA Particle Data Table  -----------------------------------------------------------------------------------------


 --------  PYTHIA Info Listing  ---------------------------------------- 
 
 Beam A: id =     11, pz =  5.292e+00, e =  5.292e+00, m =  5.110e-04.
 Beam B: id =    -11, pz = -5.292e+00, e =  5.292e+00, m =  5.110e-04.

 In 1: id =   11, x =  1.000e+00, pdf =  8.409e+03 at Q2 =  2.244e+01.
 In 2: id =  -11, x =  2.003e-01, pdf =  5.374e-03 at same Q2.

 Subprocess f fbar -> f' fbar' (s-channel gamma*) with code 223 is 2 -> 2.
 It has sHat =  2.244e+01,    tHat = -1.989e+01,    uHat = -2.549e+00,
       pTHat =  1.489e+00,   m3Hat =  3.300e-01,   m4Hat =  3.300e-01,
    thetaHat =  2.454e+00,  phiHat =  2.263e+00.
     alphaEM =  7.566e-03,  alphaS =  2.450e-01    at Q2 =  2.244e+01.

 Impact parameter b =  0.000e+00 gives enhancement factor =  1.000e+00.
 Max pT scale for MPI =  1.058e+01, ISR =  4.737e+00, FSR =  4.737e+00.
 Number of MPI =     1, ISR =     2, FSRproc =     0, FSRreson =     0.

 --------  End PYTHIA Info Listing  ------------------------------------

 --------  PYTHIA Event Listing  (hard process)  -----------------------------------------------------------------------------------
 
    no         id  name            status     mothers   daughters     colours      p_x        p_y        p_z         e          m 
     0         90  (system)           -11     0     0     0     0     0     0      0.000      0.000      3.000     11.000     10.583
     1         11  (e-)               -12     0     0     3     0     0     0      0.000      0.000      7.000      7.000      0.001
     2        -11  (e+)               -12     0     0     4     0     0     0      0.000      0.000     -4.000      4.000      0.001
     3         11  (e-)               -21     1     0     5     6     0     0      0.000      0.000      7.000      7.000      0.000
     4        -11  (e+)               -21     2     0     5     6     0     0      0.000      0.000     -0.801      0.801      0.000
     5          1  d                   23     3     4     0     0   101     0     -0.951      1.146      0.114      1.529      0.330
     6         -1  dbar                23     3     4     0     0     0   101      0.951     -1.146      6.084      6.272      0.330
                                   Charge sum:  0.000           Momentum sum:      0.000      0.000      6.199      7.801      4.737

 --------  End PYTHIA Event Listing  -----------------------------------------------------------------------------------------------

 --------  PYTHIA Event Listing  (complete event)  ---------------------------------------------------------------------------------
 
    no         id  name            status     mothers   daughters     colours      p_x        p_y        p_z         e          m 
     0         90  (system)           -11     0     0     0     0     0     0      0.000      0.000      3.000     11.000     10.583
     1         11  (e-)               -12     0     0    18     0     0     0      0.000      0.000      7.000      7.000      0.001
     2        -11  (e+)               -12     0     0    19     0     0     0      0.000      0.000     -4.000      4.000      0.001
     3         11  (e-)               -21     7     7     5     6     0     0      0.000      0.000      7.000      7.000      0.000
     4        -11  (e+)               -21     8     0     5     6     0     0      0.000      0.000     -0.801      0.801      0.000
     5          1  (d)                -23     3     4     9     9   101     0     -0.951      1.146      0.114      1.529      0.330
     6         -1  (dbar)             -23     3     4    10    10     0   101      0.951     -1.146      6.084      6.272      0.330
     7         11  (e-)               -42    12    12     3     3     0     0      0.000     -0.000      7.000      7.000      0.000
     8        -11  (e+)               -41    13     0    11     4     0     0     -0.000      0.000     -1.777      1.777      0.000
     9          1  (d)                -44     5     5    14    14   101     0     -1.671      2.261      1.445      3.179      0.330
    10         -1  (dbar)             -44     6     6    15    15     0   101      0.855     -0.997      3.861      4.091      0.330
    11         22  (gamma)            -43     8     0    16    16     0     0      0.817     -1.264     -0.083      1.507      0.000
    12         11  (e-)               -42    18    18     7     7     0     0      0.000      0.000      7.000      7.000      0.000
    13        -11  (e+)               -41    19    19    17     8     0     0     -0.000     -0.000     -4.000      4.000      0.000
    14          1  (d)                -44     9     9    20    20   101     0     -1.696      2.247      1.450      3.184      0.330
    15         -1  (dbar)             -44    10    10    21    21     0   101      0.851     -0.999      3.856      4.087      0.330
    16         22  (gamma)            -44    11    11    22    22     0     0      0.794     -1.277     -0.084      1.506      0.000
    17         22  (gamma)            -43    13     0    23    23     0     0      0.051      0.030     -2.222      2.223      0.000
    18         11  (e-)               -61     1     0    12    12     0     0      0.000     -0.000      7.000      7.000      0.000
    19        -11  (e+)               -61     2     0    13    13     0     0      0.000      0.000     -4.000      4.000      0.000
    20          1  d                   62    14    14     0     0   101     0     -1.696      2.247      1.450      3.184      0.330
    21         -1  dbar                62    15    15     0     0     0   101      0.851     -0.999      3.856      4.087      0.330
    22         22  gamma               62    16    16     0     0     0     0      0.794     -1.277     -0.084      1.506      0.000
    23         22  gamma               62    17    17     0     0     0     0      0.051      0.030     -2.222      2.223      0.000
    24         22  gamma               63     1     0     0     0     0     0      0.000      0.000      0.000      0.000      0.000
    25         22  gamma               63     2     0     0     0     0     0      0.000      0.000     -0.000      0.000      0.000
                                   Charge sum:  0.000           Momentum sum:      0.000      0.000      3.000     11.000     10.583

 --------  End PYTHIA Event Listing  -----------------------------------------------------------------------------------------------
 PYTHIA Warning in TauDecays::decay: unknown correlated tau production, assuming from unpolarized photon  
 PYTHIA Warning in PhaseSpace2to2tauyz::trialKin: maximum for cross section violated  

 Pythia::next(): 10000 events have been generated 

 Pythia::next(): 20000 events have been generated 

 Pythia::next(): 30000 events have been generated 

 Pythia::next(): 40000 events have been generated 
 PYTHIA Warning in PhaseSpace2to2tauyz::finalKin: failed after mass assignment  

 Pythia::next(): 50000 events have been generated 

 Pythia::next(): 60000 events have been generated 

 Pythia::next(): 70000 events have been generated 

 Pythia::next(): 80000 events have been generated 

 Pythia::next(): 90000 events have been generated 

 *-------  PYTHIA Event and Cross Section Statistics  -------------------------------------------------------------*
 |                                                                                                                 |
 | Subprocess                                    Code |            Number of events       |      sigma +- delta    |
 |                                                    |       Tried   Selected   Accepted |     (estimated) (mb)   |
 |                                                    |                                   |                        |
 |-----------------------------------------------------------------------------------------------------------------|
 |                                                    |                                   |                        |
 | f fbar -> f' fbar' (s-channel gamma*)          223 |     2557463     100001     100000 |   6.012e-06  9.209e-09 |
 |                                                    |                                   |                        |
 | sum                                                |     2557463     100001     100000 |   6.012e-06  9.209e-09 |
 |                                                                                                                 |
 *-------  End PYTHIA Event and Cross Section Statistics ----------------------------------------------------------*

 *-------  PYTHIA Error and Warning Messages Statistics  ----------------------------------------------------------* 
 |                                                                                                                 | 
 |  times   message                                                                                                | 
 |                                                                                                                 | 
 |      1   Warning in PhaseSpace2to2tauyz::finalKin: failed after mass assignment                                 | 
 |     67   Warning in PhaseSpace2to2tauyz::trialKin: maximum for cross section violated                           | 
 |  14919   Warning in TauDecays::decay: unknown correlated tau production, assuming from unpolarized photon       | 
 |                                                                                                                 | 
 *-------  End PYTHIA Error and Warning Messages Statistics  ------------------------------------------------------* 
Gammatau2xmu: 1.631e-14

Gammatau2xe: 1.667e-14

BRtau2xmu: 7.095e-03

BRtau2xe: 7.253e-03

BRtau2xmu + BRtau2xe: 1.435e-02

produced tau excluding those daughters are also tau lepton: 2.984e+04
produced X: 2.984e+04
produced X/NMC: 2.984e-01

Proportion of X flying forward (eta>0): 6.196e-01
Proportion of X flying backward (eta<0): 3.804e-01

Total Gamma [GeV]: 2.114e-18
ctau [m]: 9.333e+01

Gammax2tautau: 0.000e+00

Gammax2mumu: 2.104e-18

Gammax2ee: 1.041e-20

Gammax2gmgm: 0.000e+00

BRx2tautau: 0.000e+00

BRx2mumu: 9.951e-01

BRx2ee: 4.924e-03

BRx2gmgm: 0.000e+00

X: insideFidVol: 9.000e+01
observedX: 8.639e+01
visibleX: 2.629e-01

X Observed Fiducial efficiency: 2.895e-03
X Visible Fiducial efficiency: 8.810e-06

reallyProduced tau: 9.200e+10
total number of tau-tau events: 4.600e+10

reallyProducedX: 4.648e+08
reallyobservedX: 1.346e+06
reallyvisibleX: 4.095e+03

