mX:  1
g_AB_Lamb:  6e-07
g_CC_Lamb:  6e-09
NMC 100000

 *-------  PYTHIA Process Initialization  --------------------------*
 |                                                                  |
 | We collide e- with e+ at a CM energy of 1.058e+01 GeV            |
 |                                                                  |
 |------------------------------------------------------------------|
 |                                                    |             |
 | Subprocess                                    Code |   Estimated |
 |                                                    |    max (mb) |
 |                                                    |             |
 |------------------------------------------------------------------|
 |                                                    |             |
 | f fbar -> f' fbar' (s-channel gamma*)          223 |   1.435e-04 |
 |                                                                  |
 *-------  End PYTHIA Process Initialization -----------------------*

 *-------  PYTHIA Flag + Mode + Parm + Word + FVec + MVec + PVec + WVec Settings (changes only)  ------------------* 
 |                                                                                                                 | 
 | Name                                          |                      Now |      Default         Min         Max | 
 |                                               |                          |                                      | 
 | Beams:eA                                      |                  7.00000 |     7000.000         0.0             | 
 | Beams:eB                                      |                  4.00000 |     7000.000         0.0             | 
 | Beams:frameType                               |                        2 |            1           1           5 | 
 | Beams:idA                                     |                       11 |         2212                         | 
 | Beams:idB                                     |                      -11 |         2212                         | 
 | HadronLevel:Hadronize                         |                      off |           on                         | 
 | Next:numberCount                              |                    10000 |         1000           0             | 
 | PartonLevel:MPI                               |                      off |           on                         | 
 | Random:seed                                   |                        0 |           -1               900000000 | 
 | Random:setSeed                                |                       on |          off                         | 
 | WeakSingleBoson:ffbar2ffbar(s:gm)             |                       on |          off                         | 
 |                                                                                                                 | 
 *-------  End PYTHIA Flag + Mode + Parm + Word + FVec + MVec + PVec + WVec Settings  -----------------------------* 

 --------  PYTHIA Particle Data Table (changed only)  ------------------------------------------------------------------------------
 
      id   name            antiName         spn chg col      m0        mWidth      mMin       mMax       tau0    res dec ext vis wid
             no onMode   bRatio   meMode     products 

      15  tau-             tau+               2  -3   0    1.77682    0.00000    0.00000    0.00000  8.71100e-02   0   1   0   1   0
              0     1   0.0156816  103       36       13 
              1     1   0.0160320  103       36       11 

      36  x                                   1   0   0    1.00000    0.00000    0.00000    0.00000  1.65923e+05   0   1   0   0   0
              0     1   0.0000000  103       15      -15 
              1     1   0.9950760  103       13      -13 
              2     1   0.0049237  103       11      -11 
              3     1   0.0000000  103       22       22 

 --------  End PYTHIA Particle Data Table  -----------------------------------------------------------------------------------------


 --------  PYTHIA Info Listing  ---------------------------------------- 
 
 Beam A: id =     11, pz =  5.292e+00, e =  5.292e+00, m =  5.110e-04.
 Beam B: id =    -11, pz = -5.292e+00, e =  5.292e+00, m =  5.110e-04.

 In 1: id =   11, x =  9.987e-01, pdf =  2.540e+01 at Q2 =  1.119e+02.
 In 2: id =  -11, x =  1.000e+00, pdf =  7.043e+06 at same Q2.

 Subprocess f fbar -> f' fbar' (s-channel gamma*) with code 223 is 2 -> 2.
 It has sHat =  1.119e+02,    tHat = -3.555e+01,    uHat = -7.630e+01,
       pTHat =  4.925e+00,   m3Hat =  5.110e-04,   m4Hat =  5.110e-04,
    thetaHat =  1.198e+00,  phiHat =  5.683e+00.
     alphaEM =  7.631e-03,  alphaS =  1.975e-01    at Q2 =  1.119e+02.

 Impact parameter b =  0.000e+00 gives enhancement factor =  1.000e+00.
 Max pT scale for MPI =  1.058e+01, ISR =  1.058e+01, FSR =  1.058e+01.
 Number of MPI =     1, ISR =     1, FSRproc =     1, FSRreson =     0.

 --------  End PYTHIA Info Listing  ------------------------------------

 --------  PYTHIA Event Listing  (hard process)  -----------------------------------------------------------------------------------
 
    no         id  name            status     mothers   daughters     colours      p_x        p_y        p_z         e          m 
     0         90  (system)           -11     0     0     0     0     0     0      0.000      0.000      3.000     11.000     10.583
     1         11  (e-)               -12     0     0     3     0     0     0      0.000      0.000      7.000      7.000      0.001
     2        -11  (e+)               -12     0     0     4     0     0     0      0.000      0.000     -4.000      4.000      0.001
     3         11  (e-)               -21     1     0     5     6     0     0      0.000      0.000      6.991      6.991      0.000
     4        -11  (e+)               -21     2     0     5     6     0     0      0.000      0.000     -4.000      4.000      0.000
     5         11  e-                  23     3     4     0     0     0     0      4.063     -2.782      3.497      6.040      0.001
     6        -11  e+                  23     3     4     0     0     0     0     -4.063      2.782     -0.507      4.951      0.001
                                   Charge sum:  0.000           Momentum sum:      0.000      0.000      2.991     10.991     10.576

 --------  End PYTHIA Event Listing  -----------------------------------------------------------------------------------------------

 --------  PYTHIA Event Listing  (complete event)  ---------------------------------------------------------------------------------
 
    no         id  name            status     mothers   daughters     colours      p_x        p_y        p_z         e          m 
     0         90  (system)           -11     0     0     0     0     0     0      0.000      0.000      3.000     11.000     10.583
     1         11  (e-)               -12     0     0    16     0     0     0      0.000      0.000      7.000      7.000      0.001
     2        -11  (e+)               -12     0     0    17     0     0     0      0.000      0.000     -4.000      4.000      0.001
     3         11  (e-)               -21     9     9     5     6     0     0      0.000      0.000      6.991      6.991      0.000
     4        -11  (e+)               -21    11    11     5     6     0     0      0.000      0.000     -4.000      4.000      0.000
     5         11  (e-)               -23     3     4     7     8     0     0      4.063     -2.782      3.497      6.040      0.001
     6        -11  (e+)               -23     3     4    13    13     0     0     -4.063      2.782     -0.507      4.951      0.001
     7         11  (e-)               -51     5     0    12    12     0     0      3.943     -2.667      3.356      5.824      0.001
     8         22  (gamma)            -51     5     0    14    14     0     0      0.120     -0.115      0.149      0.223      0.000
     9         11  (e-)               -53    10     0     3     3     0     0     -0.000      0.000      6.999      6.999      0.000
    10         11  (e-)               -41    16    16    15     9     0     0      0.000      0.000      7.000      7.000      0.000
    11        -11  (e+)               -42    17    17     4     4     0     0     -0.000     -0.000     -4.000      4.000      0.000
    12         11  (e-)               -44     7     7    18    18     0     0      3.943     -2.668      3.357      5.825      0.001
    13        -11  (e+)               -44     6     6    19    19     0     0     -4.064      2.782     -0.506      4.950      0.001
    14         22  (gamma)            -44     8     8    20    20     0     0      0.120     -0.115      0.149      0.223      0.000
    15         22  (gamma)            -43    10     0    21    21     0     0      0.000      0.001     -0.000      0.001      0.000
    16         11  (e-)               -61     1     0    10    10     0     0     -0.000     -0.000      7.000      7.000      0.000
    17        -11  (e+)               -61     2     0    11    11     0     0      0.000     -0.000     -4.000      4.000      0.000
    18         11  e-                  62    12    12     0     0     0     0      3.943     -2.668      3.357      5.825      0.001
    19        -11  e+                  62    13    13     0     0     0     0     -4.064      2.782     -0.506      4.950      0.001
    20         22  gamma               62    14    14     0     0     0     0      0.120     -0.115      0.149      0.223      0.000
    21         22  gamma               62    15    15     0     0     0     0      0.000      0.001     -0.000      0.001      0.000
    22         22  gamma               63     1     0     0     0     0     0      0.000      0.000      0.000      0.000      0.000
    23         22  gamma               63     2     0     0     0     0     0      0.000      0.000     -0.000      0.000      0.000
                                   Charge sum:  0.000           Momentum sum:      0.000     -0.000      3.000     11.000     10.583

 --------  End PYTHIA Event Listing  -----------------------------------------------------------------------------------------------
 PYTHIA Warning in TauDecays::decay: unknown correlated tau production, assuming from unpolarized photon  
 PYTHIA Warning in PhaseSpace2to2tauyz::trialKin: maximum for cross section violated  

 Pythia::next(): 10000 events have been generated 

 Pythia::next(): 20000 events have been generated 

 Pythia::next(): 30000 events have been generated 

 Pythia::next(): 40000 events have been generated 

 Pythia::next(): 50000 events have been generated 

 Pythia::next(): 60000 events have been generated 

 Pythia::next(): 70000 events have been generated 

 Pythia::next(): 80000 events have been generated 

 Pythia::next(): 90000 events have been generated 

 *-------  PYTHIA Event and Cross Section Statistics  -------------------------------------------------------------*
 |                                                                                                                 |
 | Subprocess                                    Code |            Number of events       |      sigma +- delta    |
 |                                                    |       Tried   Selected   Accepted |     (estimated) (mb)   |
 |                                                    |                                   |                        |
 |-----------------------------------------------------------------------------------------------------------------|
 |                                                    |                                   |                        |
 | f fbar -> f' fbar' (s-channel gamma*)          223 |     2400873     100000     100000 |   6.004e-06  9.593e-09 |
 |                                                    |                                   |                        |
 | sum                                                |     2400873     100000     100000 |   6.004e-06  9.593e-09 |
 |                                                                                                                 |
 *-------  End PYTHIA Event and Cross Section Statistics ----------------------------------------------------------*

 *-------  PYTHIA Error and Warning Messages Statistics  ----------------------------------------------------------* 
 |                                                                                                                 | 
 |  times   message                                                                                                | 
 |                                                                                                                 | 
 |    613   Warning in PhaseSpace2to2tauyz::trialKin: maximum for cross section violated                           | 
 |  14898   Warning in TauDecays::decay: unknown correlated tau production, assuming from unpolarized photon       | 
 |                                                                                                                 | 
 *-------  End PYTHIA Error and Warning Messages Statistics  ------------------------------------------------------* 
Gammatau2xmu: 3.669e-14

Gammatau2xe: 3.751e-14

BRtau2xmu: 1.568e-02

BRtau2xe: 1.603e-02

BRtau2xmu + BRtau2xe: 3.171e-02

produced tau excluding those daughters are also tau lepton: 2.980e+04
produced X: 2.980e+04
produced X/NMC: 2.980e-01

Proportion of X flying forward (eta>0): 6.209e-01
Proportion of X flying backward (eta<0): 3.791e-01

Total Gamma [GeV]: 1.189e-18
ctau [m]: 1.659e+02

Gammax2tautau: 0.000e+00

Gammax2mumu: 1.183e-18

Gammax2ee: 5.856e-21

Gammax2gmgm: 0.000e+00

BRx2tautau: 0.000e+00

BRx2mumu: 9.951e-01

BRx2ee: 4.924e-03

BRx2gmgm: 0.000e+00

X: insideFidVol: 4.000e+01
observedX: 4.849e+01
visibleX: 4.929e-02

X Observed Fiducial efficiency: 1.627e-03
X Visible Fiducial efficiency: 1.654e-06

reallyProduced tau: 9.200e+10
total number of tau-tau events: 4.600e+10

reallyProducedX: 1.027e+09
reallyobservedX: 1.672e+06
reallyvisibleX: 1.699e+03

