mX:  1
g_AB_Lamb:  8e-07
g_CC_Lamb:  8e-11
NMC 10000
 PYTHIA Warning in PhaseSpace2to2tauyz::trialKin: maximum for cross section violated  

 *-------  PYTHIA Process Initialization  --------------------------*
 |                                                                  |
 | We collide e- with e+ at a CM energy of 1.058e+01 GeV            |
 |                                                                  |
 |------------------------------------------------------------------|
 |                                                    |             |
 | Subprocess                                    Code |   Estimated |
 |                                                    |    max (mb) |
 |                                                    |             |
 |------------------------------------------------------------------|
 |                                                    |             |
 | f fbar -> f' fbar' (s-channel gamma*)          223 |   1.508e-04 |
 |                                                                  |
 *-------  End PYTHIA Process Initialization -----------------------*

 *-------  PYTHIA Flag + Mode + Parm + Word + FVec + MVec + PVec + WVec Settings (changes only)  ------------------* 
 |                                                                                                                 | 
 | Name                                          |                      Now |      Default         Min         Max | 
 |                                               |                          |                                      | 
 | Beams:eA                                      |                  7.00000 |     7000.000         0.0             | 
 | Beams:eB                                      |                  4.00000 |     7000.000         0.0             | 
 | Beams:frameType                               |                        2 |            1           1           5 | 
 | Beams:idA                                     |                       11 |         2212                         | 
 | Beams:idB                                     |                      -11 |         2212                         | 
 | HadronLevel:Hadronize                         |                      off |           on                         | 
 | Next:numberCount                              |                    10000 |         1000           0             | 
 | PartonLevel:MPI                               |                      off |           on                         | 
 | Random:seed                                   |                        0 |           -1               900000000 | 
 | Random:setSeed                                |                       on |          off                         | 
 | WeakSingleBoson:ffbar2ffbar(s:gm)             |                       on |          off                         | 
 |                                                                                                                 | 
 *-------  End PYTHIA Flag + Mode + Parm + Word + FVec + MVec + PVec + WVec Settings  -----------------------------* 

 --------  PYTHIA Particle Data Table (changed only)  ------------------------------------------------------------------------------
 
      id   name            antiName         spn chg col      m0        mWidth      mMin       mMax       tau0    res dec ext vis wid
             no onMode   bRatio   meMode     products 

      15  tau-             tau+               2  -3   0    1.77682    0.00000    0.00000    0.00000  8.71100e-02   0   1   0   1   0
              0     1   0.0272073  103       36       13 
              1     1   0.0278153  103       36       11 

      36  x                                   1   0   0    1.00000    0.00000    0.00000    0.00000  9.33316e+08   0   1   0   0   0
              0     1   0.0000000  103       15      -15 
              1     1   0.9950760  103       13      -13 
              2     1   0.0049237  103       11      -11 
              3     1   0.0000000  103       22       22 

 --------  End PYTHIA Particle Data Table  -----------------------------------------------------------------------------------------


 --------  PYTHIA Info Listing  ---------------------------------------- 
 
 Beam A: id =     11, pz =  5.292e+00, e =  5.292e+00, m =  5.110e-04.
 Beam B: id =    -11, pz = -5.292e+00, e =  5.292e+00, m =  5.110e-04.

 In 1: id =   11, x =  9.938e-01, pdf =  5.756e+00 at Q2 =  1.113e+02.
 In 2: id =  -11, x =  1.000e+00, pdf =  4.367e+06 at same Q2.

 Subprocess f fbar -> f' fbar' (s-channel gamma*) with code 223 is 2 -> 2.
 It has sHat =  1.113e+02,    tHat = -2.113e+00,    uHat = -1.092e+02,
       pTHat =  1.380e+00,   m3Hat =  1.500e+00,   m4Hat =  1.500e+00,
    thetaHat =  2.764e-01,  phiHat =  1.812e-01.
     alphaEM =  7.631e-03,  alphaS =  1.976e-01    at Q2 =  1.113e+02.

 Impact parameter b =  0.000e+00 gives enhancement factor =  1.000e+00.
 Max pT scale for MPI =  1.058e+01, ISR =  1.055e+01, FSR =  1.055e+01.
 Number of MPI =     1, ISR =     1, FSRproc =     2, FSRreson =     0.

 --------  End PYTHIA Info Listing  ------------------------------------

 --------  PYTHIA Event Listing  (hard process)  -----------------------------------------------------------------------------------
 
    no         id  name            status     mothers   daughters     colours      p_x        p_y        p_z         e          m 
     0         90  (system)           -11     0     0     0     0     0     0      0.000      0.000      3.000     11.000     10.583
     1         11  (e-)               -12     0     0     3     0     0     0      0.000      0.000      7.000      7.000      0.001
     2        -11  (e+)               -12     0     0     4     0     0     0      0.000      0.000     -4.000      4.000      0.001
     3         11  (e-)               -21     1     0     5     6     0     0      0.000      0.000      6.956      6.956      0.000
     4        -11  (e+)               -21     2     0     5     6     0     0      0.000      0.000     -4.000      4.000      0.000
     5          4  c                   23     3     4     0     0   101     0      1.358      0.249      6.531      6.842      1.500
     6         -4  cbar                23     3     4     0     0     0   101     -1.358     -0.249     -3.574      4.115      1.500
                                   Charge sum:  0.000           Momentum sum:      0.000      0.000      2.956     10.956     10.550

 --------  End PYTHIA Event Listing  -----------------------------------------------------------------------------------------------

 --------  PYTHIA Event Listing  (complete event)  ---------------------------------------------------------------------------------
 
    no         id  name            status     mothers   daughters     colours      p_x        p_y        p_z         e          m 
     0         90  (system)           -11     0     0     0     0     0     0      0.000      0.000      3.000     11.000     10.583
     1         11  (e-)               -12     0     0    20     0     0     0      0.000      0.000      7.000      7.000      0.001
     2        -11  (e+)               -12     0     0    21     0     0     0      0.000      0.000     -4.000      4.000      0.001
     3         11  (e-)               -21    13     0     5     6     0     0      0.000      0.000      6.956      6.956      0.000
     4        -11  (e+)               -21    14    14     5     6     0     0      0.000      0.000     -4.000      4.000      0.000
     5          4  (c)                -23     3     4     9     9   101     0      1.358      0.249      6.531      6.842      1.500
     6         -4  (cbar)             -23     3     4     7     8     0   101     -1.358     -0.249     -3.574      4.115      1.500
     7         -4  (cbar)             -51     6     0    12    12     0   102     -0.170      0.536     -2.926      3.336      1.500
     8         21  (g)                -51     6     0    10    11   102   101     -1.072     -0.764     -0.105      1.320      0.000
     9          4  (c)                -52     5     5    15    15   101     0      1.243      0.228      5.987      6.300      1.500
    10         21  (g)                -51     8     0    17    17   104   101     -0.873     -0.728     -0.745      1.359      0.000
    11         21  (g)                -51     8     0    18    18   102   104     -0.142      0.093      0.257      0.308      0.000
    12         -4  (cbar)             -52     7     7    16    16     0   102     -0.228      0.407     -2.543      2.989      1.500
    13         11  (e-)               -41    20    20    19     3     0     0     -0.000      0.000      7.000      7.000      0.000
    14        -11  (e+)               -42    21    21     4     4     0     0      0.000     -0.000     -4.000      4.000      0.000
    15          4  (c)                -44     9     9    22    22   101     0      1.237      0.232      5.988      6.300      1.500
    16         -4  (cbar)             -44    12    12    23    23     0   102     -0.228      0.408     -2.543      2.989      1.500
    17         21  (g)                -44    10    10    24    24   104   101     -0.873     -0.728     -0.745      1.359      0.000
    18         21  (g)                -44    11    11    25    25   102   104     -0.142      0.093      0.257      0.308      0.000
    19         22  (gamma)            -43    13     0    26    26     0     0      0.007     -0.005      0.042      0.043      0.000
    20         11  (e-)               -61     1     0    13    13     0     0      0.000     -0.000      7.000      7.000      0.000
    21        -11  (e+)               -61     2     0    14    14     0     0     -0.000      0.000     -4.000      4.000      0.000
    22          4  c                   62    15    15     0     0   101     0      1.237      0.232      5.988      6.300      1.500
    23         -4  cbar                62    16    16     0     0     0   102     -0.228      0.408     -2.543      2.989      1.500
    24         21  g                   62    17    17     0     0   104   101     -0.873     -0.728     -0.745      1.359      0.000
    25         21  g                   62    18    18     0     0   102   104     -0.142      0.093      0.257      0.308      0.000
    26         22  gamma               62    19    19     0     0     0     0      0.007     -0.005      0.042      0.043      0.000
    27         22  gamma               63     1     0     0     0     0     0      0.000      0.000      0.000      0.000      0.000
    28         22  gamma               63     2     0     0     0     0     0      0.000      0.000     -0.000      0.000      0.000
                                   Charge sum:  0.000           Momentum sum:     -0.000      0.000      3.000     11.000     10.583

 --------  End PYTHIA Event Listing  -----------------------------------------------------------------------------------------------
 PYTHIA Warning in TauDecays::decay: unknown correlated tau production, assuming from unpolarized photon  

 *-------  PYTHIA Event and Cross Section Statistics  -------------------------------------------------------------*
 |                                                                                                                 |
 | Subprocess                                    Code |            Number of events       |      sigma +- delta    |
 |                                                    |       Tried   Selected   Accepted |     (estimated) (mb)   |
 |                                                    |                                   |                        |
 |-----------------------------------------------------------------------------------------------------------------|
 |                                                    |                                   |                        |
 | f fbar -> f' fbar' (s-channel gamma*)          223 |      252427      10000      10000 |   5.984e-06  2.939e-08 |
 |                                                    |                                   |                        |
 | sum                                                |      252427      10000      10000 |   5.984e-06  2.939e-08 |
 |                                                                                                                 |
 *-------  End PYTHIA Event and Cross Section Statistics ----------------------------------------------------------*

 *-------  PYTHIA Error and Warning Messages Statistics  ----------------------------------------------------------* 
 |                                                                                                                 | 
 |  times   message                                                                                                | 
 |                                                                                                                 | 
 |      6   Warning in PhaseSpace2to2tauyz::trialKin: maximum for cross section violated                           | 
 |   1504   Warning in TauDecays::decay: unknown correlated tau production, assuming from unpolarized photon       | 
 |                                                                                                                 | 
 *-------  End PYTHIA Error and Warning Messages Statistics  ------------------------------------------------------* 
Gammatau2xmu: 6.524e-14

Gammatau2xe: 6.669e-14

BRtau2xmu: 2.721e-02

BRtau2xe: 2.782e-02

BRtau2xmu + BRtau2xe: 5.502e-02

produced tau excluding those daughters are also tau lepton: 3.008e+03
produced X: 3.008e+03
produced X/NMC: 3.008e-01

Proportion of X flying forward (eta>0): 6.263e-01
Proportion of X flying backward (eta<0): 3.737e-01

Total Gamma [GeV]: 2.114e-22
ctau [m]: 9.333e+05

Gammax2tautau: 0.000e+00

Gammax2mumu: 2.104e-22

Gammax2ee: 1.041e-24

Gammax2gmgm: 0.000e+00

BRx2tautau: 0.000e+00

BRx2mumu: 9.951e-01

BRx2ee: 4.924e-03

BRx2gmgm: 0.000e+00

X: insideFidVol: 0.000e+00
observedX: 8.835e-04
visibleX: 8.835e-05

X Observed Fiducial efficiency: 2.937e-07
X Visible Fiducial efficiency: 2.937e-08

reallyProduced tau: 9.200e+10
total number of tau-tau events: 4.600e+10

reallyProducedX: 1.782e+09
reallyobservedX: 5.235e+02
reallyvisibleX: 5.235e+01

