mX:  1
g_AB_Lamb:  1.5e-07
g_CC_Lamb:  1.5e-08
NMC 100000

 *-------  PYTHIA Process Initialization  --------------------------*
 |                                                                  |
 | We collide e- with e+ at a CM energy of 1.058e+01 GeV            |
 |                                                                  |
 |------------------------------------------------------------------|
 |                                                    |             |
 | Subprocess                                    Code |   Estimated |
 |                                                    |    max (mb) |
 |                                                    |             |
 |------------------------------------------------------------------|
 |                                                    |             |
 | f fbar -> f' fbar' (s-channel gamma*)          223 |   1.307e-04 |
 |                                                                  |
 *-------  End PYTHIA Process Initialization -----------------------*

 *-------  PYTHIA Flag + Mode + Parm + Word + FVec + MVec + PVec + WVec Settings (changes only)  ------------------* 
 |                                                                                                                 | 
 | Name                                          |                      Now |      Default         Min         Max | 
 |                                               |                          |                                      | 
 | Beams:eA                                      |                  7.00000 |     7000.000         0.0             | 
 | Beams:eB                                      |                  4.00000 |     7000.000         0.0             | 
 | Beams:frameType                               |                        2 |            1           1           5 | 
 | Beams:idA                                     |                       11 |         2212                         | 
 | Beams:idB                                     |                      -11 |         2212                         | 
 | HadronLevel:Hadronize                         |                      off |           on                         | 
 | Next:numberCount                              |                    10000 |         1000           0             | 
 | PartonLevel:MPI                               |                      off |           on                         | 
 | Random:seed                                   |                        0 |           -1               900000000 | 
 | Random:setSeed                                |                       on |          off                         | 
 | WeakSingleBoson:ffbar2ffbar(s:gm)             |                       on |          off                         | 
 |                                                                                                                 | 
 *-------  End PYTHIA Flag + Mode + Parm + Word + FVec + MVec + PVec + WVec Settings  -----------------------------* 

 --------  PYTHIA Particle Data Table (changed only)  ------------------------------------------------------------------------------
 
      id   name            antiName         spn chg col      m0        mWidth      mMin       mMax       tau0    res dec ext vis wid
             no onMode   bRatio   meMode     products 

      15  tau-             tau+               2  -3   0    1.77682    0.00000    0.00000    0.00000  8.71100e-02   0   1   0   1   0
              0     1   0.0010101  103       36       13 
              1     1   0.0010327  103       36       11 

      36  x                                   1   0   0    1.00000    0.00000    0.00000    0.00000  2.65476e+04   0   1   0   0   0
              0     1   0.0000000  103       15      -15 
              1     1   0.9950760  103       13      -13 
              2     1   0.0049237  103       11      -11 
              3     1   0.0000000  103       22       22 

 --------  End PYTHIA Particle Data Table  -----------------------------------------------------------------------------------------


 --------  PYTHIA Info Listing  ---------------------------------------- 
 
 Beam A: id =     11, pz =  5.292e+00, e =  5.292e+00, m =  5.110e-04.
 Beam B: id =    -11, pz = -5.292e+00, e =  5.292e+00, m =  5.110e-04.

 In 1: id =   11, x =  1.000e+00, pdf =  1.133e+04 at Q2 =  1.120e+02.
 In 2: id =  -11, x =  1.000e+00, pdf =  3.314e+07 at same Q2.

 Subprocess f fbar -> f' fbar' (s-channel gamma*) with code 223 is 2 -> 2.
 It has sHat =  1.120e+02,    tHat = -1.292e+01,    uHat = -9.908e+01,
       pTHat =  3.242e+00,   m3Hat =  1.500e+00,   m4Hat =  1.500e+00,
    thetaHat =  6.930e-01,  phiHat =  1.503e+00.
     alphaEM =  7.631e-03,  alphaS =  1.975e-01    at Q2 =  1.120e+02.

 Impact parameter b =  0.000e+00 gives enhancement factor =  1.000e+00.
 Max pT scale for MPI =  1.058e+01, ISR =  1.058e+01, FSR =  1.058e+01.
 Number of MPI =     1, ISR =     0, FSRproc =     1, FSRreson =     0.

 --------  End PYTHIA Info Listing  ------------------------------------

 --------  PYTHIA Event Listing  (hard process)  -----------------------------------------------------------------------------------
 
    no         id  name            status     mothers   daughters     colours      p_x        p_y        p_z         e          m 
     0         90  (system)           -11     0     0     0     0     0     0      0.000      0.000      3.000     11.000     10.583
     1         11  (e-)               -12     0     0     3     0     0     0      0.000      0.000      7.000      7.000      0.001
     2        -11  (e+)               -12     0     0     4     0     0     0      0.000      0.000     -4.000      4.000      0.001
     3         11  (e-)               -21     1     0     5     6     0     0      0.000      0.000      7.000      7.000      0.000
     4        -11  (e+)               -21     2     0     5     6     0     0      0.000      0.000     -4.000      4.000      0.000
     5          4  c                   23     3     4     0     0   101     0      0.220      3.234      5.558      6.607      1.500
     6         -4  cbar                23     3     4     0     0     0   101     -0.220     -3.234     -2.558      4.393      1.500
                                   Charge sum:  0.000           Momentum sum:      0.000      0.000      3.000     11.000     10.583

 --------  End PYTHIA Event Listing  -----------------------------------------------------------------------------------------------

 --------  PYTHIA Event Listing  (complete event)  ---------------------------------------------------------------------------------
 
    no         id  name            status     mothers   daughters     colours      p_x        p_y        p_z         e          m 
     0         90  (system)           -11     0     0     0     0     0     0      0.000      0.000      3.000     11.000     10.583
     1         11  (e-)               -12     0     0    10     0     0     0      0.000      0.000      7.000      7.000      0.001
     2        -11  (e+)               -12     0     0    11     0     0     0      0.000      0.000     -4.000      4.000      0.001
     3         11  (e-)               -21    10    10     5     6     0     0      0.000      0.000      7.000      7.000      0.000
     4        -11  (e+)               -21    11    11     5     6     0     0      0.000      0.000     -4.000      4.000      0.000
     5          4  (c)                -23     3     4     9     9   101     0      0.220      3.234      5.558      6.607      1.500
     6         -4  (cbar)             -23     3     4     7     8     0   101     -0.220     -3.234     -2.558      4.393      1.500
     7         -4  (cbar)             -51     6     0    13    13     0   102      0.843     -2.038     -2.781      3.853      1.500
     8         21  (g)                -51     6     0    14    14   102   101     -1.020     -0.566      1.280      1.732      0.000
     9          4  (c)                -52     5     5    12    12   101     0      0.177      2.604      4.501      5.415      1.500
    10         11  (e-)               -61     1     0     3     3     0     0      0.000      0.000      7.000      7.000      0.000
    11        -11  (e+)               -61     2     0     4     4     0     0      0.000      0.000     -4.000      4.000      0.000
    12          4  c                   62     9     9     0     0   101     0      0.177      2.604      4.501      5.415      1.500
    13         -4  cbar                62     7     7     0     0     0   102      0.843     -2.038     -2.781      3.853      1.500
    14         21  g                   62     8     8     0     0   102   101     -1.020     -0.566      1.280      1.732      0.000
    15         22  gamma               63     1     0     0     0     0     0      0.000      0.000      0.000      0.000      0.000
    16         22  gamma               63     2     0     0     0     0     0      0.000      0.000     -0.000      0.000      0.000
                                   Charge sum:  0.000           Momentum sum:      0.000     -0.000      3.000     11.000     10.583

 --------  End PYTHIA Event Listing  -----------------------------------------------------------------------------------------------
 PYTHIA Warning in TauDecays::decay: unknown correlated tau production, assuming from unpolarized photon  
 PYTHIA Warning in PhaseSpace2to2tauyz::trialKin: maximum for cross section violated  

 Pythia::next(): 10000 events have been generated 

 Pythia::next(): 20000 events have been generated 

 Pythia::next(): 30000 events have been generated 

 Pythia::next(): 40000 events have been generated 
 PYTHIA Warning in PhaseSpace2to2tauyz::finalKin: failed after mass assignment  

 Pythia::next(): 50000 events have been generated 

 Pythia::next(): 60000 events have been generated 

 Pythia::next(): 70000 events have been generated 

 Pythia::next(): 80000 events have been generated 

 Pythia::next(): 90000 events have been generated 

 *-------  PYTHIA Event and Cross Section Statistics  -------------------------------------------------------------*
 |                                                                                                                 |
 | Subprocess                                    Code |            Number of events       |      sigma +- delta    |
 |                                                    |       Tried   Selected   Accepted |     (estimated) (mb)   |
 |                                                    |                                   |                        |
 |-----------------------------------------------------------------------------------------------------------------|
 |                                                    |                                   |                        |
 | f fbar -> f' fbar' (s-channel gamma*)          223 |     2170259     100001     100000 |   5.996e-06  1.008e-08 |
 |                                                    |                                   |                        |
 | sum                                                |     2170259     100001     100000 |   5.996e-06  1.008e-08 |
 |                                                                                                                 |
 *-------  End PYTHIA Event and Cross Section Statistics ----------------------------------------------------------*

 *-------  PYTHIA Error and Warning Messages Statistics  ----------------------------------------------------------* 
 |                                                                                                                 | 
 |  times   message                                                                                                | 
 |                                                                                                                 | 
 |      1   Warning in PhaseSpace2to2tauyz::finalKin: failed after mass assignment                                 | 
 |   2615   Warning in PhaseSpace2to2tauyz::trialKin: maximum for cross section violated                           | 
 |  14852   Warning in TauDecays::decay: unknown correlated tau production, assuming from unpolarized photon       | 
 |                                                                                                                 | 
 *-------  End PYTHIA Error and Warning Messages Statistics  ------------------------------------------------------* 
Gammatau2xmu: 2.293e-15

Gammatau2xe: 2.345e-15

BRtau2xmu: 1.010e-03

BRtau2xe: 1.033e-03

BRtau2xmu + BRtau2xe: 2.043e-03

produced tau excluding those daughters are also tau lepton: 2.970e+04
produced X: 2.970e+04
produced X/NMC: 2.970e-01

Proportion of X flying forward (eta>0): 6.209e-01
Proportion of X flying backward (eta<0): 3.791e-01

Total Gamma [GeV]: 7.433e-18
ctau [m]: 2.655e+01

Gammax2tautau: 0.000e+00

Gammax2mumu: 7.396e-18

Gammax2ee: 3.660e-20

Gammax2gmgm: 0.000e+00

BRx2tautau: 0.000e+00

BRx2mumu: 9.951e-01

BRx2ee: 4.924e-03

BRx2gmgm: 0.000e+00

X: insideFidVol: 2.980e+02
observedX: 3.000e+02
visibleX: 2.640e+00

X Observed Fiducial efficiency: 1.010e-02
X Visible Fiducial efficiency: 8.887e-05

reallyProduced tau: 9.200e+10
total number of tau-tau events: 4.600e+10

reallyProducedX: 6.617e+07
reallyobservedX: 6.683e+05
reallyvisibleX: 5.881e+03

