mX:  1
g_AB_Lamb:  8e-08
g_CC_Lamb:  3e-09
NMC 100000

 *-------  PYTHIA Process Initialization  --------------------------*
 |                                                                  |
 | We collide e- with e+ at a CM energy of 1.058e+01 GeV            |
 |                                                                  |
 |------------------------------------------------------------------|
 |                                                    |             |
 | Subprocess                                    Code |   Estimated |
 |                                                    |    max (mb) |
 |                                                    |             |
 |------------------------------------------------------------------|
 |                                                    |             |
 | f fbar -> f' fbar' (s-channel gamma*)          223 |   1.496e-04 |
 |                                                                  |
 *-------  End PYTHIA Process Initialization -----------------------*

 *-------  PYTHIA Flag + Mode + Parm + Word + FVec + MVec + PVec + WVec Settings (changes only)  ------------------* 
 |                                                                                                                 | 
 | Name                                          |                      Now |      Default         Min         Max | 
 |                                               |                          |                                      | 
 | Beams:eA                                      |                  7.00000 |     7000.000         0.0             | 
 | Beams:eB                                      |                  4.00000 |     7000.000         0.0             | 
 | Beams:frameType                               |                        2 |            1           1           5 | 
 | Beams:idA                                     |                       11 |         2212                         | 
 | Beams:idB                                     |                      -11 |         2212                         | 
 | HadronLevel:Hadronize                         |                      off |           on                         | 
 | Next:numberCount                              |                    10000 |         1000           0             | 
 | PartonLevel:MPI                               |                      off |           on                         | 
 | Random:seed                                   |                        0 |           -1               900000000 | 
 | Random:setSeed                                |                       on |          off                         | 
 | WeakSingleBoson:ffbar2ffbar(s:gm)             |                       on |          off                         | 
 |                                                                                                                 | 
 *-------  End PYTHIA Flag + Mode + Parm + Word + FVec + MVec + PVec + WVec Settings  -----------------------------* 

 --------  PYTHIA Particle Data Table (changed only)  ------------------------------------------------------------------------------
 
      id   name            antiName         spn chg col      m0        mWidth      mMin       mMax       tau0    res dec ext vis wid
             no onMode   bRatio   meMode     products 

      15  tau-             tau+               2  -3   0    1.77682    0.00000    0.00000    0.00000  8.71100e-02   0   1   0   1   0
              0     1   0.0002877  103       36       13 
              1     1   0.0002942  103       36       11 

      36  x                                   1   0   0    1.00000    0.00000    0.00000    0.00000  6.63691e+05   0   1   0   0   0
              0     1   0.0000000  103       15      -15 
              1     1   0.9950760  103       13      -13 
              2     1   0.0049237  103       11      -11 
              3     1   0.0000000  103       22       22 

 --------  End PYTHIA Particle Data Table  -----------------------------------------------------------------------------------------


 --------  PYTHIA Info Listing  ---------------------------------------- 
 
 Beam A: id =     11, pz =  5.292e+00, e =  5.292e+00, m =  5.110e-04.
 Beam B: id =    -11, pz = -5.292e+00, e =  5.292e+00, m =  5.110e-04.

 In 1: id =   11, x =  9.973e-01, pdf =  1.299e+01 at Q2 =  1.117e+02.
 In 2: id =  -11, x =  1.000e+00, pdf =  3.534e+08 at same Q2.

 Subprocess f fbar -> f' fbar' (s-channel gamma*) with code 223 is 2 -> 2.
 It has sHat =  1.117e+02,    tHat = -9.126e+00,    uHat = -1.026e+02,
       pTHat =  2.889e+00,   m3Hat =  3.300e-01,   m4Hat =  3.300e-01,
    thetaHat =  5.798e-01,  phiHat =  1.203e+00.
     alphaEM =  7.631e-03,  alphaS =  1.975e-01    at Q2 =  1.117e+02.

 Impact parameter b =  0.000e+00 gives enhancement factor =  1.000e+00.
 Max pT scale for MPI =  1.058e+01, ISR =  1.057e+01, FSR =  1.057e+01.
 Number of MPI =     1, ISR =     1, FSRproc =     4, FSRreson =     0.

 --------  End PYTHIA Info Listing  ------------------------------------

 --------  PYTHIA Event Listing  (hard process)  -----------------------------------------------------------------------------------
 
    no         id  name            status     mothers   daughters     colours      p_x        p_y        p_z         e          m 
     0         90  (system)           -11     0     0     0     0     0     0      0.000      0.000      3.000     11.000     10.583
     1         11  (e-)               -12     0     0     3     0     0     0      0.000      0.000      7.000      7.000      0.001
     2        -11  (e+)               -12     0     0     4     0     0     0      0.000      0.000     -4.000      4.000      0.001
     3         11  (e-)               -21     1     0     5     6     0     0      0.000      0.000      6.981      6.981      0.000
     4        -11  (e+)               -21     2     0     5     6     0     0      0.000      0.000     -4.000      4.000      0.000
     5          1  d                   23     3     4     0     0   101     0      1.040      2.696      6.075      6.735      0.330
     6         -1  dbar                23     3     4     0     0     0   101     -1.040     -2.696     -3.094      4.246      0.330
                                   Charge sum:  0.000           Momentum sum:      0.000      0.000      2.981     10.981     10.569

 --------  End PYTHIA Event Listing  -----------------------------------------------------------------------------------------------

 --------  PYTHIA Event Listing  (complete event)  ---------------------------------------------------------------------------------
 
    no         id  name            status     mothers   daughters     colours      p_x        p_y        p_z         e          m 
     0         90  (system)           -11     0     0     0     0     0     0      0.000      0.000      3.000     11.000     10.583
     1         11  (e-)               -12     0     0    28     0     0     0      0.000      0.000      7.000      7.000      0.001
     2        -11  (e+)               -12     0     0    29     0     0     0      0.000      0.000     -4.000      4.000      0.001
     3         11  (e-)               -21    19     0     5     6     0     0      0.000      0.000      6.981      6.981      0.000
     4        -11  (e+)               -21    20    20     5     6     0     0      0.000      0.000     -4.000      4.000      0.000
     5          1  (d)                -23     3     4     9     9   101     0      1.040      2.696      6.075      6.735      0.330
     6         -1  (dbar)             -23     3     4     7     8     0   101     -1.040     -2.696     -3.094      4.246      0.330
     7         -1  (dbar)             -51     6     0    15    15     0   102      1.169      0.037     -2.270      2.575      0.330
     8         21  (g)                -51     6     0    12    12   102   101     -2.003     -2.200      0.376      2.999      0.000
     9          1  (d)                -52     5     5    10    11   101     0      0.834      2.163      4.875      5.408      0.330
    10          1  (d)                -51     9     0    16    17   103     0      0.242      1.718      5.076      5.374      0.330
    11         21  (g)                -51     9     0    18    18   101   103      0.341      0.169     -0.153      0.410      0.000
    12         21  (g)                -52     8     8    13    14   102   101     -1.752     -1.924      0.329      2.622      0.000
    13         21  (g)                -51    12     0    23    23   104   101     -1.793     -1.978     -0.359      2.693      0.000
    14         21  (g)                -51    12     0    25    25   102   104      0.254      0.065      0.281      0.385      0.000
    15         -1  (dbar)             -52     7     7    22    22     0   102      0.955      0.026     -1.863      2.119      0.330
    16          1  (d)                -51    10     0    21    21   105     0     -0.523      0.394      1.758      1.905      0.330
    17         21  (g)                -51    10     0    26    26   103   105      0.919      1.400      3.248      3.655      0.000
    18         21  (g)                -52    11    11    24    24   101   103      0.187      0.093     -0.084      0.225      0.000
    19         11  (e-)               -41    28    28    27     3     0     0     -0.000      0.000      7.000      7.000      0.000
    20        -11  (e+)               -42    29    29     4     4     0     0      0.000      0.000     -4.000      4.000      0.000
    21          1  (d)                -44    16    16    30    30   105     0     -0.524      0.396      1.758      1.906      0.330
    22         -1  (dbar)             -44    15    15    31    31     0   102      0.955      0.026     -1.862      2.119      0.330
    23         21  (g)                -44    13    13    32    32   104   101     -1.793     -1.976     -0.358      2.692      0.000
    24         21  (g)                -44    18    18    33    33   101   103      0.187      0.093     -0.084      0.225      0.000
    25         21  (g)                -44    14    14    34    34   102   104      0.254      0.065      0.281      0.385      0.000
    26         21  (g)                -44    17    17    35    35   103   105      0.918      1.404      3.249      3.656      0.000
    27         22  (gamma)            -43    19     0    36    36     0     0      0.002     -0.008      0.016      0.018      0.000
    28         11  (e-)               -61     1     0    19    19     0     0      0.000     -0.000      7.000      7.000      0.000
    29        -11  (e+)               -61     2     0    20    20     0     0      0.000      0.000     -4.000      4.000      0.000
    30          1  d                   62    21    21     0     0   105     0     -0.524      0.396      1.758      1.906      0.330
    31         -1  dbar                62    22    22     0     0     0   102      0.955      0.026     -1.862      2.119      0.330
    32         21  g                   62    23    23     0     0   104   101     -1.793     -1.976     -0.358      2.692      0.000
    33         21  g                   62    24    24     0     0   101   103      0.187      0.093     -0.084      0.225      0.000
    34         21  g                   62    25    25     0     0   102   104      0.254      0.065      0.281      0.385      0.000
    35         21  g                   62    26    26     0     0   103   105      0.918      1.404      3.249      3.656      0.000
    36         22  gamma               62    27    27     0     0     0     0      0.002     -0.008      0.016      0.018      0.000
    37         22  gamma               63     1     0     0     0     0     0      0.000      0.000      0.000      0.000      0.000
    38         22  gamma               63     2     0     0     0     0     0      0.000      0.000     -0.000      0.000      0.000
                                   Charge sum:  0.000           Momentum sum:     -0.000     -0.000      3.000     11.000     10.583

 --------  End PYTHIA Event Listing  -----------------------------------------------------------------------------------------------
 PYTHIA Warning in PhaseSpace2to2tauyz::trialKin: maximum for cross section violated  
 PYTHIA Warning in TauDecays::decay: unknown correlated tau production, assuming from unpolarized photon  

 Pythia::next(): 10000 events have been generated 

 Pythia::next(): 20000 events have been generated 

 Pythia::next(): 30000 events have been generated 

 Pythia::next(): 40000 events have been generated 

 Pythia::next(): 50000 events have been generated 

 Pythia::next(): 60000 events have been generated 

 Pythia::next(): 70000 events have been generated 

 Pythia::next(): 80000 events have been generated 

 Pythia::next(): 90000 events have been generated 

 *-------  PYTHIA Event and Cross Section Statistics  -------------------------------------------------------------*
 |                                                                                                                 |
 | Subprocess                                    Code |            Number of events       |      sigma +- delta    |
 |                                                    |       Tried   Selected   Accepted |     (estimated) (mb)   |
 |                                                    |                                   |                        |
 |-----------------------------------------------------------------------------------------------------------------|
 |                                                    |                                   |                        |
 | f fbar -> f' fbar' (s-channel gamma*)          223 |     2500332     100000     100000 |   6.001e-06  9.411e-09 |
 |                                                    |                                   |                        |
 | sum                                                |     2500332     100000     100000 |   6.001e-06  9.411e-09 |
 |                                                                                                                 |
 *-------  End PYTHIA Event and Cross Section Statistics ----------------------------------------------------------*

 *-------  PYTHIA Error and Warning Messages Statistics  ----------------------------------------------------------* 
 |                                                                                                                 | 
 |  times   message                                                                                                | 
 |                                                                                                                 | 
 |    203   Warning in PhaseSpace2to2tauyz::trialKin: maximum for cross section violated                           | 
 |  14591   Warning in TauDecays::decay: unknown correlated tau production, assuming from unpolarized photon       | 
 |                                                                                                                 | 
 *-------  End PYTHIA Error and Warning Messages Statistics  ------------------------------------------------------* 
Gammatau2xmu: 6.524e-16

Gammatau2xe: 6.669e-16

BRtau2xmu: 2.877e-04

BRtau2xe: 2.942e-04

BRtau2xmu + BRtau2xe: 5.819e-04

produced tau excluding those daughters are also tau lepton: 2.918e+04
produced X: 2.918e+04
produced X/NMC: 2.918e-01

Proportion of X flying forward (eta>0): 6.220e-01
Proportion of X flying backward (eta<0): 3.780e-01

Total Gamma [GeV]: 2.973e-19
ctau [m]: 6.637e+02

Gammax2tautau: 0.000e+00

Gammax2mumu: 2.959e-19

Gammax2ee: 1.464e-21

Gammax2gmgm: 0.000e+00

BRx2tautau: 0.000e+00

BRx2mumu: 9.951e-01

BRx2ee: 4.924e-03

BRx2gmgm: 0.000e+00

X: insideFidVol: 9.000e+00
observedX: 1.184e+01
visibleX: 5.306e-03

X Observed Fiducial efficiency: 4.058e-04
X Visible Fiducial efficiency: 1.818e-07

reallyProduced tau: 9.200e+10
total number of tau-tau events: 4.600e+10

reallyProducedX: 1.885e+07
reallyobservedX: 7.649e+03
reallyvisibleX: 3.428e+00

