mX:  1
g_AB_Lamb:  1.5e-09
g_CC_Lamb:  3e-09
NMC 10000

 *-------  PYTHIA Process Initialization  --------------------------*
 |                                                                  |
 | We collide e- with e+ at a CM energy of 1.058e+01 GeV            |
 |                                                                  |
 |------------------------------------------------------------------|
 |                                                    |             |
 | Subprocess                                    Code |   Estimated |
 |                                                    |    max (mb) |
 |                                                    |             |
 |------------------------------------------------------------------|
 |                                                    |             |
 | f fbar -> f' fbar' (s-channel gamma*)          223 |   1.404e-04 |
 |                                                                  |
 *-------  End PYTHIA Process Initialization -----------------------*

 *-------  PYTHIA Flag + Mode + Parm + Word + FVec + MVec + PVec + WVec Settings (changes only)  ------------------* 
 |                                                                                                                 | 
 | Name                                          |                      Now |      Default         Min         Max | 
 |                                               |                          |                                      | 
 | Beams:eA                                      |                  7.00000 |     7000.000         0.0             | 
 | Beams:eB                                      |                  4.00000 |     7000.000         0.0             | 
 | Beams:frameType                               |                        2 |            1           1           5 | 
 | Beams:idA                                     |                       11 |         2212                         | 
 | Beams:idB                                     |                      -11 |         2212                         | 
 | HadronLevel:Hadronize                         |                      off |           on                         | 
 | Next:numberCount                              |                    10000 |         1000           0             | 
 | PartonLevel:MPI                               |                      off |           on                         | 
 | Random:seed                                   |                        0 |           -1               900000000 | 
 | Random:setSeed                                |                       on |          off                         | 
 | WeakSingleBoson:ffbar2ffbar(s:gm)             |                       on |          off                         | 
 |                                                                                                                 | 
 *-------  End PYTHIA Flag + Mode + Parm + Word + FVec + MVec + PVec + WVec Settings  -----------------------------* 

 --------  PYTHIA Particle Data Table (changed only)  ------------------------------------------------------------------------------
 
      id   name            antiName         spn chg col      m0        mWidth      mMin       mMax       tau0    res dec ext vis wid
             no onMode   bRatio   meMode     products 

      15  tau-             tau+               2  -3   0    1.77682    0.00000    0.00000    0.00000  8.71100e-02   0   1   0   1   0
              0     1   0.0000001  103       36       13 
              1     1   0.0000001  103       36       11 

      36  x                                   1   0   0    1.00000    0.00000    0.00000    0.00000  6.63691e+05   0   1   0   0   0
              0     1   0.0000000  103       15      -15 
              1     1   0.9950760  103       13      -13 
              2     1   0.0049237  103       11      -11 
              3     1   0.0000000  103       22       22 

 --------  End PYTHIA Particle Data Table  -----------------------------------------------------------------------------------------

 PYTHIA Warning in TauDecays::decay: unknown correlated tau production, assuming from unpolarized photon  

 --------  PYTHIA Info Listing  ---------------------------------------- 
 
 Beam A: id =     11, pz =  5.292e+00, e =  5.292e+00, m =  5.110e-04.
 Beam B: id =    -11, pz = -5.292e+00, e =  5.292e+00, m =  5.110e-04.

 In 1: id =   11, x =  9.991e-01, pdf =  3.883e+01 at Q2 =  1.117e+02.
 In 2: id =  -11, x =  9.979e-01, pdf =  1.672e+01 at same Q2.

 Subprocess f fbar -> f' fbar' (s-channel gamma*) with code 223 is 2 -> 2.
 It has sHat =  1.117e+02,    tHat = -2.758e+00,    uHat = -1.089e+02,
       pTHat =  1.545e+00,   m3Hat =  1.777e+00,   m4Hat =  1.777e+00,
    thetaHat =  3.156e-01,  phiHat =  8.048e-01.
     alphaEM =  7.631e-03,  alphaS =  1.975e-01    at Q2 =  1.117e+02.

 Impact parameter b =  0.000e+00 gives enhancement factor =  1.000e+00.
 Max pT scale for MPI =  1.058e+01, ISR =  1.058e+01, FSR =  1.058e+01.
 Number of MPI =     1, ISR =     2, FSRproc =     0, FSRreson =     0.

 --------  End PYTHIA Info Listing  ------------------------------------

 --------  PYTHIA Event Listing  (hard process)  -----------------------------------------------------------------------------------
 
    no         id  name            status     mothers   daughters     colours      p_x        p_y        p_z         e          m 
     0         90  (system)           -11     0     0     0     0     0     0      0.000      0.000      3.000     11.000     10.583
     1         11  (e-)               -12     0     0     3     0     0     0      0.000      0.000      7.000      7.000      0.001
     2        -11  (e+)               -12     0     0     4     0     0     0      0.000      0.000     -4.000      4.000      0.001
     3         11  (e-)               -21     1     0     5     6     0     0      0.000      0.000      6.994      6.994      0.000
     4        -11  (e+)               -21     2     0     5     6     0     0      0.000      0.000     -3.992      3.992      0.000
     5         15  tau-                23     3     4     0     0     0     0      1.071      1.113      6.419      6.837      1.777
     6        -15  tau+                23     3     4     0     0     0     0     -1.071     -1.113     -3.416      4.149      1.777
                                   Charge sum:  0.000           Momentum sum:      0.000      0.000      3.002     10.986     10.568

 --------  End PYTHIA Event Listing  -----------------------------------------------------------------------------------------------

 --------  PYTHIA Event Listing  (complete event)  ---------------------------------------------------------------------------------
 
    no         id  name            status     mothers   daughters     colours      p_x        p_y        p_z         e          m 
     0         90  (system)           -11     0     0     0     0     0     0      0.000      0.000      3.000     11.000     10.583
     1         11  (e-)               -12     0     0    18     0     0     0      0.000      0.000      7.000      7.000      0.001
     2        -11  (e+)               -12     0     0    19     0     0     0      0.000      0.000     -4.000      4.000      0.001
     3         11  (e-)               -21     7     0     5     6     0     0      0.000      0.000      6.994      6.994      0.000
     4        -11  (e+)               -21     8     8     5     6     0     0      0.000      0.000     -3.992      3.992      0.000
     5         15  (tau-)             -23     3     4     9     9     0     0      1.071      1.113      6.419      6.837      1.777
     6        -15  (tau+)             -23     3     4    10    10     0     0     -1.071     -1.113     -3.416      4.149      1.777
     7         11  (e-)               -41    12    12    11     3     0     0     -0.000      0.000      7.000      7.000      0.000
     8        -11  (e+)               -42    13     0     4     4     0     0      0.000     -0.000     -3.992      3.992      0.000
     9         15  (tau-)             -44     5     5    14    14     0     0      1.067      1.114      6.423      6.840      1.777
    10        -15  (tau+)             -44     6     6    15    15     0     0     -1.071     -1.113     -3.414      4.147      1.777
    11         22  (gamma)            -43     7     0    16    16     0     0      0.004     -0.001     -0.001      0.004      0.000
    12         11  (e-)               -42    18    18     7     7     0     0      0.000     -0.000      7.000      7.000      0.000
    13        -11  (e+)               -41    19    19    17     8     0     0     -0.000      0.000     -4.000      4.000      0.000
    14         15  (tau-)             -44     9     9    20    20     0     0      1.067      1.114      6.423      6.840      1.777
    15        -15  (tau+)             -44    10    10    21    21     0     0     -1.069     -1.116     -3.414      4.147      1.777
    16         22  (gamma)            -44    11    11    22    22     0     0      0.004     -0.001     -0.001      0.004      0.000
    17         22  (gamma)            -43    13     0    23    23     0     0     -0.002      0.003     -0.008      0.008      0.000
    18         11  (e-)               -61     1     0    12    12     0     0      0.000      0.000      7.000      7.000      0.000
    19        -11  (e+)               -61     2     0    13    13     0     0      0.000      0.000     -4.000      4.000      0.000
    20         15  (tau-)             -62    14    14    26    27     0     0      1.067      1.114      6.423      6.840      1.777
    21        -15  (tau+)             -62    15    15    28    29     0     0     -1.069     -1.116     -3.414      4.147      1.777
    22         22  gamma               62    16    16     0     0     0     0      0.004     -0.001     -0.001      0.004      0.000
    23         22  gamma               62    17    17     0     0     0     0     -0.002      0.003     -0.008      0.008      0.000
    24         22  gamma               63     1     0     0     0     0     0      0.000      0.000      0.000      0.000      0.000
    25         22  gamma               63     2     0     0     0     0     0      0.000      0.000     -0.000      0.000      0.000
    26         36  (x)                -91    20     0    30    31     0     0      0.737      1.045      6.229      6.437      1.000
    27         13  mu-                 91    20     0     0     0     0     0      0.330      0.069      0.194      0.403      0.106
    28         36  (x)                -91    21     0    32    33     0     0     -0.155     -0.996     -2.208      2.626      1.000
    29        -13  mu+                 91    21     0     0     0     0     0     -0.915     -0.119     -1.206      1.522      0.106
    30         13  mu-                 91    26     0     0     0     0     0      0.760      0.474      4.959      5.041      0.106
    31        -13  mu+                 91    26     0     0     0     0     0     -0.024      0.571      1.270      1.396      0.106
    32         13  mu-                 91    28     0     0     0     0     0     -0.076     -1.114     -1.378      1.776      0.106
    33        -13  mu+                 91    28     0     0     0     0     0     -0.078      0.117     -0.831      0.849      0.106
                                   Charge sum:  0.000           Momentum sum:      0.000     -0.000      3.000     11.000     10.583

 --------  End PYTHIA Event Listing  -----------------------------------------------------------------------------------------------
 PYTHIA Warning in PhaseSpace2to2tauyz::trialKin: maximum for cross section violated  

 *-------  PYTHIA Event and Cross Section Statistics  -------------------------------------------------------------*
 |                                                                                                                 |
 | Subprocess                                    Code |            Number of events       |      sigma +- delta    |
 |                                                    |       Tried   Selected   Accepted |     (estimated) (mb)   |
 |                                                    |                                   |                        |
 |-----------------------------------------------------------------------------------------------------------------|
 |                                                    |                                   |                        |
 | f fbar -> f' fbar' (s-channel gamma*)          223 |      233821      10000      10000 |   5.986e-06  3.050e-08 |
 |                                                    |                                   |                        |
 | sum                                                |      233821      10000      10000 |   5.986e-06  3.050e-08 |
 |                                                                                                                 |
 *-------  End PYTHIA Event and Cross Section Statistics ----------------------------------------------------------*

 *-------  PYTHIA Error and Warning Messages Statistics  ----------------------------------------------------------* 
 |                                                                                                                 | 
 |  times   message                                                                                                | 
 |                                                                                                                 | 
 |    104   Warning in PhaseSpace2to2tauyz::trialKin: maximum for cross section violated                           | 
 |   1428   Warning in TauDecays::decay: unknown correlated tau production, assuming from unpolarized photon       | 
 |                                                                                                                 | 
 *-------  End PYTHIA Error and Warning Messages Statistics  ------------------------------------------------------* 
Gammatau2xmu: 2.293e-19

Gammatau2xe: 2.345e-19

BRtau2xmu: 1.012e-07

BRtau2xe: 1.035e-07

BRtau2xmu + BRtau2xe: 2.047e-07

produced tau excluding those daughters are also tau lepton: 2.856e+03
produced X: 2.856e+03
produced X/NMC: 2.856e-01

Proportion of X flying forward (eta>0): 6.222e-01
Proportion of X flying backward (eta<0): 3.778e-01

Total Gamma [GeV]: 2.973e-19
ctau [m]: 6.637e+02

Gammax2tautau: 0.000e+00

Gammax2mumu: 2.959e-19

Gammax2ee: 1.464e-21

Gammax2gmgm: 0.000e+00

BRx2tautau: 0.000e+00

BRx2mumu: 9.951e-01

BRx2ee: 4.924e-03

BRx2gmgm: 0.000e+00

X: insideFidVol: 0.000e+00
observedX: 1.143e+00
visibleX: 1.143e-01

X Observed Fiducial efficiency: 4.000e-04
X Visible Fiducial efficiency: 4.000e-05

reallyProduced tau: 9.200e+10
total number of tau-tau events: 4.600e+10

reallyProducedX: 6.631e+03
reallyobservedX: 2.653e+00
reallyvisibleX: 2.653e-01

