mX:  1
g_AB_Lamb:  1.5e-10
g_CC_Lamb:  4e-06
NMC 100000

 *-------  PYTHIA Process Initialization  --------------------------*
 |                                                                  |
 | We collide e- with e+ at a CM energy of 1.058e+01 GeV            |
 |                                                                  |
 |------------------------------------------------------------------|
 |                                                    |             |
 | Subprocess                                    Code |   Estimated |
 |                                                    |    max (mb) |
 |                                                    |             |
 |------------------------------------------------------------------|
 |                                                    |             |
 | f fbar -> f' fbar' (s-channel gamma*)          223 |   1.384e-04 |
 |                                                                  |
 *-------  End PYTHIA Process Initialization -----------------------*

 *-------  PYTHIA Flag + Mode + Parm + Word + FVec + MVec + PVec + WVec Settings (changes only)  ------------------* 
 |                                                                                                                 | 
 | Name                                          |                      Now |      Default         Min         Max | 
 |                                               |                          |                                      | 
 | Beams:eA                                      |                  7.00000 |     7000.000         0.0             | 
 | Beams:eB                                      |                  4.00000 |     7000.000         0.0             | 
 | Beams:frameType                               |                        2 |            1           1           5 | 
 | Beams:idA                                     |                       11 |         2212                         | 
 | Beams:idB                                     |                      -11 |         2212                         | 
 | HadronLevel:Hadronize                         |                      off |           on                         | 
 | Next:numberCount                              |                    10000 |         1000           0             | 
 | PartonLevel:MPI                               |                      off |           on                         | 
 | Random:seed                                   |                        0 |           -1               900000000 | 
 | Random:setSeed                                |                       on |          off                         | 
 | WeakSingleBoson:ffbar2ffbar(s:gm)             |                       on |          off                         | 
 |                                                                                                                 | 
 *-------  End PYTHIA Flag + Mode + Parm + Word + FVec + MVec + PVec + WVec Settings  -----------------------------* 

 --------  PYTHIA Particle Data Table (changed only)  ------------------------------------------------------------------------------
 
      id   name            antiName         spn chg col      m0        mWidth      mMin       mMax       tau0    res dec ext vis wid
             no onMode   bRatio   meMode     products 

      15  tau-             tau+               2  -3   0    1.77682    0.00000    0.00000    0.00000  8.71100e-02   0   1   0   1   0
              0     1   0.0000000  103       36       13 
              1     1   0.0000000  103       36       11 

      36  x                                   1   0   0    1.00000    0.00000    0.00000    0.00000  3.73326e-01   0   1   0   0   0
              0     1   0.0000000  103       15      -15 
              1     1   0.9950760  103       13      -13 
              2     1   0.0049237  103       11      -11 
              3     1   0.0000000  103       22       22 

 --------  End PYTHIA Particle Data Table  -----------------------------------------------------------------------------------------


 --------  PYTHIA Info Listing  ---------------------------------------- 
 
 Beam A: id =     11, pz =  5.292e+00, e =  5.292e+00, m =  5.110e-04.
 Beam B: id =    -11, pz = -5.292e+00, e =  5.292e+00, m =  5.110e-04.

 In 1: id =   11, x =  9.748e-01, pdf =  1.355e+00 at Q2 =  2.576e+01.
 In 2: id =  -11, x =  2.360e-01, pdf =  6.765e-03 at same Q2.

 Subprocess f fbar -> f' fbar' (s-channel gamma*) with code 223 is 2 -> 2.
 It has sHat =  2.576e+01,    tHat = -2.056e+01,    uHat = -5.204e+00,
       pTHat =  2.021e+00,   m3Hat =  3.300e-01,   m4Hat =  3.300e-01,
    thetaHat =  2.209e+00,  phiHat =  4.022e+00.
     alphaEM =  7.571e-03,  alphaS =  2.399e-01    at Q2 =  2.576e+01.

 Impact parameter b =  0.000e+00 gives enhancement factor =  1.000e+00.
 Max pT scale for MPI =  1.058e+01, ISR =  5.076e+00, FSR =  5.076e+00.
 Number of MPI =     1, ISR =     2, FSRproc =     1, FSRreson =     0.

 --------  End PYTHIA Info Listing  ------------------------------------

 --------  PYTHIA Event Listing  (hard process)  -----------------------------------------------------------------------------------
 
    no         id  name            status     mothers   daughters     colours      p_x        p_y        p_z         e          m 
     0         90  (system)           -11     0     0     0     0     0     0      0.000      0.000      3.000     11.000     10.583
     1         11  (e-)               -12     0     0     3     0     0     0      0.000      0.000      7.000      7.000      0.001
     2        -11  (e+)               -12     0     0     4     0     0     0      0.000      0.000     -4.000      4.000      0.001
     3         11  (e-)               -21     1     0     5     6     0     0      0.000      0.000      6.823      6.823      0.000
     4        -11  (e+)               -21     2     0     5     6     0     0      0.000      0.000     -0.944      0.944      0.000
     5          1  d                   23     3     4     0     0   101     0     -1.286     -1.558      0.645      2.146      0.330
     6         -1  dbar                23     3     4     0     0     0   101      1.286      1.558      5.235      5.621      0.330
                                   Charge sum:  0.000           Momentum sum:      0.000      0.000      5.879      7.767      5.076

 --------  End PYTHIA Event Listing  -----------------------------------------------------------------------------------------------

 --------  PYTHIA Event Listing  (complete event)  ---------------------------------------------------------------------------------
 
    no         id  name            status     mothers   daughters     colours      p_x        p_y        p_z         e          m 
     0         90  (system)           -11     0     0     0     0     0     0      0.000      0.000      3.000     11.000     10.583
     1         11  (e-)               -12     0     0    23     0     0     0      0.000      0.000      7.000      7.000      0.001
     2        -11  (e+)               -12     0     0    24     0     0     0      0.000      0.000     -4.000      4.000      0.001
     3         11  (e-)               -21    10    10     5     6     0     0      0.000      0.000      6.823      6.823      0.000
     4        -11  (e+)               -21    11     0     5     6     0     0      0.000      0.000     -0.944      0.944      0.000
     5          1  (d)                -23     3     4     7     8   101     0     -1.286     -1.558      0.645      2.146      0.330
     6         -1  (dbar)             -23     3     4     9     9     0   101      1.286      1.558      5.235      5.621      0.330
     7          1  (d)                -51     5     0    12    12   103     0     -1.296     -1.444      0.507      2.033      0.330
     8         21  (g)                -51     5     0    14    14   101   103      0.169      0.080      0.781      0.803      0.000
     9         -1  (dbar)             -52     6     6    13    13     0   101      1.127      1.365      4.591      4.932      0.330
    10         11  (e-)               -42    16     0     3     3     0     0     -0.000     -0.000      6.823      6.823      0.000
    11        -11  (e+)               -41    17    17    15     4     0     0      0.000      0.000     -4.000      4.000      0.000
    12          1  (d)                -44     7     7    18    18   103     0     -1.231     -1.371      0.385      1.911      0.330
    13         -1  (dbar)             -44     9     9    19    19     0   101      1.141      1.381      4.702      5.042      0.330
    14         21  (g)                -44     8     8    20    20   101   103      0.170      0.081      0.791      0.813      0.000
    15         22  (gamma)            -43    11     0    21    21     0     0     -0.080     -0.090     -3.054      3.057      0.000
    16         11  (e-)               -41    23    23    22    10     0     0      0.000      0.000      7.000      7.000      0.000
    17        -11  (e+)               -42    24    24    11    11     0     0      0.000      0.000     -4.000      4.000      0.000
    18          1  (d)                -44    12    12    25    25   103     0     -1.231     -1.371      0.385      1.911      0.330
    19         -1  (dbar)             -44    13    13    26    26     0   101      1.143      1.381      4.701      5.042      0.330
    20         21  (g)                -44    14    14    27    27   101   103      0.171      0.081      0.791      0.813      0.000
    21         22  (gamma)            -44    15    15    28    28     0     0     -0.080     -0.090     -3.054      3.057      0.000
    22         22  (gamma)            -43    16     0    29    29     0     0     -0.002     -0.000      0.177      0.177      0.000
    23         11  (e-)               -61     1     0    16    16     0     0     -0.000     -0.000      7.000      7.000      0.000
    24        -11  (e+)               -61     2     0    17    17     0     0     -0.000     -0.000     -4.000      4.000      0.000
    25          1  d                   62    18    18     0     0   103     0     -1.231     -1.371      0.385      1.911      0.330
    26         -1  dbar                62    19    19     0     0     0   101      1.143      1.381      4.701      5.042      0.330
    27         21  g                   62    20    20     0     0   101   103      0.171      0.081      0.791      0.813      0.000
    28         22  gamma               62    21    21     0     0     0     0     -0.080     -0.090     -3.054      3.057      0.000
    29         22  gamma               62    22    22     0     0     0     0     -0.002     -0.000      0.177      0.177      0.000
    30         22  gamma               63     1     0     0     0     0     0      0.000      0.000      0.000      0.000      0.000
    31         22  gamma               63     2     0     0     0     0     0      0.000      0.000     -0.000      0.000      0.000
                                   Charge sum:  0.000           Momentum sum:     -0.000     -0.000      3.000     11.000     10.583

 --------  End PYTHIA Event Listing  -----------------------------------------------------------------------------------------------
 PYTHIA Warning in TauDecays::decay: unknown correlated tau production, assuming from unpolarized photon  
 PYTHIA Warning in PhaseSpace2to2tauyz::trialKin: maximum for cross section violated  

 Pythia::next(): 10000 events have been generated 

 Pythia::next(): 20000 events have been generated 

 Pythia::next(): 30000 events have been generated 

 Pythia::next(): 40000 events have been generated 

 Pythia::next(): 50000 events have been generated 

 Pythia::next(): 60000 events have been generated 

 Pythia::next(): 70000 events have been generated 

 Pythia::next(): 80000 events have been generated 

 Pythia::next(): 90000 events have been generated 

 *-------  PYTHIA Event and Cross Section Statistics  -------------------------------------------------------------*
 |                                                                                                                 |
 | Subprocess                                    Code |            Number of events       |      sigma +- delta    |
 |                                                    |       Tried   Selected   Accepted |     (estimated) (mb)   |
 |                                                    |                                   |                        |
 |-----------------------------------------------------------------------------------------------------------------|
 |                                                    |                                   |                        |
 | f fbar -> f' fbar' (s-channel gamma*)          223 |     2305434     100000     100000 |   5.997e-06  9.781e-09 |
 |                                                    |                                   |                        |
 | sum                                                |     2305434     100000     100000 |   5.997e-06  9.781e-09 |
 |                                                                                                                 |
 *-------  End PYTHIA Event and Cross Section Statistics ----------------------------------------------------------*

 *-------  PYTHIA Error and Warning Messages Statistics  ----------------------------------------------------------* 
 |                                                                                                                 | 
 |  times   message                                                                                                | 
 |                                                                                                                 | 
 |   1246   Warning in PhaseSpace2to2tauyz::trialKin: maximum for cross section violated                           | 
 |  14817   Warning in TauDecays::decay: unknown correlated tau production, assuming from unpolarized photon       | 
 |                                                                                                                 | 
 *-------  End PYTHIA Error and Warning Messages Statistics  ------------------------------------------------------* 
Gammatau2xmu: 2.293e-21

Gammatau2xe: 2.345e-21

BRtau2xmu: 1.012e-09

BRtau2xe: 1.035e-09

BRtau2xmu + BRtau2xe: 2.047e-09

produced tau excluding those daughters are also tau lepton: 2.963e+04
produced X: 2.963e+04
produced X/NMC: 2.963e-01

Proportion of X flying forward (eta>0): 6.222e-01
Proportion of X flying backward (eta<0): 3.778e-01

Total Gamma [GeV]: 5.286e-13
ctau [m]: 3.733e-04

Gammax2tautau: 0.000e+00

Gammax2mumu: 5.260e-13

Gammax2ee: 2.602e-15

Gammax2gmgm: 0.000e+00

BRx2tautau: 0.000e+00

BRx2mumu: 9.951e-01

BRx2ee: 4.924e-03

BRx2gmgm: 0.000e+00

X: insideFidVol: 0.000e+00
observedX: 9.824e-22
visibleX: 0.000e+00

X Observed Fiducial efficiency: 3.315e-26
X Visible Fiducial efficiency: 0.000e+00

reallyProduced tau: 9.200e+10
total number of tau-tau events: 4.600e+10

reallyProducedX: 6.631e+01
reallyobservedX: 2.198e-24
reallyvisibleX: 0.000e+00

