mX:  1
g_AB_Lamb:  1.5e-08
g_CC_Lamb:  1e-10
NMC 100000

 *-------  PYTHIA Process Initialization  --------------------------*
 |                                                                  |
 | We collide e- with e+ at a CM energy of 1.058e+01 GeV            |
 |                                                                  |
 |------------------------------------------------------------------|
 |                                                    |             |
 | Subprocess                                    Code |   Estimated |
 |                                                    |    max (mb) |
 |                                                    |             |
 |------------------------------------------------------------------|
 |                                                    |             |
 | f fbar -> f' fbar' (s-channel gamma*)          223 |   1.507e-04 |
 |                                                                  |
 *-------  End PYTHIA Process Initialization -----------------------*

 *-------  PYTHIA Flag + Mode + Parm + Word + FVec + MVec + PVec + WVec Settings (changes only)  ------------------* 
 |                                                                                                                 | 
 | Name                                          |                      Now |      Default         Min         Max | 
 |                                               |                          |                                      | 
 | Beams:eA                                      |                  7.00000 |     7000.000         0.0             | 
 | Beams:eB                                      |                  4.00000 |     7000.000         0.0             | 
 | Beams:frameType                               |                        2 |            1           1           5 | 
 | Beams:idA                                     |                       11 |         2212                         | 
 | Beams:idB                                     |                      -11 |         2212                         | 
 | HadronLevel:Hadronize                         |                      off |           on                         | 
 | Next:numberCount                              |                    10000 |         1000           0             | 
 | PartonLevel:MPI                               |                      off |           on                         | 
 | Random:seed                                   |                        0 |           -1               900000000 | 
 | Random:setSeed                                |                       on |          off                         | 
 | WeakSingleBoson:ffbar2ffbar(s:gm)             |                       on |          off                         | 
 |                                                                                                                 | 
 *-------  End PYTHIA Flag + Mode + Parm + Word + FVec + MVec + PVec + WVec Settings  -----------------------------* 

 --------  PYTHIA Particle Data Table (changed only)  ------------------------------------------------------------------------------
 
      id   name            antiName         spn chg col      m0        mWidth      mMin       mMax       tau0    res dec ext vis wid
             no onMode   bRatio   meMode     products 

      15  tau-             tau+               2  -3   0    1.77682    0.00000    0.00000    0.00000  8.71100e-02   0   1   0   1   0
              0     1   0.0000101  103       36       13 
              1     1   0.0000103  103       36       11 

      36  x                                   1   0   0    1.00000    0.00000    0.00000    0.00000  5.97322e+08   0   1   0   0   0
              0     1   0.0000000  103       15      -15 
              1     1   0.9950760  103       13      -13 
              2     1   0.0049237  103       11      -11 
              3     1   0.0000000  103       22       22 

 --------  End PYTHIA Particle Data Table  -----------------------------------------------------------------------------------------

 PYTHIA Warning in TauDecays::decay: unknown correlated tau production, assuming from unpolarized photon  

 --------  PYTHIA Info Listing  ---------------------------------------- 
 
 Beam A: id =     11, pz =  5.292e+00, e =  5.292e+00, m =  5.110e-04.
 Beam B: id =    -11, pz = -5.292e+00, e =  5.292e+00, m =  5.110e-04.

 In 1: id =   11, x =  8.178e-01, pdf =  1.566e-01 at Q2 =  9.159e+01.
 In 2: id =  -11, x =  1.000e+00, pdf =  8.988e+03 at same Q2.

 Subprocess f fbar -> f' fbar' (s-channel gamma*) with code 223 is 2 -> 2.
 It has sHat =  9.159e+01,    tHat = -1.681e+01,    uHat = -7.478e+01,
       pTHat =  3.440e+00,   m3Hat =  1.777e+00,   m4Hat =  1.777e+00,
    thetaHat =  8.855e-01,  phiHat =  3.780e+00.
     alphaEM =  7.623e-03,  alphaS =  2.024e-01    at Q2 =  9.159e+01.

 Impact parameter b =  0.000e+00 gives enhancement factor =  1.000e+00.
 Max pT scale for MPI =  1.058e+01, ISR =  1.058e+01, FSR =  1.058e+01.
 Number of MPI =     1, ISR =     1, FSRproc =     0, FSRreson =     0.

 --------  End PYTHIA Info Listing  ------------------------------------

 --------  PYTHIA Event Listing  (hard process)  -----------------------------------------------------------------------------------
 
    no         id  name            status     mothers   daughters     colours      p_x        p_y        p_z         e          m 
     0         90  (system)           -11     0     0     0     0     0     0      0.000      0.000      3.000     11.000     10.583
     1         11  (e-)               -12     0     0     3     0     0     0      0.000      0.000      7.000      7.000      0.001
     2        -11  (e+)               -12     0     0     4     0     0     0      0.000      0.000     -4.000      4.000      0.001
     3         11  (e-)               -21     1     0     5     6     0     0      0.000      0.000      5.725      5.725      0.000
     4        -11  (e+)               -21     2     0     5     6     0     0      0.000      0.000     -4.000      4.000      0.000
     5         15  tau-                23     3     4     0     0     0     0     -2.762     -2.050      3.720      5.369      1.777
     6        -15  tau+                23     3     4     0     0     0     0      2.762      2.050     -1.995      4.356      1.777
                                   Charge sum:  0.000           Momentum sum:      0.000      0.000      1.725      9.725      9.570

 --------  End PYTHIA Event Listing  -----------------------------------------------------------------------------------------------

 --------  PYTHIA Event Listing  (complete event)  ---------------------------------------------------------------------------------
 
    no         id  name            status     mothers   daughters     colours      p_x        p_y        p_z         e          m 
     0         90  (system)           -11     0     0     0     0     0     0      0.000      0.000      3.000     11.000     10.583
     1         11  (e-)               -12     0     0    12     0     0     0      0.000      0.000      7.000      7.000      0.001
     2        -11  (e+)               -12     0     0    13     0     0     0      0.000      0.000     -4.000      4.000      0.001
     3         11  (e-)               -21     7     0     5     6     0     0      0.000      0.000      5.725      5.725      0.000
     4        -11  (e+)               -21     8     8     5     6     0     0      0.000      0.000     -4.000      4.000      0.000
     5         15  (tau-)             -23     3     4     9     9     0     0     -2.762     -2.050      3.720      5.369      1.777
     6        -15  (tau+)             -23     3     4    10    10     0     0      2.762      2.050     -1.995      4.356      1.777
     7         11  (e-)               -41    12    12    11     3     0     0      0.000      0.000      7.000      7.000      0.000
     8        -11  (e+)               -42    13    13     4     4     0     0      0.000     -0.000     -4.000      4.000      0.000
     9         15  (tau-)             -44     5     5    14    14     0     0     -3.432     -1.731      4.309      6.041      1.777
    10        -15  (tau+)             -44     6     6    15    15     0     0      2.588      2.133     -1.336      4.024      1.777
    11         22  (gamma)            -43     7     0    16    16     0     0      0.844     -0.402      0.027      0.935      0.000
    12         11  (e-)               -61     1     0     7     7     0     0     -0.000      0.000      7.000      7.000      0.000
    13        -11  (e+)               -61     2     0     8     8     0     0      0.000     -0.000     -4.000      4.000      0.000
    14         15  (tau-)             -62     9     9    21    22     0     0     -3.432     -1.731      4.309      6.041      1.777
    15        -15  (tau+)             -62    10    10    19    20     0     0      2.588      2.133     -1.336      4.024      1.777
    16         22  gamma               62    11    11     0     0     0     0      0.844     -0.402      0.027      0.935      0.000
    17         22  gamma               63     1     0     0     0     0     0      0.000      0.000      0.000      0.000      0.000
    18         22  gamma               63     2     0     0     0     0     0      0.000      0.000     -0.000      0.000      0.000
    19         36  (x)                -91    15     0    23    24     0     0      2.544      2.115     -1.562      3.793      1.000
    20        -11  e+                  91    15     0     0     0     0     0      0.044      0.019      0.226      0.231      0.001
    21         36  (x)                -91    14     0    25    26     0     0     -2.685     -1.892      3.778      5.105      1.000
    22         13  mu-                 91    14     0     0     0     0     0     -0.747      0.161      0.532      0.937      0.106
    23         11  e-                  91    19     0     0     0     0     0      1.419      0.584     -0.912      1.785      0.001
    24        -11  e+                  91    19     0     0     0     0     0      1.126      1.530     -0.650      2.008      0.001
    25         13  mu-                 91    21     0     0     0     0     0     -1.281     -1.208      1.371      2.234      0.106
    26        -13  mu+                 91    21     0     0     0     0     0     -1.403     -0.684      2.406      2.870      0.106
                                   Charge sum:  0.000           Momentum sum:      0.000     -0.000      3.000     11.000     10.583

 --------  End PYTHIA Event Listing  -----------------------------------------------------------------------------------------------
 PYTHIA Warning in PhaseSpace2to2tauyz::trialKin: maximum for cross section violated  

 Pythia::next(): 10000 events have been generated 

 Pythia::next(): 20000 events have been generated 

 Pythia::next(): 30000 events have been generated 

 Pythia::next(): 40000 events have been generated 

 Pythia::next(): 50000 events have been generated 

 Pythia::next(): 60000 events have been generated 

 Pythia::next(): 70000 events have been generated 

 Pythia::next(): 80000 events have been generated 

 Pythia::next(): 90000 events have been generated 

 *-------  PYTHIA Event and Cross Section Statistics  -------------------------------------------------------------*
 |                                                                                                                 |
 | Subprocess                                    Code |            Number of events       |      sigma +- delta    |
 |                                                    |       Tried   Selected   Accepted |     (estimated) (mb)   |
 |                                                    |                                   |                        |
 |-----------------------------------------------------------------------------------------------------------------|
 |                                                    |                                   |                        |
 | f fbar -> f' fbar' (s-channel gamma*)          223 |     2531817     100000     100000 |   5.995e-06  9.373e-09 |
 |                                                    |                                   |                        |
 | sum                                                |     2531817     100000     100000 |   5.995e-06  9.373e-09 |
 |                                                                                                                 |
 *-------  End PYTHIA Event and Cross Section Statistics ----------------------------------------------------------*

 *-------  PYTHIA Error and Warning Messages Statistics  ----------------------------------------------------------* 
 |                                                                                                                 | 
 |  times   message                                                                                                | 
 |                                                                                                                 | 
 |    386   Warning in PhaseSpace2to2tauyz::trialKin: maximum for cross section violated                           | 
 |  14741   Warning in TauDecays::decay: unknown correlated tau production, assuming from unpolarized photon       | 
 |                                                                                                                 | 
 *-------  End PYTHIA Error and Warning Messages Statistics  ------------------------------------------------------* 
Gammatau2xmu: 2.293e-17

Gammatau2xe: 2.345e-17

BRtau2xmu: 1.012e-05

BRtau2xe: 1.035e-05

BRtau2xmu + BRtau2xe: 2.047e-05

produced tau excluding those daughters are also tau lepton: 2.948e+04
produced X: 2.948e+04
produced X/NMC: 2.948e-01

Proportion of X flying forward (eta>0): 6.206e-01
Proportion of X flying backward (eta<0): 3.794e-01

Total Gamma [GeV]: 3.304e-22
ctau [m]: 5.973e+05

Gammax2tautau: 0.000e+00

Gammax2mumu: 3.287e-22

Gammax2ee: 1.627e-24

Gammax2gmgm: 0.000e+00

BRx2tautau: 0.000e+00

BRx2mumu: 9.951e-01

BRx2ee: 4.924e-03

BRx2gmgm: 0.000e+00

X: insideFidVol: 0.000e+00
observedX: 1.337e-02
visibleX: 0.000e+00

X Observed Fiducial efficiency: 4.536e-07
X Visible Fiducial efficiency: 0.000e+00

reallyProduced tau: 9.200e+10
total number of tau-tau events: 4.600e+10

reallyProducedX: 6.631e+05
reallyobservedX: 3.008e-01
reallyvisibleX: 0.000e+00

