mX:  1
g_AB_Lamb:  6e-08
g_CC_Lamb:  6e-07
NMC 10000

 *-------  PYTHIA Process Initialization  --------------------------*
 |                                                                  |
 | We collide e- with e+ at a CM energy of 1.058e+01 GeV            |
 |                                                                  |
 |------------------------------------------------------------------|
 |                                                    |             |
 | Subprocess                                    Code |   Estimated |
 |                                                    |    max (mb) |
 |                                                    |             |
 |------------------------------------------------------------------|
 |                                                    |             |
 | f fbar -> f' fbar' (s-channel gamma*)          223 |   1.572e-04 |
 |                                                                  |
 *-------  End PYTHIA Process Initialization -----------------------*

 *-------  PYTHIA Flag + Mode + Parm + Word + FVec + MVec + PVec + WVec Settings (changes only)  ------------------* 
 |                                                                                                                 | 
 | Name                                          |                      Now |      Default         Min         Max | 
 |                                               |                          |                                      | 
 | Beams:eA                                      |                  7.00000 |     7000.000         0.0             | 
 | Beams:eB                                      |                  4.00000 |     7000.000         0.0             | 
 | Beams:frameType                               |                        2 |            1           1           5 | 
 | Beams:idA                                     |                       11 |         2212                         | 
 | Beams:idB                                     |                      -11 |         2212                         | 
 | HadronLevel:Hadronize                         |                      off |           on                         | 
 | Next:numberCount                              |                    10000 |         1000           0             | 
 | PartonLevel:MPI                               |                      off |           on                         | 
 | Random:seed                                   |                        0 |           -1               900000000 | 
 | Random:setSeed                                |                       on |          off                         | 
 | WeakSingleBoson:ffbar2ffbar(s:gm)             |                       on |          off                         | 
 |                                                                                                                 | 
 *-------  End PYTHIA Flag + Mode + Parm + Word + FVec + MVec + PVec + WVec Settings  -----------------------------* 

 --------  PYTHIA Particle Data Table (changed only)  ------------------------------------------------------------------------------
 
      id   name            antiName         spn chg col      m0        mWidth      mMin       mMax       tau0    res dec ext vis wid
             no onMode   bRatio   meMode     products 

      15  tau-             tau+               2  -3   0    1.77682    0.00000    0.00000    0.00000  8.71100e-02   0   1   0   1   0
              0     1   0.0001619  103       36       13 
              1     1   0.0001655  103       36       11 

      36  x                                   1   0   0    1.00000    0.00000    0.00000    0.00000  1.65923e+01   0   1   0   0   0
              0     1   0.0000000  103       15      -15 
              1     1   0.9950760  103       13      -13 
              2     1   0.0049237  103       11      -11 
              3     1   0.0000000  103       22       22 

 --------  End PYTHIA Particle Data Table  -----------------------------------------------------------------------------------------


 --------  PYTHIA Info Listing  ---------------------------------------- 
 
 Beam A: id =     11, pz =  5.292e+00, e =  5.292e+00, m =  5.110e-04.
 Beam B: id =    -11, pz = -5.292e+00, e =  5.292e+00, m =  5.110e-04.

 In 1: id =   11, x =  1.000e+00, pdf =  1.133e+05 at Q2 =  1.118e+02.
 In 2: id =  -11, x =  9.982e-01, pdf =  1.893e+01 at same Q2.

 Subprocess f fbar -> f' fbar' (s-channel gamma*) with code 223 is 2 -> 2.
 It has sHat =  1.118e+02,    tHat = -7.769e+01,    uHat = -3.411e+01,
       pTHat =  4.668e+00,   m3Hat =  1.500e+00,   m4Hat =  1.500e+00,
    thetaHat =  1.971e+00,  phiHat =  4.403e+00.
     alphaEM =  7.631e-03,  alphaS =  1.975e-01    at Q2 =  1.118e+02.

 Impact parameter b =  0.000e+00 gives enhancement factor =  1.000e+00.
 Max pT scale for MPI =  1.058e+01, ISR =  1.057e+01, FSR =  1.057e+01.
 Number of MPI =     1, ISR =     1, FSRproc =     2, FSRreson =     0.

 --------  End PYTHIA Info Listing  ------------------------------------

 --------  PYTHIA Event Listing  (hard process)  -----------------------------------------------------------------------------------
 
    no         id  name            status     mothers   daughters     colours      p_x        p_y        p_z         e          m 
     0         90  (system)           -11     0     0     0     0     0     0      0.000      0.000      3.000     11.000     10.583
     1         11  (e-)               -12     0     0     3     0     0     0      0.000      0.000      7.000      7.000      0.001
     2        -11  (e+)               -12     0     0     4     0     0     0      0.000      0.000     -4.000      4.000      0.001
     3         11  (e-)               -21     1     0     5     6     0     0      0.000      0.000      7.000      7.000      0.000
     4        -11  (e+)               -21     2     0     5     6     0     0      0.000      0.000     -3.993      3.993      0.000
     5          4  c                   23     3     4     0     0   101     0     -1.421     -4.447     -0.551      4.934      1.500
     6         -4  cbar                23     3     4     0     0     0   101      1.421      4.447      3.558      6.059      1.500
                                   Charge sum:  0.000           Momentum sum:      0.000      0.000      3.007     10.993     10.573

 --------  End PYTHIA Event Listing  -----------------------------------------------------------------------------------------------

 --------  PYTHIA Event Listing  (complete event)  ---------------------------------------------------------------------------------
 
    no         id  name            status     mothers   daughters     colours      p_x        p_y        p_z         e          m 
     0         90  (system)           -11     0     0     0     0     0     0      0.000      0.000      3.000     11.000     10.583
     1         11  (e-)               -12     0     0    20     0     0     0      0.000      0.000      7.000      7.000      0.001
     2        -11  (e+)               -12     0     0    21     0     0     0      0.000      0.000     -4.000      4.000      0.001
     3         11  (e-)               -21    13    13     5     6     0     0      0.000      0.000      7.000      7.000      0.000
     4        -11  (e+)               -21    14     0     5     6     0     0      0.000      0.000     -3.993      3.993      0.000
     5          4  (c)                -23     3     4     9     9   101     0     -1.421     -4.447     -0.551      4.934      1.500
     6         -4  (cbar)             -23     3     4     7     8     0   101      1.421      4.447      3.558      6.059      1.500
     7         -4  (cbar)             -51     6     0    12    12     0   102     -0.234      3.744      1.019      4.167      1.500
     8         21  (g)                -51     6     0    10    11   102   101      1.373     -0.179      2.403      2.773      0.000
     9          4  (c)                -52     5     5    15    15   101     0     -1.139     -3.565     -0.415      4.053      1.500
    10         21  (g)                -51     8     0    17    17   103   101      1.165     -0.431      1.975      2.333      0.000
    11         21  (g)                -51     8     0    18    18   102   103      0.098      0.975      0.508      1.104      0.000
    12         -4  (cbar)             -52     7     7    16    16     0   102     -0.124      3.021      0.939      3.503      1.500
    13         11  (e-)               -42    20    20     3     3     0     0      0.000     -0.000      7.000      7.000      0.000
    14        -11  (e+)               -41    21    21    19     4     0     0     -0.000      0.000     -4.000      4.000      0.000
    15          4  (c)                -44     9     9    22    22   101     0     -1.136     -3.565     -0.416      4.053      1.500
    16         -4  (cbar)             -44    12    12    23    23     0   102     -0.123      3.020      0.938      3.503      1.500
    17         21  (g)                -44    10    10    24    24   103   101      1.165     -0.431      1.975      2.333      0.000
    18         21  (g)                -44    11    11    25    25   102   103      0.099      0.975      0.508      1.104      0.000
    19         22  (gamma)            -43    14     0    26    26     0     0     -0.005      0.001     -0.006      0.008      0.000
    20         11  (e-)               -61     1     0    13    13     0     0     -0.000      0.000      7.000      7.000      0.000
    21        -11  (e+)               -61     2     0    14    14     0     0      0.000      0.000     -4.000      4.000      0.000
    22          4  c                   62    15    15     0     0   101     0     -1.136     -3.565     -0.416      4.053      1.500
    23         -4  cbar                62    16    16     0     0     0   102     -0.123      3.020      0.938      3.503      1.500
    24         21  g                   62    17    17     0     0   103   101      1.165     -0.431      1.975      2.333      0.000
    25         21  g                   62    18    18     0     0   102   103      0.099      0.975      0.508      1.104      0.000
    26         22  gamma               62    19    19     0     0     0     0     -0.005      0.001     -0.006      0.008      0.000
    27         22  gamma               63     1     0     0     0     0     0      0.000      0.000      0.000      0.000      0.000
    28         22  gamma               63     2     0     0     0     0     0      0.000      0.000     -0.000      0.000      0.000
                                   Charge sum:  0.000           Momentum sum:      0.000      0.000      3.000     11.000     10.583

 --------  End PYTHIA Event Listing  -----------------------------------------------------------------------------------------------
 PYTHIA Warning in TauDecays::decay: unknown correlated tau production, assuming from unpolarized photon  

 *-------  PYTHIA Event and Cross Section Statistics  -------------------------------------------------------------*
 |                                                                                                                 |
 | Subprocess                                    Code |            Number of events       |      sigma +- delta    |
 |                                                    |       Tried   Selected   Accepted |     (estimated) (mb)   |
 |                                                    |                                   |                        |
 |-----------------------------------------------------------------------------------------------------------------|
 |                                                    |                                   |                        |
 | f fbar -> f' fbar' (s-channel gamma*)          223 |      259728      10000      10000 |   6.020e-06  2.863e-08 |
 |                                                    |                                   |                        |
 | sum                                                |      259728      10000      10000 |   6.020e-06  2.863e-08 |
 |                                                                                                                 |
 *-------  End PYTHIA Event and Cross Section Statistics ----------------------------------------------------------*

 *-------  PYTHIA Error and Warning Messages Statistics  ----------------------------------------------------------* 
 |                                                                                                                 | 
 |  times   message                                                                                                | 
 |                                                                                                                 | 
 |   1465   Warning in TauDecays::decay: unknown correlated tau production, assuming from unpolarized photon       | 
 |                                                                                                                 | 
 *-------  End PYTHIA Error and Warning Messages Statistics  ------------------------------------------------------* 
Gammatau2xmu: 3.669e-16

Gammatau2xe: 3.751e-16

BRtau2xmu: 1.619e-04

BRtau2xe: 1.655e-04

BRtau2xmu + BRtau2xe: 3.274e-04

produced tau excluding those daughters are also tau lepton: 2.930e+03
produced X: 2.930e+03
produced X/NMC: 2.930e-01

Proportion of X flying forward (eta>0): 6.215e-01
Proportion of X flying backward (eta<0): 3.785e-01

Total Gamma [GeV]: 1.189e-14
ctau [m]: 1.659e-02

Gammax2tautau: 0.000e+00

Gammax2mumu: 1.183e-14

Gammax2ee: 5.856e-17

Gammax2gmgm: 0.000e+00

BRx2tautau: 0.000e+00

BRx2mumu: 9.951e-01

BRx2ee: 4.924e-03

BRx2gmgm: 0.000e+00

X: insideFidVol: 2.960e+02
observedX: 2.679e+02
visibleX: 2.679e+01

X Observed Fiducial efficiency: 9.144e-02
X Visible Fiducial efficiency: 9.144e-03

reallyProduced tau: 9.200e+10
total number of tau-tau events: 4.600e+10

reallyProducedX: 1.061e+07
reallyobservedX: 9.698e+05
reallyvisibleX: 9.698e+04

