mX:  1
g_AB_Lamb:  8e-07
g_CC_Lamb:  3e-09
NMC 100000

 *-------  PYTHIA Process Initialization  --------------------------*
 |                                                                  |
 | We collide e- with e+ at a CM energy of 1.058e+01 GeV            |
 |                                                                  |
 |------------------------------------------------------------------|
 |                                                    |             |
 | Subprocess                                    Code |   Estimated |
 |                                                    |    max (mb) |
 |                                                    |             |
 |------------------------------------------------------------------|
 |                                                    |             |
 | f fbar -> f' fbar' (s-channel gamma*)          223 |   1.353e-04 |
 |                                                                  |
 *-------  End PYTHIA Process Initialization -----------------------*

 *-------  PYTHIA Flag + Mode + Parm + Word + FVec + MVec + PVec + WVec Settings (changes only)  ------------------* 
 |                                                                                                                 | 
 | Name                                          |                      Now |      Default         Min         Max | 
 |                                               |                          |                                      | 
 | Beams:eA                                      |                  7.00000 |     7000.000         0.0             | 
 | Beams:eB                                      |                  4.00000 |     7000.000         0.0             | 
 | Beams:frameType                               |                        2 |            1           1           5 | 
 | Beams:idA                                     |                       11 |         2212                         | 
 | Beams:idB                                     |                      -11 |         2212                         | 
 | HadronLevel:Hadronize                         |                      off |           on                         | 
 | Next:numberCount                              |                    10000 |         1000           0             | 
 | PartonLevel:MPI                               |                      off |           on                         | 
 | Random:seed                                   |                        0 |           -1               900000000 | 
 | Random:setSeed                                |                       on |          off                         | 
 | WeakSingleBoson:ffbar2ffbar(s:gm)             |                       on |          off                         | 
 |                                                                                                                 | 
 *-------  End PYTHIA Flag + Mode + Parm + Word + FVec + MVec + PVec + WVec Settings  -----------------------------* 

 --------  PYTHIA Particle Data Table (changed only)  ------------------------------------------------------------------------------
 
      id   name            antiName         spn chg col      m0        mWidth      mMin       mMax       tau0    res dec ext vis wid
             no onMode   bRatio   meMode     products 

      15  tau-             tau+               2  -3   0    1.77682    0.00000    0.00000    0.00000  8.71100e-02   0   1   0   1   0
              0     1   0.0272073  103       36       13 
              1     1   0.0278153  103       36       11 

      36  x                                   1   0   0    1.00000    0.00000    0.00000    0.00000  6.63691e+05   0   1   0   0   0
              0     1   0.0000000  103       15      -15 
              1     1   0.9950760  103       13      -13 
              2     1   0.0049237  103       11      -11 
              3     1   0.0000000  103       22       22 

 --------  End PYTHIA Particle Data Table  -----------------------------------------------------------------------------------------


 --------  PYTHIA Info Listing  ---------------------------------------- 
 
 Beam A: id =     11, pz =  5.292e+00, e =  5.292e+00, m =  5.110e-04.
 Beam B: id =    -11, pz = -5.292e+00, e =  5.292e+00, m =  5.110e-04.

 In 1: id =   11, x =  1.000e+00, pdf =  1.020e+03 at Q2 =  1.114e+02.
 In 2: id =  -11, x =  9.942e-01, pdf =  6.209e+00 at same Q2.

 Subprocess f fbar -> f' fbar' (s-channel gamma*) with code 223 is 2 -> 2.
 It has sHat =  1.114e+02,    tHat = -1.074e+02,    uHat = -3.972e+00,
       pTHat =  1.876e+00,   m3Hat =  1.500e+00,   m4Hat =  1.500e+00,
    thetaHat =  2.762e+00,  phiHat =  5.641e+00.
     alphaEM =  7.631e-03,  alphaS =  1.976e-01    at Q2 =  1.114e+02.

 Impact parameter b =  0.000e+00 gives enhancement factor =  1.000e+00.
 Max pT scale for MPI =  1.058e+01, ISR =  1.055e+01, FSR =  1.055e+01.
 Number of MPI =     1, ISR =     1, FSRproc =     2, FSRreson =     0.

 --------  End PYTHIA Info Listing  ------------------------------------

 --------  PYTHIA Event Listing  (hard process)  -----------------------------------------------------------------------------------
 
    no         id  name            status     mothers   daughters     colours      p_x        p_y        p_z         e          m 
     0         90  (system)           -11     0     0     0     0     0     0      0.000      0.000      3.000     11.000     10.583
     1         11  (e-)               -12     0     0     3     0     0     0      0.000      0.000      7.000      7.000      0.001
     2        -11  (e+)               -12     0     0     4     0     0     0      0.000      0.000     -4.000      4.000      0.001
     3         11  (e-)               -21     1     0     5     6     0     0      0.000      0.000      7.000      7.000      0.000
     4        -11  (e+)               -21     2     0     5     6     0     0      0.000      0.000     -3.977      3.977      0.000
     5          4  c                   23     3     4     0     0   101     0      1.503     -1.124     -3.375      4.143      1.500
     6         -4  cbar                23     3     4     0     0     0   101     -1.503      1.124      6.398      6.834      1.500
                                   Charge sum:  0.000           Momentum sum:      0.000      0.000      3.023     10.977     10.552

 --------  End PYTHIA Event Listing  -----------------------------------------------------------------------------------------------

 --------  PYTHIA Event Listing  (complete event)  ---------------------------------------------------------------------------------
 
    no         id  name            status     mothers   daughters     colours      p_x        p_y        p_z         e          m 
     0         90  (system)           -11     0     0     0     0     0     0      0.000      0.000      3.000     11.000     10.583
     1         11  (e-)               -12     0     0    20     0     0     0      0.000      0.000      7.000      7.000      0.001
     2        -11  (e+)               -12     0     0    21     0     0     0      0.000      0.000     -4.000      4.000      0.001
     3         11  (e-)               -21    13    13     5     6     0     0      0.000      0.000      7.000      7.000      0.000
     4        -11  (e+)               -21    14     0     5     6     0     0      0.000      0.000     -3.977      3.977      0.000
     5          4  (c)                -23     3     4     9     9   101     0      1.503     -1.124     -3.375      4.143      1.500
     6         -4  (cbar)             -23     3     4     7     8     0   101     -1.503      1.124      6.398      6.834      1.500
     7         -4  (cbar)             -51     6     0    16    16     0   102     -0.259      2.769      1.524      3.508      1.500
     8         21  (g)                -51     6     0    10    11   102   101     -0.801     -1.977      3.838      4.391      0.000
     9          4  (c)                -52     5     5    12    12   101     0      1.060     -0.793     -2.339      3.078      1.500
    10         21  (g)                -51     8     0    17    17   102   104     -0.797     -2.264      3.505      4.248      0.000
    11         21  (g)                -51     8     0    18    18   104   101      0.068      0.251      0.160      0.306      0.000
    12          4  (c)                -52     9     9    15    15   101     0      0.988     -0.756     -2.167      2.914      1.500
    13         11  (e-)               -42    20    20     3     3     0     0     -0.000      0.000      7.000      7.000      0.000
    14        -11  (e+)               -41    21    21    19     4     0     0      0.000     -0.000     -4.000      4.000      0.000
    15          4  (c)                -44    12    12    22    22   101     0      0.978     -0.754     -2.170      2.913      1.500
    16         -4  (cbar)             -44     7     7    23    23     0   102     -0.263      2.770      1.524      3.509      1.500
    17         21  (g)                -44    10    10    24    24   102   104     -0.799     -2.264      3.504      4.248      0.000
    18         21  (g)                -44    11    11    25    25   104   101      0.068      0.251      0.160      0.305      0.000
    19         22  (gamma)            -43    14     0    26    26     0     0      0.016     -0.003     -0.018      0.024      0.000
    20         11  (e-)               -61     1     0    13    13     0     0     -0.000     -0.000      7.000      7.000      0.000
    21        -11  (e+)               -61     2     0    14    14     0     0      0.000      0.000     -4.000      4.000      0.000
    22          4  c                   62    15    15     0     0   101     0      0.978     -0.754     -2.170      2.913      1.500
    23         -4  cbar                62    16    16     0     0     0   102     -0.263      2.770      1.524      3.509      1.500
    24         21  g                   62    17    17     0     0   102   104     -0.799     -2.264      3.504      4.248      0.000
    25         21  g                   62    18    18     0     0   104   101      0.068      0.251      0.160      0.305      0.000
    26         22  gamma               62    19    19     0     0     0     0      0.016     -0.003     -0.018      0.024      0.000
    27         22  gamma               63     1     0     0     0     0     0      0.000      0.000      0.000      0.000      0.000
    28         22  gamma               63     2     0     0     0     0     0      0.000      0.000     -0.000      0.000      0.000
                                   Charge sum:  0.000           Momentum sum:     -0.000     -0.000      3.000     11.000     10.583

 --------  End PYTHIA Event Listing  -----------------------------------------------------------------------------------------------
 PYTHIA Warning in TauDecays::decay: unknown correlated tau production, assuming from unpolarized photon  
 PYTHIA Warning in PhaseSpace2to2tauyz::trialKin: maximum for cross section violated  

 Pythia::next(): 10000 events have been generated 

 Pythia::next(): 20000 events have been generated 

 Pythia::next(): 30000 events have been generated 

 Pythia::next(): 40000 events have been generated 

 Pythia::next(): 50000 events have been generated 

 Pythia::next(): 60000 events have been generated 

 Pythia::next(): 70000 events have been generated 

 Pythia::next(): 80000 events have been generated 

 Pythia::next(): 90000 events have been generated 

 *-------  PYTHIA Event and Cross Section Statistics  -------------------------------------------------------------*
 |                                                                                                                 |
 | Subprocess                                    Code |            Number of events       |      sigma +- delta    |
 |                                                    |       Tried   Selected   Accepted |     (estimated) (mb)   |
 |                                                    |                                   |                        |
 |-----------------------------------------------------------------------------------------------------------------|
 |                                                    |                                   |                        |
 | f fbar -> f' fbar' (s-channel gamma*)          223 |     2258168     100000     100000 |   6.002e-06  9.834e-09 |
 |                                                    |                                   |                        |
 | sum                                                |     2258168     100000     100000 |   6.002e-06  9.834e-09 |
 |                                                                                                                 |
 *-------  End PYTHIA Event and Cross Section Statistics ----------------------------------------------------------*

 *-------  PYTHIA Error and Warning Messages Statistics  ----------------------------------------------------------* 
 |                                                                                                                 | 
 |  times   message                                                                                                | 
 |                                                                                                                 | 
 |   1407   Warning in PhaseSpace2to2tauyz::trialKin: maximum for cross section violated                           | 
 |  14751   Warning in TauDecays::decay: unknown correlated tau production, assuming from unpolarized photon       | 
 |                                                                                                                 | 
 *-------  End PYTHIA Error and Warning Messages Statistics  ------------------------------------------------------* 
Gammatau2xmu: 6.524e-14

Gammatau2xe: 6.669e-14

BRtau2xmu: 2.721e-02

BRtau2xe: 2.782e-02

BRtau2xmu + BRtau2xe: 5.502e-02

produced tau excluding those daughters are also tau lepton: 2.950e+04
produced X: 2.950e+04
produced X/NMC: 2.950e-01

Proportion of X flying forward (eta>0): 6.211e-01
Proportion of X flying backward (eta<0): 3.789e-01

Total Gamma [GeV]: 2.973e-19
ctau [m]: 6.637e+02

Gammax2tautau: 0.000e+00

Gammax2mumu: 2.959e-19

Gammax2ee: 1.464e-21

Gammax2gmgm: 0.000e+00

BRx2tautau: 0.000e+00

BRx2mumu: 9.951e-01

BRx2ee: 4.924e-03

BRx2gmgm: 0.000e+00

X: insideFidVol: 1.400e+01
observedX: 1.197e+01
visibleX: 3.169e-03

X Observed Fiducial efficiency: 4.057e-04
X Visible Fiducial efficiency: 1.074e-07

reallyProduced tau: 9.200e+10
total number of tau-tau events: 4.600e+10

reallyProducedX: 1.782e+09
reallyobservedX: 7.230e+05
reallyvisibleX: 1.914e+02

