mX:  1
g_AB_Lamb:  1.5e-07
g_CC_Lamb:  3e-10
NMC 10000

 *-------  PYTHIA Process Initialization  --------------------------*
 |                                                                  |
 | We collide e- with e+ at a CM energy of 1.058e+01 GeV            |
 |                                                                  |
 |------------------------------------------------------------------|
 |                                                    |             |
 | Subprocess                                    Code |   Estimated |
 |                                                    |    max (mb) |
 |                                                    |             |
 |------------------------------------------------------------------|
 |                                                    |             |
 | f fbar -> f' fbar' (s-channel gamma*)          223 |   1.467e-04 |
 |                                                                  |
 *-------  End PYTHIA Process Initialization -----------------------*

 *-------  PYTHIA Flag + Mode + Parm + Word + FVec + MVec + PVec + WVec Settings (changes only)  ------------------* 
 |                                                                                                                 | 
 | Name                                          |                      Now |      Default         Min         Max | 
 |                                               |                          |                                      | 
 | Beams:eA                                      |                  7.00000 |     7000.000         0.0             | 
 | Beams:eB                                      |                  4.00000 |     7000.000         0.0             | 
 | Beams:frameType                               |                        2 |            1           1           5 | 
 | Beams:idA                                     |                       11 |         2212                         | 
 | Beams:idB                                     |                      -11 |         2212                         | 
 | HadronLevel:Hadronize                         |                      off |           on                         | 
 | Next:numberCount                              |                    10000 |         1000           0             | 
 | PartonLevel:MPI                               |                      off |           on                         | 
 | Random:seed                                   |                        0 |           -1               900000000 | 
 | Random:setSeed                                |                       on |          off                         | 
 | WeakSingleBoson:ffbar2ffbar(s:gm)             |                       on |          off                         | 
 |                                                                                                                 | 
 *-------  End PYTHIA Flag + Mode + Parm + Word + FVec + MVec + PVec + WVec Settings  -----------------------------* 

 --------  PYTHIA Particle Data Table (changed only)  ------------------------------------------------------------------------------
 
      id   name            antiName         spn chg col      m0        mWidth      mMin       mMax       tau0    res dec ext vis wid
             no onMode   bRatio   meMode     products 

      15  tau-             tau+               2  -3   0    1.77682    0.00000    0.00000    0.00000  8.71100e-02   0   1   0   1   0
              0     1   0.0010101  103       36       13 
              1     1   0.0010327  103       36       11 

      36  x                                   1   0   0    1.00000    0.00000    0.00000    0.00000  6.63691e+07   0   1   0   0   0
              0     1   0.0000000  103       15      -15 
              1     1   0.9950760  103       13      -13 
              2     1   0.0049237  103       11      -11 
              3     1   0.0000000  103       22       22 

 --------  End PYTHIA Particle Data Table  -----------------------------------------------------------------------------------------


 --------  PYTHIA Info Listing  ---------------------------------------- 
 
 Beam A: id =     11, pz =  5.292e+00, e =  5.292e+00, m =  5.110e-04.
 Beam B: id =    -11, pz = -5.292e+00, e =  5.292e+00, m =  5.110e-04.

 In 1: id =   11, x =  1.000e+00, pdf =  4.711e+07 at Q2 =  1.120e+02.
 In 2: id =  -11, x =  1.000e+00, pdf =  1.577e+07 at same Q2.

 Subprocess f fbar -> f' fbar' (s-channel gamma*) with code 223 is 2 -> 2.
 It has sHat =  1.120e+02,    tHat = -6.593e+01,    uHat = -4.607e+01,
       pTHat =  5.197e+00,   m3Hat =  3.300e-01,   m4Hat =  3.300e-01,
    thetaHat =  1.749e+00,  phiHat =  4.072e+00.
     alphaEM =  7.631e-03,  alphaS =  1.975e-01    at Q2 =  1.120e+02.

 Impact parameter b =  0.000e+00 gives enhancement factor =  1.000e+00.
 Max pT scale for MPI =  1.058e+01, ISR =  1.058e+01, FSR =  1.058e+01.
 Number of MPI =     1, ISR =     0, FSRproc =     6, FSRreson =     0.

 --------  End PYTHIA Info Listing  ------------------------------------

 --------  PYTHIA Event Listing  (hard process)  -----------------------------------------------------------------------------------
 
    no         id  name            status     mothers   daughters     colours      p_x        p_y        p_z         e          m 
     0         90  (system)           -11     0     0     0     0     0     0      0.000      0.000      3.000     11.000     10.583
     1         11  (e-)               -12     0     0     3     0     0     0      0.000      0.000      7.000      7.000      0.001
     2        -11  (e+)               -12     0     0     4     0     0     0      0.000      0.000     -4.000      4.000      0.001
     3         11  (e-)               -21     1     0     5     6     0     0      0.000      0.000      7.000      7.000      0.000
     4        -11  (e+)               -21     2     0     5     6     0     0      0.000      0.000     -4.000      4.000      0.000
     5          2  u                   23     3     4     0     0   101     0     -3.107     -4.167      0.526      5.234      0.330
     6         -2  ubar                23     3     4     0     0     0   101      3.107      4.167      2.474      5.766      0.330
                                   Charge sum:  0.000           Momentum sum:      0.000      0.000      3.000     11.000     10.583

 --------  End PYTHIA Event Listing  -----------------------------------------------------------------------------------------------

 --------  PYTHIA Event Listing  (complete event)  ---------------------------------------------------------------------------------
 
    no         id  name            status     mothers   daughters     colours      p_x        p_y        p_z         e          m 
     0         90  (system)           -11     0     0     0     0     0     0      0.000      0.000      3.000     11.000     10.583
     1         11  (e-)               -12     0     0    25     0     0     0      0.000      0.000      7.000      7.000      0.001
     2        -11  (e+)               -12     0     0    26     0     0     0      0.000      0.000     -4.000      4.000      0.001
     3         11  (e-)               -21    25    25     5     6     0     0      0.000      0.000      7.000      7.000      0.000
     4        -11  (e+)               -21    26    26     5     6     0     0      0.000      0.000     -4.000      4.000      0.000
     5          2  (u)                -23     3     4     9     9   101     0     -3.107     -4.167      0.526      5.234      0.330
     6         -2  (ubar)             -23     3     4     7     8     0   101      3.107      4.167      2.474      5.766      0.330
     7         -2  (ubar)             -51     6     0    12    12     0   102      1.602      4.563      3.512      5.986      0.330
     8         21  (g)                -51     6     0    10    11   102   101     -0.892     -3.609     -0.644      3.773      0.000
     9          2  (u)                -52     5     5    27    27   101     0     -0.711     -0.953      0.132      1.241      0.330
    10         21  (g)                -51     8     0    29    29   104   101     -0.186     -1.637      0.745      1.808      0.000
    11         21  (g)                -51     8     0    13    14   102   104     -0.632     -1.763     -1.228      2.239      0.000
    12         -2  (ubar)             -52     7     7    15    15     0   102      1.529      4.353      3.351      5.712      0.330
    13         21  (g)                -51    11     0    21    21   105   104     -1.163     -1.132     -0.798      1.809      0.000
    14         21  (g)                -51    11     0    18    18   102   105      0.620     -0.376     -0.235      0.762      0.000
    15         -2  (ubar)             -52    12    12    16    17     0   102      1.440      4.099      3.156      5.380      0.330
    16         -2  (ubar)             -51    15     0    28    28     0   106      1.817      3.073      2.263      4.239      0.330
    17         21  (g)                -51    15     0    22    23   106   102     -0.251      0.949      0.845      1.296      0.000
    18         21  (g)                -52    14    14    19    20   102   105      0.494     -0.300     -0.187      0.607      0.000
    19         21  (g)                -51    18     0    24    24   102   107      0.182     -1.135     -0.339      1.198      0.000
    20         21  (g)                -51    18     0    33    33   107   105     -0.441      0.101     -0.365      0.582      0.000
    21         21  (g)                -52    13    13    30    30   105   104     -0.409     -0.398     -0.281      0.636      0.000
    22         21  (g)                -51    17     0    32    32   106   108     -0.667      0.547      0.599      1.050      0.000
    23         21  (g)                -51    17     0    34    34   108   102      0.456      0.152      0.172      0.511      0.000
    24         21  (g)                -52    19    19    31    31   102   107      0.141     -0.884     -0.264      0.933      0.000
    25         11  (e-)               -61     1     0     3     3     0     0      0.000      0.000      7.000      7.000      0.000
    26        -11  (e+)               -61     2     0     4     4     0     0      0.000      0.000     -4.000      4.000      0.000
    27          2  u                   62     9     9     0     0   101     0     -0.711     -0.953      0.132      1.241      0.330
    28         -2  ubar                62    16    16     0     0     0   106      1.817      3.073      2.263      4.239      0.330
    29         21  g                   62    10    10     0     0   104   101     -0.186     -1.637      0.745      1.808      0.000
    30         21  g                   62    21    21     0     0   105   104     -0.409     -0.398     -0.281      0.636      0.000
    31         21  g                   62    24    24     0     0   102   107      0.141     -0.884     -0.264      0.933      0.000
    32         21  g                   62    22    22     0     0   106   108     -0.667      0.547      0.599      1.050      0.000
    33         21  g                   62    20    20     0     0   107   105     -0.441      0.101     -0.365      0.582      0.000
    34         21  g                   62    23    23     0     0   108   102      0.456      0.152      0.172      0.511      0.000
    35         22  gamma               63     1     0     0     0     0     0      0.000      0.000      0.000      0.000      0.000
    36         22  gamma               63     2     0     0     0     0     0      0.000      0.000     -0.000      0.000      0.000
                                   Charge sum:  0.000           Momentum sum:     -0.000     -0.000      3.000     11.000     10.583

 --------  End PYTHIA Event Listing  -----------------------------------------------------------------------------------------------
 PYTHIA Warning in TauDecays::decay: unknown correlated tau production, assuming from unpolarized photon  
 PYTHIA Warning in PhaseSpace2to2tauyz::trialKin: maximum for cross section violated  

 *-------  PYTHIA Event and Cross Section Statistics  -------------------------------------------------------------*
 |                                                                                                                 |
 | Subprocess                                    Code |            Number of events       |      sigma +- delta    |
 |                                                    |       Tried   Selected   Accepted |     (estimated) (mb)   |
 |                                                    |                                   |                        |
 |-----------------------------------------------------------------------------------------------------------------|
 |                                                    |                                   |                        |
 | f fbar -> f' fbar' (s-channel gamma*)          223 |      242981      10000      10000 |   6.011e-06  2.963e-08 |
 |                                                    |                                   |                        |
 | sum                                                |      242981      10000      10000 |   6.011e-06  2.963e-08 |
 |                                                                                                                 |
 *-------  End PYTHIA Event and Cross Section Statistics ----------------------------------------------------------*

 *-------  PYTHIA Error and Warning Messages Statistics  ----------------------------------------------------------* 
 |                                                                                                                 | 
 |  times   message                                                                                                | 
 |                                                                                                                 | 
 |     10   Warning in PhaseSpace2to2tauyz::trialKin: maximum for cross section violated                           | 
 |   1530   Warning in TauDecays::decay: unknown correlated tau production, assuming from unpolarized photon       | 
 |                                                                                                                 | 
 *-------  End PYTHIA Error and Warning Messages Statistics  ------------------------------------------------------* 
Gammatau2xmu: 2.293e-15

Gammatau2xe: 2.345e-15

BRtau2xmu: 1.010e-03

BRtau2xe: 1.033e-03

BRtau2xmu + BRtau2xe: 2.043e-03

produced tau excluding those daughters are also tau lepton: 3.060e+03
produced X: 3.060e+03
produced X/NMC: 3.060e-01

Proportion of X flying forward (eta>0): 6.281e-01
Proportion of X flying backward (eta<0): 3.719e-01

Total Gamma [GeV]: 2.973e-21
ctau [m]: 6.637e+04

Gammax2tautau: 0.000e+00

Gammax2mumu: 2.959e-21

Gammax2ee: 1.464e-23

Gammax2gmgm: 0.000e+00

BRx2tautau: 0.000e+00

BRx2mumu: 9.951e-01

BRx2ee: 4.924e-03

BRx2gmgm: 0.000e+00

X: insideFidVol: 0.000e+00
observedX: 1.268e-02
visibleX: 1.268e-03

X Observed Fiducial efficiency: 4.143e-06
X Visible Fiducial efficiency: 4.143e-07

reallyProduced tau: 9.200e+10
total number of tau-tau events: 4.600e+10

reallyProducedX: 6.617e+07
reallyobservedX: 2.741e+02
reallyvisibleX: 2.741e+01

