mX:  1
g_AB_Lamb:  1.5e-08
g_CC_Lamb:  1e-05
NMC 10000

 *-------  PYTHIA Process Initialization  --------------------------*
 |                                                                  |
 | We collide e- with e+ at a CM energy of 1.058e+01 GeV            |
 |                                                                  |
 |------------------------------------------------------------------|
 |                                                    |             |
 | Subprocess                                    Code |   Estimated |
 |                                                    |    max (mb) |
 |                                                    |             |
 |------------------------------------------------------------------|
 |                                                    |             |
 | f fbar -> f' fbar' (s-channel gamma*)          223 |   1.320e-04 |
 |                                                                  |
 *-------  End PYTHIA Process Initialization -----------------------*

 *-------  PYTHIA Flag + Mode + Parm + Word + FVec + MVec + PVec + WVec Settings (changes only)  ------------------* 
 |                                                                                                                 | 
 | Name                                          |                      Now |      Default         Min         Max | 
 |                                               |                          |                                      | 
 | Beams:eA                                      |                  7.00000 |     7000.000         0.0             | 
 | Beams:eB                                      |                  4.00000 |     7000.000         0.0             | 
 | Beams:frameType                               |                        2 |            1           1           5 | 
 | Beams:idA                                     |                       11 |         2212                         | 
 | Beams:idB                                     |                      -11 |         2212                         | 
 | HadronLevel:Hadronize                         |                      off |           on                         | 
 | Next:numberCount                              |                    10000 |         1000           0             | 
 | PartonLevel:MPI                               |                      off |           on                         | 
 | Random:seed                                   |                        0 |           -1               900000000 | 
 | Random:setSeed                                |                       on |          off                         | 
 | WeakSingleBoson:ffbar2ffbar(s:gm)             |                       on |          off                         | 
 |                                                                                                                 | 
 *-------  End PYTHIA Flag + Mode + Parm + Word + FVec + MVec + PVec + WVec Settings  -----------------------------* 

 --------  PYTHIA Particle Data Table (changed only)  ------------------------------------------------------------------------------
 
      id   name            antiName         spn chg col      m0        mWidth      mMin       mMax       tau0    res dec ext vis wid
             no onMode   bRatio   meMode     products 

      15  tau-             tau+               2  -3   0    1.77682    0.00000    0.00000    0.00000  8.71100e-02   0   1   0   1   0
              0     1   0.0000101  103       36       13 
              1     1   0.0000103  103       36       11 

      36  x                                   1   0   0    1.00000    0.00000    0.00000    0.00000  5.97322e-02   0   1   0   0   0
              0     1   0.0000000  103       15      -15 
              1     1   0.9950760  103       13      -13 
              2     1   0.0049237  103       11      -11 
              3     1   0.0000000  103       22       22 

 --------  End PYTHIA Particle Data Table  -----------------------------------------------------------------------------------------


 --------  PYTHIA Info Listing  ---------------------------------------- 
 
 Beam A: id =     11, pz =  5.292e+00, e =  5.292e+00, m =  5.110e-04.
 Beam B: id =    -11, pz = -5.292e+00, e =  5.292e+00, m =  5.110e-04.

 In 1: id =   11, x =  1.000e+00, pdf =  4.899e+06 at Q2 =  1.120e+02.
 In 2: id =  -11, x =  1.000e+00, pdf =  1.743e+05 at same Q2.

 Subprocess f fbar -> f' fbar' (s-channel gamma*) with code 223 is 2 -> 2.
 It has sHat =  1.120e+02,    tHat = -9.709e+01,    uHat = -1.491e+01,
       pTHat =  3.448e+00,   m3Hat =  1.500e+00,   m4Hat =  1.500e+00,
    thetaHat =  2.395e+00,  phiHat =  2.291e+00.
     alphaEM =  7.631e-03,  alphaS =  1.975e-01    at Q2 =  1.120e+02.

 Impact parameter b =  0.000e+00 gives enhancement factor =  1.000e+00.
 Max pT scale for MPI =  1.058e+01, ISR =  1.058e+01, FSR =  1.058e+01.
 Number of MPI =     1, ISR =     0, FSRproc =     3, FSRreson =     0.

 --------  End PYTHIA Info Listing  ------------------------------------

 --------  PYTHIA Event Listing  (hard process)  -----------------------------------------------------------------------------------
 
    no         id  name            status     mothers   daughters     colours      p_x        p_y        p_z         e          m 
     0         90  (system)           -11     0     0     0     0     0     0      0.000      0.000      3.000     11.000     10.583
     1         11  (e-)               -12     0     0     3     0     0     0      0.000      0.000      7.000      7.000      0.001
     2        -11  (e+)               -12     0     0     4     0     0     0      0.000      0.000     -4.000      4.000      0.001
     3         11  (e-)               -21     1     0     5     6     0     0      0.000      0.000      7.000      7.000      0.000
     4        -11  (e+)               -21     2     0     5     6     0     0      0.000      0.000     -4.000      4.000      0.000
     5          4  c                   23     3     4     0     0   101     0     -2.273      2.593     -2.370      4.445      1.500
     6         -4  cbar                23     3     4     0     0     0   101      2.273     -2.593      5.370      6.555      1.500
                                   Charge sum:  0.000           Momentum sum:      0.000      0.000      3.000     11.000     10.583

 --------  End PYTHIA Event Listing  -----------------------------------------------------------------------------------------------

 --------  PYTHIA Event Listing  (complete event)  ---------------------------------------------------------------------------------
 
    no         id  name            status     mothers   daughters     colours      p_x        p_y        p_z         e          m 
     0         90  (system)           -11     0     0     0     0     0     0      0.000      0.000      3.000     11.000     10.583
     1         11  (e-)               -12     0     0    16     0     0     0      0.000      0.000      7.000      7.000      0.001
     2        -11  (e+)               -12     0     0    17     0     0     0      0.000      0.000     -4.000      4.000      0.001
     3         11  (e-)               -21    16    16     5     6     0     0      0.000      0.000      7.000      7.000      0.000
     4        -11  (e+)               -21    17    17     5     6     0     0      0.000      0.000     -4.000      4.000      0.000
     5          4  (c)                -23     3     4     9     9   101     0     -2.273      2.593     -2.370      4.445      1.500
     6         -4  (cbar)             -23     3     4     7     8     0   101      2.273     -2.593      5.370      6.555      1.500
     7         -4  (cbar)             -51     6     0    12    12     0   102      2.738     -2.695      4.692      6.247      1.500
     8         21  (g)                -51     6     0    10    11   102   101     -0.985      0.694      0.105      1.209      0.000
     9          4  (c)                -52     5     5    18    18   101     0     -1.754      2.001     -1.797      3.544      1.500
    10         21  (g)                -51     8     0    15    15   103   101     -0.357     -1.241      0.240      1.314      0.000
    11         21  (g)                -51     8     0    13    14   102   103      0.263      1.079      1.264      1.683      0.000
    12         -4  (cbar)             -52     7     7    19    19     0   102      1.848     -1.838      3.293      4.460      1.500
    13         21  (g)                -51    11     0    21    21   102   104      0.457      0.190      1.681      1.752      0.000
    14         21  (g)                -51    11     0    22    22   104   103     -0.365      0.296     -0.302      0.558      0.000
    15         21  (g)                -52    10    10    20    20   103   101     -0.186     -0.648      0.125      0.686      0.000
    16         11  (e-)               -61     1     0     3     3     0     0      0.000      0.000      7.000      7.000      0.000
    17        -11  (e+)               -61     2     0     4     4     0     0      0.000      0.000     -4.000      4.000      0.000
    18          4  c                   62     9     9     0     0   101     0     -1.754      2.001     -1.797      3.544      1.500
    19         -4  cbar                62    12    12     0     0     0   102      1.848     -1.838      3.293      4.460      1.500
    20         21  g                   62    15    15     0     0   103   101     -0.186     -0.648      0.125      0.686      0.000
    21         21  g                   62    13    13     0     0   102   104      0.457      0.190      1.681      1.752      0.000
    22         21  g                   62    14    14     0     0   104   103     -0.365      0.296     -0.302      0.558      0.000
    23         22  gamma               63     1     0     0     0     0     0      0.000      0.000      0.000      0.000      0.000
    24         22  gamma               63     2     0     0     0     0     0      0.000      0.000     -0.000      0.000      0.000
                                   Charge sum:  0.000           Momentum sum:      0.000     -0.000      3.000     11.000     10.583

 --------  End PYTHIA Event Listing  -----------------------------------------------------------------------------------------------
 PYTHIA Warning in TauDecays::decay: unknown correlated tau production, assuming from unpolarized photon  
 PYTHIA Warning in PhaseSpace2to2tauyz::trialKin: maximum for cross section violated  

 *-------  PYTHIA Event and Cross Section Statistics  -------------------------------------------------------------*
 |                                                                                                                 |
 | Subprocess                                    Code |            Number of events       |      sigma +- delta    |
 |                                                    |       Tried   Selected   Accepted |     (estimated) (mb)   |
 |                                                    |                                   |                        |
 |-----------------------------------------------------------------------------------------------------------------|
 |                                                    |                                   |                        |
 | f fbar -> f' fbar' (s-channel gamma*)          223 |      222814      10000      10000 |   5.998e-06  3.156e-08 |
 |                                                    |                                   |                        |
 | sum                                                |      222814      10000      10000 |   5.998e-06  3.156e-08 |
 |                                                                                                                 |
 *-------  End PYTHIA Event and Cross Section Statistics ----------------------------------------------------------*

 *-------  PYTHIA Error and Warning Messages Statistics  ----------------------------------------------------------* 
 |                                                                                                                 | 
 |  times   message                                                                                                | 
 |                                                                                                                 | 
 |    265   Warning in PhaseSpace2to2tauyz::trialKin: maximum for cross section violated                           | 
 |   1538   Warning in TauDecays::decay: unknown correlated tau production, assuming from unpolarized photon       | 
 |                                                                                                                 | 
 *-------  End PYTHIA Error and Warning Messages Statistics  ------------------------------------------------------* 
Gammatau2xmu: 2.293e-17

Gammatau2xe: 2.345e-17

BRtau2xmu: 1.012e-05

BRtau2xe: 1.035e-05

BRtau2xmu + BRtau2xe: 2.047e-05

produced tau excluding those daughters are also tau lepton: 3.076e+03
produced X: 3.076e+03
produced X/NMC: 3.076e-01

Proportion of X flying forward (eta>0): 6.239e-01
Proportion of X flying backward (eta<0): 3.761e-01

Total Gamma [GeV]: 3.304e-12
ctau [m]: 5.973e-05

Gammax2tautau: 0.000e+00

Gammax2mumu: 3.287e-12

Gammax2ee: 1.627e-14

Gammax2gmgm: 0.000e+00

BRx2tautau: 0.000e+00

BRx2mumu: 9.951e-01

BRx2ee: 4.924e-03

BRx2gmgm: 0.000e+00

X: insideFidVol: 0.000e+00
observedX: 3.571e-144
visibleX: 3.571e-145

X Observed Fiducial efficiency: 1.161e-147
X Visible Fiducial efficiency: 1.161e-148

reallyProduced tau: 9.200e+10
total number of tau-tau events: 4.600e+10

reallyProducedX: 6.631e+05
reallyobservedX: 7.699e-142
reallyvisibleX: 7.699e-143

