mX:  1
g_AB_Lamb:  6e-07
g_CC_Lamb:  8e-06
NMC 100000

 *-------  PYTHIA Process Initialization  --------------------------*
 |                                                                  |
 | We collide e- with e+ at a CM energy of 1.058e+01 GeV            |
 |                                                                  |
 |------------------------------------------------------------------|
 |                                                    |             |
 | Subprocess                                    Code |   Estimated |
 |                                                    |    max (mb) |
 |                                                    |             |
 |------------------------------------------------------------------|
 |                                                    |             |
 | f fbar -> f' fbar' (s-channel gamma*)          223 |   1.576e-04 |
 |                                                                  |
 *-------  End PYTHIA Process Initialization -----------------------*

 *-------  PYTHIA Flag + Mode + Parm + Word + FVec + MVec + PVec + WVec Settings (changes only)  ------------------* 
 |                                                                                                                 | 
 | Name                                          |                      Now |      Default         Min         Max | 
 |                                               |                          |                                      | 
 | Beams:eA                                      |                  7.00000 |     7000.000         0.0             | 
 | Beams:eB                                      |                  4.00000 |     7000.000         0.0             | 
 | Beams:frameType                               |                        2 |            1           1           5 | 
 | Beams:idA                                     |                       11 |         2212                         | 
 | Beams:idB                                     |                      -11 |         2212                         | 
 | HadronLevel:Hadronize                         |                      off |           on                         | 
 | Next:numberCount                              |                    10000 |         1000           0             | 
 | PartonLevel:MPI                               |                      off |           on                         | 
 | Random:seed                                   |                        0 |           -1               900000000 | 
 | Random:setSeed                                |                       on |          off                         | 
 | WeakSingleBoson:ffbar2ffbar(s:gm)             |                       on |          off                         | 
 |                                                                                                                 | 
 *-------  End PYTHIA Flag + Mode + Parm + Word + FVec + MVec + PVec + WVec Settings  -----------------------------* 

 --------  PYTHIA Particle Data Table (changed only)  ------------------------------------------------------------------------------
 
      id   name            antiName         spn chg col      m0        mWidth      mMin       mMax       tau0    res dec ext vis wid
             no onMode   bRatio   meMode     products 

      15  tau-             tau+               2  -3   0    1.77682    0.00000    0.00000    0.00000  8.71100e-02   0   1   0   1   0
              0     1   0.0156816  103       36       13 
              1     1   0.0160320  103       36       11 

      36  x                                   1   0   0    1.00000    0.00000    0.00000    0.00000  9.33316e-02   0   1   0   0   0
              0     1   0.0000000  103       15      -15 
              1     1   0.9950760  103       13      -13 
              2     1   0.0049237  103       11      -11 
              3     1   0.0000000  103       22       22 

 --------  End PYTHIA Particle Data Table  -----------------------------------------------------------------------------------------


 --------  PYTHIA Info Listing  ---------------------------------------- 
 
 Beam A: id =     11, pz =  5.292e+00, e =  5.292e+00, m =  5.110e-04.
 Beam B: id =    -11, pz = -5.292e+00, e =  5.292e+00, m =  5.110e-04.

 In 1: id =   11, x =  1.000e+00, pdf =  1.592e+06 at Q2 =  1.120e+02.
 In 2: id =  -11, x =  1.000e+00, pdf =  2.048e+07 at same Q2.

 Subprocess f fbar -> f' fbar' (s-channel gamma*) with code 223 is 2 -> 2.
 It has sHat =  1.120e+02,    tHat = -6.266e+00,    uHat = -1.057e+02,
       pTHat =  2.427e+00,   m3Hat =  3.300e-01,   m4Hat =  3.300e-01,
    thetaHat =  4.776e-01,  phiHat =  1.418e+00.
     alphaEM =  7.631e-03,  alphaS =  1.975e-01    at Q2 =  1.120e+02.

 Impact parameter b =  0.000e+00 gives enhancement factor =  1.000e+00.
 Max pT scale for MPI =  1.058e+01, ISR =  1.058e+01, FSR =  1.058e+01.
 Number of MPI =     1, ISR =     0, FSRproc =     5, FSRreson =     0.

 --------  End PYTHIA Info Listing  ------------------------------------

 --------  PYTHIA Event Listing  (hard process)  -----------------------------------------------------------------------------------
 
    no         id  name            status     mothers   daughters     colours      p_x        p_y        p_z         e          m 
     0         90  (system)           -11     0     0     0     0     0     0      0.000      0.000      3.000     11.000     10.583
     1         11  (e-)               -12     0     0     3     0     0     0      0.000      0.000      7.000      7.000      0.001
     2        -11  (e+)               -12     0     0     4     0     0     0      0.000      0.000     -4.000      4.000      0.001
     3         11  (e-)               -21     1     0     5     6     0     0      0.000      0.000      7.000      7.000      0.000
     4        -11  (e+)               -21     2     0     5     6     0     0      0.000      0.000     -4.000      4.000      0.000
     5          1  d                   23     3     4     0     0   101     0      0.370      2.399      6.375      6.830      0.330
     6         -1  dbar                23     3     4     0     0     0   101     -0.370     -2.399     -3.375      4.170      0.330
                                   Charge sum:  0.000           Momentum sum:      0.000      0.000      3.000     11.000     10.583

 --------  End PYTHIA Event Listing  -----------------------------------------------------------------------------------------------

 --------  PYTHIA Event Listing  (complete event)  ---------------------------------------------------------------------------------
 
    no         id  name            status     mothers   daughters     colours      p_x        p_y        p_z         e          m 
     0         90  (system)           -11     0     0     0     0     0     0      0.000      0.000      3.000     11.000     10.583
     1         11  (e-)               -12     0     0    22     0     0     0      0.000      0.000      7.000      7.000      0.001
     2        -11  (e+)               -12     0     0    23     0     0     0      0.000      0.000     -4.000      4.000      0.001
     3         11  (e-)               -21    22    22     5     6     0     0      0.000      0.000      7.000      7.000      0.000
     4        -11  (e+)               -21    23    23     5     6     0     0      0.000      0.000     -4.000      4.000      0.000
     5          1  (d)                -23     3     4     9     9   101     0      0.370      2.399      6.375      6.830      0.330
     6         -1  (dbar)             -23     3     4     7     8     0   101     -0.370     -2.399     -3.375      4.170      0.330
     7         -1  (dbar)             -51     6     0    25    25     0   102      0.643     -1.678     -2.073      2.763      0.330
     8         21  (g)                -51     6     0    12    12   102   101     -1.001     -0.646     -1.101      1.622      0.000
     9          1  (d)                -52     5     5    10    11   101     0      0.358      2.323      6.174      6.615      0.330
    10          1  (d)                -51     9     0    24    24   103     0     -0.636      0.814      1.639      1.966      0.330
    11         21  (g)                -51     9     0    13    14   101   103      0.918      1.460      4.451      4.773      0.000
    12         21  (g)                -52     8     8    15    15   102   101     -0.924     -0.596     -1.017      1.498      0.000
    13         21  (g)                -51    11     0    18    18   104   103      0.523      0.995      4.374      4.516      0.000
    14         21  (g)                -51    11     0    16    17   101   104      0.265      0.381     -0.067      0.468      0.000
    15         21  (g)                -52    12    12    19    20   102   101     -0.794     -0.512     -0.873      1.287      0.000
    16         21  (g)                -51    14     0    21    21   101   105      0.930      0.922      2.062      2.443      0.000
    17         21  (g)                -51    14     0    29    29   105   104     -0.386     -0.010      0.209      0.439      0.000
    18         21  (g)                -52    13    13    27    27   104   103      0.243      0.463      2.036      2.102      0.000
    19         21  (g)                -51    15     0    26    26   102   106     -0.601     -0.480     -0.969      1.238      0.000
    20         21  (g)                -51    15     0    30    30   106   101     -0.032      0.127      0.453      0.471      0.000
    21         21  (g)                -52    16    16    28    28   101   105      0.769      0.763      1.706      2.021      0.000
    22         11  (e-)               -61     1     0     3     3     0     0      0.000      0.000      7.000      7.000      0.000
    23        -11  (e+)               -61     2     0     4     4     0     0      0.000      0.000     -4.000      4.000      0.000
    24          1  d                   62    10    10     0     0   103     0     -0.636      0.814      1.639      1.966      0.330
    25         -1  dbar                62     7     7     0     0     0   102      0.643     -1.678     -2.073      2.763      0.330
    26         21  g                   62    19    19     0     0   102   106     -0.601     -0.480     -0.969      1.238      0.000
    27         21  g                   62    18    18     0     0   104   103      0.243      0.463      2.036      2.102      0.000
    28         21  g                   62    21    21     0     0   101   105      0.769      0.763      1.706      2.021      0.000
    29         21  g                   62    17    17     0     0   105   104     -0.386     -0.010      0.209      0.439      0.000
    30         21  g                   62    20    20     0     0   106   101     -0.032      0.127      0.453      0.471      0.000
    31         22  gamma               63     1     0     0     0     0     0      0.000      0.000      0.000      0.000      0.000
    32         22  gamma               63     2     0     0     0     0     0      0.000      0.000     -0.000      0.000      0.000
                                   Charge sum:  0.000           Momentum sum:     -0.000     -0.000      3.000     11.000     10.583

 --------  End PYTHIA Event Listing  -----------------------------------------------------------------------------------------------
 PYTHIA Warning in TauDecays::decay: unknown correlated tau production, assuming from unpolarized photon  

 Pythia::next(): 10000 events have been generated 

 Pythia::next(): 20000 events have been generated 

 Pythia::next(): 30000 events have been generated 

 Pythia::next(): 40000 events have been generated 

 Pythia::next(): 50000 events have been generated 
 PYTHIA Warning in PhaseSpace2to2tauyz::trialKin: maximum for cross section violated  

 Pythia::next(): 60000 events have been generated 

 Pythia::next(): 70000 events have been generated 

 Pythia::next(): 80000 events have been generated 

 Pythia::next(): 90000 events have been generated 

 *-------  PYTHIA Event and Cross Section Statistics  -------------------------------------------------------------*
 |                                                                                                                 |
 | Subprocess                                    Code |            Number of events       |      sigma +- delta    |
 |                                                    |       Tried   Selected   Accepted |     (estimated) (mb)   |
 |                                                    |                                   |                        |
 |-----------------------------------------------------------------------------------------------------------------|
 |                                                    |                                   |                        |
 | f fbar -> f' fbar' (s-channel gamma*)          223 |     2619659     100000     100000 |   6.005e-06  9.243e-09 |
 |                                                    |                                   |                        |
 | sum                                                |     2619659     100000     100000 |   6.005e-06  9.243e-09 |
 |                                                                                                                 |
 *-------  End PYTHIA Event and Cross Section Statistics ----------------------------------------------------------*

 *-------  PYTHIA Error and Warning Messages Statistics  ----------------------------------------------------------* 
 |                                                                                                                 | 
 |  times   message                                                                                                | 
 |                                                                                                                 | 
 |      1   Warning in PhaseSpace2to2tauyz::trialKin: maximum for cross section violated                           | 
 |  14696   Warning in TauDecays::decay: unknown correlated tau production, assuming from unpolarized photon       | 
 |                                                                                                                 | 
 *-------  End PYTHIA Error and Warning Messages Statistics  ------------------------------------------------------* 
Gammatau2xmu: 3.669e-14

Gammatau2xe: 3.751e-14

BRtau2xmu: 1.568e-02

BRtau2xe: 1.603e-02

BRtau2xmu + BRtau2xe: 3.171e-02

produced tau excluding those daughters are also tau lepton: 2.939e+04
produced X: 2.939e+04
produced X/NMC: 2.939e-01

Proportion of X flying forward (eta>0): 6.230e-01
Proportion of X flying backward (eta<0): 3.770e-01

Total Gamma [GeV]: 2.114e-12
ctau [m]: 9.333e-05

Gammax2tautau: 0.000e+00

Gammax2mumu: 2.104e-12

Gammax2ee: 1.041e-14

Gammax2gmgm: 0.000e+00

BRx2tautau: 0.000e+00

BRx2mumu: 9.951e-01

BRx2ee: 4.924e-03

BRx2gmgm: 0.000e+00

X: insideFidVol: 0.000e+00
observedX: 1.732e-91
visibleX: 0.000e+00

X Observed Fiducial efficiency: 5.892e-96
X Visible Fiducial efficiency: 0.000e+00

reallyProduced tau: 9.200e+10
total number of tau-tau events: 4.600e+10

reallyProducedX: 1.027e+09
reallyobservedX: 6.052e-87
reallyvisibleX: 0.000e+00

