mX:  1.1
g_AB_Lamb:  8e-08
g_CC_Lamb:  8e-07
NMC 100000

 *-------  PYTHIA Process Initialization  --------------------------*
 |                                                                  |
 | We collide e- with e+ at a CM energy of 1.058e+01 GeV            |
 |                                                                  |
 |------------------------------------------------------------------|
 |                                                    |             |
 | Subprocess                                    Code |   Estimated |
 |                                                    |    max (mb) |
 |                                                    |             |
 |------------------------------------------------------------------|
 |                                                    |             |
 | f fbar -> f' fbar' (s-channel gamma*)          223 |   1.667e-04 |
 |                                                                  |
 *-------  End PYTHIA Process Initialization -----------------------*

 *-------  PYTHIA Flag + Mode + Parm + Word + FVec + MVec + PVec + WVec Settings (changes only)  ------------------* 
 |                                                                                                                 | 
 | Name                                          |                      Now |      Default         Min         Max | 
 |                                               |                          |                                      | 
 | Beams:eA                                      |                  7.00000 |     7000.000         0.0             | 
 | Beams:eB                                      |                  4.00000 |     7000.000         0.0             | 
 | Beams:frameType                               |                        2 |            1           1           5 | 
 | Beams:idA                                     |                       11 |         2212                         | 
 | Beams:idB                                     |                      -11 |         2212                         | 
 | HadronLevel:Hadronize                         |                      off |           on                         | 
 | Next:numberCount                              |                    10000 |         1000           0             | 
 | PartonLevel:MPI                               |                      off |           on                         | 
 | Random:seed                                   |                        0 |           -1               900000000 | 
 | Random:setSeed                                |                       on |          off                         | 
 | WeakSingleBoson:ffbar2ffbar(s:gm)             |                       on |          off                         | 
 |                                                                                                                 | 
 *-------  End PYTHIA Flag + Mode + Parm + Word + FVec + MVec + PVec + WVec Settings  -----------------------------* 

 --------  PYTHIA Particle Data Table (changed only)  ------------------------------------------------------------------------------
 
      id   name            antiName         spn chg col      m0        mWidth      mMin       mMax       tau0    res dec ext vis wid
             no onMode   bRatio   meMode     products 

      15  tau-             tau+               2  -3   0    1.77682    0.00000    0.00000    0.00000  8.71100e-02   0   1   0   1   0
              0     1   0.0002334  103       36       13 
              1     1   0.0002397  103       36       11 

      36  x                                   1   0   0    1.10000    0.00000    0.00000    0.00000  7.68241e+00   0   1   0   0   0
              0     1   0.0000000  103       15      -15 
              1     1   0.9950960  103       13      -13 
              2     1   0.0049039  103       11      -11 
              3     1   0.0000000  103       22       22 

 --------  End PYTHIA Particle Data Table  -----------------------------------------------------------------------------------------


 --------  PYTHIA Info Listing  ---------------------------------------- 
 
 Beam A: id =     11, pz =  5.292e+00, e =  5.292e+00, m =  5.110e-04.
 Beam B: id =    -11, pz = -5.292e+00, e =  5.292e+00, m =  5.110e-04.

 In 1: id =   11, x =  1.000e+00, pdf =  1.330e+07 at Q2 =  1.104e+02.
 In 2: id =  -11, x =  9.858e-01, pdf =  2.572e+00 at same Q2.

 Subprocess f fbar -> f' fbar' (s-channel gamma*) with code 223 is 2 -> 2.
 It has sHat =  1.104e+02,    tHat = -8.765e+01,    uHat = -2.276e+01,
       pTHat =  4.074e+00,   m3Hat =  1.500e+00,   m4Hat =  1.500e+00,
    thetaHat =  2.199e+00,  phiHat =  8.098e-01.
     alphaEM =  7.631e-03,  alphaS =  1.978e-01    at Q2 =  1.104e+02.

 Impact parameter b =  0.000e+00 gives enhancement factor =  1.000e+00.
 Max pT scale for MPI =  1.058e+01, ISR =  1.051e+01, FSR =  1.051e+01.
 Number of MPI =     1, ISR =     1, FSRproc =     1, FSRreson =     0.

 --------  End PYTHIA Info Listing  ------------------------------------

 --------  PYTHIA Event Listing  (hard process)  -----------------------------------------------------------------------------------
 
    no         id  name            status     mothers   daughters     colours      p_x        p_y        p_z         e          m 
     0         90  (system)           -11     0     0     0     0     0     0      0.000      0.000      3.000     11.000     10.583
     1         11  (e-)               -12     0     0     3     0     0     0      0.000      0.000      7.000      7.000      0.001
     2        -11  (e+)               -12     0     0     4     0     0     0      0.000      0.000     -4.000      4.000      0.001
     3         11  (e-)               -21     1     0     5     6     0     0      0.000      0.000      7.000      7.000      0.000
     4        -11  (e+)               -21     2     0     5     6     0     0      0.000      0.000     -3.943      3.943      0.000
     5          4  c                   23     3     4     0     0   101     0      2.809      2.950     -1.553      4.611      1.500
     6         -4  cbar                23     3     4     0     0     0   101     -2.809     -2.950      4.610      6.332      1.500
                                   Charge sum:  0.000           Momentum sum:      0.000      0.000      3.057     10.943     10.508

 --------  End PYTHIA Event Listing  -----------------------------------------------------------------------------------------------

 --------  PYTHIA Event Listing  (complete event)  ---------------------------------------------------------------------------------
 
    no         id  name            status     mothers   daughters     colours      p_x        p_y        p_z         e          m 
     0         90  (system)           -11     0     0     0     0     0     0      0.000      0.000      3.000     11.000     10.583
     1         11  (e-)               -12     0     0    16     0     0     0      0.000      0.000      7.000      7.000      0.001
     2        -11  (e+)               -12     0     0    17     0     0     0      0.000      0.000     -4.000      4.000      0.001
     3         11  (e-)               -21    10    10     5     6     0     0      0.000      0.000      7.000      7.000      0.000
     4        -11  (e+)               -21    11     0     5     6     0     0      0.000      0.000     -3.943      3.943      0.000
     5          4  (c)                -23     3     4     9     9   101     0      2.809      2.950     -1.553      4.611      1.500
     6         -4  (cbar)             -23     3     4     7     8     0   101     -2.809     -2.950      4.610      6.332      1.500
     7         -4  (cbar)             -51     6     0    13    13     0   103     -2.163     -3.348      3.764      5.684      1.500
     8         21  (g)                -51     6     0    14    14   103   101     -0.383      0.675      0.688      1.037      0.000
     9          4  (c)                -52     5     5    12    12   101     0      2.546      2.674     -1.395      4.222      1.500
    10         11  (e-)               -42    16    16     3     3     0     0      0.000      0.000      7.000      7.000      0.000
    11        -11  (e+)               -41    17    17    15     4     0     0     -0.000     -0.000     -4.000      4.000      0.000
    12          4  (c)                -44     9     9    18    18   101     0      2.551      2.675     -1.393      4.225      1.500
    13         -4  (cbar)             -44     7     7    19    19     0   103     -2.161     -3.348      3.762      5.681      1.500
    14         21  (g)                -44     8     8    20    20   103   101     -0.383      0.675      0.688      1.037      0.000
    15         22  (gamma)            -43    11     0    21    21     0     0     -0.006     -0.001     -0.057      0.057      0.000
    16         11  (e-)               -61     1     0    10    10     0     0      0.000      0.000      7.000      7.000      0.000
    17        -11  (e+)               -61     2     0    11    11     0     0      0.000      0.000     -4.000      4.000      0.000
    18          4  c                   62    12    12     0     0   101     0      2.551      2.675     -1.393      4.225      1.500
    19         -4  cbar                62    13    13     0     0     0   103     -2.161     -3.348      3.762      5.681      1.500
    20         21  g                   62    14    14     0     0   103   101     -0.383      0.675      0.688      1.037      0.000
    21         22  gamma               62    15    15     0     0     0     0     -0.006     -0.001     -0.057      0.057      0.000
    22         22  gamma               63     1     0     0     0     0     0      0.000      0.000      0.000      0.000      0.000
    23         22  gamma               63     2     0     0     0     0     0      0.000      0.000     -0.000      0.000      0.000
                                   Charge sum:  0.000           Momentum sum:      0.000     -0.000      3.000     11.000     10.583

 --------  End PYTHIA Event Listing  -----------------------------------------------------------------------------------------------
 PYTHIA Warning in TauDecays::decay: unknown correlated tau production, assuming from unpolarized photon  

 Pythia::next(): 10000 events have been generated 

 Pythia::next(): 20000 events have been generated 

 Pythia::next(): 30000 events have been generated 

 Pythia::next(): 40000 events have been generated 

 Pythia::next(): 50000 events have been generated 

 Pythia::next(): 60000 events have been generated 

 Pythia::next(): 70000 events have been generated 

 Pythia::next(): 80000 events have been generated 

 Pythia::next(): 90000 events have been generated 

 *-------  PYTHIA Event and Cross Section Statistics  -------------------------------------------------------------*
 |                                                                                                                 |
 | Subprocess                                    Code |            Number of events       |      sigma +- delta    |
 |                                                    |       Tried   Selected   Accepted |     (estimated) (mb)   |
 |                                                    |                                   |                        |
 |-----------------------------------------------------------------------------------------------------------------|
 |                                                    |                                   |                        |
 | f fbar -> f' fbar' (s-channel gamma*)          223 |     2782485     100000     100000 |   5.992e-06  8.952e-09 |
 |                                                    |                                   |                        |
 | sum                                                |     2782485     100000     100000 |   5.992e-06  8.952e-09 |
 |                                                                                                                 |
 *-------  End PYTHIA Event and Cross Section Statistics ----------------------------------------------------------*

 *-------  PYTHIA Error and Warning Messages Statistics  ----------------------------------------------------------* 
 |                                                                                                                 | 
 |  times   message                                                                                                | 
 |                                                                                                                 | 
 |  14866   Warning in TauDecays::decay: unknown correlated tau production, assuming from unpolarized photon       | 
 |                                                                                                                 | 
 *-------  End PYTHIA Error and Warning Messages Statistics  ------------------------------------------------------* 
Gammatau2xmu: 5.291e-16

Gammatau2xe: 5.434e-16

BRtau2xmu: 2.334e-04

BRtau2xe: 2.397e-04

BRtau2xmu + BRtau2xe: 4.731e-04

produced tau excluding those daughters are also tau lepton: 2.973e+04
produced X: 2.973e+04
produced X/NMC: 2.973e-01

Proportion of X flying forward (eta>0): 6.237e-01
Proportion of X flying backward (eta<0): 3.763e-01

Total Gamma [GeV]: 2.569e-14
ctau [m]: 7.682e-03

Gammax2tautau: 0.000e+00

Gammax2mumu: 2.556e-14

Gammax2ee: 1.260e-16

Gammax2gmgm: 0.000e+00

BRx2tautau: 0.000e+00

BRx2mumu: 9.951e-01

BRx2ee: 4.904e-03

BRx2gmgm: 0.000e+00

X: insideFidVol: 2.490e+02
observedX: 2.591e+02
visibleX: 0.000e+00

X Observed Fiducial efficiency: 8.715e-03
X Visible Fiducial efficiency: 0.000e+00

reallyProduced tau: 9.200e+10
total number of tau-tau events: 4.600e+10

reallyProducedX: 1.533e+07
reallyobservedX: 1.336e+05
reallyvisibleX: 0.000e+00

