mX:  1.1
g_AB_Lamb:  2e-07
g_CC_Lamb:  1.5e-10
NMC 100000

 *-------  PYTHIA Process Initialization  --------------------------*
 |                                                                  |
 | We collide e- with e+ at a CM energy of 1.058e+01 GeV            |
 |                                                                  |
 |------------------------------------------------------------------|
 |                                                    |             |
 | Subprocess                                    Code |   Estimated |
 |                                                    |    max (mb) |
 |                                                    |             |
 |------------------------------------------------------------------|
 |                                                    |             |
 | f fbar -> f' fbar' (s-channel gamma*)          223 |   1.298e-04 |
 |                                                                  |
 *-------  End PYTHIA Process Initialization -----------------------*

 *-------  PYTHIA Flag + Mode + Parm + Word + FVec + MVec + PVec + WVec Settings (changes only)  ------------------* 
 |                                                                                                                 | 
 | Name                                          |                      Now |      Default         Min         Max | 
 |                                               |                          |                                      | 
 | Beams:eA                                      |                  7.00000 |     7000.000         0.0             | 
 | Beams:eB                                      |                  4.00000 |     7000.000         0.0             | 
 | Beams:frameType                               |                        2 |            1           1           5 | 
 | Beams:idA                                     |                       11 |         2212                         | 
 | Beams:idB                                     |                      -11 |         2212                         | 
 | HadronLevel:Hadronize                         |                      off |           on                         | 
 | Next:numberCount                              |                    10000 |         1000           0             | 
 | PartonLevel:MPI                               |                      off |           on                         | 
 | Random:seed                                   |                        0 |           -1               900000000 | 
 | Random:setSeed                                |                       on |          off                         | 
 | WeakSingleBoson:ffbar2ffbar(s:gm)             |                       on |          off                         | 
 |                                                                                                                 | 
 *-------  End PYTHIA Flag + Mode + Parm + Word + FVec + MVec + PVec + WVec Settings  -----------------------------* 

 --------  PYTHIA Particle Data Table (changed only)  ------------------------------------------------------------------------------
 
      id   name            antiName         spn chg col      m0        mWidth      mMin       mMax       tau0    res dec ext vis wid
             no onMode   bRatio   meMode     products 

      15  tau-             tau+               2  -3   0    1.77682    0.00000    0.00000    0.00000  8.71100e-02   0   1   0   1   0
              0     1   0.0014551  103       36       13 
              1     1   0.0014945  103       36       11 

      36  x                                   1   0   0    1.10000    0.00000    0.00000    0.00000  2.18522e+08   0   1   0   0   0
              0     1   0.0000000  103       15      -15 
              1     1   0.9950960  103       13      -13 
              2     1   0.0049039  103       11      -11 
              3     1   0.0000000  103       22       22 

 --------  End PYTHIA Particle Data Table  -----------------------------------------------------------------------------------------


 --------  PYTHIA Info Listing  ---------------------------------------- 
 
 Beam A: id =     11, pz =  5.292e+00, e =  5.292e+00, m =  5.110e-04.
 Beam B: id =    -11, pz = -5.292e+00, e =  5.292e+00, m =  5.110e-04.

 In 1: id =   11, x =  9.981e-01, pdf =  1.841e+01 at Q2 =  1.118e+02.
 In 2: id =  -11, x =  1.000e+00, pdf =  6.106e+02 at same Q2.

 Subprocess f fbar -> f' fbar' (s-channel gamma*) with code 223 is 2 -> 2.
 It has sHat =  1.118e+02,    tHat = -8.592e+00,    uHat = -1.032e+02,
       pTHat =  2.811e+00,   m3Hat =  3.300e-01,   m4Hat =  3.300e-01,
    thetaHat =  5.618e-01,  phiHat =  5.272e+00.
     alphaEM =  7.631e-03,  alphaS =  1.975e-01    at Q2 =  1.118e+02.

 Impact parameter b =  0.000e+00 gives enhancement factor =  1.000e+00.
 Max pT scale for MPI =  1.058e+01, ISR =  1.057e+01, FSR =  1.057e+01.
 Number of MPI =     1, ISR =     1, FSRproc =     2, FSRreson =     0.

 --------  End PYTHIA Info Listing  ------------------------------------

 --------  PYTHIA Event Listing  (hard process)  -----------------------------------------------------------------------------------
 
    no         id  name            status     mothers   daughters     colours      p_x        p_y        p_z         e          m 
     0         90  (system)           -11     0     0     0     0     0     0      0.000      0.000      3.000     11.000     10.583
     1         11  (e-)               -12     0     0     3     0     0     0      0.000      0.000      7.000      7.000      0.001
     2        -11  (e+)               -12     0     0     4     0     0     0      0.000      0.000     -4.000      4.000      0.001
     3         11  (e-)               -21     1     0     5     6     0     0      0.000      0.000      6.987      6.987      0.000
     4        -11  (e+)               -21     2     0     5     6     0     0      0.000      0.000     -4.000      4.000      0.000
     5          1  d                   23     3     4     0     0   101     0      1.493     -2.382      6.133      6.755      0.330
     6         -1  dbar                23     3     4     0     0     0   101     -1.493      2.382     -3.146      4.232      0.330
                                   Charge sum:  0.000           Momentum sum:      0.000      0.000      2.987     10.987     10.573

 --------  End PYTHIA Event Listing  -----------------------------------------------------------------------------------------------

 --------  PYTHIA Event Listing  (complete event)  ---------------------------------------------------------------------------------
 
    no         id  name            status     mothers   daughters     colours      p_x        p_y        p_z         e          m 
     0         90  (system)           -11     0     0     0     0     0     0      0.000      0.000      3.000     11.000     10.583
     1         11  (e-)               -12     0     0    20     0     0     0      0.000      0.000      7.000      7.000      0.001
     2        -11  (e+)               -12     0     0    21     0     0     0      0.000      0.000     -4.000      4.000      0.001
     3         11  (e-)               -21    13     0     5     6     0     0      0.000      0.000      6.987      6.987      0.000
     4        -11  (e+)               -21    14    14     5     6     0     0      0.000      0.000     -4.000      4.000      0.000
     5          1  (d)                -23     3     4     9     9   101     0      1.493     -2.382      6.133      6.755      0.330
     6         -1  (dbar)             -23     3     4     7     8     0   101     -1.493      2.382     -3.146      4.232      0.330
     7         -1  (dbar)             -51     6     0    10    11     0   103     -1.227      0.709     -2.417      2.821      0.330
     8         21  (g)                -51     6     0    12    12   103   101     -0.208      1.581     -0.493      1.669      0.000
     9          1  (d)                -52     5     5    15    15   101     0      1.435     -2.290      5.898      6.496      0.330
    10         -1  (dbar)             -51     7     0    16    16     0   104     -1.844      1.819     -2.318      3.492      0.330
    11         21  (g)                -51     7     0    18    18   104   103      0.446      0.186     -0.503      0.698      0.000
    12         21  (g)                -52     8     8    17    17   103   101     -0.038      0.285     -0.089      0.301      0.000
    13         11  (e-)               -41    20    20    19     3     0     0      0.000      0.000      7.000      7.000      0.000
    14        -11  (e+)               -42    21    21     4     4     0     0     -0.000      0.000     -4.000      4.000      0.000
    15          1  (d)                -44     9     9    22    22   101     0      1.434     -2.282      5.907      6.501      0.330
    16         -1  (dbar)             -44    10    10    23    23     0   104     -1.844      1.820     -2.316      3.490      0.330
    17         21  (g)                -44    12    12    24    24   103   101     -0.038      0.285     -0.089      0.301      0.000
    18         21  (g)                -44    11    11    25    25   104   103      0.446      0.186     -0.503      0.697      0.000
    19         22  (gamma)            -43    13     0    26    26     0     0      0.001     -0.010      0.001      0.010      0.000
    20         11  (e-)               -61     1     0    13    13     0     0     -0.000      0.000      7.000      7.000      0.000
    21        -11  (e+)               -61     2     0    14    14     0     0      0.000      0.000     -4.000      4.000      0.000
    22          1  d                   62    15    15     0     0   101     0      1.434     -2.282      5.907      6.501      0.330
    23         -1  dbar                62    16    16     0     0     0   104     -1.844      1.820     -2.316      3.490      0.330
    24         21  g                   62    17    17     0     0   103   101     -0.038      0.285     -0.089      0.301      0.000
    25         21  g                   62    18    18     0     0   104   103      0.446      0.186     -0.503      0.697      0.000
    26         22  gamma               62    19    19     0     0     0     0      0.001     -0.010      0.001      0.010      0.000
    27         22  gamma               63     1     0     0     0     0     0      0.000      0.000      0.000      0.000      0.000
    28         22  gamma               63     2     0     0     0     0     0      0.000      0.000     -0.000      0.000      0.000
                                   Charge sum:  0.000           Momentum sum:     -0.000      0.000      3.000     11.000     10.583

 --------  End PYTHIA Event Listing  -----------------------------------------------------------------------------------------------
 PYTHIA Warning in TauDecays::decay: unknown correlated tau production, assuming from unpolarized photon  
 PYTHIA Warning in PhaseSpace2to2tauyz::trialKin: maximum for cross section violated  

 Pythia::next(): 10000 events have been generated 

 Pythia::next(): 20000 events have been generated 

 Pythia::next(): 30000 events have been generated 

 Pythia::next(): 40000 events have been generated 

 Pythia::next(): 50000 events have been generated 

 Pythia::next(): 60000 events have been generated 

 Pythia::next(): 70000 events have been generated 

 Pythia::next(): 80000 events have been generated 
 PYTHIA Warning in PhaseSpace2to2tauyz::finalKin: failed after mass assignment  

 Pythia::next(): 90000 events have been generated 

 *-------  PYTHIA Event and Cross Section Statistics  -------------------------------------------------------------*
 |                                                                                                                 |
 | Subprocess                                    Code |            Number of events       |      sigma +- delta    |
 |                                                    |       Tried   Selected   Accepted |     (estimated) (mb)   |
 |                                                    |                                   |                        |
 |-----------------------------------------------------------------------------------------------------------------|
 |                                                    |                                   |                        |
 | f fbar -> f' fbar' (s-channel gamma*)          223 |     2166595     100001     100000 |   6.012e-06  1.009e-08 |
 |                                                    |                                   |                        |
 | sum                                                |     2166595     100001     100000 |   6.012e-06  1.009e-08 |
 |                                                                                                                 |
 *-------  End PYTHIA Event and Cross Section Statistics ----------------------------------------------------------*

 *-------  PYTHIA Error and Warning Messages Statistics  ----------------------------------------------------------* 
 |                                                                                                                 | 
 |  times   message                                                                                                | 
 |                                                                                                                 | 
 |      1   Warning in PhaseSpace2to2tauyz::finalKin: failed after mass assignment                                 | 
 |   2712   Warning in PhaseSpace2to2tauyz::trialKin: maximum for cross section violated                           | 
 |  14859   Warning in TauDecays::decay: unknown correlated tau production, assuming from unpolarized photon       | 
 |                                                                                                                 | 
 *-------  End PYTHIA Error and Warning Messages Statistics  ------------------------------------------------------* 
Gammatau2xmu: 3.307e-15

Gammatau2xe: 3.396e-15

BRtau2xmu: 1.455e-03

BRtau2xe: 1.495e-03

BRtau2xmu + BRtau2xe: 2.950e-03

produced tau excluding those daughters are also tau lepton: 2.972e+04
produced X: 2.972e+04
produced X/NMC: 2.972e-01

Proportion of X flying forward (eta>0): 6.225e-01
Proportion of X flying backward (eta<0): 3.775e-01

Total Gamma [GeV]: 9.030e-22
ctau [m]: 2.185e+05

Gammax2tautau: 0.000e+00

Gammax2mumu: 8.986e-22

Gammax2ee: 4.428e-24

Gammax2gmgm: 0.000e+00

BRx2tautau: 0.000e+00

BRx2mumu: 9.951e-01

BRx2ee: 4.904e-03

BRx2gmgm: 0.000e+00

X: insideFidVol: 0.000e+00
observedX: 3.722e-02
visibleX: 0.000e+00

X Observed Fiducial efficiency: 1.252e-06
X Visible Fiducial efficiency: 0.000e+00

reallyProduced tau: 9.200e+10
total number of tau-tau events: 4.600e+10

reallyProducedX: 9.555e+07
reallyobservedX: 1.197e+02
reallyvisibleX: 0.000e+00

