mX:  1.1
g_AB_Lamb:  1e-10
g_CC_Lamb:  6e-11
NMC 100000

 *-------  PYTHIA Process Initialization  --------------------------*
 |                                                                  |
 | We collide e- with e+ at a CM energy of 1.058e+01 GeV            |
 |                                                                  |
 |------------------------------------------------------------------|
 |                                                    |             |
 | Subprocess                                    Code |   Estimated |
 |                                                    |    max (mb) |
 |                                                    |             |
 |------------------------------------------------------------------|
 |                                                    |             |
 | f fbar -> f' fbar' (s-channel gamma*)          223 |   1.312e-04 |
 |                                                                  |
 *-------  End PYTHIA Process Initialization -----------------------*

 *-------  PYTHIA Flag + Mode + Parm + Word + FVec + MVec + PVec + WVec Settings (changes only)  ------------------* 
 |                                                                                                                 | 
 | Name                                          |                      Now |      Default         Min         Max | 
 |                                               |                          |                                      | 
 | Beams:eA                                      |                  7.00000 |     7000.000         0.0             | 
 | Beams:eB                                      |                  4.00000 |     7000.000         0.0             | 
 | Beams:frameType                               |                        2 |            1           1           5 | 
 | Beams:idA                                     |                       11 |         2212                         | 
 | Beams:idB                                     |                      -11 |         2212                         | 
 | HadronLevel:Hadronize                         |                      off |           on                         | 
 | Next:numberCount                              |                    10000 |         1000           0             | 
 | PartonLevel:MPI                               |                      off |           on                         | 
 | Random:seed                                   |                        0 |           -1               900000000 | 
 | Random:setSeed                                |                       on |          off                         | 
 | WeakSingleBoson:ffbar2ffbar(s:gm)             |                       on |          off                         | 
 |                                                                                                                 | 
 *-------  End PYTHIA Flag + Mode + Parm + Word + FVec + MVec + PVec + WVec Settings  -----------------------------* 

 --------  PYTHIA Particle Data Table (changed only)  ------------------------------------------------------------------------------
 
      id   name            antiName         spn chg col      m0        mWidth      mMin       mMax       tau0    res dec ext vis wid
             no onMode   bRatio   meMode     products 

      15  tau-             tau+               2  -3   0    1.77682    0.00000    0.00000    0.00000  8.71100e-02   0   1   0   1   0
              0     1   0.0000000  103       36       13 
              1     1   0.0000000  103       36       11 

      36  x                                   1   0   0    1.10000    0.00000    0.00000    0.00000  1.36576e+09   0   1   0   0   0
              0     1   0.0000000  103       15      -15 
              1     1   0.9950960  103       13      -13 
              2     1   0.0049039  103       11      -11 
              3     1   0.0000000  103       22       22 

 --------  End PYTHIA Particle Data Table  -----------------------------------------------------------------------------------------


 --------  PYTHIA Info Listing  ---------------------------------------- 
 
 Beam A: id =     11, pz =  5.292e+00, e =  5.292e+00, m =  5.110e-04.
 Beam B: id =    -11, pz = -5.292e+00, e =  5.292e+00, m =  5.110e-04.

 In 1: id =   11, x =  1.000e+00, pdf =  1.660e+07 at Q2 =  1.120e+02.
 In 2: id =  -11, x =  9.997e-01, pdf =  1.188e+02 at same Q2.

 Subprocess f fbar -> f' fbar' (s-channel gamma*) with code 223 is 2 -> 2.
 It has sHat =  1.120e+02,    tHat = -1.087e+02,    uHat = -3.244e+00,
       pTHat =  1.702e+00,   m3Hat =  1.500e+00,   m4Hat =  1.500e+00,
    thetaHat =  2.799e+00,  phiHat =  5.387e+00.
     alphaEM =  7.631e-03,  alphaS =  1.975e-01    at Q2 =  1.120e+02.

 Impact parameter b =  0.000e+00 gives enhancement factor =  1.000e+00.
 Max pT scale for MPI =  1.058e+01, ISR =  1.058e+01, FSR =  1.058e+01.
 Number of MPI =     1, ISR =     1, FSRproc =     1, FSRreson =     0.

 --------  End PYTHIA Info Listing  ------------------------------------

 --------  PYTHIA Event Listing  (hard process)  -----------------------------------------------------------------------------------
 
    no         id  name            status     mothers   daughters     colours      p_x        p_y        p_z         e          m 
     0         90  (system)           -11     0     0     0     0     0     0      0.000      0.000      3.000     11.000     10.583
     1         11  (e-)               -12     0     0     3     0     0     0      0.000      0.000      7.000      7.000      0.001
     2        -11  (e+)               -12     0     0     4     0     0     0      0.000      0.000     -4.000      4.000      0.001
     3         11  (e-)               -21     1     0     5     6     0     0      0.000      0.000      7.000      7.000      0.000
     4        -11  (e+)               -21     2     0     5     6     0     0      0.000      0.000     -3.999      3.999      0.000
     5          4  c                   23     3     4     0     0   101     0      1.063     -1.329     -3.468      4.144      1.500
     6         -4  cbar                23     3     4     0     0     0   101     -1.063      1.329      6.469      6.855      1.500
                                   Charge sum:  0.000           Momentum sum:      0.000      0.000      3.001     10.999     10.582

 --------  End PYTHIA Event Listing  -----------------------------------------------------------------------------------------------

 --------  PYTHIA Event Listing  (complete event)  ---------------------------------------------------------------------------------
 
    no         id  name            status     mothers   daughters     colours      p_x        p_y        p_z         e          m 
     0         90  (system)           -11     0     0     0     0     0     0      0.000      0.000      3.000     11.000     10.583
     1         11  (e-)               -12     0     0    16     0     0     0      0.000      0.000      7.000      7.000      0.001
     2        -11  (e+)               -12     0     0    17     0     0     0      0.000      0.000     -4.000      4.000      0.001
     3         11  (e-)               -21    10    10     5     6     0     0      0.000      0.000      7.000      7.000      0.000
     4        -11  (e+)               -21    11     0     5     6     0     0      0.000      0.000     -3.999      3.999      0.000
     5          4  (c)                -23     3     4     9     9   101     0      1.063     -1.329     -3.468      4.144      1.500
     6         -4  (cbar)             -23     3     4     7     8     0   101     -1.063      1.329      6.469      6.855      1.500
     7         -4  (cbar)             -51     6     0    13    13     0   103     -0.965      1.622      6.265      6.713      1.500
     8         21  (g)                -51     6     0    14    14   103   101     -0.029     -0.379     -0.030      0.382      0.000
     9          4  (c)                -52     5     5    12    12   101     0      0.994     -1.243     -3.234      3.904      1.500
    10         11  (e-)               -42    16    16     3     3     0     0      0.000      0.000      7.000      7.000      0.000
    11        -11  (e+)               -41    17    17    15     4     0     0     -0.000     -0.000     -4.000      4.000      0.000
    12          4  (c)                -44     9     9    18    18   101     0      0.994     -1.244     -3.235      3.905      1.500
    13         -4  (cbar)             -44     7     7    19    19     0   103     -0.965      1.622      6.264      6.712      1.500
    14         21  (g)                -44     8     8    20    20   103   101     -0.029     -0.379     -0.030      0.382      0.000
    15         22  (gamma)            -43    11     0    21    21     0     0      0.000      0.001      0.001      0.002      0.000
    16         11  (e-)               -61     1     0    10    10     0     0      0.000     -0.000      7.000      7.000      0.000
    17        -11  (e+)               -61     2     0    11    11     0     0     -0.000      0.000     -4.000      4.000      0.000
    18          4  c                   62    12    12     0     0   101     0      0.994     -1.244     -3.235      3.905      1.500
    19         -4  cbar                62    13    13     0     0     0   103     -0.965      1.622      6.264      6.712      1.500
    20         21  g                   62    14    14     0     0   103   101     -0.029     -0.379     -0.030      0.382      0.000
    21         22  gamma               62    15    15     0     0     0     0      0.000      0.001      0.001      0.002      0.000
    22         22  gamma               63     1     0     0     0     0     0      0.000      0.000      0.000      0.000      0.000
    23         22  gamma               63     2     0     0     0     0     0      0.000      0.000     -0.000      0.000      0.000
                                   Charge sum:  0.000           Momentum sum:     -0.000      0.000      3.000     11.000     10.583

 --------  End PYTHIA Event Listing  -----------------------------------------------------------------------------------------------
 PYTHIA Warning in PhaseSpace2to2tauyz::trialKin: maximum for cross section violated  
 PYTHIA Warning in TauDecays::decay: unknown correlated tau production, assuming from unpolarized photon  

 Pythia::next(): 10000 events have been generated 

 Pythia::next(): 20000 events have been generated 

 Pythia::next(): 30000 events have been generated 

 Pythia::next(): 40000 events have been generated 

 Pythia::next(): 50000 events have been generated 

 Pythia::next(): 60000 events have been generated 

 Pythia::next(): 70000 events have been generated 

 Pythia::next(): 80000 events have been generated 

 Pythia::next(): 90000 events have been generated 

 *-------  PYTHIA Event and Cross Section Statistics  -------------------------------------------------------------*
 |                                                                                                                 |
 | Subprocess                                    Code |            Number of events       |      sigma +- delta    |
 |                                                    |       Tried   Selected   Accepted |     (estimated) (mb)   |
 |                                                    |                                   |                        |
 |-----------------------------------------------------------------------------------------------------------------|
 |                                                    |                                   |                        |
 | f fbar -> f' fbar' (s-channel gamma*)          223 |     2198835     100000     100000 |   5.997e-06  1.007e-08 |
 |                                                    |                                   |                        |
 | sum                                                |     2198835     100000     100000 |   5.997e-06  1.007e-08 |
 |                                                                                                                 |
 *-------  End PYTHIA Event and Cross Section Statistics ----------------------------------------------------------*

 *-------  PYTHIA Error and Warning Messages Statistics  ----------------------------------------------------------* 
 |                                                                                                                 | 
 |  times   message                                                                                                | 
 |                                                                                                                 | 
 |   2844   Warning in PhaseSpace2to2tauyz::trialKin: maximum for cross section violated                           | 
 |  14871   Warning in TauDecays::decay: unknown correlated tau production, assuming from unpolarized photon       | 
 |                                                                                                                 | 
 *-------  End PYTHIA Error and Warning Messages Statistics  ------------------------------------------------------* 
Gammatau2xmu: 8.267e-22

Gammatau2xe: 8.491e-22

BRtau2xmu: 3.648e-10

BRtau2xe: 3.747e-10

BRtau2xmu + BRtau2xe: 7.396e-10

produced tau excluding those daughters are also tau lepton: 2.974e+04
produced X: 2.974e+04
produced X/NMC: 2.974e-01

Proportion of X flying forward (eta>0): 6.226e-01
Proportion of X flying backward (eta<0): 3.774e-01

Total Gamma [GeV]: 1.445e-22
ctau [m]: 1.366e+06

Gammax2tautau: 0.000e+00

Gammax2mumu: 1.438e-22

Gammax2ee: 7.085e-25

Gammax2gmgm: 0.000e+00

BRx2tautau: 0.000e+00

BRx2mumu: 9.951e-01

BRx2ee: 4.904e-03

BRx2gmgm: 0.000e+00

X: insideFidVol: 0.000e+00
observedX: 5.995e-03
visibleX: 0.000e+00

X Observed Fiducial efficiency: 2.016e-07
X Visible Fiducial efficiency: 0.000e+00

reallyProduced tau: 9.200e+10
total number of tau-tau events: 4.600e+10

reallyProducedX: 2.396e+01
reallyobservedX: 4.829e-06
reallyvisibleX: 0.000e+00

