mX:  1.1
g_AB_Lamb:  4e-08
g_CC_Lamb:  4e-10
NMC 100000

 *-------  PYTHIA Process Initialization  --------------------------*
 |                                                                  |
 | We collide e- with e+ at a CM energy of 1.058e+01 GeV            |
 |                                                                  |
 |------------------------------------------------------------------|
 |                                                    |             |
 | Subprocess                                    Code |   Estimated |
 |                                                    |    max (mb) |
 |                                                    |             |
 |------------------------------------------------------------------|
 |                                                    |             |
 | f fbar -> f' fbar' (s-channel gamma*)          223 |   1.488e-04 |
 |                                                                  |
 *-------  End PYTHIA Process Initialization -----------------------*

 *-------  PYTHIA Flag + Mode + Parm + Word + FVec + MVec + PVec + WVec Settings (changes only)  ------------------* 
 |                                                                                                                 | 
 | Name                                          |                      Now |      Default         Min         Max | 
 |                                               |                          |                                      | 
 | Beams:eA                                      |                  7.00000 |     7000.000         0.0             | 
 | Beams:eB                                      |                  4.00000 |     7000.000         0.0             | 
 | Beams:frameType                               |                        2 |            1           1           5 | 
 | Beams:idA                                     |                       11 |         2212                         | 
 | Beams:idB                                     |                      -11 |         2212                         | 
 | HadronLevel:Hadronize                         |                      off |           on                         | 
 | Next:numberCount                              |                    10000 |         1000           0             | 
 | PartonLevel:MPI                               |                      off |           on                         | 
 | Random:seed                                   |                        0 |           -1               900000000 | 
 | Random:setSeed                                |                       on |          off                         | 
 | WeakSingleBoson:ffbar2ffbar(s:gm)             |                       on |          off                         | 
 |                                                                                                                 | 
 *-------  End PYTHIA Flag + Mode + Parm + Word + FVec + MVec + PVec + WVec Settings  -----------------------------* 

 --------  PYTHIA Particle Data Table (changed only)  ------------------------------------------------------------------------------
 
      id   name            antiName         spn chg col      m0        mWidth      mMin       mMax       tau0    res dec ext vis wid
             no onMode   bRatio   meMode     products 

      15  tau-             tau+               2  -3   0    1.77682    0.00000    0.00000    0.00000  8.71100e-02   0   1   0   1   0
              0     1   0.0000584  103       36       13 
              1     1   0.0000600  103       36       11 

      36  x                                   1   0   0    1.10000    0.00000    0.00000    0.00000  3.07296e+07   0   1   0   0   0
              0     1   0.0000000  103       15      -15 
              1     1   0.9950960  103       13      -13 
              2     1   0.0049039  103       11      -11 
              3     1   0.0000000  103       22       22 

 --------  End PYTHIA Particle Data Table  -----------------------------------------------------------------------------------------

 PYTHIA Warning in TauDecays::decay: unknown correlated tau production, assuming from unpolarized photon  

 --------  PYTHIA Info Listing  ---------------------------------------- 
 
 Beam A: id =     11, pz =  5.292e+00, e =  5.292e+00, m =  5.110e-04.
 Beam B: id =    -11, pz = -5.292e+00, e =  5.292e+00, m =  5.110e-04.

 In 1: id =   11, x =  1.000e+00, pdf =  7.223e+06 at Q2 =  8.434e+01.
 In 2: id =  -11, x =  7.530e-01, pdf =  1.008e-01 at same Q2.

 Subprocess f fbar -> f' fbar' (s-channel gamma*) with code 223 is 2 -> 2.
 It has sHat =  8.434e+01,    tHat = -6.725e+01,    uHat = -1.709e+01,
       pTHat =  3.404e+00,   m3Hat =  1.777e+00,   m4Hat =  1.777e+00,
    thetaHat =  2.208e+00,  phiHat =  3.381e-01.
     alphaEM =  7.619e-03,  alphaS =  2.044e-01    at Q2 =  8.434e+01.

 Impact parameter b =  0.000e+00 gives enhancement factor =  1.000e+00.
 Max pT scale for MPI =  1.058e+01, ISR =  1.058e+01, FSR =  1.058e+01.
 Number of MPI =     1, ISR =     1, FSRproc =     1, FSRreson =     0.

 --------  End PYTHIA Info Listing  ------------------------------------

 --------  PYTHIA Event Listing  (hard process)  -----------------------------------------------------------------------------------
 
    no         id  name            status     mothers   daughters     colours      p_x        p_y        p_z         e          m 
     0         90  (system)           -11     0     0     0     0     0     0      0.000      0.000      3.000     11.000     10.583
     1         11  (e-)               -12     0     0     3     0     0     0      0.000      0.000      7.000      7.000      0.001
     2        -11  (e+)               -12     0     0     4     0     0     0      0.000      0.000     -4.000      4.000      0.001
     3         11  (e-)               -21     1     0     5     6     0     0      0.000      0.000      7.000      7.000      0.000
     4        -11  (e+)               -21     2     0     5     6     0     0      0.000      0.000     -3.012      3.012      0.000
     5         15  tau-                23     3     4     0     0     0     0      3.211      1.129     -0.752      3.912      1.777
     6        -15  tau+                23     3     4     0     0     0     0     -3.211     -1.129      4.740      6.100      1.777
                                   Charge sum:  0.000           Momentum sum:      0.000      0.000      3.988     10.012      9.184

 --------  End PYTHIA Event Listing  -----------------------------------------------------------------------------------------------

 --------  PYTHIA Event Listing  (complete event)  ---------------------------------------------------------------------------------
 
    no         id  name            status     mothers   daughters     colours      p_x        p_y        p_z         e          m 
     0         90  (system)           -11     0     0     0     0     0     0      0.000      0.000      3.000     11.000     10.583
     1         11  (e-)               -12     0     0    15     0     0     0      0.000      0.000      7.000      7.000      0.001
     2        -11  (e+)               -12     0     0    16     0     0     0      0.000      0.000     -4.000      4.000      0.001
     3         11  (e-)               -21     7     7     5     6     0     0      0.000      0.000      7.000      7.000      0.000
     4        -11  (e+)               -21     8     0     5     6     0     0      0.000      0.000     -3.012      3.012      0.000
     5         15  (tau-)             -23     3     4     9     9     0     0      3.211      1.129     -0.752      3.912      1.777
     6        -15  (tau+)             -23     3     4    10    10     0     0     -3.211     -1.129      4.740      6.100      1.777
     7         11  (e-)               -42    15    15     3     3     0     0      0.000     -0.000      7.000      7.000      0.000
     8        -11  (e+)               -41    16    16    11     4     0     0     -0.000      0.000     -4.000      4.000      0.000
     9         15  (tau-)             -44     5     5    14    14     0     0      3.222      1.114     -0.748      3.916      1.777
    10        -15  (tau+)             -44     6     6    12    13     0     0     -3.208     -1.133      4.736      6.096      1.777
    11         22  (gamma)            -43     8     0    19    19     0     0     -0.014      0.019     -0.988      0.988      0.000
    12        -15  (tau+)             -51    10     0    18    18     0     0     -3.208     -1.133      4.736      6.096      1.777
    13         22  (gamma)            -51    10     0    20    20     0     0     -0.000      0.000      0.000      0.000      0.000
    14         15  (tau-)             -52     9     9    17    17     0     0      3.222      1.114     -0.748      3.916      1.777
    15         11  (e-)               -61     1     0     7     7     0     0     -0.000      0.000      7.000      7.000      0.000
    16        -11  (e+)               -61     2     0     8     8     0     0      0.000     -0.000     -4.000      4.000      0.000
    17         15  (tau-)             -62    14    14    25    26     0     0      3.222      1.114     -0.748      3.916      1.777
    18        -15  (tau+)             -62    12    12    23    24     0     0     -3.208     -1.133      4.736      6.096      1.777
    19         22  gamma               62    11    11     0     0     0     0     -0.014      0.019     -0.988      0.988      0.000
    20         22  gamma               62    13    13     0     0     0     0     -0.000      0.000      0.000      0.000      0.000
    21         22  gamma               63     1     0     0     0     0     0      0.000      0.000      0.000      0.000      0.000
    22         22  gamma               63     2     0     0     0     0     0      0.000      0.000     -0.000      0.000      0.000
    23         36  (x)                -91    18     0    27    28     0     0     -2.364     -0.850      4.297      5.098      1.100
    24        -13  mu+                 91    18     0     0     0     0     0     -0.844     -0.284      0.438      0.998      0.106
    25         36  (x)                -91    17     0    29    30     0     0      3.082      1.035     -1.022      3.581      1.100
    26         13  mu-                 91    17     0     0     0     0     0      0.140      0.079      0.274      0.335      0.106
    27         13  mu-                 91    23     0     0     0     0     0     -1.682     -0.060      2.829      3.293      0.106
    28        -13  mu+                 91    23     0     0     0     0     0     -0.681     -0.789      1.468      1.804      0.106
    29         13  mu-                 91    25     0     0     0     0     0      1.941      0.479     -0.092      2.004      0.106
    30        -13  mu+                 91    25     0     0     0     0     0      1.141      0.556     -0.930      1.577      0.106
                                   Charge sum:  0.000           Momentum sum:      0.000     -0.000      3.000     11.000     10.583

 --------  End PYTHIA Event Listing  -----------------------------------------------------------------------------------------------
 PYTHIA Warning in PhaseSpace2to2tauyz::trialKin: maximum for cross section violated  

 Pythia::next(): 10000 events have been generated 

 Pythia::next(): 20000 events have been generated 

 Pythia::next(): 30000 events have been generated 

 Pythia::next(): 40000 events have been generated 

 Pythia::next(): 50000 events have been generated 

 Pythia::next(): 60000 events have been generated 

 Pythia::next(): 70000 events have been generated 

 Pythia::next(): 80000 events have been generated 

 Pythia::next(): 90000 events have been generated 

 *-------  PYTHIA Event and Cross Section Statistics  -------------------------------------------------------------*
 |                                                                                                                 |
 | Subprocess                                    Code |            Number of events       |      sigma +- delta    |
 |                                                    |       Tried   Selected   Accepted |     (estimated) (mb)   |
 |                                                    |                                   |                        |
 |-----------------------------------------------------------------------------------------------------------------|
 |                                                    |                                   |                        |
 | f fbar -> f' fbar' (s-channel gamma*)          223 |     2486548     100000     100000 |   5.998e-06  9.418e-09 |
 |                                                    |                                   |                        |
 | sum                                                |     2486548     100000     100000 |   5.998e-06  9.418e-09 |
 |                                                                                                                 |
 *-------  End PYTHIA Event and Cross Section Statistics ----------------------------------------------------------*

 *-------  PYTHIA Error and Warning Messages Statistics  ----------------------------------------------------------* 
 |                                                                                                                 | 
 |  times   message                                                                                                | 
 |                                                                                                                 | 
 |    199   Warning in PhaseSpace2to2tauyz::trialKin: maximum for cross section violated                           | 
 |  14608   Warning in TauDecays::decay: unknown correlated tau production, assuming from unpolarized photon       | 
 |                                                                                                                 | 
 *-------  End PYTHIA Error and Warning Messages Statistics  ------------------------------------------------------* 
Gammatau2xmu: 1.323e-16

Gammatau2xe: 1.359e-16

BRtau2xmu: 5.837e-05

BRtau2xe: 5.995e-05

BRtau2xmu + BRtau2xe: 1.183e-04

produced tau excluding those daughters are also tau lepton: 2.922e+04
produced X: 2.922e+04
produced X/NMC: 2.922e-01

Proportion of X flying forward (eta>0): 6.232e-01
Proportion of X flying backward (eta<0): 3.768e-01

Total Gamma [GeV]: 6.421e-21
ctau [m]: 3.073e+04

Gammax2tautau: 0.000e+00

Gammax2mumu: 6.390e-21

Gammax2ee: 3.149e-23

Gammax2gmgm: 0.000e+00

BRx2tautau: 0.000e+00

BRx2mumu: 9.951e-01

BRx2ee: 4.904e-03

BRx2gmgm: 0.000e+00

X: insideFidVol: 0.000e+00
observedX: 2.615e-01
visibleX: 0.000e+00

X Observed Fiducial efficiency: 8.949e-06
X Visible Fiducial efficiency: 0.000e+00

reallyProduced tau: 9.200e+10
total number of tau-tau events: 4.600e+10

reallyProducedX: 3.833e+06
reallyobservedX: 3.430e+01
reallyvisibleX: 0.000e+00

