mX:  0.22069
g_TM_Lamb:  4e-06
g_MM_Lamb:  4e-06
NMC 10000

 *-------  PYTHIA Process Initialization  --------------------------*
 |                                                                  |
 | We collide e- with e+ at a CM energy of 1.058e+01 GeV            |
 |                                                                  |
 |------------------------------------------------------------------|
 |                                                    |             |
 | Subprocess                                    Code |   Estimated |
 |                                                    |    max (mb) |
 |                                                    |             |
 |------------------------------------------------------------------|
 |                                                    |             |
 | f fbar -> f' fbar' (s-channel gamma*)          223 |   1.370e-04 |
 |                                                                  |
 *-------  End PYTHIA Process Initialization -----------------------*

 *-------  PYTHIA Flag + Mode + Parm + Word + FVec + MVec + PVec + WVec Settings (changes only)  ------------------* 
 |                                                                                                                 | 
 | Name                                          |                      Now |      Default         Min         Max | 
 |                                               |                          |                                      | 
 | Beams:eA                                      |                  7.00000 |     7000.000         0.0             | 
 | Beams:eB                                      |                  4.00000 |     7000.000         0.0             | 
 | Beams:frameType                               |                        2 |            1           1           5 | 
 | Beams:idA                                     |                       11 |         2212                         | 
 | Beams:idB                                     |                      -11 |         2212                         | 
 | HadronLevel:Hadronize                         |                      off |           on                         | 
 | Next:numberCount                              |                    10000 |         1000           0             | 
 | PartonLevel:MPI                               |                      off |           on                         | 
 | Random:seed                                   |                        0 |           -1               900000000 | 
 | Random:setSeed                                |                       on |          off                         | 
 | WeakSingleBoson:ffbar2ffbar(s:gm)             |                       on |          off                         | 
 |                                                                                                                 | 
 *-------  End PYTHIA Flag + Mode + Parm + Word + FVec + MVec + PVec + WVec Settings  -----------------------------* 

 --------  PYTHIA Particle Data Table (changed only)  ------------------------------------------------------------------------------
 
      id   name            antiName         spn chg col      m0        mWidth      mMin       mMax       tau0    res dec ext vis wid
             no onMode   bRatio   meMode     products 

      15  tau-             tau+               2  -3   0    1.77682    0.00000    0.00000    0.00000  8.71100e-02   0   1   0   1   0
              0     1   0.6018040  103       36       13 
              1     1   0.0000000  103       36       11 

      36  x                                   1   0   0    0.22069    0.00000    0.00000    0.00000  2.61125e+01   0   1   0   0   0
              0     1   0.0000000  103       15      -15 
              1     1   1.0000000  103       13      -13 
              2     1   0.0000000  103       11      -11 
              3     1   0.0000000  103       22       22 

 --------  End PYTHIA Particle Data Table  -----------------------------------------------------------------------------------------

 PYTHIA Warning in TauDecays::decay: unknown correlated tau production, assuming from unpolarized photon  

 --------  PYTHIA Info Listing  ---------------------------------------- 
 
 Beam A: id =     11, pz =  5.292e+00, e =  5.292e+00, m =  5.110e-04.
 Beam B: id =    -11, pz = -5.292e+00, e =  5.292e+00, m =  5.110e-04.

 In 1: id =   11, x =  1.000e+00, pdf =  2.046e+07 at Q2 =  1.120e+02.
 In 2: id =  -11, x =  9.999e-01, pdf =  3.747e+02 at same Q2.

 Subprocess f fbar -> f' fbar' (s-channel gamma*) with code 223 is 2 -> 2.
 It has sHat =  1.120e+02,    tHat = -9.199e+01,    uHat = -2.000e+01,
       pTHat =  3.818e+00,   m3Hat =  1.777e+00,   m4Hat =  1.777e+00,
    thetaHat =  2.269e+00,  phiHat =  5.807e+00.
     alphaEM =  7.631e-03,  alphaS =  1.975e-01    at Q2 =  1.120e+02.

 Impact parameter b =  0.000e+00 gives enhancement factor =  1.000e+00.
 Max pT scale for MPI =  1.058e+01, ISR =  1.058e+01, FSR =  1.058e+01.
 Number of MPI =     1, ISR =     0, FSRproc =     0, FSRreson =     0.

 --------  End PYTHIA Info Listing  ------------------------------------

 --------  PYTHIA Event Listing  (hard process)  -----------------------------------------------------------------------------------
 
    no         id  name            status     mothers   daughters     colours      p_x        p_y        p_z         e          m 
     0         90  (system)           -11     0     0     0     0     0     0      0.000      0.000      3.000     11.000     10.583
     1         11  (e-)               -12     0     0     3     0     0     0      0.000      0.000      7.000      7.000      0.001
     2        -11  (e+)               -12     0     0     4     0     0     0      0.000      0.000     -4.000      4.000      0.001
     3         11  (e-)               -21     1     0     5     6     0     0      0.000      0.000      7.000      7.000      0.000
     4        -11  (e+)               -21     2     0     5     6     0     0      0.000      0.000     -4.000      4.000      0.000
     5         15  tau-                23     3     4     0     0     0     0      3.393     -1.751     -1.830      4.592      1.777
     6        -15  tau+                23     3     4     0     0     0     0     -3.393      1.751      4.830      6.408      1.777
                                   Charge sum:  0.000           Momentum sum:      0.000      0.000      3.000     11.000     10.583

 --------  End PYTHIA Event Listing  -----------------------------------------------------------------------------------------------

 --------  PYTHIA Event Listing  (complete event)  ---------------------------------------------------------------------------------
 
    no         id  name            status     mothers   daughters     colours      p_x        p_y        p_z         e          m 
     0         90  (system)           -11     0     0     0     0     0     0      0.000      0.000      3.000     11.000     10.583
     1         11  (e-)               -12     0     0     7     0     0     0      0.000      0.000      7.000      7.000      0.001
     2        -11  (e+)               -12     0     0     8     0     0     0      0.000      0.000     -4.000      4.000      0.001
     3         11  (e-)               -21     7     7     5     6     0     0      0.000      0.000      7.000      7.000      0.000
     4        -11  (e+)               -21     8     8     5     6     0     0      0.000      0.000     -4.000      4.000      0.000
     5         15  (tau-)             -23     3     4     9     9     0     0      3.393     -1.751     -1.830      4.592      1.777
     6        -15  (tau+)             -23     3     4    10    10     0     0     -3.393      1.751      4.830      6.408      1.777
     7         11  (e-)               -61     1     0     3     3     0     0      0.000      0.000      7.000      7.000      0.000
     8        -11  (e+)               -61     2     0     4     4     0     0      0.000      0.000     -4.000      4.000      0.000
     9         15  (tau-)             -62     5     5    15    16     0     0      3.393     -1.751     -1.830      4.592      1.777
    10        -15  (tau+)             -62     6     6    13    14     0     0     -3.393      1.751      4.830      6.408      1.777
    11         22  gamma               63     1     0     0     0     0     0      0.000      0.000      0.000      0.000      0.000
    12         22  gamma               63     2     0     0     0     0     0      0.000      0.000     -0.000      0.000      0.000
    13         36  (x)                -91    10     0    17    18     0     0     -3.463      1.551      3.888      5.437      0.221
    14        -13  mu+                 91    10     0     0     0     0     0      0.070      0.200      0.941      0.971      0.106
    15         36  (x)                -91     9     0    19    20     0     0      2.493     -1.751     -2.025      3.665      0.221
    16         13  mu-                 91     9     0     0     0     0     0      0.900      0.001      0.195      0.927      0.106
    17         13  mu-                 91    13     0     0     0     0     0     -1.647      0.707      1.857      2.583      0.106
    18        -13  mu+                 91    13     0     0     0     0     0     -1.816      0.844      2.032      2.854      0.106
    19         13  mu-                 91    15     0     0     0     0     0      1.533     -1.097     -1.260      2.270      0.106
    20        -13  mu+                 91    15     0     0     0     0     0      0.960     -0.654     -0.765      1.395      0.106
                                   Charge sum:  0.000           Momentum sum:      0.000     -0.000      3.000     11.000     10.583

 --------  End PYTHIA Event Listing  -----------------------------------------------------------------------------------------------
 PYTHIA Warning in PhaseSpace2to2tauyz::trialKin: maximum for cross section violated  

 *-------  PYTHIA Event and Cross Section Statistics  -------------------------------------------------------------*
 |                                                                                                                 |
 | Subprocess                                    Code |            Number of events       |      sigma +- delta    |
 |                                                    |       Tried   Selected   Accepted |     (estimated) (mb)   |
 |                                                    |                                   |                        |
 |-----------------------------------------------------------------------------------------------------------------|
 |                                                    |                                   |                        |
 | f fbar -> f' fbar' (s-channel gamma*)          223 |      230052      10000      10000 |   6.010e-06  3.126e-08 |
 |                                                    |                                   |                        |
 | sum                                                |      230052      10000      10000 |   6.010e-06  3.126e-08 |
 |                                                                                                                 |
 *-------  End PYTHIA Event and Cross Section Statistics ----------------------------------------------------------*

 *-------  PYTHIA Error and Warning Messages Statistics  ----------------------------------------------------------* 
 |                                                                                                                 | 
 |  times   message                                                                                                | 
 |                                                                                                                 | 
 |    154   Warning in PhaseSpace2to2tauyz::trialKin: maximum for cross section violated                           | 
 |   1485   Warning in TauDecays::decay: unknown correlated tau production, assuming from unpolarized photon       | 
 |                                                                                                                 | 
 *-------  End PYTHIA Error and Warning Messages Statistics  ------------------------------------------------------* 
Gammatau2xmu: 3.424e-12

Gammatau2xe: 0.000e+00

BRtau2xmu: 6.018e-01

BRtau2xe: 0.000e+00

produced tau excluding those daughters are also tau lepton: 2.970e+03
produced X: 2.970e+03
produced X/NMC: 2.970e-01

Proportion of X flying forward (eta>0): 6.215e-01
Proportion of X flying backward (eta<0): 3.785e-01

Total Gamma [GeV]: 7.557e-15
ctau [m]: 2.611e-02

Gammax2tautau: 0.000e+00

Gammax2mumu: 7.557e-15

Gammax2ee: 0.000e+00

Gammax2gmgm: 0.000e+00

BRx2tautau: 0.000e+00

BRx2mumu: 1.000e+00

BRx2ee: 0.000e+00

BRx2gmgm: 0.000e+00

X: insideFidVol: 1.414e+03
observedX: 1.383e+03
visibleX: 1.383e+02

X Observed Fiducial efficiency: 4.658e-01
X Visible Fiducial efficiency: 4.658e-02

reallyProduced tau: 9.200e+10
total number of tau-tau events: 4.600e+10

reallyProducedX: 1.949e+10
reallyobservedX: 9.080e+09
reallyvisibleX: 9.080e+08

