mX:  0.643103
g_TM_Lamb:  8e-08
g_MM_Lamb:  8e-08
NMC 10000

 *-------  PYTHIA Process Initialization  --------------------------*
 |                                                                  |
 | We collide e- with e+ at a CM energy of 1.058e+01 GeV            |
 |                                                                  |
 |------------------------------------------------------------------|
 |                                                    |             |
 | Subprocess                                    Code |   Estimated |
 |                                                    |    max (mb) |
 |                                                    |             |
 |------------------------------------------------------------------|
 |                                                    |             |
 | f fbar -> f' fbar' (s-channel gamma*)          223 |   1.291e-04 |
 |                                                                  |
 *-------  End PYTHIA Process Initialization -----------------------*

 *-------  PYTHIA Flag + Mode + Parm + Word + FVec + MVec + PVec + WVec Settings (changes only)  ------------------* 
 |                                                                                                                 | 
 | Name                                          |                      Now |      Default         Min         Max | 
 |                                               |                          |                                      | 
 | Beams:eA                                      |                  7.00000 |     7000.000         0.0             | 
 | Beams:eB                                      |                  4.00000 |     7000.000         0.0             | 
 | Beams:frameType                               |                        2 |            1           1           5 | 
 | Beams:idA                                     |                       11 |         2212                         | 
 | Beams:idB                                     |                      -11 |         2212                         | 
 | HadronLevel:Hadronize                         |                      off |           on                         | 
 | Next:numberCount                              |                    10000 |         1000           0             | 
 | PartonLevel:MPI                               |                      off |           on                         | 
 | Random:seed                                   |                        0 |           -1               900000000 | 
 | Random:setSeed                                |                       on |          off                         | 
 | WeakSingleBoson:ffbar2ffbar(s:gm)             |                       on |          off                         | 
 |                                                                                                                 | 
 *-------  End PYTHIA Flag + Mode + Parm + Word + FVec + MVec + PVec + WVec Settings  -----------------------------* 

 --------  PYTHIA Particle Data Table (changed only)  ------------------------------------------------------------------------------
 
      id   name            antiName         spn chg col      m0        mWidth      mMin       mMax       tau0    res dec ext vis wid
             no onMode   bRatio   meMode     products 

      15  tau-             tau+               2  -3   0    1.77682    0.00000    0.00000    0.00000  8.71100e-02   0   1   0   1   0
              0     1   0.0004693  103       36       13 
              1     1   0.0000000  103       36       11 

      36  x                                   1   0   0    0.64310    0.00000    0.00000    0.00000  2.34694e+03   0   1   0   0   0
              0     1   0.0000000  103       15      -15 
              1     1   1.0000000  103       13      -13 
              2     1   0.0000000  103       11      -11 
              3     1   0.0000000  103       22       22 

 --------  End PYTHIA Particle Data Table  -----------------------------------------------------------------------------------------

 PYTHIA Warning in TauDecays::decay: unknown correlated tau production, assuming from unpolarized photon  

 --------  PYTHIA Info Listing  ---------------------------------------- 
 
 Beam A: id =     11, pz =  5.292e+00, e =  5.292e+00, m =  5.110e-04.
 Beam B: id =    -11, pz = -5.292e+00, e =  5.292e+00, m =  5.110e-04.

 In 1: id =   11, x =  9.826e-01, pdf =  1.984e+00 at Q2 =  3.164e+01.
 In 2: id =  -11, x =  2.875e-01, pdf =  9.147e-03 at same Q2.

 Subprocess f fbar -> f' fbar' (s-channel gamma*) with code 223 is 2 -> 2.
 It has sHat =  3.164e+01,    tHat = -2.757e+01,    uHat = -4.072e+00,
       pTHat =  1.460e+00,   m3Hat =  1.777e+00,   m4Hat =  1.777e+00,
    thetaHat =  2.408e+00,  phiHat =  5.173e+00.
     alphaEM =  7.580e-03,  alphaS =  2.329e-01    at Q2 =  3.164e+01.

 Impact parameter b =  0.000e+00 gives enhancement factor =  1.000e+00.
 Max pT scale for MPI =  1.058e+01, ISR =  1.058e+01, FSR =  1.058e+01.
 Number of MPI =     1, ISR =     2, FSRproc =     0, FSRreson =     0.

 --------  End PYTHIA Info Listing  ------------------------------------

 --------  PYTHIA Event Listing  (hard process)  -----------------------------------------------------------------------------------
 
    no         id  name            status     mothers   daughters     colours      p_x        p_y        p_z         e          m 
     0         90  (system)           -11     0     0     0     0     0     0      0.000      0.000      3.000     11.000     10.583
     1         11  (e-)               -12     0     0     3     0     0     0      0.000      0.000      7.000      7.000      0.001
     2        -11  (e+)               -12     0     0     4     0     0     0      0.000      0.000     -4.000      4.000      0.001
     3         11  (e-)               -21     1     0     5     6     0     0      0.000      0.000      6.878      6.878      0.000
     4        -11  (e+)               -21     2     0     5     6     0     0      0.000      0.000     -1.150      1.150      0.000
     5         15  tau-                23     3     4     0     0     0     0      0.649     -1.308      0.553      2.365      1.777
     6        -15  tau+                23     3     4     0     0     0     0     -0.649      1.308      5.175      5.663      1.777
                                   Charge sum:  0.000           Momentum sum:      0.000      0.000      5.728      8.028      5.625

 --------  End PYTHIA Event Listing  -----------------------------------------------------------------------------------------------

 --------  PYTHIA Event Listing  (complete event)  ---------------------------------------------------------------------------------
 
    no         id  name            status     mothers   daughters     colours      p_x        p_y        p_z         e          m 
     0         90  (system)           -11     0     0     0     0     0     0      0.000      0.000      3.000     11.000     10.583
     1         11  (e-)               -12     0     0    18     0     0     0      0.000      0.000      7.000      7.000      0.001
     2        -11  (e+)               -12     0     0    19     0     0     0      0.000      0.000     -4.000      4.000      0.001
     3         11  (e-)               -21     7     7     5     6     0     0      0.000      0.000      6.878      6.878      0.000
     4        -11  (e+)               -21     8     0     5     6     0     0      0.000      0.000     -1.150      1.150      0.000
     5         15  (tau-)             -23     3     4     9     9     0     0      0.649     -1.308      0.553      2.365      1.777
     6        -15  (tau+)             -23     3     4    10    10     0     0     -0.649      1.308      5.175      5.663      1.777
     7         11  (e-)               -42    12     0     3     3     0     0     -0.000      0.000      6.878      6.878      0.000
     8        -11  (e+)               -41    13    13    11     4     0     0      0.000     -0.000     -4.000      4.000      0.000
     9         15  (tau-)             -44     5     5    14    14     0     0      0.516     -0.773      0.160      2.012      1.777
    10        -15  (tau+)             -44     6     6    15    15     0     0     -0.684      1.452      5.500      5.998      1.777
    11         22  (gamma)            -43     8     0    16    16     0     0      0.169     -0.679     -2.781      2.868      0.000
    12         11  (e-)               -41    18    18    17     7     0     0      0.000      0.000      7.000      7.000      0.000
    13        -11  (e+)               -42    19    19     8     8     0     0      0.000     -0.000     -4.000      4.000      0.000
    14         15  (tau-)             -44     9     9    20    20     0     0      0.516     -0.774      0.160      2.012      1.777
    15        -15  (tau+)             -44    10    10    21    21     0     0     -0.683      1.451      5.500      5.998      1.777
    16         22  (gamma)            -44    11    11    22    22     0     0      0.169     -0.679     -2.782      2.868      0.000
    17         22  (gamma)            -43    12     0    23    23     0     0     -0.001      0.002      0.122      0.122      0.000
    18         11  (e-)               -61     1     0    12    12     0     0      0.000      0.000      7.000      7.000      0.000
    19        -11  (e+)               -61     2     0    13    13     0     0     -0.000     -0.000     -4.000      4.000      0.000
    20         15  (tau-)             -62    14    14    28    29     0     0      0.516     -0.774      0.160      2.012      1.777
    21        -15  (tau+)             -62    15    15    26    27     0     0     -0.683      1.451      5.500      5.998      1.777
    22         22  gamma               62    16    16     0     0     0     0      0.169     -0.679     -2.782      2.868      0.000
    23         22  gamma               62    17    17     0     0     0     0     -0.001      0.002      0.122      0.122      0.000
    24         22  gamma               63     1     0     0     0     0     0      0.000      0.000      0.000      0.000      0.000
    25         22  gamma               63     2     0     0     0     0     0      0.000      0.000     -0.000      0.000      0.000
    26         36  (x)                -91    21     0    30    31     0     0     -0.599      0.574      1.143      1.552      0.643
    27        -13  mu+                 91    21     0     0     0     0     0     -0.084      0.877      4.357      4.446      0.106
    28         36  (x)                -91    20     0    32    33     0     0     -0.358     -0.523      0.504      1.034      0.643
    29         13  mu-                 91    20     0     0     0     0     0      0.874     -0.251     -0.345      0.978      0.106
    30         13  mu-                 91    26     0     0     0     0     0     -0.153      0.497      0.852      1.004      0.106
    31        -13  mu+                 91    26     0     0     0     0     0     -0.446      0.077      0.292      0.548      0.106
    32         13  mu-                 91    28     0     0     0     0     0     -0.276     -0.054     -0.040      0.303      0.106
    33        -13  mu+                 91    28     0     0     0     0     0     -0.082     -0.469      0.545      0.731      0.106
                                   Charge sum:  0.000           Momentum sum:     -0.000     -0.000      3.000     11.000     10.583

 --------  End PYTHIA Event Listing  -----------------------------------------------------------------------------------------------
 PYTHIA Warning in PhaseSpace2to2tauyz::trialKin: maximum for cross section violated  

 *-------  PYTHIA Event and Cross Section Statistics  -------------------------------------------------------------*
 |                                                                                                                 |
 | Subprocess                                    Code |            Number of events       |      sigma +- delta    |
 |                                                    |       Tried   Selected   Accepted |     (estimated) (mb)   |
 |                                                    |                                   |                        |
 |-----------------------------------------------------------------------------------------------------------------|
 |                                                    |                                   |                        |
 | f fbar -> f' fbar' (s-channel gamma*)          223 |      219994      10000      10000 |   5.974e-06  3.180e-08 |
 |                                                    |                                   |                        |
 | sum                                                |      219994      10000      10000 |   5.974e-06  3.180e-08 |
 |                                                                                                                 |
 *-------  End PYTHIA Event and Cross Section Statistics ----------------------------------------------------------*

 *-------  PYTHIA Error and Warning Messages Statistics  ----------------------------------------------------------* 
 |                                                                                                                 | 
 |  times   message                                                                                                | 
 |                                                                                                                 | 
 |    302   Warning in PhaseSpace2to2tauyz::trialKin: maximum for cross section violated                           | 
 |   1498   Warning in TauDecays::decay: unknown correlated tau production, assuming from unpolarized photon       | 
 |                                                                                                                 | 
 *-------  End PYTHIA Error and Warning Messages Statistics  ------------------------------------------------------* 
Gammatau2xmu: 1.064e-15

Gammatau2xe: 0.000e+00

BRtau2xmu: 4.693e-04

BRtau2xe: 0.000e+00

produced tau excluding those daughters are also tau lepton: 2.996e+03
produced X: 2.996e+03
produced X/NMC: 2.996e-01

Proportion of X flying forward (eta>0): 6.222e-01
Proportion of X flying backward (eta<0): 3.778e-01

Total Gamma [GeV]: 8.408e-17
ctau [m]: 2.347e+00

Gammax2tautau: 0.000e+00

Gammax2mumu: 8.408e-17

Gammax2ee: 0.000e+00

Gammax2gmgm: 0.000e+00

BRx2tautau: 0.000e+00

BRx2mumu: 1.000e+00

BRx2ee: 0.000e+00

BRx2gmgm: 0.000e+00

X: insideFidVol: 2.820e+02
observedX: 2.672e+02
visibleX: 2.672e+01

X Observed Fiducial efficiency: 8.918e-02
X Visible Fiducial efficiency: 8.918e-03

reallyProduced tau: 9.200e+10
total number of tau-tau events: 4.600e+10

reallyProducedX: 1.520e+07
reallyobservedX: 1.356e+06
reallyvisibleX: 1.356e+05

