mX:  0.5
g_TM_Lamb:  4e-08
g_MM_Lamb:  2e-06
NMC 10000

 *-------  PYTHIA Process Initialization  --------------------------*
 |                                                                  |
 | We collide e- with e+ at a CM energy of 1.058e+01 GeV            |
 |                                                                  |
 |------------------------------------------------------------------|
 |                                                    |             |
 | Subprocess                                    Code |   Estimated |
 |                                                    |    max (mb) |
 |                                                    |             |
 |------------------------------------------------------------------|
 |                                                    |             |
 | f fbar -> f' fbar' (s-channel gamma*)          223 |   1.603e-04 |
 |                                                                  |
 *-------  End PYTHIA Process Initialization -----------------------*

 *-------  PYTHIA Flag + Mode + Parm + Word + FVec + MVec + PVec + WVec Settings (changes only)  ------------------* 
 |                                                                                                                 | 
 | Name                                          |                      Now |      Default         Min         Max | 
 |                                               |                          |                                      | 
 | Beams:eA                                      |                  7.00000 |     7000.000         0.0             | 
 | Beams:eB                                      |                  4.00000 |     7000.000         0.0             | 
 | Beams:frameType                               |                        2 |            1           1           5 | 
 | Beams:idA                                     |                       11 |         2212                         | 
 | Beams:idB                                     |                      -11 |         2212                         | 
 | HadronLevel:Hadronize                         |                      off |           on                         | 
 | Next:numberCount                              |                    10000 |         1000           0             | 
 | PartonLevel:MPI                               |                      off |           on                         | 
 | Random:seed                                   |                        0 |           -1               900000000 | 
 | Random:setSeed                                |                       on |          off                         | 
 | WeakSingleBoson:ffbar2ffbar(s:gm)             |                       on |          off                         | 
 |                                                                                                                 | 
 *-------  End PYTHIA Flag + Mode + Parm + Word + FVec + MVec + PVec + WVec Settings  -----------------------------* 

 --------  PYTHIA Particle Data Table (changed only)  ------------------------------------------------------------------------------
 
      id   name            antiName         spn chg col      m0        mWidth      mMin       mMax       tau0    res dec ext vis wid
             no onMode   bRatio   meMode     products 

      15  tau-             tau+               2  -3   0    1.77682    0.00000    0.00000    0.00000  8.71100e-02   0   1   0   1   0
              0     1   0.0001320  103       36       13 
              1     1   0.0000000  103       36       11 

      36  x                                   1   0   0    0.50000    0.00000    0.00000    0.00000  6.47381e+00   0   1   0   0   0
              0     1   0.0000000  103       15      -15 
              1     1   1.0000000  103       13      -13 
              2     1   0.0000000  103       11      -11 
              3     1   0.0000000  103       22       22 

 --------  End PYTHIA Particle Data Table  -----------------------------------------------------------------------------------------


 --------  PYTHIA Info Listing  ---------------------------------------- 
 
 Beam A: id =     11, pz =  5.292e+00, e =  5.292e+00, m =  5.110e-04.
 Beam B: id =    -11, pz = -5.292e+00, e =  5.292e+00, m =  5.110e-04.

 In 1: id =   11, x =  1.000e+00, pdf =  6.271e+02 at Q2 =  1.120e+02.
 In 2: id =  -11, x =  1.000e+00, pdf =  1.149e+06 at same Q2.

 Subprocess f fbar -> f' fbar' (s-channel gamma*) with code 223 is 2 -> 2.
 It has sHat =  1.120e+02,    tHat = -3.972e+00,    uHat = -1.080e+02,
       pTHat =  1.949e+00,   m3Hat =  5.000e-01,   m4Hat =  5.000e-01,
    thetaHat =  3.789e-01,  phiHat =  4.251e+00.
     alphaEM =  7.631e-03,  alphaS =  1.975e-01    at Q2 =  1.120e+02.

 Impact parameter b =  0.000e+00 gives enhancement factor =  1.000e+00.
 Max pT scale for MPI =  1.058e+01, ISR =  1.058e+01, FSR =  1.058e+01.
 Number of MPI =     1, ISR =     0, FSRproc =     4, FSRreson =     0.

 --------  End PYTHIA Info Listing  ------------------------------------

 --------  PYTHIA Event Listing  (hard process)  -----------------------------------------------------------------------------------
 
    no         id  name            status     mothers   daughters     colours      p_x        p_y        p_z         e          m 
     0         90  (system)           -11     0     0     0     0     0     0      0.000      0.000      3.000     11.000     10.583
     1         11  (e-)               -12     0     0     3     0     0     0      0.000      0.000      7.000      7.000      0.001
     2        -11  (e+)               -12     0     0     4     0     0     0      0.000      0.000     -4.000      4.000      0.001
     3         11  (e-)               -21     1     0     5     6     0     0      0.000      0.000      7.000      7.000      0.000
     4        -11  (e+)               -21     2     0     5     6     0     0      0.000      0.000     -4.000      4.000      0.000
     5          3  s                   23     3     4     0     0   101     0     -0.867     -1.745      6.587      6.887      0.500
     6         -3  sbar                23     3     4     0     0     0   101      0.867      1.745     -3.587      4.113      0.500
                                   Charge sum:  0.000           Momentum sum:      0.000      0.000      3.000     11.000     10.583

 --------  End PYTHIA Event Listing  -----------------------------------------------------------------------------------------------

 --------  PYTHIA Event Listing  (complete event)  ---------------------------------------------------------------------------------
 
    no         id  name            status     mothers   daughters     colours      p_x        p_y        p_z         e          m 
     0         90  (system)           -11     0     0     0     0     0     0      0.000      0.000      3.000     11.000     10.583
     1         11  (e-)               -12     0     0    19     0     0     0      0.000      0.000      7.000      7.000      0.001
     2        -11  (e+)               -12     0     0    20     0     0     0      0.000      0.000     -4.000      4.000      0.001
     3         11  (e-)               -21    19    19     5     6     0     0      0.000      0.000      7.000      7.000      0.000
     4        -11  (e+)               -21    20    20     5     6     0     0      0.000      0.000     -4.000      4.000      0.000
     5          3  (s)                -23     3     4     7     8   101     0     -0.867     -1.745      6.587      6.887      0.500
     6         -3  (sbar)             -23     3     4     9     9     0   101      0.867      1.745     -3.587      4.113      0.500
     7          3  (s)                -51     5     0    15    15   103     0     -0.742      2.439      2.752      3.785      0.500
     8         21  (g)                -51     5     0    10    11   101   103      0.165     -3.599      2.627      4.459      0.000
     9         -3  (sbar)             -52     6     6    12    12     0   101      0.577      1.160     -2.380      2.756      0.500
    10         21  (g)                -51     8     0    13    14   104   103     -0.390     -2.030      2.390      3.160      0.000
    11         21  (g)                -51     8     0    16    17   101   104      0.614     -1.448     -0.006      1.573      0.000
    12         -3  (sbar)             -52     9     9    18    18     0   101      0.519      1.039     -2.136      2.483      0.500
    13         21  (g)                -51    10     0    23    23   104   105     -0.295     -1.889      1.621      2.507      0.000
    14         21  (g)                -51    10     0    25    25   105   103     -0.211      0.254      1.195      1.240      0.000
    15          3  (s)                -52     7     7    21    21   103     0     -0.626      2.043      2.326      3.198      0.500
    16         21  (g)                -51    11     0    24    24   106   104      0.783     -1.154     -0.739      1.579      0.000
    17         21  (g)                -51    11     0    26    26   101   106     -0.088     -0.105      0.373      0.398      0.000
    18         -3  (sbar)             -52    12    12    22    22     0   101      0.437      0.851     -1.777      2.079      0.500
    19         11  (e-)               -61     1     0     3     3     0     0      0.000      0.000      7.000      7.000      0.000
    20        -11  (e+)               -61     2     0     4     4     0     0      0.000      0.000     -4.000      4.000      0.000
    21          3  s                   62    15    15     0     0   103     0     -0.626      2.043      2.326      3.198      0.500
    22         -3  sbar                62    18    18     0     0     0   101      0.437      0.851     -1.777      2.079      0.500
    23         21  g                   62    13    13     0     0   104   105     -0.295     -1.889      1.621      2.507      0.000
    24         21  g                   62    16    16     0     0   106   104      0.783     -1.154     -0.739      1.579      0.000
    25         21  g                   62    14    14     0     0   105   103     -0.211      0.254      1.195      1.240      0.000
    26         21  g                   62    17    17     0     0   101   106     -0.088     -0.105      0.373      0.398      0.000
    27         22  gamma               63     1     0     0     0     0     0      0.000      0.000      0.000      0.000      0.000
    28         22  gamma               63     2     0     0     0     0     0      0.000      0.000     -0.000      0.000      0.000
                                   Charge sum:  0.000           Momentum sum:     -0.000     -0.000      3.000     11.000     10.583

 --------  End PYTHIA Event Listing  -----------------------------------------------------------------------------------------------
 PYTHIA Warning in TauDecays::decay: unknown correlated tau production, assuming from unpolarized photon  

 *-------  PYTHIA Event and Cross Section Statistics  -------------------------------------------------------------*
 |                                                                                                                 |
 | Subprocess                                    Code |            Number of events       |      sigma +- delta    |
 |                                                    |       Tried   Selected   Accepted |     (estimated) (mb)   |
 |                                                    |                                   |                        |
 |-----------------------------------------------------------------------------------------------------------------|
 |                                                    |                                   |                        |
 | f fbar -> f' fbar' (s-channel gamma*)          223 |      266229      10000      10000 |   6.022e-06  2.873e-08 |
 |                                                    |                                   |                        |
 | sum                                                |      266229      10000      10000 |   6.022e-06  2.873e-08 |
 |                                                                                                                 |
 *-------  End PYTHIA Event and Cross Section Statistics ----------------------------------------------------------*

 *-------  PYTHIA Error and Warning Messages Statistics  ----------------------------------------------------------* 
 |                                                                                                                 | 
 |  times   message                                                                                                | 
 |                                                                                                                 | 
 |   1514   Warning in TauDecays::decay: unknown correlated tau production, assuming from unpolarized photon       | 
 |                                                                                                                 | 
 *-------  End PYTHIA Error and Warning Messages Statistics  ------------------------------------------------------* 
Gammatau2xmu: 2.991e-16

Gammatau2xe: 0.000e+00

BRtau2xmu: 1.320e-04

BRtau2xe: 0.000e+00

BRtau2xmu + BRtau2xe: 1.320e-04

produced tau excluding those daughters are also tau lepton: 3.028e+03
produced X: 3.028e+03
produced X/NMC: 3.028e-01

Proportion of X flying forward (eta>0): 6.133e-01
Proportion of X flying backward (eta<0): 3.867e-01

Total Gamma [GeV]: 3.048e-14
ctau [m]: 6.474e-03

Gammax2tautau: 0.000e+00

Gammax2mumu: 3.048e-14

Gammax2ee: 0.000e+00

Gammax2gmgm: 0.000e+00

BRx2tautau: 0.000e+00

BRx2mumu: 1.000e+00

BRx2ee: 0.000e+00

BRx2gmgm: 0.000e+00

X: insideFidVol: 1.280e+02
observedX: 1.226e+02
visibleX: 1.226e+01

X Observed Fiducial efficiency: 4.049e-02
X Visible Fiducial efficiency: 4.049e-03

reallyProduced tau: 9.200e+10
total number of tau-tau events: 4.600e+10

reallyProducedX: 4.275e+06
reallyobservedX: 1.731e+05
reallyvisibleX: 1.731e+04

