mX:  0.5
g_TM_Lamb:  3e-09
g_MM_Lamb:  1e-07
NMC 10000

 *-------  PYTHIA Process Initialization  --------------------------*
 |                                                                  |
 | We collide e- with e+ at a CM energy of 1.058e+01 GeV            |
 |                                                                  |
 |------------------------------------------------------------------|
 |                                                    |             |
 | Subprocess                                    Code |   Estimated |
 |                                                    |    max (mb) |
 |                                                    |             |
 |------------------------------------------------------------------|
 |                                                    |             |
 | f fbar -> f' fbar' (s-channel gamma*)          223 |   1.333e-04 |
 |                                                                  |
 *-------  End PYTHIA Process Initialization -----------------------*

 *-------  PYTHIA Flag + Mode + Parm + Word + FVec + MVec + PVec + WVec Settings (changes only)  ------------------* 
 |                                                                                                                 | 
 | Name                                          |                      Now |      Default         Min         Max | 
 |                                               |                          |                                      | 
 | Beams:eA                                      |                  7.00000 |     7000.000         0.0             | 
 | Beams:eB                                      |                  4.00000 |     7000.000         0.0             | 
 | Beams:frameType                               |                        2 |            1           1           5 | 
 | Beams:idA                                     |                       11 |         2212                         | 
 | Beams:idB                                     |                      -11 |         2212                         | 
 | HadronLevel:Hadronize                         |                      off |           on                         | 
 | Next:numberCount                              |                    10000 |         1000           0             | 
 | PartonLevel:MPI                               |                      off |           on                         | 
 | Random:seed                                   |                        0 |           -1               900000000 | 
 | Random:setSeed                                |                       on |          off                         | 
 | WeakSingleBoson:ffbar2ffbar(s:gm)             |                       on |          off                         | 
 |                                                                                                                 | 
 *-------  End PYTHIA Flag + Mode + Parm + Word + FVec + MVec + PVec + WVec Settings  -----------------------------* 

 --------  PYTHIA Particle Data Table (changed only)  ------------------------------------------------------------------------------
 
      id   name            antiName         spn chg col      m0        mWidth      mMin       mMax       tau0    res dec ext vis wid
             no onMode   bRatio   meMode     products 

      15  tau-             tau+               2  -3   0    1.77682    0.00000    0.00000    0.00000  8.71100e-02   0   1   0   1   0
              0     1   0.0000007  103       36       13 
              1     1   0.0000000  103       36       11 

      36  x                                   1   0   0    0.50000    0.00000    0.00000    0.00000  2.58952e+03   0   1   0   0   0
              0     1   0.0000000  103       15      -15 
              1     1   1.0000000  103       13      -13 
              2     1   0.0000000  103       11      -11 
              3     1   0.0000000  103       22       22 

 --------  End PYTHIA Particle Data Table  -----------------------------------------------------------------------------------------


 --------  PYTHIA Info Listing  ---------------------------------------- 
 
 Beam A: id =     11, pz =  5.292e+00, e =  5.292e+00, m =  5.110e-04.
 Beam B: id =    -11, pz = -5.292e+00, e =  5.292e+00, m =  5.110e-04.

 In 1: id =   11, x =  1.000e+00, pdf =  2.852e+07 at Q2 =  1.107e+02.
 In 2: id =  -11, x =  9.884e-01, pdf =  3.139e+00 at same Q2.

 Subprocess f fbar -> f' fbar' (s-channel gamma*) with code 223 is 2 -> 2.
 It has sHat =  1.107e+02,    tHat = -4.960e+01,    uHat = -6.110e+01,
       pTHat =  5.222e+00,   m3Hat =  3.300e-01,   m4Hat =  3.300e-01,
    thetaHat =  1.467e+00,  phiHat =  4.310e+00.
     alphaEM =  7.631e-03,  alphaS =  1.977e-01    at Q2 =  1.107e+02.

 Impact parameter b =  0.000e+00 gives enhancement factor =  1.000e+00.
 Max pT scale for MPI =  1.058e+01, ISR =  1.052e+01, FSR =  1.052e+01.
 Number of MPI =     1, ISR =     1, FSRproc =     2, FSRreson =     0.

 --------  End PYTHIA Info Listing  ------------------------------------

 --------  PYTHIA Event Listing  (hard process)  -----------------------------------------------------------------------------------
 
    no         id  name            status     mothers   daughters     colours      p_x        p_y        p_z         e          m 
     0         90  (system)           -11     0     0     0     0     0     0      0.000      0.000      3.000     11.000     10.583
     1         11  (e-)               -12     0     0     3     0     0     0      0.000      0.000      7.000      7.000      0.001
     2        -11  (e+)               -12     0     0     4     0     0     0      0.000      0.000     -4.000      4.000      0.001
     3         11  (e-)               -21     1     0     5     6     0     0      0.000      0.000      7.000      7.000      0.000
     4        -11  (e+)               -21     2     0     5     6     0     0      0.000      0.000     -3.954      3.954      0.000
     5          2  u                   23     3     4     0     0   101     0     -2.047     -4.804      2.091      5.635      0.330
     6         -2  ubar                23     3     4     0     0     0   101      2.047      4.804      0.956      5.319      0.330
                                   Charge sum:  0.000           Momentum sum:      0.000      0.000      3.046     10.954     10.521

 --------  End PYTHIA Event Listing  -----------------------------------------------------------------------------------------------

 --------  PYTHIA Event Listing  (complete event)  ---------------------------------------------------------------------------------
 
    no         id  name            status     mothers   daughters     colours      p_x        p_y        p_z         e          m 
     0         90  (system)           -11     0     0     0     0     0     0      0.000      0.000      3.000     11.000     10.583
     1         11  (e-)               -12     0     0    20     0     0     0      0.000      0.000      7.000      7.000      0.001
     2        -11  (e+)               -12     0     0    21     0     0     0      0.000      0.000     -4.000      4.000      0.001
     3         11  (e-)               -21    13    13     5     6     0     0      0.000      0.000      7.000      7.000      0.000
     4        -11  (e+)               -21    14     0     5     6     0     0      0.000      0.000     -3.954      3.954      0.000
     5          2  (u)                -23     3     4     7     8   101     0     -2.047     -4.804      2.091      5.635      0.330
     6         -2  (ubar)             -23     3     4     9     9     0   101      2.047      4.804      0.956      5.319      0.330
     7          2  (u)                -51     5     0    15    15   104     0     -0.486     -3.276      2.180      3.979      0.330
     8         21  (g)                -51     5     0    12    12   101   104     -1.453     -1.276     -0.040      1.934      0.000
     9         -2  (ubar)             -52     6     6    10    11     0   101      1.939      4.552      0.906      5.041      0.330
    10         -2  (ubar)             -51     9     0    16    16     0   105      1.513      3.305      1.603      3.987      0.330
    11         21  (g)                -51     9     0    18    18   105   101      0.235      1.078     -0.703      1.308      0.000
    12         21  (g)                -52     8     8    17    17   101   104     -1.262     -1.108     -0.034      1.679      0.000
    13         11  (e-)               -42    20    20     3     3     0     0     -0.000     -0.000      7.000      7.000      0.000
    14        -11  (e+)               -41    21    21    19     4     0     0      0.000      0.000     -4.000      4.000      0.000
    15          2  (u)                -44     7     7    22    22   104     0     -0.485     -3.276      2.180      3.978      0.330
    16         -2  (ubar)             -44    10    10    23    23     0   105      1.514      3.305      1.604      3.988      0.330
    17         21  (g)                -44    12    12    24    24   101   104     -1.261     -1.108     -0.035      1.679      0.000
    18         21  (g)                -44    11    11    25    25   105   101      0.235      1.079     -0.703      1.309      0.000
    19         22  (gamma)            -43    14     0    26    26     0     0     -0.003     -0.000     -0.046      0.046      0.000
    20         11  (e-)               -61     1     0    13    13     0     0     -0.000      0.000      7.000      7.000      0.000
    21        -11  (e+)               -61     2     0    14    14     0     0      0.000     -0.000     -4.000      4.000      0.000
    22          2  u                   62    15    15     0     0   104     0     -0.485     -3.276      2.180      3.978      0.330
    23         -2  ubar                62    16    16     0     0     0   105      1.514      3.305      1.604      3.988      0.330
    24         21  g                   62    17    17     0     0   101   104     -1.261     -1.108     -0.035      1.679      0.000
    25         21  g                   62    18    18     0     0   105   101      0.235      1.079     -0.703      1.309      0.000
    26         22  gamma               62    19    19     0     0     0     0     -0.003     -0.000     -0.046      0.046      0.000
    27         22  gamma               63     1     0     0     0     0     0      0.000      0.000      0.000      0.000      0.000
    28         22  gamma               63     2     0     0     0     0     0      0.000      0.000     -0.000      0.000      0.000
                                   Charge sum:  0.000           Momentum sum:      0.000      0.000      3.000     11.000     10.583

 --------  End PYTHIA Event Listing  -----------------------------------------------------------------------------------------------
 PYTHIA Warning in TauDecays::decay: unknown correlated tau production, assuming from unpolarized photon  
 PYTHIA Warning in PhaseSpace2to2tauyz::trialKin: maximum for cross section violated  

 *-------  PYTHIA Event and Cross Section Statistics  -------------------------------------------------------------*
 |                                                                                                                 |
 | Subprocess                                    Code |            Number of events       |      sigma +- delta    |
 |                                                    |       Tried   Selected   Accepted |     (estimated) (mb)   |
 |                                                    |                                   |                        |
 |-----------------------------------------------------------------------------------------------------------------|
 |                                                    |                                   |                        |
 | f fbar -> f' fbar' (s-channel gamma*)          223 |      223272      10000      10000 |   6.010e-06  3.189e-08 |
 |                                                    |                                   |                        |
 | sum                                                |      223272      10000      10000 |   6.010e-06  3.189e-08 |
 |                                                                                                                 |
 *-------  End PYTHIA Event and Cross Section Statistics ----------------------------------------------------------*

 *-------  PYTHIA Error and Warning Messages Statistics  ----------------------------------------------------------* 
 |                                                                                                                 | 
 |  times   message                                                                                                | 
 |                                                                                                                 | 
 |    262   Warning in PhaseSpace2to2tauyz::trialKin: maximum for cross section violated                           | 
 |   1455   Warning in TauDecays::decay: unknown correlated tau production, assuming from unpolarized photon       | 
 |                                                                                                                 | 
 *-------  End PYTHIA Error and Warning Messages Statistics  ------------------------------------------------------* 
Gammatau2xmu: 1.682e-18

Gammatau2xe: 0.000e+00

BRtau2xmu: 7.424e-07

BRtau2xe: 0.000e+00

BRtau2xmu + BRtau2xe: 7.424e-07

produced tau excluding those daughters are also tau lepton: 2.910e+03
produced X: 2.910e+03
produced X/NMC: 2.910e-01

Proportion of X flying forward (eta>0): 6.302e-01
Proportion of X flying backward (eta<0): 3.698e-01

Total Gamma [GeV]: 7.620e-17
ctau [m]: 2.590e+00

Gammax2tautau: 0.000e+00

Gammax2mumu: 7.620e-17

Gammax2ee: 0.000e+00

Gammax2gmgm: 0.000e+00

BRx2tautau: 0.000e+00

BRx2mumu: 1.000e+00

BRx2ee: 0.000e+00

BRx2gmgm: 0.000e+00

X: insideFidVol: 2.220e+02
observedX: 2.234e+02
visibleX: 2.234e+01

X Observed Fiducial efficiency: 7.677e-02
X Visible Fiducial efficiency: 7.677e-03

reallyProduced tau: 9.200e+10
total number of tau-tau events: 4.600e+10

reallyProducedX: 2.405e+04
reallyobservedX: 1.846e+03
reallyvisibleX: 1.846e+02

