mX:  0.5
g_TM_Lamb:  8e-09
g_MM_Lamb:  3e-05
NMC 10000

 *-------  PYTHIA Process Initialization  --------------------------*
 |                                                                  |
 | We collide e- with e+ at a CM energy of 1.058e+01 GeV            |
 |                                                                  |
 |------------------------------------------------------------------|
 |                                                    |             |
 | Subprocess                                    Code |   Estimated |
 |                                                    |    max (mb) |
 |                                                    |             |
 |------------------------------------------------------------------|
 |                                                    |             |
 | f fbar -> f' fbar' (s-channel gamma*)          223 |   1.414e-04 |
 |                                                                  |
 *-------  End PYTHIA Process Initialization -----------------------*

 *-------  PYTHIA Flag + Mode + Parm + Word + FVec + MVec + PVec + WVec Settings (changes only)  ------------------* 
 |                                                                                                                 | 
 | Name                                          |                      Now |      Default         Min         Max | 
 |                                               |                          |                                      | 
 | Beams:eA                                      |                  7.00000 |     7000.000         0.0             | 
 | Beams:eB                                      |                  4.00000 |     7000.000         0.0             | 
 | Beams:frameType                               |                        2 |            1           1           5 | 
 | Beams:idA                                     |                       11 |         2212                         | 
 | Beams:idB                                     |                      -11 |         2212                         | 
 | HadronLevel:Hadronize                         |                      off |           on                         | 
 | Next:numberCount                              |                    10000 |         1000           0             | 
 | PartonLevel:MPI                               |                      off |           on                         | 
 | Random:seed                                   |                        0 |           -1               900000000 | 
 | Random:setSeed                                |                       on |          off                         | 
 | WeakSingleBoson:ffbar2ffbar(s:gm)             |                       on |          off                         | 
 |                                                                                                                 | 
 *-------  End PYTHIA Flag + Mode + Parm + Word + FVec + MVec + PVec + WVec Settings  -----------------------------* 

 --------  PYTHIA Particle Data Table (changed only)  ------------------------------------------------------------------------------
 
      id   name            antiName         spn chg col      m0        mWidth      mMin       mMax       tau0    res dec ext vis wid
             no onMode   bRatio   meMode     products 

      15  tau-             tau+               2  -3   0    1.77682    0.00000    0.00000    0.00000  8.71100e-02   0   1   0   1   0
              0     1   0.0000053  103       36       13 
              1     1   0.0000000  103       36       11 

      36  x                                   1   0   0    0.50000    0.00000    0.00000    0.00000  2.87725e-02   0   1   0   0   0
              0     1   0.0000000  103       15      -15 
              1     1   1.0000000  103       13      -13 
              2     1   0.0000000  103       11      -11 
              3     1   0.0000000  103       22       22 

 --------  End PYTHIA Particle Data Table  -----------------------------------------------------------------------------------------


 --------  PYTHIA Info Listing  ---------------------------------------- 
 
 Beam A: id =     11, pz =  5.292e+00, e =  5.292e+00, m =  5.110e-04.
 Beam B: id =    -11, pz = -5.292e+00, e =  5.292e+00, m =  5.110e-04.

 In 1: id =   11, x =  1.000e+00, pdf =  1.163e+07 at Q2 =  1.120e+02.
 In 2: id =  -11, x =  1.000e+00, pdf =  2.221e+07 at same Q2.

 Subprocess f fbar -> f' fbar' (s-channel gamma*) with code 223 is 2 -> 2.
 It has sHat =  1.120e+02,    tHat = -7.365e+01,    uHat = -3.835e+01,
       pTHat =  4.816e+00,   m3Hat =  1.500e+00,   m4Hat =  1.500e+00,
    thetaHat =  1.891e+00,  phiHat =  6.033e+00.
     alphaEM =  7.631e-03,  alphaS =  1.975e-01    at Q2 =  1.120e+02.

 Impact parameter b =  0.000e+00 gives enhancement factor =  1.000e+00.
 Max pT scale for MPI =  1.058e+01, ISR =  1.058e+01, FSR =  1.058e+01.
 Number of MPI =     1, ISR =     0, FSRproc =     2, FSRreson =     0.

 --------  End PYTHIA Info Listing  ------------------------------------

 --------  PYTHIA Event Listing  (hard process)  -----------------------------------------------------------------------------------
 
    no         id  name            status     mothers   daughters     colours      p_x        p_y        p_z         e          m 
     0         90  (system)           -11     0     0     0     0     0     0      0.000      0.000      3.000     11.000     10.583
     1         11  (e-)               -12     0     0     3     0     0     0      0.000      0.000      7.000      7.000      0.001
     2        -11  (e+)               -12     0     0     4     0     0     0      0.000      0.000     -4.000      4.000      0.001
     3         11  (e-)               -21     1     0     5     6     0     0      0.000      0.000      7.000      7.000      0.000
     4        -11  (e+)               -21     2     0     5     6     0     0      0.000      0.000     -4.000      4.000      0.000
     5          4  c                   23     3     4     0     0   101     0      4.666     -1.193     -0.163      5.047      1.500
     6         -4  cbar                23     3     4     0     0     0   101     -4.666      1.193      3.163      5.953      1.500
                                   Charge sum:  0.000           Momentum sum:      0.000      0.000      3.000     11.000     10.583

 --------  End PYTHIA Event Listing  -----------------------------------------------------------------------------------------------

 --------  PYTHIA Event Listing  (complete event)  ---------------------------------------------------------------------------------
 
    no         id  name            status     mothers   daughters     colours      p_x        p_y        p_z         e          m 
     0         90  (system)           -11     0     0     0     0     0     0      0.000      0.000      3.000     11.000     10.583
     1         11  (e-)               -12     0     0    13     0     0     0      0.000      0.000      7.000      7.000      0.001
     2        -11  (e+)               -12     0     0    14     0     0     0      0.000      0.000     -4.000      4.000      0.001
     3         11  (e-)               -21    13    13     5     6     0     0      0.000      0.000      7.000      7.000      0.000
     4        -11  (e+)               -21    14    14     5     6     0     0      0.000      0.000     -4.000      4.000      0.000
     5          4  (c)                -23     3     4     7     8   101     0      4.666     -1.193     -0.163      5.047      1.500
     6         -4  (cbar)             -23     3     4     9     9     0   101     -4.666      1.193      3.163      5.953      1.500
     7          4  (c)                -51     5     0    12    12   102     0      4.134     -1.664      0.473      4.726      1.500
     8         21  (g)                -51     5     0    10    11   101   102      0.192      0.558     -0.414      0.721      0.000
     9         -4  (cbar)             -52     6     6    16    16     0   101     -4.326      1.107      2.942      5.553      1.500
    10         21  (g)                -51     8     0    17    17   101   103      0.161     -0.405     -0.384      0.580      0.000
    11         21  (g)                -51     8     0    18    18   103   102      0.873      0.533      0.128      1.030      0.000
    12          4  (c)                -52     7     7    15    15   102     0      3.293     -1.234      0.314      3.836      1.500
    13         11  (e-)               -61     1     0     3     3     0     0      0.000      0.000      7.000      7.000      0.000
    14        -11  (e+)               -61     2     0     4     4     0     0      0.000      0.000     -4.000      4.000      0.000
    15          4  c                   62    12    12     0     0   102     0      3.293     -1.234      0.314      3.836      1.500
    16         -4  cbar                62     9     9     0     0     0   101     -4.326      1.107      2.942      5.553      1.500
    17         21  g                   62    10    10     0     0   101   103      0.161     -0.405     -0.384      0.580      0.000
    18         21  g                   62    11    11     0     0   103   102      0.873      0.533      0.128      1.030      0.000
    19         22  gamma               63     1     0     0     0     0     0      0.000      0.000      0.000      0.000      0.000
    20         22  gamma               63     2     0     0     0     0     0      0.000      0.000     -0.000      0.000      0.000
                                   Charge sum:  0.000           Momentum sum:     -0.000      0.000      3.000     11.000     10.583

 --------  End PYTHIA Event Listing  -----------------------------------------------------------------------------------------------
 PYTHIA Warning in TauDecays::decay: unknown correlated tau production, assuming from unpolarized photon  
 PYTHIA Warning in PhaseSpace2to2tauyz::trialKin: maximum for cross section violated  

 *-------  PYTHIA Event and Cross Section Statistics  -------------------------------------------------------------*
 |                                                                                                                 |
 | Subprocess                                    Code |            Number of events       |      sigma +- delta    |
 |                                                    |       Tried   Selected   Accepted |     (estimated) (mb)   |
 |                                                    |                                   |                        |
 |-----------------------------------------------------------------------------------------------------------------|
 |                                                    |                                   |                        |
 | f fbar -> f' fbar' (s-channel gamma*)          223 |      233755      10000      10000 |   6.001e-06  3.071e-08 |
 |                                                    |                                   |                        |
 | sum                                                |      233755      10000      10000 |   6.001e-06  3.071e-08 |
 |                                                                                                                 |
 *-------  End PYTHIA Event and Cross Section Statistics ----------------------------------------------------------*

 *-------  PYTHIA Error and Warning Messages Statistics  ----------------------------------------------------------* 
 |                                                                                                                 | 
 |  times   message                                                                                                | 
 |                                                                                                                 | 
 |     81   Warning in PhaseSpace2to2tauyz::trialKin: maximum for cross section violated                           | 
 |   1485   Warning in TauDecays::decay: unknown correlated tau production, assuming from unpolarized photon       | 
 |                                                                                                                 | 
 *-------  End PYTHIA Error and Warning Messages Statistics  ------------------------------------------------------* 
Gammatau2xmu: 1.196e-17

Gammatau2xe: 0.000e+00

BRtau2xmu: 5.279e-06

BRtau2xe: 0.000e+00

BRtau2xmu + BRtau2xe: 5.279e-06

produced tau excluding those daughters are also tau lepton: 2.970e+03
produced X: 2.970e+03
produced X/NMC: 2.970e-01

Proportion of X flying forward (eta>0): 6.266e-01
Proportion of X flying backward (eta<0): 3.734e-01

Total Gamma [GeV]: 6.858e-12
ctau [m]: 2.877e-05

Gammax2tautau: 0.000e+00

Gammax2mumu: 6.858e-12

Gammax2ee: 0.000e+00

Gammax2gmgm: 0.000e+00

BRx2tautau: 0.000e+00

BRx2mumu: 1.000e+00

BRx2ee: 0.000e+00

BRx2gmgm: 0.000e+00

X: insideFidVol: 0.000e+00
observedX: 6.138e-150
visibleX: 6.138e-151

X Observed Fiducial efficiency: 2.067e-153
X Visible Fiducial efficiency: 2.067e-154

reallyProduced tau: 9.200e+10
total number of tau-tau events: 4.600e+10

reallyProducedX: 1.710e+05
reallyobservedX: 3.534e-148
reallyvisibleX: 3.534e-149

