mX:  1.2
g_AB_Lamb:  6e-09
g_CC_Lamb:  2e-11
NMC 100000

 *-------  PYTHIA Process Initialization  --------------------------*
 |                                                                  |
 | We collide e- with e+ at a CM energy of 1.058e+01 GeV            |
 |                                                                  |
 |------------------------------------------------------------------|
 |                                                    |             |
 | Subprocess                                    Code |   Estimated |
 |                                                    |    max (mb) |
 |                                                    |             |
 |------------------------------------------------------------------|
 |                                                    |             |
 | f fbar -> f' fbar' (s-channel gamma*)          223 |   1.549e-04 |
 |                                                                  |
 *-------  End PYTHIA Process Initialization -----------------------*

 *-------  PYTHIA Flag + Mode + Parm + Word + FVec + MVec + PVec + WVec Settings (changes only)  ------------------* 
 |                                                                                                                 | 
 | Name                                          |                      Now |      Default         Min         Max | 
 |                                               |                          |                                      | 
 | Beams:eA                                      |                  7.00000 |     7000.000         0.0             | 
 | Beams:eB                                      |                  4.00000 |     7000.000         0.0             | 
 | Beams:frameType                               |                        2 |            1           1           5 | 
 | Beams:idA                                     |                       11 |         2212                         | 
 | Beams:idB                                     |                      -11 |         2212                         | 
 | HadronLevel:Hadronize                         |                      off |           on                         | 
 | Next:numberCount                              |                    10000 |         1000           0             | 
 | PartonLevel:MPI                               |                      off |           on                         | 
 | Random:seed                                   |                        0 |           -1               900000000 | 
 | Random:setSeed                                |                       on |          off                         | 
 | WeakSingleBoson:ffbar2ffbar(s:gm)             |                       on |          off                         | 
 |                                                                                                                 | 
 *-------  End PYTHIA Flag + Mode + Parm + Word + FVec + MVec + PVec + WVec Settings  -----------------------------* 

 --------  PYTHIA Particle Data Table (changed only)  ------------------------------------------------------------------------------
 
      id   name            antiName         spn chg col      m0        mWidth      mMin       mMax       tau0    res dec ext vis wid
             no onMode   bRatio   meMode     products 

      15  tau-             tau+               2  -3   0    1.77682    0.00000    0.00000    0.00000  8.71100e-02   0   1   0   1   0
              0     1   0.0000010  103       36       13 
              1     1   0.0000010  103       36       11 

      36  x                                   1   0   0    1.20000    0.00000    0.00000    0.00000  1.02973e+10   0   1   0   0   0
              0     1   0.0000000  103       15      -15 
              1     1   0.9951110  103       13      -13 
              2     1   0.0048891  103       11      -11 
              3     1   0.0000000  103       22       22 

 --------  End PYTHIA Particle Data Table  -----------------------------------------------------------------------------------------


 --------  PYTHIA Info Listing  ---------------------------------------- 
 
 Beam A: id =     11, pz =  5.292e+00, e =  5.292e+00, m =  5.110e-04.
 Beam B: id =    -11, pz = -5.292e+00, e =  5.292e+00, m =  5.110e-04.

 In 1: id =   11, x =  1.000e+00, pdf =  3.439e+07 at Q2 =  1.120e+02.
 In 2: id =  -11, x =  9.998e-01, pdf =  1.358e+02 at same Q2.

 Subprocess f fbar -> f' fbar' (s-channel gamma*) with code 223 is 2 -> 2.
 It has sHat =  1.120e+02,    tHat = -6.975e+01,    uHat = -4.222e+01,
       pTHat =  5.119e+00,   m3Hat =  3.300e-01,   m4Hat =  3.300e-01,
    thetaHat =  1.819e+00,  phiHat =  8.494e-01.
     alphaEM =  7.631e-03,  alphaS =  1.975e-01    at Q2 =  1.120e+02.

 Impact parameter b =  0.000e+00 gives enhancement factor =  1.000e+00.
 Max pT scale for MPI =  1.058e+01, ISR =  1.058e+01, FSR =  1.058e+01.
 Number of MPI =     1, ISR =     1, FSRproc =     4, FSRreson =     0.

 --------  End PYTHIA Info Listing  ------------------------------------

 --------  PYTHIA Event Listing  (hard process)  -----------------------------------------------------------------------------------
 
    no         id  name            status     mothers   daughters     colours      p_x        p_y        p_z         e          m 
     0         90  (system)           -11     0     0     0     0     0     0      0.000      0.000      3.000     11.000     10.583
     1         11  (e-)               -12     0     0     3     0     0     0      0.000      0.000      7.000      7.000      0.001
     2        -11  (e+)               -12     0     0     4     0     0     0      0.000      0.000     -4.000      4.000      0.001
     3         11  (e-)               -21     1     0     5     6     0     0      0.000      0.000      7.000      7.000      0.000
     4        -11  (e+)               -21     2     0     5     6     0     0      0.000      0.000     -3.999      3.999      0.000
     5          2  u                   23     3     4     0     0   101     0      3.380      3.843      0.151      5.131      0.330
     6         -2  ubar                23     3     4     0     0     0   101     -3.380     -3.843      2.850      5.868      0.330
                                   Charge sum:  0.000           Momentum sum:      0.000      0.000      3.001     10.999     10.582

 --------  End PYTHIA Event Listing  -----------------------------------------------------------------------------------------------

 --------  PYTHIA Event Listing  (complete event)  ---------------------------------------------------------------------------------
 
    no         id  name            status     mothers   daughters     colours      p_x        p_y        p_z         e          m 
     0         90  (system)           -11     0     0     0     0     0     0      0.000      0.000      3.000     11.000     10.583
     1         11  (e-)               -12     0     0    28     0     0     0      0.000      0.000      7.000      7.000      0.001
     2        -11  (e+)               -12     0     0    29     0     0     0      0.000      0.000     -4.000      4.000      0.001
     3         11  (e-)               -21    19    19     5     6     0     0      0.000      0.000      7.000      7.000      0.000
     4        -11  (e+)               -21    20     0     5     6     0     0      0.000      0.000     -3.999      3.999      0.000
     5          2  (u)                -23     3     4     9     9   101     0      3.380      3.843      0.151      5.131      0.330
     6         -2  (ubar)             -23     3     4     7     8     0   101     -3.380     -3.843      2.850      5.868      0.330
     7         -2  (ubar)             -51     6     0    10    11     0   102     -3.550     -3.598      2.443      5.624      0.330
     8         21  (g)                -51     6     0    12    12   102   101      0.382     -0.005      0.416      0.565      0.000
     9          2  (u)                -52     5     5    21    21   101     0      3.168      3.602      0.142      4.811      0.330
    10         -2  (ubar)             -51     7     0    16    17     0   103     -1.227     -2.016      0.812      2.517      0.330
    11         21  (g)                -51     7     0    13    14   103   102     -2.235     -1.583      1.728      3.238      0.000
    12         21  (g)                -52     8     8    15    15   102   101      0.293     -0.004      0.319      0.433      0.000
    13         21  (g)                -51    11     0    18    18   103   104     -1.694     -0.614      1.442      2.308      0.000
    14         21  (g)                -51    11     0    25    25   104   102     -0.400     -0.971      0.439      1.138      0.000
    15         21  (g)                -52    12    12    23    23   102   101      0.152     -0.002      0.166      0.225      0.000
    16         -2  (ubar)             -51    10     0    22    22     0   105     -0.332     -0.826      0.825      1.258      0.330
    17         21  (g)                -51    10     0    26    26   105   103     -1.681     -1.474      0.656      2.330      0.000
    18         21  (g)                -52    13    13    24    24   103   104     -0.908     -0.329      0.773      1.237      0.000
    19         11  (e-)               -42    28    28     3     3     0     0      0.000      0.000      7.000      7.000      0.000
    20        -11  (e+)               -41    29    29    27     4     0     0     -0.000     -0.000     -4.000      4.000      0.000
    21          2  (u)                -44     9     9    30    30   101     0      3.169      3.603      0.142      4.811      0.330
    22         -2  (ubar)             -44    16    16    31    31     0   105     -0.332     -0.826      0.824      1.258      0.330
    23         21  (g)                -44    15    15    32    32   102   101      0.152     -0.002      0.166      0.225      0.000
    24         21  (g)                -44    18    18    33    33   103   104     -0.908     -0.329      0.772      1.236      0.000
    25         21  (g)                -44    14    14    34    34   104   102     -0.400     -0.971      0.439      1.138      0.000
    26         21  (g)                -44    17    17    35    35   105   103     -1.681     -1.474      0.656      2.330      0.000
    27         22  (gamma)            -43    20     0    36    36     0     0     -0.001     -0.001      0.000      0.001      0.000
    28         11  (e-)               -61     1     0    19    19     0     0      0.000      0.000      7.000      7.000      0.000
    29        -11  (e+)               -61     2     0    20    20     0     0     -0.000      0.000     -4.000      4.000      0.000
    30          2  u                   62    21    21     0     0   101     0      3.169      3.603      0.142      4.811      0.330
    31         -2  ubar                62    22    22     0     0     0   105     -0.332     -0.826      0.824      1.258      0.330
    32         21  g                   62    23    23     0     0   102   101      0.152     -0.002      0.166      0.225      0.000
    33         21  g                   62    24    24     0     0   103   104     -0.908     -0.329      0.772      1.236      0.000
    34         21  g                   62    25    25     0     0   104   102     -0.400     -0.971      0.439      1.138      0.000
    35         21  g                   62    26    26     0     0   105   103     -1.681     -1.474      0.656      2.330      0.000
    36         22  gamma               62    27    27     0     0     0     0     -0.001     -0.001      0.000      0.001      0.000
    37         22  gamma               63     1     0     0     0     0     0      0.000      0.000      0.000      0.000      0.000
    38         22  gamma               63     2     0     0     0     0     0      0.000      0.000     -0.000      0.000      0.000
                                   Charge sum:  0.000           Momentum sum:      0.000      0.000      3.000     11.000     10.583

 --------  End PYTHIA Event Listing  -----------------------------------------------------------------------------------------------
 PYTHIA Warning in TauDecays::decay: unknown correlated tau production, assuming from unpolarized photon  
 PYTHIA Warning in PhaseSpace2to2tauyz::trialKin: maximum for cross section violated  

 Pythia::next(): 10000 events have been generated 

 Pythia::next(): 20000 events have been generated 

 Pythia::next(): 30000 events have been generated 

 Pythia::next(): 40000 events have been generated 

 Pythia::next(): 50000 events have been generated 

 Pythia::next(): 60000 events have been generated 

 Pythia::next(): 70000 events have been generated 

 Pythia::next(): 80000 events have been generated 

 Pythia::next(): 90000 events have been generated 

 *-------  PYTHIA Event and Cross Section Statistics  -------------------------------------------------------------*
 |                                                                                                                 |
 | Subprocess                                    Code |            Number of events       |      sigma +- delta    |
 |                                                    |       Tried   Selected   Accepted |     (estimated) (mb)   |
 |                                                    |                                   |                        |
 |-----------------------------------------------------------------------------------------------------------------|
 |                                                    |                                   |                        |
 | f fbar -> f' fbar' (s-channel gamma*)          223 |     2578256     100000     100000 |   6.003e-06  9.251e-09 |
 |                                                    |                                   |                        |
 | sum                                                |     2578256     100000     100000 |   6.003e-06  9.251e-09 |
 |                                                                                                                 |
 *-------  End PYTHIA Event and Cross Section Statistics ----------------------------------------------------------*

 *-------  PYTHIA Error and Warning Messages Statistics  ----------------------------------------------------------* 
 |                                                                                                                 | 
 |  times   message                                                                                                | 
 |                                                                                                                 | 
 |     94   Warning in PhaseSpace2to2tauyz::trialKin: maximum for cross section violated                           | 
 |  14786   Warning in TauDecays::decay: unknown correlated tau production, assuming from unpolarized photon       | 
 |                                                                                                                 | 
 *-------  End PYTHIA Error and Warning Messages Statistics  ------------------------------------------------------* 
Gammatau2xmu: 2.298e-18

Gammatau2xe: 2.377e-18

BRtau2xmu: 1.014e-06

BRtau2xe: 1.049e-06

BRtau2xmu + BRtau2xe: 2.064e-06

produced tau excluding those daughters are also tau lepton: 2.957e+04
produced X: 2.957e+04
produced X/NMC: 2.957e-01

Proportion of X flying forward (eta>0): 6.194e-01
Proportion of X flying backward (eta<0): 3.806e-01

Total Gamma [GeV]: 1.916e-23
ctau [m]: 1.030e+07

Gammax2tautau: 0.000e+00

Gammax2mumu: 1.907e-23

Gammax2ee: 9.369e-26

Gammax2gmgm: 0.000e+00

BRx2tautau: 0.000e+00

BRx2mumu: 9.951e-01

BRx2ee: 4.889e-03

BRx2gmgm: 0.000e+00

X: insideFidVol: 0.000e+00
observedX: 7.968e-04
visibleX: 0.000e+00

X Observed Fiducial efficiency: 2.694e-08
X Visible Fiducial efficiency: 0.000e+00

reallyProduced tau: 9.200e+10
total number of tau-tau events: 4.600e+10

reallyProducedX: 6.684e+04
reallyobservedX: 1.801e-03
reallyvisibleX: 0.000e+00

