mX:  1.2
g_AB_Lamb:  8e-09
g_CC_Lamb:  4e-11
NMC 100000

 *-------  PYTHIA Process Initialization  --------------------------*
 |                                                                  |
 | We collide e- with e+ at a CM energy of 1.058e+01 GeV            |
 |                                                                  |
 |------------------------------------------------------------------|
 |                                                    |             |
 | Subprocess                                    Code |   Estimated |
 |                                                    |    max (mb) |
 |                                                    |             |
 |------------------------------------------------------------------|
 |                                                    |             |
 | f fbar -> f' fbar' (s-channel gamma*)          223 |   1.491e-04 |
 |                                                                  |
 *-------  End PYTHIA Process Initialization -----------------------*

 *-------  PYTHIA Flag + Mode + Parm + Word + FVec + MVec + PVec + WVec Settings (changes only)  ------------------* 
 |                                                                                                                 | 
 | Name                                          |                      Now |      Default         Min         Max | 
 |                                               |                          |                                      | 
 | Beams:eA                                      |                  7.00000 |     7000.000         0.0             | 
 | Beams:eB                                      |                  4.00000 |     7000.000         0.0             | 
 | Beams:frameType                               |                        2 |            1           1           5 | 
 | Beams:idA                                     |                       11 |         2212                         | 
 | Beams:idB                                     |                      -11 |         2212                         | 
 | HadronLevel:Hadronize                         |                      off |           on                         | 
 | Next:numberCount                              |                    10000 |         1000           0             | 
 | PartonLevel:MPI                               |                      off |           on                         | 
 | Random:seed                                   |                        0 |           -1               900000000 | 
 | Random:setSeed                                |                       on |          off                         | 
 | WeakSingleBoson:ffbar2ffbar(s:gm)             |                       on |          off                         | 
 |                                                                                                                 | 
 *-------  End PYTHIA Flag + Mode + Parm + Word + FVec + MVec + PVec + WVec Settings  -----------------------------* 

 --------  PYTHIA Particle Data Table (changed only)  ------------------------------------------------------------------------------
 
      id   name            antiName         spn chg col      m0        mWidth      mMin       mMax       tau0    res dec ext vis wid
             no onMode   bRatio   meMode     products 

      15  tau-             tau+               2  -3   0    1.77682    0.00000    0.00000    0.00000  8.71100e-02   0   1   0   1   0
              0     1   0.0000018  103       36       13 
              1     1   0.0000019  103       36       11 

      36  x                                   1   0   0    1.20000    0.00000    0.00000    0.00000  2.57432e+09   0   1   0   0   0
              0     1   0.0000000  103       15      -15 
              1     1   0.9951110  103       13      -13 
              2     1   0.0048891  103       11      -11 
              3     1   0.0000000  103       22       22 

 --------  End PYTHIA Particle Data Table  -----------------------------------------------------------------------------------------


 --------  PYTHIA Info Listing  ---------------------------------------- 
 
 Beam A: id =     11, pz =  5.292e+00, e =  5.292e+00, m =  5.110e-04.
 Beam B: id =    -11, pz = -5.292e+00, e =  5.292e+00, m =  5.110e-04.

 In 1: id =   11, x =  9.673e-01, pdf =  1.116e+00 at Q2 =  1.083e+02.
 In 2: id =  -11, x =  1.000e+00, pdf =  3.146e+06 at same Q2.

 Subprocess f fbar -> f' fbar' (s-channel gamma*) with code 223 is 2 -> 2.
 It has sHat =  1.083e+02,    tHat = -5.528e+01,    uHat = -5.306e+01,
       pTHat =  5.193e+00,   m3Hat =  3.300e-01,   m4Hat =  3.300e-01,
    thetaHat =  1.591e+00,  phiHat =  3.912e+00.
     alphaEM =  7.630e-03,  alphaS =  1.983e-01    at Q2 =  1.083e+02.

 Impact parameter b =  0.000e+00 gives enhancement factor =  1.000e+00.
 Max pT scale for MPI =  1.058e+01, ISR =  1.041e+01, FSR =  1.041e+01.
 Number of MPI =     1, ISR =     1, FSRproc =     5, FSRreson =     0.

 --------  End PYTHIA Info Listing  ------------------------------------

 --------  PYTHIA Event Listing  (hard process)  -----------------------------------------------------------------------------------
 
    no         id  name            status     mothers   daughters     colours      p_x        p_y        p_z         e          m 
     0         90  (system)           -11     0     0     0     0     0     0      0.000      0.000      3.000     11.000     10.583
     1         11  (e-)               -12     0     0     3     0     0     0      0.000      0.000      7.000      7.000      0.001
     2        -11  (e+)               -12     0     0     4     0     0     0      0.000      0.000     -4.000      4.000      0.001
     3         11  (e-)               -21     1     0     5     6     0     0      0.000      0.000      6.771      6.771      0.000
     4        -11  (e+)               -21     2     0     5     6     0     0      0.000      0.000     -4.000      4.000      0.000
     5          2  u                   23     3     4     0     0   101     0     -3.725     -3.618      1.275      5.357      0.330
     6         -2  ubar                23     3     4     0     0     0   101      3.725      3.618      1.496      5.414      0.330
                                   Charge sum:  0.000           Momentum sum:      0.000      0.000      2.771     10.771     10.408

 --------  End PYTHIA Event Listing  -----------------------------------------------------------------------------------------------

 --------  PYTHIA Event Listing  (complete event)  ---------------------------------------------------------------------------------
 
    no         id  name            status     mothers   daughters     colours      p_x        p_y        p_z         e          m 
     0         90  (system)           -11     0     0     0     0     0     0      0.000      0.000      3.000     11.000     10.583
     1         11  (e-)               -12     0     0    32     0     0     0      0.000      0.000      7.000      7.000      0.001
     2        -11  (e+)               -12     0     0    33     0     0     0      0.000      0.000     -4.000      4.000      0.001
     3         11  (e-)               -21    22     0     5     6     0     0      0.000      0.000      6.771      6.771      0.000
     4        -11  (e+)               -21    23    23     5     6     0     0      0.000      0.000     -4.000      4.000      0.000
     5          2  (u)                -23     3     4     9     9   101     0     -3.725     -3.618      1.275      5.357      0.330
     6         -2  (ubar)             -23     3     4     7     8     0   101      3.725      3.618      1.496      5.414      0.330
     7         -2  (ubar)             -51     6     0    13    14     0   102      0.718      2.467      2.754      3.781      0.330
     8         21  (g)                -51     6     0    12    12   102   101      2.333      0.496     -1.028      2.598      0.000
     9          2  (u)                -52     5     5    10    11   101     0     -3.051     -2.963      1.046      4.392      0.330
    10          2  (u)                -51     9     0    19    20   103     0     -3.118     -2.181      0.193      3.824      0.330
    11         21  (g)                -51     9     0    21    21   101   103      0.528     -0.684      0.650      1.082      0.000
    12         21  (g)                -52     8     8    15    15   102   101      1.872      0.398     -0.825      2.084      0.000
    13         -2  (ubar)             -51     7     0    25    25     0   104      1.357      0.761      1.517      2.198      0.330
    14         21  (g)                -51     7     0    18    18   104   102     -0.185      1.803      1.036      2.088      0.000
    15         21  (g)                -52    12    12    16    17   102   101      1.418      0.301     -0.625      1.579      0.000
    16         21  (g)                -51    15     0    26    26   105   101      0.440     -0.151     -0.711      0.850      0.000
    17         21  (g)                -51    15     0    29    29   102   105      0.904      1.173      0.500      1.564      0.000
    18         21  (g)                -52    14    14    28    28   104   102     -0.111      1.083      0.622      1.254      0.000
    19          2  (u)                -51    10     0    24    24   106     0     -3.026     -1.791      0.443      3.559      0.330
    20         21  (g)                -51    10     0    30    30   103   106      0.083     -0.616     -0.035      0.623      0.000
    21         21  (g)                -52    11    11    27    27   101   103      0.353     -0.458      0.435      0.724      0.000
    22         11  (e-)               -41    32    32    31     3     0     0     -0.000     -0.000      7.000      7.000      0.000
    23        -11  (e+)               -42    33    33     4     4     0     0      0.000      0.000     -4.000      4.000      0.000
    24          2  (u)                -44    19    19    34    34   106     0     -3.063     -1.800      0.431      3.594      0.330
    25         -2  (ubar)             -44    13    13    35    35     0   104      1.323      0.752      1.544      2.193      0.330
    26         21  (g)                -44    16    16    36    36   105   101      0.439     -0.152     -0.703      0.842      0.000
    27         21  (g)                -44    21    21    37    37   101   103      0.343     -0.460      0.441      0.724      0.000
    28         21  (g)                -44    18    18    38    38   104   102     -0.129      1.079      0.631      1.256      0.000
    29         21  (g)                -44    17    17    39    39   102   105      0.885      1.169      0.520      1.556      0.000
    30         21  (g)                -44    20    20    40    40   103   106      0.077     -0.618     -0.032      0.623      0.000
    31         22  (gamma)            -43    22     0    41    41     0     0      0.126      0.029      0.169      0.212      0.000
    32         11  (e-)               -61     1     0    22    22     0     0      0.000     -0.000      7.000      7.000      0.000
    33        -11  (e+)               -61     2     0    23    23     0     0      0.000      0.000     -4.000      4.000      0.000
    34          2  u                   62    24    24     0     0   106     0     -3.063     -1.800      0.431      3.594      0.330
    35         -2  ubar                62    25    25     0     0     0   104      1.323      0.752      1.544      2.193      0.330
    36         21  g                   62    26    26     0     0   105   101      0.439     -0.152     -0.703      0.842      0.000
    37         21  g                   62    27    27     0     0   101   103      0.343     -0.460      0.441      0.724      0.000
    38         21  g                   62    28    28     0     0   104   102     -0.129      1.079      0.631      1.256      0.000
    39         21  g                   62    29    29     0     0   102   105      0.885      1.169      0.520      1.556      0.000
    40         21  g                   62    30    30     0     0   103   106      0.077     -0.618     -0.032      0.623      0.000
    41         22  gamma               62    31    31     0     0     0     0      0.126      0.029      0.169      0.212      0.000
    42         22  gamma               63     1     0     0     0     0     0      0.000      0.000      0.000      0.000      0.000
    43         22  gamma               63     2     0     0     0     0     0      0.000      0.000     -0.000      0.000      0.000
                                   Charge sum:  0.000           Momentum sum:     -0.000     -0.000      3.000     11.000     10.583

 --------  End PYTHIA Event Listing  -----------------------------------------------------------------------------------------------
 PYTHIA Warning in TauDecays::decay: unknown correlated tau production, assuming from unpolarized photon  
 PYTHIA Warning in PhaseSpace2to2tauyz::trialKin: maximum for cross section violated  

 Pythia::next(): 10000 events have been generated 

 Pythia::next(): 20000 events have been generated 

 Pythia::next(): 30000 events have been generated 

 Pythia::next(): 40000 events have been generated 

 Pythia::next(): 50000 events have been generated 

 Pythia::next(): 60000 events have been generated 

 Pythia::next(): 70000 events have been generated 

 Pythia::next(): 80000 events have been generated 

 Pythia::next(): 90000 events have been generated 

 *-------  PYTHIA Event and Cross Section Statistics  -------------------------------------------------------------*
 |                                                                                                                 |
 | Subprocess                                    Code |            Number of events       |      sigma +- delta    |
 |                                                    |       Tried   Selected   Accepted |     (estimated) (mb)   |
 |                                                    |                                   |                        |
 |-----------------------------------------------------------------------------------------------------------------|
 |                                                    |                                   |                        |
 | f fbar -> f' fbar' (s-channel gamma*)          223 |     2473741     100000     100000 |   6.006e-06  9.255e-09 |
 |                                                    |                                   |                        |
 | sum                                                |     2473741     100000     100000 |   6.006e-06  9.255e-09 |
 |                                                                                                                 |
 *-------  End PYTHIA Event and Cross Section Statistics ----------------------------------------------------------*

 *-------  PYTHIA Error and Warning Messages Statistics  ----------------------------------------------------------* 
 |                                                                                                                 | 
 |  times   message                                                                                                | 
 |                                                                                                                 | 
 |     71   Warning in PhaseSpace2to2tauyz::trialKin: maximum for cross section violated                           | 
 |  14698   Warning in TauDecays::decay: unknown correlated tau production, assuming from unpolarized photon       | 
 |                                                                                                                 | 
 *-------  End PYTHIA Error and Warning Messages Statistics  ------------------------------------------------------* 
Gammatau2xmu: 4.086e-18

Gammatau2xe: 4.226e-18

BRtau2xmu: 1.803e-06

BRtau2xe: 1.865e-06

BRtau2xmu + BRtau2xe: 3.668e-06

produced tau excluding those daughters are also tau lepton: 2.940e+04
produced X: 2.940e+04
produced X/NMC: 2.940e-01

Proportion of X flying forward (eta>0): 6.203e-01
Proportion of X flying backward (eta<0): 3.797e-01

Total Gamma [GeV]: 7.665e-23
ctau [m]: 2.574e+06

Gammax2tautau: 0.000e+00

Gammax2mumu: 7.628e-23

Gammax2ee: 3.748e-25

Gammax2gmgm: 0.000e+00

BRx2tautau: 0.000e+00

BRx2mumu: 9.951e-01

BRx2ee: 4.889e-03

BRx2gmgm: 0.000e+00

X: insideFidVol: 0.000e+00
observedX: 3.173e-03
visibleX: 0.000e+00

X Observed Fiducial efficiency: 1.079e-07
X Visible Fiducial efficiency: 0.000e+00

reallyProduced tau: 9.200e+10
total number of tau-tau events: 4.600e+10

reallyProducedX: 1.188e+05
reallyobservedX: 1.283e-02
reallyvisibleX: 0.000e+00

