mX:  1.2
g_AB_Lamb:  8e-10
g_CC_Lamb:  4e-08
NMC 100000

 *-------  PYTHIA Process Initialization  --------------------------*
 |                                                                  |
 | We collide e- with e+ at a CM energy of 1.058e+01 GeV            |
 |                                                                  |
 |------------------------------------------------------------------|
 |                                                    |             |
 | Subprocess                                    Code |   Estimated |
 |                                                    |    max (mb) |
 |                                                    |             |
 |------------------------------------------------------------------|
 |                                                    |             |
 | f fbar -> f' fbar' (s-channel gamma*)          223 |   1.591e-04 |
 |                                                                  |
 *-------  End PYTHIA Process Initialization -----------------------*

 *-------  PYTHIA Flag + Mode + Parm + Word + FVec + MVec + PVec + WVec Settings (changes only)  ------------------* 
 |                                                                                                                 | 
 | Name                                          |                      Now |      Default         Min         Max | 
 |                                               |                          |                                      | 
 | Beams:eA                                      |                  7.00000 |     7000.000         0.0             | 
 | Beams:eB                                      |                  4.00000 |     7000.000         0.0             | 
 | Beams:frameType                               |                        2 |            1           1           5 | 
 | Beams:idA                                     |                       11 |         2212                         | 
 | Beams:idB                                     |                      -11 |         2212                         | 
 | HadronLevel:Hadronize                         |                      off |           on                         | 
 | Next:numberCount                              |                    10000 |         1000           0             | 
 | PartonLevel:MPI                               |                      off |           on                         | 
 | Random:seed                                   |                        0 |           -1               900000000 | 
 | Random:setSeed                                |                       on |          off                         | 
 | WeakSingleBoson:ffbar2ffbar(s:gm)             |                       on |          off                         | 
 |                                                                                                                 | 
 *-------  End PYTHIA Flag + Mode + Parm + Word + FVec + MVec + PVec + WVec Settings  -----------------------------* 

 --------  PYTHIA Particle Data Table (changed only)  ------------------------------------------------------------------------------
 
      id   name            antiName         spn chg col      m0        mWidth      mMin       mMax       tau0    res dec ext vis wid
             no onMode   bRatio   meMode     products 

      15  tau-             tau+               2  -3   0    1.77682    0.00000    0.00000    0.00000  8.71100e-02   0   1   0   1   0
              0     1   0.0000000  103       36       13 
              1     1   0.0000000  103       36       11 

      36  x                                   1   0   0    1.20000    0.00000    0.00000    0.00000  2.57432e+03   0   1   0   0   0
              0     1   0.0000000  103       15      -15 
              1     1   0.9951110  103       13      -13 
              2     1   0.0048891  103       11      -11 
              3     1   0.0000000  103       22       22 

 --------  End PYTHIA Particle Data Table  -----------------------------------------------------------------------------------------


 --------  PYTHIA Info Listing  ---------------------------------------- 
 
 Beam A: id =     11, pz =  5.292e+00, e =  5.292e+00, m =  5.110e-04.
 Beam B: id =    -11, pz = -5.292e+00, e =  5.292e+00, m =  5.110e-04.

 In 1: id =   11, x =  9.990e-01, pdf =  3.453e+01 at Q2 =  1.068e+02.
 In 2: id =  -11, x =  9.544e-01, pdf =  7.917e-01 at same Q2.

 Subprocess f fbar -> f' fbar' (s-channel gamma*) with code 223 is 2 -> 2.
 It has sHat =  1.068e+02,    tHat = -4.156e+01,    uHat = -6.523e+01,
       pTHat =  1.865e+00,   m3Hat =  4.800e+00,   m4Hat =  4.800e+00,
    thetaHat =  1.347e+00,  phiHat =  1.221e+00.
     alphaEM =  7.629e-03,  alphaS =  1.986e-01    at Q2 =  1.068e+02.

 Impact parameter b =  0.000e+00 gives enhancement factor =  1.000e+00.
 Max pT scale for MPI =  1.058e+01, ISR =  1.033e+01, FSR =  1.033e+01.
 Number of MPI =     1, ISR =     2, FSRproc =     0, FSRreson =     0.

 --------  End PYTHIA Info Listing  ------------------------------------

 --------  PYTHIA Event Listing  (hard process)  -----------------------------------------------------------------------------------
 
    no         id  name            status     mothers   daughters     colours      p_x        p_y        p_z         e          m 
     0         90  (system)           -11     0     0     0     0     0     0      0.000      0.000      3.000     11.000     10.583
     1         11  (e-)               -12     0     0     3     0     0     0      0.000      0.000      7.000      7.000      0.001
     2        -11  (e+)               -12     0     0     4     0     0     0      0.000      0.000     -4.000      4.000      0.001
     3         11  (e-)               -21     1     0     5     6     0     0      0.000      0.000      6.993      6.993      0.000
     4        -11  (e+)               -21     2     0     5     6     0     0      0.000      0.000     -3.818      3.818      0.000
     5          5  b                   23     3     4     0     0   101     0      0.639      1.752      2.031      5.536      4.800
     6         -5  bbar                23     3     4     0     0     0   101     -0.639     -1.752      1.144      5.275      4.800
                                   Charge sum:  0.000           Momentum sum:      0.000      0.000      3.175     10.811     10.334

 --------  End PYTHIA Event Listing  -----------------------------------------------------------------------------------------------

 --------  PYTHIA Event Listing  (complete event)  ---------------------------------------------------------------------------------
 
    no         id  name            status     mothers   daughters     colours      p_x        p_y        p_z         e          m 
     0         90  (system)           -11     0     0     0     0     0     0      0.000      0.000      3.000     11.000     10.583
     1         11  (e-)               -12     0     0    18     0     0     0      0.000      0.000      7.000      7.000      0.001
     2        -11  (e+)               -12     0     0    19     0     0     0      0.000      0.000     -4.000      4.000      0.001
     3         11  (e-)               -21     7     7     5     6     0     0      0.000      0.000      6.993      6.993      0.000
     4        -11  (e+)               -21     8     0     5     6     0     0      0.000      0.000     -3.818      3.818      0.000
     5          5  (b)                -23     3     4     9     9   101     0      0.639      1.752      2.031      5.536      4.800
     6         -5  (bbar)             -23     3     4    10    10     0   101     -0.639     -1.752      1.144      5.275      4.800
     7         11  (e-)               -42    12     0     3     3     0     0      0.000      0.000      6.993      6.993      0.000
     8        -11  (e+)               -41    13    13    11     4     0     0     -0.000     -0.000     -4.000      4.000      0.000
     9          5  (b)                -44     5     5    14    14   101     0      0.654      1.754      2.033      5.539      4.800
    10         -5  (bbar)             -44     6     6    15    15     0   101     -0.621     -1.751      1.140      5.272      4.800
    11         22  (gamma)            -43     8     0    16    16     0     0     -0.033     -0.003     -0.180      0.183      0.000
    12         11  (e-)               -41    18    18    17     7     0     0      0.000      0.000      7.000      7.000      0.000
    13        -11  (e+)               -42    19    19     8     8     0     0      0.000      0.000     -4.000      4.000      0.000
    14          5  (b)                -44     9     9    20    20   101     0      0.653      1.752      2.034      5.539      4.800
    15         -5  (bbar)             -44    10    10    21    21     0   101     -0.622     -1.752      1.140      5.272      4.800
    16         22  (gamma)            -44    11    11    22    22     0     0     -0.033     -0.003     -0.180      0.183      0.000
    17         22  (gamma)            -43    12     0    23    23     0     0      0.002      0.002      0.006      0.007      0.000
    18         11  (e-)               -61     1     0    12    12     0     0     -0.000      0.000      7.000      7.000      0.000
    19        -11  (e+)               -61     2     0    13    13     0     0     -0.000     -0.000     -4.000      4.000      0.000
    20          5  b                   62    14    14     0     0   101     0      0.653      1.752      2.034      5.539      4.800
    21         -5  bbar                62    15    15     0     0     0   101     -0.622     -1.752      1.140      5.272      4.800
    22         22  gamma               62    16    16     0     0     0     0     -0.033     -0.003     -0.180      0.183      0.000
    23         22  gamma               62    17    17     0     0     0     0      0.002      0.002      0.006      0.007      0.000
    24         22  gamma               63     1     0     0     0     0     0      0.000      0.000      0.000      0.000      0.000
    25         22  gamma               63     2     0     0     0     0     0      0.000      0.000     -0.000      0.000      0.000
                                   Charge sum:  0.000           Momentum sum:      0.000     -0.000      3.000     11.000     10.583

 --------  End PYTHIA Event Listing  -----------------------------------------------------------------------------------------------
 PYTHIA Warning in TauDecays::decay: unknown correlated tau production, assuming from unpolarized photon  
 PYTHIA Warning in PhaseSpace2to2tauyz::finalKin: failed after mass assignment  

 Pythia::next(): 10000 events have been generated 

 Pythia::next(): 20000 events have been generated 

 Pythia::next(): 30000 events have been generated 

 Pythia::next(): 40000 events have been generated 

 Pythia::next(): 50000 events have been generated 

 Pythia::next(): 60000 events have been generated 

 Pythia::next(): 70000 events have been generated 

 Pythia::next(): 80000 events have been generated 

 Pythia::next(): 90000 events have been generated 

 *-------  PYTHIA Event and Cross Section Statistics  -------------------------------------------------------------*
 |                                                                                                                 |
 | Subprocess                                    Code |            Number of events       |      sigma +- delta    |
 |                                                    |       Tried   Selected   Accepted |     (estimated) (mb)   |
 |                                                    |                                   |                        |
 |-----------------------------------------------------------------------------------------------------------------|
 |                                                    |                                   |                        |
 | f fbar -> f' fbar' (s-channel gamma*)          223 |     2649575     100001     100000 |   6.007e-06  9.172e-09 |
 |                                                    |                                   |                        |
 | sum                                                |     2649575     100001     100000 |   6.007e-06  9.172e-09 |
 |                                                                                                                 |
 *-------  End PYTHIA Event and Cross Section Statistics ----------------------------------------------------------*

 *-------  PYTHIA Error and Warning Messages Statistics  ----------------------------------------------------------* 
 |                                                                                                                 | 
 |  times   message                                                                                                | 
 |                                                                                                                 | 
 |      1   Warning in PhaseSpace2to2tauyz::finalKin: failed after mass assignment                                 | 
 |  14943   Warning in TauDecays::decay: unknown correlated tau production, assuming from unpolarized photon       | 
 |                                                                                                                 | 
 *-------  End PYTHIA Error and Warning Messages Statistics  ------------------------------------------------------* 
Gammatau2xmu: 4.086e-20

Gammatau2xe: 4.226e-20

BRtau2xmu: 1.803e-08

BRtau2xe: 1.865e-08

BRtau2xmu + BRtau2xe: 3.668e-08

produced tau excluding those daughters are also tau lepton: 2.989e+04
produced X: 2.989e+04
produced X/NMC: 2.989e-01

Proportion of X flying forward (eta>0): 6.228e-01
Proportion of X flying backward (eta<0): 3.772e-01

Total Gamma [GeV]: 7.665e-17
ctau [m]: 2.574e+00

Gammax2tautau: 0.000e+00

Gammax2mumu: 7.628e-17

Gammax2ee: 3.748e-19

Gammax2gmgm: 0.000e+00

BRx2tautau: 0.000e+00

BRx2mumu: 9.951e-01

BRx2ee: 4.889e-03

BRx2gmgm: 0.000e+00

X: insideFidVol: 2.914e+03
observedX: 2.960e+03
visibleX: 0.000e+00

X Observed Fiducial efficiency: 9.905e-02
X Visible Fiducial efficiency: 0.000e+00

reallyProduced tau: 9.200e+10
total number of tau-tau events: 4.600e+10

reallyProducedX: 1.188e+03
reallyobservedX: 1.177e+02
reallyvisibleX: 0.000e+00

