mX:  1.2
g_AB_Lamb:  4e-07
g_CC_Lamb:  2e-05
NMC 100000

 *-------  PYTHIA Process Initialization  --------------------------*
 |                                                                  |
 | We collide e- with e+ at a CM energy of 1.058e+01 GeV            |
 |                                                                  |
 |------------------------------------------------------------------|
 |                                                    |             |
 | Subprocess                                    Code |   Estimated |
 |                                                    |    max (mb) |
 |                                                    |             |
 |------------------------------------------------------------------|
 |                                                    |             |
 | f fbar -> f' fbar' (s-channel gamma*)          223 |   1.489e-04 |
 |                                                                  |
 *-------  End PYTHIA Process Initialization -----------------------*

 *-------  PYTHIA Flag + Mode + Parm + Word + FVec + MVec + PVec + WVec Settings (changes only)  ------------------* 
 |                                                                                                                 | 
 | Name                                          |                      Now |      Default         Min         Max | 
 |                                               |                          |                                      | 
 | Beams:eA                                      |                  7.00000 |     7000.000         0.0             | 
 | Beams:eB                                      |                  4.00000 |     7000.000         0.0             | 
 | Beams:frameType                               |                        2 |            1           1           5 | 
 | Beams:idA                                     |                       11 |         2212                         | 
 | Beams:idB                                     |                      -11 |         2212                         | 
 | HadronLevel:Hadronize                         |                      off |           on                         | 
 | Next:numberCount                              |                    10000 |         1000           0             | 
 | PartonLevel:MPI                               |                      off |           on                         | 
 | Random:seed                                   |                        0 |           -1               900000000 | 
 | Random:setSeed                                |                       on |          off                         | 
 | WeakSingleBoson:ffbar2ffbar(s:gm)             |                       on |          off                         | 
 |                                                                                                                 | 
 *-------  End PYTHIA Flag + Mode + Parm + Word + FVec + MVec + PVec + WVec Settings  -----------------------------* 

 --------  PYTHIA Particle Data Table (changed only)  ------------------------------------------------------------------------------
 
      id   name            antiName         spn chg col      m0        mWidth      mMin       mMax       tau0    res dec ext vis wid
             no onMode   bRatio   meMode     products 

      15  tau-             tau+               2  -3   0    1.77682    0.00000    0.00000    0.00000  8.71100e-02   0   1   0   1   0
              0     1   0.0044672  103       36       13 
              1     1   0.0046206  103       36       11 

      36  x                                   1   0   0    1.20000    0.00000    0.00000    0.00000  1.02973e-02   0   1   0   0   0
              0     1   0.0000000  103       15      -15 
              1     1   0.9951110  103       13      -13 
              2     1   0.0048891  103       11      -11 
              3     1   0.0000000  103       22       22 

 --------  End PYTHIA Particle Data Table  -----------------------------------------------------------------------------------------


 --------  PYTHIA Info Listing  ---------------------------------------- 
 
 Beam A: id =     11, pz =  5.292e+00, e =  5.292e+00, m =  5.110e-04.
 Beam B: id =    -11, pz = -5.292e+00, e =  5.292e+00, m =  5.110e-04.

 In 1: id =   11, x =  1.000e+00, pdf =  1.933e+06 at Q2 =  9.842e+01.
 In 2: id =  -11, x =  8.788e-01, pdf =  2.645e-01 at same Q2.

 Subprocess f fbar -> f' fbar' (s-channel gamma*) with code 223 is 2 -> 2.
 It has sHat =  9.842e+01,    tHat = -2.228e+01,    uHat = -7.614e+01,
       pTHat =  4.143e+00,   m3Hat =  3.300e-01,   m4Hat =  3.300e-01,
    thetaHat =  9.918e-01,  phiHat =  2.774e+00.
     alphaEM =  7.626e-03,  alphaS =  2.006e-01    at Q2 =  9.842e+01.

 Impact parameter b =  0.000e+00 gives enhancement factor =  1.000e+00.
 Max pT scale for MPI =  1.058e+01, ISR =  9.921e+00, FSR =  9.921e+00.
 Number of MPI =     1, ISR =     1, FSRproc =     0, FSRreson =     0.

 --------  End PYTHIA Info Listing  ------------------------------------

 --------  PYTHIA Event Listing  (hard process)  -----------------------------------------------------------------------------------
 
    no         id  name            status     mothers   daughters     colours      p_x        p_y        p_z         e          m 
     0         90  (system)           -11     0     0     0     0     0     0      0.000      0.000      3.000     11.000     10.583
     1         11  (e-)               -12     0     0     3     0     0     0      0.000      0.000      7.000      7.000      0.001
     2        -11  (e+)               -12     0     0     4     0     0     0      0.000      0.000     -4.000      4.000      0.001
     3         11  (e-)               -21     1     0     5     6     0     0      0.000      0.000      7.000      7.000      0.000
     4        -11  (e+)               -21     2     0     5     6     0     0      0.000      0.000     -3.515      3.515      0.000
     5          2  u                   23     3     4     0     0   101     0     -3.866      1.488      4.613      6.209      0.330
     6         -2  ubar                23     3     4     0     0     0   101      3.866     -1.488     -1.128      4.306      0.330
                                   Charge sum:  0.000           Momentum sum:      0.000      0.000      3.485     10.515      9.921

 --------  End PYTHIA Event Listing  -----------------------------------------------------------------------------------------------

 --------  PYTHIA Event Listing  (complete event)  ---------------------------------------------------------------------------------
 
    no         id  name            status     mothers   daughters     colours      p_x        p_y        p_z         e          m 
     0         90  (system)           -11     0     0     0     0     0     0      0.000      0.000      3.000     11.000     10.583
     1         11  (e-)               -12     0     0    12     0     0     0      0.000      0.000      7.000      7.000      0.001
     2        -11  (e+)               -12     0     0    13     0     0     0      0.000      0.000     -4.000      4.000      0.001
     3         11  (e-)               -21     7     7     5     6     0     0      0.000      0.000      7.000      7.000      0.000
     4        -11  (e+)               -21     8     0     5     6     0     0      0.000      0.000     -3.515      3.515      0.000
     5          2  (u)                -23     3     4     9     9   101     0     -3.866      1.488      4.613      6.209      0.330
     6         -2  (ubar)             -23     3     4    10    10     0   101      3.866     -1.488     -1.128      4.306      0.330
     7         11  (e-)               -42    12    12     3     3     0     0     -0.000      0.000      7.000      7.000      0.000
     8        -11  (e+)               -41    13    13    11     4     0     0      0.000     -0.000     -4.000      4.000      0.000
     9          2  (u)                -44     5     5    14    14   101     0     -3.865      1.487      4.610      6.206      0.330
    10         -2  (ubar)             -44     6     6    15    15     0   101      3.869     -1.491     -1.125      4.309      0.330
    11         22  (gamma)            -43     8     0    16    16     0     0     -0.004      0.004     -0.485      0.485      0.000
    12         11  (e-)               -61     1     0     7     7     0     0      0.000      0.000      7.000      7.000      0.000
    13        -11  (e+)               -61     2     0     8     8     0     0     -0.000     -0.000     -4.000      4.000      0.000
    14          2  u                   62     9     9     0     0   101     0     -3.865      1.487      4.610      6.206      0.330
    15         -2  ubar                62    10    10     0     0     0   101      3.869     -1.491     -1.125      4.309      0.330
    16         22  gamma               62    11    11     0     0     0     0     -0.004      0.004     -0.485      0.485      0.000
    17         22  gamma               63     1     0     0     0     0     0      0.000      0.000      0.000      0.000      0.000
    18         22  gamma               63     2     0     0     0     0     0      0.000      0.000     -0.000      0.000      0.000
                                   Charge sum:  0.000           Momentum sum:     -0.000      0.000      3.000     11.000     10.583

 --------  End PYTHIA Event Listing  -----------------------------------------------------------------------------------------------
 PYTHIA Warning in TauDecays::decay: unknown correlated tau production, assuming from unpolarized photon  
 PYTHIA Warning in PhaseSpace2to2tauyz::trialKin: maximum for cross section violated  

 Pythia::next(): 10000 events have been generated 

 Pythia::next(): 20000 events have been generated 

 Pythia::next(): 30000 events have been generated 

 Pythia::next(): 40000 events have been generated 

 Pythia::next(): 50000 events have been generated 

 Pythia::next(): 60000 events have been generated 

 Pythia::next(): 70000 events have been generated 

 Pythia::next(): 80000 events have been generated 

 Pythia::next(): 90000 events have been generated 

 *-------  PYTHIA Event and Cross Section Statistics  -------------------------------------------------------------*
 |                                                                                                                 |
 | Subprocess                                    Code |            Number of events       |      sigma +- delta    |
 |                                                    |       Tried   Selected   Accepted |     (estimated) (mb)   |
 |                                                    |                                   |                        |
 |-----------------------------------------------------------------------------------------------------------------|
 |                                                    |                                   |                        |
 | f fbar -> f' fbar' (s-channel gamma*)          223 |     2492556     100000     100000 |   5.998e-06  9.402e-09 |
 |                                                    |                                   |                        |
 | sum                                                |     2492556     100000     100000 |   5.998e-06  9.402e-09 |
 |                                                                                                                 |
 *-------  End PYTHIA Event and Cross Section Statistics ----------------------------------------------------------*

 *-------  PYTHIA Error and Warning Messages Statistics  ----------------------------------------------------------* 
 |                                                                                                                 | 
 |  times   message                                                                                                | 
 |                                                                                                                 | 
 |    182   Warning in PhaseSpace2to2tauyz::trialKin: maximum for cross section violated                           | 
 |  14759   Warning in TauDecays::decay: unknown correlated tau production, assuming from unpolarized photon       | 
 |                                                                                                                 | 
 *-------  End PYTHIA Error and Warning Messages Statistics  ------------------------------------------------------* 
Gammatau2xmu: 1.021e-14

Gammatau2xe: 1.057e-14

BRtau2xmu: 4.467e-03

BRtau2xe: 4.621e-03

BRtau2xmu + BRtau2xe: 9.088e-03

produced tau excluding those daughters are also tau lepton: 2.952e+04
produced X: 2.952e+04
produced X/NMC: 2.952e-01

Proportion of X flying forward (eta>0): 6.239e-01
Proportion of X flying backward (eta<0): 3.761e-01

Total Gamma [GeV]: 1.916e-11
ctau [m]: 1.030e-05

Gammax2tautau: 0.000e+00

Gammax2mumu: 1.907e-11

Gammax2ee: 9.369e-14

Gammax2gmgm: 0.000e+00

BRx2tautau: 0.000e+00

BRx2mumu: 9.951e-01

BRx2ee: 4.889e-03

BRx2gmgm: 0.000e+00

X: insideFidVol: 0.000e+00
observedX: 0.000e+00
visibleX: 0.000e+00

X Observed Fiducial efficiency: 0.000e+00
X Visible Fiducial efficiency: 0.000e+00

reallyProduced tau: 9.200e+10
total number of tau-tau events: 4.600e+10

reallyProducedX: 2.944e+08
reallyobservedX: 0.000e+00
reallyvisibleX: 0.000e+00

