mX:  1.2
g_AB_Lamb:  8e-07
g_CC_Lamb:  4e-10
NMC 100000

 *-------  PYTHIA Process Initialization  --------------------------*
 |                                                                  |
 | We collide e- with e+ at a CM energy of 1.058e+01 GeV            |
 |                                                                  |
 |------------------------------------------------------------------|
 |                                                    |             |
 | Subprocess                                    Code |   Estimated |
 |                                                    |    max (mb) |
 |                                                    |             |
 |------------------------------------------------------------------|
 |                                                    |             |
 | f fbar -> f' fbar' (s-channel gamma*)          223 |   1.585e-04 |
 |                                                                  |
 *-------  End PYTHIA Process Initialization -----------------------*

 *-------  PYTHIA Flag + Mode + Parm + Word + FVec + MVec + PVec + WVec Settings (changes only)  ------------------* 
 |                                                                                                                 | 
 | Name                                          |                      Now |      Default         Min         Max | 
 |                                               |                          |                                      | 
 | Beams:eA                                      |                  7.00000 |     7000.000         0.0             | 
 | Beams:eB                                      |                  4.00000 |     7000.000         0.0             | 
 | Beams:frameType                               |                        2 |            1           1           5 | 
 | Beams:idA                                     |                       11 |         2212                         | 
 | Beams:idB                                     |                      -11 |         2212                         | 
 | HadronLevel:Hadronize                         |                      off |           on                         | 
 | Next:numberCount                              |                    10000 |         1000           0             | 
 | PartonLevel:MPI                               |                      off |           on                         | 
 | Random:seed                                   |                        0 |           -1               900000000 | 
 | Random:setSeed                                |                       on |          off                         | 
 | WeakSingleBoson:ffbar2ffbar(s:gm)             |                       on |          off                         | 
 |                                                                                                                 | 
 *-------  End PYTHIA Flag + Mode + Parm + Word + FVec + MVec + PVec + WVec Settings  -----------------------------* 

 --------  PYTHIA Particle Data Table (changed only)  ------------------------------------------------------------------------------
 
      id   name            antiName         spn chg col      m0        mWidth      mMin       mMax       tau0    res dec ext vis wid
             no onMode   bRatio   meMode     products 

      15  tau-             tau+               2  -3   0    1.77682    0.00000    0.00000    0.00000  8.71100e-02   0   1   0   1   0
              0     1   0.0173947  103       36       13 
              1     1   0.0179920  103       36       11 

      36  x                                   1   0   0    1.20000    0.00000    0.00000    0.00000  2.57432e+07   0   1   0   0   0
              0     1   0.0000000  103       15      -15 
              1     1   0.9951110  103       13      -13 
              2     1   0.0048891  103       11      -11 
              3     1   0.0000000  103       22       22 

 --------  End PYTHIA Particle Data Table  -----------------------------------------------------------------------------------------


 --------  PYTHIA Info Listing  ---------------------------------------- 
 
 Beam A: id =     11, pz =  5.292e+00, e =  5.292e+00, m =  5.110e-04.
 Beam B: id =    -11, pz = -5.292e+00, e =  5.292e+00, m =  5.110e-04.

 In 1: id =   11, x =  9.997e-01, pdf =  1.072e+02 at Q2 =  1.117e+02.
 In 2: id =  -11, x =  9.973e-01, pdf =  1.279e+01 at same Q2.

 Subprocess f fbar -> f' fbar' (s-channel gamma*) with code 223 is 2 -> 2.
 It has sHat =  1.117e+02,    tHat = -5.893e+01,    uHat = -5.273e+01,
       pTHat =  5.265e+00,   m3Hat =  3.300e-01,   m4Hat =  3.300e-01,
    thetaHat =  1.626e+00,  phiHat =  8.696e-01.
     alphaEM =  7.631e-03,  alphaS =  1.975e-01    at Q2 =  1.117e+02.

 Impact parameter b =  0.000e+00 gives enhancement factor =  1.000e+00.
 Max pT scale for MPI =  1.058e+01, ISR =  1.057e+01, FSR =  1.057e+01.
 Number of MPI =     1, ISR =     2, FSRproc =     2, FSRreson =     0.

 --------  End PYTHIA Info Listing  ------------------------------------

 --------  PYTHIA Event Listing  (hard process)  -----------------------------------------------------------------------------------
 
    no         id  name            status     mothers   daughters     colours      p_x        p_y        p_z         e          m 
     0         90  (system)           -11     0     0     0     0     0     0      0.000      0.000      3.000     11.000     10.583
     1         11  (e-)               -12     0     0     3     0     0     0      0.000      0.000      7.000      7.000      0.001
     2        -11  (e+)               -12     0     0     4     0     0     0      0.000      0.000     -4.000      4.000      0.001
     3         11  (e-)               -21     1     0     5     6     0     0      0.000      0.000      6.998      6.998      0.000
     4        -11  (e+)               -21     2     0     5     6     0     0      0.000      0.000     -3.989      3.989      0.000
     5          2  u                   23     3     4     0     0   101     0      3.397      4.023      1.200      5.410      0.330
     6         -2  ubar                23     3     4     0     0     0   101     -3.397     -4.023      1.809      5.577      0.330
                                   Charge sum:  0.000           Momentum sum:      0.000      0.000      3.009     10.987     10.567

 --------  End PYTHIA Event Listing  -----------------------------------------------------------------------------------------------

 --------  PYTHIA Event Listing  (complete event)  ---------------------------------------------------------------------------------
 
    no         id  name            status     mothers   daughters     colours      p_x        p_y        p_z         e          m 
     0         90  (system)           -11     0     0     0     0     0     0      0.000      0.000      3.000     11.000     10.583
     1         11  (e-)               -12     0     0    28     0     0     0      0.000      0.000      7.000      7.000      0.001
     2        -11  (e+)               -12     0     0    29     0     0     0      0.000      0.000     -4.000      4.000      0.001
     3         11  (e-)               -21    13    13     5     6     0     0      0.000      0.000      6.998      6.998      0.000
     4        -11  (e+)               -21    14     0     5     6     0     0      0.000      0.000     -3.989      3.989      0.000
     5          2  (u)                -23     3     4     9     9   101     0      3.397      4.023      1.200      5.410      0.330
     6         -2  (ubar)             -23     3     4     7     8     0   101     -3.397     -4.023      1.809      5.577      0.330
     7         -2  (ubar)             -51     6     0    12    12     0   102     -2.946     -3.851      2.487      5.459      0.330
     8         21  (g)                -51     6     0    10    11   102   101     -0.136      0.202     -0.568      0.618      0.000
     9          2  (u)                -52     5     5    15    15   101     0      3.082      3.650      1.089      4.910      0.330
    10         21  (g)                -51     8     0    17    17   103   101     -0.049     -0.743      0.465      0.878      0.000
    11         21  (g)                -51     8     0    18    18   102   103     -0.703      0.138     -0.509      0.879      0.000
    12         -2  (ubar)             -52     7     7    16    16     0   102     -2.330     -3.044      1.964      4.320      0.330
    13         11  (e-)               -42    20     0     3     3     0     0      0.000      0.000      6.998      6.998      0.000
    14        -11  (e+)               -41    21    21    19     4     0     0     -0.000     -0.000     -4.000      4.000      0.000
    15          2  (u)                -44     9     9    22    22   101     0      3.080      3.645      1.081      4.903      0.330
    16         -2  (ubar)             -44    12    12    23    23     0   102     -2.331     -3.047      1.967      4.324      0.330
    17         21  (g)                -44    10    10    24    24   103   101     -0.049     -0.743      0.466      0.879      0.000
    18         21  (g)                -44    11    11    25    25   102   103     -0.704      0.136     -0.510      0.879      0.000
    19         22  (gamma)            -43    14     0    26    26     0     0      0.004      0.010     -0.006      0.012      0.000
    20         11  (e-)               -41    28    28    27    13     0     0      0.000      0.000      7.000      7.000      0.000
    21        -11  (e+)               -42    29    29    14    14     0     0      0.000      0.000     -4.000      4.000      0.000
    22          2  (u)                -44    15    15    30    30   101     0      3.080      3.645      1.081      4.904      0.330
    23         -2  (ubar)             -44    16    16    31    31     0   102     -2.331     -3.047      1.967      4.324      0.330
    24         21  (g)                -44    17    17    32    32   103   101     -0.049     -0.743      0.466      0.879      0.000
    25         21  (g)                -44    18    18    33    33   102   103     -0.704      0.136     -0.510      0.879      0.000
    26         22  (gamma)            -44    19    19    34    34     0     0      0.004      0.010     -0.006      0.012      0.000
    27         22  (gamma)            -43    20     0    35    35     0     0     -0.001     -0.000      0.001      0.002      0.000
    28         11  (e-)               -61     1     0    20    20     0     0      0.000     -0.000      7.000      7.000      0.000
    29        -11  (e+)               -61     2     0    21    21     0     0     -0.000      0.000     -4.000      4.000      0.000
    30          2  u                   62    22    22     0     0   101     0      3.080      3.645      1.081      4.904      0.330
    31         -2  ubar                62    23    23     0     0     0   102     -2.331     -3.047      1.967      4.324      0.330
    32         21  g                   62    24    24     0     0   103   101     -0.049     -0.743      0.466      0.879      0.000
    33         21  g                   62    25    25     0     0   102   103     -0.704      0.136     -0.510      0.879      0.000
    34         22  gamma               62    26    26     0     0     0     0      0.004      0.010     -0.006      0.012      0.000
    35         22  gamma               62    27    27     0     0     0     0     -0.001     -0.000      0.001      0.002      0.000
    36         22  gamma               63     1     0     0     0     0     0      0.000      0.000      0.000      0.000      0.000
    37         22  gamma               63     2     0     0     0     0     0      0.000      0.000     -0.000      0.000      0.000
                                   Charge sum:  0.000           Momentum sum:     -0.000     -0.000      3.000     11.000     10.583

 --------  End PYTHIA Event Listing  -----------------------------------------------------------------------------------------------
 PYTHIA Warning in TauDecays::decay: unknown correlated tau production, assuming from unpolarized photon  

 Pythia::next(): 10000 events have been generated 

 Pythia::next(): 20000 events have been generated 

 Pythia::next(): 30000 events have been generated 

 Pythia::next(): 40000 events have been generated 

 Pythia::next(): 50000 events have been generated 

 Pythia::next(): 60000 events have been generated 

 Pythia::next(): 70000 events have been generated 

 Pythia::next(): 80000 events have been generated 

 Pythia::next(): 90000 events have been generated 

 *-------  PYTHIA Event and Cross Section Statistics  -------------------------------------------------------------*
 |                                                                                                                 |
 | Subprocess                                    Code |            Number of events       |      sigma +- delta    |
 |                                                    |       Tried   Selected   Accepted |     (estimated) (mb)   |
 |                                                    |                                   |                        |
 |-----------------------------------------------------------------------------------------------------------------|
 |                                                    |                                   |                        |
 | f fbar -> f' fbar' (s-channel gamma*)          223 |     2637319     100000     100000 |   6.006e-06  9.068e-09 |
 |                                                    |                                   |                        |
 | sum                                                |     2637319     100000     100000 |   6.006e-06  9.068e-09 |
 |                                                                                                                 |
 *-------  End PYTHIA Event and Cross Section Statistics ----------------------------------------------------------*

 *-------  PYTHIA Error and Warning Messages Statistics  ----------------------------------------------------------* 
 |                                                                                                                 | 
 |  times   message                                                                                                | 
 |                                                                                                                 | 
 |  14799   Warning in TauDecays::decay: unknown correlated tau production, assuming from unpolarized photon       | 
 |                                                                                                                 | 
 *-------  End PYTHIA Error and Warning Messages Statistics  ------------------------------------------------------* 
Gammatau2xmu: 4.086e-14

Gammatau2xe: 4.226e-14

BRtau2xmu: 1.739e-02

BRtau2xe: 1.799e-02

BRtau2xmu + BRtau2xe: 3.539e-02

produced tau excluding those daughters are also tau lepton: 2.960e+04
produced X: 2.960e+04
produced X/NMC: 2.960e-01

Proportion of X flying forward (eta>0): 6.184e-01
Proportion of X flying backward (eta<0): 3.816e-01

Total Gamma [GeV]: 7.665e-21
ctau [m]: 2.574e+04

Gammax2tautau: 0.000e+00

Gammax2mumu: 7.628e-21

Gammax2ee: 3.748e-23

Gammax2gmgm: 0.000e+00

BRx2tautau: 0.000e+00

BRx2mumu: 9.951e-01

BRx2ee: 4.889e-03

BRx2gmgm: 0.000e+00

X: insideFidVol: 0.000e+00
observedX: 3.201e-01
visibleX: 0.000e+00

X Observed Fiducial efficiency: 1.082e-05
X Visible Fiducial efficiency: 0.000e+00

reallyProduced tau: 9.200e+10
total number of tau-tau events: 4.600e+10

reallyProducedX: 1.146e+09
reallyobservedX: 1.240e+04
reallyvisibleX: 0.000e+00

