mX:  1.2
g_AB_Lamb:  4e-10
g_CC_Lamb:  3e-07
NMC 100000

 *-------  PYTHIA Process Initialization  --------------------------*
 |                                                                  |
 | We collide e- with e+ at a CM energy of 1.058e+01 GeV            |
 |                                                                  |
 |------------------------------------------------------------------|
 |                                                    |             |
 | Subprocess                                    Code |   Estimated |
 |                                                    |    max (mb) |
 |                                                    |             |
 |------------------------------------------------------------------|
 |                                                    |             |
 | f fbar -> f' fbar' (s-channel gamma*)          223 |   1.358e-04 |
 |                                                                  |
 *-------  End PYTHIA Process Initialization -----------------------*

 *-------  PYTHIA Flag + Mode + Parm + Word + FVec + MVec + PVec + WVec Settings (changes only)  ------------------* 
 |                                                                                                                 | 
 | Name                                          |                      Now |      Default         Min         Max | 
 |                                               |                          |                                      | 
 | Beams:eA                                      |                  7.00000 |     7000.000         0.0             | 
 | Beams:eB                                      |                  4.00000 |     7000.000         0.0             | 
 | Beams:frameType                               |                        2 |            1           1           5 | 
 | Beams:idA                                     |                       11 |         2212                         | 
 | Beams:idB                                     |                      -11 |         2212                         | 
 | HadronLevel:Hadronize                         |                      off |           on                         | 
 | Next:numberCount                              |                    10000 |         1000           0             | 
 | PartonLevel:MPI                               |                      off |           on                         | 
 | Random:seed                                   |                        0 |           -1               900000000 | 
 | Random:setSeed                                |                       on |          off                         | 
 | WeakSingleBoson:ffbar2ffbar(s:gm)             |                       on |          off                         | 
 |                                                                                                                 | 
 *-------  End PYTHIA Flag + Mode + Parm + Word + FVec + MVec + PVec + WVec Settings  -----------------------------* 

 --------  PYTHIA Particle Data Table (changed only)  ------------------------------------------------------------------------------
 
      id   name            antiName         spn chg col      m0        mWidth      mMin       mMax       tau0    res dec ext vis wid
             no onMode   bRatio   meMode     products 

      15  tau-             tau+               2  -3   0    1.77682    0.00000    0.00000    0.00000  8.71100e-02   0   1   0   1   0
              0     1   0.0000000  103       36       13 
              1     1   0.0000000  103       36       11 

      36  x                                   1   0   0    1.20000    0.00000    0.00000    0.00000  4.57656e+01   0   1   0   0   0
              0     1   0.0000000  103       15      -15 
              1     1   0.9951110  103       13      -13 
              2     1   0.0048891  103       11      -11 
              3     1   0.0000000  103       22       22 

 --------  End PYTHIA Particle Data Table  -----------------------------------------------------------------------------------------

 PYTHIA Warning in PhaseSpace2to2tauyz::trialKin: maximum for cross section violated  

 --------  PYTHIA Info Listing  ---------------------------------------- 
 
 Beam A: id =     11, pz =  5.292e+00, e =  5.292e+00, m =  5.110e-04.
 Beam B: id =    -11, pz = -5.292e+00, e =  5.292e+00, m =  5.110e-04.

 In 1: id =   11, x =  1.000e+00, pdf =  1.377e+06 at Q2 =  1.100e+02.
 In 2: id =  -11, x =  9.826e-01, pdf =  2.101e+00 at same Q2.

 Subprocess f fbar -> f' fbar' (s-channel gamma*) with code 223 is 2 -> 2.
 It has sHat =  1.100e+02,    tHat = -7.316e+01,    uHat = -3.689e+01,
       pTHat =  4.951e+00,   m3Hat =  1.057e-01,   m4Hat =  1.057e-01,
    thetaHat =  1.907e+00,  phiHat =  5.104e+00.
     alphaEM =  7.630e-03,  alphaS =  1.979e-01    at Q2 =  1.100e+02.

 Impact parameter b =  0.000e+00 gives enhancement factor =  1.000e+00.
 Max pT scale for MPI =  1.058e+01, ISR =  1.058e+01, FSR =  1.058e+01.
 Number of MPI =     1, ISR =     1, FSRproc =     0, FSRreson =     0.

 --------  End PYTHIA Info Listing  ------------------------------------

 --------  PYTHIA Event Listing  (hard process)  -----------------------------------------------------------------------------------
 
    no         id  name            status     mothers   daughters     colours      p_x        p_y        p_z         e          m 
     0         90  (system)           -11     0     0     0     0     0     0      0.000      0.000      3.000     11.000     10.583
     1         11  (e-)               -12     0     0     3     0     0     0      0.000      0.000      7.000      7.000      0.001
     2        -11  (e+)               -12     0     0     4     0     0     0      0.000      0.000     -4.000      4.000      0.001
     3         11  (e-)               -21     1     0     5     6     0     0      0.000      0.000      7.000      7.000      0.000
     4        -11  (e+)               -21     2     0     5     6     0     0      0.000      0.000     -3.930      3.930      0.000
     5         13  mu-                 23     3     4     0     0     0     0      1.888     -4.577     -0.266      4.959      0.106
     6        -13  mu+                 23     3     4     0     0     0     0     -1.888      4.577      3.336      5.971      0.106
                                   Charge sum:  0.000           Momentum sum:      0.000      0.000      3.070     10.930     10.490

 --------  End PYTHIA Event Listing  -----------------------------------------------------------------------------------------------

 --------  PYTHIA Event Listing  (complete event)  ---------------------------------------------------------------------------------
 
    no         id  name            status     mothers   daughters     colours      p_x        p_y        p_z         e          m 
     0         90  (system)           -11     0     0     0     0     0     0      0.000      0.000      3.000     11.000     10.583
     1         11  (e-)               -12     0     0    12     0     0     0      0.000      0.000      7.000      7.000      0.001
     2        -11  (e+)               -12     0     0    13     0     0     0      0.000      0.000     -4.000      4.000      0.001
     3         11  (e-)               -21     7     7     5     6     0     0      0.000      0.000      7.000      7.000      0.000
     4        -11  (e+)               -21     8     0     5     6     0     0      0.000      0.000     -3.930      3.930      0.000
     5         13  (mu-)              -23     3     4     9     9     0     0      1.888     -4.577     -0.266      4.959      0.106
     6        -13  (mu+)              -23     3     4    10    10     0     0     -1.888      4.577      3.336      5.971      0.106
     7         11  (e-)               -42    12    12     3     3     0     0      0.000     -0.000      7.000      7.000      0.000
     8        -11  (e+)               -41    13    13    11     4     0     0     -0.000      0.000     -4.000      4.000      0.000
     9         13  (mu-)              -44     5     5    14    14     0     0      1.866     -4.569     -0.284      4.945      0.106
    10        -13  (mu+)              -44     6     6    15    15     0     0     -1.900      4.581      3.346      5.983      0.106
    11         22  (gamma)            -43     8     0    16    16     0     0      0.033     -0.012     -0.062      0.072      0.000
    12         11  (e-)               -61     1     0     7     7     0     0     -0.000      0.000      7.000      7.000      0.000
    13        -11  (e+)               -61     2     0     8     8     0     0      0.000     -0.000     -4.000      4.000      0.000
    14         13  mu-                 62     9     9     0     0     0     0      1.866     -4.569     -0.284      4.945      0.106
    15        -13  mu+                 62    10    10     0     0     0     0     -1.900      4.581      3.346      5.983      0.106
    16         22  gamma               62    11    11     0     0     0     0      0.033     -0.012     -0.062      0.072      0.000
    17         22  gamma               63     1     0     0     0     0     0      0.000      0.000      0.000      0.000      0.000
    18         22  gamma               63     2     0     0     0     0     0      0.000      0.000     -0.000      0.000      0.000
                                   Charge sum:  0.000           Momentum sum:     -0.000      0.000      3.000     11.000     10.583

 --------  End PYTHIA Event Listing  -----------------------------------------------------------------------------------------------
 PYTHIA Warning in TauDecays::decay: unknown correlated tau production, assuming from unpolarized photon  

 Pythia::next(): 10000 events have been generated 

 Pythia::next(): 20000 events have been generated 

 Pythia::next(): 30000 events have been generated 

 Pythia::next(): 40000 events have been generated 

 Pythia::next(): 50000 events have been generated 

 Pythia::next(): 60000 events have been generated 

 Pythia::next(): 70000 events have been generated 

 Pythia::next(): 80000 events have been generated 

 Pythia::next(): 90000 events have been generated 

 *-------  PYTHIA Event and Cross Section Statistics  -------------------------------------------------------------*
 |                                                                                                                 |
 | Subprocess                                    Code |            Number of events       |      sigma +- delta    |
 |                                                    |       Tried   Selected   Accepted |     (estimated) (mb)   |
 |                                                    |                                   |                        |
 |-----------------------------------------------------------------------------------------------------------------|
 |                                                    |                                   |                        |
 | f fbar -> f' fbar' (s-channel gamma*)          223 |     2263087     100000     100000 |   6.003e-06  9.768e-09 |
 |                                                    |                                   |                        |
 | sum                                                |     2263087     100000     100000 |   6.003e-06  9.768e-09 |
 |                                                                                                                 |
 *-------  End PYTHIA Event and Cross Section Statistics ----------------------------------------------------------*

 *-------  PYTHIA Error and Warning Messages Statistics  ----------------------------------------------------------* 
 |                                                                                                                 | 
 |  times   message                                                                                                | 
 |                                                                                                                 | 
 |   1197   Warning in PhaseSpace2to2tauyz::trialKin: maximum for cross section violated                           | 
 |  14712   Warning in TauDecays::decay: unknown correlated tau production, assuming from unpolarized photon       | 
 |                                                                                                                 | 
 *-------  End PYTHIA Error and Warning Messages Statistics  ------------------------------------------------------* 
Gammatau2xmu: 1.021e-20

Gammatau2xe: 1.057e-20

BRtau2xmu: 4.508e-09

BRtau2xe: 4.663e-09

BRtau2xmu + BRtau2xe: 9.171e-09

produced tau excluding those daughters are also tau lepton: 2.942e+04
produced X: 2.942e+04
produced X/NMC: 2.942e-01

Proportion of X flying forward (eta>0): 6.206e-01
Proportion of X flying backward (eta<0): 3.794e-01

Total Gamma [GeV]: 4.312e-15
ctau [m]: 4.577e-02

Gammax2tautau: 0.000e+00

Gammax2mumu: 4.291e-15

Gammax2ee: 2.108e-17

Gammax2gmgm: 0.000e+00

BRx2tautau: 0.000e+00

BRx2mumu: 9.951e-01

BRx2ee: 4.889e-03

BRx2gmgm: 0.000e+00

X: insideFidVol: 9.783e+03
observedX: 9.878e+03
visibleX: 0.000e+00

X Observed Fiducial efficiency: 3.357e-01
X Visible Fiducial efficiency: 0.000e+00

reallyProduced tau: 9.200e+10
total number of tau-tau events: 4.600e+10

reallyProducedX: 2.971e+02
reallyobservedX: 9.974e+01
reallyvisibleX: 0.000e+00

