mX:  0.5
g_TM_Lamb:  4e-10
g_EE_Lamb:  0.002
NMC 10000

 *-------  PYTHIA Process Initialization  --------------------------*
 |                                                                  |
 | We collide e- with e+ at a CM energy of 1.058e+01 GeV            |
 |                                                                  |
 |------------------------------------------------------------------|
 |                                                    |             |
 | Subprocess                                    Code |   Estimated |
 |                                                    |    max (mb) |
 |                                                    |             |
 |------------------------------------------------------------------|
 |                                                    |             |
 | f fbar -> f' fbar' (s-channel gamma*)          223 |   1.429e-04 |
 |                                                                  |
 *-------  End PYTHIA Process Initialization -----------------------*

 *-------  PYTHIA Flag + Mode + Parm + Word + FVec + MVec + PVec + WVec Settings (changes only)  ------------------* 
 |                                                                                                                 | 
 | Name                                          |                      Now |      Default         Min         Max | 
 |                                               |                          |                                      | 
 | Beams:eA                                      |                  7.00000 |     7000.000         0.0             | 
 | Beams:eB                                      |                  4.00000 |     7000.000         0.0             | 
 | Beams:frameType                               |                        2 |            1           1           5 | 
 | Beams:idA                                     |                       11 |         2212                         | 
 | Beams:idB                                     |                      -11 |         2212                         | 
 | HadronLevel:Hadronize                         |                      off |           on                         | 
 | Next:numberCount                              |                    10000 |         1000           0             | 
 | PartonLevel:MPI                               |                      off |           on                         | 
 | Random:seed                                   |                        0 |           -1               900000000 | 
 | Random:setSeed                                |                       on |          off                         | 
 | WeakSingleBoson:ffbar2ffbar(s:gm)             |                       on |          off                         | 
 |                                                                                                                 | 
 *-------  End PYTHIA Flag + Mode + Parm + Word + FVec + MVec + PVec + WVec Settings  -----------------------------* 

 --------  PYTHIA Particle Data Table (changed only)  ------------------------------------------------------------------------------
 
      id   name            antiName         spn chg col      m0        mWidth      mMin       mMax       tau0    res dec ext vis wid
             no onMode   bRatio   meMode     products 

      15  tau-             tau+               2  -3   0    1.77682    0.00000    0.00000    0.00000  8.71100e-02   0   1   0   1   0
              0     1   0.0000000  103       36       13 
              1     1   0.0000000  103       36       11 

      36  x                                   1   0   0    0.50000    0.00000    0.00000    0.00000  1.21316e-03   0   1   0   0   0
              0     1   0.0000000  103       15      -15 
              1     1   0.0000000  103       13      -13 
              2     1   1.0000000  103       11      -11 
              3     1   0.0000000  103       22       22 

 --------  End PYTHIA Particle Data Table  -----------------------------------------------------------------------------------------


 --------  PYTHIA Info Listing  ---------------------------------------- 
 
 Beam A: id =     11, pz =  5.292e+00, e =  5.292e+00, m =  5.110e-04.
 Beam B: id =    -11, pz = -5.292e+00, e =  5.292e+00, m =  5.110e-04.

 In 1: id =   11, x =  1.000e+00, pdf =  1.426e+08 at Q2 =  1.120e+02.
 In 2: id =  -11, x =  1.000e+00, pdf =  3.086e+03 at same Q2.

 Subprocess f fbar -> f' fbar' (s-channel gamma*) with code 223 is 2 -> 2.
 It has sHat =  1.120e+02,    tHat = -3.931e+01,    uHat = -7.269e+01,
       pTHat =  5.041e+00,   m3Hat =  3.300e-01,   m4Hat =  3.300e-01,
    thetaHat =  1.268e+00,  phiHat =  4.227e+00.
     alphaEM =  7.631e-03,  alphaS =  1.975e-01    at Q2 =  1.120e+02.

 Impact parameter b =  0.000e+00 gives enhancement factor =  1.000e+00.
 Max pT scale for MPI =  1.058e+01, ISR =  1.058e+01, FSR =  1.058e+01.
 Number of MPI =     1, ISR =     0, FSRproc =     2, FSRreson =     0.

 --------  End PYTHIA Info Listing  ------------------------------------

 --------  PYTHIA Event Listing  (hard process)  -----------------------------------------------------------------------------------
 
    no         id  name            status     mothers   daughters     colours      p_x        p_y        p_z         e          m 
     0         90  (system)           -11     0     0     0     0     0     0      0.000      0.000      3.000     11.000     10.583
     1         11  (e-)               -12     0     0     3     0     0     0      0.000      0.000      7.000      7.000      0.001
     2        -11  (e+)               -12     0     0     4     0     0     0      0.000      0.000     -4.000      4.000      0.001
     3         11  (e-)               -21     1     0     5     6     0     0      0.000      0.000      7.000      7.000      0.000
     4        -11  (e+)               -21     2     0     5     6     0     0      0.000      0.000     -4.000      4.000      0.000
     5          2  u                   23     3     4     0     0   101     0     -2.353     -4.458      3.136      5.946      0.330
     6         -2  ubar                23     3     4     0     0     0   101      2.353      4.458     -0.136      5.054      0.330
                                   Charge sum:  0.000           Momentum sum:      0.000      0.000      3.000     11.000     10.583

 --------  End PYTHIA Event Listing  -----------------------------------------------------------------------------------------------

 --------  PYTHIA Event Listing  (complete event)  ---------------------------------------------------------------------------------
 
    no         id  name            status     mothers   daughters     colours      p_x        p_y        p_z         e          m 
     0         90  (system)           -11     0     0     0     0     0     0      0.000      0.000      3.000     11.000     10.583
     1         11  (e-)               -12     0     0    13     0     0     0      0.000      0.000      7.000      7.000      0.001
     2        -11  (e+)               -12     0     0    14     0     0     0      0.000      0.000     -4.000      4.000      0.001
     3         11  (e-)               -21    13    13     5     6     0     0      0.000      0.000      7.000      7.000      0.000
     4        -11  (e+)               -21    14    14     5     6     0     0      0.000      0.000     -4.000      4.000      0.000
     5          2  (u)                -23     3     4     7     8   101     0     -2.353     -4.458      3.136      5.946      0.330
     6         -2  (ubar)             -23     3     4     9     9     0   101      2.353      4.458     -0.136      5.054      0.330
     7          2  (u)                -51     5     0    10    11   103     0     -2.372     -4.114      2.036      5.178      0.330
     8         21  (g)                -51     5     0    12    12   101   103      0.177     -0.046      1.091      1.106      0.000
     9         -2  (ubar)             -52     6     6    16    16     0   101      2.195      4.160     -0.127      4.717      0.330
    10          2  (u)                -51     7     0    15    15   104     0     -2.036     -2.403      1.315      3.429      0.330
    11         21  (g)                -51     7     0    18    18   103   104     -0.297     -1.721      0.964      1.995      0.000
    12         21  (g)                -52     8     8    17    17   101   103      0.138     -0.035      0.848      0.859      0.000
    13         11  (e-)               -61     1     0     3     3     0     0      0.000      0.000      7.000      7.000      0.000
    14        -11  (e+)               -61     2     0     4     4     0     0      0.000      0.000     -4.000      4.000      0.000
    15          2  u                   62    10    10     0     0   104     0     -2.036     -2.403      1.315      3.429      0.330
    16         -2  ubar                62     9     9     0     0     0   101      2.195      4.160     -0.127      4.717      0.330
    17         21  g                   62    12    12     0     0   101   103      0.138     -0.035      0.848      0.859      0.000
    18         21  g                   62    11    11     0     0   103   104     -0.297     -1.721      0.964      1.995      0.000
    19         22  gamma               63     1     0     0     0     0     0      0.000      0.000      0.000      0.000      0.000
    20         22  gamma               63     2     0     0     0     0     0      0.000      0.000     -0.000      0.000      0.000
                                   Charge sum:  0.000           Momentum sum:      0.000      0.000      3.000     11.000     10.583

 --------  End PYTHIA Event Listing  -----------------------------------------------------------------------------------------------
 PYTHIA Warning in TauDecays::decay: unknown correlated tau production, assuming from unpolarized photon  
 PYTHIA Warning in PhaseSpace2to2tauyz::trialKin: maximum for cross section violated  

 *-------  PYTHIA Event and Cross Section Statistics  -------------------------------------------------------------*
 |                                                                                                                 |
 | Subprocess                                    Code |            Number of events       |      sigma +- delta    |
 |                                                    |       Tried   Selected   Accepted |     (estimated) (mb)   |
 |                                                    |                                   |                        |
 |-----------------------------------------------------------------------------------------------------------------|
 |                                                    |                                   |                        |
 | f fbar -> f' fbar' (s-channel gamma*)          223 |      237626      10000      10000 |   5.999e-06  2.980e-08 |
 |                                                    |                                   |                        |
 | sum                                                |      237626      10000      10000 |   5.999e-06  2.980e-08 |
 |                                                                                                                 |
 *-------  End PYTHIA Event and Cross Section Statistics ----------------------------------------------------------*

 *-------  PYTHIA Error and Warning Messages Statistics  ----------------------------------------------------------* 
 |                                                                                                                 | 
 |  times   message                                                                                                | 
 |                                                                                                                 | 
 |     30   Warning in PhaseSpace2to2tauyz::trialKin: maximum for cross section violated                           | 
 |   1488   Warning in TauDecays::decay: unknown correlated tau production, assuming from unpolarized photon       | 
 |                                                                                                                 | 
 *-------  End PYTHIA Error and Warning Messages Statistics  ------------------------------------------------------* 
Gammatau2xmu: 2.991e-20

Gammatau2xe: 0.000e+00

BRtau2xmu: 1.320e-08

BRtau2xe: 0.000e+00

produced tau excluding those daughters are also tau lepton: 2.976e+03
produced X: 2.976e+03
produced X/NMC: 2.976e-01

Proportion of X flying forward (eta>0): 6.260e-01
Proportion of X flying backward (eta<0): 3.740e-01

Total Gamma [GeV]: 1.627e-10
ctau [m]: 1.213e-06

Gammax2tautau: 0.000e+00

Gammax2mumu: 0.000e+00

Gammax2ee: 1.627e-10

Gammax2gmgm: 0.000e+00

BRx2tautau: 0.000e+00

BRx2mumu: 0.000e+00

BRx2ee: 1.000e+00

BRx2gmgm: 0.000e+00

X: insideFidVol: 0.000e+00
observedX: 0.000e+00
visibleX: 0.000e+00

X Observed Fiducial efficiency: 0.000e+00
X Visible Fiducial efficiency: 0.000e+00

reallyProduced tau: 9.200e+10
total number of tau-tau events: 4.600e+10

reallyProducedX: 4.275e+02
reallyobservedX: 0.000e+00
reallyvisibleX: 0.000e+00

