mX:  0.5
g_TM_Lamb:  6e-10
g_EE_Lamb:  2e-05
NMC 10000
 PYTHIA Warning in PhaseSpace2to2tauyz::trialKin: maximum for cross section violated  

 *-------  PYTHIA Process Initialization  --------------------------*
 |                                                                  |
 | We collide e- with e+ at a CM energy of 1.058e+01 GeV            |
 |                                                                  |
 |------------------------------------------------------------------|
 |                                                    |             |
 | Subprocess                                    Code |   Estimated |
 |                                                    |    max (mb) |
 |                                                    |             |
 |------------------------------------------------------------------|
 |                                                    |             |
 | f fbar -> f' fbar' (s-channel gamma*)          223 |   1.344e-04 |
 |                                                                  |
 *-------  End PYTHIA Process Initialization -----------------------*

 *-------  PYTHIA Flag + Mode + Parm + Word + FVec + MVec + PVec + WVec Settings (changes only)  ------------------* 
 |                                                                                                                 | 
 | Name                                          |                      Now |      Default         Min         Max | 
 |                                               |                          |                                      | 
 | Beams:eA                                      |                  7.00000 |     7000.000         0.0             | 
 | Beams:eB                                      |                  4.00000 |     7000.000         0.0             | 
 | Beams:frameType                               |                        2 |            1           1           5 | 
 | Beams:idA                                     |                       11 |         2212                         | 
 | Beams:idB                                     |                      -11 |         2212                         | 
 | HadronLevel:Hadronize                         |                      off |           on                         | 
 | Next:numberCount                              |                    10000 |         1000           0             | 
 | PartonLevel:MPI                               |                      off |           on                         | 
 | Random:seed                                   |                        0 |           -1               900000000 | 
 | Random:setSeed                                |                       on |          off                         | 
 | WeakSingleBoson:ffbar2ffbar(s:gm)             |                       on |          off                         | 
 |                                                                                                                 | 
 *-------  End PYTHIA Flag + Mode + Parm + Word + FVec + MVec + PVec + WVec Settings  -----------------------------* 

 --------  PYTHIA Particle Data Table (changed only)  ------------------------------------------------------------------------------
 
      id   name            antiName         spn chg col      m0        mWidth      mMin       mMax       tau0    res dec ext vis wid
             no onMode   bRatio   meMode     products 

      15  tau-             tau+               2  -3   0    1.77682    0.00000    0.00000    0.00000  8.71100e-02   0   1   0   1   0
              0     1   0.0000000  103       36       13 
              1     1   0.0000000  103       36       11 

      36  x                                   1   0   0    0.50000    0.00000    0.00000    0.00000  1.21316e+01   0   1   0   0   0
              0     1   0.0000000  103       15      -15 
              1     1   0.0000000  103       13      -13 
              2     1   1.0000000  103       11      -11 
              3     1   0.0000000  103       22       22 

 --------  End PYTHIA Particle Data Table  -----------------------------------------------------------------------------------------


 --------  PYTHIA Info Listing  ---------------------------------------- 
 
 Beam A: id =     11, pz =  5.292e+00, e =  5.292e+00, m =  5.110e-04.
 Beam B: id =    -11, pz = -5.292e+00, e =  5.292e+00, m =  5.110e-04.

 In 1: id =   11, x =  8.774e-01, pdf =  2.608e-01 at Q2 =  9.819e+01.
 In 2: id =  -11, x =  9.992e-01, pdf =  4.283e+01 at same Q2.

 Subprocess f fbar -> f' fbar' (s-channel gamma*) with code 223 is 2 -> 2.
 It has sHat =  9.819e+01,    tHat = -6.378e+01,    uHat = -3.441e+01,
       pTHat =  4.727e+00,   m3Hat =  1.057e-01,   m4Hat =  1.057e-01,
    thetaHat =  1.875e+00,  phiHat =  3.306e+00.
     alphaEM =  7.626e-03,  alphaS =  2.006e-01    at Q2 =  9.819e+01.

 Impact parameter b =  0.000e+00 gives enhancement factor =  1.000e+00.
 Max pT scale for MPI =  1.058e+01, ISR =  1.058e+01, FSR =  1.058e+01.
 Number of MPI =     1, ISR =     3, FSRproc =     0, FSRreson =     0.

 --------  End PYTHIA Info Listing  ------------------------------------

 --------  PYTHIA Event Listing  (hard process)  -----------------------------------------------------------------------------------
 
    no         id  name            status     mothers   daughters     colours      p_x        p_y        p_z         e          m 
     0         90  (system)           -11     0     0     0     0     0     0      0.000      0.000      3.000     11.000     10.583
     1         11  (e-)               -12     0     0     3     0     0     0      0.000      0.000      7.000      7.000      0.001
     2        -11  (e+)               -12     0     0     4     0     0     0      0.000      0.000     -4.000      4.000      0.001
     3         11  (e-)               -21     1     0     5     6     0     0      0.000      0.000      6.142      6.142      0.000
     4        -11  (e+)               -21     2     0     5     6     0     0      0.000      0.000     -3.997      3.997      0.000
     5         13  mu-                 23     3     4     0     0     0     0     -4.663     -0.773     -0.444      4.749      0.106
     6        -13  mu+                 23     3     4     0     0     0     0      4.663      0.773      2.589      5.390      0.106
                                   Charge sum:  0.000           Momentum sum:      0.000      0.000      2.145     10.139      9.909

 --------  End PYTHIA Event Listing  -----------------------------------------------------------------------------------------------

 --------  PYTHIA Event Listing  (complete event)  ---------------------------------------------------------------------------------
 
    no         id  name            status     mothers   daughters     colours      p_x        p_y        p_z         e          m 
     0         90  (system)           -11     0     0     0     0     0     0      0.000      0.000      3.000     11.000     10.583
     1         11  (e-)               -12     0     0    25     0     0     0      0.000      0.000      7.000      7.000      0.001
     2        -11  (e+)               -12     0     0    26     0     0     0      0.000      0.000     -4.000      4.000      0.001
     3         11  (e-)               -21     7     0     5     6     0     0      0.000      0.000      6.142      6.142      0.000
     4        -11  (e+)               -21     8     8     5     6     0     0      0.000      0.000     -3.997      3.997      0.000
     5         13  (mu-)              -23     3     4     9     9     0     0     -4.663     -0.773     -0.444      4.749      0.106
     6        -13  (mu+)              -23     3     4    10    10     0     0      4.663      0.773      2.589      5.390      0.106
     7         11  (e-)               -41    12     0    11     3     0     0      0.000      0.000      6.703      6.703      0.000
     8        -11  (e+)               -42    13    13     4     4     0     0     -0.000     -0.000     -3.997      3.997      0.000
     9         13  (mu-)              -44     5     5    14    14     0     0     -4.638     -0.704     -0.019      4.692      0.106
    10        -13  (mu+)              -44     6     6    15    15     0     0      4.710      0.902      3.003      5.659      0.106
    11         22  (gamma)            -43     7     0    16    16     0     0     -0.072     -0.199     -0.278      0.349      0.000
    12         11  (e-)               -41    18    18    17     7     0     0      0.000      0.000      7.000      7.000      0.000
    13        -11  (e+)               -42    19     0     8     8     0     0     -0.000      0.000     -3.997      3.997      0.000
    14         13  (mu-)              -44     9     9    20    20     0     0     -4.637     -0.705     -0.018      4.691      0.106
    15        -13  (mu+)              -44    10    10    21    21     0     0      4.711      0.900      3.003      5.660      0.106
    16         22  (gamma)            -44    11    11    22    22     0     0     -0.072     -0.199     -0.278      0.349      0.000
    17         22  (gamma)            -43    12     0    23    23     0     0     -0.002      0.004      0.297      0.297      0.000
    18         11  (e-)               -42    25    25    12    12     0     0      0.000      0.000      7.000      7.000      0.000
    19        -11  (e+)               -41    26    26    24    13     0     0     -0.000     -0.000     -4.000      4.000      0.000
    20         13  (mu-)              -44    14    14    27    27     0     0     -4.638     -0.706     -0.017      4.693      0.106
    21        -13  (mu+)              -44    15    15    28    28     0     0      4.710      0.899      3.001      5.658      0.106
    22         22  (gamma)            -44    16    16    29    29     0     0     -0.072     -0.199     -0.278      0.349      0.000
    23         22  (gamma)            -44    17    17    30    30     0     0     -0.002      0.004      0.297      0.297      0.000
    24         22  (gamma)            -43    19     0    31    31     0     0      0.002      0.002     -0.002      0.003      0.000
    25         11  (e-)               -61     1     0    18    18     0     0      0.000     -0.000      7.000      7.000      0.000
    26        -11  (e+)               -61     2     0    19    19     0     0      0.000      0.000     -4.000      4.000      0.000
    27         13  mu-                 62    20    20     0     0     0     0     -4.638     -0.706     -0.017      4.693      0.106
    28        -13  mu+                 62    21    21     0     0     0     0      4.710      0.899      3.001      5.658      0.106
    29         22  gamma               62    22    22     0     0     0     0     -0.072     -0.199     -0.278      0.349      0.000
    30         22  gamma               62    23    23     0     0     0     0     -0.002      0.004      0.297      0.297      0.000
    31         22  gamma               62    24    24     0     0     0     0      0.002      0.002     -0.002      0.003      0.000
    32         22  gamma               63     1     0     0     0     0     0      0.000      0.000      0.000      0.000      0.000
    33         22  gamma               63     2     0     0     0     0     0      0.000      0.000     -0.000      0.000      0.000
                                   Charge sum:  0.000           Momentum sum:      0.000     -0.000      3.000     11.000     10.583

 --------  End PYTHIA Event Listing  -----------------------------------------------------------------------------------------------
 PYTHIA Warning in TauDecays::decay: unknown correlated tau production, assuming from unpolarized photon  

 *-------  PYTHIA Event and Cross Section Statistics  -------------------------------------------------------------*
 |                                                                                                                 |
 | Subprocess                                    Code |            Number of events       |      sigma +- delta    |
 |                                                    |       Tried   Selected   Accepted |     (estimated) (mb)   |
 |                                                    |                                   |                        |
 |-----------------------------------------------------------------------------------------------------------------|
 |                                                    |                                   |                        |
 | f fbar -> f' fbar' (s-channel gamma*)          223 |      223963      10000      10000 |   6.013e-06  3.162e-08 |
 |                                                    |                                   |                        |
 | sum                                                |      223963      10000      10000 |   6.013e-06  3.162e-08 |
 |                                                                                                                 |
 *-------  End PYTHIA Event and Cross Section Statistics ----------------------------------------------------------*

 *-------  PYTHIA Error and Warning Messages Statistics  ----------------------------------------------------------* 
 |                                                                                                                 | 
 |  times   message                                                                                                | 
 |                                                                                                                 | 
 |    221   Warning in PhaseSpace2to2tauyz::trialKin: maximum for cross section violated                           | 
 |   1542   Warning in TauDecays::decay: unknown correlated tau production, assuming from unpolarized photon       | 
 |                                                                                                                 | 
 *-------  End PYTHIA Error and Warning Messages Statistics  ------------------------------------------------------* 
Gammatau2xmu: 6.729e-20

Gammatau2xe: 0.000e+00

BRtau2xmu: 2.970e-08

BRtau2xe: 0.000e+00

produced tau excluding those daughters are also tau lepton: 3.084e+03
produced X: 3.084e+03
produced X/NMC: 3.084e-01

Proportion of X flying forward (eta>0): 6.271e-01
Proportion of X flying backward (eta<0): 3.729e-01

Total Gamma [GeV]: 1.627e-14
ctau [m]: 1.213e-02

Gammax2tautau: 0.000e+00

Gammax2mumu: 0.000e+00

Gammax2ee: 1.627e-14

Gammax2gmgm: 0.000e+00

BRx2tautau: 0.000e+00

BRx2mumu: 0.000e+00

BRx2ee: 1.000e+00

BRx2gmgm: 0.000e+00

X: insideFidVol: 4.250e+02
observedX: 4.318e+02
visibleX: 4.318e+01

X Observed Fiducial efficiency: 1.400e-01
X Visible Fiducial efficiency: 1.400e-02

reallyProduced tau: 9.200e+10
total number of tau-tau events: 4.600e+10

reallyProducedX: 9.620e+02
reallyobservedX: 1.347e+02
reallyvisibleX: 1.347e+01

