mX:  0.5
g_TM_Lamb:  3e-08
g_EE_Lamb:  0.0008
NMC 10000

 *-------  PYTHIA Process Initialization  --------------------------*
 |                                                                  |
 | We collide e- with e+ at a CM energy of 1.058e+01 GeV            |
 |                                                                  |
 |------------------------------------------------------------------|
 |                                                    |             |
 | Subprocess                                    Code |   Estimated |
 |                                                    |    max (mb) |
 |                                                    |             |
 |------------------------------------------------------------------|
 |                                                    |             |
 | f fbar -> f' fbar' (s-channel gamma*)          223 |   1.612e-04 |
 |                                                                  |
 *-------  End PYTHIA Process Initialization -----------------------*

 *-------  PYTHIA Flag + Mode + Parm + Word + FVec + MVec + PVec + WVec Settings (changes only)  ------------------* 
 |                                                                                                                 | 
 | Name                                          |                      Now |      Default         Min         Max | 
 |                                               |                          |                                      | 
 | Beams:eA                                      |                  7.00000 |     7000.000         0.0             | 
 | Beams:eB                                      |                  4.00000 |     7000.000         0.0             | 
 | Beams:frameType                               |                        2 |            1           1           5 | 
 | Beams:idA                                     |                       11 |         2212                         | 
 | Beams:idB                                     |                      -11 |         2212                         | 
 | HadronLevel:Hadronize                         |                      off |           on                         | 
 | Next:numberCount                              |                    10000 |         1000           0             | 
 | PartonLevel:MPI                               |                      off |           on                         | 
 | Random:seed                                   |                        0 |           -1               900000000 | 
 | Random:setSeed                                |                       on |          off                         | 
 | WeakSingleBoson:ffbar2ffbar(s:gm)             |                       on |          off                         | 
 |                                                                                                                 | 
 *-------  End PYTHIA Flag + Mode + Parm + Word + FVec + MVec + PVec + WVec Settings  -----------------------------* 

 --------  PYTHIA Particle Data Table (changed only)  ------------------------------------------------------------------------------
 
      id   name            antiName         spn chg col      m0        mWidth      mMin       mMax       tau0    res dec ext vis wid
             no onMode   bRatio   meMode     products 

      15  tau-             tau+               2  -3   0    1.77682    0.00000    0.00000    0.00000  8.71100e-02   0   1   0   1   0
              0     1   0.0000742  103       36       13 
              1     1   0.0000000  103       36       11 

      36  x                                   1   0   0    0.50000    0.00000    0.00000    0.00000  7.58223e-03   0   1   0   0   0
              0     1   0.0000000  103       15      -15 
              1     1   0.0000000  103       13      -13 
              2     1   1.0000000  103       11      -11 
              3     1   0.0000000  103       22       22 

 --------  End PYTHIA Particle Data Table  -----------------------------------------------------------------------------------------


 --------  PYTHIA Info Listing  ---------------------------------------- 
 
 Beam A: id =     11, pz =  5.292e+00, e =  5.292e+00, m =  5.110e-04.
 Beam B: id =    -11, pz = -5.292e+00, e =  5.292e+00, m =  5.110e-04.

 In 1: id =   11, x =  9.994e-01, pdf =  5.351e+01 at Q2 =  1.119e+02.
 In 2: id =  -11, x =  1.000e+00, pdf =  7.505e+03 at same Q2.

 Subprocess f fbar -> f' fbar' (s-channel gamma*) with code 223 is 2 -> 2.
 It has sHat =  1.119e+02,    tHat = -3.960e+00,    uHat = -1.080e+02,
       pTHat =  1.951e+00,   m3Hat =  3.300e-01,   m4Hat =  3.300e-01,
    thetaHat =  3.784e-01,  phiHat =  7.258e-01.
     alphaEM =  7.631e-03,  alphaS =  1.975e-01    at Q2 =  1.119e+02.

 Impact parameter b =  0.000e+00 gives enhancement factor =  1.000e+00.
 Max pT scale for MPI =  1.058e+01, ISR =  1.058e+01, FSR =  1.058e+01.
 Number of MPI =     1, ISR =     1, FSRproc =     3, FSRreson =     0.

 --------  End PYTHIA Info Listing  ------------------------------------

 --------  PYTHIA Event Listing  (hard process)  -----------------------------------------------------------------------------------
 
    no         id  name            status     mothers   daughters     colours      p_x        p_y        p_z         e          m 
     0         90  (system)           -11     0     0     0     0     0     0      0.000      0.000      3.000     11.000     10.583
     1         11  (e-)               -12     0     0     3     0     0     0      0.000      0.000      7.000      7.000      0.001
     2        -11  (e+)               -12     0     0     4     0     0     0      0.000      0.000     -4.000      4.000      0.001
     3         11  (e-)               -21     1     0     5     6     0     0      0.000      0.000      6.996      6.996      0.000
     4        -11  (e+)               -21     2     0     5     6     0     0      0.000      0.000     -4.000      4.000      0.000
     5          2  u                   23     3     4     0     0   101     0      1.459      1.295      6.597      6.887      0.330
     6         -2  ubar                23     3     4     0     0     0   101     -1.459     -1.295     -3.601      4.109      0.330
                                   Charge sum:  0.000           Momentum sum:      0.000      0.000      2.996     10.996     10.580

 --------  End PYTHIA Event Listing  -----------------------------------------------------------------------------------------------

 --------  PYTHIA Event Listing  (complete event)  ---------------------------------------------------------------------------------
 
    no         id  name            status     mothers   daughters     colours      p_x        p_y        p_z         e          m 
     0         90  (system)           -11     0     0     0     0     0     0      0.000      0.000      3.000     11.000     10.583
     1         11  (e-)               -12     0     0    24     0     0     0      0.000      0.000      7.000      7.000      0.001
     2        -11  (e+)               -12     0     0    25     0     0     0      0.000      0.000     -4.000      4.000      0.001
     3         11  (e-)               -21    16     0     5     6     0     0      0.000      0.000      6.996      6.996      0.000
     4        -11  (e+)               -21    17    17     5     6     0     0      0.000      0.000     -4.000      4.000      0.000
     5          2  (u)                -23     3     4     9     9   101     0      1.459      1.295      6.597      6.887      0.330
     6         -2  (ubar)             -23     3     4     7     8     0   101     -1.459     -1.295     -3.601      4.109      0.330
     7         -2  (ubar)             -51     6     0    15    15     0   102     -2.558     -1.070     -2.644      3.845      0.330
     8         21  (g)                -51     6     0    10    11   102   101      1.325     -0.024      0.063      1.326      0.000
     9          2  (u)                -52     5     5    12    12   101     0      1.233      1.094      5.576      5.824      0.330
    10         21  (g)                -51     8     0    13    14   102   104      1.119     -0.485      1.328      1.803      0.000
    11         21  (g)                -51     8     0    21    21   104   101      0.484      0.714      0.024      0.863      0.000
    12          2  (u)                -52     9     9    18    18   101     0      0.955      0.841      4.288      4.485      0.330
    13         21  (g)                -51    10     0    20    20   105   104      0.389      0.303      0.895      1.022      0.000
    14         21  (g)                -51    10     0    22    22   102   105      0.548     -0.864      0.245      1.052      0.000
    15         -2  (ubar)             -52     7     7    19    19     0   102     -2.376     -0.994     -2.456      3.574      0.330
    16         11  (e-)               -41    24    24    23     3     0     0      0.000      0.000      7.000      7.000      0.000
    17        -11  (e+)               -42    25    25     4     4     0     0     -0.000      0.000     -4.000      4.000      0.000
    18          2  (u)                -44    12    12    26    26   101     0      0.955      0.840      4.288      4.485      0.330
    19         -2  (ubar)             -44    15    15    27    27     0   102     -2.376     -0.995     -2.455      3.574      0.330
    20         21  (g)                -44    13    13    28    28   105   104      0.389      0.303      0.895      1.022      0.000
    21         21  (g)                -44    11    11    29    29   104   101      0.485      0.714      0.024      0.863      0.000
    22         21  (g)                -44    14    14    30    30   102   105      0.548     -0.864      0.245      1.052      0.000
    23         22  (gamma)            -43    16     0    31    31     0     0     -0.001      0.002      0.004      0.004      0.000
    24         11  (e-)               -61     1     0    16    16     0     0     -0.000      0.000      7.000      7.000      0.000
    25        -11  (e+)               -61     2     0    17    17     0     0      0.000     -0.000     -4.000      4.000      0.000
    26          2  u                   62    18    18     0     0   101     0      0.955      0.840      4.288      4.485      0.330
    27         -2  ubar                62    19    19     0     0     0   102     -2.376     -0.995     -2.455      3.574      0.330
    28         21  g                   62    20    20     0     0   105   104      0.389      0.303      0.895      1.022      0.000
    29         21  g                   62    21    21     0     0   104   101      0.485      0.714      0.024      0.863      0.000
    30         21  g                   62    22    22     0     0   102   105      0.548     -0.864      0.245      1.052      0.000
    31         22  gamma               62    23    23     0     0     0     0     -0.001      0.002      0.004      0.004      0.000
    32         22  gamma               63     1     0     0     0     0     0      0.000      0.000      0.000      0.000      0.000
    33         22  gamma               63     2     0     0     0     0     0      0.000      0.000     -0.000      0.000      0.000
                                   Charge sum:  0.000           Momentum sum:      0.000     -0.000      3.000     11.000     10.583

 --------  End PYTHIA Event Listing  -----------------------------------------------------------------------------------------------
 PYTHIA Warning in TauDecays::decay: unknown correlated tau production, assuming from unpolarized photon  

 *-------  PYTHIA Event and Cross Section Statistics  -------------------------------------------------------------*
 |                                                                                                                 |
 | Subprocess                                    Code |            Number of events       |      sigma +- delta    |
 |                                                    |       Tried   Selected   Accepted |     (estimated) (mb)   |
 |                                                    |                                   |                        |
 |-----------------------------------------------------------------------------------------------------------------|
 |                                                    |                                   |                        |
 | f fbar -> f' fbar' (s-channel gamma*)          223 |      266850      10000      10000 |   6.005e-06  2.847e-08 |
 |                                                    |                                   |                        |
 | sum                                                |      266850      10000      10000 |   6.005e-06  2.847e-08 |
 |                                                                                                                 |
 *-------  End PYTHIA Event and Cross Section Statistics ----------------------------------------------------------*

 *-------  PYTHIA Error and Warning Messages Statistics  ----------------------------------------------------------* 
 |                                                                                                                 | 
 |  times   message                                                                                                | 
 |                                                                                                                 | 
 |   1488   Warning in TauDecays::decay: unknown correlated tau production, assuming from unpolarized photon       | 
 |                                                                                                                 | 
 *-------  End PYTHIA Error and Warning Messages Statistics  ------------------------------------------------------* 
Gammatau2xmu: 1.682e-16

Gammatau2xe: 0.000e+00

BRtau2xmu: 7.424e-05

BRtau2xe: 0.000e+00

produced tau excluding those daughters are also tau lepton: 2.976e+03
produced X: 2.976e+03
produced X/NMC: 2.976e-01

Proportion of X flying forward (eta>0): 6.324e-01
Proportion of X flying backward (eta<0): 3.676e-01

Total Gamma [GeV]: 2.602e-11
ctau [m]: 7.582e-06

Gammax2tautau: 0.000e+00

Gammax2mumu: 0.000e+00

Gammax2ee: 2.602e-11

Gammax2gmgm: 0.000e+00

BRx2tautau: 0.000e+00

BRx2mumu: 0.000e+00

BRx2ee: 1.000e+00

BRx2gmgm: 0.000e+00

X: insideFidVol: 0.000e+00
observedX: 0.000e+00
visibleX: 0.000e+00

X Observed Fiducial efficiency: 0.000e+00
X Visible Fiducial efficiency: 0.000e+00

reallyProduced tau: 9.200e+10
total number of tau-tau events: 4.600e+10

reallyProducedX: 2.405e+06
reallyobservedX: 0.000e+00
reallyvisibleX: 0.000e+00

