mX:  0.5
g_TM_Lamb:  8e-09
g_EE_Lamb:  3e-06
NMC 10000

 *-------  PYTHIA Process Initialization  --------------------------*
 |                                                                  |
 | We collide e- with e+ at a CM energy of 1.058e+01 GeV            |
 |                                                                  |
 |------------------------------------------------------------------|
 |                                                    |             |
 | Subprocess                                    Code |   Estimated |
 |                                                    |    max (mb) |
 |                                                    |             |
 |------------------------------------------------------------------|
 |                                                    |             |
 | f fbar -> f' fbar' (s-channel gamma*)          223 |   1.300e-04 |
 |                                                                  |
 *-------  End PYTHIA Process Initialization -----------------------*

 *-------  PYTHIA Flag + Mode + Parm + Word + FVec + MVec + PVec + WVec Settings (changes only)  ------------------* 
 |                                                                                                                 | 
 | Name                                          |                      Now |      Default         Min         Max | 
 |                                               |                          |                                      | 
 | Beams:eA                                      |                  7.00000 |     7000.000         0.0             | 
 | Beams:eB                                      |                  4.00000 |     7000.000         0.0             | 
 | Beams:frameType                               |                        2 |            1           1           5 | 
 | Beams:idA                                     |                       11 |         2212                         | 
 | Beams:idB                                     |                      -11 |         2212                         | 
 | HadronLevel:Hadronize                         |                      off |           on                         | 
 | Next:numberCount                              |                    10000 |         1000           0             | 
 | PartonLevel:MPI                               |                      off |           on                         | 
 | Random:seed                                   |                        0 |           -1               900000000 | 
 | Random:setSeed                                |                       on |          off                         | 
 | WeakSingleBoson:ffbar2ffbar(s:gm)             |                       on |          off                         | 
 |                                                                                                                 | 
 *-------  End PYTHIA Flag + Mode + Parm + Word + FVec + MVec + PVec + WVec Settings  -----------------------------* 

 --------  PYTHIA Particle Data Table (changed only)  ------------------------------------------------------------------------------
 
      id   name            antiName         spn chg col      m0        mWidth      mMin       mMax       tau0    res dec ext vis wid
             no onMode   bRatio   meMode     products 

      15  tau-             tau+               2  -3   0    1.77682    0.00000    0.00000    0.00000  8.71100e-02   0   1   0   1   0
              0     1   0.0000053  103       36       13 
              1     1   0.0000000  103       36       11 

      36  x                                   1   0   0    0.50000    0.00000    0.00000    0.00000  5.39181e+02   0   1   0   0   0
              0     1   0.0000000  103       15      -15 
              1     1   0.0000000  103       13      -13 
              2     1   1.0000000  103       11      -11 
              3     1   0.0000000  103       22       22 

 --------  End PYTHIA Particle Data Table  -----------------------------------------------------------------------------------------


 --------  PYTHIA Info Listing  ---------------------------------------- 
 
 Beam A: id =     11, pz =  5.292e+00, e =  5.292e+00, m =  5.110e-04.
 Beam B: id =    -11, pz = -5.292e+00, e =  5.292e+00, m =  5.110e-04.

 In 1: id =   11, x =  1.000e+00, pdf =  8.202e+06 at Q2 =  1.061e+02.
 In 2: id =  -11, x =  9.474e-01, pdf =  6.803e-01 at same Q2.

 Subprocess f fbar -> f' fbar' (s-channel gamma*) with code 223 is 2 -> 2.
 It has sHat =  1.061e+02,    tHat = -7.761e+00,    uHat = -9.835e+01,
       pTHat =  2.676e+00,   m3Hat =  3.300e-01,   m4Hat =  3.300e-01,
    thetaHat =  5.477e-01,  phiHat =  5.168e+00.
     alphaEM =  7.629e-03,  alphaS =  1.987e-01    at Q2 =  1.061e+02.

 Impact parameter b =  0.000e+00 gives enhancement factor =  1.000e+00.
 Max pT scale for MPI =  1.058e+01, ISR =  1.030e+01, FSR =  1.030e+01.
 Number of MPI =     1, ISR =     2, FSRproc =     2, FSRreson =     0.

 --------  End PYTHIA Info Listing  ------------------------------------

 --------  PYTHIA Event Listing  (hard process)  -----------------------------------------------------------------------------------
 
    no         id  name            status     mothers   daughters     colours      p_x        p_y        p_z         e          m 
     0         90  (system)           -11     0     0     0     0     0     0      0.000      0.000      3.000     11.000     10.583
     1         11  (e-)               -12     0     0     3     0     0     0      0.000      0.000      7.000      7.000      0.001
     2        -11  (e+)               -12     0     0     4     0     0     0      0.000      0.000     -4.000      4.000      0.001
     3         11  (e-)               -21     1     0     5     6     0     0      0.000      0.000      7.000      7.000      0.000
     4        -11  (e+)               -21     2     0     5     6     0     0      0.000      0.000     -3.790      3.790      0.000
     5          2  u                   23     3     4     0     0   101     0      1.177     -2.404      6.201      6.762      0.330
     6         -2  ubar                23     3     4     0     0     0   101     -1.177      2.404     -2.991      4.027      0.330
                                   Charge sum:  0.000           Momentum sum:      0.000      0.000      3.210     10.790     10.301

 --------  End PYTHIA Event Listing  -----------------------------------------------------------------------------------------------

 --------  PYTHIA Event Listing  (complete event)  ---------------------------------------------------------------------------------
 
    no         id  name            status     mothers   daughters     colours      p_x        p_y        p_z         e          m 
     0         90  (system)           -11     0     0     0     0     0     0      0.000      0.000      3.000     11.000     10.583
     1         11  (e-)               -12     0     0    28     0     0     0      0.000      0.000      7.000      7.000      0.001
     2        -11  (e+)               -12     0     0    29     0     0     0      0.000      0.000     -4.000      4.000      0.001
     3         11  (e-)               -21    13    13     5     6     0     0      0.000      0.000      7.000      7.000      0.000
     4        -11  (e+)               -21    14     0     5     6     0     0      0.000      0.000     -3.790      3.790      0.000
     5          2  (u)                -23     3     4     7     8   101     0      1.177     -2.404      6.201      6.762      0.330
     6         -2  (ubar)             -23     3     4     9     9     0   101     -1.177      2.404     -2.991      4.027      0.330
     7          2  (u)                -51     5     0    12    12   104     0      1.014     -2.655      5.637      6.322      0.330
     8         21  (g)                -51     5     0    10    11   101   104      0.121      0.335      0.459      0.581      0.000
     9         -2  (ubar)             -52     6     6    16    16     0   101     -1.136      2.319     -2.886      3.887      0.330
    10         21  (g)                -51     8     0    17    17   101   105     -0.123      0.276      0.471      0.559      0.000
    11         21  (g)                -51     8     0    18    18   105   104      0.599     -0.886      1.965      2.237      0.000
    12          2  (u)                -52     7     7    15    15   104     0      0.660     -1.709      3.661      4.107      0.330
    13         11  (e-)               -42    20    20     3     3     0     0     -0.000     -0.000      7.000      7.000      0.000
    14        -11  (e+)               -41    21     0    19     4     0     0      0.000      0.000     -3.999      3.999      0.000
    15          2  (u)                -44    12    12    22    22   104     0      0.658     -1.710      3.659      4.105      0.330
    16         -2  (ubar)             -44     9     9    23    23     0   101     -1.159      2.315     -2.884      3.889      0.330
    17         21  (g)                -44    10    10    24    24   101   105     -0.123      0.275      0.471      0.560      0.000
    18         21  (g)                -44    11    11    25    25   105   104      0.598     -0.886      1.963      2.235      0.000
    19         22  (gamma)            -43    14     0    26    26     0     0      0.026      0.005     -0.208      0.210      0.000
    20         11  (e-)               -42    28    28    13    13     0     0      0.000      0.000      7.000      7.000      0.000
    21        -11  (e+)               -41    29    29    27    14     0     0     -0.000     -0.000     -4.000      4.000      0.000
    22          2  (u)                -44    15    15    30    30   104     0      0.658     -1.710      3.658      4.105      0.330
    23         -2  (ubar)             -44    16    16    31    31     0   101     -1.159      2.315     -2.885      3.890      0.330
    24         21  (g)                -44    17    17    32    32   101   105     -0.123      0.275      0.471      0.559      0.000
    25         21  (g)                -44    18    18    33    33   105   104      0.598     -0.886      1.962      2.235      0.000
    26         22  (gamma)            -44    19    19    34    34     0     0      0.026      0.005     -0.208      0.210      0.000
    27         22  (gamma)            -43    21     0    35    35     0     0     -0.000     -0.001      0.001      0.001      0.000
    28         11  (e-)               -61     1     0    20    20     0     0      0.000      0.000      7.000      7.000      0.000
    29        -11  (e+)               -61     2     0    21    21     0     0     -0.000      0.000     -4.000      4.000      0.000
    30          2  u                   62    22    22     0     0   104     0      0.658     -1.710      3.658      4.105      0.330
    31         -2  ubar                62    23    23     0     0     0   101     -1.159      2.315     -2.885      3.890      0.330
    32         21  g                   62    24    24     0     0   101   105     -0.123      0.275      0.471      0.559      0.000
    33         21  g                   62    25    25     0     0   105   104      0.598     -0.886      1.962      2.235      0.000
    34         22  gamma               62    26    26     0     0     0     0      0.026      0.005     -0.208      0.210      0.000
    35         22  gamma               62    27    27     0     0     0     0     -0.000     -0.001      0.001      0.001      0.000
    36         22  gamma               63     1     0     0     0     0     0      0.000      0.000      0.000      0.000      0.000
    37         22  gamma               63     2     0     0     0     0     0      0.000      0.000     -0.000      0.000      0.000
                                   Charge sum:  0.000           Momentum sum:     -0.000      0.000      3.000     11.000     10.583

 --------  End PYTHIA Event Listing  -----------------------------------------------------------------------------------------------
 PYTHIA Warning in TauDecays::decay: unknown correlated tau production, assuming from unpolarized photon  
 PYTHIA Warning in PhaseSpace2to2tauyz::trialKin: maximum for cross section violated  

 *-------  PYTHIA Event and Cross Section Statistics  -------------------------------------------------------------*
 |                                                                                                                 |
 | Subprocess                                    Code |            Number of events       |      sigma +- delta    |
 |                                                    |       Tried   Selected   Accepted |     (estimated) (mb)   |
 |                                                    |                                   |                        |
 |-----------------------------------------------------------------------------------------------------------------|
 |                                                    |                                   |                        |
 | f fbar -> f' fbar' (s-channel gamma*)          223 |      213020      10000      10000 |   6.039e-06  3.180e-08 |
 |                                                    |                                   |                        |
 | sum                                                |      213020      10000      10000 |   6.039e-06  3.180e-08 |
 |                                                                                                                 |
 *-------  End PYTHIA Event and Cross Section Statistics ----------------------------------------------------------*

 *-------  PYTHIA Error and Warning Messages Statistics  ----------------------------------------------------------* 
 |                                                                                                                 | 
 |  times   message                                                                                                | 
 |                                                                                                                 | 
 |    160   Warning in PhaseSpace2to2tauyz::trialKin: maximum for cross section violated                           | 
 |   1486   Warning in TauDecays::decay: unknown correlated tau production, assuming from unpolarized photon       | 
 |                                                                                                                 | 
 *-------  End PYTHIA Error and Warning Messages Statistics  ------------------------------------------------------* 
Gammatau2xmu: 1.196e-17

Gammatau2xe: 0.000e+00

BRtau2xmu: 5.279e-06

BRtau2xe: 0.000e+00

produced tau excluding those daughters are also tau lepton: 2.972e+03
produced X: 2.972e+03
produced X/NMC: 2.972e-01

Proportion of X flying forward (eta>0): 6.322e-01
Proportion of X flying backward (eta<0): 3.678e-01

Total Gamma [GeV]: 3.660e-16
ctau [m]: 5.392e-01

Gammax2tautau: 0.000e+00

Gammax2mumu: 0.000e+00

Gammax2ee: 3.660e-16

Gammax2gmgm: 0.000e+00

BRx2tautau: 0.000e+00

BRx2mumu: 0.000e+00

BRx2ee: 1.000e+00

BRx2gmgm: 0.000e+00

X: insideFidVol: 7.670e+02
observedX: 7.590e+02
visibleX: 7.590e+01

X Observed Fiducial efficiency: 2.554e-01
X Visible Fiducial efficiency: 2.554e-02

reallyProduced tau: 9.200e+10
total number of tau-tau events: 4.600e+10

reallyProducedX: 1.710e+05
reallyobservedX: 4.368e+04
reallyvisibleX: 4.368e+03

