mX:  0.5
g_TM_Lamb:  1.5e-09
g_EE_Lamb:  2e-06
NMC 10000

 *-------  PYTHIA Process Initialization  --------------------------*
 |                                                                  |
 | We collide e- with e+ at a CM energy of 1.058e+01 GeV            |
 |                                                                  |
 |------------------------------------------------------------------|
 |                                                    |             |
 | Subprocess                                    Code |   Estimated |
 |                                                    |    max (mb) |
 |                                                    |             |
 |------------------------------------------------------------------|
 |                                                    |             |
 | f fbar -> f' fbar' (s-channel gamma*)          223 |   1.427e-04 |
 |                                                                  |
 *-------  End PYTHIA Process Initialization -----------------------*

 *-------  PYTHIA Flag + Mode + Parm + Word + FVec + MVec + PVec + WVec Settings (changes only)  ------------------* 
 |                                                                                                                 | 
 | Name                                          |                      Now |      Default         Min         Max | 
 |                                               |                          |                                      | 
 | Beams:eA                                      |                  7.00000 |     7000.000         0.0             | 
 | Beams:eB                                      |                  4.00000 |     7000.000         0.0             | 
 | Beams:frameType                               |                        2 |            1           1           5 | 
 | Beams:idA                                     |                       11 |         2212                         | 
 | Beams:idB                                     |                      -11 |         2212                         | 
 | HadronLevel:Hadronize                         |                      off |           on                         | 
 | Next:numberCount                              |                    10000 |         1000           0             | 
 | PartonLevel:MPI                               |                      off |           on                         | 
 | Random:seed                                   |                        0 |           -1               900000000 | 
 | Random:setSeed                                |                       on |          off                         | 
 | WeakSingleBoson:ffbar2ffbar(s:gm)             |                       on |          off                         | 
 |                                                                                                                 | 
 *-------  End PYTHIA Flag + Mode + Parm + Word + FVec + MVec + PVec + WVec Settings  -----------------------------* 

 --------  PYTHIA Particle Data Table (changed only)  ------------------------------------------------------------------------------
 
      id   name            antiName         spn chg col      m0        mWidth      mMin       mMax       tau0    res dec ext vis wid
             no onMode   bRatio   meMode     products 

      15  tau-             tau+               2  -3   0    1.77682    0.00000    0.00000    0.00000  8.71100e-02   0   1   0   1   0
              0     1   0.0000002  103       36       13 
              1     1   0.0000000  103       36       11 

      36  x                                   1   0   0    0.50000    0.00000    0.00000    0.00000  1.21316e+03   0   1   0   0   0
              0     1   0.0000000  103       15      -15 
              1     1   0.0000000  103       13      -13 
              2     1   1.0000000  103       11      -11 
              3     1   0.0000000  103       22       22 

 --------  End PYTHIA Particle Data Table  -----------------------------------------------------------------------------------------


 --------  PYTHIA Info Listing  ---------------------------------------- 
 
 Beam A: id =     11, pz =  5.292e+00, e =  5.292e+00, m =  5.110e-04.
 Beam B: id =    -11, pz = -5.292e+00, e =  5.292e+00, m =  5.110e-04.

 In 1: id =   11, x =  9.996e-01, pdf =  8.122e+01 at Q2 =  1.120e+02.
 In 2: id =  -11, x =  1.000e+00, pdf =  4.208e+08 at same Q2.

 Subprocess f fbar -> f' fbar' (s-channel gamma*) with code 223 is 2 -> 2.
 It has sHat =  1.120e+02,    tHat = -1.077e+02,    uHat = -4.270e+00,
       pTHat =  2.018e+00,   m3Hat =  5.000e-01,   m4Hat =  5.000e-01,
    thetaHat =  2.748e+00,  phiHat =  4.206e+00.
     alphaEM =  7.631e-03,  alphaS =  1.975e-01    at Q2 =  1.120e+02.

 Impact parameter b =  0.000e+00 gives enhancement factor =  1.000e+00.
 Max pT scale for MPI =  1.058e+01, ISR =  1.058e+01, FSR =  1.058e+01.
 Number of MPI =     1, ISR =     1, FSRproc =     2, FSRreson =     0.

 --------  End PYTHIA Info Listing  ------------------------------------

 --------  PYTHIA Event Listing  (hard process)  -----------------------------------------------------------------------------------
 
    no         id  name            status     mothers   daughters     colours      p_x        p_y        p_z         e          m 
     0         90  (system)           -11     0     0     0     0     0     0      0.000      0.000      3.000     11.000     10.583
     1         11  (e-)               -12     0     0     3     0     0     0      0.000      0.000      7.000      7.000      0.001
     2        -11  (e+)               -12     0     0     4     0     0     0      0.000      0.000     -4.000      4.000      0.001
     3         11  (e-)               -21     1     0     5     6     0     0      0.000      0.000      6.997      6.997      0.000
     4        -11  (e+)               -21     2     0     5     6     0     0      0.000      0.000     -4.000      4.000      0.000
     5          3  s                   23     3     4     0     0   101     0     -0.979     -1.764     -3.558      4.121      0.500
     6         -3  sbar                23     3     4     0     0     0   101      0.979      1.764      6.555      6.877      0.500
                                   Charge sum:  0.000           Momentum sum:      0.000      0.000      2.997     10.997     10.581

 --------  End PYTHIA Event Listing  -----------------------------------------------------------------------------------------------

 --------  PYTHIA Event Listing  (complete event)  ---------------------------------------------------------------------------------
 
    no         id  name            status     mothers   daughters     colours      p_x        p_y        p_z         e          m 
     0         90  (system)           -11     0     0     0     0     0     0      0.000      0.000      3.000     11.000     10.583
     1         11  (e-)               -12     0     0    20     0     0     0      0.000      0.000      7.000      7.000      0.001
     2        -11  (e+)               -12     0     0    21     0     0     0      0.000      0.000     -4.000      4.000      0.001
     3         11  (e-)               -21    13     0     5     6     0     0      0.000      0.000      6.997      6.997      0.000
     4        -11  (e+)               -21    14    14     5     6     0     0      0.000      0.000     -4.000      4.000      0.000
     5          3  (s)                -23     3     4     9     9   101     0     -0.979     -1.764     -3.558      4.121      0.500
     6         -3  (sbar)             -23     3     4     7     8     0   101      0.979      1.764      6.555      6.877      0.500
     7         -3  (sbar)             -51     6     0    16    16     0   104      0.448      0.540      4.626      4.705      0.500
     8         21  (g)                -51     6     0    12    12   104   101      0.510      1.187      1.853      2.259      0.000
     9          3  (s)                -52     5     5    10    11   101     0     -0.958     -1.727     -3.481      4.033      0.500
    10          3  (s)                -51     9     0    15    15   105     0     -0.752     -1.948     -3.232      3.880      0.500
    11         21  (g)                -51     9     0    18    18   101   105     -0.155      0.339     -0.065      0.379      0.000
    12         21  (g)                -52     8     8    17    17   104   101      0.459      1.068      1.668      2.033      0.000
    13         11  (e-)               -41    20    20    19     3     0     0      0.000      0.000      7.000      7.000      0.000
    14        -11  (e+)               -42    21    21     4     4     0     0     -0.000     -0.000     -4.000      4.000      0.000
    15          3  (s)                -44    10    10    22    22   105     0     -0.752     -1.948     -3.232      3.880      0.500
    16         -3  (sbar)             -44     7     7    23    23     0   104      0.448      0.539      4.626      4.706      0.500
    17         21  (g)                -44    12    12    24    24   104   101      0.459      1.068      1.669      2.034      0.000
    18         21  (g)                -44    11    11    25    25   101   105     -0.155      0.339     -0.064      0.378      0.000
    19         22  (gamma)            -43    13     0    26    26     0     0      0.000      0.002      0.001      0.002      0.000
    20         11  (e-)               -61     1     0    13    13     0     0      0.000      0.000      7.000      7.000      0.000
    21        -11  (e+)               -61     2     0    14    14     0     0     -0.000      0.000     -4.000      4.000      0.000
    22          3  s                   62    15    15     0     0   105     0     -0.752     -1.948     -3.232      3.880      0.500
    23         -3  sbar                62    16    16     0     0     0   104      0.448      0.539      4.626      4.706      0.500
    24         21  g                   62    17    17     0     0   104   101      0.459      1.068      1.669      2.034      0.000
    25         21  g                   62    18    18     0     0   101   105     -0.155      0.339     -0.064      0.378      0.000
    26         22  gamma               62    19    19     0     0     0     0      0.000      0.002      0.001      0.002      0.000
    27         22  gamma               63     1     0     0     0     0     0      0.000      0.000      0.000      0.000      0.000
    28         22  gamma               63     2     0     0     0     0     0      0.000      0.000     -0.000      0.000      0.000
                                   Charge sum:  0.000           Momentum sum:     -0.000     -0.000      3.000     11.000     10.583

 --------  End PYTHIA Event Listing  -----------------------------------------------------------------------------------------------
 PYTHIA Warning in TauDecays::decay: unknown correlated tau production, assuming from unpolarized photon  
 PYTHIA Warning in PhaseSpace2to2tauyz::trialKin: maximum for cross section violated  

 *-------  PYTHIA Event and Cross Section Statistics  -------------------------------------------------------------*
 |                                                                                                                 |
 | Subprocess                                    Code |            Number of events       |      sigma +- delta    |
 |                                                    |       Tried   Selected   Accepted |     (estimated) (mb)   |
 |                                                    |                                   |                        |
 |-----------------------------------------------------------------------------------------------------------------|
 |                                                    |                                   |                        |
 | f fbar -> f' fbar' (s-channel gamma*)          223 |      240829      10000      10000 |   5.973e-06  3.031e-08 |
 |                                                    |                                   |                        |
 | sum                                                |      240829      10000      10000 |   5.973e-06  3.031e-08 |
 |                                                                                                                 |
 *-------  End PYTHIA Event and Cross Section Statistics ----------------------------------------------------------*

 *-------  PYTHIA Error and Warning Messages Statistics  ----------------------------------------------------------* 
 |                                                                                                                 | 
 |  times   message                                                                                                | 
 |                                                                                                                 | 
 |    108   Warning in PhaseSpace2to2tauyz::trialKin: maximum for cross section violated                           | 
 |   1475   Warning in TauDecays::decay: unknown correlated tau production, assuming from unpolarized photon       | 
 |                                                                                                                 | 
 *-------  End PYTHIA Error and Warning Messages Statistics  ------------------------------------------------------* 
Gammatau2xmu: 4.205e-19

Gammatau2xe: 0.000e+00

BRtau2xmu: 1.856e-07

BRtau2xe: 0.000e+00

produced tau excluding those daughters are also tau lepton: 2.950e+03
produced X: 2.950e+03
produced X/NMC: 2.950e-01

Proportion of X flying forward (eta>0): 6.180e-01
Proportion of X flying backward (eta<0): 3.820e-01

Total Gamma [GeV]: 1.627e-16
ctau [m]: 1.213e+00

Gammax2tautau: 0.000e+00

Gammax2mumu: 0.000e+00

Gammax2ee: 1.627e-16

Gammax2gmgm: 0.000e+00

BRx2tautau: 0.000e+00

BRx2mumu: 0.000e+00

BRx2ee: 1.000e+00

BRx2gmgm: 0.000e+00

X: insideFidVol: 4.330e+02
observedX: 4.135e+02
visibleX: 4.135e+01

X Observed Fiducial efficiency: 1.402e-01
X Visible Fiducial efficiency: 1.402e-02

reallyProduced tau: 9.200e+10
total number of tau-tau events: 4.600e+10

reallyProducedX: 6.012e+03
reallyobservedX: 8.428e+02
reallyvisibleX: 8.428e+01

