mX:  0.5
g_TM_Lamb:  4e-08
g_EE_Lamb:  8e-05
NMC 10000

 *-------  PYTHIA Process Initialization  --------------------------*
 |                                                                  |
 | We collide e- with e+ at a CM energy of 1.058e+01 GeV            |
 |                                                                  |
 |------------------------------------------------------------------|
 |                                                    |             |
 | Subprocess                                    Code |   Estimated |
 |                                                    |    max (mb) |
 |                                                    |             |
 |------------------------------------------------------------------|
 |                                                    |             |
 | f fbar -> f' fbar' (s-channel gamma*)          223 |   1.638e-04 |
 |                                                                  |
 *-------  End PYTHIA Process Initialization -----------------------*

 *-------  PYTHIA Flag + Mode + Parm + Word + FVec + MVec + PVec + WVec Settings (changes only)  ------------------* 
 |                                                                                                                 | 
 | Name                                          |                      Now |      Default         Min         Max | 
 |                                               |                          |                                      | 
 | Beams:eA                                      |                  7.00000 |     7000.000         0.0             | 
 | Beams:eB                                      |                  4.00000 |     7000.000         0.0             | 
 | Beams:frameType                               |                        2 |            1           1           5 | 
 | Beams:idA                                     |                       11 |         2212                         | 
 | Beams:idB                                     |                      -11 |         2212                         | 
 | HadronLevel:Hadronize                         |                      off |           on                         | 
 | Next:numberCount                              |                    10000 |         1000           0             | 
 | PartonLevel:MPI                               |                      off |           on                         | 
 | Random:seed                                   |                        0 |           -1               900000000 | 
 | Random:setSeed                                |                       on |          off                         | 
 | WeakSingleBoson:ffbar2ffbar(s:gm)             |                       on |          off                         | 
 |                                                                                                                 | 
 *-------  End PYTHIA Flag + Mode + Parm + Word + FVec + MVec + PVec + WVec Settings  -----------------------------* 

 --------  PYTHIA Particle Data Table (changed only)  ------------------------------------------------------------------------------
 
      id   name            antiName         spn chg col      m0        mWidth      mMin       mMax       tau0    res dec ext vis wid
             no onMode   bRatio   meMode     products 

      15  tau-             tau+               2  -3   0    1.77682    0.00000    0.00000    0.00000  8.71100e-02   0   1   0   1   0
              0     1   0.0001320  103       36       13 
              1     1   0.0000000  103       36       11 

      36  x                                   1   0   0    0.50000    0.00000    0.00000    0.00000  7.58223e-01   0   1   0   0   0
              0     1   0.0000000  103       15      -15 
              1     1   0.0000000  103       13      -13 
              2     1   1.0000000  103       11      -11 
              3     1   0.0000000  103       22       22 

 --------  End PYTHIA Particle Data Table  -----------------------------------------------------------------------------------------


 --------  PYTHIA Info Listing  ---------------------------------------- 
 
 Beam A: id =     11, pz =  5.292e+00, e =  5.292e+00, m =  5.110e-04.
 Beam B: id =    -11, pz = -5.292e+00, e =  5.292e+00, m =  5.110e-04.

 In 1: id =   11, x =  1.000e+00, pdf =  1.197e+04 at Q2 =  1.109e+02.
 In 2: id =  -11, x =  9.906e-01, pdf =  3.851e+00 at same Q2.

 Subprocess f fbar -> f' fbar' (s-channel gamma*) with code 223 is 2 -> 2.
 It has sHat =  1.109e+02,    tHat = -3.780e+01,    uHat = -7.315e+01,
       pTHat =  4.992e+00,   m3Hat =  5.110e-04,   m4Hat =  5.110e-04,
    thetaHat =  1.247e+00,  phiHat =  8.833e-01.
     alphaEM =  7.631e-03,  alphaS =  1.977e-01    at Q2 =  1.109e+02.

 Impact parameter b =  0.000e+00 gives enhancement factor =  1.000e+00.
 Max pT scale for MPI =  1.058e+01, ISR =  1.058e+01, FSR =  1.058e+01.
 Number of MPI =     1, ISR =     1, FSRproc =     1, FSRreson =     0.

 --------  End PYTHIA Info Listing  ------------------------------------

 --------  PYTHIA Event Listing  (hard process)  -----------------------------------------------------------------------------------
 
    no         id  name            status     mothers   daughters     colours      p_x        p_y        p_z         e          m 
     0         90  (system)           -11     0     0     0     0     0     0      0.000      0.000      3.000     11.000     10.583
     1         11  (e-)               -12     0     0     3     0     0     0      0.000      0.000      7.000      7.000      0.001
     2        -11  (e+)               -12     0     0     4     0     0     0      0.000      0.000     -4.000      4.000      0.001
     3         11  (e-)               -21     1     0     5     6     0     0      0.000      0.000      7.000      7.000      0.000
     4        -11  (e+)               -21     2     0     5     6     0     0      0.000      0.000     -3.962      3.962      0.000
     5         11  e-                  23     3     4     0     0     0     0      3.168      3.858      3.265      5.965      0.001
     6        -11  e+                  23     3     4     0     0     0     0     -3.168     -3.858     -0.228      4.997      0.001
                                   Charge sum:  0.000           Momentum sum:      0.000      0.000      3.038     10.962     10.533

 --------  End PYTHIA Event Listing  -----------------------------------------------------------------------------------------------

 --------  PYTHIA Event Listing  (complete event)  ---------------------------------------------------------------------------------
 
    no         id  name            status     mothers   daughters     colours      p_x        p_y        p_z         e          m 
     0         90  (system)           -11     0     0     0     0     0     0      0.000      0.000      3.000     11.000     10.583
     1         11  (e-)               -12     0     0    15     0     0     0      0.000      0.000      7.000      7.000      0.001
     2        -11  (e+)               -12     0     0    16     0     0     0      0.000      0.000     -4.000      4.000      0.001
     3         11  (e-)               -21     7     7     5     6     0     0      0.000      0.000      7.000      7.000      0.000
     4        -11  (e+)               -21     8     0     5     6     0     0      0.000      0.000     -3.962      3.962      0.000
     5         11  (e-)               -23     3     4     9     9     0     0      3.168      3.858      3.265      5.965      0.001
     6        -11  (e+)               -23     3     4    10    10     0     0     -3.168     -3.858     -0.228      4.997      0.001
     7         11  (e-)               -42    14    14     3     3     0     0     -0.000     -0.000      7.000      7.000      0.000
     8        -11  (e+)               -41    16    16    11     4     0     0      0.000      0.000     -4.000      4.000      0.000
     9         11  (e-)               -44     5     5    12    13     0     0      3.172      3.870      3.278      5.982      0.001
    10        -11  (e+)               -44     6     6    18    18     0     0     -3.160     -3.835     -0.258      4.975      0.001
    11         22  (gamma)            -43     8     0    19    19     0     0     -0.013     -0.035     -0.020      0.042      0.000
    12         11  (e-)               -51     9     0    17    17     0     0      3.125      3.812      3.229      5.892      0.001
    13         22  (gamma)            -51     9     0    20    20     0     0      0.048      0.058      0.049      0.090      0.000
    14         11  (e-)               -53    15    15     7     7     0     0     -0.000     -0.000      7.000      7.000      0.000
    15         11  (e-)               -61     1     0    14    14     0     0     -0.000      0.000      7.000      7.000      0.000
    16        -11  (e+)               -61     2     0     8     8     0     0      0.000      0.000     -4.000      4.000      0.000
    17         11  e-                  62    12    12     0     0     0     0      3.125      3.812      3.229      5.892      0.001
    18        -11  e+                  62    10    10     0     0     0     0     -3.160     -3.835     -0.258      4.975      0.001
    19         22  gamma               62    11    11     0     0     0     0     -0.013     -0.035     -0.020      0.042      0.000
    20         22  gamma               62    13    13     0     0     0     0      0.048      0.058      0.049      0.090      0.000
    21         22  gamma               63     1     0     0     0     0     0      0.000      0.000      0.000      0.000      0.000
    22         22  gamma               63     2     0     0     0     0     0      0.000      0.000     -0.000      0.000      0.000
                                   Charge sum:  0.000           Momentum sum:     -0.000     -0.000      3.000     11.000     10.583

 --------  End PYTHIA Event Listing  -----------------------------------------------------------------------------------------------
 PYTHIA Warning in TauDecays::decay: unknown correlated tau production, assuming from unpolarized photon  

 *-------  PYTHIA Event and Cross Section Statistics  -------------------------------------------------------------*
 |                                                                                                                 |
 | Subprocess                                    Code |            Number of events       |      sigma +- delta    |
 |                                                    |       Tried   Selected   Accepted |     (estimated) (mb)   |
 |                                                    |                                   |                        |
 |-----------------------------------------------------------------------------------------------------------------|
 |                                                    |                                   |                        |
 | f fbar -> f' fbar' (s-channel gamma*)          223 |      276352      10000      10000 |   5.963e-06  2.803e-08 |
 |                                                    |                                   |                        |
 | sum                                                |      276352      10000      10000 |   5.963e-06  2.803e-08 |
 |                                                                                                                 |
 *-------  End PYTHIA Event and Cross Section Statistics ----------------------------------------------------------*

 *-------  PYTHIA Error and Warning Messages Statistics  ----------------------------------------------------------* 
 |                                                                                                                 | 
 |  times   message                                                                                                | 
 |                                                                                                                 | 
 |   1432   Warning in TauDecays::decay: unknown correlated tau production, assuming from unpolarized photon       | 
 |                                                                                                                 | 
 *-------  End PYTHIA Error and Warning Messages Statistics  ------------------------------------------------------* 
Gammatau2xmu: 2.991e-16

Gammatau2xe: 0.000e+00

BRtau2xmu: 1.320e-04

BRtau2xe: 0.000e+00

produced tau excluding those daughters are also tau lepton: 2.864e+03
produced X: 2.864e+03
produced X/NMC: 2.864e-01

Proportion of X flying forward (eta>0): 6.229e-01
Proportion of X flying backward (eta<0): 3.771e-01

Total Gamma [GeV]: 2.602e-13
ctau [m]: 7.582e-04

Gammax2tautau: 0.000e+00

Gammax2mumu: 0.000e+00

Gammax2ee: 2.602e-13

Gammax2gmgm: 0.000e+00

BRx2tautau: 0.000e+00

BRx2mumu: 0.000e+00

BRx2ee: 1.000e+00

BRx2gmgm: 0.000e+00

X: insideFidVol: 0.000e+00
observedX: 1.084e-04
visibleX: 1.084e-05

X Observed Fiducial efficiency: 3.784e-08
X Visible Fiducial efficiency: 3.784e-09

reallyProduced tau: 9.200e+10
total number of tau-tau events: 4.600e+10

reallyProducedX: 4.275e+06
reallyobservedX: 1.618e-01
reallyvisibleX: 1.618e-02

