mX:  0.5
g_TM_Lamb:  1.5e-10
g_EE_Lamb:  8e-06
NMC 10000

 *-------  PYTHIA Process Initialization  --------------------------*
 |                                                                  |
 | We collide e- with e+ at a CM energy of 1.058e+01 GeV            |
 |                                                                  |
 |------------------------------------------------------------------|
 |                                                    |             |
 | Subprocess                                    Code |   Estimated |
 |                                                    |    max (mb) |
 |                                                    |             |
 |------------------------------------------------------------------|
 |                                                    |             |
 | f fbar -> f' fbar' (s-channel gamma*)          223 |   1.270e-04 |
 |                                                                  |
 *-------  End PYTHIA Process Initialization -----------------------*

 *-------  PYTHIA Flag + Mode + Parm + Word + FVec + MVec + PVec + WVec Settings (changes only)  ------------------* 
 |                                                                                                                 | 
 | Name                                          |                      Now |      Default         Min         Max | 
 |                                               |                          |                                      | 
 | Beams:eA                                      |                  7.00000 |     7000.000         0.0             | 
 | Beams:eB                                      |                  4.00000 |     7000.000         0.0             | 
 | Beams:frameType                               |                        2 |            1           1           5 | 
 | Beams:idA                                     |                       11 |         2212                         | 
 | Beams:idB                                     |                      -11 |         2212                         | 
 | HadronLevel:Hadronize                         |                      off |           on                         | 
 | Next:numberCount                              |                    10000 |         1000           0             | 
 | PartonLevel:MPI                               |                      off |           on                         | 
 | Random:seed                                   |                        0 |           -1               900000000 | 
 | Random:setSeed                                |                       on |          off                         | 
 | WeakSingleBoson:ffbar2ffbar(s:gm)             |                       on |          off                         | 
 |                                                                                                                 | 
 *-------  End PYTHIA Flag + Mode + Parm + Word + FVec + MVec + PVec + WVec Settings  -----------------------------* 

 --------  PYTHIA Particle Data Table (changed only)  ------------------------------------------------------------------------------
 
      id   name            antiName         spn chg col      m0        mWidth      mMin       mMax       tau0    res dec ext vis wid
             no onMode   bRatio   meMode     products 

      15  tau-             tau+               2  -3   0    1.77682    0.00000    0.00000    0.00000  8.71100e-02   0   1   0   1   0
              0     1   0.0000000  103       36       13 
              1     1   0.0000000  103       36       11 

      36  x                                   1   0   0    0.50000    0.00000    0.00000    0.00000  7.58223e+01   0   1   0   0   0
              0     1   0.0000000  103       15      -15 
              1     1   0.0000000  103       13      -13 
              2     1   1.0000000  103       11      -11 
              3     1   0.0000000  103       22       22 

 --------  End PYTHIA Particle Data Table  -----------------------------------------------------------------------------------------

 PYTHIA Warning in TauDecays::decay: unknown correlated tau production, assuming from unpolarized photon  

 --------  PYTHIA Info Listing  ---------------------------------------- 
 
 Beam A: id =     11, pz =  5.292e+00, e =  5.292e+00, m =  5.110e-04.
 Beam B: id =    -11, pz = -5.292e+00, e =  5.292e+00, m =  5.110e-04.

 In 1: id =   11, x =  5.178e-01, pdf =  2.903e-02 at Q2 =  5.799e+01.
 In 2: id =  -11, x =  1.000e+00, pdf =  1.059e+06 at same Q2.

 Subprocess f fbar -> f' fbar' (s-channel gamma*) with code 223 is 2 -> 2.
 It has sHat =  5.799e+01,    tHat = -4.868e+01,    uHat = -9.307e+00,
       pTHat =  2.472e+00,   m3Hat =  1.777e+00,   m4Hat =  1.777e+00,
    thetaHat =  2.317e+00,  phiHat =  5.702e+00.
     alphaEM =  7.604e-03,  alphaS =  2.145e-01    at Q2 =  5.799e+01.

 Impact parameter b =  0.000e+00 gives enhancement factor =  1.000e+00.
 Max pT scale for MPI =  1.058e+01, ISR =  1.058e+01, FSR =  1.058e+01.
 Number of MPI =     1, ISR =     1, FSRproc =     1, FSRreson =     0.

 --------  End PYTHIA Info Listing  ------------------------------------

 --------  PYTHIA Event Listing  (hard process)  -----------------------------------------------------------------------------------
 
    no         id  name            status     mothers   daughters     colours      p_x        p_y        p_z         e          m 
     0         90  (system)           -11     0     0     0     0     0     0      0.000      0.000      3.000     11.000     10.583
     1         11  (e-)               -12     0     0     3     0     0     0      0.000      0.000      7.000      7.000      0.001
     2        -11  (e+)               -12     0     0     4     0     0     0      0.000      0.000     -4.000      4.000      0.001
     3         11  (e-)               -21     1     0     5     6     0     0      0.000      0.000      3.624      3.624      0.000
     4        -11  (e+)               -21     2     0     5     6     0     0      0.000      0.000     -4.000      4.000      0.000
     5         15  tau-                23     3     4     0     0     0     0      2.066     -1.357     -2.477      3.925      1.777
     6        -15  tau+                23     3     4     0     0     0     0     -2.066      1.357      2.102      3.699      1.777
                                   Charge sum:  0.000           Momentum sum:      0.000      0.000     -0.376      7.624      7.615

 --------  End PYTHIA Event Listing  -----------------------------------------------------------------------------------------------

 --------  PYTHIA Event Listing  (complete event)  ---------------------------------------------------------------------------------
 
    no         id  name            status     mothers   daughters     colours      p_x        p_y        p_z         e          m 
     0         90  (system)           -11     0     0     0     0     0     0      0.000      0.000      3.000     11.000     10.583
     1         11  (e-)               -12     0     0    15     0     0     0      0.000      0.000      7.000      7.000      0.001
     2        -11  (e+)               -12     0     0    16     0     0     0      0.000      0.000     -4.000      4.000      0.001
     3         11  (e-)               -21     7     0     5     6     0     0      0.000      0.000      3.624      3.624      0.000
     4        -11  (e+)               -21     8     8     5     6     0     0      0.000      0.000     -4.000      4.000      0.000
     5         15  (tau-)             -23     3     4     9     9     0     0      2.066     -1.357     -2.477      3.925      1.777
     6        -15  (tau+)             -23     3     4    10    10     0     0     -2.066      1.357      2.102      3.699      1.777
     7         11  (e-)               -41    15    15    11     3     0     0      0.000      0.000      7.000      7.000      0.000
     8        -11  (e+)               -42    16    16     4     4     0     0      0.000     -0.000     -4.000      4.000      0.000
     9         15  (tau-)             -44     5     5    14    14     0     0      2.049     -1.338     -2.433      3.882      1.777
    10        -15  (tau+)             -44     6     6    12    13     0     0     -2.134      1.434      2.061      3.743      1.777
    11         22  (gamma)            -43     7     0    19    19     0     0      0.084     -0.096      3.372      3.375      0.000
    12        -15  (tau+)             -51    10     0    18    18     0     0     -2.139      1.428      2.056      3.741      1.777
    13         22  (gamma)            -51    10     0    20    20     0     0      0.016     -0.001     -0.008      0.017      0.000
    14         15  (tau-)             -52     9     9    17    17     0     0      2.039     -1.331     -2.421      3.866      1.777
    15         11  (e-)               -61     1     0     7     7     0     0      0.000      0.000      7.000      7.000      0.000
    16        -11  (e+)               -61     2     0     8     8     0     0     -0.000     -0.000     -4.000      4.000      0.000
    17         15  (tau-)             -62    14    14    25    26     0     0      2.039     -1.331     -2.421      3.866      1.777
    18        -15  (tau+)             -62    12    12    23    24     0     0     -2.139      1.428      2.056      3.741      1.777
    19         22  gamma               62    11    11     0     0     0     0      0.084     -0.096      3.372      3.375      0.000
    20         22  gamma               62    13    13     0     0     0     0      0.016     -0.001     -0.008      0.017      0.000
    21         22  gamma               63     1     0     0     0     0     0      0.000      0.000      0.000      0.000      0.000
    22         22  gamma               63     2     0     0     0     0     0      0.000      0.000     -0.000      0.000      0.000
    23         36  (x)                -91    18     0    27    28     0     0     -1.234      0.914      0.222      1.630      0.500
    24        -13  mu+                 91    18     0     0     0     0     0     -0.905      0.514      1.834      2.112      0.106
    25         36  (x)                -91    17     0    29    30     0     0      0.248      0.260     -0.529      0.812      0.500
    26         13  mu-                 91    17     0     0     0     0     0      1.791     -1.591     -1.892      3.055      0.106
    27         11  e-                  91    23     0     0     0     0     0     -0.714      0.236      0.021      0.752      0.001
    28        -11  e+                  91    23     0     0     0     0     0     -0.520      0.678      0.201      0.878      0.001
    29         11  e-                  91    25     0     0     0     0     0      0.009     -0.126     -0.247      0.278      0.001
    30        -11  e+                  91    25     0     0     0     0     0      0.239      0.386     -0.282      0.534      0.001
                                   Charge sum:  0.000           Momentum sum:     -0.000      0.000      3.000     11.000     10.583

 --------  End PYTHIA Event Listing  -----------------------------------------------------------------------------------------------
 PYTHIA Warning in PhaseSpace2to2tauyz::trialKin: maximum for cross section violated  

 *-------  PYTHIA Event and Cross Section Statistics  -------------------------------------------------------------*
 |                                                                                                                 |
 | Subprocess                                    Code |            Number of events       |      sigma +- delta    |
 |                                                    |       Tried   Selected   Accepted |     (estimated) (mb)   |
 |                                                    |                                   |                        |
 |-----------------------------------------------------------------------------------------------------------------|
 |                                                    |                                   |                        |
 | f fbar -> f' fbar' (s-channel gamma*)          223 |      213791      10000      10000 |   6.000e-06  3.204e-08 |
 |                                                    |                                   |                        |
 | sum                                                |      213791      10000      10000 |   6.000e-06  3.204e-08 |
 |                                                                                                                 |
 *-------  End PYTHIA Event and Cross Section Statistics ----------------------------------------------------------*

 *-------  PYTHIA Error and Warning Messages Statistics  ----------------------------------------------------------* 
 |                                                                                                                 | 
 |  times   message                                                                                                | 
 |                                                                                                                 | 
 |    330   Warning in PhaseSpace2to2tauyz::trialKin: maximum for cross section violated                           | 
 |   1507   Warning in TauDecays::decay: unknown correlated tau production, assuming from unpolarized photon       | 
 |                                                                                                                 | 
 *-------  End PYTHIA Error and Warning Messages Statistics  ------------------------------------------------------* 
Gammatau2xmu: 4.205e-21

Gammatau2xe: 0.000e+00

BRtau2xmu: 1.856e-09

BRtau2xe: 0.000e+00

produced tau excluding those daughters are also tau lepton: 3.014e+03
produced X: 3.014e+03
produced X/NMC: 3.014e-01

Proportion of X flying forward (eta>0): 6.254e-01
Proportion of X flying backward (eta<0): 3.746e-01

Total Gamma [GeV]: 2.602e-15
ctau [m]: 7.582e-02

Gammax2tautau: 0.000e+00

Gammax2mumu: 0.000e+00

Gammax2ee: 2.602e-15

Gammax2gmgm: 0.000e+00

BRx2tautau: 0.000e+00

BRx2mumu: 0.000e+00

BRx2ee: 1.000e+00

BRx2gmgm: 0.000e+00

X: insideFidVol: 1.520e+03
observedX: 1.504e+03
visibleX: 1.504e+02

X Observed Fiducial efficiency: 4.990e-01
X Visible Fiducial efficiency: 4.990e-02

reallyProduced tau: 9.200e+10
total number of tau-tau events: 4.600e+10

reallyProducedX: 6.012e+01
reallyobservedX: 3.000e+01
reallyvisibleX: 3.000e+00

