mX:  0.5
g_TM_Lamb:  8e-09
g_EE_Lamb:  8e-06
NMC 10000

 *-------  PYTHIA Process Initialization  --------------------------*
 |                                                                  |
 | We collide e- with e+ at a CM energy of 1.058e+01 GeV            |
 |                                                                  |
 |------------------------------------------------------------------|
 |                                                    |             |
 | Subprocess                                    Code |   Estimated |
 |                                                    |    max (mb) |
 |                                                    |             |
 |------------------------------------------------------------------|
 |                                                    |             |
 | f fbar -> f' fbar' (s-channel gamma*)          223 |   1.520e-04 |
 |                                                                  |
 *-------  End PYTHIA Process Initialization -----------------------*

 *-------  PYTHIA Flag + Mode + Parm + Word + FVec + MVec + PVec + WVec Settings (changes only)  ------------------* 
 |                                                                                                                 | 
 | Name                                          |                      Now |      Default         Min         Max | 
 |                                               |                          |                                      | 
 | Beams:eA                                      |                  7.00000 |     7000.000         0.0             | 
 | Beams:eB                                      |                  4.00000 |     7000.000         0.0             | 
 | Beams:frameType                               |                        2 |            1           1           5 | 
 | Beams:idA                                     |                       11 |         2212                         | 
 | Beams:idB                                     |                      -11 |         2212                         | 
 | HadronLevel:Hadronize                         |                      off |           on                         | 
 | Next:numberCount                              |                    10000 |         1000           0             | 
 | PartonLevel:MPI                               |                      off |           on                         | 
 | Random:seed                                   |                        0 |           -1               900000000 | 
 | Random:setSeed                                |                       on |          off                         | 
 | WeakSingleBoson:ffbar2ffbar(s:gm)             |                       on |          off                         | 
 |                                                                                                                 | 
 *-------  End PYTHIA Flag + Mode + Parm + Word + FVec + MVec + PVec + WVec Settings  -----------------------------* 

 --------  PYTHIA Particle Data Table (changed only)  ------------------------------------------------------------------------------
 
      id   name            antiName         spn chg col      m0        mWidth      mMin       mMax       tau0    res dec ext vis wid
             no onMode   bRatio   meMode     products 

      15  tau-             tau+               2  -3   0    1.77682    0.00000    0.00000    0.00000  8.71100e-02   0   1   0   1   0
              0     1   0.0000053  103       36       13 
              1     1   0.0000000  103       36       11 

      36  x                                   1   0   0    0.50000    0.00000    0.00000    0.00000  7.58223e+01   0   1   0   0   0
              0     1   0.0000000  103       15      -15 
              1     1   0.0000000  103       13      -13 
              2     1   1.0000000  103       11      -11 
              3     1   0.0000000  103       22       22 

 --------  End PYTHIA Particle Data Table  -----------------------------------------------------------------------------------------


 --------  PYTHIA Info Listing  ---------------------------------------- 
 
 Beam A: id =     11, pz =  5.292e+00, e =  5.292e+00, m =  5.110e-04.
 Beam B: id =    -11, pz = -5.292e+00, e =  5.292e+00, m =  5.110e-04.

 In 1: id =   11, x =  1.000e+00, pdf =  1.297e+08 at Q2 =  1.120e+02.
 In 2: id =  -11, x =  1.000e+00, pdf =  1.525e+04 at same Q2.

 Subprocess f fbar -> f' fbar' (s-channel gamma*) with code 223 is 2 -> 2.
 It has sHat =  1.120e+02,    tHat = -1.456e+01,    uHat = -9.744e+01,
       pTHat =  3.552e+00,   m3Hat =  3.300e-01,   m4Hat =  3.300e-01,
    thetaHat =  7.376e-01,  phiHat =  4.469e+00.
     alphaEM =  7.631e-03,  alphaS =  1.975e-01    at Q2 =  1.120e+02.

 Impact parameter b =  0.000e+00 gives enhancement factor =  1.000e+00.
 Max pT scale for MPI =  1.058e+01, ISR =  1.058e+01, FSR =  1.058e+01.
 Number of MPI =     1, ISR =     0, FSRproc =     2, FSRreson =     0.

 --------  End PYTHIA Info Listing  ------------------------------------

 --------  PYTHIA Event Listing  (hard process)  -----------------------------------------------------------------------------------
 
    no         id  name            status     mothers   daughters     colours      p_x        p_y        p_z         e          m 
     0         90  (system)           -11     0     0     0     0     0     0      0.000      0.000      3.000     11.000     10.583
     1         11  (e-)               -12     0     0     3     0     0     0      0.000      0.000      7.000      7.000      0.001
     2        -11  (e+)               -12     0     0     4     0     0     0      0.000      0.000     -4.000      4.000      0.001
     3         11  (e-)               -21     1     0     5     6     0     0      0.000      0.000      7.000      7.000      0.000
     4        -11  (e+)               -21     2     0     5     6     0     0      0.000      0.000     -4.000      4.000      0.000
     5          1  d                   23     3     4     0     0   101     0     -0.854     -3.447      5.562      6.608      0.330
     6         -1  dbar                23     3     4     0     0     0   101      0.854      3.447     -2.562      4.392      0.330
                                   Charge sum:  0.000           Momentum sum:      0.000      0.000      3.000     11.000     10.583

 --------  End PYTHIA Event Listing  -----------------------------------------------------------------------------------------------

 --------  PYTHIA Event Listing  (complete event)  ---------------------------------------------------------------------------------
 
    no         id  name            status     mothers   daughters     colours      p_x        p_y        p_z         e          m 
     0         90  (system)           -11     0     0     0     0     0     0      0.000      0.000      3.000     11.000     10.583
     1         11  (e-)               -12     0     0    13     0     0     0      0.000      0.000      7.000      7.000      0.001
     2        -11  (e+)               -12     0     0    14     0     0     0      0.000      0.000     -4.000      4.000      0.001
     3         11  (e-)               -21    13    13     5     6     0     0      0.000      0.000      7.000      7.000      0.000
     4        -11  (e+)               -21    14    14     5     6     0     0      0.000      0.000     -4.000      4.000      0.000
     5          1  (d)                -23     3     4     9     9   101     0     -0.854     -3.447      5.562      6.608      0.330
     6         -1  (dbar)             -23     3     4     7     8     0   101      0.854      3.447     -2.562      4.392      0.330
     7         -1  (dbar)             -51     6     0    16    16     0   102      0.392      3.020     -1.338      3.343      0.330
     8         21  (g)                -51     6     0    12    12   102   101      0.440      0.340     -1.083      1.217      0.000
     9          1  (d)                -52     5     5    10    11   101     0     -0.833     -3.360      5.421      6.440      0.330
    10          1  (d)                -51     9     0    15    15   103     0     -0.102     -2.961      4.524      5.418      0.330
    11         21  (g)                -51     9     0    18    18   101   103     -0.693     -0.370      0.806      1.125      0.000
    12         21  (g)                -52     8     8    17    17   102   101      0.403      0.311     -0.991      1.114      0.000
    13         11  (e-)               -61     1     0     3     3     0     0      0.000      0.000      7.000      7.000      0.000
    14        -11  (e+)               -61     2     0     4     4     0     0      0.000      0.000     -4.000      4.000      0.000
    15          1  d                   62    10    10     0     0   103     0     -0.102     -2.961      4.524      5.418      0.330
    16         -1  dbar                62     7     7     0     0     0   102      0.392      3.020     -1.338      3.343      0.330
    17         21  g                   62    12    12     0     0   102   101      0.403      0.311     -0.991      1.114      0.000
    18         21  g                   62    11    11     0     0   101   103     -0.693     -0.370      0.806      1.125      0.000
    19         22  gamma               63     1     0     0     0     0     0      0.000      0.000      0.000      0.000      0.000
    20         22  gamma               63     2     0     0     0     0     0      0.000      0.000     -0.000      0.000      0.000
                                   Charge sum:  0.000           Momentum sum:      0.000      0.000      3.000     11.000     10.583

 --------  End PYTHIA Event Listing  -----------------------------------------------------------------------------------------------
 PYTHIA Warning in TauDecays::decay: unknown correlated tau production, assuming from unpolarized photon  
 PYTHIA Warning in PhaseSpace2to2tauyz::trialKin: maximum for cross section violated  

 *-------  PYTHIA Event and Cross Section Statistics  -------------------------------------------------------------*
 |                                                                                                                 |
 | Subprocess                                    Code |            Number of events       |      sigma +- delta    |
 |                                                    |       Tried   Selected   Accepted |     (estimated) (mb)   |
 |                                                    |                                   |                        |
 |-----------------------------------------------------------------------------------------------------------------|
 |                                                    |                                   |                        |
 | f fbar -> f' fbar' (s-channel gamma*)          223 |      253453      10000      10000 |   6.023e-06  2.954e-08 |
 |                                                    |                                   |                        |
 | sum                                                |      253453      10000      10000 |   6.023e-06  2.954e-08 |
 |                                                                                                                 |
 *-------  End PYTHIA Event and Cross Section Statistics ----------------------------------------------------------*

 *-------  PYTHIA Error and Warning Messages Statistics  ----------------------------------------------------------* 
 |                                                                                                                 | 
 |  times   message                                                                                                | 
 |                                                                                                                 | 
 |     20   Warning in PhaseSpace2to2tauyz::trialKin: maximum for cross section violated                           | 
 |   1471   Warning in TauDecays::decay: unknown correlated tau production, assuming from unpolarized photon       | 
 |                                                                                                                 | 
 *-------  End PYTHIA Error and Warning Messages Statistics  ------------------------------------------------------* 
Gammatau2xmu: 1.196e-17

Gammatau2xe: 0.000e+00

BRtau2xmu: 5.279e-06

BRtau2xe: 0.000e+00

produced tau excluding those daughters are also tau lepton: 2.942e+03
produced X: 2.942e+03
produced X/NMC: 2.942e-01

Proportion of X flying forward (eta>0): 6.292e-01
Proportion of X flying backward (eta<0): 3.708e-01

Total Gamma [GeV]: 2.602e-15
ctau [m]: 7.582e-02

Gammax2tautau: 0.000e+00

Gammax2mumu: 0.000e+00

Gammax2ee: 2.602e-15

Gammax2gmgm: 0.000e+00

BRx2tautau: 0.000e+00

BRx2mumu: 0.000e+00

BRx2ee: 1.000e+00

BRx2gmgm: 0.000e+00

X: insideFidVol: 1.442e+03
observedX: 1.467e+03
visibleX: 1.467e+02

X Observed Fiducial efficiency: 4.987e-01
X Visible Fiducial efficiency: 4.987e-02

reallyProduced tau: 9.200e+10
total number of tau-tau events: 4.600e+10

reallyProducedX: 1.710e+05
reallyobservedX: 8.529e+04
reallyvisibleX: 8.529e+03

