mX:  0.5
g_TM_Lamb:  4e-07
g_EE_Lamb:  3e-05
NMC 10000

 *-------  PYTHIA Process Initialization  --------------------------*
 |                                                                  |
 | We collide e- with e+ at a CM energy of 1.058e+01 GeV            |
 |                                                                  |
 |------------------------------------------------------------------|
 |                                                    |             |
 | Subprocess                                    Code |   Estimated |
 |                                                    |    max (mb) |
 |                                                    |             |
 |------------------------------------------------------------------|
 |                                                    |             |
 | f fbar -> f' fbar' (s-channel gamma*)          223 |   1.287e-04 |
 |                                                                  |
 *-------  End PYTHIA Process Initialization -----------------------*

 *-------  PYTHIA Flag + Mode + Parm + Word + FVec + MVec + PVec + WVec Settings (changes only)  ------------------* 
 |                                                                                                                 | 
 | Name                                          |                      Now |      Default         Min         Max | 
 |                                               |                          |                                      | 
 | Beams:eA                                      |                  7.00000 |     7000.000         0.0             | 
 | Beams:eB                                      |                  4.00000 |     7000.000         0.0             | 
 | Beams:frameType                               |                        2 |            1           1           5 | 
 | Beams:idA                                     |                       11 |         2212                         | 
 | Beams:idB                                     |                      -11 |         2212                         | 
 | HadronLevel:Hadronize                         |                      off |           on                         | 
 | Next:numberCount                              |                    10000 |         1000           0             | 
 | PartonLevel:MPI                               |                      off |           on                         | 
 | Random:seed                                   |                        0 |           -1               900000000 | 
 | Random:setSeed                                |                       on |          off                         | 
 | WeakSingleBoson:ffbar2ffbar(s:gm)             |                       on |          off                         | 
 |                                                                                                                 | 
 *-------  End PYTHIA Flag + Mode + Parm + Word + FVec + MVec + PVec + WVec Settings  -----------------------------* 

 --------  PYTHIA Particle Data Table (changed only)  ------------------------------------------------------------------------------
 
      id   name            antiName         spn chg col      m0        mWidth      mMin       mMax       tau0    res dec ext vis wid
             no onMode   bRatio   meMode     products 

      15  tau-             tau+               2  -3   0    1.77682    0.00000    0.00000    0.00000  8.71100e-02   0   1   0   1   0
              0     1   0.0130268  103       36       13 
              1     1   0.0000000  103       36       11 

      36  x                                   1   0   0    0.50000    0.00000    0.00000    0.00000  5.39181e+00   0   1   0   0   0
              0     1   0.0000000  103       15      -15 
              1     1   0.0000000  103       13      -13 
              2     1   1.0000000  103       11      -11 
              3     1   0.0000000  103       22       22 

 --------  End PYTHIA Particle Data Table  -----------------------------------------------------------------------------------------


 --------  PYTHIA Info Listing  ---------------------------------------- 
 
 Beam A: id =     11, pz =  5.292e+00, e =  5.292e+00, m =  5.110e-04.
 Beam B: id =    -11, pz = -5.292e+00, e =  5.292e+00, m =  5.110e-04.

 In 1: id =   11, x =  9.998e-01, pdf =  1.362e+02 at Q2 =  6.940e+01.
 In 2: id =  -11, x =  6.198e-01, pdf =  4.807e-02 at same Q2.

 Subprocess f fbar -> f' fbar' (s-channel gamma*) with code 223 is 2 -> 2.
 It has sHat =  6.940e+01,    tHat = -3.235e+00,    uHat = -6.617e+01,
       pTHat =  1.751e+00,   m3Hat =  3.300e-01,   m4Hat =  3.300e-01,
    thetaHat =  4.352e-01,  phiHat =  1.492e+00.
     alphaEM =  7.611e-03,  alphaS =  2.095e-01    at Q2 =  6.940e+01.

 Impact parameter b =  0.000e+00 gives enhancement factor =  1.000e+00.
 Max pT scale for MPI =  1.058e+01, ISR =  8.331e+00, FSR =  8.331e+00.
 Number of MPI =     1, ISR =     2, FSRproc =     2, FSRreson =     0.

 --------  End PYTHIA Info Listing  ------------------------------------

 --------  PYTHIA Event Listing  (hard process)  -----------------------------------------------------------------------------------
 
    no         id  name            status     mothers   daughters     colours      p_x        p_y        p_z         e          m 
     0         90  (system)           -11     0     0     0     0     0     0      0.000      0.000      3.000     11.000     10.583
     1         11  (e-)               -12     0     0     3     0     0     0      0.000      0.000      7.000      7.000      0.001
     2        -11  (e+)               -12     0     0     4     0     0     0      0.000      0.000     -4.000      4.000      0.001
     3         11  (e-)               -21     1     0     5     6     0     0      0.000      0.000      6.998      6.998      0.000
     4        -11  (e+)               -21     2     0     5     6     0     0      0.000      0.000     -2.479      2.479      0.000
     5          2  u                   23     3     4     0     0   101     0      0.138      1.745      6.543      6.781      0.330
     6         -2  ubar                23     3     4     0     0     0   101     -0.138     -1.745     -2.024      2.696      0.330
                                   Charge sum:  0.000           Momentum sum:      0.000      0.000      4.519      9.478      8.331

 --------  End PYTHIA Event Listing  -----------------------------------------------------------------------------------------------

 --------  PYTHIA Event Listing  (complete event)  ---------------------------------------------------------------------------------
 
    no         id  name            status     mothers   daughters     colours      p_x        p_y        p_z         e          m 
     0         90  (system)           -11     0     0     0     0     0     0      0.000      0.000      3.000     11.000     10.583
     1         11  (e-)               -12     0     0    28     0     0     0      0.000      0.000      7.000      7.000      0.001
     2        -11  (e+)               -12     0     0    29     0     0     0      0.000      0.000     -4.000      4.000      0.001
     3         11  (e-)               -21    13    13     5     6     0     0      0.000      0.000      6.998      6.998      0.000
     4        -11  (e+)               -21    14     0     5     6     0     0      0.000      0.000     -2.479      2.479      0.000
     5          2  (u)                -23     3     4     9     9   101     0      0.138      1.745      6.543      6.781      0.330
     6         -2  (ubar)             -23     3     4     7     8     0   101     -0.138     -1.745     -2.024      2.696      0.330
     7         -2  (ubar)             -51     6     0    16    16     0   102     -1.784     -1.328      0.185      2.256      0.330
     8         21  (g)                -51     6     0    12    12   102   101      1.675     -0.047     -0.827      1.869      0.000
     9          2  (u)                -52     5     5    10    11   101     0      0.109      1.376      5.162      5.353      0.330
    10          2  (u)                -51     9     0    15    15   104     0     -0.330      1.147      4.678      4.839      0.330
    11         21  (g)                -51     9     0    18    18   101   104      0.722      0.220      0.344      0.829      0.000
    12         21  (g)                -52     8     8    17    17   102   101      1.392     -0.039     -0.687      1.553      0.000
    13         11  (e-)               -42    20     0     3     3     0     0      0.000      0.000      6.998      6.998      0.000
    14        -11  (e+)               -41    21    21    19     4     0     0     -0.000     -0.000     -4.000      4.000      0.000
    15          2  (u)                -44    10    10    22    22   104     0     -0.330      1.147      4.677      4.839      0.330
    16         -2  (ubar)             -44     7     7    23    23     0   102     -1.786     -1.330      0.188      2.259      0.330
    17         21  (g)                -44    12    12    24    24   102   101      1.390     -0.041     -0.689      1.552      0.000
    18         21  (g)                -44    11    11    25    25   101   104      0.721      0.220      0.343      0.828      0.000
    19         22  (gamma)            -43    14     0    26    26     0     0      0.006      0.004     -1.521      1.521      0.000
    20         11  (e-)               -41    28    28    27    13     0     0      0.000      0.000      7.000      7.000      0.000
    21        -11  (e+)               -42    29    29    14    14     0     0     -0.000      0.000     -4.000      4.000      0.000
    22          2  (u)                -44    15    15    30    30   104     0     -0.331      1.147      4.678      4.839      0.330
    23         -2  (ubar)             -44    16    16    31    31     0   102     -1.786     -1.330      0.188      2.259      0.330
    24         21  (g)                -44    17    17    32    32   102   101      1.390     -0.041     -0.689      1.551      0.000
    25         21  (g)                -44    18    18    33    33   101   104      0.721      0.220      0.343      0.828      0.000
    26         22  (gamma)            -44    19    19    34    34     0     0      0.006      0.004     -1.521      1.521      0.000
    27         22  (gamma)            -43    20     0    35    35     0     0      0.000      0.001      0.000      0.001      0.000
    28         11  (e-)               -61     1     0    20    20     0     0      0.000      0.000      7.000      7.000      0.000
    29        -11  (e+)               -61     2     0    21    21     0     0     -0.000      0.000     -4.000      4.000      0.000
    30          2  u                   62    22    22     0     0   104     0     -0.331      1.147      4.678      4.839      0.330
    31         -2  ubar                62    23    23     0     0     0   102     -1.786     -1.330      0.188      2.259      0.330
    32         21  g                   62    24    24     0     0   102   101      1.390     -0.041     -0.689      1.551      0.000
    33         21  g                   62    25    25     0     0   101   104      0.721      0.220      0.343      0.828      0.000
    34         22  gamma               62    26    26     0     0     0     0      0.006      0.004     -1.521      1.521      0.000
    35         22  gamma               62    27    27     0     0     0     0      0.000      0.001      0.000      0.001      0.000
    36         22  gamma               63     1     0     0     0     0     0      0.000      0.000      0.000      0.000      0.000
    37         22  gamma               63     2     0     0     0     0     0      0.000      0.000     -0.000      0.000      0.000
                                   Charge sum:  0.000           Momentum sum:     -0.000     -0.000      3.000     11.000     10.583

 --------  End PYTHIA Event Listing  -----------------------------------------------------------------------------------------------
 PYTHIA Warning in TauDecays::decay: unknown correlated tau production, assuming from unpolarized photon  
 PYTHIA Warning in PhaseSpace2to2tauyz::trialKin: maximum for cross section violated  

 *-------  PYTHIA Event and Cross Section Statistics  -------------------------------------------------------------*
 |                                                                                                                 |
 | Subprocess                                    Code |            Number of events       |      sigma +- delta    |
 |                                                    |       Tried   Selected   Accepted |     (estimated) (mb)   |
 |                                                    |                                   |                        |
 |-----------------------------------------------------------------------------------------------------------------|
 |                                                    |                                   |                        |
 | f fbar -> f' fbar' (s-channel gamma*)          223 |      215089      10000      10000 |   5.949e-06  3.191e-08 |
 |                                                    |                                   |                        |
 | sum                                                |      215089      10000      10000 |   5.949e-06  3.191e-08 |
 |                                                                                                                 |
 *-------  End PYTHIA Event and Cross Section Statistics ----------------------------------------------------------*

 *-------  PYTHIA Error and Warning Messages Statistics  ----------------------------------------------------------* 
 |                                                                                                                 | 
 |  times   message                                                                                                | 
 |                                                                                                                 | 
 |    307   Warning in PhaseSpace2to2tauyz::trialKin: maximum for cross section violated                           | 
 |   1510   Warning in TauDecays::decay: unknown correlated tau production, assuming from unpolarized photon       | 
 |                                                                                                                 | 
 *-------  End PYTHIA Error and Warning Messages Statistics  ------------------------------------------------------* 
Gammatau2xmu: 2.991e-14

Gammatau2xe: 0.000e+00

BRtau2xmu: 1.303e-02

BRtau2xe: 0.000e+00

produced tau excluding those daughters are also tau lepton: 3.020e+03
produced X: 3.020e+03
produced X/NMC: 3.020e-01

Proportion of X flying forward (eta>0): 6.301e-01
Proportion of X flying backward (eta<0): 3.699e-01

Total Gamma [GeV]: 3.660e-14
ctau [m]: 5.392e-03

Gammax2tautau: 0.000e+00

Gammax2mumu: 0.000e+00

Gammax2ee: 3.660e-14

Gammax2gmgm: 0.000e+00

BRx2tautau: 0.000e+00

BRx2mumu: 0.000e+00

BRx2ee: 1.000e+00

BRx2gmgm: 0.000e+00

X: insideFidVol: 8.300e+01
observedX: 7.735e+01
visibleX: 7.735e+00

X Observed Fiducial efficiency: 2.561e-02
X Visible Fiducial efficiency: 2.561e-03

reallyProduced tau: 9.200e+10
total number of tau-tau events: 4.600e+10

reallyProducedX: 4.220e+08
reallyobservedX: 1.081e+07
reallyvisibleX: 1.081e+06

