mX:  0.5
g_TM_Lamb:  1.5e-10
g_EE_Lamb:  2e-09
NMC 10000

 *-------  PYTHIA Process Initialization  --------------------------*
 |                                                                  |
 | We collide e- with e+ at a CM energy of 1.058e+01 GeV            |
 |                                                                  |
 |------------------------------------------------------------------|
 |                                                    |             |
 | Subprocess                                    Code |   Estimated |
 |                                                    |    max (mb) |
 |                                                    |             |
 |------------------------------------------------------------------|
 |                                                    |             |
 | f fbar -> f' fbar' (s-channel gamma*)          223 |   1.573e-04 |
 |                                                                  |
 *-------  End PYTHIA Process Initialization -----------------------*

 *-------  PYTHIA Flag + Mode + Parm + Word + FVec + MVec + PVec + WVec Settings (changes only)  ------------------* 
 |                                                                                                                 | 
 | Name                                          |                      Now |      Default         Min         Max | 
 |                                               |                          |                                      | 
 | Beams:eA                                      |                  7.00000 |     7000.000         0.0             | 
 | Beams:eB                                      |                  4.00000 |     7000.000         0.0             | 
 | Beams:frameType                               |                        2 |            1           1           5 | 
 | Beams:idA                                     |                       11 |         2212                         | 
 | Beams:idB                                     |                      -11 |         2212                         | 
 | HadronLevel:Hadronize                         |                      off |           on                         | 
 | Next:numberCount                              |                    10000 |         1000           0             | 
 | PartonLevel:MPI                               |                      off |           on                         | 
 | Random:seed                                   |                        0 |           -1               900000000 | 
 | Random:setSeed                                |                       on |          off                         | 
 | WeakSingleBoson:ffbar2ffbar(s:gm)             |                       on |          off                         | 
 |                                                                                                                 | 
 *-------  End PYTHIA Flag + Mode + Parm + Word + FVec + MVec + PVec + WVec Settings  -----------------------------* 

 --------  PYTHIA Particle Data Table (changed only)  ------------------------------------------------------------------------------
 
      id   name            antiName         spn chg col      m0        mWidth      mMin       mMax       tau0    res dec ext vis wid
             no onMode   bRatio   meMode     products 

      15  tau-             tau+               2  -3   0    1.77682    0.00000    0.00000    0.00000  8.71100e-02   0   1   0   1   0
              0     1   0.0000000  103       36       13 
              1     1   0.0000000  103       36       11 

      36  x                                   1   0   0    0.50000    0.00000    0.00000    0.00000  1.21316e+09   0   1   0   0   0
              0     1   0.0000000  103       15      -15 
              1     1   0.0000000  103       13      -13 
              2     1   1.0000000  103       11      -11 
              3     1   0.0000000  103       22       22 

 --------  End PYTHIA Particle Data Table  -----------------------------------------------------------------------------------------


 --------  PYTHIA Info Listing  ---------------------------------------- 
 
 Beam A: id =     11, pz =  5.292e+00, e =  5.292e+00, m =  5.110e-04.
 Beam B: id =    -11, pz = -5.292e+00, e =  5.292e+00, m =  5.110e-04.

 In 1: id =   11, x =  2.785e-01, pdf =  8.704e-03 at Q2 =  3.119e+01.
 In 2: id =  -11, x =  1.000e+00, pdf =  2.397e+06 at same Q2.

 Subprocess f fbar -> f' fbar' (s-channel gamma*) with code 223 is 2 -> 2.
 It has sHat =  3.119e+01,    tHat = -8.379e+00,    uHat = -2.281e+01,
       pTHat =  2.475e+00,   m3Hat =  5.110e-04,   m4Hat =  5.110e-04,
    thetaHat =  1.090e+00,  phiHat =  3.335e+00.
     alphaEM =  7.579e-03,  alphaS =  2.334e-01    at Q2 =  3.119e+01.

 Impact parameter b =  0.000e+00 gives enhancement factor =  1.000e+00.
 Max pT scale for MPI =  1.058e+01, ISR =  1.058e+01, FSR =  1.058e+01.
 Number of MPI =     1, ISR =     2, FSRproc =     1, FSRreson =     0.

 --------  End PYTHIA Info Listing  ------------------------------------

 --------  PYTHIA Event Listing  (hard process)  -----------------------------------------------------------------------------------
 
    no         id  name            status     mothers   daughters     colours      p_x        p_y        p_z         e          m 
     0         90  (system)           -11     0     0     0     0     0     0      0.000      0.000      3.000     11.000     10.583
     1         11  (e-)               -12     0     0     3     0     0     0      0.000      0.000      7.000      7.000      0.001
     2        -11  (e+)               -12     0     0     4     0     0     0      0.000      0.000     -4.000      4.000      0.001
     3         11  (e-)               -21     1     0     5     6     0     0      0.000      0.000      1.949      1.949      0.000
     4        -11  (e+)               -21     2     0     5     6     0     0      0.000      0.000     -4.000      4.000      0.000
     5         11  e-                  23     3     4     0     0     0     0     -2.429     -0.476      0.351      2.500      0.001
     6        -11  e+                  23     3     4     0     0     0     0      2.429      0.476     -2.402      3.449      0.001
                                   Charge sum:  0.000           Momentum sum:      0.000      0.000     -2.051      5.949      5.585

 --------  End PYTHIA Event Listing  -----------------------------------------------------------------------------------------------

 --------  PYTHIA Event Listing  (complete event)  ---------------------------------------------------------------------------------
 
    no         id  name            status     mothers   daughters     colours      p_x        p_y        p_z         e          m 
     0         90  (system)           -11     0     0     0     0     0     0      0.000      0.000      3.000     11.000     10.583
     1         11  (e-)               -12     0     0    21     0     0     0      0.000      0.000      7.000      7.000      0.001
     2        -11  (e+)               -12     0     0    22     0     0     0      0.000      0.000     -4.000      4.000      0.001
     3         11  (e-)               -21     7     0     5     6     0     0      0.000      0.000      1.949      1.949      0.000
     4        -11  (e+)               -21     8     8     5     6     0     0      0.000      0.000     -4.000      4.000      0.000
     5         11  (e-)               -23     3     4     9     9     0     0     -2.429     -0.476      0.351      2.500      0.001
     6        -11  (e+)               -23     3     4    10    10     0     0      2.429      0.476     -2.402      3.449      0.001
     7         11  (e-)               -41    12     0    11     3     0     0      0.000      0.000      6.978      6.978      0.000
     8        -11  (e+)               -42    13    13     4     4     0     0      0.000      0.000     -4.000      4.000      0.000
     9         11  (e-)               -44     5     5    14    14     0     0     -2.529      1.223      4.302      5.138      0.001
    10        -11  (e+)               -44     6     6    15    15     0     0      2.393      1.100      0.734      2.734      0.001
    11         22  (gamma)            -43     7     0    16    16     0     0      0.136     -2.323     -2.058      3.106      0.000
    12         11  (e-)               -41    20    20    17     7     0     0      0.000      0.000      7.000      7.000      0.000
    13        -11  (e+)               -42    22    22     8     8     0     0      0.000     -0.000     -4.000      4.000      0.000
    14         11  (e-)               -44     9     9    18    19     0     0     -2.522      1.222      4.319      5.148      0.001
    15        -11  (e+)               -44    10    10    24    24     0     0      2.395      1.100      0.740      2.737      0.001
    16         22  (gamma)            -44    11    11    25    25     0     0      0.137     -2.323     -2.049      3.101      0.000
    17         22  (gamma)            -43    12     0    26    26     0     0     -0.010      0.001     -0.009      0.014      0.000
    18         11  (e-)               -51    14     0    23    23     0     0     -2.522      1.222      4.318      5.147      0.001
    19         22  (gamma)            -51    14     0    27    27     0     0     -0.000      0.000      0.001      0.001      0.000
    20         11  (e-)               -53    21    21    12    12     0     0      0.000      0.000      7.000      7.000      0.000
    21         11  (e-)               -61     1     0    20    20     0     0     -0.000      0.000      7.000      7.000      0.000
    22        -11  (e+)               -61     2     0    13    13     0     0     -0.000      0.000     -4.000      4.000      0.000
    23         11  e-                  62    18    18     0     0     0     0     -2.522      1.222      4.318      5.147      0.001
    24        -11  e+                  62    15    15     0     0     0     0      2.395      1.100      0.740      2.737      0.001
    25         22  gamma               62    16    16     0     0     0     0      0.137     -2.323     -2.049      3.101      0.000
    26         22  gamma               62    17    17     0     0     0     0     -0.010      0.001     -0.009      0.014      0.000
    27         22  gamma               62    19    19     0     0     0     0     -0.000      0.000      0.001      0.001      0.000
    28         22  gamma               63     1     0     0     0     0     0      0.000      0.000      0.000      0.000      0.000
    29         22  gamma               63     2     0     0     0     0     0      0.000      0.000     -0.000      0.000      0.000
                                   Charge sum:  0.000           Momentum sum:     -0.000      0.000      3.000     11.000     10.583

 --------  End PYTHIA Event Listing  -----------------------------------------------------------------------------------------------
 PYTHIA Warning in TauDecays::decay: unknown correlated tau production, assuming from unpolarized photon  
 PYTHIA Warning in PhaseSpace2to2tauyz::finalKin: failed after mass assignment  
 PYTHIA Warning in PhaseSpace2to2tauyz::trialKin: maximum for cross section violated  

 *-------  PYTHIA Event and Cross Section Statistics  -------------------------------------------------------------*
 |                                                                                                                 |
 | Subprocess                                    Code |            Number of events       |      sigma +- delta    |
 |                                                    |       Tried   Selected   Accepted |     (estimated) (mb)   |
 |                                                    |                                   |                        |
 |-----------------------------------------------------------------------------------------------------------------|
 |                                                    |                                   |                        |
 | f fbar -> f' fbar' (s-channel gamma*)          223 |      261748      10001      10000 |   5.989e-06  2.901e-08 |
 |                                                    |                                   |                        |
 | sum                                                |      261748      10001      10000 |   5.989e-06  2.901e-08 |
 |                                                                                                                 |
 *-------  End PYTHIA Event and Cross Section Statistics ----------------------------------------------------------*

 *-------  PYTHIA Error and Warning Messages Statistics  ----------------------------------------------------------* 
 |                                                                                                                 | 
 |  times   message                                                                                                | 
 |                                                                                                                 | 
 |      1   Warning in PhaseSpace2to2tauyz::finalKin: failed after mass assignment                                 | 
 |      1   Warning in PhaseSpace2to2tauyz::trialKin: maximum for cross section violated                           | 
 |   1430   Warning in TauDecays::decay: unknown correlated tau production, assuming from unpolarized photon       | 
 |                                                                                                                 | 
 *-------  End PYTHIA Error and Warning Messages Statistics  ------------------------------------------------------* 
Gammatau2xmu: 4.205e-21

Gammatau2xe: 0.000e+00

BRtau2xmu: 1.856e-09

BRtau2xe: 0.000e+00

produced tau excluding those daughters are also tau lepton: 2.860e+03
produced X: 2.860e+03
produced X/NMC: 2.860e-01

Proportion of X flying forward (eta>0): 6.154e-01
Proportion of X flying backward (eta<0): 3.846e-01

Total Gamma [GeV]: 1.627e-22
ctau [m]: 1.213e+06

Gammax2tautau: 0.000e+00

Gammax2mumu: 0.000e+00

Gammax2ee: 1.627e-22

Gammax2gmgm: 0.000e+00

BRx2tautau: 0.000e+00

BRx2mumu: 0.000e+00

BRx2ee: 1.000e+00

BRx2gmgm: 0.000e+00

X: insideFidVol: 0.000e+00
observedX: 4.943e-04
visibleX: 4.943e-05

X Observed Fiducial efficiency: 1.728e-07
X Visible Fiducial efficiency: 1.728e-08

reallyProduced tau: 9.200e+10
total number of tau-tau events: 4.600e+10

reallyProducedX: 6.012e+01
reallyobservedX: 1.039e-05
reallyvisibleX: 1.039e-06

