mX:  0.5
g_TM_Lamb:  6e-09
g_EE_Lamb:  0.001
NMC 10000

 *-------  PYTHIA Process Initialization  --------------------------*
 |                                                                  |
 | We collide e- with e+ at a CM energy of 1.058e+01 GeV            |
 |                                                                  |
 |------------------------------------------------------------------|
 |                                                    |             |
 | Subprocess                                    Code |   Estimated |
 |                                                    |    max (mb) |
 |                                                    |             |
 |------------------------------------------------------------------|
 |                                                    |             |
 | f fbar -> f' fbar' (s-channel gamma*)          223 |   1.258e-04 |
 |                                                                  |
 *-------  End PYTHIA Process Initialization -----------------------*

 *-------  PYTHIA Flag + Mode + Parm + Word + FVec + MVec + PVec + WVec Settings (changes only)  ------------------* 
 |                                                                                                                 | 
 | Name                                          |                      Now |      Default         Min         Max | 
 |                                               |                          |                                      | 
 | Beams:eA                                      |                  7.00000 |     7000.000         0.0             | 
 | Beams:eB                                      |                  4.00000 |     7000.000         0.0             | 
 | Beams:frameType                               |                        2 |            1           1           5 | 
 | Beams:idA                                     |                       11 |         2212                         | 
 | Beams:idB                                     |                      -11 |         2212                         | 
 | HadronLevel:Hadronize                         |                      off |           on                         | 
 | Next:numberCount                              |                    10000 |         1000           0             | 
 | PartonLevel:MPI                               |                      off |           on                         | 
 | Random:seed                                   |                        0 |           -1               900000000 | 
 | Random:setSeed                                |                       on |          off                         | 
 | WeakSingleBoson:ffbar2ffbar(s:gm)             |                       on |          off                         | 
 |                                                                                                                 | 
 *-------  End PYTHIA Flag + Mode + Parm + Word + FVec + MVec + PVec + WVec Settings  -----------------------------* 

 --------  PYTHIA Particle Data Table (changed only)  ------------------------------------------------------------------------------
 
      id   name            antiName         spn chg col      m0        mWidth      mMin       mMax       tau0    res dec ext vis wid
             no onMode   bRatio   meMode     products 

      15  tau-             tau+               2  -3   0    1.77682    0.00000    0.00000    0.00000  8.71100e-02   0   1   0   1   0
              0     1   0.0000030  103       36       13 
              1     1   0.0000000  103       36       11 

      36  x                                   1   0   0    0.50000    0.00000    0.00000    0.00000  4.85263e-03   0   1   0   0   0
              0     1   0.0000000  103       15      -15 
              1     1   0.0000000  103       13      -13 
              2     1   1.0000000  103       11      -11 
              3     1   0.0000000  103       22       22 

 --------  End PYTHIA Particle Data Table  -----------------------------------------------------------------------------------------


 --------  PYTHIA Info Listing  ---------------------------------------- 
 
 Beam A: id =     11, pz =  5.292e+00, e =  5.292e+00, m =  5.110e-04.
 Beam B: id =    -11, pz = -5.292e+00, e =  5.292e+00, m =  5.110e-04.

 In 1: id =   11, x =  9.922e-01, pdf =  4.596e+00 at Q2 =  1.109e+02.
 In 2: id =  -11, x =  9.984e-01, pdf =  2.150e+01 at same Q2.

 Subprocess f fbar -> f' fbar' (s-channel gamma*) with code 223 is 2 -> 2.
 It has sHat =  1.109e+02,    tHat = -1.245e+01,    uHat = -9.850e+01,
       pTHat =  3.187e+00,   m3Hat =  1.500e+00,   m4Hat =  1.500e+00,
    thetaHat =  6.831e-01,  phiHat =  3.225e+00.
     alphaEM =  7.631e-03,  alphaS =  1.977e-01    at Q2 =  1.109e+02.

 Impact parameter b =  0.000e+00 gives enhancement factor =  1.000e+00.
 Max pT scale for MPI =  1.058e+01, ISR =  1.053e+01, FSR =  1.053e+01.
 Number of MPI =     1, ISR =     2, FSRproc =     3, FSRreson =     0.

 --------  End PYTHIA Info Listing  ------------------------------------

 --------  PYTHIA Event Listing  (hard process)  -----------------------------------------------------------------------------------
 
    no         id  name            status     mothers   daughters     colours      p_x        p_y        p_z         e          m 
     0         90  (system)           -11     0     0     0     0     0     0      0.000      0.000      3.000     11.000     10.583
     1         11  (e-)               -12     0     0     3     0     0     0      0.000      0.000      7.000      7.000      0.001
     2        -11  (e+)               -12     0     0     4     0     0     0      0.000      0.000     -4.000      4.000      0.001
     3         11  (e-)               -21     1     0     5     6     0     0      0.000      0.000      6.945      6.945      0.000
     4        -11  (e+)               -21     2     0     5     6     0     0      0.000      0.000     -3.994      3.994      0.000
     5          4  c                   23     3     4     0     0   101     0     -3.175     -0.266      5.542      6.567      1.500
     6         -4  cbar                23     3     4     0     0     0   101      3.175      0.266     -2.591      4.372      1.500
                                   Charge sum:  0.000           Momentum sum:      0.000      0.000      2.951     10.939     10.533

 --------  End PYTHIA Event Listing  -----------------------------------------------------------------------------------------------

 --------  PYTHIA Event Listing  (complete event)  ---------------------------------------------------------------------------------
 
    no         id  name            status     mothers   daughters     colours      p_x        p_y        p_z         e          m 
     0         90  (system)           -11     0     0     0     0     0     0      0.000      0.000      3.000     11.000     10.583
     1         11  (e-)               -12     0     0    33     0     0     0      0.000      0.000      7.000      7.000      0.001
     2        -11  (e+)               -12     0     0    34     0     0     0      0.000      0.000     -4.000      4.000      0.001
     3         11  (e-)               -21    16     0     5     6     0     0      0.000      0.000      6.945      6.945      0.000
     4        -11  (e+)               -21    17    17     5     6     0     0      0.000      0.000     -3.994      3.994      0.000
     5          4  (c)                -23     3     4     9     9   101     0     -3.175     -0.266      5.542      6.567      1.500
     6         -4  (cbar)             -23     3     4     7     8     0   101      3.175      0.266     -2.591      4.372      1.500
     7         -4  (cbar)             -51     6     0    19    19     0   103      1.063     -0.353     -1.729      2.549      1.500
     8         21  (g)                -51     6     0    10    11   103   101      1.954      0.605     -0.591      2.129      0.000
     9          4  (c)                -52     5     5    12    12   101     0     -3.017     -0.253      5.271      6.261      1.500
    10         21  (g)                -51     8     0    15    15   103   104     -0.134      0.475     -0.330      0.594      0.000
    11         21  (g)                -51     8     0    13    14   104   101      1.894      0.111      0.059      1.899      0.000
    12          4  (c)                -52     9     9    18    18   101     0     -2.823     -0.234      4.951      5.898      1.500
    13         21  (g)                -51    11     0    21    21   105   101      0.867     -0.258      0.350      0.970      0.000
    14         21  (g)                -51    11     0    22    22   104   105      0.961      0.605     -0.454      1.223      0.000
    15         21  (g)                -52    10    10    20    20   103   104     -0.068      0.240     -0.166      0.300      0.000
    16         11  (e-)               -41    24    24    23     3     0     0      0.000      0.000      7.000      7.000      0.000
    17        -11  (e+)               -42    25     0     4     4     0     0      0.000      0.000     -3.994      3.994      0.000
    18          4  (c)                -44    12    12    26    26   101     0     -2.814     -0.240      4.954      5.897      1.500
    19         -4  (cbar)             -44     7     7    27    27     0   103      1.064     -0.353     -1.730      2.549      1.500
    20         21  (g)                -44    15    15    28    28   103   104     -0.068      0.240     -0.166      0.299      0.000
    21         21  (g)                -44    13    13    29    29   105   101      0.868     -0.259      0.349      0.971      0.000
    22         21  (g)                -44    14    14    30    30   104   105      0.961      0.604     -0.454      1.223      0.000
    23         22  (gamma)            -43    16     0    31    31     0     0     -0.011      0.008      0.052      0.054      0.000
    24         11  (e-)               -42    33    33    16    16     0     0     -0.000     -0.000      7.000      7.000      0.000
    25        -11  (e+)               -41    34    34    32    17     0     0      0.000      0.000     -4.000      4.000      0.000
    26          4  (c)                -44    18    18    35    35   101     0     -2.814     -0.240      4.954      5.897      1.500
    27         -4  (cbar)             -44    19    19    36    36     0   103      1.064     -0.353     -1.730      2.549      1.500
    28         21  (g)                -44    20    20    37    37   103   104     -0.068      0.240     -0.166      0.299      0.000
    29         21  (g)                -44    21    21    38    38   105   101      0.868     -0.259      0.349      0.971      0.000
    30         21  (g)                -44    22    22    39    39   104   105      0.961      0.605     -0.454      1.223      0.000
    31         22  (gamma)            -44    23    23    40    40     0     0     -0.011      0.008      0.052      0.054      0.000
    32         22  (gamma)            -43    25     0    41    41     0     0     -0.000     -0.002     -0.006      0.006      0.000
    33         11  (e-)               -61     1     0    24    24     0     0     -0.000      0.000      7.000      7.000      0.000
    34        -11  (e+)               -61     2     0    25    25     0     0      0.000     -0.000     -4.000      4.000      0.000
    35          4  c                   62    26    26     0     0   101     0     -2.814     -0.240      4.954      5.897      1.500
    36         -4  cbar                62    27    27     0     0     0   103      1.064     -0.353     -1.730      2.549      1.500
    37         21  g                   62    28    28     0     0   103   104     -0.068      0.240     -0.166      0.299      0.000
    38         21  g                   62    29    29     0     0   105   101      0.868     -0.259      0.349      0.971      0.000
    39         21  g                   62    30    30     0     0   104   105      0.961      0.605     -0.454      1.223      0.000
    40         22  gamma               62    31    31     0     0     0     0     -0.011      0.008      0.052      0.054      0.000
    41         22  gamma               62    32    32     0     0     0     0     -0.000     -0.002     -0.006      0.006      0.000
    42         22  gamma               63     1     0     0     0     0     0      0.000      0.000      0.000      0.000      0.000
    43         22  gamma               63     2     0     0     0     0     0      0.000      0.000     -0.000      0.000      0.000
                                   Charge sum:  0.000           Momentum sum:     -0.000     -0.000      3.000     11.000     10.583

 --------  End PYTHIA Event Listing  -----------------------------------------------------------------------------------------------
 PYTHIA Warning in TauDecays::decay: unknown correlated tau production, assuming from unpolarized photon  
 PYTHIA Warning in PhaseSpace2to2tauyz::trialKin: maximum for cross section violated  

 *-------  PYTHIA Event and Cross Section Statistics  -------------------------------------------------------------*
 |                                                                                                                 |
 | Subprocess                                    Code |            Number of events       |      sigma +- delta    |
 |                                                    |       Tried   Selected   Accepted |     (estimated) (mb)   |
 |                                                    |                                   |                        |
 |-----------------------------------------------------------------------------------------------------------------|
 |                                                    |                                   |                        |
 | f fbar -> f' fbar' (s-channel gamma*)          223 |      212214      10000      10000 |   5.974e-06  3.214e-08 |
 |                                                    |                                   |                        |
 | sum                                                |      212214      10000      10000 |   5.974e-06  3.214e-08 |
 |                                                                                                                 |
 *-------  End PYTHIA Event and Cross Section Statistics ----------------------------------------------------------*

 *-------  PYTHIA Error and Warning Messages Statistics  ----------------------------------------------------------* 
 |                                                                                                                 | 
 |  times   message                                                                                                | 
 |                                                                                                                 | 
 |    375   Warning in PhaseSpace2to2tauyz::trialKin: maximum for cross section violated                           | 
 |   1474   Warning in TauDecays::decay: unknown correlated tau production, assuming from unpolarized photon       | 
 |                                                                                                                 | 
 *-------  End PYTHIA Error and Warning Messages Statistics  ------------------------------------------------------* 
Gammatau2xmu: 6.729e-18

Gammatau2xe: 0.000e+00

BRtau2xmu: 2.970e-06

BRtau2xe: 0.000e+00

produced tau excluding those daughters are also tau lepton: 2.948e+03
produced X: 2.948e+03
produced X/NMC: 2.948e-01

Proportion of X flying forward (eta>0): 6.170e-01
Proportion of X flying backward (eta<0): 3.830e-01

Total Gamma [GeV]: 4.066e-11
ctau [m]: 4.853e-06

Gammax2tautau: 0.000e+00

Gammax2mumu: 0.000e+00

Gammax2ee: 4.066e-11

Gammax2gmgm: 0.000e+00

BRx2tautau: 0.000e+00

BRx2mumu: 0.000e+00

BRx2ee: 1.000e+00

BRx2gmgm: 0.000e+00

X: insideFidVol: 0.000e+00
observedX: 0.000e+00
visibleX: 0.000e+00

X Observed Fiducial efficiency: 0.000e+00
X Visible Fiducial efficiency: 0.000e+00

reallyProduced tau: 9.200e+10
total number of tau-tau events: 4.600e+10

reallyProducedX: 9.620e+04
reallyobservedX: 0.000e+00
reallyvisibleX: 0.000e+00

