mX:  0.5
g_TM_Lamb:  8e-08
g_EE_Lamb:  6e-06
NMC 10000

 *-------  PYTHIA Process Initialization  --------------------------*
 |                                                                  |
 | We collide e- with e+ at a CM energy of 1.058e+01 GeV            |
 |                                                                  |
 |------------------------------------------------------------------|
 |                                                    |             |
 | Subprocess                                    Code |   Estimated |
 |                                                    |    max (mb) |
 |                                                    |             |
 |------------------------------------------------------------------|
 |                                                    |             |
 | f fbar -> f' fbar' (s-channel gamma*)          223 |   1.430e-04 |
 |                                                                  |
 *-------  End PYTHIA Process Initialization -----------------------*

 *-------  PYTHIA Flag + Mode + Parm + Word + FVec + MVec + PVec + WVec Settings (changes only)  ------------------* 
 |                                                                                                                 | 
 | Name                                          |                      Now |      Default         Min         Max | 
 |                                               |                          |                                      | 
 | Beams:eA                                      |                  7.00000 |     7000.000         0.0             | 
 | Beams:eB                                      |                  4.00000 |     7000.000         0.0             | 
 | Beams:frameType                               |                        2 |            1           1           5 | 
 | Beams:idA                                     |                       11 |         2212                         | 
 | Beams:idB                                     |                      -11 |         2212                         | 
 | HadronLevel:Hadronize                         |                      off |           on                         | 
 | Next:numberCount                              |                    10000 |         1000           0             | 
 | PartonLevel:MPI                               |                      off |           on                         | 
 | Random:seed                                   |                        0 |           -1               900000000 | 
 | Random:setSeed                                |                       on |          off                         | 
 | WeakSingleBoson:ffbar2ffbar(s:gm)             |                       on |          off                         | 
 |                                                                                                                 | 
 *-------  End PYTHIA Flag + Mode + Parm + Word + FVec + MVec + PVec + WVec Settings  -----------------------------* 

 --------  PYTHIA Particle Data Table (changed only)  ------------------------------------------------------------------------------
 
      id   name            antiName         spn chg col      m0        mWidth      mMin       mMax       tau0    res dec ext vis wid
             no onMode   bRatio   meMode     products 

      15  tau-             tau+               2  -3   0    1.77682    0.00000    0.00000    0.00000  8.71100e-02   0   1   0   1   0
              0     1   0.0005277  103       36       13 
              1     1   0.0000000  103       36       11 

      36  x                                   1   0   0    0.50000    0.00000    0.00000    0.00000  1.34795e+02   0   1   0   0   0
              0     1   0.0000000  103       15      -15 
              1     1   0.0000000  103       13      -13 
              2     1   1.0000000  103       11      -11 
              3     1   0.0000000  103       22       22 

 --------  End PYTHIA Particle Data Table  -----------------------------------------------------------------------------------------

 PYTHIA Warning in TauDecays::decay: unknown correlated tau production, assuming from unpolarized photon  

 --------  PYTHIA Info Listing  ---------------------------------------- 
 
 Beam A: id =     11, pz =  5.292e+00, e =  5.292e+00, m =  5.110e-04.
 Beam B: id =    -11, pz = -5.292e+00, e =  5.292e+00, m =  5.110e-04.

 In 1: id =   11, x =  9.023e-01, pdf =  3.416e-01 at Q2 =  9.779e+01.
 In 2: id =  -11, x =  9.676e-01, pdf =  1.121e+00 at same Q2.

 Subprocess f fbar -> f' fbar' (s-channel gamma*) with code 223 is 2 -> 2.
 It has sHat =  9.779e+01,    tHat = -7.692e+01,    uHat = -2.086e+01,
       pTHat =  3.781e+00,   m3Hat =  1.777e+00,   m4Hat =  1.777e+00,
    thetaHat =  2.181e+00,  phiHat =  3.005e+00.
     alphaEM =  7.625e-03,  alphaS =  2.007e-01    at Q2 =  9.779e+01.

 Impact parameter b =  0.000e+00 gives enhancement factor =  1.000e+00.
 Max pT scale for MPI =  1.058e+01, ISR =  1.058e+01, FSR =  1.058e+01.
 Number of MPI =     1, ISR =     2, FSRproc =     1, FSRreson =     0.

 --------  End PYTHIA Info Listing  ------------------------------------

 --------  PYTHIA Event Listing  (hard process)  -----------------------------------------------------------------------------------
 
    no         id  name            status     mothers   daughters     colours      p_x        p_y        p_z         e          m 
     0         90  (system)           -11     0     0     0     0     0     0      0.000      0.000      3.000     11.000     10.583
     1         11  (e-)               -12     0     0     3     0     0     0      0.000      0.000      7.000      7.000      0.001
     2        -11  (e+)               -12     0     0     4     0     0     0      0.000      0.000     -4.000      4.000      0.001
     3         11  (e-)               -21     1     0     5     6     0     0      0.000      0.000      6.316      6.316      0.000
     4        -11  (e+)               -21     2     0     5     6     0     0      0.000      0.000     -3.870      3.870      0.000
     5         15  tau-                23     3     4     0     0     0     0     -3.745      0.515     -1.502      4.439      1.777
     6        -15  tau+                23     3     4     0     0     0     0      3.745     -0.515      3.948      5.748      1.777
                                   Charge sum:  0.000           Momentum sum:      0.000      0.000      2.446     10.187      9.889

 --------  End PYTHIA Event Listing  -----------------------------------------------------------------------------------------------

 --------  PYTHIA Event Listing  (complete event)  ---------------------------------------------------------------------------------
 
    no         id  name            status     mothers   daughters     colours      p_x        p_y        p_z         e          m 
     0         90  (system)           -11     0     0     0     0     0     0      0.000      0.000      3.000     11.000     10.583
     1         11  (e-)               -12     0     0    22     0     0     0      0.000      0.000      7.000      7.000      0.001
     2        -11  (e+)               -12     0     0    23     0     0     0      0.000      0.000     -4.000      4.000      0.001
     3         11  (e-)               -21     7     7     5     6     0     0      0.000      0.000      6.316      6.316      0.000
     4        -11  (e+)               -21     8     0     5     6     0     0      0.000      0.000     -3.870      3.870      0.000
     5         15  (tau-)             -23     3     4     9     9     0     0     -3.745      0.515     -1.502      4.439      1.777
     6        -15  (tau+)             -23     3     4    10    10     0     0      3.745     -0.515      3.948      5.748      1.777
     7         11  (e-)               -42    15     0     3     3     0     0     -0.000      0.000      6.316      6.316      0.000
     8        -11  (e+)               -41    16    16    11     4     0     0      0.000     -0.000     -4.000      4.000      0.000
     9         15  (tau-)             -44     5     5    14    14     0     0     -3.700      0.465     -1.546      4.410      1.777
    10        -15  (tau+)             -44     6     6    12    13     0     0      3.759     -0.530      3.966      5.770      1.777
    11         22  (gamma)            -43     8     0    19    19     0     0     -0.060      0.065     -0.103      0.136      0.000
    12        -15  (tau+)             -51    10     0    18    18     0     0      3.746     -0.524      3.969      5.763      1.777
    13         22  (gamma)            -51    10     0    20    20     0     0      0.008     -0.006     -0.005      0.011      0.000
    14         15  (tau-)             -52     9     9    17    17     0     0     -3.695      0.464     -1.544      4.406      1.777
    15         11  (e-)               -41    22    22    21     7     0     0     -0.000      0.000      7.000      7.000      0.000
    16        -11  (e+)               -42    23    23     8     8     0     0     -0.000     -0.000     -4.000      4.000      0.000
    17         15  (tau-)             -44    14    14    24    24     0     0     -3.695      0.464     -1.544      4.406      1.777
    18        -15  (tau+)             -44    12    12    25    25     0     0      3.747     -0.524      3.968      5.764      1.777
    19         22  (gamma)            -44    11    11    26    26     0     0     -0.060      0.065     -0.103      0.136      0.000
    20         22  (gamma)            -44    13    13    27    27     0     0      0.008     -0.006     -0.005      0.011      0.000
    21         22  (gamma)            -43    15     0    28    28     0     0     -0.001     -0.000      0.684      0.684      0.000
    22         11  (e-)               -61     1     0    15    15     0     0      0.000      0.000      7.000      7.000      0.000
    23        -11  (e+)               -61     2     0    16    16     0     0      0.000      0.000     -4.000      4.000      0.000
    24         15  (tau-)             -62    17    17    31    32     0     0     -3.695      0.464     -1.544      4.406      1.777
    25        -15  (tau+)             -62    18    18    33    34     0     0      3.747     -0.524      3.968      5.764      1.777
    26         22  gamma               62    19    19     0     0     0     0     -0.060      0.065     -0.103      0.136      0.000
    27         22  gamma               62    20    20     0     0     0     0      0.008     -0.006     -0.005      0.011      0.000
    28         22  gamma               62    21    21     0     0     0     0     -0.001     -0.000      0.684      0.684      0.000
    29         22  gamma               63     1     0     0     0     0     0      0.000      0.000      0.000      0.000      0.000
    30         22  gamma               63     2     0     0     0     0     0      0.000      0.000     -0.000      0.000      0.000
    31         36  (x)                -91    24     0    35    36     0     0     -1.574      0.910     -1.126      2.196      0.500
    32         13  mu-                 91    24     0     0     0     0     0     -2.121     -0.445     -0.419      2.210      0.106
    33         36  (x)                -91    25     0    37    38     0     0      0.736     -0.175      0.204      0.930      0.500
    34        -13  mu+                 91    25     0     0     0     0     0      3.011     -0.349      3.764      4.834      0.106
    35         11  e-                  91    31     0     0     0     0     0     -1.584      0.808     -1.099      2.091      0.001
    36        -11  e+                  91    31     0     0     0     0     0      0.010      0.101     -0.026      0.105      0.001
    37         11  e-                  91    33     0     0     0     0     0      0.435     -0.342      0.060      0.557      0.001
    38        -11  e+                  91    33     0     0     0     0     0      0.301      0.167      0.144      0.373      0.001
                                   Charge sum:  0.000           Momentum sum:     -0.000      0.000      3.000     11.000     10.583

 --------  End PYTHIA Event Listing  -----------------------------------------------------------------------------------------------
 PYTHIA Warning in PhaseSpace2to2tauyz::trialKin: maximum for cross section violated  

 *-------  PYTHIA Event and Cross Section Statistics  -------------------------------------------------------------*
 |                                                                                                                 |
 | Subprocess                                    Code |            Number of events       |      sigma +- delta    |
 |                                                    |       Tried   Selected   Accepted |     (estimated) (mb)   |
 |                                                    |                                   |                        |
 |-----------------------------------------------------------------------------------------------------------------|
 |                                                    |                                   |                        |
 | f fbar -> f' fbar' (s-channel gamma*)          223 |      240507      10000      10000 |   5.986e-06  3.018e-08 |
 |                                                    |                                   |                        |
 | sum                                                |      240507      10000      10000 |   5.986e-06  3.018e-08 |
 |                                                                                                                 |
 *-------  End PYTHIA Event and Cross Section Statistics ----------------------------------------------------------*

 *-------  PYTHIA Error and Warning Messages Statistics  ----------------------------------------------------------* 
 |                                                                                                                 | 
 |  times   message                                                                                                | 
 |                                                                                                                 | 
 |     83   Warning in PhaseSpace2to2tauyz::trialKin: maximum for cross section violated                           | 
 |   1489   Warning in TauDecays::decay: unknown correlated tau production, assuming from unpolarized photon       | 
 |                                                                                                                 | 
 *-------  End PYTHIA Error and Warning Messages Statistics  ------------------------------------------------------* 
Gammatau2xmu: 1.196e-15

Gammatau2xe: 0.000e+00

BRtau2xmu: 5.277e-04

BRtau2xe: 0.000e+00

produced tau excluding those daughters are also tau lepton: 2.978e+03
produced X: 2.978e+03
produced X/NMC: 2.978e-01

Proportion of X flying forward (eta>0): 6.246e-01
Proportion of X flying backward (eta<0): 3.754e-01

Total Gamma [GeV]: 1.464e-15
ctau [m]: 1.348e-01

Gammax2tautau: 0.000e+00

Gammax2mumu: 0.000e+00

Gammax2ee: 1.464e-15

Gammax2gmgm: 0.000e+00

BRx2tautau: 0.000e+00

BRx2mumu: 0.000e+00

BRx2ee: 1.000e+00

BRx2gmgm: 0.000e+00

X: insideFidVol: 1.405e+03
observedX: 1.423e+03
visibleX: 1.423e+02

X Observed Fiducial efficiency: 4.779e-01
X Visible Fiducial efficiency: 4.779e-02

reallyProduced tau: 9.200e+10
total number of tau-tau events: 4.600e+10

reallyProducedX: 1.709e+07
reallyobservedX: 8.168e+06
reallyvisibleX: 8.168e+05

