mX:  0.5
g_TM_Lamb:  4e-10
g_EE_Lamb:  8e-07
NMC 10000

 *-------  PYTHIA Process Initialization  --------------------------*
 |                                                                  |
 | We collide e- with e+ at a CM energy of 1.058e+01 GeV            |
 |                                                                  |
 |------------------------------------------------------------------|
 |                                                    |             |
 | Subprocess                                    Code |   Estimated |
 |                                                    |    max (mb) |
 |                                                    |             |
 |------------------------------------------------------------------|
 |                                                    |             |
 | f fbar -> f' fbar' (s-channel gamma*)          223 |   1.299e-04 |
 |                                                                  |
 *-------  End PYTHIA Process Initialization -----------------------*

 *-------  PYTHIA Flag + Mode + Parm + Word + FVec + MVec + PVec + WVec Settings (changes only)  ------------------* 
 |                                                                                                                 | 
 | Name                                          |                      Now |      Default         Min         Max | 
 |                                               |                          |                                      | 
 | Beams:eA                                      |                  7.00000 |     7000.000         0.0             | 
 | Beams:eB                                      |                  4.00000 |     7000.000         0.0             | 
 | Beams:frameType                               |                        2 |            1           1           5 | 
 | Beams:idA                                     |                       11 |         2212                         | 
 | Beams:idB                                     |                      -11 |         2212                         | 
 | HadronLevel:Hadronize                         |                      off |           on                         | 
 | Next:numberCount                              |                    10000 |         1000           0             | 
 | PartonLevel:MPI                               |                      off |           on                         | 
 | Random:seed                                   |                        0 |           -1               900000000 | 
 | Random:setSeed                                |                       on |          off                         | 
 | WeakSingleBoson:ffbar2ffbar(s:gm)             |                       on |          off                         | 
 |                                                                                                                 | 
 *-------  End PYTHIA Flag + Mode + Parm + Word + FVec + MVec + PVec + WVec Settings  -----------------------------* 

 --------  PYTHIA Particle Data Table (changed only)  ------------------------------------------------------------------------------
 
      id   name            antiName         spn chg col      m0        mWidth      mMin       mMax       tau0    res dec ext vis wid
             no onMode   bRatio   meMode     products 

      15  tau-             tau+               2  -3   0    1.77682    0.00000    0.00000    0.00000  8.71100e-02   0   1   0   1   0
              0     1   0.0000000  103       36       13 
              1     1   0.0000000  103       36       11 

      36  x                                   1   0   0    0.50000    0.00000    0.00000    0.00000  7.58223e+03   0   1   0   0   0
              0     1   0.0000000  103       15      -15 
              1     1   0.0000000  103       13      -13 
              2     1   1.0000000  103       11      -11 
              3     1   0.0000000  103       22       22 

 --------  End PYTHIA Particle Data Table  -----------------------------------------------------------------------------------------


 --------  PYTHIA Info Listing  ---------------------------------------- 
 
 Beam A: id =     11, pz =  5.292e+00, e =  5.292e+00, m =  5.110e-04.
 Beam B: id =    -11, pz = -5.292e+00, e =  5.292e+00, m =  5.110e-04.

 In 1: id =   11, x =  8.306e-01, pdf =  1.728e-01 at Q2 =  9.303e+01.
 In 2: id =  -11, x =  1.000e+00, pdf =  1.718e+06 at same Q2.

 Subprocess f fbar -> f' fbar' (s-channel gamma*) with code 223 is 2 -> 2.
 It has sHat =  9.303e+01,    tHat = -8.860e+01,    uHat = -4.430e+00,
       pTHat =  2.049e+00,   m3Hat =  3.300e-01,   m4Hat =  3.300e-01,
    thetaHat =  2.702e+00,  phiHat =  1.204e+00.
     alphaEM =  7.623e-03,  alphaS =  2.020e-01    at Q2 =  9.303e+01.

 Impact parameter b =  0.000e+00 gives enhancement factor =  1.000e+00.
 Max pT scale for MPI =  1.058e+01, ISR =  9.645e+00, FSR =  9.645e+00.
 Number of MPI =     1, ISR =     1, FSRproc =     4, FSRreson =     0.

 --------  End PYTHIA Info Listing  ------------------------------------

 --------  PYTHIA Event Listing  (hard process)  -----------------------------------------------------------------------------------
 
    no         id  name            status     mothers   daughters     colours      p_x        p_y        p_z         e          m 
     0         90  (system)           -11     0     0     0     0     0     0      0.000      0.000      3.000     11.000     10.583
     1         11  (e-)               -12     0     0     3     0     0     0      0.000      0.000      7.000      7.000      0.001
     2        -11  (e+)               -12     0     0     4     0     0     0      0.000      0.000     -4.000      4.000      0.001
     3         11  (e-)               -21     1     0     5     6     0     0      0.000      0.000      5.815      5.815      0.000
     4        -11  (e+)               -21     2     0     5     6     0     0      0.000      0.000     -4.000      4.000      0.000
     5          2  u                   23     3     4     0     0   101     0      0.735      1.913     -3.522      4.088      0.330
     6         -2  ubar                23     3     4     0     0     0   101     -0.735     -1.913      5.337      5.726      0.330
                                   Charge sum:  0.000           Momentum sum:      0.000      0.000      1.815      9.815      9.645

 --------  End PYTHIA Event Listing  -----------------------------------------------------------------------------------------------

 --------  PYTHIA Event Listing  (complete event)  ---------------------------------------------------------------------------------
 
    no         id  name            status     mothers   daughters     colours      p_x        p_y        p_z         e          m 
     0         90  (system)           -11     0     0     0     0     0     0      0.000      0.000      3.000     11.000     10.583
     1         11  (e-)               -12     0     0    28     0     0     0      0.000      0.000      7.000      7.000      0.001
     2        -11  (e+)               -12     0     0    29     0     0     0      0.000      0.000     -4.000      4.000      0.001
     3         11  (e-)               -21    19     0     5     6     0     0      0.000      0.000      5.815      5.815      0.000
     4        -11  (e+)               -21    20    20     5     6     0     0      0.000      0.000     -4.000      4.000      0.000
     5          2  (u)                -23     3     4     9     9   101     0      0.735      1.913     -3.522      4.088      0.330
     6         -2  (ubar)             -23     3     4     7     8     0   101     -0.735     -1.913      5.337      5.726      0.330
     7         -2  (ubar)             -51     6     0    12    12     0   102      0.424     -0.078      4.582      4.614      0.330
     8         21  (g)                -51     6     0    10    11   102   101     -1.030     -1.500      0.136      1.824      0.000
     9          2  (u)                -52     5     5    15    15   101     0      0.606      1.578     -2.904      3.376      0.330
    10         21  (g)                -51     8     0    13    14   103   101     -0.749     -1.883      1.025      2.271      0.000
    11         21  (g)                -51     8     0    16    17   102   103     -0.198      0.373     -0.021      0.423      0.000
    12         -2  (ubar)             -52     7     7    18    18     0   102      0.341     -0.067      3.714      3.745      0.330
    13          2  (u)                -51    10     0    23    23   103     0     -0.544     -0.132      0.330      0.729      0.330
    14         -2  (ubar)             -51    10     0    25    25     0   101     -0.165     -1.647      0.505      1.762      0.330
    15          2  (u)                -52     9     9    21    21   101     0      0.566      1.474     -2.714      3.157      0.330
    16         21  (g)                -51    11     0    24    24   105   103     -0.227      0.542      0.213      0.625      0.000
    17         21  (g)                -51    11     0    26    26   102   105      0.181     -0.212      1.350      1.378      0.000
    18         -2  (ubar)             -52    12    12    22    22     0   102      0.188     -0.025      2.130      2.164      0.330
    19         11  (e-)               -41    28    28    27     3     0     0     -0.000      0.000      7.000      7.000      0.000
    20        -11  (e+)               -42    29    29     4     4     0     0      0.000     -0.000     -4.000      4.000      0.000
    21          2  (u)                -44    15    15    30    30   101     0      0.566      1.474     -2.714      3.157      0.330
    22         -2  (ubar)             -44    18    18    31    31     0   102      0.188     -0.024      2.130      2.164      0.330
    23          2  (u)                -44    13    13    32    32   103     0     -0.544     -0.132      0.330      0.729      0.330
    24         21  (g)                -44    16    16    33    33   105   103     -0.227      0.542      0.213      0.625      0.000
    25         -2  (ubar)             -44    14    14    34    34     0   101     -0.166     -1.647      0.506      1.762      0.330
    26         21  (g)                -44    17    17    35    35   102   105      0.181     -0.211      1.350      1.378      0.000
    27         22  (gamma)            -43    19     0    36    36     0     0      0.001     -0.002      1.185      1.185      0.000
    28         11  (e-)               -61     1     0    19    19     0     0      0.000      0.000      7.000      7.000      0.000
    29        -11  (e+)               -61     2     0    20    20     0     0      0.000     -0.000     -4.000      4.000      0.000
    30          2  u                   62    21    21     0     0   101     0      0.566      1.474     -2.714      3.157      0.330
    31         -2  ubar                62    22    22     0     0     0   102      0.188     -0.024      2.130      2.164      0.330
    32          2  u                   62    23    23     0     0   103     0     -0.544     -0.132      0.330      0.729      0.330
    33         21  g                   62    24    24     0     0   105   103     -0.227      0.542      0.213      0.625      0.000
    34         -2  ubar                62    25    25     0     0     0   101     -0.166     -1.647      0.506      1.762      0.330
    35         21  g                   62    26    26     0     0   102   105      0.181     -0.211      1.350      1.378      0.000
    36         22  gamma               62    27    27     0     0     0     0      0.001     -0.002      1.185      1.185      0.000
    37         22  gamma               63     1     0     0     0     0     0      0.000      0.000      0.000      0.000      0.000
    38         22  gamma               63     2     0     0     0     0     0      0.000      0.000     -0.000      0.000      0.000
                                   Charge sum:  0.000           Momentum sum:     -0.000     -0.000      3.000     11.000     10.583

 --------  End PYTHIA Event Listing  -----------------------------------------------------------------------------------------------
 PYTHIA Warning in TauDecays::decay: unknown correlated tau production, assuming from unpolarized photon  
 PYTHIA Warning in PhaseSpace2to2tauyz::trialKin: maximum for cross section violated  

 *-------  PYTHIA Event and Cross Section Statistics  -------------------------------------------------------------*
 |                                                                                                                 |
 | Subprocess                                    Code |            Number of events       |      sigma +- delta    |
 |                                                    |       Tried   Selected   Accepted |     (estimated) (mb)   |
 |                                                    |                                   |                        |
 |-----------------------------------------------------------------------------------------------------------------|
 |                                                    |                                   |                        |
 | f fbar -> f' fbar' (s-channel gamma*)          223 |      216106      10000      10000 |   6.026e-06  3.222e-08 |
 |                                                    |                                   |                        |
 | sum                                                |      216106      10000      10000 |   6.026e-06  3.222e-08 |
 |                                                                                                                 |
 *-------  End PYTHIA Event and Cross Section Statistics ----------------------------------------------------------*

 *-------  PYTHIA Error and Warning Messages Statistics  ----------------------------------------------------------* 
 |                                                                                                                 | 
 |  times   message                                                                                                | 
 |                                                                                                                 | 
 |    298   Warning in PhaseSpace2to2tauyz::trialKin: maximum for cross section violated                           | 
 |   1419   Warning in TauDecays::decay: unknown correlated tau production, assuming from unpolarized photon       | 
 |                                                                                                                 | 
 *-------  End PYTHIA Error and Warning Messages Statistics  ------------------------------------------------------* 
Gammatau2xmu: 2.991e-20

Gammatau2xe: 0.000e+00

BRtau2xmu: 1.320e-08

BRtau2xe: 0.000e+00

produced tau excluding those daughters are also tau lepton: 2.838e+03
produced X: 2.838e+03
produced X/NMC: 2.838e-01

Proportion of X flying forward (eta>0): 6.166e-01
Proportion of X flying backward (eta<0): 3.834e-01

Total Gamma [GeV]: 2.602e-17
ctau [m]: 7.582e+00

Gammax2tautau: 0.000e+00

Gammax2mumu: 0.000e+00

Gammax2ee: 2.602e-17

Gammax2gmgm: 0.000e+00

BRx2tautau: 0.000e+00

BRx2mumu: 0.000e+00

BRx2ee: 1.000e+00

BRx2gmgm: 0.000e+00

X: insideFidVol: 7.100e+01
observedX: 7.746e+01
visibleX: 7.746e+00

X Observed Fiducial efficiency: 2.729e-02
X Visible Fiducial efficiency: 2.729e-03

reallyProduced tau: 9.200e+10
total number of tau-tau events: 4.600e+10

reallyProducedX: 4.275e+02
reallyobservedX: 1.167e+01
reallyvisibleX: 1.167e+00

