mX:  0.5
g_TM_Lamb:  2e-09
g_EE_Lamb:  3e-07
NMC 10000

 *-------  PYTHIA Process Initialization  --------------------------*
 |                                                                  |
 | We collide e- with e+ at a CM energy of 1.058e+01 GeV            |
 |                                                                  |
 |------------------------------------------------------------------|
 |                                                    |             |
 | Subprocess                                    Code |   Estimated |
 |                                                    |    max (mb) |
 |                                                    |             |
 |------------------------------------------------------------------|
 |                                                    |             |
 | f fbar -> f' fbar' (s-channel gamma*)          223 |   1.429e-04 |
 |                                                                  |
 *-------  End PYTHIA Process Initialization -----------------------*

 *-------  PYTHIA Flag + Mode + Parm + Word + FVec + MVec + PVec + WVec Settings (changes only)  ------------------* 
 |                                                                                                                 | 
 | Name                                          |                      Now |      Default         Min         Max | 
 |                                               |                          |                                      | 
 | Beams:eA                                      |                  7.00000 |     7000.000         0.0             | 
 | Beams:eB                                      |                  4.00000 |     7000.000         0.0             | 
 | Beams:frameType                               |                        2 |            1           1           5 | 
 | Beams:idA                                     |                       11 |         2212                         | 
 | Beams:idB                                     |                      -11 |         2212                         | 
 | HadronLevel:Hadronize                         |                      off |           on                         | 
 | Next:numberCount                              |                    10000 |         1000           0             | 
 | PartonLevel:MPI                               |                      off |           on                         | 
 | Random:seed                                   |                        0 |           -1               900000000 | 
 | Random:setSeed                                |                       on |          off                         | 
 | WeakSingleBoson:ffbar2ffbar(s:gm)             |                       on |          off                         | 
 |                                                                                                                 | 
 *-------  End PYTHIA Flag + Mode + Parm + Word + FVec + MVec + PVec + WVec Settings  -----------------------------* 

 --------  PYTHIA Particle Data Table (changed only)  ------------------------------------------------------------------------------
 
      id   name            antiName         spn chg col      m0        mWidth      mMin       mMax       tau0    res dec ext vis wid
             no onMode   bRatio   meMode     products 

      15  tau-             tau+               2  -3   0    1.77682    0.00000    0.00000    0.00000  8.71100e-02   0   1   0   1   0
              0     1   0.0000003  103       36       13 
              1     1   0.0000000  103       36       11 

      36  x                                   1   0   0    0.50000    0.00000    0.00000    0.00000  5.39181e+04   0   1   0   0   0
              0     1   0.0000000  103       15      -15 
              1     1   0.0000000  103       13      -13 
              2     1   1.0000000  103       11      -11 
              3     1   0.0000000  103       22       22 

 --------  End PYTHIA Particle Data Table  -----------------------------------------------------------------------------------------


 --------  PYTHIA Info Listing  ---------------------------------------- 
 
 Beam A: id =     11, pz =  5.292e+00, e =  5.292e+00, m =  5.110e-04.
 Beam B: id =    -11, pz = -5.292e+00, e =  5.292e+00, m =  5.110e-04.

 In 1: id =   11, x =  7.487e-01, pdf =  9.817e-02 at Q2 =  8.385e+01.
 In 2: id =  -11, x =  1.000e+00, pdf =  2.124e+06 at same Q2.

 Subprocess f fbar -> f' fbar' (s-channel gamma*) with code 223 is 2 -> 2.
 It has sHat =  8.385e+01,    tHat = -9.817e+00,    uHat = -7.403e+01,
       pTHat =  2.926e+00,   m3Hat =  5.000e-01,   m4Hat =  5.000e-01,
    thetaHat =  6.984e-01,  phiHat =  5.241e+00.
     alphaEM =  7.619e-03,  alphaS =  2.046e-01    at Q2 =  8.385e+01.

 Impact parameter b =  0.000e+00 gives enhancement factor =  1.000e+00.
 Max pT scale for MPI =  1.058e+01, ISR =  9.157e+00, FSR =  9.157e+00.
 Number of MPI =     1, ISR =     1, FSRproc =     4, FSRreson =     0.

 --------  End PYTHIA Info Listing  ------------------------------------

 --------  PYTHIA Event Listing  (hard process)  -----------------------------------------------------------------------------------
 
    no         id  name            status     mothers   daughters     colours      p_x        p_y        p_z         e          m 
     0         90  (system)           -11     0     0     0     0     0     0      0.000      0.000      3.000     11.000     10.583
     1         11  (e-)               -12     0     0     3     0     0     0      0.000      0.000      7.000      7.000      0.001
     2        -11  (e+)               -12     0     0     4     0     0     0      0.000      0.000     -4.000      4.000      0.001
     3         11  (e-)               -21     1     0     5     6     0     0      0.000      0.000      5.241      5.241      0.000
     4        -11  (e+)               -21     2     0     5     6     0     0      0.000      0.000     -4.000      4.000      0.000
     5          3  s                   23     3     4     0     0   101     0      1.475     -2.528      4.138      5.093      0.500
     6         -3  sbar                23     3     4     0     0     0   101     -1.475      2.528     -2.897      4.148      0.500
                                   Charge sum:  0.000           Momentum sum:      0.000      0.000      1.241      9.241      9.157

 --------  End PYTHIA Event Listing  -----------------------------------------------------------------------------------------------

 --------  PYTHIA Event Listing  (complete event)  ---------------------------------------------------------------------------------
 
    no         id  name            status     mothers   daughters     colours      p_x        p_y        p_z         e          m 
     0         90  (system)           -11     0     0     0     0     0     0      0.000      0.000      3.000     11.000     10.583
     1         11  (e-)               -12     0     0    27     0     0     0      0.000      0.000      7.000      7.000      0.001
     2        -11  (e+)               -12     0     0    28     0     0     0      0.000      0.000     -4.000      4.000      0.001
     3         11  (e-)               -21    16     0     5     6     0     0      0.000      0.000      5.241      5.241      0.000
     4        -11  (e+)               -21    17    17     5     6     0     0      0.000      0.000     -4.000      4.000      0.000
     5          3  (s)                -23     3     4     7     8   101     0      1.475     -2.528      4.138      5.093      0.500
     6         -3  (sbar)             -23     3     4     9     9     0   101     -1.475      2.528     -2.897      4.148      0.500
     7          3  (s)                -51     5     0    18    18   102     0      0.376     -3.295      1.885      3.847      0.500
     8         21  (g)                -51     5     0    12    12   101   102      0.751      1.363      1.567      2.209      0.000
     9         -3  (sbar)             -52     6     6    10    11     0   101     -1.127      1.931     -2.212      3.185      0.500
    10         -3  (sbar)             -51     9     0    15    15     0   103     -1.474      2.664     -1.726      3.535      0.500
    11         21  (g)                -51     9     0    13    14   103   101      0.746     -0.008      0.346      0.823      0.000
    12         21  (g)                -52     8     8    20    20   101   102      0.352      0.639      0.735      1.036      0.000
    13         21  (g)                -51    11     0    21    21   104   101     -0.573      0.536      0.513      0.938      0.000
    14         21  (g)                -51    11     0    22    22   103   104      0.738      0.470     -0.833      1.208      0.000
    15         -3  (sbar)             -52    10    10    19    19     0   103     -0.893      1.649     -1.059      2.211      0.500
    16         11  (e-)               -41    27    27    23     3     0     0     -0.000      0.000      7.000      7.000      0.000
    17        -11  (e+)               -42    28    28     4     4     0     0     -0.000      0.000     -4.000      4.000      0.000
    18          3  (s)                -44     7     7    29    29   102     0      0.828     -3.443      1.911      4.055      0.500
    19         -3  (sbar)             -44    15    15    30    30     0   103     -0.802      1.620     -0.867      2.066      0.500
    20         21  (g)                -44    12    12    31    31   101   102      0.492      0.594      0.760      1.083      0.000
    21         21  (g)                -44    13    13    24    25   104   101     -0.459      0.499      0.603      0.908      0.000
    22         21  (g)                -44    14    14    26    26   103   104      0.768      0.460     -0.831      1.221      0.000
    23         22  (gamma)            -43    16     0    34    34     0     0     -0.826      0.270      1.424      1.668      0.000
    24         21  (g)                -51    21     0    32    32   105   101      0.230     -0.351      0.004      0.420      0.000
    25         21  (g)                -51    21     0    35    35   104   105     -0.278      1.097      0.154      1.142      0.000
    26         21  (g)                -52    22    22    33    33   103   104      0.356      0.214     -0.386      0.567      0.000
    27         11  (e-)               -61     1     0    16    16     0     0      0.000     -0.000      7.000      7.000      0.000
    28        -11  (e+)               -61     2     0    17    17     0     0      0.000     -0.000     -4.000      4.000      0.000
    29          3  s                   62    18    18     0     0   102     0      0.828     -3.443      1.911      4.055      0.500
    30         -3  sbar                62    19    19     0     0     0   103     -0.802      1.620     -0.867      2.066      0.500
    31         21  g                   62    20    20     0     0   101   102      0.492      0.594      0.760      1.083      0.000
    32         21  g                   62    24    24     0     0   105   101      0.230     -0.351      0.004      0.420      0.000
    33         21  g                   62    26    26     0     0   103   104      0.356      0.214     -0.386      0.567      0.000
    34         22  gamma               62    23    23     0     0     0     0     -0.826      0.270      1.424      1.668      0.000
    35         21  g                   62    25    25     0     0   104   105     -0.278      1.097      0.154      1.142      0.000
    36         22  gamma               63     1     0     0     0     0     0      0.000      0.000      0.000      0.000      0.000
    37         22  gamma               63     2     0     0     0     0     0      0.000      0.000     -0.000      0.000      0.000
                                   Charge sum:  0.000           Momentum sum:      0.000      0.000      3.000     11.000     10.583

 --------  End PYTHIA Event Listing  -----------------------------------------------------------------------------------------------
 PYTHIA Warning in TauDecays::decay: unknown correlated tau production, assuming from unpolarized photon  
 PYTHIA Warning in PhaseSpace2to2tauyz::trialKin: maximum for cross section violated  

 *-------  PYTHIA Event and Cross Section Statistics  -------------------------------------------------------------*
 |                                                                                                                 |
 | Subprocess                                    Code |            Number of events       |      sigma +- delta    |
 |                                                    |       Tried   Selected   Accepted |     (estimated) (mb)   |
 |                                                    |                                   |                        |
 |-----------------------------------------------------------------------------------------------------------------|
 |                                                    |                                   |                        |
 | f fbar -> f' fbar' (s-channel gamma*)          223 |      236664      10000      10000 |   6.032e-06  2.990e-08 |
 |                                                    |                                   |                        |
 | sum                                                |      236664      10000      10000 |   6.032e-06  2.990e-08 |
 |                                                                                                                 |
 *-------  End PYTHIA Event and Cross Section Statistics ----------------------------------------------------------*

 *-------  PYTHIA Error and Warning Messages Statistics  ----------------------------------------------------------* 
 |                                                                                                                 | 
 |  times   message                                                                                                | 
 |                                                                                                                 | 
 |     29   Warning in PhaseSpace2to2tauyz::trialKin: maximum for cross section violated                           | 
 |   1459   Warning in TauDecays::decay: unknown correlated tau production, assuming from unpolarized photon       | 
 |                                                                                                                 | 
 *-------  End PYTHIA Error and Warning Messages Statistics  ------------------------------------------------------* 
Gammatau2xmu: 7.476e-19

Gammatau2xe: 0.000e+00

BRtau2xmu: 3.300e-07

BRtau2xe: 0.000e+00

produced tau excluding those daughters are also tau lepton: 2.918e+03
produced X: 2.918e+03
produced X/NMC: 2.918e-01

Proportion of X flying forward (eta>0): 6.217e-01
Proportion of X flying backward (eta<0): 3.783e-01

Total Gamma [GeV]: 3.660e-18
ctau [m]: 5.392e+01

Gammax2tautau: 0.000e+00

Gammax2mumu: 0.000e+00

Gammax2ee: 3.660e-18

Gammax2gmgm: 0.000e+00

BRx2tautau: 0.000e+00

BRx2mumu: 0.000e+00

BRx2ee: 1.000e+00

BRx2gmgm: 0.000e+00

X: insideFidVol: 8.000e+00
observedX: 1.143e+01
visibleX: 1.143e+00

X Observed Fiducial efficiency: 3.916e-03
X Visible Fiducial efficiency: 3.916e-04

reallyProduced tau: 9.200e+10
total number of tau-tau events: 4.600e+10

reallyProducedX: 1.069e+04
reallyobservedX: 4.185e+01
reallyvisibleX: 4.185e+00

