mX:  0.5
g_TM_Lamb:  1.5e-09
g_EE_Lamb:  0.0006
NMC 10000

 *-------  PYTHIA Process Initialization  --------------------------*
 |                                                                  |
 | We collide e- with e+ at a CM energy of 1.058e+01 GeV            |
 |                                                                  |
 |------------------------------------------------------------------|
 |                                                    |             |
 | Subprocess                                    Code |   Estimated |
 |                                                    |    max (mb) |
 |                                                    |             |
 |------------------------------------------------------------------|
 |                                                    |             |
 | f fbar -> f' fbar' (s-channel gamma*)          223 |   1.597e-04 |
 |                                                                  |
 *-------  End PYTHIA Process Initialization -----------------------*

 *-------  PYTHIA Flag + Mode + Parm + Word + FVec + MVec + PVec + WVec Settings (changes only)  ------------------* 
 |                                                                                                                 | 
 | Name                                          |                      Now |      Default         Min         Max | 
 |                                               |                          |                                      | 
 | Beams:eA                                      |                  7.00000 |     7000.000         0.0             | 
 | Beams:eB                                      |                  4.00000 |     7000.000         0.0             | 
 | Beams:frameType                               |                        2 |            1           1           5 | 
 | Beams:idA                                     |                       11 |         2212                         | 
 | Beams:idB                                     |                      -11 |         2212                         | 
 | HadronLevel:Hadronize                         |                      off |           on                         | 
 | Next:numberCount                              |                    10000 |         1000           0             | 
 | PartonLevel:MPI                               |                      off |           on                         | 
 | Random:seed                                   |                        0 |           -1               900000000 | 
 | Random:setSeed                                |                       on |          off                         | 
 | WeakSingleBoson:ffbar2ffbar(s:gm)             |                       on |          off                         | 
 |                                                                                                                 | 
 *-------  End PYTHIA Flag + Mode + Parm + Word + FVec + MVec + PVec + WVec Settings  -----------------------------* 

 --------  PYTHIA Particle Data Table (changed only)  ------------------------------------------------------------------------------
 
      id   name            antiName         spn chg col      m0        mWidth      mMin       mMax       tau0    res dec ext vis wid
             no onMode   bRatio   meMode     products 

      15  tau-             tau+               2  -3   0    1.77682    0.00000    0.00000    0.00000  8.71100e-02   0   1   0   1   0
              0     1   0.0000002  103       36       13 
              1     1   0.0000000  103       36       11 

      36  x                                   1   0   0    0.50000    0.00000    0.00000    0.00000  1.34795e-02   0   1   0   0   0
              0     1   0.0000000  103       15      -15 
              1     1   0.0000000  103       13      -13 
              2     1   1.0000000  103       11      -11 
              3     1   0.0000000  103       22       22 

 --------  End PYTHIA Particle Data Table  -----------------------------------------------------------------------------------------


 --------  PYTHIA Info Listing  ---------------------------------------- 
 
 Beam A: id =     11, pz =  5.292e+00, e =  5.292e+00, m =  5.110e-04.
 Beam B: id =    -11, pz = -5.292e+00, e =  5.292e+00, m =  5.110e-04.

 In 1: id =   11, x =  9.993e-01, pdf =  4.758e+01 at Q2 =  1.106e+02.
 In 2: id =  -11, x =  9.879e-01, pdf =  3.008e+00 at same Q2.

 Subprocess f fbar -> f' fbar' (s-channel gamma*) with code 223 is 2 -> 2.
 It has sHat =  1.106e+02,    tHat = -9.453e+01,    uHat = -1.604e+01,
       pTHat =  3.696e+00,   m3Hat =  3.300e-01,   m4Hat =  3.300e-01,
    thetaHat =  2.360e+00,  phiHat =  2.251e+00.
     alphaEM =  7.631e-03,  alphaS =  1.978e-01    at Q2 =  1.106e+02.

 Impact parameter b =  0.000e+00 gives enhancement factor =  1.000e+00.
 Max pT scale for MPI =  1.058e+01, ISR =  1.052e+01, FSR =  1.052e+01.
 Number of MPI =     1, ISR =     2, FSRproc =     3, FSRreson =     0.

 --------  End PYTHIA Info Listing  ------------------------------------

 --------  PYTHIA Event Listing  (hard process)  -----------------------------------------------------------------------------------
 
    no         id  name            status     mothers   daughters     colours      p_x        p_y        p_z         e          m 
     0         90  (system)           -11     0     0     0     0     0     0      0.000      0.000      3.000     11.000     10.583
     1         11  (e-)               -12     0     0     3     0     0     0      0.000      0.000      7.000      7.000      0.001
     2        -11  (e+)               -12     0     0     4     0     0     0      0.000      0.000     -4.000      4.000      0.001
     3         11  (e-)               -21     1     0     5     6     0     0      0.000      0.000      6.995      6.995      0.000
     4        -11  (e+)               -21     2     0     5     6     0     0      0.000      0.000     -3.952      3.952      0.000
     5          2  u                   23     3     4     0     0   101     0     -2.326      2.872     -2.356      4.395      0.330
     6         -2  ubar                23     3     4     0     0     0   101      2.326     -2.872      5.399      6.551      0.330
                                   Charge sum:  0.000           Momentum sum:      0.000      0.000      3.044     10.947     10.515

 --------  End PYTHIA Event Listing  -----------------------------------------------------------------------------------------------

 --------  PYTHIA Event Listing  (complete event)  ---------------------------------------------------------------------------------
 
    no         id  name            status     mothers   daughters     colours      p_x        p_y        p_z         e          m 
     0         90  (system)           -11     0     0     0     0     0     0      0.000      0.000      3.000     11.000     10.583
     1         11  (e-)               -12     0     0    33     0     0     0      0.000      0.000      7.000      7.000      0.001
     2        -11  (e+)               -12     0     0    34     0     0     0      0.000      0.000     -4.000      4.000      0.001
     3         11  (e-)               -21    16    16     5     6     0     0      0.000      0.000      6.995      6.995      0.000
     4        -11  (e+)               -21    17     0     5     6     0     0      0.000      0.000     -3.952      3.952      0.000
     5          2  (u)                -23     3     4     7     8   101     0     -2.326      2.872     -2.356      4.395      0.330
     6         -2  (ubar)             -23     3     4     9     9     0   101      2.326     -2.872      5.399      6.551      0.330
     7          2  (u)                -51     5     0    12    12   102     0     -0.304     -0.249     -2.663      2.712      0.330
     8         21  (g)                -51     5     0    10    11   101   102     -1.460      2.428      1.609      3.258      0.000
     9         -2  (ubar)             -52     6     6    19    19     0   101      1.764     -2.179      4.098      4.976      0.330
    10         21  (g)                -51     8     0    20    20   101   104      0.363      0.195      0.432      0.597      0.000
    11         21  (g)                -51     8     0    15    15   104   102     -1.860      2.200      0.839      3.000      0.000
    12          2  (u)                -52     7     7    13    14   102     0     -0.267     -0.215     -2.325      2.373      0.330
    13          2  (u)                -51    12     0    18    18   105     0     -0.679     -0.401     -2.084      2.252      0.330
    14         21  (g)                -51    12     0    22    22   102   105      0.162      0.481     -0.129      0.523      0.000
    15         21  (g)                -52    11    11    21    21   104   102     -1.611      1.904      0.726      2.598      0.000
    16         11  (e-)               -42    24     0     3     3     0     0      0.000     -0.000      6.995      6.995      0.000
    17        -11  (e+)               -41    25    25    23     4     0     0     -0.000      0.000     -4.000      4.000      0.000
    18          2  (u)                -44    13    13    26    26   105     0     -0.679     -0.393     -2.085      2.252      0.330
    19         -2  (ubar)             -44     9     9    27    27     0   101      1.764     -2.178      4.093      4.972      0.330
    20         21  (g)                -44    10    10    28    28   101   104      0.363      0.195      0.432      0.597      0.000
    21         21  (g)                -44    15    15    29    29   104   102     -1.611      1.908      0.729      2.601      0.000
    22         21  (g)                -44    14    14    30    30   102   105      0.162      0.482     -0.128      0.524      0.000
    23         22  (gamma)            -43    17     0    31    31     0     0      0.001     -0.013     -0.047      0.049      0.000
    24         11  (e-)               -41    33    33    32    16     0     0      0.000     -0.000      7.000      7.000      0.000
    25        -11  (e+)               -42    34    34    17    17     0     0      0.000     -0.000     -4.000      4.000      0.000
    26          2  (u)                -44    18    18    35    35   105     0     -0.679     -0.393     -2.085      2.252      0.330
    27         -2  (ubar)             -44    19    19    36    36     0   101      1.765     -2.178      4.093      4.972      0.330
    28         21  (g)                -44    20    20    37    37   101   104      0.363      0.195      0.432      0.597      0.000
    29         21  (g)                -44    21    21    38    38   104   102     -1.611      1.907      0.729      2.601      0.000
    30         21  (g)                -44    22    22    39    39   102   105      0.162      0.482     -0.128      0.524      0.000
    31         22  (gamma)            -44    23    23    40    40     0     0      0.001     -0.013     -0.047      0.049      0.000
    32         22  (gamma)            -43    24     0    41    41     0     0     -0.001      0.001      0.005      0.005      0.000
    33         11  (e-)               -61     1     0    24    24     0     0     -0.000      0.000      7.000      7.000      0.000
    34        -11  (e+)               -61     2     0    25    25     0     0      0.000      0.000     -4.000      4.000      0.000
    35          2  u                   62    26    26     0     0   105     0     -0.679     -0.393     -2.085      2.252      0.330
    36         -2  ubar                62    27    27     0     0     0   101      1.765     -2.178      4.093      4.972      0.330
    37         21  g                   62    28    28     0     0   101   104      0.363      0.195      0.432      0.597      0.000
    38         21  g                   62    29    29     0     0   104   102     -1.611      1.907      0.729      2.601      0.000
    39         21  g                   62    30    30     0     0   102   105      0.162      0.482     -0.128      0.524      0.000
    40         22  gamma               62    31    31     0     0     0     0      0.001     -0.013     -0.047      0.049      0.000
    41         22  gamma               62    32    32     0     0     0     0     -0.001      0.001      0.005      0.005      0.000
    42         22  gamma               63     1     0     0     0     0     0      0.000      0.000      0.000      0.000      0.000
    43         22  gamma               63     2     0     0     0     0     0      0.000      0.000     -0.000      0.000      0.000
                                   Charge sum:  0.000           Momentum sum:     -0.000      0.000      3.000     11.000     10.583

 --------  End PYTHIA Event Listing  -----------------------------------------------------------------------------------------------
 PYTHIA Warning in TauDecays::decay: unknown correlated tau production, assuming from unpolarized photon  

 *-------  PYTHIA Event and Cross Section Statistics  -------------------------------------------------------------*
 |                                                                                                                 |
 | Subprocess                                    Code |            Number of events       |      sigma +- delta    |
 |                                                    |       Tried   Selected   Accepted |     (estimated) (mb)   |
 |                                                    |                                   |                        |
 |-----------------------------------------------------------------------------------------------------------------|
 |                                                    |                                   |                        |
 | f fbar -> f' fbar' (s-channel gamma*)          223 |      268489      10000      10000 |   6.030e-06  2.894e-08 |
 |                                                    |                                   |                        |
 | sum                                                |      268489      10000      10000 |   6.030e-06  2.894e-08 |
 |                                                                                                                 |
 *-------  End PYTHIA Event and Cross Section Statistics ----------------------------------------------------------*

 *-------  PYTHIA Error and Warning Messages Statistics  ----------------------------------------------------------* 
 |                                                                                                                 | 
 |  times   message                                                                                                | 
 |                                                                                                                 | 
 |   1466   Warning in TauDecays::decay: unknown correlated tau production, assuming from unpolarized photon       | 
 |                                                                                                                 | 
 *-------  End PYTHIA Error and Warning Messages Statistics  ------------------------------------------------------* 
Gammatau2xmu: 4.205e-19

Gammatau2xe: 0.000e+00

BRtau2xmu: 1.856e-07

BRtau2xe: 0.000e+00

produced tau excluding those daughters are also tau lepton: 2.932e+03
produced X: 2.932e+03
produced X/NMC: 2.932e-01

Proportion of X flying forward (eta>0): 6.238e-01
Proportion of X flying backward (eta<0): 3.762e-01

Total Gamma [GeV]: 1.464e-11
ctau [m]: 1.348e-05

Gammax2tautau: 0.000e+00

Gammax2mumu: 0.000e+00

Gammax2ee: 1.464e-11

Gammax2gmgm: 0.000e+00

BRx2tautau: 0.000e+00

BRx2mumu: 0.000e+00

BRx2ee: 1.000e+00

BRx2gmgm: 0.000e+00

X: insideFidVol: 0.000e+00
observedX: 1.796e-317
visibleX: 1.796e-318

X Observed Fiducial efficiency: 6.126e-321
X Visible Fiducial efficiency: 6.126e-322

reallyProduced tau: 9.200e+10
total number of tau-tau events: 4.600e+10

reallyProducedX: 6.012e+03
reallyobservedX: 3.683e-317
reallyvisibleX: 3.683e-318

