mX:  0.5
g_TM_Lamb:  1.5e-10
g_EE_Lamb:  0.001
NMC 10000

 *-------  PYTHIA Process Initialization  --------------------------*
 |                                                                  |
 | We collide e- with e+ at a CM energy of 1.058e+01 GeV            |
 |                                                                  |
 |------------------------------------------------------------------|
 |                                                    |             |
 | Subprocess                                    Code |   Estimated |
 |                                                    |    max (mb) |
 |                                                    |             |
 |------------------------------------------------------------------|
 |                                                    |             |
 | f fbar -> f' fbar' (s-channel gamma*)          223 |   1.598e-04 |
 |                                                                  |
 *-------  End PYTHIA Process Initialization -----------------------*

 *-------  PYTHIA Flag + Mode + Parm + Word + FVec + MVec + PVec + WVec Settings (changes only)  ------------------* 
 |                                                                                                                 | 
 | Name                                          |                      Now |      Default         Min         Max | 
 |                                               |                          |                                      | 
 | Beams:eA                                      |                  7.00000 |     7000.000         0.0             | 
 | Beams:eB                                      |                  4.00000 |     7000.000         0.0             | 
 | Beams:frameType                               |                        2 |            1           1           5 | 
 | Beams:idA                                     |                       11 |         2212                         | 
 | Beams:idB                                     |                      -11 |         2212                         | 
 | HadronLevel:Hadronize                         |                      off |           on                         | 
 | Next:numberCount                              |                    10000 |         1000           0             | 
 | PartonLevel:MPI                               |                      off |           on                         | 
 | Random:seed                                   |                        0 |           -1               900000000 | 
 | Random:setSeed                                |                       on |          off                         | 
 | WeakSingleBoson:ffbar2ffbar(s:gm)             |                       on |          off                         | 
 |                                                                                                                 | 
 *-------  End PYTHIA Flag + Mode + Parm + Word + FVec + MVec + PVec + WVec Settings  -----------------------------* 

 --------  PYTHIA Particle Data Table (changed only)  ------------------------------------------------------------------------------
 
      id   name            antiName         spn chg col      m0        mWidth      mMin       mMax       tau0    res dec ext vis wid
             no onMode   bRatio   meMode     products 

      15  tau-             tau+               2  -3   0    1.77682    0.00000    0.00000    0.00000  8.71100e-02   0   1   0   1   0
              0     1   0.0000000  103       36       13 
              1     1   0.0000000  103       36       11 

      36  x                                   1   0   0    0.50000    0.00000    0.00000    0.00000  4.85263e-03   0   1   0   0   0
              0     1   0.0000000  103       15      -15 
              1     1   0.0000000  103       13      -13 
              2     1   1.0000000  103       11      -11 
              3     1   0.0000000  103       22       22 

 --------  End PYTHIA Particle Data Table  -----------------------------------------------------------------------------------------


 --------  PYTHIA Info Listing  ---------------------------------------- 
 
 Beam A: id =     11, pz =  5.292e+00, e =  5.292e+00, m =  5.110e-04.
 Beam B: id =    -11, pz = -5.292e+00, e =  5.292e+00, m =  5.110e-04.

 In 1: id =   11, x =  2.354e-01, pdf =  6.750e-03 at Q2 =  2.632e+01.
 In 2: id =  -11, x =  9.984e-01, pdf =  2.008e+01 at same Q2.

 Subprocess f fbar -> f' fbar' (s-channel gamma*) with code 223 is 2 -> 2.
 It has sHat =  2.632e+01,    tHat = -2.534e+00,    uHat = -2.379e+01,
       pTHat =  1.512e+00,   m3Hat =  1.057e-01,   m4Hat =  1.057e-01,
    thetaHat =  6.310e-01,  phiHat =  3.023e+00.
     alphaEM =  7.572e-03,  alphaS =  2.392e-01    at Q2 =  2.632e+01.

 Impact parameter b =  0.000e+00 gives enhancement factor =  1.000e+00.
 Max pT scale for MPI =  1.058e+01, ISR =  1.058e+01, FSR =  1.058e+01.
 Number of MPI =     1, ISR =     3, FSRproc =     1, FSRreson =     0.

 --------  End PYTHIA Info Listing  ------------------------------------

 --------  PYTHIA Event Listing  (hard process)  -----------------------------------------------------------------------------------
 
    no         id  name            status     mothers   daughters     colours      p_x        p_y        p_z         e          m 
     0         90  (system)           -11     0     0     0     0     0     0      0.000      0.000      3.000     11.000     10.583
     1         11  (e-)               -12     0     0     3     0     0     0      0.000      0.000      7.000      7.000      0.001
     2        -11  (e+)               -12     0     0     4     0     0     0      0.000      0.000     -4.000      4.000      0.001
     3         11  (e-)               -21     1     0     5     6     0     0      0.000      0.000      1.648      1.648      0.000
     4        -11  (e+)               -21     2     0     5     6     0     0      0.000      0.000     -3.994      3.994      0.000
     5         13  mu-                 23     3     4     0     0     0     0     -1.501      0.179      1.103      1.874      0.106
     6        -13  mu+                 23     3     4     0     0     0     0      1.501     -0.179     -3.449      3.767      0.106
                                   Charge sum:  0.000           Momentum sum:      0.000      0.000     -2.346      5.641      5.130

 --------  End PYTHIA Event Listing  -----------------------------------------------------------------------------------------------

 --------  PYTHIA Event Listing  (complete event)  ---------------------------------------------------------------------------------
 
    no         id  name            status     mothers   daughters     colours      p_x        p_y        p_z         e          m 
     0         90  (system)           -11     0     0     0     0     0     0      0.000      0.000      3.000     11.000     10.583
     1         11  (e-)               -12     0     0    30     0     0     0      0.000      0.000      7.000      7.000      0.001
     2        -11  (e+)               -12     0     0    31     0     0     0      0.000      0.000     -4.000      4.000      0.001
     3         11  (e-)               -21     7     0     5     6     0     0      0.000      0.000      1.648      1.648      0.000
     4        -11  (e+)               -21     8     8     5     6     0     0      0.000      0.000     -3.994      3.994      0.000
     5         13  (mu-)              -23     3     4     9     9     0     0     -1.501      0.179      1.103      1.874      0.106
     6        -13  (mu+)              -23     3     4    10    10     0     0      1.501     -0.179     -3.449      3.767      0.106
     7         11  (e-)               -41    15    15    11     3     0     0     -0.000      0.000      3.227      3.227      0.000
     8        -11  (e+)               -42    16     0     4     4     0     0      0.000      0.000     -3.994      3.994      0.000
     9         13  (mu-)              -44     5     5    12    13     0     0      0.069      0.398      2.205      2.245      0.106
    10        -13  (mu+)              -44     6     6    14    14     0     0      1.669     -0.155     -2.727      3.203      0.106
    11         22  (gamma)            -43     7     0    19    19     0     0     -1.739     -0.243     -0.245      1.773      0.000
    12         13  (mu-)              -51     9     0    17    17     0     0     -0.154      0.363      1.415      1.473      0.106
    13         22  (gamma)            -51     9     0    20    20     0     0      0.239      0.034      0.765      0.802      0.000
    14        -13  (mu+)              -52    10    10    18    18     0     0      1.654     -0.154     -2.701      3.173      0.106
    15         11  (e-)               -42    22     0     7     7     0     0     -0.000      0.000      3.227      3.227      0.000
    16        -11  (e+)               -41    23    23    21     8     0     0      0.000     -0.000     -4.000      4.000      0.000
    17         13  (mu-)              -44    12    12    24    24     0     0     -0.154      0.363      1.413      1.471      0.106
    18        -13  (mu+)              -44    14    14    25    25     0     0      1.657     -0.154     -2.705      3.177      0.106
    19         22  (gamma)            -44    11    11    26    26     0     0     -1.738     -0.243     -0.249      1.772      0.000
    20         22  (gamma)            -44    13    13    27    27     0     0      0.239      0.034      0.764      0.801      0.000
    21         22  (gamma)            -43    16     0    28    28     0     0     -0.004      0.000      0.003      0.005      0.000
    22         11  (e-)               -41    30    30    29    15     0     0     -0.000      0.000      7.000      7.000      0.000
    23        -11  (e+)               -42    31    31    16    16     0     0      0.000      0.000     -4.000      4.000      0.000
    24         13  (mu-)              -44    17    17    32    32     0     0     -0.155      0.362      1.413      1.471      0.106
    25        -13  (mu+)              -44    18    18    33    33     0     0      1.657     -0.154     -2.704      3.177      0.106
    26         22  (gamma)            -44    19    19    34    34     0     0     -1.738     -0.243     -0.249      1.773      0.000
    27         22  (gamma)            -44    20    20    35    35     0     0      0.238      0.034      0.764      0.801      0.000
    28         22  (gamma)            -44    21    21    36    36     0     0     -0.004      0.000      0.003      0.005      0.000
    29         22  (gamma)            -43    22     0    37    37     0     0      0.003      0.001      3.773      3.773      0.000
    30         11  (e-)               -61     1     0    22    22     0     0      0.000     -0.000      7.000      7.000      0.000
    31        -11  (e+)               -61     2     0    23    23     0     0      0.000      0.000     -4.000      4.000      0.000
    32         13  mu-                 62    24    24     0     0     0     0     -0.155      0.362      1.413      1.471      0.106
    33        -13  mu+                 62    25    25     0     0     0     0      1.657     -0.154     -2.704      3.177      0.106
    34         22  gamma               62    26    26     0     0     0     0     -1.738     -0.243     -0.249      1.773      0.000
    35         22  gamma               62    27    27     0     0     0     0      0.238      0.034      0.764      0.801      0.000
    36         22  gamma               62    28    28     0     0     0     0     -0.004      0.000      0.003      0.005      0.000
    37         22  gamma               62    29    29     0     0     0     0      0.003      0.001      3.773      3.773      0.000
    38         22  gamma               63     1     0     0     0     0     0      0.000      0.000      0.000      0.000      0.000
    39         22  gamma               63     2     0     0     0     0     0      0.000      0.000     -0.000      0.000      0.000
                                   Charge sum:  0.000           Momentum sum:      0.000      0.000      3.000     11.000     10.583

 --------  End PYTHIA Event Listing  -----------------------------------------------------------------------------------------------
 PYTHIA Warning in TauDecays::decay: unknown correlated tau production, assuming from unpolarized photon  
 PYTHIA Warning in PhaseSpace2to2tauyz::trialKin: maximum for cross section violated  

 *-------  PYTHIA Event and Cross Section Statistics  -------------------------------------------------------------*
 |                                                                                                                 |
 | Subprocess                                    Code |            Number of events       |      sigma +- delta    |
 |                                                    |       Tried   Selected   Accepted |     (estimated) (mb)   |
 |                                                    |                                   |                        |
 |-----------------------------------------------------------------------------------------------------------------|
 |                                                    |                                   |                        |
 | f fbar -> f' fbar' (s-channel gamma*)          223 |      266035      10000      10000 |   5.976e-06  2.854e-08 |
 |                                                    |                                   |                        |
 | sum                                                |      266035      10000      10000 |   5.976e-06  2.854e-08 |
 |                                                                                                                 |
 *-------  End PYTHIA Event and Cross Section Statistics ----------------------------------------------------------*

 *-------  PYTHIA Error and Warning Messages Statistics  ----------------------------------------------------------* 
 |                                                                                                                 | 
 |  times   message                                                                                                | 
 |                                                                                                                 | 
 |      5   Warning in PhaseSpace2to2tauyz::trialKin: maximum for cross section violated                           | 
 |   1486   Warning in TauDecays::decay: unknown correlated tau production, assuming from unpolarized photon       | 
 |                                                                                                                 | 
 *-------  End PYTHIA Error and Warning Messages Statistics  ------------------------------------------------------* 
Gammatau2xmu: 4.205e-21

Gammatau2xe: 0.000e+00

BRtau2xmu: 1.856e-09

BRtau2xe: 0.000e+00

produced tau excluding those daughters are also tau lepton: 2.972e+03
produced X: 2.972e+03
produced X/NMC: 2.972e-01

Proportion of X flying forward (eta>0): 6.322e-01
Proportion of X flying backward (eta<0): 3.678e-01

Total Gamma [GeV]: 4.066e-11
ctau [m]: 4.853e-06

Gammax2tautau: 0.000e+00

Gammax2mumu: 0.000e+00

Gammax2ee: 4.066e-11

Gammax2gmgm: 0.000e+00

BRx2tautau: 0.000e+00

BRx2mumu: 0.000e+00

BRx2ee: 1.000e+00

BRx2gmgm: 0.000e+00

X: insideFidVol: 0.000e+00
observedX: 0.000e+00
visibleX: 0.000e+00

X Observed Fiducial efficiency: 0.000e+00
X Visible Fiducial efficiency: 0.000e+00

reallyProduced tau: 9.200e+10
total number of tau-tau events: 4.600e+10

reallyProducedX: 6.012e+01
reallyobservedX: 0.000e+00
reallyvisibleX: 0.000e+00

