mX:  0.5
g_TM_Lamb:  4e-07
g_EE_Lamb:  6e-05
NMC 10000

 *-------  PYTHIA Process Initialization  --------------------------*
 |                                                                  |
 | We collide e- with e+ at a CM energy of 1.058e+01 GeV            |
 |                                                                  |
 |------------------------------------------------------------------|
 |                                                    |             |
 | Subprocess                                    Code |   Estimated |
 |                                                    |    max (mb) |
 |                                                    |             |
 |------------------------------------------------------------------|
 |                                                    |             |
 | f fbar -> f' fbar' (s-channel gamma*)          223 |   1.503e-04 |
 |                                                                  |
 *-------  End PYTHIA Process Initialization -----------------------*

 *-------  PYTHIA Flag + Mode + Parm + Word + FVec + MVec + PVec + WVec Settings (changes only)  ------------------* 
 |                                                                                                                 | 
 | Name                                          |                      Now |      Default         Min         Max | 
 |                                               |                          |                                      | 
 | Beams:eA                                      |                  7.00000 |     7000.000         0.0             | 
 | Beams:eB                                      |                  4.00000 |     7000.000         0.0             | 
 | Beams:frameType                               |                        2 |            1           1           5 | 
 | Beams:idA                                     |                       11 |         2212                         | 
 | Beams:idB                                     |                      -11 |         2212                         | 
 | HadronLevel:Hadronize                         |                      off |           on                         | 
 | Next:numberCount                              |                    10000 |         1000           0             | 
 | PartonLevel:MPI                               |                      off |           on                         | 
 | Random:seed                                   |                        0 |           -1               900000000 | 
 | Random:setSeed                                |                       on |          off                         | 
 | WeakSingleBoson:ffbar2ffbar(s:gm)             |                       on |          off                         | 
 |                                                                                                                 | 
 *-------  End PYTHIA Flag + Mode + Parm + Word + FVec + MVec + PVec + WVec Settings  -----------------------------* 

 --------  PYTHIA Particle Data Table (changed only)  ------------------------------------------------------------------------------
 
      id   name            antiName         spn chg col      m0        mWidth      mMin       mMax       tau0    res dec ext vis wid
             no onMode   bRatio   meMode     products 

      15  tau-             tau+               2  -3   0    1.77682    0.00000    0.00000    0.00000  8.71100e-02   0   1   0   1   0
              0     1   0.0130268  103       36       13 
              1     1   0.0000000  103       36       11 

      36  x                                   1   0   0    0.50000    0.00000    0.00000    0.00000  1.34795e+00   0   1   0   0   0
              0     1   0.0000000  103       15      -15 
              1     1   0.0000000  103       13      -13 
              2     1   1.0000000  103       11      -11 
              3     1   0.0000000  103       22       22 

 --------  End PYTHIA Particle Data Table  -----------------------------------------------------------------------------------------


 --------  PYTHIA Info Listing  ---------------------------------------- 
 
 Beam A: id =     11, pz =  5.292e+00, e =  5.292e+00, m =  5.110e-04.
 Beam B: id =    -11, pz = -5.292e+00, e =  5.292e+00, m =  5.110e-04.

 In 1: id =   11, x =  1.000e+00, pdf =  5.571e+03 at Q2 =  1.120e+02.
 In 2: id =  -11, x =  1.000e+00, pdf =  1.775e+06 at same Q2.

 Subprocess f fbar -> f' fbar' (s-channel gamma*) with code 223 is 2 -> 2.
 It has sHat =  1.120e+02,    tHat = -1.096e+01,    uHat = -1.010e+02,
       pTHat =  3.016e+00,   m3Hat =  1.500e+00,   m4Hat =  1.500e+00,
    thetaHat =  6.364e-01,  phiHat =  4.978e+00.
     alphaEM =  7.631e-03,  alphaS =  1.975e-01    at Q2 =  1.120e+02.

 Impact parameter b =  0.000e+00 gives enhancement factor =  1.000e+00.
 Max pT scale for MPI =  1.058e+01, ISR =  1.058e+01, FSR =  1.058e+01.
 Number of MPI =     1, ISR =     0, FSRproc =     3, FSRreson =     0.

 --------  End PYTHIA Info Listing  ------------------------------------

 --------  PYTHIA Event Listing  (hard process)  -----------------------------------------------------------------------------------
 
    no         id  name            status     mothers   daughters     colours      p_x        p_y        p_z         e          m 
     0         90  (system)           -11     0     0     0     0     0     0      0.000      0.000      3.000     11.000     10.583
     1         11  (e-)               -12     0     0     3     0     0     0      0.000      0.000      7.000      7.000      0.001
     2        -11  (e+)               -12     0     0     4     0     0     0      0.000      0.000     -4.000      4.000      0.001
     3         11  (e-)               -21     1     0     5     6     0     0      0.000      0.000      7.000      7.000      0.000
     4        -11  (e+)               -21     2     0     5     6     0     0      0.000      0.000     -4.000      4.000      0.000
     5          4  c                   23     3     4     0     0   101     0      0.793     -2.910      5.742      6.657      1.500
     6         -4  cbar                23     3     4     0     0     0   101     -0.793      2.910     -2.742      4.343      1.500
                                   Charge sum:  0.000           Momentum sum:      0.000      0.000      3.000     11.000     10.583

 --------  End PYTHIA Event Listing  -----------------------------------------------------------------------------------------------

 --------  PYTHIA Event Listing  (complete event)  ---------------------------------------------------------------------------------
 
    no         id  name            status     mothers   daughters     colours      p_x        p_y        p_z         e          m 
     0         90  (system)           -11     0     0     0     0     0     0      0.000      0.000      3.000     11.000     10.583
     1         11  (e-)               -12     0     0    16     0     0     0      0.000      0.000      7.000      7.000      0.001
     2        -11  (e+)               -12     0     0    17     0     0     0      0.000      0.000     -4.000      4.000      0.001
     3         11  (e-)               -21    16    16     5     6     0     0      0.000      0.000      7.000      7.000      0.000
     4        -11  (e+)               -21    17    17     5     6     0     0      0.000      0.000     -4.000      4.000      0.000
     5          4  (c)                -23     3     4     9     9   101     0      0.793     -2.910      5.742      6.657      1.500
     6         -4  (cbar)             -23     3     4     7     8     0   101     -0.793      2.910     -2.742      4.343      1.500
     7         -4  (cbar)             -51     6     0    15    15     0   102     -0.293      3.106     -1.328      3.708      1.500
     8         21  (g)                -51     6     0    12    12   102   101     -0.436     -0.432     -0.959      1.138      0.000
     9          4  (c)                -52     5     5    10    11   101     0      0.728     -2.673      5.286      6.154      1.500
    10          4  (c)                -51     9     0    18    18   103     0      1.157     -2.362      3.759      4.827      1.500
    11         21  (g)                -51     9     0    21    21   101   103     -0.499     -0.381      1.373      1.510      0.000
    12         21  (g)                -52     8     8    13    14   102   101     -0.366     -0.363     -0.805      0.956      0.000
    13         21  (g)                -51    12     0    20    20   104   101      0.294      0.410     -0.154      0.527      0.000
    14         21  (g)                -51    12     0    22    22   102   104     -0.665     -0.082     -0.803      1.046      0.000
    15         -4  (cbar)             -52     7     7    19    19     0   102     -0.287      2.415     -1.176      3.090      1.500
    16         11  (e-)               -61     1     0     3     3     0     0      0.000      0.000      7.000      7.000      0.000
    17        -11  (e+)               -61     2     0     4     4     0     0      0.000      0.000     -4.000      4.000      0.000
    18          4  c                   62    10    10     0     0   103     0      1.157     -2.362      3.759      4.827      1.500
    19         -4  cbar                62    15    15     0     0     0   102     -0.287      2.415     -1.176      3.090      1.500
    20         21  g                   62    13    13     0     0   104   101      0.294      0.410     -0.154      0.527      0.000
    21         21  g                   62    11    11     0     0   101   103     -0.499     -0.381      1.373      1.510      0.000
    22         21  g                   62    14    14     0     0   102   104     -0.665     -0.082     -0.803      1.046      0.000
    23         22  gamma               63     1     0     0     0     0     0      0.000      0.000      0.000      0.000      0.000
    24         22  gamma               63     2     0     0     0     0     0      0.000      0.000     -0.000      0.000      0.000
                                   Charge sum:  0.000           Momentum sum:     -0.000      0.000      3.000     11.000     10.583

 --------  End PYTHIA Event Listing  -----------------------------------------------------------------------------------------------
 PYTHIA Warning in TauDecays::decay: unknown correlated tau production, assuming from unpolarized photon  
 PYTHIA Warning in PhaseSpace2to2tauyz::trialKin: maximum for cross section violated  

 *-------  PYTHIA Event and Cross Section Statistics  -------------------------------------------------------------*
 |                                                                                                                 |
 | Subprocess                                    Code |            Number of events       |      sigma +- delta    |
 |                                                    |       Tried   Selected   Accepted |     (estimated) (mb)   |
 |                                                    |                                   |                        |
 |-----------------------------------------------------------------------------------------------------------------|
 |                                                    |                                   |                        |
 | f fbar -> f' fbar' (s-channel gamma*)          223 |      250060      10000      10000 |   6.032e-06  2.985e-08 |
 |                                                    |                                   |                        |
 | sum                                                |      250060      10000      10000 |   6.032e-06  2.985e-08 |
 |                                                                                                                 |
 *-------  End PYTHIA Event and Cross Section Statistics ----------------------------------------------------------*

 *-------  PYTHIA Error and Warning Messages Statistics  ----------------------------------------------------------* 
 |                                                                                                                 | 
 |  times   message                                                                                                | 
 |                                                                                                                 | 
 |     28   Warning in PhaseSpace2to2tauyz::trialKin: maximum for cross section violated                           | 
 |   1467   Warning in TauDecays::decay: unknown correlated tau production, assuming from unpolarized photon       | 
 |                                                                                                                 | 
 *-------  End PYTHIA Error and Warning Messages Statistics  ------------------------------------------------------* 
Gammatau2xmu: 2.991e-14

Gammatau2xe: 0.000e+00

BRtau2xmu: 1.303e-02

BRtau2xe: 0.000e+00

produced tau excluding those daughters are also tau lepton: 2.934e+03
produced X: 2.934e+03
produced X/NMC: 2.934e-01

Proportion of X flying forward (eta>0): 6.309e-01
Proportion of X flying backward (eta<0): 3.691e-01

Total Gamma [GeV]: 1.464e-13
ctau [m]: 1.348e-03

Gammax2tautau: 0.000e+00

Gammax2mumu: 0.000e+00

Gammax2ee: 1.464e-13

Gammax2gmgm: 0.000e+00

BRx2tautau: 0.000e+00

BRx2mumu: 0.000e+00

BRx2ee: 1.000e+00

BRx2gmgm: 0.000e+00

X: insideFidVol: 0.000e+00
observedX: 7.480e-02
visibleX: 7.480e-03

X Observed Fiducial efficiency: 2.549e-05
X Visible Fiducial efficiency: 2.549e-06

reallyProduced tau: 9.200e+10
total number of tau-tau events: 4.600e+10

reallyProducedX: 4.220e+08
reallyobservedX: 1.076e+04
reallyvisibleX: 1.076e+03

