mX:  0.5
g_TM_Lamb:  4e-10
g_EE_Lamb:  0.03
NMC 10000

 *-------  PYTHIA Process Initialization  --------------------------*
 |                                                                  |
 | We collide e- with e+ at a CM energy of 1.058e+01 GeV            |
 |                                                                  |
 |------------------------------------------------------------------|
 |                                                    |             |
 | Subprocess                                    Code |   Estimated |
 |                                                    |    max (mb) |
 |                                                    |             |
 |------------------------------------------------------------------|
 |                                                    |             |
 | f fbar -> f' fbar' (s-channel gamma*)          223 |   1.507e-04 |
 |                                                                  |
 *-------  End PYTHIA Process Initialization -----------------------*

 *-------  PYTHIA Flag + Mode + Parm + Word + FVec + MVec + PVec + WVec Settings (changes only)  ------------------* 
 |                                                                                                                 | 
 | Name                                          |                      Now |      Default         Min         Max | 
 |                                               |                          |                                      | 
 | Beams:eA                                      |                  7.00000 |     7000.000         0.0             | 
 | Beams:eB                                      |                  4.00000 |     7000.000         0.0             | 
 | Beams:frameType                               |                        2 |            1           1           5 | 
 | Beams:idA                                     |                       11 |         2212                         | 
 | Beams:idB                                     |                      -11 |         2212                         | 
 | HadronLevel:Hadronize                         |                      off |           on                         | 
 | Next:numberCount                              |                    10000 |         1000           0             | 
 | PartonLevel:MPI                               |                      off |           on                         | 
 | Random:seed                                   |                        0 |           -1               900000000 | 
 | Random:setSeed                                |                       on |          off                         | 
 | WeakSingleBoson:ffbar2ffbar(s:gm)             |                       on |          off                         | 
 |                                                                                                                 | 
 *-------  End PYTHIA Flag + Mode + Parm + Word + FVec + MVec + PVec + WVec Settings  -----------------------------* 

 --------  PYTHIA Particle Data Table (changed only)  ------------------------------------------------------------------------------
 
      id   name            antiName         spn chg col      m0        mWidth      mMin       mMax       tau0    res dec ext vis wid
             no onMode   bRatio   meMode     products 

      15  tau-             tau+               2  -3   0    1.77682    0.00000    0.00000    0.00000  8.71100e-02   0   1   0   1   0
              0     1   0.0000000  103       36       13 
              1     1   0.0000000  103       36       11 

      36  x                                   1   0   0    0.50000    0.00000    0.00000    0.00000  5.39181e-06   0   1   0   0   0
              0     1   0.0000000  103       15      -15 
              1     1   0.0000000  103       13      -13 
              2     1   1.0000000  103       11      -11 
              3     1   0.0000000  103       22       22 

 --------  End PYTHIA Particle Data Table  -----------------------------------------------------------------------------------------


 --------  PYTHIA Info Listing  ---------------------------------------- 
 
 Beam A: id =     11, pz =  5.292e+00, e =  5.292e+00, m =  5.110e-04.
 Beam B: id =    -11, pz = -5.292e+00, e =  5.292e+00, m =  5.110e-04.

 In 1: id =   11, x =  1.000e+00, pdf =  4.766e+08 at Q2 =  8.965e+01.
 In 2: id =  -11, x =  8.004e-01, pdf =  1.379e-01 at same Q2.

 Subprocess f fbar -> f' fbar' (s-channel gamma*) with code 223 is 2 -> 2.
 It has sHat =  8.965e+01,    tHat = -6.931e+01,    uHat = -2.033e+01,
       pTHat =  3.955e+00,   m3Hat =  3.300e-01,   m4Hat =  3.300e-01,
    thetaHat =  2.149e+00,  phiHat =  4.292e+00.
     alphaEM =  7.622e-03,  alphaS =  2.029e-01    at Q2 =  8.965e+01.

 Impact parameter b =  0.000e+00 gives enhancement factor =  1.000e+00.
 Max pT scale for MPI =  1.058e+01, ISR =  9.468e+00, FSR =  9.468e+00.
 Number of MPI =     1, ISR =     1, FSRproc =     1, FSRreson =     0.

 --------  End PYTHIA Info Listing  ------------------------------------

 --------  PYTHIA Event Listing  (hard process)  -----------------------------------------------------------------------------------
 
    no         id  name            status     mothers   daughters     colours      p_x        p_y        p_z         e          m 
     0         90  (system)           -11     0     0     0     0     0     0      0.000      0.000      3.000     11.000     10.583
     1         11  (e-)               -12     0     0     3     0     0     0      0.000      0.000      7.000      7.000      0.001
     2        -11  (e+)               -12     0     0     4     0     0     0      0.000      0.000     -4.000      4.000      0.001
     3         11  (e-)               -21     1     0     5     6     0     0      0.000      0.000      7.000      7.000      0.000
     4        -11  (e+)               -21     2     0     5     6     0     0      0.000      0.000     -3.202      3.202      0.000
     5          2  u                   23     3     4     0     0   101     0     -1.615     -3.611     -0.881      4.066      0.330
     6         -2  ubar                23     3     4     0     0     0   101      1.615      3.611      4.679      6.136      0.330
                                   Charge sum:  0.000           Momentum sum:      0.000      0.000      3.798     10.202      9.468

 --------  End PYTHIA Event Listing  -----------------------------------------------------------------------------------------------

 --------  PYTHIA Event Listing  (complete event)  ---------------------------------------------------------------------------------
 
    no         id  name            status     mothers   daughters     colours      p_x        p_y        p_z         e          m 
     0         90  (system)           -11     0     0     0     0     0     0      0.000      0.000      3.000     11.000     10.583
     1         11  (e-)               -12     0     0    15     0     0     0      0.000      0.000      7.000      7.000      0.001
     2        -11  (e+)               -12     0     0    16     0     0     0      0.000      0.000     -4.000      4.000      0.001
     3         11  (e-)               -21     7     7     5     6     0     0      0.000      0.000      7.000      7.000      0.000
     4        -11  (e+)               -21     8     0     5     6     0     0      0.000      0.000     -3.202      3.202      0.000
     5          2  (u)                -23     3     4     9     9   101     0     -1.615     -3.611     -0.881      4.066      0.330
     6         -2  (ubar)             -23     3     4    10    10     0   101      1.615      3.611      4.679      6.136      0.330
     7         11  (e-)               -42    15    15     3     3     0     0     -0.000      0.000      7.000      7.000      0.000
     8        -11  (e+)               -41    16    16    11     4     0     0      0.000     -0.000     -4.000      4.000      0.000
     9          2  (u)                -44     5     5    12    13   101     0     -2.143     -3.029     -1.654      4.076      0.330
    10         -2  (ubar)             -44     6     6    14    14     0   101      1.460      3.782      4.058      5.745      0.330
    11         22  (gamma)            -43     8     0    19    19     0     0      0.684     -0.753      0.596      1.179      0.000
    12          2  (u)                -51     9     0    17    17   103     0     -1.116     -1.143     -1.231      2.044      0.330
    13         21  (g)                -51     9     0    20    20   101   103     -1.005     -1.830     -0.361      2.118      0.000
    14         -2  (ubar)             -52    10    10    18    18     0   101      1.438      3.725      3.997      5.659      0.330
    15         11  (e-)               -61     1     0     7     7     0     0      0.000     -0.000      7.000      7.000      0.000
    16        -11  (e+)               -61     2     0     8     8     0     0     -0.000      0.000     -4.000      4.000      0.000
    17          2  u                   62    12    12     0     0   103     0     -1.116     -1.143     -1.231      2.044      0.330
    18         -2  ubar                62    14    14     0     0     0   101      1.438      3.725      3.997      5.659      0.330
    19         22  gamma               62    11    11     0     0     0     0      0.684     -0.753      0.596      1.179      0.000
    20         21  g                   62    13    13     0     0   101   103     -1.005     -1.830     -0.361      2.118      0.000
    21         22  gamma               63     1     0     0     0     0     0      0.000      0.000      0.000      0.000      0.000
    22         22  gamma               63     2     0     0     0     0     0      0.000      0.000     -0.000      0.000      0.000
                                   Charge sum:  0.000           Momentum sum:     -0.000     -0.000      3.000     11.000     10.583

 --------  End PYTHIA Event Listing  -----------------------------------------------------------------------------------------------
 PYTHIA Warning in TauDecays::decay: unknown correlated tau production, assuming from unpolarized photon  
 PYTHIA Warning in PhaseSpace2to2tauyz::trialKin: maximum for cross section violated  

 *-------  PYTHIA Event and Cross Section Statistics  -------------------------------------------------------------*
 |                                                                                                                 |
 | Subprocess                                    Code |            Number of events       |      sigma +- delta    |
 |                                                    |       Tried   Selected   Accepted |     (estimated) (mb)   |
 |                                                    |                                   |                        |
 |-----------------------------------------------------------------------------------------------------------------|
 |                                                    |                                   |                        |
 | f fbar -> f' fbar' (s-channel gamma*)          223 |      249887      10000      10000 |   6.066e-06  3.007e-08 |
 |                                                    |                                   |                        |
 | sum                                                |      249887      10000      10000 |   6.066e-06  3.007e-08 |
 |                                                                                                                 |
 *-------  End PYTHIA Event and Cross Section Statistics ----------------------------------------------------------*

 *-------  PYTHIA Error and Warning Messages Statistics  ----------------------------------------------------------* 
 |                                                                                                                 | 
 |  times   message                                                                                                | 
 |                                                                                                                 | 
 |     20   Warning in PhaseSpace2to2tauyz::trialKin: maximum for cross section violated                           | 
 |   1474   Warning in TauDecays::decay: unknown correlated tau production, assuming from unpolarized photon       | 
 |                                                                                                                 | 
 *-------  End PYTHIA Error and Warning Messages Statistics  ------------------------------------------------------* 
Gammatau2xmu: 2.991e-20

Gammatau2xe: 0.000e+00

BRtau2xmu: 1.320e-08

BRtau2xe: 0.000e+00

produced tau excluding those daughters are also tau lepton: 2.948e+03
produced X: 2.948e+03
produced X/NMC: 2.948e-01

Proportion of X flying forward (eta>0): 6.204e-01
Proportion of X flying backward (eta<0): 3.796e-01

Total Gamma [GeV]: 3.660e-08
ctau [m]: 5.392e-09

Gammax2tautau: 0.000e+00

Gammax2mumu: 0.000e+00

Gammax2ee: 3.660e-08

Gammax2gmgm: 0.000e+00

BRx2tautau: 0.000e+00

BRx2mumu: 0.000e+00

BRx2ee: 1.000e+00

BRx2gmgm: 0.000e+00

X: insideFidVol: 0.000e+00
observedX: 0.000e+00
visibleX: 0.000e+00

X Observed Fiducial efficiency: 0.000e+00
X Visible Fiducial efficiency: 0.000e+00

reallyProduced tau: 9.200e+10
total number of tau-tau events: 4.600e+10

reallyProducedX: 4.275e+02
reallyobservedX: 0.000e+00
reallyvisibleX: 0.000e+00

