mX:  0.03178
g_TE_Lamb:  0.004
g_EE_Lamb:  0.004
NMC 10000

 *-------  PYTHIA Process Initialization  --------------------------*
 |                                                                  |
 | We collide e- with e+ at a CM energy of 1.058e+01 GeV            |
 |                                                                  |
 |------------------------------------------------------------------|
 |                                                    |             |
 | Subprocess                                    Code |   Estimated |
 |                                                    |    max (mb) |
 |                                                    |             |
 |------------------------------------------------------------------|
 |                                                    |             |
 | f fbar -> f' fbar' (s-channel gamma*)          223 |   1.554e-04 |
 |                                                                  |
 *-------  End PYTHIA Process Initialization -----------------------*

 *-------  PYTHIA Flag + Mode + Parm + Word + FVec + MVec + PVec + WVec Settings (changes only)  ------------------* 
 |                                                                                                                 | 
 | Name                                          |                      Now |      Default         Min         Max | 
 |                                               |                          |                                      | 
 | Beams:eA                                      |                  7.00000 |     7000.000         0.0             | 
 | Beams:eB                                      |                  4.00000 |     7000.000         0.0             | 
 | Beams:frameType                               |                        2 |            1           1           5 | 
 | Beams:idA                                     |                       11 |         2212                         | 
 | Beams:idB                                     |                      -11 |         2212                         | 
 | HadronLevel:Hadronize                         |                      off |           on                         | 
 | Next:numberCount                              |                    10000 |         1000           0             | 
 | PartonLevel:MPI                               |                      off |           on                         | 
 | Random:seed                                   |                        0 |           -1               900000000 | 
 | Random:setSeed                                |                       on |          off                         | 
 | WeakSingleBoson:ffbar2ffbar(s:gm)             |                       on |          off                         | 
 |                                                                                                                 | 
 *-------  End PYTHIA Flag + Mode + Parm + Word + FVec + MVec + PVec + WVec Settings  -----------------------------* 

 --------  PYTHIA Particle Data Table (changed only)  ------------------------------------------------------------------------------
 
      id   name            antiName         spn chg col      m0        mWidth      mMin       mMax       tau0    res dec ext vis wid
             no onMode   bRatio   meMode     products 

      15  tau-             tau+               2  -3   0    1.77682    0.00000    0.00000    0.00000  8.71100e-02   0   1   0   1   0
              0     1   0.0000000  103       36       13 
              1     1   0.9999990  103       36       11 

      36  x                                   1   0   0  3.178e-02  0.000e+00  0.000e+00  0.000e+00  7.51126e-02   0   1   0   0   0
              0     1   0.0000000  103       15      -15 
              1     1   0.0000000  103       13      -13 
              2     1   1.0000000  103       11      -11 
              3     1   0.0000000  103       22       22 

 --------  End PYTHIA Particle Data Table  -----------------------------------------------------------------------------------------


 --------  PYTHIA Info Listing  ---------------------------------------- 
 
 Beam A: id =     11, pz =  5.292e+00, e =  5.292e+00, m =  5.110e-04.
 Beam B: id =    -11, pz = -5.292e+00, e =  5.292e+00, m =  5.110e-04.

 In 1: id =   11, x =  8.857e-01, pdf =  2.839e-01 at Q2 =  9.919e+01.
 In 2: id =  -11, x =  1.000e+00, pdf =  2.765e+03 at same Q2.

 Subprocess f fbar -> f' fbar' (s-channel gamma*) with code 223 is 2 -> 2.
 It has sHat =  9.919e+01,    tHat = -1.769e+01,    uHat = -8.150e+01,
       pTHat =  3.793e+00,   m3Hat =  5.000e-01,   m4Hat =  5.000e-01,
    thetaHat =  8.720e-01,  phiHat =  5.503e+00.
     alphaEM =  7.626e-03,  alphaS =  2.004e-01    at Q2 =  9.919e+01.

 Impact parameter b =  0.000e+00 gives enhancement factor =  1.000e+00.
 Max pT scale for MPI =  1.058e+01, ISR =  9.960e+00, FSR =  9.960e+00.
 Number of MPI =     1, ISR =     1, FSRproc =     2, FSRreson =     0.

 --------  End PYTHIA Info Listing  ------------------------------------

 --------  PYTHIA Event Listing  (hard process)  -----------------------------------------------------------------------------------
 
    no         id  name            status     mothers   daughters     colours      p_x        p_y        p_z         e          m 
     0         90  (system)           -11     0     0     0     0     0     0      0.000      0.000      3.000     11.000     10.583
     1         11  (e-)               -12     0     0     3     0     0     0      0.000      0.000      7.000      7.000      0.001
     2        -11  (e+)               -12     0     0     4     0     0     0      0.000      0.000     -4.000      4.000      0.001
     3         11  (e-)               -21     1     0     5     6     0     0      0.000      0.000      6.200      6.200      0.000
     4        -11  (e+)               -21     2     0     5     6     0     0      0.000      0.000     -4.000      4.000      0.000
     5          3  s                   23     3     4     0     0   101     0      2.697     -2.667      4.364      5.804      0.500
     6         -3  sbar                23     3     4     0     0     0   101     -2.697      2.667     -2.164      4.396      0.500
                                   Charge sum:  0.000           Momentum sum:      0.000      0.000      2.200     10.200      9.960

 --------  End PYTHIA Event Listing  -----------------------------------------------------------------------------------------------

 --------  PYTHIA Event Listing  (complete event)  ---------------------------------------------------------------------------------
 
    no         id  name            status     mothers   daughters     colours      p_x        p_y        p_z         e          m 
     0         90  (system)           -11     0     0     0     0     0     0      0.000      0.000      3.000     11.000     10.583
     1         11  (e-)               -12     0     0    20     0     0     0      0.000      0.000      7.000      7.000      0.001
     2        -11  (e+)               -12     0     0    21     0     0     0      0.000      0.000     -4.000      4.000      0.001
     3         11  (e-)               -21    13     0     5     6     0     0      0.000      0.000      6.200      6.200      0.000
     4        -11  (e+)               -21    14    14     5     6     0     0      0.000      0.000     -4.000      4.000      0.000
     5          3  (s)                -23     3     4     9     9   101     0      2.697     -2.667      4.364      5.804      0.500
     6         -3  (sbar)             -23     3     4     7     8     0   101     -2.697      2.667     -2.164      4.396      0.500
     7         -3  (sbar)             -51     6     0    12    12     0   105     -2.010      0.592     -1.364      2.550      0.500
     8         21  (g)                -51     6     0    10    11   105   101     -0.561      1.950     -0.597      2.115      0.000
     9          3  (s)                -52     5     5    15    15   101     0      2.571     -2.542      4.160      5.534      0.500
    10         21  (g)                -51     8     0    17    17   106   101     -1.227      2.036     -0.533      2.437      0.000
    11         21  (g)                -51     8     0    18    18   105   106     -0.141      0.041     -0.598      0.616      0.000
    12         -3  (sbar)             -52     7     7    16    16     0   105     -1.203      0.465     -0.829      1.613      0.500
    13         11  (e-)               -41    20    20    19     3     0     0      0.000      0.000      7.000      7.000      0.000
    14        -11  (e+)               -42    21    21     4     4     0     0     -0.000     -0.000     -4.000      4.000      0.000
    15          3  (s)                -44     9     9    22    22   101     0      2.721     -2.491      4.153      5.578      0.500
    16         -3  (sbar)             -44    12    12    23    23     0   105     -1.191      0.469     -0.807      1.593      0.500
    17         21  (g)                -44    10    10    24    24   106   101     -1.198      2.047     -0.516      2.427      0.000
    18         21  (g)                -44    11    11    25    25   105   106     -0.141      0.041     -0.594      0.612      0.000
    19         22  (gamma)            -43    13     0    26    26     0     0     -0.192     -0.066      0.764      0.790      0.000
    20         11  (e-)               -61     1     0    13    13     0     0      0.000      0.000      7.000      7.000      0.000
    21        -11  (e+)               -61     2     0    14    14     0     0      0.000     -0.000     -4.000      4.000      0.000
    22          3  s                   62    15    15     0     0   101     0      2.721     -2.491      4.153      5.578      0.500
    23         -3  sbar                62    16    16     0     0     0   105     -1.191      0.469     -0.807      1.593      0.500
    24         21  g                   62    17    17     0     0   106   101     -1.198      2.047     -0.516      2.427      0.000
    25         21  g                   62    18    18     0     0   105   106     -0.141      0.041     -0.594      0.612      0.000
    26         22  gamma               62    19    19     0     0     0     0     -0.192     -0.066      0.764      0.790      0.000
    27         22  gamma               63     1     0     0     0     0     0      0.000      0.000      0.000      0.000      0.000
    28         22  gamma               63     2     0     0     0     0     0      0.000      0.000     -0.000      0.000      0.000
                                   Charge sum:  0.000           Momentum sum:      0.000     -0.000      3.000     11.000     10.583

 --------  End PYTHIA Event Listing  -----------------------------------------------------------------------------------------------
 PYTHIA Warning in TauDecays::decay: unknown correlated tau production, assuming from unpolarized photon  
 PYTHIA Warning in PhaseSpace2to2tauyz::trialKin: maximum for cross section violated  

 *-------  PYTHIA Event and Cross Section Statistics  -------------------------------------------------------------*
 |                                                                                                                 |
 | Subprocess                                    Code |            Number of events       |      sigma +- delta    |
 |                                                    |       Tried   Selected   Accepted |     (estimated) (mb)   |
 |                                                    |                                   |                        |
 |-----------------------------------------------------------------------------------------------------------------|
 |                                                    |                                   |                        |
 | f fbar -> f' fbar' (s-channel gamma*)          223 |      257853      10000      10000 |   5.978e-06  2.902e-08 |
 |                                                    |                                   |                        |
 | sum                                                |      257853      10000      10000 |   5.978e-06  2.902e-08 |
 |                                                                                                                 |
 *-------  End PYTHIA Event and Cross Section Statistics ----------------------------------------------------------*

 *-------  PYTHIA Error and Warning Messages Statistics  ----------------------------------------------------------* 
 |                                                                                                                 | 
 |  times   message                                                                                                | 
 |                                                                                                                 | 
 |      5   Warning in PhaseSpace2to2tauyz::trialKin: maximum for cross section violated                           | 
 |   1485   Warning in TauDecays::decay: unknown correlated tau production, assuming from unpolarized photon       | 
 |                                                                                                                 | 
 *-------  End PYTHIA Error and Warning Messages Statistics  ------------------------------------------------------* 
Gammatau2xmu: 0.000e+00

Gammatau2xe: 3.569e-06

BRtau2xmu: 0.000e+00

BRtau2xe: 1.000e+00

produced tau excluding those daughters are also tau lepton: 2.970e+03
produced X: 2.970e+03
produced X/NMC: 2.970e-01

Proportion of X flying forward (eta>0): 6.148e-01
Proportion of X flying backward (eta<0): 3.852e-01

Total Gamma [GeV]: 2.627e-12
ctau [m]: 7.511e-05

Gammax2tautau: 0.000e+00

Gammax2mumu: 0.000e+00

Gammax2ee: 2.627e-12

Gammax2gmgm: 0.000e+00

BRx2tautau: 0.000e+00

BRx2mumu: 0.000e+00

BRx2ee: 1.000e+00

BRx2gmgm: 0.000e+00

X: insideFidVol: 0.000e+00
observedX: 2.212e-02
visibleX: 2.212e-03

X Observed Fiducial efficiency: 7.449e-06
X Visible Fiducial efficiency: 7.449e-07

reallyProduced tau: 9.200e+10
total number of tau-tau events: 4.600e+10

reallyProducedX: 3.239e+10
reallyobservedX: 2.413e+05
reallyvisibleX: 2.413e+04

