mX:  0.0229857
g_TE_Lamb:  1.5e-05
g_EE_Lamb:  1.5e-05
NMC 10000

 *-------  PYTHIA Process Initialization  --------------------------*
 |                                                                  |
 | We collide e- with e+ at a CM energy of 1.058e+01 GeV            |
 |                                                                  |
 |------------------------------------------------------------------|
 |                                                    |             |
 | Subprocess                                    Code |   Estimated |
 |                                                    |    max (mb) |
 |                                                    |             |
 |------------------------------------------------------------------|
 |                                                    |             |
 | f fbar -> f' fbar' (s-channel gamma*)          223 |   1.426e-04 |
 |                                                                  |
 *-------  End PYTHIA Process Initialization -----------------------*

 *-------  PYTHIA Flag + Mode + Parm + Word + FVec + MVec + PVec + WVec Settings (changes only)  ------------------* 
 |                                                                                                                 | 
 | Name                                          |                      Now |      Default         Min         Max | 
 |                                               |                          |                                      | 
 | Beams:eA                                      |                  7.00000 |     7000.000         0.0             | 
 | Beams:eB                                      |                  4.00000 |     7000.000         0.0             | 
 | Beams:frameType                               |                        2 |            1           1           5 | 
 | Beams:idA                                     |                       11 |         2212                         | 
 | Beams:idB                                     |                      -11 |         2212                         | 
 | HadronLevel:Hadronize                         |                      off |           on                         | 
 | Next:numberCount                              |                    10000 |         1000           0             | 
 | PartonLevel:MPI                               |                      off |           on                         | 
 | Random:seed                                   |                        0 |           -1               900000000 | 
 | Random:setSeed                                |                       on |          off                         | 
 | WeakSingleBoson:ffbar2ffbar(s:gm)             |                       on |          off                         | 
 |                                                                                                                 | 
 *-------  End PYTHIA Flag + Mode + Parm + Word + FVec + MVec + PVec + WVec Settings  -----------------------------* 

 --------  PYTHIA Particle Data Table (changed only)  ------------------------------------------------------------------------------
 
      id   name            antiName         spn chg col      m0        mWidth      mMin       mMax       tau0    res dec ext vis wid
             no onMode   bRatio   meMode     products 

      15  tau-             tau+               2  -3   0    1.77682    0.00000    0.00000    0.00000  8.71100e-02   0   1   0   1   0
              0     1   0.0000000  103       36       13 
              1     1   0.9568190  103       36       11 

      36  x                                   1   0   0  2.299e-02  0.000e+00  0.000e+00  0.000e+00  1.02152e+04   0   1   0   0   0
              0     1   0.0000000  103       15      -15 
              1     1   0.0000000  103       13      -13 
              2     1   1.0000000  103       11      -11 
              3     1   0.0000000  103       22       22 

 --------  End PYTHIA Particle Data Table  -----------------------------------------------------------------------------------------

 PYTHIA Warning in TauDecays::decay: unknown correlated tau production, assuming from unpolarized photon  

 --------  PYTHIA Info Listing  ---------------------------------------- 
 
 Beam A: id =     11, pz =  5.292e+00, e =  5.292e+00, m =  5.110e-04.
 Beam B: id =    -11, pz = -5.292e+00, e =  5.292e+00, m =  5.110e-04.

 In 1: id =   11, x =  9.674e-01, pdf =  1.121e+00 at Q2 =  1.084e+02.
 In 2: id =  -11, x =  1.000e+00, pdf =  8.811e+07 at same Q2.

 Subprocess f fbar -> f' fbar' (s-channel gamma*) with code 223 is 2 -> 2.
 It has sHat =  1.084e+02,    tHat = -1.471e+01,    uHat = -9.364e+01,
       pTHat =  3.351e+00,   m3Hat =  1.777e+00,   m4Hat =  1.777e+00,
    thetaHat =  7.547e-01,  phiHat =  6.128e+00.
     alphaEM =  7.630e-03,  alphaS =  1.982e-01    at Q2 =  1.084e+02.

 Impact parameter b =  0.000e+00 gives enhancement factor =  1.000e+00.
 Max pT scale for MPI =  1.058e+01, ISR =  1.058e+01, FSR =  1.058e+01.
 Number of MPI =     1, ISR =     1, FSRproc =     0, FSRreson =     0.

 --------  End PYTHIA Info Listing  ------------------------------------

 --------  PYTHIA Event Listing  (hard process)  -----------------------------------------------------------------------------------
 
    no         id  name            status     mothers   daughters     colours      p_x        p_y        p_z         e          m 
     0         90  (system)           -11     0     0     0     0     0     0      0.000      0.000      3.000     11.000     10.583
     1         11  (e-)               -12     0     0     3     0     0     0      0.000      0.000      7.000      7.000      0.001
     2        -11  (e+)               -12     0     0     4     0     0     0      0.000      0.000     -4.000      4.000      0.001
     3         11  (e-)               -21     1     0     5     6     0     0      0.000      0.000      6.772      6.772      0.000
     4        -11  (e+)               -21     2     0     5     6     0     0      0.000      0.000     -4.000      4.000      0.000
     5         15  tau-                23     3     4     0     0     0     0      3.311     -0.516      5.074      6.335      1.777
     6        -15  tau+                23     3     4     0     0     0     0     -3.311      0.516     -2.302      4.437      1.777
                                   Charge sum:  0.000           Momentum sum:      0.000      0.000      2.772     10.772     10.409

 --------  End PYTHIA Event Listing  -----------------------------------------------------------------------------------------------

 --------  PYTHIA Event Listing  (complete event)  ---------------------------------------------------------------------------------
 
    no         id  name            status     mothers   daughters     colours      p_x        p_y        p_z         e          m 
     0         90  (system)           -11     0     0     0     0     0     0      0.000      0.000      3.000     11.000     10.583
     1         11  (e-)               -12     0     0    12     0     0     0      0.000      0.000      7.000      7.000      0.001
     2        -11  (e+)               -12     0     0    13     0     0     0      0.000      0.000     -4.000      4.000      0.001
     3         11  (e-)               -21     7     0     5     6     0     0      0.000      0.000      6.772      6.772      0.000
     4        -11  (e+)               -21     8     8     5     6     0     0      0.000      0.000     -4.000      4.000      0.000
     5         15  (tau-)             -23     3     4     9     9     0     0      3.311     -0.516      5.074      6.335      1.777
     6        -15  (tau+)             -23     3     4    10    10     0     0     -3.311      0.516     -2.302      4.437      1.777
     7         11  (e-)               -41    12    12    11     3     0     0      0.000     -0.000      7.000      7.000      0.000
     8        -11  (e+)               -42    13    13     4     4     0     0      0.000      0.000     -4.000      4.000      0.000
     9         15  (tau-)             -44     5     5    14    14     0     0      3.390     -0.412      5.208      6.476      1.777
    10        -15  (tau+)             -44     6     6    15    15     0     0     -3.297      0.536     -2.179      4.366      1.777
    11         22  (gamma)            -43     7     0    16    16     0     0     -0.093     -0.124     -0.029      0.158      0.000
    12         11  (e-)               -61     1     0     7     7     0     0     -0.000      0.000      7.000      7.000      0.000
    13        -11  (e+)               -61     2     0     8     8     0     0      0.000      0.000     -4.000      4.000      0.000
    14         15  (tau-)             -62     9     9    21    22     0     0      3.390     -0.412      5.208      6.476      1.777
    15        -15  (tau+)             -62    10    10    19    20     0     0     -3.297      0.536     -2.179      4.366      1.777
    16         22  gamma               62    11    11     0     0     0     0     -0.093     -0.124     -0.029      0.158      0.000
    17         22  gamma               63     1     0     0     0     0     0      0.000      0.000      0.000      0.000      0.000
    18         22  gamma               63     2     0     0     0     0     0      0.000      0.000     -0.000      0.000      0.000
    19         36  (x)                -91    15     0    23    24     0     0     -1.138     -0.654     -0.866      1.573      0.023
    20        -11  e+                  91    15     0     0     0     0     0     -2.158      1.190     -1.313      2.793      0.001
    21         36  (x)                -91    14     0    25    26     0     0      0.878     -0.365      0.362      1.017      0.023
    22         11  e-                  91    14     0     0     0     0     0      2.512     -0.047      4.846      5.459      0.001
    23         11  e-                  91    19     0     0     0     0     0     -1.079     -0.624     -0.826      1.495      0.001
    24        -11  e+                  91    19     0     0     0     0     0     -0.060     -0.030     -0.040      0.078      0.001
    25         11  e-                  91    21     0     0     0     0     0      0.777     -0.317      0.324      0.899      0.001
    26        -11  e+                  91    21     0     0     0     0     0      0.101     -0.048      0.038      0.118      0.001
                                   Charge sum:  0.000           Momentum sum:     -0.000     -0.000      3.000     11.000     10.583

 --------  End PYTHIA Event Listing  -----------------------------------------------------------------------------------------------
 PYTHIA Warning in PhaseSpace2to2tauyz::trialKin: maximum for cross section violated  

 *-------  PYTHIA Event and Cross Section Statistics  -------------------------------------------------------------*
 |                                                                                                                 |
 | Subprocess                                    Code |            Number of events       |      sigma +- delta    |
 |                                                    |       Tried   Selected   Accepted |     (estimated) (mb)   |
 |                                                    |                                   |                        |
 |-----------------------------------------------------------------------------------------------------------------|
 |                                                    |                                   |                        |
 | f fbar -> f' fbar' (s-channel gamma*)          223 |      241746      10000      10000 |   5.963e-06  2.969e-08 |
 |                                                    |                                   |                        |
 | sum                                                |      241746      10000      10000 |   5.963e-06  2.969e-08 |
 |                                                                                                                 |
 *-------  End PYTHIA Event and Cross Section Statistics ----------------------------------------------------------*

 *-------  PYTHIA Error and Warning Messages Statistics  ----------------------------------------------------------* 
 |                                                                                                                 | 
 |  times   message                                                                                                | 
 |                                                                                                                 | 
 |     40   Warning in PhaseSpace2to2tauyz::trialKin: maximum for cross section violated                           | 
 |   1506   Warning in TauDecays::decay: unknown correlated tau production, assuming from unpolarized photon       | 
 |                                                                                                                 | 
 *-------  End PYTHIA Error and Warning Messages Statistics  ------------------------------------------------------* 
Gammatau2xmu: 0.000e+00

Gammatau2xe: 5.021e-11

BRtau2xmu: 0.000e+00

BRtau2xe: 9.568e-01

produced tau excluding those daughters are also tau lepton: 3.012e+03
produced X: 3.012e+03
produced X/NMC: 3.012e-01

Proportion of X flying forward (eta>0): 6.248e-01
Proportion of X flying backward (eta<0): 3.752e-01

Total Gamma [GeV]: 1.932e-17
ctau [m]: 1.022e+01

Gammax2tautau: 0.000e+00

Gammax2mumu: 0.000e+00

Gammax2ee: 1.932e-17

Gammax2gmgm: 0.000e+00

BRx2tautau: 0.000e+00

BRx2mumu: 0.000e+00

BRx2ee: 1.000e+00

BRx2gmgm: 0.000e+00

X: insideFidVol: 4.000e+00
observedX: 3.595e+00
visibleX: 3.595e-01

X Observed Fiducial efficiency: 1.194e-03
X Visible Fiducial efficiency: 1.194e-04

reallyProduced tau: 9.200e+10
total number of tau-tau events: 4.600e+10

reallyProducedX: 3.099e+10
reallyobservedX: 3.700e+07
reallyvisibleX: 3.700e+06

