mX:  1.33993
g_TE_Lamb:  0.02
g_EE_Lamb:  0.02
NMC 10000

 *-------  PYTHIA Process Initialization  --------------------------*
 |                                                                  |
 | We collide e- with e+ at a CM energy of 1.058e+01 GeV            |
 |                                                                  |
 |------------------------------------------------------------------|
 |                                                    |             |
 | Subprocess                                    Code |   Estimated |
 |                                                    |    max (mb) |
 |                                                    |             |
 |------------------------------------------------------------------|
 |                                                    |             |
 | f fbar -> f' fbar' (s-channel gamma*)          223 |   1.279e-04 |
 |                                                                  |
 *-------  End PYTHIA Process Initialization -----------------------*

 *-------  PYTHIA Flag + Mode + Parm + Word + FVec + MVec + PVec + WVec Settings (changes only)  ------------------* 
 |                                                                                                                 | 
 | Name                                          |                      Now |      Default         Min         Max | 
 |                                               |                          |                                      | 
 | Beams:eA                                      |                  7.00000 |     7000.000         0.0             | 
 | Beams:eB                                      |                  4.00000 |     7000.000         0.0             | 
 | Beams:frameType                               |                        2 |            1           1           5 | 
 | Beams:idA                                     |                       11 |         2212                         | 
 | Beams:idB                                     |                      -11 |         2212                         | 
 | HadronLevel:Hadronize                         |                      off |           on                         | 
 | Next:numberCount                              |                    10000 |         1000           0             | 
 | PartonLevel:MPI                               |                      off |           on                         | 
 | Random:seed                                   |                        0 |           -1               900000000 | 
 | Random:setSeed                                |                       on |          off                         | 
 | WeakSingleBoson:ffbar2ffbar(s:gm)             |                       on |          off                         | 
 |                                                                                                                 | 
 *-------  End PYTHIA Flag + Mode + Parm + Word + FVec + MVec + PVec + WVec Settings  -----------------------------* 

 --------  PYTHIA Particle Data Table (changed only)  ------------------------------------------------------------------------------
 
      id   name            antiName         spn chg col      m0        mWidth      mMin       mMax       tau0    res dec ext vis wid
             no onMode   bRatio   meMode     products 

      15  tau-             tau+               2  -3   0    1.77682    0.00000    0.00000    0.00000  8.71100e-02   0   1   0   1   0
              0     1   0.0000000  103       36       13 
              1     1   1.0000000  103       36       11 

      36  x                                   1   0   0    1.33993    0.00000    0.00000    0.00000  1.68924e-06   0   1   0   0   0
              0     1   0.0000000  103       15      -15 
              1     1   0.0000000  103       13      -13 
              2     1   1.0000000  103       11      -11 
              3     1   0.0000000  103       22       22 

 --------  End PYTHIA Particle Data Table  -----------------------------------------------------------------------------------------


 --------  PYTHIA Info Listing  ---------------------------------------- 
 
 Beam A: id =     11, pz =  5.292e+00, e =  5.292e+00, m =  5.110e-04.
 Beam B: id =    -11, pz = -5.292e+00, e =  5.292e+00, m =  5.110e-04.

 In 1: id =   11, x =  1.000e+00, pdf =  3.164e+04 at Q2 =  7.524e+01.
 In 2: id =  -11, x =  6.718e-01, pdf =  6.313e-02 at same Q2.

 Subprocess f fbar -> f' fbar' (s-channel gamma*) with code 223 is 2 -> 2.
 It has sHat =  7.524e+01,    tHat = -3.261e+01,    uHat = -4.263e+01,
       pTHat =  4.286e+00,   m3Hat =  3.300e-01,   m4Hat =  3.300e-01,
    thetaHat =  1.437e+00,  phiHat =  2.554e+00.
     alphaEM =  7.615e-03,  alphaS =  2.074e-01    at Q2 =  7.524e+01.

 Impact parameter b =  0.000e+00 gives enhancement factor =  1.000e+00.
 Max pT scale for MPI =  1.058e+01, ISR =  8.674e+00, FSR =  8.674e+00.
 Number of MPI =     1, ISR =     2, FSRproc =     2, FSRreson =     0.

 --------  End PYTHIA Info Listing  ------------------------------------

 --------  PYTHIA Event Listing  (hard process)  -----------------------------------------------------------------------------------
 
    no         id  name            status     mothers   daughters     colours      p_x        p_y        p_z         e          m 
     0         90  (system)           -11     0     0     0     0     0     0      0.000      0.000      3.000     11.000     10.583
     1         11  (e-)               -12     0     0     3     0     0     0      0.000      0.000      7.000      7.000      0.001
     2        -11  (e+)               -12     0     0     4     0     0     0      0.000      0.000     -4.000      4.000      0.001
     3         11  (e-)               -21     1     0     5     6     0     0      0.000      0.000      7.000      7.000      0.000
     4        -11  (e+)               -21     2     0     5     6     0     0      0.000      0.000     -2.687      2.687      0.000
     5          2  u                   23     3     4     0     0   101     0     -3.566      2.377      2.800      5.130      0.330
     6         -2  ubar                23     3     4     0     0     0   101      3.566     -2.377      1.513      4.557      0.330
                                   Charge sum:  0.000           Momentum sum:      0.000      0.000      4.313      9.687      8.674

 --------  End PYTHIA Event Listing  -----------------------------------------------------------------------------------------------

 --------  PYTHIA Event Listing  (complete event)  ---------------------------------------------------------------------------------
 
    no         id  name            status     mothers   daughters     colours      p_x        p_y        p_z         e          m 
     0         90  (system)           -11     0     0     0     0     0     0      0.000      0.000      3.000     11.000     10.583
     1         11  (e-)               -12     0     0    27     0     0     0      0.000      0.000      7.000      7.000      0.001
     2        -11  (e+)               -12     0     0    28     0     0     0      0.000      0.000     -4.000      4.000      0.001
     3         11  (e-)               -21    10    10     5     6     0     0      0.000      0.000      7.000      7.000      0.000
     4        -11  (e+)               -21    11     0     5     6     0     0      0.000      0.000     -2.687      2.687      0.000
     5          2  (u)                -23     3     4     7     8   101     0     -3.566      2.377      2.800      5.130      0.330
     6         -2  (ubar)             -23     3     4     9     9     0   101      3.566     -2.377      1.513      4.557      0.330
     7          2  (u)                -51     5     0    12    12   102     0     -1.229      1.756      0.990      2.384      0.330
     8         21  (g)                -51     5     0    14    14   101   102     -2.193      0.525      1.870      2.930      0.000
     9         -2  (ubar)             -52     6     6    13    13     0   101      3.422     -2.281      1.453      4.374      0.330
    10         11  (e-)               -42    19    19     3     3     0     0     -0.000      0.000      7.000      7.000      0.000
    11        -11  (e+)               -41    20     0    15     4     0     0      0.000     -0.000     -3.272      3.272      0.000
    12          2  (u)                -44     7     7    21    21   102     0     -1.074      1.724      0.752      2.191      0.330
    13         -2  (ubar)             -44     9     9    18    18     0   101      3.746     -2.349      1.751      4.767      0.330
    14         21  (g)                -44     8     8    16    17   101   102     -2.076      0.500      1.537      2.631      0.000
    15         22  (gamma)            -43    11     0    24    24     0     0     -0.596      0.125     -0.312      0.684      0.000
    16         21  (g)                -51    14     0    23    23   104   102     -1.675      0.164      1.851      2.501      0.000
    17         21  (g)                -51    14     0    25    25   101   104     -0.208      0.215     -0.224      0.374      0.000
    18         -2  (ubar)             -52    13    13    22    22     0   101      3.552     -2.228      1.662      4.522      0.330
    19         11  (e-)               -42    27    27    10    10     0     0     -0.000      0.000      7.000      7.000      0.000
    20        -11  (e+)               -41    28    28    26    11     0     0      0.000     -0.000     -4.000      4.000      0.000
    21          2  (u)                -44    12    12    29    29   102     0     -1.025      1.656      0.618      2.070      0.330
    22         -2  (ubar)             -44    18    18    30    30     0   101      3.650     -2.362      1.850      4.736      0.330
    23         21  (g)                -44    16    16    31    31   104   102     -1.652      0.133      1.765      2.421      0.000
    24         22  (gamma)            -44    15    15    32    32     0     0     -0.562      0.078     -0.343      0.663      0.000
    25         21  (g)                -44    17    17    33    33   101   104     -0.188      0.187     -0.243      0.360      0.000
    26         22  (gamma)            -43    20     0    34    34     0     0     -0.224      0.307     -0.646      0.750      0.000
    27         11  (e-)               -61     1     0    19    19     0     0     -0.000     -0.000      7.000      7.000      0.000
    28        -11  (e+)               -61     2     0    20    20     0     0      0.000      0.000     -4.000      4.000      0.000
    29          2  u                   62    21    21     0     0   102     0     -1.025      1.656      0.618      2.070      0.330
    30         -2  ubar                62    22    22     0     0     0   101      3.650     -2.362      1.850      4.736      0.330
    31         21  g                   62    23    23     0     0   104   102     -1.652      0.133      1.765      2.421      0.000
    32         22  gamma               62    24    24     0     0     0     0     -0.562      0.078     -0.343      0.663      0.000
    33         21  g                   62    25    25     0     0   101   104     -0.188      0.187     -0.243      0.360      0.000
    34         22  gamma               62    26    26     0     0     0     0     -0.224      0.307     -0.646      0.750      0.000
    35         22  gamma               63     1     0     0     0     0     0      0.000      0.000      0.000      0.000      0.000
    36         22  gamma               63     2     0     0     0     0     0      0.000      0.000     -0.000      0.000      0.000
                                   Charge sum:  0.000           Momentum sum:      0.000      0.000      3.000     11.000     10.583

 --------  End PYTHIA Event Listing  -----------------------------------------------------------------------------------------------
 PYTHIA Warning in TauDecays::decay: unknown correlated tau production, assuming from unpolarized photon  
 PYTHIA Warning in PhaseSpace2to2tauyz::trialKin: maximum for cross section violated  

 *-------  PYTHIA Event and Cross Section Statistics  -------------------------------------------------------------*
 |                                                                                                                 |
 | Subprocess                                    Code |            Number of events       |      sigma +- delta    |
 |                                                    |       Tried   Selected   Accepted |     (estimated) (mb)   |
 |                                                    |                                   |                        |
 |-----------------------------------------------------------------------------------------------------------------|
 |                                                    |                                   |                        |
 | f fbar -> f' fbar' (s-channel gamma*)          223 |      214612      10000      10000 |   5.983e-06  3.208e-08 |
 |                                                    |                                   |                        |
 | sum                                                |      214612      10000      10000 |   5.983e-06  3.208e-08 |
 |                                                                                                                 |
 *-------  End PYTHIA Event and Cross Section Statistics ----------------------------------------------------------*

 *-------  PYTHIA Error and Warning Messages Statistics  ----------------------------------------------------------* 
 |                                                                                                                 | 
 |  times   message                                                                                                | 
 |                                                                                                                 | 
 |    328   Warning in PhaseSpace2to2tauyz::trialKin: maximum for cross section violated                           | 
 |   1477   Warning in TauDecays::decay: unknown correlated tau production, assuming from unpolarized photon       | 
 |                                                                                                                 | 
 *-------  End PYTHIA Error and Warning Messages Statistics  ------------------------------------------------------* 
Gammatau2xmu: 0.000e+00

Gammatau2xe: 1.661e-05

BRtau2xmu: 0.000e+00

BRtau2xe: 1.000e+00

produced tau excluding those daughters are also tau lepton: 2.954e+03
produced X: 2.954e+03
produced X/NMC: 2.954e-01

Proportion of X flying forward (eta>0): 6.185e-01
Proportion of X flying backward (eta<0): 3.815e-01

Total Gamma [GeV]: 1.168e-07
ctau [m]: 1.689e-09

Gammax2tautau: 0.000e+00

Gammax2mumu: 0.000e+00

Gammax2ee: 1.168e-07

Gammax2gmgm: 0.000e+00

BRx2tautau: 0.000e+00

BRx2mumu: 0.000e+00

BRx2ee: 1.000e+00

BRx2gmgm: 0.000e+00

X: insideFidVol: 0.000e+00
observedX: 0.000e+00
visibleX: 0.000e+00

X Observed Fiducial efficiency: 0.000e+00
X Visible Fiducial efficiency: 0.000e+00

reallyProduced tau: 9.200e+10
total number of tau-tau events: 4.600e+10

reallyProducedX: 3.239e+10
reallyobservedX: 0.000e+00
reallyvisibleX: 0.000e+00

