mX:  0.0405743
g_TE_Lamb:  4e-08
g_EE_Lamb:  4e-08
NMC 10000

 *-------  PYTHIA Process Initialization  --------------------------*
 |                                                                  |
 | We collide e- with e+ at a CM energy of 1.058e+01 GeV            |
 |                                                                  |
 |------------------------------------------------------------------|
 |                                                    |             |
 | Subprocess                                    Code |   Estimated |
 |                                                    |    max (mb) |
 |                                                    |             |
 |------------------------------------------------------------------|
 |                                                    |             |
 | f fbar -> f' fbar' (s-channel gamma*)          223 |   1.588e-04 |
 |                                                                  |
 *-------  End PYTHIA Process Initialization -----------------------*

 *-------  PYTHIA Flag + Mode + Parm + Word + FVec + MVec + PVec + WVec Settings (changes only)  ------------------* 
 |                                                                                                                 | 
 | Name                                          |                      Now |      Default         Min         Max | 
 |                                               |                          |                                      | 
 | Beams:eA                                      |                  7.00000 |     7000.000         0.0             | 
 | Beams:eB                                      |                  4.00000 |     7000.000         0.0             | 
 | Beams:frameType                               |                        2 |            1           1           5 | 
 | Beams:idA                                     |                       11 |         2212                         | 
 | Beams:idB                                     |                      -11 |         2212                         | 
 | HadronLevel:Hadronize                         |                      off |           on                         | 
 | Next:numberCount                              |                    10000 |         1000           0             | 
 | PartonLevel:MPI                               |                      off |           on                         | 
 | Random:seed                                   |                        0 |           -1               900000000 | 
 | Random:setSeed                                |                       on |          off                         | 
 | WeakSingleBoson:ffbar2ffbar(s:gm)             |                       on |          off                         | 
 |                                                                                                                 | 
 *-------  End PYTHIA Flag + Mode + Parm + Word + FVec + MVec + PVec + WVec Settings  -----------------------------* 

 --------  PYTHIA Particle Data Table (changed only)  ------------------------------------------------------------------------------
 
      id   name            antiName         spn chg col      m0        mWidth      mMin       mMax       tau0    res dec ext vis wid
             no onMode   bRatio   meMode     products 

      15  tau-             tau+               2  -3   0    1.77682    0.00000    0.00000    0.00000  8.71100e-02   0   1   0   1   0
              0     1   0.0000000  103       36       13 
              1     1   0.0001574  103       36       11 

      36  x                                   1   0   0  4.057e-02  0.000e+00  0.000e+00  0.000e+00  4.60714e+08   0   1   0   0   0
              0     1   0.0000000  103       15      -15 
              1     1   0.0000000  103       13      -13 
              2     1   1.0000000  103       11      -11 
              3     1   0.0000000  103       22       22 

 --------  End PYTHIA Particle Data Table  -----------------------------------------------------------------------------------------


 --------  PYTHIA Info Listing  ---------------------------------------- 
 
 Beam A: id =     11, pz =  5.292e+00, e =  5.292e+00, m =  5.110e-04.
 Beam B: id =    -11, pz = -5.292e+00, e =  5.292e+00, m =  5.110e-04.

 In 1: id =   11, x =  1.000e+00, pdf =  6.300e+07 at Q2 =  8.695e+01.
 In 2: id =  -11, x =  7.763e-01, pdf =  1.171e-01 at same Q2.

 Subprocess f fbar -> f' fbar' (s-channel gamma*) with code 223 is 2 -> 2.
 It has sHat =  8.695e+01,    tHat = -6.044e+00,    uHat = -8.090e+01,
       pTHat =  2.245e+00,   m3Hat =  1.500e+00,   m4Hat =  1.500e+00,
    thetaHat =  5.336e-01,  phiHat =  2.035e+00.
     alphaEM =  7.621e-03,  alphaS =  2.037e-01    at Q2 =  8.695e+01.

 Impact parameter b =  0.000e+00 gives enhancement factor =  1.000e+00.
 Max pT scale for MPI =  1.058e+01, ISR =  9.325e+00, FSR =  9.325e+00.
 Number of MPI =     1, ISR =     1, FSRproc =     2, FSRreson =     0.

 --------  End PYTHIA Info Listing  ------------------------------------

 --------  PYTHIA Event Listing  (hard process)  -----------------------------------------------------------------------------------
 
    no         id  name            status     mothers   daughters     colours      p_x        p_y        p_z         e          m 
     0         90  (system)           -11     0     0     0     0     0     0      0.000      0.000      3.000     11.000     10.583
     1         11  (e-)               -12     0     0     3     0     0     0      0.000      0.000      7.000      7.000      0.001
     2        -11  (e+)               -12     0     0     4     0     0     0      0.000      0.000     -4.000      4.000      0.001
     3         11  (e-)               -21     1     0     5     6     0     0      0.000      0.000      7.000      7.000      0.000
     4        -11  (e+)               -21     2     0     5     6     0     0      0.000      0.000     -3.105      3.105      0.000
     5          4  c                   23     3     4     0     0   101     0     -1.005      2.008      6.066      6.640      1.500
     6         -4  cbar                23     3     4     0     0     0   101      1.005     -2.008     -2.172      3.465      1.500
                                   Charge sum:  0.000           Momentum sum:      0.000      0.000      3.895     10.105      9.325

 --------  End PYTHIA Event Listing  -----------------------------------------------------------------------------------------------

 --------  PYTHIA Event Listing  (complete event)  ---------------------------------------------------------------------------------
 
    no         id  name            status     mothers   daughters     colours      p_x        p_y        p_z         e          m 
     0         90  (system)           -11     0     0     0     0     0     0      0.000      0.000      3.000     11.000     10.583
     1         11  (e-)               -12     0     0    20     0     0     0      0.000      0.000      7.000      7.000      0.001
     2        -11  (e+)               -12     0     0    21     0     0     0      0.000      0.000     -4.000      4.000      0.001
     3         11  (e-)               -21    13    13     5     6     0     0      0.000      0.000      7.000      7.000      0.000
     4        -11  (e+)               -21    14     0     5     6     0     0      0.000      0.000     -3.105      3.105      0.000
     5          4  (c)                -23     3     4     7     8   101     0     -1.005      2.008      6.066      6.640      1.500
     6         -4  (cbar)             -23     3     4     9     9     0   101      1.005     -2.008     -2.172      3.465      1.500
     7          4  (c)                -51     5     0    12    12   103     0     -0.293      2.467      5.501      6.220      1.500
     8         21  (g)                -51     5     0    10    11   101   103     -0.507     -0.869      0.076      1.009      0.000
     9         -4  (cbar)             -52     6     6    16    16     0   101      0.800     -1.598     -1.683      2.877      1.500
    10         21  (g)                -51     8     0    17    17   101   105     -0.821     -0.416      0.587      1.092      0.000
    11         21  (g)                -51     8     0    18    18   105   103      0.303     -0.235     -0.073      0.390      0.000
    12          4  (c)                -52     7     7    15    15   103     0     -0.282      2.249      5.063      5.746      1.500
    13         11  (e-)               -42    20    20     3     3     0     0     -0.000      0.000      7.000      7.000      0.000
    14        -11  (e+)               -41    21    21    19     4     0     0      0.000     -0.000     -4.000      4.000      0.000
    15          4  (c)                -44    12    12    22    22   103     0     -0.282      2.249      5.061      5.744      1.500
    16         -4  (cbar)             -44     9     9    23    23     0   101      0.800     -1.603     -1.681      2.878      1.500
    17         21  (g)                -44    10    10    24    24   101   105     -0.821     -0.417      0.588      1.092      0.000
    18         21  (g)                -44    11    11    25    25   105   103      0.303     -0.235     -0.072      0.391      0.000
    19         22  (gamma)            -43    14     0    26    26     0     0     -0.000      0.006     -0.895      0.895      0.000
    20         11  (e-)               -61     1     0    13    13     0     0     -0.000     -0.000      7.000      7.000      0.000
    21        -11  (e+)               -61     2     0    14    14     0     0      0.000      0.000     -4.000      4.000      0.000
    22          4  c                   62    15    15     0     0   103     0     -0.282      2.249      5.061      5.744      1.500
    23         -4  cbar                62    16    16     0     0     0   101      0.800     -1.603     -1.681      2.878      1.500
    24         21  g                   62    17    17     0     0   101   105     -0.821     -0.417      0.588      1.092      0.000
    25         21  g                   62    18    18     0     0   105   103      0.303     -0.235     -0.072      0.391      0.000
    26         22  gamma               62    19    19     0     0     0     0     -0.000      0.006     -0.895      0.895      0.000
    27         22  gamma               63     1     0     0     0     0     0      0.000      0.000      0.000      0.000      0.000
    28         22  gamma               63     2     0     0     0     0     0      0.000      0.000     -0.000      0.000      0.000
                                   Charge sum:  0.000           Momentum sum:     -0.000     -0.000      3.000     11.000     10.583

 --------  End PYTHIA Event Listing  -----------------------------------------------------------------------------------------------
 PYTHIA Warning in TauDecays::decay: unknown correlated tau production, assuming from unpolarized photon  

 *-------  PYTHIA Event and Cross Section Statistics  -------------------------------------------------------------*
 |                                                                                                                 |
 | Subprocess                                    Code |            Number of events       |      sigma +- delta    |
 |                                                    |       Tried   Selected   Accepted |     (estimated) (mb)   |
 |                                                    |                                   |                        |
 |-----------------------------------------------------------------------------------------------------------------|
 |                                                    |                                   |                        |
 | f fbar -> f' fbar' (s-channel gamma*)          223 |      266444      10000      10000 |   5.989e-06  2.884e-08 |
 |                                                    |                                   |                        |
 | sum                                                |      266444      10000      10000 |   5.989e-06  2.884e-08 |
 |                                                                                                                 |
 *-------  End PYTHIA Event and Cross Section Statistics ----------------------------------------------------------*

 *-------  PYTHIA Error and Warning Messages Statistics  ----------------------------------------------------------* 
 |                                                                                                                 | 
 |  times   message                                                                                                | 
 |                                                                                                                 | 
 |   1494   Warning in TauDecays::decay: unknown correlated tau production, assuming from unpolarized photon       | 
 |                                                                                                                 | 
 *-------  End PYTHIA Error and Warning Messages Statistics  ------------------------------------------------------* 
Gammatau2xmu: 0.000e+00

Gammatau2xe: 3.568e-16

BRtau2xmu: 0.000e+00

BRtau2xe: 1.574e-04

produced tau excluding those daughters are also tau lepton: 2.988e+03
produced X: 2.988e+03
produced X/NMC: 2.988e-01

Proportion of X flying forward (eta>0): 6.262e-01
Proportion of X flying backward (eta<0): 3.738e-01

Total Gamma [GeV]: 4.283e-22
ctau [m]: 4.607e+05

Gammax2tautau: 0.000e+00

Gammax2mumu: 0.000e+00

Gammax2ee: 4.283e-22

Gammax2gmgm: 0.000e+00

BRx2tautau: 0.000e+00

BRx2mumu: 0.000e+00

BRx2ee: 1.000e+00

BRx2gmgm: 0.000e+00

X: insideFidVol: 0.000e+00
observedX: 1.390e-04
visibleX: 1.390e-05

X Observed Fiducial efficiency: 4.652e-08
X Visible Fiducial efficiency: 4.652e-09

reallyProduced tau: 9.200e+10
total number of tau-tau events: 4.600e+10

reallyProducedX: 5.100e+06
reallyobservedX: 2.372e-01
reallyvisibleX: 2.372e-02

