mX:  0.01639
g_TE_Lamb:  0.0003
g_EE_Lamb:  0.0003
NMC 10000

 *-------  PYTHIA Process Initialization  --------------------------*
 |                                                                  |
 | We collide e- with e+ at a CM energy of 1.058e+01 GeV            |
 |                                                                  |
 |------------------------------------------------------------------|
 |                                                    |             |
 | Subprocess                                    Code |   Estimated |
 |                                                    |    max (mb) |
 |                                                    |             |
 |------------------------------------------------------------------|
 |                                                    |             |
 | f fbar -> f' fbar' (s-channel gamma*)          223 |   1.332e-04 |
 |                                                                  |
 *-------  End PYTHIA Process Initialization -----------------------*

 *-------  PYTHIA Flag + Mode + Parm + Word + FVec + MVec + PVec + WVec Settings (changes only)  ------------------* 
 |                                                                                                                 | 
 | Name                                          |                      Now |      Default         Min         Max | 
 |                                               |                          |                                      | 
 | Beams:eA                                      |                  7.00000 |     7000.000         0.0             | 
 | Beams:eB                                      |                  4.00000 |     7000.000         0.0             | 
 | Beams:frameType                               |                        2 |            1           1           5 | 
 | Beams:idA                                     |                       11 |         2212                         | 
 | Beams:idB                                     |                      -11 |         2212                         | 
 | HadronLevel:Hadronize                         |                      off |           on                         | 
 | Next:numberCount                              |                    10000 |         1000           0             | 
 | PartonLevel:MPI                               |                      off |           on                         | 
 | Random:seed                                   |                        0 |           -1               900000000 | 
 | Random:setSeed                                |                       on |          off                         | 
 | WeakSingleBoson:ffbar2ffbar(s:gm)             |                       on |          off                         | 
 |                                                                                                                 | 
 *-------  End PYTHIA Flag + Mode + Parm + Word + FVec + MVec + PVec + WVec Settings  -----------------------------* 

 --------  PYTHIA Particle Data Table (changed only)  ------------------------------------------------------------------------------
 
      id   name            antiName         spn chg col      m0        mWidth      mMin       mMax       tau0    res dec ext vis wid
             no onMode   bRatio   meMode     products 

      15  tau-             tau+               2  -3   0    1.77682    0.00000    0.00000    0.00000  8.71100e-02   0   1   0   1   0
              0     1   0.0000000  103       36       13 
              1     1   0.9998870  103       36       11 

      36  x                                   1   0   0  1.639e-02  0.000e+00  0.000e+00  0.000e+00  5.02761e+01   0   1   0   0   0
              0     1   0.0000000  103       15      -15 
              1     1   0.0000000  103       13      -13 
              2     1   1.0000000  103       11      -11 
              3     1   0.0000000  103       22       22 

 --------  End PYTHIA Particle Data Table  -----------------------------------------------------------------------------------------

 PYTHIA Warning in TauDecays::decay: unknown correlated tau production, assuming from unpolarized photon  

 --------  PYTHIA Info Listing  ---------------------------------------- 
 
 Beam A: id =     11, pz =  5.292e+00, e =  5.292e+00, m =  5.110e-04.
 Beam B: id =    -11, pz = -5.292e+00, e =  5.292e+00, m =  5.110e-04.

 In 1: id =   11, x =  1.000e+00, pdf =  1.499e+06 at Q2 =  1.120e+02.
 In 2: id =  -11, x =  1.000e+00, pdf =  5.283e+08 at same Q2.

 Subprocess f fbar -> f' fbar' (s-channel gamma*) with code 223 is 2 -> 2.
 It has sHat =  1.120e+02,    tHat = -7.805e+00,    uHat = -1.042e+02,
       pTHat =  2.538e+00,   m3Hat =  1.777e+00,   m4Hat =  1.777e+00,
    thetaHat =  5.343e-01,  phiHat =  4.763e+00.
     alphaEM =  7.631e-03,  alphaS =  1.975e-01    at Q2 =  1.120e+02.

 Impact parameter b =  0.000e+00 gives enhancement factor =  1.000e+00.
 Max pT scale for MPI =  1.058e+01, ISR =  1.058e+01, FSR =  1.058e+01.
 Number of MPI =     1, ISR =     0, FSRproc =     0, FSRreson =     0.

 --------  End PYTHIA Info Listing  ------------------------------------

 --------  PYTHIA Event Listing  (hard process)  -----------------------------------------------------------------------------------
 
    no         id  name            status     mothers   daughters     colours      p_x        p_y        p_z         e          m 
     0         90  (system)           -11     0     0     0     0     0     0      0.000      0.000      3.000     11.000     10.583
     1         11  (e-)               -12     0     0     3     0     0     0      0.000      0.000      7.000      7.000      0.001
     2        -11  (e+)               -12     0     0     4     0     0     0      0.000      0.000     -4.000      4.000      0.001
     3         11  (e-)               -21     1     0     5     6     0     0      0.000      0.000      7.000      7.000      0.000
     4        -11  (e+)               -21     2     0     5     6     0     0      0.000      0.000     -4.000      4.000      0.000
     5         15  tau-                23     3     4     0     0     0     0      0.129     -2.535      5.959      6.716      1.777
     6        -15  tau+                23     3     4     0     0     0     0     -0.129      2.535     -2.959      4.284      1.777
                                   Charge sum:  0.000           Momentum sum:      0.000      0.000      3.000     11.000     10.583

 --------  End PYTHIA Event Listing  -----------------------------------------------------------------------------------------------

 --------  PYTHIA Event Listing  (complete event)  ---------------------------------------------------------------------------------
 
    no         id  name            status     mothers   daughters     colours      p_x        p_y        p_z         e          m 
     0         90  (system)           -11     0     0     0     0     0     0      0.000      0.000      3.000     11.000     10.583
     1         11  (e-)               -12     0     0     7     0     0     0      0.000      0.000      7.000      7.000      0.001
     2        -11  (e+)               -12     0     0     8     0     0     0      0.000      0.000     -4.000      4.000      0.001
     3         11  (e-)               -21     7     7     5     6     0     0      0.000      0.000      7.000      7.000      0.000
     4        -11  (e+)               -21     8     8     5     6     0     0      0.000      0.000     -4.000      4.000      0.000
     5         15  (tau-)             -23     3     4     9     9     0     0      0.129     -2.535      5.959      6.716      1.777
     6        -15  (tau+)             -23     3     4    10    10     0     0     -0.129      2.535     -2.959      4.284      1.777
     7         11  (e-)               -61     1     0     3     3     0     0      0.000      0.000      7.000      7.000      0.000
     8        -11  (e+)               -61     2     0     4     4     0     0      0.000      0.000     -4.000      4.000      0.000
     9         15  (tau-)             -62     5     5    15    16     0     0      0.129     -2.535      5.959      6.716      1.777
    10        -15  (tau+)             -62     6     6    13    14     0     0     -0.129      2.535     -2.959      4.284      1.777
    11         22  gamma               63     1     0     0     0     0     0      0.000      0.000      0.000      0.000      0.000
    12         22  gamma               63     2     0     0     0     0     0      0.000      0.000     -0.000      0.000      0.000
    13         36  (x)                -91    10     0    17    18     0     0     -0.103      0.656     -2.129      2.230      0.016
    14        -11  e+                  91    10     0     0     0     0     0     -0.026      1.878     -0.830      2.054      0.001
    15         36  (x)                -91     9     0    19    20     0     0     -0.472     -2.443      4.876      5.474      0.016
    16         11  e-                  91     9     0     0     0     0     0      0.602     -0.092      1.083      1.242      0.001
    17         11  e-                  91    13     0     0     0     0     0     -0.102      0.651     -2.114      2.215      0.001
    18        -11  e+                  91    13     0     0     0     0     0     -0.002      0.005     -0.015      0.016      0.001
    19         11  e-                  91    15     0     0     0     0     0     -0.346     -1.786      3.581      4.016      0.001
    20        -11  e+                  91    15     0     0     0     0     0     -0.126     -0.657      1.295      1.458      0.001
                                   Charge sum:  0.000           Momentum sum:     -0.000      0.000      3.000     11.000     10.583

 --------  End PYTHIA Event Listing  -----------------------------------------------------------------------------------------------
 PYTHIA Warning in PhaseSpace2to2tauyz::trialKin: maximum for cross section violated  

 *-------  PYTHIA Event and Cross Section Statistics  -------------------------------------------------------------*
 |                                                                                                                 |
 | Subprocess                                    Code |            Number of events       |      sigma +- delta    |
 |                                                    |       Tried   Selected   Accepted |     (estimated) (mb)   |
 |                                                    |                                   |                        |
 |-----------------------------------------------------------------------------------------------------------------|
 |                                                    |                                   |                        |
 | f fbar -> f' fbar' (s-channel gamma*)          223 |      218985      10000      10000 |   6.005e-06  3.190e-08 |
 |                                                    |                                   |                        |
 | sum                                                |      218985      10000      10000 |   6.005e-06  3.190e-08 |
 |                                                                                                                 |
 *-------  End PYTHIA Event and Cross Section Statistics ----------------------------------------------------------*

 *-------  PYTHIA Error and Warning Messages Statistics  ----------------------------------------------------------* 
 |                                                                                                                 | 
 |  times   message                                                                                                | 
 |                                                                                                                 | 
 |    278   Warning in PhaseSpace2to2tauyz::trialKin: maximum for cross section violated                           | 
 |   1516   Warning in TauDecays::decay: unknown correlated tau production, assuming from unpolarized photon       | 
 |                                                                                                                 | 
 *-------  End PYTHIA Error and Warning Messages Statistics  ------------------------------------------------------* 
Gammatau2xmu: 0.000e+00

Gammatau2xe: 2.009e-08

BRtau2xmu: 0.000e+00

BRtau2xe: 9.999e-01

produced tau excluding those daughters are also tau lepton: 3.032e+03
produced X: 3.032e+03
produced X/NMC: 3.032e-01

Proportion of X flying forward (eta>0): 6.230e-01
Proportion of X flying backward (eta<0): 3.770e-01

Total Gamma [GeV]: 3.925e-15
ctau [m]: 5.028e-02

Gammax2tautau: 0.000e+00

Gammax2mumu: 0.000e+00

Gammax2ee: 3.925e-15

Gammax2gmgm: 0.000e+00

BRx2tautau: 0.000e+00

BRx2mumu: 0.000e+00

BRx2ee: 1.000e+00

BRx2gmgm: 0.000e+00

X: insideFidVol: 3.990e+02
observedX: 4.025e+02
visibleX: 4.025e+01

X Observed Fiducial efficiency: 1.327e-01
X Visible Fiducial efficiency: 1.327e-02

reallyProduced tau: 9.200e+10
total number of tau-tau events: 4.600e+10

reallyProducedX: 3.239e+10
reallyobservedX: 4.300e+09
reallyvisibleX: 4.300e+08

