mX:  0.001
g_TE_Lamb:  2e-08
g_EE_Lamb:  2e-08
NMC 10000

 *-------  PYTHIA Process Initialization  --------------------------*
 |                                                                  |
 | We collide e- with e+ at a CM energy of 1.058e+01 GeV            |
 |                                                                  |
 |------------------------------------------------------------------|
 |                                                    |             |
 | Subprocess                                    Code |   Estimated |
 |                                                    |    max (mb) |
 |                                                    |             |
 |------------------------------------------------------------------|
 |                                                    |             |
 | f fbar -> f' fbar' (s-channel gamma*)          223 |   1.262e-04 |
 |                                                                  |
 *-------  End PYTHIA Process Initialization -----------------------*

 *-------  PYTHIA Flag + Mode + Parm + Word + FVec + MVec + PVec + WVec Settings (changes only)  ------------------* 
 |                                                                                                                 | 
 | Name                                          |                      Now |      Default         Min         Max | 
 |                                               |                          |                                      | 
 | Beams:eA                                      |                  7.00000 |     7000.000         0.0             | 
 | Beams:eB                                      |                  4.00000 |     7000.000         0.0             | 
 | Beams:frameType                               |                        2 |            1           1           5 | 
 | Beams:idA                                     |                       11 |         2212                         | 
 | Beams:idB                                     |                      -11 |         2212                         | 
 | HadronLevel:Hadronize                         |                      off |           on                         | 
 | Next:numberCount                              |                    10000 |         1000           0             | 
 | PartonLevel:MPI                               |                      off |           on                         | 
 | Random:seed                                   |                        0 |           -1               900000000 | 
 | Random:setSeed                                |                       on |          off                         | 
 | WeakSingleBoson:ffbar2ffbar(s:gm)             |                       on |          off                         | 
 |                                                                                                                 | 
 *-------  End PYTHIA Flag + Mode + Parm + Word + FVec + MVec + PVec + WVec Settings  -----------------------------* 

 --------  PYTHIA Particle Data Table (changed only)  ------------------------------------------------------------------------------
 
      id   name            antiName         spn chg col      m0        mWidth      mMin       mMax       tau0    res dec ext vis wid
             no onMode   bRatio   meMode     products 

      15  tau-             tau+               2  -3   0    1.77682    0.00000    0.00000    0.00000  8.71100e-02   0   1   0   1   0
              0     1   0.0000000  103       36       13 
              1     1   0.0000394  103       36       11 

      36  x                                   1   0   0  1.000e-03  0.000e+00  0.000e+00  0.000e+00  0.00000e+00   0   1   0   0   0
              0     1   0.0000000    0 
              1     1   0.0000000    0 
              2     1   0.0000000    0 
              3     1   0.0000000    0 

 --------  End PYTHIA Particle Data Table  -----------------------------------------------------------------------------------------


 --------  PYTHIA Info Listing  ---------------------------------------- 
 
 Beam A: id =     11, pz =  5.292e+00, e =  5.292e+00, m =  5.110e-04.
 Beam B: id =    -11, pz = -5.292e+00, e =  5.292e+00, m =  5.110e-04.

 In 1: id =   11, x =  5.829e-01, pdf =  3.994e-02 at Q2 =  6.529e+01.
 In 2: id =  -11, x =  1.000e+00, pdf =  1.252e+06 at same Q2.

 Subprocess f fbar -> f' fbar' (s-channel gamma*) with code 223 is 2 -> 2.
 It has sHat =  6.529e+01,    tHat = -6.090e+01,    uHat = -4.390e+00,
       pTHat =  2.017e+00,   m3Hat =  3.300e-01,   m4Hat =  3.300e-01,
    thetaHat =  2.617e+00,  phiHat =  5.442e-01.
     alphaEM =  7.609e-03,  alphaS =  2.112e-01    at Q2 =  6.529e+01.

 Impact parameter b =  0.000e+00 gives enhancement factor =  1.000e+00.
 Max pT scale for MPI =  1.058e+01, ISR =  8.080e+00, FSR =  8.080e+00.
 Number of MPI =     1, ISR =     1, FSRproc =     3, FSRreson =     0.

 --------  End PYTHIA Info Listing  ------------------------------------

 --------  PYTHIA Event Listing  (hard process)  -----------------------------------------------------------------------------------
 
    no         id  name            status     mothers   daughters     colours      p_x        p_y        p_z         e          m 
     0         90  (system)           -11     0     0     0     0     0     0      0.000      0.000      3.000     11.000     10.583
     1         11  (e-)               -12     0     0     3     0     0     0      0.000      0.000      7.000      7.000      0.001
     2        -11  (e+)               -12     0     0     4     0     0     0      0.000      0.000     -4.000      4.000      0.001
     3         11  (e-)               -21     1     0     5     6     0     0      0.000      0.000      4.081      4.081      0.000
     4        -11  (e+)               -21     2     0     5     6     0     0      0.000      0.000     -4.000      4.000      0.000
     5          2  u                   23     3     4     0     0   101     0      1.725      1.044     -3.445      4.006      0.330
     6         -2  ubar                23     3     4     0     0     0   101     -1.725     -1.044      3.526      4.075      0.330
                                   Charge sum:  0.000           Momentum sum:      0.000      0.000      0.081      8.081      8.080

 --------  End PYTHIA Event Listing  -----------------------------------------------------------------------------------------------

 --------  PYTHIA Event Listing  (complete event)  ---------------------------------------------------------------------------------
 
    no         id  name            status     mothers   daughters     colours      p_x        p_y        p_z         e          m 
     0         90  (system)           -11     0     0     0     0     0     0      0.000      0.000      3.000     11.000     10.583
     1         11  (e-)               -12     0     0    23     0     0     0      0.000      0.000      7.000      7.000      0.001
     2        -11  (e+)               -12     0     0    24     0     0     0      0.000      0.000     -4.000      4.000      0.001
     3         11  (e-)               -21    13     0     5     6     0     0      0.000      0.000      4.081      4.081      0.000
     4        -11  (e+)               -21    14    14     5     6     0     0      0.000      0.000     -4.000      4.000      0.000
     5          2  (u)                -23     3     4     7     8   101     0      1.725      1.044     -3.445      4.006      0.330
     6         -2  (ubar)             -23     3     4     9     9     0   101     -1.725     -1.044      3.526      4.075      0.330
     7          2  (u)                -51     5     0    12    12   102     0      2.253     -1.504     -0.779      2.838      0.330
     8         21  (g)                -51     5     0    10    11   101   102     -1.210      2.135     -1.272      2.765      0.000
     9         -2  (ubar)             -52     6     6    16    16     0   101     -1.043     -0.631      2.132      2.478      0.330
    10         21  (g)                -51     8     0    17    17   101   103     -1.323      1.243     -0.147      1.821      0.000
    11         21  (g)                -51     8     0    18    18   103   102      0.578      0.579     -1.283      1.522      0.000
    12          2  (u)                -52     7     7    15    15   102     0      1.788     -1.191     -0.621      2.260      0.330
    13         11  (e-)               -41    23    23    19     3     0     0      0.000     -0.000      7.000      7.000      0.000
    14        -11  (e+)               -42    24    24     4     4     0     0     -0.000     -0.000     -4.000      4.000      0.000
    15          2  (u)                -44    12    12    25    25   102     0      1.784     -1.310     -0.677      2.338      0.330
    16         -2  (ubar)             -44     9     9    22    22     0   101     -1.054     -0.967      2.104      2.566      0.330
    17         21  (g)                -44    10    10    20    21   101   103     -1.327      1.121     -0.041      1.737      0.000
    18         21  (g)                -44    11    11    28    28   103   102      0.577      0.562     -1.221      1.463      0.000
    19         22  (gamma)            -43    13     0    29    29     0     0      0.020      0.594      2.8
 *-------  PYTHIA Event and Cross Section Statistics  -------------------------------------------------------------*
 |                                                                                                                 |
 | Subprocess                                    Code |            Number of events       |      sigma +- delta    |
 |                                                    |       Tried   Selected   Accepted |     (estimated) (mb)   |
 |                                                    |                                   |                        |
 |-----------------------------------------------------------------------------------------------------------------|
 |                                                    |                                   |                        |
 | f fbar -> f' fbar' (s-channel gamma*)          223 |      283256      10000      10000 |   5.959e-06  2.769e-08 |
 |                                                    |                                   |                        |
 | sum                                                |      283256      10000      10000 |   5.959e-06  2.769e-08 |
 |                                                                                                                 |
 *-------  End PYTHIA Event and Cross Section Statistics ----------------------------------------------------------*

 *-------  PYTHIA Error and Warning Messages Statistics  ----------------------------------------------------------* 
 |                                                                                                                 | 
 |  times   message                                                                                                | 
 |                                                                                                                 | 
 |   1432   Warning in TauDecays::decay: unknown correlated tau production, assuming from unpolarized photon       | 
 |                                                                                                                 | 
 *-------  End PYTHIA Error and Warning Messages Statistics  ------------------------------------------------------* 
Gammatau2xmu: 0.000e+00

Gammatau2xe: 8.929e-17

BRtau2xmu: 0.000e+00

BRtau2xe: 3.940e-05

produced tau excluding those daughters are also tau lepton: 2.864e+03
produced X: 2.864e+03
produced X/NMC: 2.864e-01

Proportion of X flying forward (eta>0): 6.198e-01
Proportion of X flying backward (eta<0): 3.802e-01

Total Gamma [GeV]: 0.000e+00
ctau [m]: inf

Gammax2tautau: 0.000e+00

Gammax2mumu: 0.000e+00

Gammax2ee: 0.000e+00

Gammax2gmgm: 0.000e+00

BRx2tautau: -nan

BRx2mumu: -nan

BRx2ee: -nan

BRx2gmgm: -nan

X: insideFidVol: 0.000e+00
observedX: 0.000e+00
visibleX: -nan

X Observed Fiducial efficiency: 0.000e+00
X Visible Fiducial efficiency: -nan

reallyProduced tau: 9.200e+10
total number of tau-tau events: 4.600e+10

reallyProducedX: 1.276e+06
reallyobservedX: 0.000e+00
reallyvisibleX: -nan

bar -> f' fbar' (s-channel gamma*)          223 |      211168      10000      10000 |   6.009e-06  3.311e-08 |
 |                                                    |                                   |                        |
 | sum                                                |      211168      10000      10000 |   6.009e-06  3.311e-08 |
 |                                                                                                                 |
 *-------  End PYTHIA Event and Cross Section Statistics ----------------------------------------------------------*

 *-------  PYTHIA Error and Warning Messages Statistics  ----------------------------------------------------------* 
 |                                                                                                                 | 
 |  times   message                                                                                                | 
 |                                                                                                                 | 
 |    490   Warning in PhaseSpace2to2tauyz::trialKin: maximum for cross section violated                           | 
 |   1479   Warning in TauDecays::decay: unknown correlated tau production, assuming from unpolarized photon       | 
 |                                                                                                                 | 
 *-------  End PYTHIA Error and Warning Messages Statistics  ------------------------------------------------------* 
Gammatau2xmu: 0.000e+00

Gammatau2xe: 8.929e-17

BRtau2xmu: 0.000e+00

BRtau2xe: 3.940e-05

produced tau excluding those daughters are also tau lepton: 2.958e+03
produced X: 2.958e+03
produced X/NMC: 2.958e-01

Proportion of X flying forward (eta>0): 6.122e-01
Proportion of X flying backward (eta<0): 3.878e-01

Total Gamma [GeV]: 0.000e+00
ctau [m]: inf

Gammax2tautau: 0.000e+00

Gammax2mumu: 0.000e+00

Gammax2ee: 0.000e+00

Gammax2gmgm: 0.000e+00

BRx2tautau: -nan

BRx2mumu: -nan

BRx2ee: -nan

BRx2gmgm: -nan

X: insideFidVol: 0.000e+00
observedX: 0.000e+00
visibleX: -nan

X Observed Fiducial efficiency: 0.000e+00
X Visible Fiducial efficiency: -nan

reallyProduced tau: 9.200e+10
total number of tau-tau events: 4.600e+10

reallyProducedX: 1.276e+06
reallyobservedX: 0.000e+00
reallyvisibleX: -nan

