mX:  0.00319857
g_TE_Lamb:  1.5e-06
g_EE_Lamb:  1.5e-06
NMC 10000

 *-------  PYTHIA Process Initialization  --------------------------*
 |                                                                  |
 | We collide e- with e+ at a CM energy of 1.058e+01 GeV            |
 |                                                                  |
 |------------------------------------------------------------------|
 |                                                    |             |
 | Subprocess                                    Code |   Estimated |
 |                                                    |    max (mb) |
 |                                                    |             |
 |------------------------------------------------------------------|
 |                                                    |             |
 | f fbar -> f' fbar' (s-channel gamma*)          223 |   1.293e-04 |
 |                                                                  |
 *-------  End PYTHIA Process Initialization -----------------------*

 *-------  PYTHIA Flag + Mode + Parm + Word + FVec + MVec + PVec + WVec Settings (changes only)  ------------------* 
 |                                                                                                                 | 
 | Name                                          |                      Now |      Default         Min         Max | 
 |                                               |                          |                                      | 
 | Beams:eA                                      |                  7.00000 |     7000.000         0.0             | 
 | Beams:eB                                      |                  4.00000 |     7000.000         0.0             | 
 | Beams:frameType                               |                        2 |            1           1           5 | 
 | Beams:idA                                     |                       11 |         2212                         | 
 | Beams:idB                                     |                      -11 |         2212                         | 
 | HadronLevel:Hadronize                         |                      off |           on                         | 
 | Next:numberCount                              |                    10000 |         1000           0             | 
 | PartonLevel:MPI                               |                      off |           on                         | 
 | Random:seed                                   |                        0 |           -1               900000000 | 
 | Random:setSeed                                |                       on |          off                         | 
 | WeakSingleBoson:ffbar2ffbar(s:gm)             |                       on |          off                         | 
 |                                                                                                                 | 
 *-------  End PYTHIA Flag + Mode + Parm + Word + FVec + MVec + PVec + WVec Settings  -----------------------------* 

 --------  PYTHIA Particle Data Table (changed only)  ------------------------------------------------------------------------------
 
      id   name            antiName         spn chg col      m0        mWidth      mMin       mMax       tau0    res dec ext vis wid
             no onMode   bRatio   meMode     products 

      15  tau-             tau+               2  -3   0    1.77682    0.00000    0.00000    0.00000  8.71100e-02   0   1   0   1   0
              0     1   0.0000000  103       36       13 
              1     1   0.1814400  103       36       11 

      36  x                                   1   0   0  3.199e-03  0.000e+00  0.000e+00  0.000e+00  5.56167e+07   0   1   0   0   0
              0     1   0.0000000  103       15      -15 
              1     1   0.0000000  103       13      -13 
              2     1   1.0000000  103       11      -11 
              3     1   0.0000000  103       22       22 

 --------  End PYTHIA Particle Data Table  -----------------------------------------------------------------------------------------


 --------  PYTHIA Info Listing  ---------------------------------------- 
 
 Beam A: id =     11, pz =  5.292e+00, e =  5.292e+00, m =  5.110e-04.
 Beam B: id =    -11, pz = -5.292e+00, e =  5.292e+00, m =  5.110e-04.

 In 1: id =   11, x =  1.000e+00, pdf =  2.230e+07 at Q2 =  1.112e+02.
 In 2: id =  -11, x =  9.929e-01, pdf =  5.076e+00 at same Q2.

 Subprocess f fbar -> f' fbar' (s-channel gamma*) with code 223 is 2 -> 2.
 It has sHat =  1.112e+02,    tHat = -8.036e+01,    uHat = -3.085e+01,
       pTHat =  4.712e+00,   m3Hat =  3.300e-01,   m4Hat =  3.300e-01,
    thetaHat =  2.032e+00,  phiHat =  1.290e+00.
     alphaEM =  7.631e-03,  alphaS =  1.976e-01    at Q2 =  1.112e+02.

 Impact parameter b =  0.000e+00 gives enhancement factor =  1.000e+00.
 Max pT scale for MPI =  1.058e+01, ISR =  1.055e+01, FSR =  1.055e+01.
 Number of MPI =     1, ISR =     1, FSRproc =     5, FSRreson =     0.

 --------  End PYTHIA Info Listing  ------------------------------------

 --------  PYTHIA Event Listing  (hard process)  -----------------------------------------------------------------------------------
 
    no         id  name            status     mothers   daughters     colours      p_x        p_y        p_z         e          m 
     0         90  (system)           -11     0     0     0     0     0     0      0.000      0.000      3.000     11.000     10.583
     1         11  (e-)               -12     0     0     3     0     0     0      0.000      0.000      7.000      7.000      0.001
     2        -11  (e+)               -12     0     0     4     0     0     0      0.000      0.000     -4.000      4.000      0.001
     3         11  (e-)               -21     1     0     5     6     0     0      0.000      0.000      7.000      7.000      0.000
     4        -11  (e+)               -21     2     0     5     6     0     0      0.000      0.000     -3.972      3.972      0.000
     5          2  u                   23     3     4     0     0   101     0      1.308      4.527     -0.924      4.813      0.330
     6         -2  ubar                23     3     4     0     0     0   101     -1.308     -4.527      3.952      6.159      0.330
                                   Charge sum:  0.000           Momentum sum:      0.000      0.000      3.028     10.972     10.545

 --------  End PYTHIA Event Listing  -----------------------------------------------------------------------------------------------

 --------  PYTHIA Event Listing  (complete event)  ---------------------------------------------------------------------------------
 
    no         id  name            status     mothers   daughters     colours      p_x        p_y        p_z         e          m 
     0         90  (system)           -11     0     0     0     0     0     0      0.000      0.000      3.000     11.000     10.583
     1         11  (e-)               -12     0     0    32     0     0     0      0.000      0.000      7.000      7.000      0.001
     2        -11  (e+)               -12     0     0    33     0     0     0      0.000      0.000     -4.000      4.000      0.001
     3         11  (e-)               -21    22    22     5     6     0     0      0.000      0.000      7.000      7.000      0.000
     4        -11  (e+)               -21    23     0     5     6     0     0      0.000      0.000     -3.972      3.972      0.000
     5          2  (u)                -23     3     4     7     8   101     0      1.308      4.527     -0.924      4.813      0.330
     6         -2  (ubar)             -23     3     4     9     9     0   101     -1.308     -4.527      3.952      6.159      0.330
     7          2  (u)                -51     5     0    16    17   102     0      0.608      2.948      0.026      3.029      0.330
     8         21  (g)                -51     5     0    10    11   101   102      0.679      1.509     -0.889      1.878      0.000
     9         -2  (ubar)             -52     6     6    12    12     0   101     -1.288     -4.457      3.891      6.065      0.330
    10         21  (g)                -51     8     0    18    18   103   102      0.674      0.649     -1.032      1.393      0.000
    11         21  (g)                -51     8     0    13    14   101   103     -0.049      0.672      0.307      0.740      0.000
    12         -2  (ubar)             -52     9     9    15    15     0   101     -1.233     -4.269      3.727      5.810      0.330
    13         21  (g)                -51    11     0    19    20   104   103     -0.551      0.509      0.655      0.996      0.000
    14         21  (g)                -51    11     0    28    28   101   104      0.318     -0.475      0.207      0.608      0.000
    15         -2  (ubar)             -52    12    12    25    25     0   101     -1.050     -3.632      3.173      4.947      0.330
    16          2  (u)                -51     7     0    24    24   105     0      1.039      1.848     -0.071      2.146      0.330
    17         21  (g)                -51     7     0    29    29   102   105     -0.197      1.326     -0.261      1.366      0.000
    18         21  (g)                -52    10    10    21    21   103   102      0.440      0.424     -0.674      0.910      0.000
    19         21  (g)                -51    13     0    27    27   104   106     -0.510      0.431     -0.263      0.718      0.000
    20         21  (g)                -51    13     0    30    30   106   103      0.157      0.269      0.614      0.688      0.000
    21         21  (g)                -52    18    18    26    26   103   102      0.242      0.233     -0.370      0.499      0.000
    22         11  (e-)               -42    32    32     3     3     0     0     -0.000      0.000      7.000      7.000      0.000
    23        -11  (e+)               -41    33    33    31     4     0     0      0.000     -0.000     -4.000      4.000      0.000
    24          2  (u)                -44    16    16    34    34   105     0      1.040      1.846     -0.072      2.146      0.330
    25         -2  (ubar)             -44    15    15    35    35     0   101     -1.049     -3.633      3.174      4.948      0.330
    26         21  (g)                -44    21    21    36    36   103   102      0.242      0.232     -0.370      0.499      0.000
    27         21  (g)                -44    19    19    37    37   104   106     -0.510      0.430     -0.263      0.717      0.000
    28         21  (g)                -44    14    14    38    38   101   104      0.319     -0.475      0.207      0.608      0.000
    29         21  (g)                -44    17    17    39    39   102   105     -0.196      1.325     -0.262      1.365      0.000
    30         21  (g)                -44    20    20    40    40   106   103      0.157      0.269      0.614      0.688      0.000
    31         22  (gamma)            -43    23     0    41    41     0     0     -0.003      0.004     -0.028      0.028      0.000
    32         11  (e-)               -61     1     0    22    22     0     0      0.000      0.000      7.000      7.000      0.000
    33        -11  (e+)               -61     2     0    23    23     0     0      0.000      0.000     -4.000      4.000      0.000
    34          2  u                   62    24    24     0     0   105     0      1.040      1.846     -0.072      2.146      0.330
    35         -2  ubar                62    25    25     0     0     0   101     -1.049     -3.633      3.174      4.948      0.330
    36         21  g                   62    26    26     0     0   103   102      0.242      0.232     -0.370      0.499      0.000
    37         21  g                   62    27    27     0     0   104   106     -0.510      0.430     -0.263      0.717      0.000
    38         21  g                   62    28    28     0     0   101   104      0.319     -0.475      0.207      0.608      0.000
    39         21  g                   62    29    29     0     0   102   105     -0.196      1.325     -0.262      1.365      0.000
    40         21  g                   62    30    30     0     0   106   103      0.157      0.269      0.614      0.688      0.000
    41         22  gamma               62    31    31     0     0     0     0     -0.003      0.004     -0.028      0.028      0.000
    42         22  gamma               63     1     0     0     0     0     0      0.000      0.000      0.000      0.000      0.000
    43         22  gamma               63     2     0     0     0     0     0      0.000      0.000     -0.000      0.000      0.000
                                   Charge sum:  0.000           Momentum sum:      0.000      0.000      3.000     11.000     10.583

 --------  End PYTHIA Event Listing  -----------------------------------------------------------------------------------------------
 PYTHIA Warning in TauDecays::decay: unknown correlated tau production, assuming from unpolarized photon  
 PYTHIA Warning in PhaseSpace2to2tauyz::trialKin: maximum for cross section violated  

 *-------  PYTHIA Event and Cross Section Statistics  -------------------------------------------------------------*
 |                                                                                                                 |
 | Subprocess                                    Code |            Number of events       |      sigma +- delta    |
 |                                                    |       Tried   Selected   Accepted |     (estimated) (mb)   |
 |                                                    |                                   |                        |
 |-----------------------------------------------------------------------------------------------------------------|
 |                                                    |                                   |                        |
 | f fbar -> f' fbar' (s-channel gamma*)          223 |      217985      10000      10000 |   5.952e-06  3.085e-08 |
 |                                                    |                                   |                        |
 | sum                                                |      217985      10000      10000 |   5.952e-06  3.085e-08 |
 |                                                                                                                 |
 *-------  End PYTHIA Event and Cross Section Statistics ----------------------------------------------------------*

 *-------  PYTHIA Error and Warning Messages Statistics  ----------------------------------------------------------* 
 |                                                                                                                 | 
 |  times   message                                                                                                | 
 |                                                                                                                 | 
 |    190   Warning in PhaseSpace2to2tauyz::trialKin: maximum for cross section violated                           | 
 |   1466   Warning in TauDecays::decay: unknown correlated tau production, assuming from unpolarized photon       | 
 |                                                                                                                 | 
 *-------  End PYTHIA Error and Warning Messages Statistics  ------------------------------------------------------* 
Gammatau2xmu: 0.000e+00

Gammatau2xe: 5.022e-13

BRtau2xmu: 0.000e+00

BRtau2xe: 1.814e-01

produced tau excluding those daughters are also tau lepton: 2.932e+03
produced X: 2.932e+03
produced X/NMC: 2.932e-01

Proportion of X flying forward (eta>0): 6.115e-01
Proportion of X flying backward (eta<0): 3.885e-01

Total Gamma [GeV]: 3.548e-21
ctau [m]: 5.562e+04

Gammax2tautau: 0.000e+00

Gammax2mumu: 0.000e+00

Gammax2ee: 3.548e-21

Gammax2gmgm: 0.000e+00

BRx2tautau: 0.000e+00

BRx2mumu: 0.000e+00

BRx2ee: 1.000e+00

BRx2gmgm: 0.000e+00

X: insideFidVol: 0.000e+00
observedX: 8.680e-05
visibleX: 8.680e-06

X Observed Fiducial efficiency: 2.961e-08
X Visible Fiducial efficiency: 2.961e-09

reallyProduced tau: 9.200e+10
total number of tau-tau events: 4.600e+10

reallyProducedX: 5.877e+09
reallyobservedX: 1.740e+02
reallyvisibleX: 1.740e+01

