mX:  0.0449715
g_TE_Lamb:  6e-05
g_EE_Lamb:  6e-05
NMC 10000

 *-------  PYTHIA Process Initialization  --------------------------*
 |                                                                  |
 | We collide e- with e+ at a CM energy of 1.058e+01 GeV            |
 |                                                                  |
 |------------------------------------------------------------------|
 |                                                    |             |
 | Subprocess                                    Code |   Estimated |
 |                                                    |    max (mb) |
 |                                                    |             |
 |------------------------------------------------------------------|
 |                                                    |             |
 | f fbar -> f' fbar' (s-channel gamma*)          223 |   1.269e-04 |
 |                                                                  |
 *-------  End PYTHIA Process Initialization -----------------------*

 *-------  PYTHIA Flag + Mode + Parm + Word + FVec + MVec + PVec + WVec Settings (changes only)  ------------------* 
 |                                                                                                                 | 
 | Name                                          |                      Now |      Default         Min         Max | 
 |                                               |                          |                                      | 
 | Beams:eA                                      |                  7.00000 |     7000.000         0.0             | 
 | Beams:eB                                      |                  4.00000 |     7000.000         0.0             | 
 | Beams:frameType                               |                        2 |            1           1           5 | 
 | Beams:idA                                     |                       11 |         2212                         | 
 | Beams:idB                                     |                      -11 |         2212                         | 
 | HadronLevel:Hadronize                         |                      off |           on                         | 
 | Next:numberCount                              |                    10000 |         1000           0             | 
 | PartonLevel:MPI                               |                      off |           on                         | 
 | Random:seed                                   |                        0 |           -1               900000000 | 
 | Random:setSeed                                |                       on |          off                         | 
 | WeakSingleBoson:ffbar2ffbar(s:gm)             |                       on |          off                         | 
 |                                                                                                                 | 
 *-------  End PYTHIA Flag + Mode + Parm + Word + FVec + MVec + PVec + WVec Settings  -----------------------------* 

 --------  PYTHIA Particle Data Table (changed only)  ------------------------------------------------------------------------------
 
      id   name            antiName         spn chg col      m0        mWidth      mMin       mMax       tau0    res dec ext vis wid
             no onMode   bRatio   meMode     products 

      15  tau-             tau+               2  -3   0    1.77682    0.00000    0.00000    0.00000  8.71100e-02   0   1   0   1   0
              0     1   0.0000000  103       36       13 
              1     1   0.9971850  103       36       11 

      36  x                                   1   0   0  4.497e-02  0.000e+00  0.000e+00  0.000e+00  1.66668e+02   0   1   0   0   0
              0     1   0.0000000  103       15      -15 
              1     1   0.0000000  103       13      -13 
              2     1   1.0000000  103       11      -11 
              3     1   0.0000000  103       22       22 

 --------  End PYTHIA Particle Data Table  -----------------------------------------------------------------------------------------

 PYTHIA Warning in TauDecays::decay: unknown correlated tau production, assuming from unpolarized photon  

 --------  PYTHIA Info Listing  ---------------------------------------- 
 
 Beam A: id =     11, pz =  5.292e+00, e =  5.292e+00, m =  5.110e-04.
 Beam B: id =    -11, pz = -5.292e+00, e =  5.292e+00, m =  5.110e-04.

 In 1: id =   11, x =  6.226e-01, pdf =  4.874e-02 at Q2 =  6.909e+01.
 In 2: id =  -11, x =  9.908e-01, pdf =  3.864e+00 at same Q2.

 Subprocess f fbar -> f' fbar' (s-channel gamma*) with code 223 is 2 -> 2.
 It has sHat =  6.909e+01,    tHat = -1.505e+01,    uHat = -5.404e+01,
       pTHat =  3.102e+00,   m3Hat =  1.777e+00,   m4Hat =  1.777e+00,
    thetaHat =  9.712e-01,  phiHat =  2.860e+00.
     alphaEM =  7.611e-03,  alphaS =  2.097e-01    at Q2 =  6.909e+01.

 Impact parameter b =  0.000e+00 gives enhancement factor =  1.000e+00.
 Max pT scale for MPI =  1.058e+01, ISR =  1.058e+01, FSR =  1.058e+01.
 Number of MPI =     1, ISR =     2, FSRproc =     1, FSRreson =     0.

 --------  End PYTHIA Info Listing  ------------------------------------

 --------  PYTHIA Event Listing  (hard process)  -----------------------------------------------------------------------------------
 
    no         id  name            status     mothers   daughters     colours      p_x        p_y        p_z         e          m 
     0         90  (system)           -11     0     0     0     0     0     0      0.000      0.000      3.000     11.000     10.583
     1         11  (e-)               -12     0     0     3     0     0     0      0.000      0.000      7.000      7.000      0.001
     2        -11  (e+)               -12     0     0     4     0     0     0      0.000      0.000     -4.000      4.000      0.001
     3         11  (e-)               -21     1     0     5     6     0     0      0.000      0.000      4.358      4.358      0.000
     4        -11  (e+)               -21     2     0     5     6     0     0      0.000      0.000     -3.963      3.963      0.000
     5         15  tau-                23     3     4     0     0     0     0     -2.980      0.861      2.320      4.261      1.777
     6        -15  tau+                23     3     4     0     0     0     0      2.980     -0.861     -1.925      4.060      1.777
                                   Charge sum:  0.000           Momentum sum:      0.000      0.000      0.395      8.321      8.312

 --------  End PYTHIA Event Listing  -----------------------------------------------------------------------------------------------

 --------  PYTHIA Event Listing  (complete event)  ---------------------------------------------------------------------------------
 
    no         id  name            status     mothers   daughters     colours      p_x        p_y        p_z         e          m 
     0         90  (system)           -11     0     0     0     0     0     0      0.000      0.000      3.000     11.000     10.583
     1         11  (e-)               -12     0     0    23     0     0     0      0.000      0.000      7.000      7.000      0.001
     2        -11  (e+)               -12     0     0    24     0     0     0      0.000      0.000     -4.000      4.000      0.001
     3         11  (e-)               -21    10    10     5     6     0     0      0.000      0.000      4.358      4.358      0.000
     4        -11  (e+)               -21    11     0     5     6     0     0      0.000      0.000     -3.963      3.963      0.000
     5         15  (tau-)             -23     3     4     7     8     0     0     -2.980      0.861      2.320      4.261      1.777
     6        -15  (tau+)             -23     3     4     9     9     0     0      2.980     -0.861     -1.925      4.060      1.777
     7         15  (tau-)             -51     5     0    12    12     0     0     -2.980      0.861      2.319      4.261      1.777
     8         22  (gamma)            -51     5     0    14    14     0     0      0.000     -0.000      0.001      0.001      0.000
     9        -15  (tau+)             -52     6     6    13    13     0     0      2.980     -0.861     -1.925      4.060      1.777
    10         11  (e-)               -42    16     0     3     3     0     0     -0.000      0.000      4.358      4.358      0.000
    11        -11  (e+)               -41    17    17    15     4     0     0      0.000     -0.000     -4.000      4.000      0.000
    12         15  (tau-)             -44     7     7    18    18     0     0     -2.981      0.862      2.321      4.263      1.777
    13        -15  (tau+)             -44     9     9    19    19     0     0      2.975     -0.859     -1.928      4.058      1.777
    14         22  (gamma)            -44     8     8    20    20     0     0      0.000     -0.000      0.001      0.001      0.000
    15         22  (gamma)            -43    11     0    21    21     0     0      0.006     -0.003     -0.036      0.037      0.000
    16         11  (e-)               -41    23    23    22    10     0     0     -0.000      0.000      7.000      7.000      0.000
    17        -11  (e+)               -42    24    24    11    11     0     0     -0.000     -0.000     -4.000      4.000      0.000
    18         15  (tau-)             -44    12    12    25    25     0     0     -2.983      0.861      2.321      4.264      1.777
    19        -15  (tau+)             -44    13    13    26    26     0     0      2.975     -0.859     -1.927      4.057      1.777
    20         22  (gamma)            -44    14    14    27    27     0     0      0.000     -0.000      0.001      0.001      0.000
    21         22  (gamma)            -44    15    15    28    28     0     0      0.006     -0.003     -0.036      0.037      0.000
    22         22  (gamma)            -43    16     0    29    29     0     0      0.002      0.002      2.642      2.642      0.000
    23         11  (e-)               -61     1     0    16    16     0     0      0.000     -0.000      7.000      7.000      0.000
    24        -11  (e+)               -61     2     0    17    17     0     0     -0.000      0.000     -4.000      4.000      0.000
    25         15  (tau-)             -62    18    18    32    33     0     0     -2.983      0.861      2.321      4.264      1.777
    26        -15  (tau+)             -62    19    19    34    35     0     0      2.975     -0.859     -1.927      4.057      1.777
    27         22  gamma               62    20    20     0     0     0     0      0.000     -0.000      0.001      0.001      0.000
    28         22  gamma               62    21    21     0     0     0     0      0.006     -0.003     -0.036      0.037      0.000
    29         22  gamma               62    22    22     0     0     0     0      0.002      0.002      2.642      2.642      0.000
    30         22  gamma               63     1     0     0     0     0     0      0.000      0.000      0.000      0.000      0.000
    31         22  gamma               63     2     0     0     0     0     0      0.000      0.000     -0.000      0.000      0.000
    32         36  (x)                -91    25     0    36    37     0     0     -1.372      1.213      0.728      1.972      0.045
    33         11  e-                  91    25     0     0     0     0     0     -1.610     -0.353      1.593      2.292      0.001
    34         36  (x)                -91    26     0    38    39     0     0      3.130     -0.945     -2.033      3.850      0.045
    35        -11  e+                  91    26     0     0     0     0     0     -0.156      0.085      0.106      0.207      0.001
    36         11  e-                  91    32     0     0     0     0     0     -1.048      0.921      0.575      1.509      0.001
    37        -11  e+                  91    32     0     0     0     0     0     -0.324      0.292      0.153      0.463      0.001
    38         11  e-                  91    34     0     0     0     0     0      0.532     -0.178     -0.353      0.662      0.001
    39        -11  e+                  91    34     0     0     0     0     0      2.599     -0.767     -1.680      3.188      0.001
                                   Charge sum:  0.000           Momentum sum:      0.000     -0.000      3.000     11.000     10.583

 --------  End PYTHIA Event Listing  -----------------------------------------------------------------------------------------------
 PYTHIA Warning in PhaseSpace2to2tauyz::trialKin: maximum for cross section violated  

 *-------  PYTHIA Event and Cross Section Statistics  -------------------------------------------------------------*
 |                                                                                                                 |
 | Subprocess                                    Code |            Number of events       |      sigma +- delta    |
 |                                                    |       Tried   Selected   Accepted |     (estimated) (mb)   |
 |                                                    |                                   |                        |
 |-----------------------------------------------------------------------------------------------------------------|
 |                                                    |                                   |                        |
 | f fbar -> f' fbar' (s-channel gamma*)          223 |      212984      10000      10000 |   6.009e-06  3.203e-08 |
 |                                                    |                                   |                        |
 | sum                                                |      212984      10000      10000 |   6.009e-06  3.203e-08 |
 |                                                                                                                 |
 *-------  End PYTHIA Event and Cross Section Statistics ----------------------------------------------------------*

 *-------  PYTHIA Error and Warning Messages Statistics  ----------------------------------------------------------* 
 |                                                                                                                 | 
 |  times   message                                                                                                | 
 |                                                                                                                 | 
 |    308   Warning in PhaseSpace2to2tauyz::trialKin: maximum for cross section violated                           | 
 |   1436   Warning in TauDecays::decay: unknown correlated tau production, assuming from unpolarized photon       | 
 |                                                                                                                 | 
 *-------  End PYTHIA Error and Warning Messages Statistics  ------------------------------------------------------* 
Gammatau2xmu: 0.000e+00

Gammatau2xe: 8.025e-10

BRtau2xmu: 0.000e+00

BRtau2xe: 9.972e-01

produced tau excluding those daughters are also tau lepton: 2.872e+03
produced X: 2.872e+03
produced X/NMC: 2.872e-01

Proportion of X flying forward (eta>0): 6.076e-01
Proportion of X flying backward (eta<0): 3.924e-01

Total Gamma [GeV]: 1.184e-15
ctau [m]: 1.667e-01

Gammax2tautau: 0.000e+00

Gammax2mumu: 0.000e+00

Gammax2ee: 1.184e-15

Gammax2gmgm: 0.000e+00

BRx2tautau: 0.000e+00

BRx2mumu: 0.000e+00

BRx2ee: 1.000e+00

BRx2gmgm: 0.000e+00

X: insideFidVol: 3.130e+02
observedX: 3.360e+02
visibleX: 3.360e+01

X Observed Fiducial efficiency: 1.170e-01
X Visible Fiducial efficiency: 1.170e-02

reallyProduced tau: 9.200e+10
total number of tau-tau events: 4.600e+10

reallyProducedX: 3.230e+10
reallyobservedX: 3.779e+09
reallyvisibleX: 3.779e+08

