mX:  0.192276
g_TE_Lamb:  1.5e-07
g_EE_Lamb:  1.5e-07
NMC 10000

 *-------  PYTHIA Process Initialization  --------------------------*
 |                                                                  |
 | We collide e- with e+ at a CM energy of 1.058e+01 GeV            |
 |                                                                  |
 |------------------------------------------------------------------|
 |                                                    |             |
 | Subprocess                                    Code |   Estimated |
 |                                                    |    max (mb) |
 |                                                    |             |
 |------------------------------------------------------------------|
 |                                                    |             |
 | f fbar -> f' fbar' (s-channel gamma*)          223 |   1.489e-04 |
 |                                                                  |
 *-------  End PYTHIA Process Initialization -----------------------*

 *-------  PYTHIA Flag + Mode + Parm + Word + FVec + MVec + PVec + WVec Settings (changes only)  ------------------* 
 |                                                                                                                 | 
 | Name                                          |                      Now |      Default         Min         Max | 
 |                                               |                          |                                      | 
 | Beams:eA                                      |                  7.00000 |     7000.000         0.0             | 
 | Beams:eB                                      |                  4.00000 |     7000.000         0.0             | 
 | Beams:frameType                               |                        2 |            1           1           5 | 
 | Beams:idA                                     |                       11 |         2212                         | 
 | Beams:idB                                     |                      -11 |         2212                         | 
 | HadronLevel:Hadronize                         |                      off |           on                         | 
 | Next:numberCount                              |                    10000 |         1000           0             | 
 | PartonLevel:MPI                               |                      off |           on                         | 
 | Random:seed                                   |                        0 |           -1               900000000 | 
 | Random:setSeed                                |                       on |          off                         | 
 | WeakSingleBoson:ffbar2ffbar(s:gm)             |                       on |          off                         | 
 |                                                                                                                 | 
 *-------  End PYTHIA Flag + Mode + Parm + Word + FVec + MVec + PVec + WVec Settings  -----------------------------* 

 --------  PYTHIA Particle Data Table (changed only)  ------------------------------------------------------------------------------
 
      id   name            antiName         spn chg col      m0        mWidth      mMin       mMax       tau0    res dec ext vis wid
             no onMode   bRatio   meMode     products 

      15  tau-             tau+               2  -3   0    1.77682    0.00000    0.00000    0.00000  8.71100e-02   0   1   0   1   0
              0     1   0.0000000  103       36       13 
              1     1   0.0021603  103       36       11 

      36  x                                   1   0   0    0.19228    0.00000    0.00000    0.00000  1.45845e+06   0   1   0   0   0
              0     1   0.0000000  103       15      -15 
              1     1   0.0000000  103       13      -13 
              2     1   1.0000000  103       11      -11 
              3     1   0.0000000  103       22       22 

 --------  End PYTHIA Particle Data Table  -----------------------------------------------------------------------------------------


 --------  PYTHIA Info Listing  ---------------------------------------- 
 
 Beam A: id =     11, pz =  5.292e+00, e =  5.292e+00, m =  5.110e-04.
 Beam B: id =    -11, pz = -5.292e+00, e =  5.292e+00, m =  5.110e-04.

 In 1: id =   11, x =  9.997e-01, pdf =  1.043e+02 at Q2 =  1.120e+02.
 In 2: id =  -11, x =  1.000e+00, pdf =  1.669e+04 at same Q2.

 Subprocess f fbar -> f' fbar' (s-channel gamma*) with code 223 is 2 -> 2.
 It has sHat =  1.120e+02,    tHat = -1.910e+01,    uHat = -9.286e+01,
       pTHat =  3.817e+00,   m3Hat =  1.500e+00,   m4Hat =  1.500e+00,
    thetaHat =  8.516e-01,  phiHat =  9.969e-01.
     alphaEM =  7.631e-03,  alphaS =  1.975e-01    at Q2 =  1.120e+02.

 Impact parameter b =  0.000e+00 gives enhancement factor =  1.000e+00.
 Max pT scale for MPI =  1.058e+01, ISR =  1.058e+01, FSR =  1.058e+01.
 Number of MPI =     1, ISR =     1, FSRproc =     1, FSRreson =     0.

 --------  End PYTHIA Info Listing  ------------------------------------

 --------  PYTHIA Event Listing  (hard process)  -----------------------------------------------------------------------------------
 
    no         id  name            status     mothers   daughters     colours      p_x        p_y        p_z         e          m 
     0         90  (system)           -11     0     0     0     0     0     0      0.000      0.000      3.000     11.000     10.583
     1         11  (e-)               -12     0     0     3     0     0     0      0.000      0.000      7.000      7.000      0.001
     2        -11  (e+)               -12     0     0     4     0     0     0      0.000      0.000     -4.000      4.000      0.001
     3         11  (e-)               -21     1     0     5     6     0     0      0.000      0.000      6.998      6.998      0.000
     4        -11  (e+)               -21     2     0     5     6     0     0      0.000      0.000     -4.000      4.000      0.000
     5          4  c                   23     3     4     0     0   101     0      2.072      3.205      4.973      6.446      1.500
     6         -4  cbar                23     3     4     0     0     0   101     -2.072     -3.205     -1.975      4.552      1.500
                                   Charge sum:  0.000           Momentum sum:      0.000      0.000      2.998     10.998     10.581

 --------  End PYTHIA Event Listing  -----------------------------------------------------------------------------------------------

 --------  PYTHIA Event Listing  (complete event)  ---------------------------------------------------------------------------------
 
    no         id  name            status     mothers   daughters     colours      p_x        p_y        p_z         e          m 
     0         90  (system)           -11     0     0     0     0     0     0      0.000      0.000      3.000     11.000     10.583
     1         11  (e-)               -12     0     0    16     0     0     0      0.000      0.000      7.000      7.000      0.001
     2        -11  (e+)               -12     0     0    17     0     0     0      0.000      0.000     -4.000      4.000      0.001
     3         11  (e-)               -21    10     0     5     6     0     0      0.000      0.000      6.998      6.998      0.000
     4        -11  (e+)               -21    11    11     5     6     0     0      0.000      0.000     -4.000      4.000      0.000
     5          4  (c)                -23     3     4     9     9   101     0      2.072      3.205      4.973      6.446      1.500
     6         -4  (cbar)             -23     3     4     7     8     0   101     -2.072     -3.205     -1.975      4.552      1.500
     7         -4  (cbar)             -51     6     0    13    13     0   103     -2.255     -3.283     -1.579      4.539      1.500
     8         21  (g)                -51     6     0    14    14   103   101      0.341      0.323     -0.025      0.470      0.000
     9          4  (c)                -52     5     5    12    12   101     0      1.914      2.961      4.603      5.988      1.500
    10         11  (e-)               -41    16    16    15     3     0     0      0.000      0.000      7.000      7.000      0.000
    11        -11  (e+)               -42    17    17     4     4     0     0     -0.000      0.000     -4.000      4.000      0.000
    12          4  (c)                -44     9     9    18    18   101     0      1.914      2.962      4.603      5.989      1.500
    13         -4  (cbar)             -44     7     7    19    19     0   103     -2.255     -3.283     -1.578      4.539      1.500
    14         21  (g)                -44     8     8    20    20   103   101      0.341      0.323     -0.025      0.470      0.000
    15         22  (gamma)            -43    10     0    21    21     0     0      0.001     -0.001      0.000      0.002      0.000
    16         11  (e-)               -61     1     0    10    10     0     0      0.000      0.000      7.000      7.000      0.000
    17        -11  (e+)               -61     2     0    11    11     0     0      0.000     -0.000     -4.000      4.000      0.000
    18          4  c                   62    12    12     0     0   101     0      1.914      2.962      4.603      5.989      1.500
    19         -4  cbar                62    13    13     0     0     0   103     -2.255     -3.283     -1.578      4.539      1.500
    20         21  g                   62    14    14     0     0   103   101      0.341      0.323     -0.025      0.470      0.000
    21         22  gamma               62    15    15     0     0     0     0      0.001     -0.001      0.000      0.002      0.000
    22         22  gamma               63     1     0     0     0     0     0      0.000      0.000      0.000      0.000      0.000
    23         22  gamma               63     2     0     0     0     0     0      0.000      0.000     -0.000      0.000      0.000
                                   Charge sum:  0.000           Momentum sum:     -0.000     -0.000      3.000     11.000     10.583

 --------  End PYTHIA Event Listing  -----------------------------------------------------------------------------------------------
 PYTHIA Warning in TauDecays::decay: unknown correlated tau production, assuming from unpolarized photon  
 PYTHIA Warning in PhaseSpace2to2tauyz::trialKin: maximum for cross section violated  

 *-------  PYTHIA Event and Cross Section Statistics  -------------------------------------------------------------*
 |                                                                                                                 |
 | Subprocess                                    Code |            Number of events       |      sigma +- delta    |
 |                                                    |       Tried   Selected   Accepted |     (estimated) (mb)   |
 |                                                    |                                   |                        |
 |-----------------------------------------------------------------------------------------------------------------|
 |                                                    |                                   |                        |
 | f fbar -> f' fbar' (s-channel gamma*)          223 |      242208      10000      10000 |   6.056e-06  3.006e-08 |
 |                                                    |                                   |                        |
 | sum                                                |      242208      10000      10000 |   6.056e-06  3.006e-08 |
 |                                                                                                                 |
 *-------  End PYTHIA Event and Cross Section Statistics ----------------------------------------------------------*

 *-------  PYTHIA Error and Warning Messages Statistics  ----------------------------------------------------------* 
 |                                                                                                                 | 
 |  times   message                                                                                                | 
 |                                                                                                                 | 
 |     13   Warning in PhaseSpace2to2tauyz::trialKin: maximum for cross section violated                           | 
 |   1388   Warning in TauDecays::decay: unknown correlated tau production, assuming from unpolarized photon       | 
 |                                                                                                                 | 
 *-------  End PYTHIA Error and Warning Messages Statistics  ------------------------------------------------------* 
Gammatau2xmu: 0.000e+00

Gammatau2xe: 4.905e-15

BRtau2xmu: 0.000e+00

BRtau2xe: 2.160e-03

produced tau excluding those daughters are also tau lepton: 2.776e+03
produced X: 2.776e+03
produced X/NMC: 2.776e-01

Proportion of X flying forward (eta>0): 6.210e-01
Proportion of X flying backward (eta<0): 3.790e-01

Total Gamma [GeV]: 1.353e-19
ctau [m]: 1.458e+03

Gammax2tautau: 0.000e+00

Gammax2mumu: 0.000e+00

Gammax2ee: 1.353e-19

Gammax2gmgm: 0.000e+00

BRx2tautau: 0.000e+00

BRx2mumu: 0.000e+00

BRx2ee: 1.000e+00

BRx2gmgm: 0.000e+00

X: insideFidVol: 0.000e+00
observedX: 1.965e-01
visibleX: 1.965e-02

X Observed Fiducial efficiency: 7.078e-05
X Visible Fiducial efficiency: 7.078e-06

reallyProduced tau: 9.200e+10
total number of tau-tau events: 4.600e+10

reallyProducedX: 6.998e+07
reallyobservedX: 4.953e+03
reallyvisibleX: 4.953e+02

