mX:  0.128517
g_TE_Lamb:  3e-05
g_EE_Lamb:  3e-05
NMC 10000

 *-------  PYTHIA Process Initialization  --------------------------*
 |                                                                  |
 | We collide e- with e+ at a CM energy of 1.058e+01 GeV            |
 |                                                                  |
 |------------------------------------------------------------------|
 |                                                    |             |
 | Subprocess                                    Code |   Estimated |
 |                                                    |    max (mb) |
 |                                                    |             |
 |------------------------------------------------------------------|
 |                                                    |             |
 | f fbar -> f' fbar' (s-channel gamma*)          223 |   1.553e-04 |
 |                                                                  |
 *-------  End PYTHIA Process Initialization -----------------------*

 *-------  PYTHIA Flag + Mode + Parm + Word + FVec + MVec + PVec + WVec Settings (changes only)  ------------------* 
 |                                                                                                                 | 
 | Name                                          |                      Now |      Default         Min         Max | 
 |                                               |                          |                                      | 
 | Beams:eA                                      |                  7.00000 |     7000.000         0.0             | 
 | Beams:eB                                      |                  4.00000 |     7000.000         0.0             | 
 | Beams:frameType                               |                        2 |            1           1           5 | 
 | Beams:idA                                     |                       11 |         2212                         | 
 | Beams:idB                                     |                      -11 |         2212                         | 
 | HadronLevel:Hadronize                         |                      off |           on                         | 
 | Next:numberCount                              |                    10000 |         1000           0             | 
 | PartonLevel:MPI                               |                      off |           on                         | 
 | Random:seed                                   |                        0 |           -1               900000000 | 
 | Random:setSeed                                |                       on |          off                         | 
 | WeakSingleBoson:ffbar2ffbar(s:gm)             |                       on |          off                         | 
 |                                                                                                                 | 
 *-------  End PYTHIA Flag + Mode + Parm + Word + FVec + MVec + PVec + WVec Settings  -----------------------------* 

 --------  PYTHIA Particle Data Table (changed only)  ------------------------------------------------------------------------------
 
      id   name            antiName         spn chg col      m0        mWidth      mMin       mMax       tau0    res dec ext vis wid
             no onMode   bRatio   meMode     products 

      15  tau-             tau+               2  -3   0    1.77682    0.00000    0.00000    0.00000  8.71100e-02   0   1   0   1   0
              0     1   0.0000000  103       36       13 
              1     1   0.9887310  103       36       11 

      36  x                                   1   0   0    0.12852    0.00000    0.00000    0.00000  8.16140e+01   0   1   0   0   0
              0     1   0.0000000  103       15      -15 
              1     1   0.0000000  103       13      -13 
              2     1   1.0000000  103       11      -11 
              3     1   0.0000000  103       22       22 

 --------  End PYTHIA Particle Data Table  -----------------------------------------------------------------------------------------


 --------  PYTHIA Info Listing  ---------------------------------------- 
 
 Beam A: id =     11, pz =  5.292e+00, e =  5.292e+00, m =  5.110e-04.
 Beam B: id =    -11, pz = -5.292e+00, e =  5.292e+00, m =  5.110e-04.

 In 1: id =   11, x =  1.000e+00, pdf =  3.602e+04 at Q2 =  1.118e+02.
 In 2: id =  -11, x =  9.978e-01, pdf =  1.582e+01 at same Q2.

 Subprocess f fbar -> f' fbar' (s-channel gamma*) with code 223 is 2 -> 2.
 It has sHat =  1.118e+02,    tHat = -7.836e+01,    uHat = -3.339e+01,
       pTHat =  4.830e+00,   m3Hat =  3.300e-01,   m4Hat =  3.300e-01,
    thetaHat =  1.985e+00,  phiHat =  3.625e+00.
     alphaEM =  7.631e-03,  alphaS =  1.975e-01    at Q2 =  1.118e+02.

 Impact parameter b =  0.000e+00 gives enhancement factor =  1.000e+00.
 Max pT scale for MPI =  1.058e+01, ISR =  1.057e+01, FSR =  1.057e+01.
 Number of MPI =     1, ISR =     1, FSRproc =     6, FSRreson =     0.

 --------  End PYTHIA Info Listing  ------------------------------------

 --------  PYTHIA Event Listing  (hard process)  -----------------------------------------------------------------------------------
 
    no         id  name            status     mothers   daughters     colours      p_x        p_y        p_z         e          m 
     0         90  (system)           -11     0     0     0     0     0     0      0.000      0.000      3.000     11.000     10.583
     1         11  (e-)               -12     0     0     3     0     0     0      0.000      0.000      7.000      7.000      0.001
     2        -11  (e+)               -12     0     0     4     0     0     0      0.000      0.000     -4.000      4.000      0.001
     3         11  (e-)               -21     1     0     5     6     0     0      0.000      0.000      7.000      7.000      0.000
     4        -11  (e+)               -21     2     0     5     6     0     0      0.000      0.000     -3.991      3.991      0.000
     5          2  u                   23     3     4     0     0   101     0     -4.277     -2.243     -0.703      4.892      0.330
     6         -2  ubar                23     3     4     0     0     0   101      4.277      2.243      3.711      6.100      0.330
                                   Charge sum:  0.000           Momentum sum:      0.000      0.000      3.009     10.991     10.571

 --------  End PYTHIA Event Listing  -----------------------------------------------------------------------------------------------

 --------  PYTHIA Event Listing  (complete event)  ---------------------------------------------------------------------------------
 
    no         id  name            status     mothers   daughters     colours      p_x        p_y        p_z         e          m 
     0         90  (system)           -11     0     0     0     0     0     0      0.000      0.000      3.000     11.000     10.583
     1         11  (e-)               -12     0     0    36     0     0     0      0.000      0.000      7.000      7.000      0.001
     2        -11  (e+)               -12     0     0    37     0     0     0      0.000      0.000     -4.000      4.000      0.001
     3         11  (e-)               -21    25    25     5     6     0     0      0.000      0.000      7.000      7.000      0.000
     4        -11  (e+)               -21    26     0     5     6     0     0      0.000      0.000     -3.991      3.991      0.000
     5          2  (u)                -23     3     4     7     8   101     0     -4.277     -2.243     -0.703      4.892      0.330
     6         -2  (ubar)             -23     3     4     9     9     0   101      4.277      2.243      3.711      6.100      0.330
     7          2  (u)                -51     5     0    16    17   102     0     -2.505     -2.869      0.445      3.849      0.330
     8         21  (g)                -51     5     0    12    12   101   102     -1.292      0.877     -0.732      1.725      0.000
     9         -2  (ubar)             -52     6     6    10    11     0   101      3.797      1.992      3.296      5.418      0.330
    10         -2  (ubar)             -51     9     0    28    28     0   104      1.076      0.650      2.304      2.646      0.330
    11         21  (g)                -51     9     0    13    14   104   101      2.515      1.481      0.874      3.047      0.000
    12         21  (g)                -52     8     8    15    15   101   102     -1.086      0.737     -0.615      1.450      0.000
    13         21  (g)                -51    11     0    30    30   104   105      0.930      1.838      0.549      2.132      0.000
    14         21  (g)                -51    11     0    19    20   105   101      1.290     -0.157      0.158      1.309      0.000
    15         21  (g)                -52    12    12    18    18   101   102     -0.791      0.537     -0.448      1.056      0.000
    16          2  (u)                -51     7     0    24    24   106     0     -1.542     -2.248      0.766      2.850      0.330
    17         21  (g)                -51     7     0    22    23   102   106     -1.308     -0.387     -0.516      1.459      0.000
    18         21  (g)                -52    15    15    21    21   101   102     -0.446      0.303     -0.253      0.595      0.000
    19         21  (g)                -51    14     0    31    31   105   107      1.178      0.337      0.158      1.235      0.000
    20         21  (g)                -51    14     0    33    33   107   101     -0.118     -0.338     -0.130      0.380      0.000
    21         21  (g)                -52    18    18    29    29   101   102     -0.216      0.147     -0.123      0.289      0.000
    22         21  (g)                -51    17     0    32    32   102   108     -1.469     -0.386      0.090      1.522      0.000
    23         21  (g)                -51    17     0    34    34   108   106     -0.380     -0.839     -0.300      0.968      0.000
    24          2  (u)                -52    16    16    27    27   106     0     -1.001     -1.410      0.460      1.819      0.330
    25         11  (e-)               -42    36    36     3     3     0     0     -0.000      0.000      7.000      7.000      0.000
    26        -11  (e+)               -41    37    37    35     4     0     0      0.000     -0.000     -4.000      4.000      0.000
    27          2  (u)                -44    24    24    38    38   106     0     -1.001     -1.409      0.459      1.819      0.330
    28         -2  (ubar)             -44    10    10    39    39     0   104      1.076      0.650      2.304      2.645      0.330
    29         21  (g)                -44    21    21    40    40   101   102     -0.216      0.147     -0.122      0.289      0.000
    30         21  (g)                -44    13    13    41    41   104   105      0.930      1.839      0.549      2.133      0.000
    31         21  (g)                -44    19    19    42    42   105   107      1.177      0.337      0.158      1.235      0.000
    32         21  (g)                -44    22    22    43    43   102   108     -1.470     -0.386      0.090      1.522      0.000
    33         21  (g)                -44    20    20    44    44   107   101     -0.118     -0.337     -0.130      0.380      0.000
    34         21  (g)                -44    23    23    45    45   108   106     -0.381     -0.838     -0.300      0.968      0.000
    35         22  (gamma)            -43    26     0    46    46     0     0      0.002     -0.003     -0.008      0.009      0.000
    36         11  (e-)               -61     1     0    25    25     0     0      0.000     -0.000      7.000      7.000      0.000
    37        -11  (e+)               -61     2     0    26    26     0     0     -0.000      0.000     -4.000      4.000      0.000
    38          2  u                   62    27    27     0     0   106     0     -1.001     -1.409      0.459      1.819      0.330
    39         -2  ubar                62    28    28     0     0     0   104      1.076      0.650      2.304      2.645      0.330
    40         21  g                   62    29    29     0     0   101   102     -0.216      0.147     -0.122      0.289      0.000
    41         21  g                   62    30    30     0     0   104   105      0.930      1.839      0.549      2.133      0.000
    42         21  g                   62    31    31     0     0   105   107      1.177      0.337      0.158      1.235      0.000
    43         21  g                   62    32    32     0     0   102   108     -1.470     -0.386      0.090      1.522      0.000
    44         21  g                   62    33    33     0     0   107   101     -0.118     -0.337     -0.130      0.380      0.000
    45         21  g                   62    34    34     0     0   108   106     -0.381     -0.838     -0.300      0.968      0.000
    46         22  gamma               62    35    35     0     0     0     0      0.002     -0.003     -0.008      0.009      0.000
    47         22  gamma               63     1     0     0     0     0     0      0.000      0.000      0.000      0.000      0.000
    48         22  gamma               63     2     0     0     0     0     0      0.000      0.000     -0.000      0.000      0.000
                                   Charge sum:  0.000           Momentum sum:      0.000      0.000      3.000     11.000     10.583

 --------  End PYTHIA Event Listing  -----------------------------------------------------------------------------------------------
 PYTHIA Warning in TauDecays::decay: unknown correlated tau production, assuming from unpolarized photon  
 PYTHIA Warning in PhaseSpace2to2tauyz::trialKin: maximum for cross section violated  

 *-------  PYTHIA Event and Cross Section Statistics  -------------------------------------------------------------*
 |                                                                                                                 |
 | Subprocess                                    Code |            Number of events       |      sigma +- delta    |
 |                                                    |       Tried   Selected   Accepted |     (estimated) (mb)   |
 |                                                    |                                   |                        |
 |-----------------------------------------------------------------------------------------------------------------|
 |                                                    |                                   |                        |
 | f fbar -> f' fbar' (s-channel gamma*)          223 |      257426      10000      10000 |   6.028e-06  3.040e-08 |
 |                                                    |                                   |                        |
 | sum                                                |      257426      10000      10000 |   6.028e-06  3.040e-08 |
 |                                                                                                                 |
 *-------  End PYTHIA Event and Cross Section Statistics ----------------------------------------------------------*

 *-------  PYTHIA Error and Warning Messages Statistics  ----------------------------------------------------------* 
 |                                                                                                                 | 
 |  times   message                                                                                                | 
 |                                                                                                                 | 
 |     65   Warning in PhaseSpace2to2tauyz::trialKin: maximum for cross section violated                           | 
 |   1521   Warning in TauDecays::decay: unknown correlated tau production, assuming from unpolarized photon       | 
 |                                                                                                                 | 
 *-------  End PYTHIA Error and Warning Messages Statistics  ------------------------------------------------------* 
Gammatau2xmu: 0.000e+00

Gammatau2xe: 1.988e-10

BRtau2xmu: 0.000e+00

BRtau2xe: 9.887e-01

produced tau excluding those daughters are also tau lepton: 3.042e+03
produced X: 3.042e+03
produced X/NMC: 3.042e-01

Proportion of X flying forward (eta>0): 6.170e-01
Proportion of X flying backward (eta<0): 3.830e-01

Total Gamma [GeV]: 2.418e-15
ctau [m]: 8.161e-02

Gammax2tautau: 0.000e+00

Gammax2mumu: 0.000e+00

Gammax2ee: 2.418e-15

Gammax2gmgm: 0.000e+00

BRx2tautau: 0.000e+00

BRx2mumu: 0.000e+00

BRx2ee: 1.000e+00

BRx2gmgm: 0.000e+00

X: insideFidVol: 1.055e+03
observedX: 1.066e+03
visibleX: 1.066e+02

X Observed Fiducial efficiency: 3.503e-01
X Visible Fiducial efficiency: 3.503e-02

reallyProduced tau: 9.200e+10
total number of tau-tau events: 4.600e+10

reallyProducedX: 3.203e+10
reallyobservedX: 1.122e+10
reallyvisibleX: 1.122e+09

