mX:  0.574828
g_TE_Lamb:  4e-08
g_EE_Lamb:  4e-08
NMC 10000

 *-------  PYTHIA Process Initialization  --------------------------*
 |                                                                  |
 | We collide e- with e+ at a CM energy of 1.058e+01 GeV            |
 |                                                                  |
 |------------------------------------------------------------------|
 |                                                    |             |
 | Subprocess                                    Code |   Estimated |
 |                                                    |    max (mb) |
 |                                                    |             |
 |------------------------------------------------------------------|
 |                                                    |             |
 | f fbar -> f' fbar' (s-channel gamma*)          223 |   1.267e-04 |
 |                                                                  |
 *-------  End PYTHIA Process Initialization -----------------------*

 *-------  PYTHIA Flag + Mode + Parm + Word + FVec + MVec + PVec + WVec Settings (changes only)  ------------------* 
 |                                                                                                                 | 
 | Name                                          |                      Now |      Default         Min         Max | 
 |                                               |                          |                                      | 
 | Beams:eA                                      |                  7.00000 |     7000.000         0.0             | 
 | Beams:eB                                      |                  4.00000 |     7000.000         0.0             | 
 | Beams:frameType                               |                        2 |            1           1           5 | 
 | Beams:idA                                     |                       11 |         2212                         | 
 | Beams:idB                                     |                      -11 |         2212                         | 
 | HadronLevel:Hadronize                         |                      off |           on                         | 
 | Next:numberCount                              |                    10000 |         1000           0             | 
 | PartonLevel:MPI                               |                      off |           on                         | 
 | Random:seed                                   |                        0 |           -1               900000000 | 
 | Random:setSeed                                |                       on |          off                         | 
 | WeakSingleBoson:ffbar2ffbar(s:gm)             |                       on |          off                         | 
 |                                                                                                                 | 
 *-------  End PYTHIA Flag + Mode + Parm + Word + FVec + MVec + PVec + WVec Settings  -----------------------------* 

 --------  PYTHIA Particle Data Table (changed only)  ------------------------------------------------------------------------------
 
      id   name            antiName         spn chg col      m0        mWidth      mMin       mMax       tau0    res dec ext vis wid
             no onMode   bRatio   meMode     products 

      15  tau-             tau+               2  -3   0    1.77682    0.00000    0.00000    0.00000  8.71100e-02   0   1   0   1   0
              0     1   0.0000000  103       36       13 
              1     1   0.0001263  103       36       11 

      36  x                                   1   0   0    0.57483    0.00000    0.00000    0.00000  2.29468e+06   0   1   0   0   0
              0     1   0.0000000  103       15      -15 
              1     1   0.0000000  103       13      -13 
              2     1   1.0000000  103       11      -11 
              3     1   0.0000000  103       22       22 

 --------  End PYTHIA Particle Data Table  -----------------------------------------------------------------------------------------


 --------  PYTHIA Info Listing  ---------------------------------------- 
 
 Beam A: id =     11, pz =  5.292e+00, e =  5.292e+00, m =  5.110e-04.
 Beam B: id =    -11, pz = -5.292e+00, e =  5.292e+00, m =  5.110e-04.

 In 1: id =   11, x =  9.996e-01, pdf =  7.628e+01 at Q2 =  1.119e+02.
 In 2: id =  -11, x =  9.991e-01, pdf =  3.681e+01 at same Q2.

 Subprocess f fbar -> f' fbar' (s-channel gamma*) with code 223 is 2 -> 2.
 It has sHat =  1.119e+02,    tHat = -1.911e+01,    uHat = -9.274e+01,
       pTHat =  3.973e+00,   m3Hat =  3.300e-01,   m4Hat =  3.300e-01,
    thetaHat =  8.523e-01,  phiHat =  1.781e+00.
     alphaEM =  7.631e-03,  alphaS =  1.975e-01    at Q2 =  1.119e+02.

 Impact parameter b =  0.000e+00 gives enhancement factor =  1.000e+00.
 Max pT scale for MPI =  1.058e+01, ISR =  1.058e+01, FSR =  1.058e+01.
 Number of MPI =     1, ISR =     2, FSRproc =     3, FSRreson =     0.

 --------  End PYTHIA Info Listing  ------------------------------------

 --------  PYTHIA Event Listing  (hard process)  -----------------------------------------------------------------------------------
 
    no         id  name            status     mothers   daughters     colours      p_x        p_y        p_z         e          m 
     0         90  (system)           -11     0     0     0     0     0     0      0.000      0.000      3.000     11.000     10.583
     1         11  (e-)               -12     0     0     3     0     0     0      0.000      0.000      7.000      7.000      0.001
     2        -11  (e+)               -12     0     0     4     0     0     0      0.000      0.000     -4.000      4.000      0.001
     3         11  (e-)               -21     1     0     5     6     0     0      0.000      0.000      6.997      6.997      0.000
     4        -11  (e+)               -21     2     0     5     6     0     0      0.000      0.000     -3.996      3.996      0.000
     5          1  d                   23     3     4     0     0   101     0     -0.827      3.886      5.112      6.482      0.330
     6         -1  dbar                23     3     4     0     0     0   101      0.827     -3.886     -2.111      4.511      0.330
                                   Charge sum:  0.000           Momentum sum:      0.000      0.000      3.001     10.993     10.576

 --------  End PYTHIA Event Listing  -----------------------------------------------------------------------------------------------

 --------  PYTHIA Event Listing  (complete event)  ---------------------------------------------------------------------------------
 
    no         id  name            status     mothers   daughters     colours      p_x        p_y        p_z         e          m 
     0         90  (system)           -11     0     0     0     0     0     0      0.000      0.000      3.000     11.000     10.583
     1         11  (e-)               -12     0     0    33     0     0     0      0.000      0.000      7.000      7.000      0.001
     2        -11  (e+)               -12     0     0    34     0     0     0      0.000      0.000     -4.000      4.000      0.001
     3         11  (e-)               -21    16    16     5     6     0     0      0.000      0.000      6.997      6.997      0.000
     4        -11  (e+)               -21    17     0     5     6     0     0      0.000      0.000     -3.996      3.996      0.000
     5          1  (d)                -23     3     4     7     8   101     0     -0.827      3.886      5.112      6.482      0.330
     6         -1  (dbar)             -23     3     4     9     9     0   101      0.827     -3.886     -2.111      4.511      0.330
     7          1  (d)                -51     5     0    12    12   102     0      0.000      3.357      5.548      6.493      0.330
     8         21  (g)                -51     5     0    10    11   101   102     -0.554     -0.757     -1.137      1.474      0.000
     9         -1  (dbar)             -52     6     6    19    19     0   101      0.554     -2.599     -1.410      3.027      0.330
    10          1  (d)                -51     8     0    20    20   101     0     -0.383      1.189     -0.986      1.625      0.330
    11         -1  (dbar)             -51     8     0    15    15     0   102     -0.169     -0.912      1.557      1.842      0.330
    12          1  (d)                -52     7     7    13    14   102     0     -0.001      2.323      3.840      4.500      0.330
    13          1  (d)                -51    12     0    18    18   104     0      0.334      2.007      4.014      4.512      0.330
    14         21  (g)                -51    12     0    22    22   102   104     -0.380      0.061      0.204      0.435      0.000
    15         -1  (dbar)             -52    11    11    21    21     0   102     -0.125     -0.657      1.179      1.395      0.330
    16         11  (e-)               -42    24     0     3     3     0     0     -0.000     -0.000      6.997      6.997      0.000
    17        -11  (e+)               -41    25    25    23     4     0     0      0.000      0.000     -4.000      4.000      0.000
    18          1  (d)                -44    13    13    26    26   104     0      0.335      2.007      4.012      4.510      0.330
    19         -1  (dbar)             -44     9     9    27    27     0   101      0.556     -2.599     -1.411      3.027      0.330
    20          1  (d)                -44    10    10    28    28   101     0     -0.382      1.189     -0.987      1.625      0.330
    21         -1  (dbar)             -44    15    15    29    29     0   102     -0.125     -0.657      1.178      1.394      0.330
    22         21  (g)                -44    14    14    30    30   102   104     -0.380      0.061      0.203      0.435      0.000
    23         22  (gamma)            -43    17     0    31    31     0     0     -0.005     -0.000      0.002      0.005      0.000
    24         11  (e-)               -41    33    33    32    16     0     0     -0.000      0.000      7.000      7.000      0.000
    25        -11  (e+)               -42    34    34    17    17     0     0     -0.000      0.000     -4.000      4.000      0.000
    26          1  (d)                -44    18    18    35    35   104     0      0.334      2.008      4.013      4.512      0.330
    27         -1  (dbar)             -44    19    19    36    36     0   101      0.556     -2.599     -1.410      3.027      0.330
    28          1  (d)                -44    20    20    37    37   101     0     -0.382      1.189     -0.987      1.625      0.330
    29         -1  (dbar)             -44    21    21    38    38     0   102     -0.125     -0.656      1.179      1.395      0.330
    30         21  (g)                -44    22    22    39    39   102   104     -0.380      0.061      0.203      0.435      0.000
    31         22  (gamma)            -44    23    23    40    40     0     0     -0.005     -0.000      0.002      0.005      0.000
    32         22  (gamma)            -43    24     0    41    41     0     0      0.001     -0.002     -0.000      0.002      0.000
    33         11  (e-)               -61     1     0    24    24     0     0      0.000      0.000      7.000      7.000      0.000
    34        -11  (e+)               -61     2     0    25    25     0     0      0.000      0.000     -4.000      4.000      0.000
    35          1  d                   62    26    26     0     0   104     0      0.334      2.008      4.013      4.512      0.330
    36         -1  dbar                62    27    27     0     0     0   101      0.556     -2.599     -1.410      3.027      0.330
    37          1  d                   62    28    28     0     0   101     0     -0.382      1.189     -0.987      1.625      0.330
    38         -1  dbar                62    29    29     0     0     0   102     -0.125     -0.656      1.179      1.395      0.330
    39         21  g                   62    30    30     0     0   102   104     -0.380      0.061      0.203      0.435      0.000
    40         22  gamma               62    31    31     0     0     0     0     -0.005     -0.000      0.002      0.005      0.000
    41         22  gamma               62    32    32     0     0     0     0      0.001     -0.002     -0.000      0.002      0.000
    42         22  gamma               63     1     0     0     0     0     0      0.000      0.000      0.000      0.000      0.000
    43         22  gamma               63     2     0     0     0     0     0      0.000      0.000     -0.000      0.000      0.000
                                   Charge sum:  0.000           Momentum sum:     -0.000      0.000      3.000     11.000     10.583

 --------  End PYTHIA Event Listing  -----------------------------------------------------------------------------------------------
 PYTHIA Warning in TauDecays::decay: unknown correlated tau production, assuming from unpolarized photon  
 PYTHIA Warning in PhaseSpace2to2tauyz::trialKin: maximum for cross section violated  

 *-------  PYTHIA Event and Cross Section Statistics  -------------------------------------------------------------*
 |                                                                                                                 |
 | Subprocess                                    Code |            Number of events       |      sigma +- delta    |
 |                                                    |       Tried   Selected   Accepted |     (estimated) (mb)   |
 |                                                    |                                   |                        |
 |-----------------------------------------------------------------------------------------------------------------|
 |                                                    |                                   |                        |
 | f fbar -> f' fbar' (s-channel gamma*)          223 |      212006      10000      10000 |   6.027e-06  3.247e-08 |
 |                                                    |                                   |                        |
 | sum                                                |      212006      10000      10000 |   6.027e-06  3.247e-08 |
 |                                                                                                                 |
 *-------  End PYTHIA Event and Cross Section Statistics ----------------------------------------------------------*

 *-------  PYTHIA Error and Warning Messages Statistics  ----------------------------------------------------------* 
 |                                                                                                                 | 
 |  times   message                                                                                                | 
 |                                                                                                                 | 
 |    358   Warning in PhaseSpace2to2tauyz::trialKin: maximum for cross section violated                           | 
 |   1475   Warning in TauDecays::decay: unknown correlated tau production, assuming from unpolarized photon       | 
 |                                                                                                                 | 
 *-------  End PYTHIA Error and Warning Messages Statistics  ------------------------------------------------------* 
Gammatau2xmu: 0.000e+00

Gammatau2xe: 2.863e-16

BRtau2xmu: 0.000e+00

BRtau2xe: 1.263e-04

produced tau excluding those daughters are also tau lepton: 2.950e+03
produced X: 2.950e+03
produced X/NMC: 2.950e-01

Proportion of X flying forward (eta>0): 6.268e-01
Proportion of X flying backward (eta<0): 3.732e-01

Total Gamma [GeV]: 8.599e-20
ctau [m]: 2.295e+03

Gammax2tautau: 0.000e+00

Gammax2mumu: 0.000e+00

Gammax2ee: 8.599e-20

Gammax2gmgm: 0.000e+00

BRx2tautau: 0.000e+00

BRx2mumu: 0.000e+00

BRx2ee: 1.000e+00

BRx2gmgm: 0.000e+00

X: insideFidVol: 0.000e+00
observedX: 3.013e-01
visibleX: 3.013e-02

X Observed Fiducial efficiency: 1.021e-04
X Visible Fiducial efficiency: 1.021e-05

reallyProduced tau: 9.200e+10
total number of tau-tau events: 4.600e+10

reallyProducedX: 4.093e+06
reallyobservedX: 4.181e+02
reallyvisibleX: 4.181e+01

