mX:  0.03178
g_TE_Lamb:  0.03
g_EE_Lamb:  0.03
NMC 10000

 *-------  PYTHIA Process Initialization  --------------------------*
 |                                                                  |
 | We collide e- with e+ at a CM energy of 1.058e+01 GeV            |
 |                                                                  |
 |------------------------------------------------------------------|
 |                                                    |             |
 | Subprocess                                    Code |   Estimated |
 |                                                    |    max (mb) |
 |                                                    |             |
 |------------------------------------------------------------------|
 |                                                    |             |
 | f fbar -> f' fbar' (s-channel gamma*)          223 |   1.522e-04 |
 |                                                                  |
 *-------  End PYTHIA Process Initialization -----------------------*

 *-------  PYTHIA Flag + Mode + Parm + Word + FVec + MVec + PVec + WVec Settings (changes only)  ------------------* 
 |                                                                                                                 | 
 | Name                                          |                      Now |      Default         Min         Max | 
 |                                               |                          |                                      | 
 | Beams:eA                                      |                  7.00000 |     7000.000         0.0             | 
 | Beams:eB                                      |                  4.00000 |     7000.000         0.0             | 
 | Beams:frameType                               |                        2 |            1           1           5 | 
 | Beams:idA                                     |                       11 |         2212                         | 
 | Beams:idB                                     |                      -11 |         2212                         | 
 | HadronLevel:Hadronize                         |                      off |           on                         | 
 | Next:numberCount                              |                    10000 |         1000           0             | 
 | PartonLevel:MPI                               |                      off |           on                         | 
 | Random:seed                                   |                        0 |           -1               900000000 | 
 | Random:setSeed                                |                       on |          off                         | 
 | WeakSingleBoson:ffbar2ffbar(s:gm)             |                       on |          off                         | 
 |                                                                                                                 | 
 *-------  End PYTHIA Flag + Mode + Parm + Word + FVec + MVec + PVec + WVec Settings  -----------------------------* 

 --------  PYTHIA Particle Data Table (changed only)  ------------------------------------------------------------------------------
 
      id   name            antiName         spn chg col      m0        mWidth      mMin       mMax       tau0    res dec ext vis wid
             no onMode   bRatio   meMode     products 

      15  tau-             tau+               2  -3   0    1.77682    0.00000    0.00000    0.00000  8.71100e-02   0   1   0   1   0
              0     1   0.0000000  103       36       13 
              1     1   1.0000000  103       36       11 

      36  x                                   1   0   0  3.178e-02  0.000e+00  0.000e+00  0.000e+00  1.33533e-03   0   1   0   0   0
              0     1   0.0000000  103       15      -15 
              1     1   0.0000000  103       13      -13 
              2     1   1.0000000  103       11      -11 
              3     1   0.0000000  103       22       22 

 --------  End PYTHIA Particle Data Table  -----------------------------------------------------------------------------------------


 --------  PYTHIA Info Listing  ---------------------------------------- 
 
 Beam A: id =     11, pz =  5.292e+00, e =  5.292e+00, m =  5.110e-04.
 Beam B: id =    -11, pz = -5.292e+00, e =  5.292e+00, m =  5.110e-04.

 In 1: id =   11, x =  1.000e+00, pdf =  1.837e+06 at Q2 =  1.117e+02.
 In 2: id =  -11, x =  9.976e-01, pdf =  1.430e+01 at same Q2.

 Subprocess f fbar -> f' fbar' (s-channel gamma*) with code 223 is 2 -> 2.
 It has sHat =  1.117e+02,    tHat = -8.311e+01,    uHat = -2.862e+01,
       pTHat =  4.605e+00,   m3Hat =  3.300e-01,   m4Hat =  3.300e-01,
    thetaHat =  2.080e+00,  phiHat =  2.371e+00.
     alphaEM =  7.631e-03,  alphaS =  1.975e-01    at Q2 =  1.117e+02.

 Impact parameter b =  0.000e+00 gives enhancement factor =  1.000e+00.
 Max pT scale for MPI =  1.058e+01, ISR =  1.057e+01, FSR =  1.057e+01.
 Number of MPI =     1, ISR =     1, FSRproc =     3, FSRreson =     0.

 --------  End PYTHIA Info Listing  ------------------------------------

 --------  PYTHIA Event Listing  (hard process)  -----------------------------------------------------------------------------------
 
    no         id  name            status     mothers   daughters     colours      p_x        p_y        p_z         e          m 
     0         90  (system)           -11     0     0     0     0     0     0      0.000      0.000      3.000     11.000     10.583
     1         11  (e-)               -12     0     0     3     0     0     0      0.000      0.000      7.000      7.000      0.001
     2        -11  (e+)               -12     0     0     4     0     0     0      0.000      0.000     -4.000      4.000      0.001
     3         11  (e-)               -21     1     0     5     6     0     0      0.000      0.000      7.000      7.000      0.000
     4        -11  (e+)               -21     2     0     5     6     0     0      0.000      0.000     -3.990      3.990      0.000
     5          2  u                   23     3     4     0     0   101     0     -3.304      3.207     -1.170      4.763      0.330
     6         -2  ubar                23     3     4     0     0     0   101      3.304     -3.207      4.180      6.228      0.330
                                   Charge sum:  0.000           Momentum sum:      0.000      0.000      3.010     10.990     10.570

 --------  End PYTHIA Event Listing  -----------------------------------------------------------------------------------------------

 --------  PYTHIA Event Listing  (complete event)  ---------------------------------------------------------------------------------
 
    no         id  name            status     mothers   daughters     colours      p_x        p_y        p_z         e          m 
     0         90  (system)           -11     0     0     0     0     0     0      0.000      0.000      3.000     11.000     10.583
     1         11  (e-)               -12     0     0    24     0     0     0      0.000      0.000      7.000      7.000      0.001
     2        -11  (e+)               -12     0     0    25     0     0     0      0.000      0.000     -4.000      4.000      0.001
     3         11  (e-)               -21    16    16     5     6     0     0      0.000      0.000      7.000      7.000      0.000
     4        -11  (e+)               -21    17     0     5     6     0     0      0.000      0.000     -3.990      3.990      0.000
     5          2  (u)                -23     3     4     9     9   101     0     -3.304      3.207     -1.170      4.763      0.330
     6         -2  (ubar)             -23     3     4     7     8     0   101      3.304     -3.207      4.180      6.228      0.330
     7         -2  (ubar)             -51     6     0    19    19     0   104      3.277     -3.158      3.257      5.606      0.330
     8         21  (g)                -51     6     0    12    12   104   101     -0.154      0.126      0.859      0.882      0.000
     9          2  (u)                -52     5     5    10    11   101     0     -3.123      3.031     -1.106      4.503      0.330
    10          2  (u)                -51     9     0    18    18   105     0     -1.588      0.800     -0.759      1.961      0.330
    11         21  (g)                -51     9     0    15    15   101   105     -1.573      2.262     -0.136      2.759      0.000
    12         21  (g)                -52     8     8    13    14   104   101     -0.116      0.095      0.647      0.664      0.000
    13         21  (g)                -51    12     0    20    20   104   106     -0.916      0.549      0.655      1.253      0.000
    14         21  (g)                -51    12     0    22    22   106   101      0.205      0.401     -0.059      0.454      0.000
    15         21  (g)                -52    11    11    21    21   101   105     -0.979      1.407     -0.084      1.716      0.000
    16         11  (e-)               -42    24    24     3     3     0     0      0.000      0.000      7.000      7.000      0.000
    17        -11  (e+)               -41    25    25    23     4     0     0     -0.000     -0.000     -4.000      4.000      0.000
    18          2  (u)                -44    10    10    26    26   105     0     -1.589      0.800     -0.758      1.962      0.330
    19         -2  (ubar)             -44     7     7    27    27     0   104      3.276     -3.158      3.256      5.605      0.330
    20         21  (g)                -44    13    13    28    28   104   106     -0.916      0.549      0.655      1.253      0.000
    21         21  (g)                -44    15    15    29    29   101   105     -0.980      1.407     -0.084      1.716      0.000
    22         21  (g)                -44    14    14    30    30   106   101      0.205      0.401     -0.059      0.454      0.000
    23         22  (gamma)            -43    17     0    31    31     0     0      0.003      0.002     -0.009      0.010      0.000
    24         11  (e-)               -61     1     0    16    16     0     0     -0.000     -0.000      7.000      7.000      0.000
    25        -11  (e+)               -61     2     0    17    17     0     0      0.000      0.000     -4.000      4.000      0.000
    26          2  u                   62    18    18     0     0   105     0     -1.589      0.800     -0.758      1.962      0.330
    27         -2  ubar                62    19    19     0     0     0   104      3.276     -3.158      3.256      5.605      0.330
    28         21  g                   62    20    20     0     0   104   106     -0.916      0.549      0.655      1.253      0.000
    29         21  g                   62    21    21     0     0   101   105     -0.980      1.407     -0.084      1.716      0.000
    30         21  g                   62    22    22     0     0   106   101      0.205      0.401     -0.059      0.454      0.000
    31         22  gamma               62    23    23     0     0     0     0      0.003      0.002     -0.009      0.010      0.000
    32         22  gamma               63     1     0     0     0     0     0      0.000      0.000      0.000      0.000      0.000
    33         22  gamma               63     2     0     0     0     0     0      0.000      0.000     -0.000      0.000      0.000
                                   Charge sum:  0.000           Momentum sum:      0.000     -0.000      3.000     11.000     10.583

 --------  End PYTHIA Event Listing  -----------------------------------------------------------------------------------------------
 PYTHIA Warning in TauDecays::decay: unknown correlated tau production, assuming from unpolarized photon  
 PYTHIA Warning in PhaseSpace2to2tauyz::trialKin: maximum for cross section violated  

 *-------  PYTHIA Event and Cross Section Statistics  -------------------------------------------------------------*
 |                                                                                                                 |
 | Subprocess                                    Code |            Number of events       |      sigma +- delta    |
 |                                                    |       Tried   Selected   Accepted |     (estimated) (mb)   |
 |                                                    |                                   |                        |
 |-----------------------------------------------------------------------------------------------------------------|
 |                                                    |                                   |                        |
 | f fbar -> f' fbar' (s-channel gamma*)          223 |      253118      10000      10000 |   6.034e-06  2.949e-08 |
 |                                                    |                                   |                        |
 | sum                                                |      253118      10000      10000 |   6.034e-06  2.949e-08 |
 |                                                                                                                 |
 *-------  End PYTHIA Event and Cross Section Statistics ----------------------------------------------------------*

 *-------  PYTHIA Error and Warning Messages Statistics  ----------------------------------------------------------* 
 |                                                                                                                 | 
 |  times   message                                                                                                | 
 |                                                                                                                 | 
 |     11   Warning in PhaseSpace2to2tauyz::trialKin: maximum for cross section violated                           | 
 |   1484   Warning in TauDecays::decay: unknown correlated tau production, assuming from unpolarized photon       | 
 |                                                                                                                 | 
 *-------  End PYTHIA Error and Warning Messages Statistics  ------------------------------------------------------* 
Gammatau2xmu: 0.000e+00

Gammatau2xe: 2.008e-04

BRtau2xmu: 0.000e+00

BRtau2xe: 1.000e+00

produced tau excluding those daughters are also tau lepton: 2.968e+03
produced X: 2.968e+03
produced X/NMC: 2.968e-01

Proportion of X flying forward (eta>0): 6.324e-01
Proportion of X flying backward (eta<0): 3.676e-01

Total Gamma [GeV]: 1.478e-10
ctau [m]: 1.335e-06

Gammax2tautau: 0.000e+00

Gammax2mumu: 0.000e+00

Gammax2ee: 1.478e-10

Gammax2gmgm: 0.000e+00

BRx2tautau: 0.000e+00

BRx2mumu: 0.000e+00

BRx2ee: 1.000e+00

BRx2gmgm: 0.000e+00

X: insideFidVol: 0.000e+00
observedX: 2.089e-204
visibleX: 2.089e-205

X Observed Fiducial efficiency: 7.039e-208
X Visible Fiducial efficiency: 7.039e-209

reallyProduced tau: 9.200e+10
total number of tau-tau events: 4.600e+10

reallyProducedX: 3.239e+10
reallyobservedX: 2.280e-197
reallyvisibleX: 2.280e-198

