mX:  0.0559643
g_TE_Lamb:  0.0008
g_EE_Lamb:  0.0008
NMC 10000

 *-------  PYTHIA Process Initialization  --------------------------*
 |                                                                  |
 | We collide e- with e+ at a CM energy of 1.058e+01 GeV            |
 |                                                                  |
 |------------------------------------------------------------------|
 |                                                    |             |
 | Subprocess                                    Code |   Estimated |
 |                                                    |    max (mb) |
 |                                                    |             |
 |------------------------------------------------------------------|
 |                                                    |             |
 | f fbar -> f' fbar' (s-channel gamma*)          223 |   1.583e-04 |
 |                                                                  |
 *-------  End PYTHIA Process Initialization -----------------------*

 *-------  PYTHIA Flag + Mode + Parm + Word + FVec + MVec + PVec + WVec Settings (changes only)  ------------------* 
 |                                                                                                                 | 
 | Name                                          |                      Now |      Default         Min         Max | 
 |                                               |                          |                                      | 
 | Beams:eA                                      |                  7.00000 |     7000.000         0.0             | 
 | Beams:eB                                      |                  4.00000 |     7000.000         0.0             | 
 | Beams:frameType                               |                        2 |            1           1           5 | 
 | Beams:idA                                     |                       11 |         2212                         | 
 | Beams:idB                                     |                      -11 |         2212                         | 
 | HadronLevel:Hadronize                         |                      off |           on                         | 
 | Next:numberCount                              |                    10000 |         1000           0             | 
 | PartonLevel:MPI                               |                      off |           on                         | 
 | Random:seed                                   |                        0 |           -1               900000000 | 
 | Random:setSeed                                |                       on |          off                         | 
 | WeakSingleBoson:ffbar2ffbar(s:gm)             |                       on |          off                         | 
 |                                                                                                                 | 
 *-------  End PYTHIA Flag + Mode + Parm + Word + FVec + MVec + PVec + WVec Settings  -----------------------------* 

 --------  PYTHIA Particle Data Table (changed only)  ------------------------------------------------------------------------------
 
      id   name            antiName         spn chg col      m0        mWidth      mMin       mMax       tau0    res dec ext vis wid
             no onMode   bRatio   meMode     products 

      15  tau-             tau+               2  -3   0    1.77682    0.00000    0.00000    0.00000  8.71100e-02   0   1   0   1   0
              0     1   0.0000000  103       36       13 
              1     1   0.9999840  103       36       11 

      36  x                                   1   0   0  5.596e-02  0.000e+00  0.000e+00  0.000e+00  6.05322e-01   0   1   0   0   0
              0     1   0.0000000  103       15      -15 
              1     1   0.0000000  103       13      -13 
              2     1   1.0000000  103       11      -11 
              3     1   0.0000000  103       22       22 

 --------  End PYTHIA Particle Data Table  -----------------------------------------------------------------------------------------


 --------  PYTHIA Info Listing  ---------------------------------------- 
 
 Beam A: id =     11, pz =  5.292e+00, e =  5.292e+00, m =  5.110e-04.
 Beam B: id =    -11, pz = -5.292e+00, e =  5.292e+00, m =  5.110e-04.

 In 1: id =   11, x =  1.000e+00, pdf =  7.288e+07 at Q2 =  1.101e+02.
 In 2: id =  -11, x =  9.833e-01, pdf =  2.197e+00 at same Q2.

 Subprocess f fbar -> f' fbar' (s-channel gamma*) with code 223 is 2 -> 2.
 It has sHat =  1.101e+02,    tHat = -1.074e+02,    uHat = -2.734e+00,
       pTHat =  1.565e+00,   m3Hat =  1.500e+00,   m4Hat =  1.500e+00,
    thetaHat =  2.825e+00,  phiHat =  3.821e+00.
     alphaEM =  7.631e-03,  alphaS =  1.979e-01    at Q2 =  1.101e+02.

 Impact parameter b =  0.000e+00 gives enhancement factor =  1.000e+00.
 Max pT scale for MPI =  1.058e+01, ISR =  1.049e+01, FSR =  1.049e+01.
 Number of MPI =     1, ISR =     2, FSRproc =     1, FSRreson =     0.

 --------  End PYTHIA Info Listing  ------------------------------------

 --------  PYTHIA Event Listing  (hard process)  -----------------------------------------------------------------------------------
 
    no         id  name            status     mothers   daughters     colours      p_x        p_y        p_z         e          m 
     0         90  (system)           -11     0     0     0     0     0     0      0.000      0.000      3.000     11.000     10.583
     1         11  (e-)               -12     0     0     3     0     0     0      0.000      0.000      7.000      7.000      0.001
     2        -11  (e+)               -12     0     0     4     0     0     0      0.000      0.000     -4.000      4.000      0.001
     3         11  (e-)               -21     1     0     5     6     0     0      0.000      0.000      7.000      7.000      0.000
     4        -11  (e+)               -21     2     0     5     6     0     0      0.000      0.000     -3.933      3.933      0.000
     5          4  c                   23     3     4     0     0   101     0     -1.218     -0.983     -3.445      4.070      1.500
     6         -4  cbar                23     3     4     0     0     0   101      1.218      0.983      6.512      6.863      1.500
                                   Charge sum:  0.000           Momentum sum:      0.000      0.000      3.067     10.933     10.494

 --------  End PYTHIA Event Listing  -----------------------------------------------------------------------------------------------

 --------  PYTHIA Event Listing  (complete event)  ---------------------------------------------------------------------------------
 
    no         id  name            status     mothers   daughters     colours      p_x        p_y        p_z         e          m 
     0         90  (system)           -11     0     0     0     0     0     0      0.000      0.000      3.000     11.000     10.583
     1         11  (e-)               -12     0     0    23     0     0     0      0.000      0.000      7.000      7.000      0.001
     2        -11  (e+)               -12     0     0    24     0     0     0      0.000      0.000     -4.000      4.000      0.001
     3         11  (e-)               -21    10    10     5     6     0     0      0.000      0.000      7.000      7.000      0.000
     4        -11  (e+)               -21    11     0     5     6     0     0      0.000      0.000     -3.933      3.933      0.000
     5          4  (c)                -23     3     4     9     9   101     0     -1.218     -0.983     -3.445      4.070      1.500
     6         -4  (cbar)             -23     3     4     7     8     0   101      1.218      0.983      6.512      6.863      1.500
     7         -4  (cbar)             -51     6     0    13    13     0   102     -2.017      1.949      2.787      4.229      1.500
     8         21  (g)                -51     6     0    14    14   102   101      2.790     -1.325      2.409      3.917      0.000
     9          4  (c)                -52     5     5    12    12   101     0     -0.773     -0.624     -2.129      2.787      1.500
    10         11  (e-)               -42    16    16     3     3     0     0     -0.000      0.000      7.000      7.000      0.000
    11        -11  (e+)               -41    17     0    15     4     0     0      0.000     -0.000     -3.998      3.998      0.000
    12          4  (c)                -44     9     9    18    18   101     0     -0.770     -0.642     -2.129      2.790      1.500
    13         -4  (cbar)             -44     7     7    19    19     0   102     -2.016      1.944      2.777      4.219      1.500
    14         21  (g)                -44     8     8    20    20   102   101      2.791     -1.331      2.413      3.922      0.000
    15         22  (gamma)            -43    11     0    21    21     0     0     -0.005      0.029     -0.060      0.066      0.000
    16         11  (e-)               -42    23    23    10    10     0     0     -0.000      0.000      7.000      7.000      0.000
    17        -11  (e+)               -41    24    24    22    11     0     0      0.000     -0.000     -4.000      4.000      0.000
    18          4  (c)                -44    12    12    25    25   101     0     -0.770     -0.641     -2.129      2.790      1.500
    19         -4  (cbar)             -44    13    13    26    26     0   102     -2.017      1.944      2.777      4.220      1.500
    20         21  (g)                -44    14    14    27    27   102   101      2.791     -1.331      2.413      3.922      0.000
    21         22  (gamma)            -44    15    15    28    28     0     0     -0.005      0.029     -0.060      0.066      0.000
    22         22  (gamma)            -43    17     0    29    29     0     0      0.001     -0.000     -0.002      0.002      0.000
    23         11  (e-)               -61     1     0    16    16     0     0      0.000     -0.000      7.000      7.000      0.000
    24        -11  (e+)               -61     2     0    17    17     0     0      0.000      0.000     -4.000      4.000      0.000
    25          4  c                   62    18    18     0     0   101     0     -0.770     -0.641     -2.129      2.790      1.500
    26         -4  cbar                62    19    19     0     0     0   102     -2.017      1.944      2.777      4.220      1.500
    27         21  g                   62    20    20     0     0   102   101      2.791     -1.331      2.413      3.922      0.000
    28         22  gamma               62    21    21     0     0     0     0     -0.005      0.029     -0.060      0.066      0.000
    29         22  gamma               62    22    22     0     0     0     0      0.001     -0.000     -0.002      0.002      0.000
    30         22  gamma               63     1     0     0     0     0     0      0.000      0.000      0.000      0.000      0.000
    31         22  gamma               63     2     0     0     0     0     0      0.000      0.000     -0.000      0.000      0.000
                                   Charge sum:  0.000           Momentum sum:      0.000     -0.000      3.000     11.000     10.583

 --------  End PYTHIA Event Listing  -----------------------------------------------------------------------------------------------
 PYTHIA Warning in TauDecays::decay: unknown correlated tau production, assuming from unpolarized photon  

 *-------  PYTHIA Event and Cross Section Statistics  -------------------------------------------------------------*
 |                                                                                                                 |
 | Subprocess                                    Code |            Number of events       |      sigma +- delta    |
 |                                                    |       Tried   Selected   Accepted |     (estimated) (mb)   |
 |                                                    |                                   |                        |
 |-----------------------------------------------------------------------------------------------------------------|
 |                                                    |                                   |                        |
 | f fbar -> f' fbar' (s-channel gamma*)          223 |      261845      10000      10000 |   5.988e-06  2.895e-08 |
 |                                                    |                                   |                        |
 | sum                                                |      261845      10000      10000 |   5.988e-06  2.895e-08 |
 |                                                                                                                 |
 *-------  End PYTHIA Event and Cross Section Statistics ----------------------------------------------------------*

 *-------  PYTHIA Error and Warning Messages Statistics  ----------------------------------------------------------* 
 |                                                                                                                 | 
 |  times   message                                                                                                | 
 |                                                                                                                 | 
 |   1466   Warning in TauDecays::decay: unknown correlated tau production, assuming from unpolarized photon       | 
 |                                                                                                                 | 
 *-------  End PYTHIA Error and Warning Messages Statistics  ------------------------------------------------------* 
Gammatau2xmu: 0.000e+00

Gammatau2xe: 1.426e-07

BRtau2xmu: 0.000e+00

BRtau2xe: 1.000e+00

produced tau excluding those daughters are also tau lepton: 2.932e+03
produced X: 2.932e+03
produced X/NMC: 2.932e-01

Proportion of X flying forward (eta>0): 6.156e-01
Proportion of X flying backward (eta<0): 3.844e-01

Total Gamma [GeV]: 3.260e-13
ctau [m]: 6.053e-04

Gammax2tautau: 0.000e+00

Gammax2mumu: 0.000e+00

Gammax2ee: 3.260e-13

Gammax2gmgm: 0.000e+00

BRx2tautau: 0.000e+00

BRx2mumu: 0.000e+00

BRx2ee: 1.000e+00

BRx2gmgm: 0.000e+00

X: insideFidVol: 7.600e+01
observedX: 7.202e+01
visibleX: 7.202e+00

X Observed Fiducial efficiency: 2.456e-02
X Visible Fiducial efficiency: 2.456e-03

reallyProduced tau: 9.200e+10
total number of tau-tau events: 4.600e+10

reallyProducedX: 3.239e+10
reallyobservedX: 7.957e+08
reallyvisibleX: 7.957e+07

