mX:  1.46745
g_TE_Lamb:  0.004
g_EE_Lamb:  0.004
NMC 10000

 *-------  PYTHIA Process Initialization  --------------------------*
 |                                                                  |
 | We collide e- with e+ at a CM energy of 1.058e+01 GeV            |
 |                                                                  |
 |------------------------------------------------------------------|
 |                                                    |             |
 | Subprocess                                    Code |   Estimated |
 |                                                    |    max (mb) |
 |                                                    |             |
 |------------------------------------------------------------------|
 |                                                    |             |
 | f fbar -> f' fbar' (s-channel gamma*)          223 |   1.417e-04 |
 |                                                                  |
 *-------  End PYTHIA Process Initialization -----------------------*

 *-------  PYTHIA Flag + Mode + Parm + Word + FVec + MVec + PVec + WVec Settings (changes only)  ------------------* 
 |                                                                                                                 | 
 | Name                                          |                      Now |      Default         Min         Max | 
 |                                               |                          |                                      | 
 | Beams:eA                                      |                  7.00000 |     7000.000         0.0             | 
 | Beams:eB                                      |                  4.00000 |     7000.000         0.0             | 
 | Beams:frameType                               |                        2 |            1           1           5 | 
 | Beams:idA                                     |                       11 |         2212                         | 
 | Beams:idB                                     |                      -11 |         2212                         | 
 | HadronLevel:Hadronize                         |                      off |           on                         | 
 | Next:numberCount                              |                    10000 |         1000           0             | 
 | PartonLevel:MPI                               |                      off |           on                         | 
 | Random:seed                                   |                        0 |           -1               900000000 | 
 | Random:setSeed                                |                       on |          off                         | 
 | WeakSingleBoson:ffbar2ffbar(s:gm)             |                       on |          off                         | 
 |                                                                                                                 | 
 *-------  End PYTHIA Flag + Mode + Parm + Word + FVec + MVec + PVec + WVec Settings  -----------------------------* 

 --------  PYTHIA Particle Data Table (changed only)  ------------------------------------------------------------------------------
 
      id   name            antiName         spn chg col      m0        mWidth      mMin       mMax       tau0    res dec ext vis wid
             no onMode   bRatio   meMode     products 

      15  tau-             tau+               2  -3   0    1.77682    0.00000    0.00000    0.00000  8.71100e-02   0   1   0   1   0
              0     1   0.0000000  103       36       13 
              1     1   0.9999940  103       36       11 

      36  x                                   1   0   0    1.46745    0.00000    0.00000    0.00000  3.52104e-05   0   1   0   0   0
              0     1   0.0000000  103       15      -15 
              1     1   0.0000000  103       13      -13 
              2     1   1.0000000  103       11      -11 
              3     1   0.0000000  103       22       22 

 --------  End PYTHIA Particle Data Table  -----------------------------------------------------------------------------------------

 PYTHIA Warning in TauDecays::decay: unknown correlated tau production, assuming from unpolarized photon  

 --------  PYTHIA Info Listing  ---------------------------------------- 
 
 Beam A: id =     11, pz =  5.292e+00, e =  5.292e+00, m =  5.110e-04.
 Beam B: id =    -11, pz = -5.292e+00, e =  5.292e+00, m =  5.110e-04.

 In 1: id =   11, x =  1.000e+00, pdf =  2.610e+06 at Q2 =  1.119e+02.
 In 2: id =  -11, x =  9.995e-01, pdf =  6.458e+01 at same Q2.

 Subprocess f fbar -> f' fbar' (s-channel gamma*) with code 223 is 2 -> 2.
 It has sHat =  1.119e+02,    tHat = -4.287e+01,    uHat = -6.907e+01,
       pTHat =  4.844e+00,   m3Hat =  1.777e+00,   m4Hat =  1.777e+00,
    thetaHat =  1.335e+00,  phiHat =  1.135e+00.
     alphaEM =  7.631e-03,  alphaS =  1.975e-01    at Q2 =  1.119e+02.

 Impact parameter b =  0.000e+00 gives enhancement factor =  1.000e+00.
 Max pT scale for MPI =  1.058e+01, ISR =  1.058e+01, FSR =  1.058e+01.
 Number of MPI =     1, ISR =     1, FSRproc =     0, FSRreson =     0.

 --------  End PYTHIA Info Listing  ------------------------------------

 --------  PYTHIA Event Listing  (hard process)  -----------------------------------------------------------------------------------
 
    no         id  name            status     mothers   daughters     colours      p_x        p_y        p_z         e          m 
     0         90  (system)           -11     0     0     0     0     0     0      0.000      0.000      3.000     11.000     10.583
     1         11  (e-)               -12     0     0     3     0     0     0      0.000      0.000      7.000      7.000      0.001
     2        -11  (e+)               -12     0     0     4     0     0     0      0.000      0.000     -4.000      4.000      0.001
     3         11  (e-)               -21     1     0     5     6     0     0      0.000      0.000      7.000      7.000      0.000
     4        -11  (e+)               -21     2     0     5     6     0     0      0.000      0.000     -3.998      3.998      0.000
     5         15  tau-                23     3     4     0     0     0     0      2.044      4.392      2.713      5.830      1.777
     6        -15  tau+                23     3     4     0     0     0     0     -2.044     -4.392      0.289      5.168      1.777
                                   Charge sum:  0.000           Momentum sum:      0.000      0.000      3.002     10.998     10.580

 --------  End PYTHIA Event Listing  -----------------------------------------------------------------------------------------------

 --------  PYTHIA Event Listing  (complete event)  ---------------------------------------------------------------------------------
 
    no         id  name            status     mothers   daughters     colours      p_x        p_y        p_z         e          m 
     0         90  (system)           -11     0     0     0     0     0     0      0.000      0.000      3.000     11.000     10.583
     1         11  (e-)               -12     0     0    12     0     0     0      0.000      0.000      7.000      7.000      0.001
     2        -11  (e+)               -12     0     0    13     0     0     0      0.000      0.000     -4.000      4.000      0.001
     3         11  (e-)               -21     7     7     5     6     0     0      0.000      0.000      7.000      7.000      0.000
     4        -11  (e+)               -21     8     0     5     6     0     0      0.000      0.000     -3.998      3.998      0.000
     5         15  (tau-)             -23     3     4     9     9     0     0      2.044      4.392      2.713      5.830      1.777
     6        -15  (tau+)             -23     3     4    10    10     0     0     -2.044     -4.392      0.289      5.168      1.777
     7         11  (e-)               -42    12    12     3     3     0     0      0.000      0.000      7.000      7.000      0.000
     8        -11  (e+)               -41    13    13    11     4     0     0     -0.000     -0.000     -4.000      4.000      0.000
     9         15  (tau-)             -44     5     5    14    14     0     0      2.043      4.392      2.711      5.828      1.777
    10        -15  (tau+)             -44     6     6    15    15     0     0     -2.045     -4.393      0.290      5.170      1.777
    11         22  (gamma)            -43     8     0    16    16     0     0      0.002      0.002     -0.000      0.002      0.000
    12         11  (e-)               -61     1     0     7     7     0     0     -0.000     -0.000      7.000      7.000      0.000
    13        -11  (e+)               -61     2     0     8     8     0     0      0.000      0.000     -4.000      4.000      0.000
    14         15  (tau-)             -62     9     9    19    20     0     0      2.043      4.392      2.711      5.828      1.777
    15        -15  (tau+)             -62    10    10    21    22     0     0     -2.045     -4.393      0.290      5.170      1.777
    16         22  gamma               62    11    11     0     0     0     0      0.002      0.002     -0.000      0.002      0.000
    17         22  gamma               63     1     0     0     0     0     0      0.000      0.000      0.000      0.000      0.000
    18         22  gamma               63     2     0     0     0     0     0      0.000      0.000     -0.000      0.000      0.000
    19         36  (x)                -91    14     0    23    24     0     0      1.778      4.230      2.688      5.517      1.467
    20         11  e-                  91    14     0     0     0     0     0      0.265      0.161      0.023      0.311      0.001
    21         36  (x)                -91    15     0    25    26     0     0     -2.036     -4.312      0.131      4.991      1.467
    22        -11  e+                  91    15     0     0     0     0     0     -0.009     -0.082      0.159      0.179      0.001
    23         11  e-                  91    19     0     0     0     0     0      1.747      2.904      2.417      4.162      0.001
    24        -11  e+                  91    19     0     0     0     0     0      0.031      1.327      0.271      1.354      0.001
    25         11  e-                  91    21     0     0     0     0     0     -2.237     -4.139      0.221      4.710      0.001
    26        -11  e+                  91    21     0     0     0     0     0      0.201     -0.172     -0.091      0.280      0.001
                                   Charge sum:  0.000           Momentum sum:      0.000      0.000      3.000     11.000     10.583

 --------  End PYTHIA Event Listing  -----------------------------------------------------------------------------------------------
 PYTHIA Warning in PhaseSpace2to2tauyz::trialKin: maximum for cross section violated  

 *-------  PYTHIA Event and Cross Section Statistics  -------------------------------------------------------------*
 |                                                                                                                 |
 | Subprocess                                    Code |            Number of events       |      sigma +- delta    |
 |                                                    |       Tried   Selected   Accepted |     (estimated) (mb)   |
 |                                                    |                                   |                        |
 |-----------------------------------------------------------------------------------------------------------------|
 |                                                    |                                   |                        |
 | f fbar -> f' fbar' (s-channel gamma*)          223 |      231016      10000      10000 |   6.071e-06  3.132e-08 |
 |                                                    |                                   |                        |
 | sum                                                |      231016      10000      10000 |   6.071e-06  3.132e-08 |
 |                                                                                                                 |
 *-------  End PYTHIA Event and Cross Section Statistics ----------------------------------------------------------*

 *-------  PYTHIA Error and Warning Messages Statistics  ----------------------------------------------------------* 
 |                                                                                                                 | 
 |  times   message                                                                                                | 
 |                                                                                                                 | 
 |     98   Warning in PhaseSpace2to2tauyz::trialKin: maximum for cross section violated                           | 
 |   1461   Warning in TauDecays::decay: unknown correlated tau production, assuming from unpolarized photon       | 
 |                                                                                                                 | 
 *-------  End PYTHIA Error and Warning Messages Statistics  ------------------------------------------------------* 
Gammatau2xmu: 0.000e+00

Gammatau2xe: 3.610e-07

BRtau2xmu: 0.000e+00

BRtau2xe: 1.000e+00

produced tau excluding those daughters are also tau lepton: 2.922e+03
produced X: 2.922e+03
produced X/NMC: 2.922e-01

Proportion of X flying forward (eta>0): 6.211e-01
Proportion of X flying backward (eta<0): 3.789e-01

Total Gamma [GeV]: 5.604e-09
ctau [m]: 3.521e-08

Gammax2tautau: 0.000e+00

Gammax2mumu: 0.000e+00

Gammax2ee: 5.604e-09

Gammax2gmgm: 0.000e+00

BRx2tautau: 0.000e+00

BRx2mumu: 0.000e+00

BRx2ee: 1.000e+00

BRx2gmgm: 0.000e+00

X: insideFidVol: 0.000e+00
observedX: 0.000e+00
visibleX: 0.000e+00

X Observed Fiducial efficiency: 0.000e+00
X Visible Fiducial efficiency: 0.000e+00

reallyProduced tau: 9.200e+10
total number of tau-tau events: 4.600e+10

reallyProducedX: 3.239e+10
reallyobservedX: 0.000e+00
reallyvisibleX: 0.000e+00

