mX:  0.0383757
g_TE_Lamb:  8e-07
g_EE_Lamb:  8e-07
NMC 10000

 *-------  PYTHIA Process Initialization  --------------------------*
 |                                                                  |
 | We collide e- with e+ at a CM energy of 1.058e+01 GeV            |
 |                                                                  |
 |------------------------------------------------------------------|
 |                                                    |             |
 | Subprocess                                    Code |   Estimated |
 |                                                    |    max (mb) |
 |                                                    |             |
 |------------------------------------------------------------------|
 |                                                    |             |
 | f fbar -> f' fbar' (s-channel gamma*)          223 |   1.623e-04 |
 |                                                                  |
 *-------  End PYTHIA Process Initialization -----------------------*

 *-------  PYTHIA Flag + Mode + Parm + Word + FVec + MVec + PVec + WVec Settings (changes only)  ------------------* 
 |                                                                                                                 | 
 | Name                                          |                      Now |      Default         Min         Max | 
 |                                               |                          |                                      | 
 | Beams:eA                                      |                  7.00000 |     7000.000         0.0             | 
 | Beams:eB                                      |                  4.00000 |     7000.000         0.0             | 
 | Beams:frameType                               |                        2 |            1           1           5 | 
 | Beams:idA                                     |                       11 |         2212                         | 
 | Beams:idB                                     |                      -11 |         2212                         | 
 | HadronLevel:Hadronize                         |                      off |           on                         | 
 | Next:numberCount                              |                    10000 |         1000           0             | 
 | PartonLevel:MPI                               |                      off |           on                         | 
 | Random:seed                                   |                        0 |           -1               900000000 | 
 | Random:setSeed                                |                       on |          off                         | 
 | WeakSingleBoson:ffbar2ffbar(s:gm)             |                       on |          off                         | 
 |                                                                                                                 | 
 *-------  End PYTHIA Flag + Mode + Parm + Word + FVec + MVec + PVec + WVec Settings  -----------------------------* 

 --------  PYTHIA Particle Data Table (changed only)  ------------------------------------------------------------------------------
 
      id   name            antiName         spn chg col      m0        mWidth      mMin       mMax       tau0    res dec ext vis wid
             no onMode   bRatio   meMode     products 

      15  tau-             tau+               2  -3   0    1.77682    0.00000    0.00000    0.00000  8.71100e-02   0   1   0   1   0
              0     1   0.0000000  103       36       13 
              1     1   0.0592580  103       36       11 

      36  x                                   1   0   0  3.838e-02  0.000e+00  0.000e+00  0.000e+00  1.28759e+06   0   1   0   0   0
              0     1   0.0000000  103       15      -15 
              1     1   0.0000000  103       13      -13 
              2     1   1.0000000  103       11      -11 
              3     1   0.0000000  103       22       22 

 --------  End PYTHIA Particle Data Table  -----------------------------------------------------------------------------------------


 --------  PYTHIA Info Listing  ---------------------------------------- 
 
 Beam A: id =     11, pz =  5.292e+00, e =  5.292e+00, m =  5.110e-04.
 Beam B: id =    -11, pz = -5.292e+00, e =  5.292e+00, m =  5.110e-04.

 In 1: id =   11, x =  1.000e+00, pdf =  5.793e+07 at Q2 =  1.120e+02.
 In 2: id =  -11, x =  1.000e+00, pdf =  2.331e+07 at same Q2.

 Subprocess f fbar -> f' fbar' (s-channel gamma*) with code 223 is 2 -> 2.
 It has sHat =  1.120e+02,    tHat = -6.496e+00,    uHat = -1.055e+02,
       pTHat =  2.469e+00,   m3Hat =  3.300e-01,   m4Hat =  3.300e-01,
    thetaHat =  4.864e-01,  phiHat =  4.144e+00.
     alphaEM =  7.631e-03,  alphaS =  1.975e-01    at Q2 =  1.120e+02.

 Impact parameter b =  0.000e+00 gives enhancement factor =  1.000e+00.
 Max pT scale for MPI =  1.058e+01, ISR =  1.058e+01, FSR =  1.058e+01.
 Number of MPI =     1, ISR =     0, FSRproc =     5, FSRreson =     0.

 --------  End PYTHIA Info Listing  ------------------------------------

 --------  PYTHIA Event Listing  (hard process)  -----------------------------------------------------------------------------------
 
    no         id  name            status     mothers   daughters     colours      p_x        p_y        p_z         e          m 
     0         90  (system)           -11     0     0     0     0     0     0      0.000      0.000      3.000     11.000     10.583
     1         11  (e-)               -12     0     0     3     0     0     0      0.000      0.000      7.000      7.000      0.001
     2        -11  (e+)               -12     0     0     4     0     0     0      0.000      0.000     -4.000      4.000      0.001
     3         11  (e-)               -21     1     0     5     6     0     0      0.000      0.000      7.000      7.000      0.000
     4        -11  (e+)               -21     2     0     5     6     0     0      0.000      0.000     -4.000      4.000      0.000
     5          2  u                   23     3     4     0     0   101     0     -1.329     -2.081      6.353      6.823      0.330
     6         -2  ubar                23     3     4     0     0     0   101      1.329      2.081     -3.353      4.177      0.330
                                   Charge sum:  0.000           Momentum sum:      0.000      0.000      3.000     11.000     10.583

 --------  End PYTHIA Event Listing  -----------------------------------------------------------------------------------------------

 --------  PYTHIA Event Listing  (complete event)  ---------------------------------------------------------------------------------
 
    no         id  name            status     mothers   daughters     colours      p_x        p_y        p_z         e          m 
     0         90  (system)           -11     0     0     0     0     0     0      0.000      0.000      3.000     11.000     10.583
     1         11  (e-)               -12     0     0    22     0     0     0      0.000      0.000      7.000      7.000      0.001
     2        -11  (e+)               -12     0     0    23     0     0     0      0.000      0.000     -4.000      4.000      0.001
     3         11  (e-)               -21    22    22     5     6     0     0      0.000      0.000      7.000      7.000      0.000
     4        -11  (e+)               -21    23    23     5     6     0     0      0.000      0.000     -4.000      4.000      0.000
     5          2  (u)                -23     3     4     9     9   101     0     -1.329     -2.081      6.353      6.823      0.330
     6         -2  (ubar)             -23     3     4     7     8     0   101      1.329      2.081     -3.353      4.177      0.330
     7         -2  (ubar)             -51     6     0    13    14     0   102      0.340      1.654     -3.295      3.717      0.330
     8         21  (g)                -51     6     0    10    11   102   101      0.878      0.253      0.475      1.029      0.000
     9          2  (u)                -52     5     5    12    12   101     0     -1.218     -1.906      5.821      6.253      0.330
    10         21  (g)                -51     8     0    15    15   102   103      0.819     -0.439      1.864      2.083      0.000
    11         21  (g)                -51     8     0    27    27   103   101     -0.221      0.261     -0.080      0.351      0.000
    12          2  (u)                -52     9     9    24    24   101     0     -0.938     -1.475      4.511      4.849      0.330
    13         -2  (ubar)             -51     7     0    18    18     0   104      0.584      1.760     -3.209      3.721      0.330
    14         21  (g)                -51     7     0    16    17   104   102     -0.139     -0.163      0.154      0.263      0.000
    15         21  (g)                -52    10    10    19    20   102   103      0.714     -0.383      1.625      1.816      0.000
    16         21  (g)                -51    14     0    21    21   105   102      0.341      0.316     -1.219      1.304      0.000
    17         21  (g)                -51    14     0    29    29   104   105     -0.255      0.190      0.158      0.355      0.000
    18         -2  (ubar)             -52    13    13    25    25     0   104      0.359      1.092     -1.994      2.325      0.330
    19         21  (g)                -51    15     0    26    26   106   103      0.476     -0.759      1.057      1.385      0.000
    20         21  (g)                -51    15     0    30    30   102   106      0.292      0.426      0.374      0.638      0.000
    21         21  (g)                -52    16    16    28    28   105   102      0.287      0.266     -1.025      1.097      0.000
    22         11  (e-)               -61     1     0     3     3     0     0      0.000      0.000      7.000      7.000      0.000
    23        -11  (e+)               -61     2     0     4     4     0     0      0.000      0.000     -4.000      4.000      0.000
    24          2  u                   62    12    12     0     0   101     0     -0.938     -1.475      4.511      4.849      0.330
    25         -2  ubar                62    18    18     0     0     0   104      0.359      1.092     -1.994      2.325      0.330
    26         21  g                   62    19    19     0     0   106   103      0.476     -0.759      1.057      1.385      0.000
    27         21  g                   62    11    11     0     0   103   101     -0.221      0.261     -0.080      0.351      0.000
    28         21  g                   62    21    21     0     0   105   102      0.287      0.266     -1.025      1.097      0.000
    29         21  g                   62    17    17     0     0   104   105     -0.255      0.190      0.158      0.355      0.000
    30         21  g                   62    20    20     0     0   102   106      0.292      0.426      0.374      0.638      0.000
    31         22  gamma               63     1     0     0     0     0     0      0.000      0.000      0.000      0.000      0.000
    32         22  gamma               63     2     0     0     0     0     0      0.000      0.000     -0.000      0.000      0.000
                                   Charge sum:  0.000           Momentum sum:     -0.000     -0.000      3.000     11.000     10.583

 --------  End PYTHIA Event Listing  -----------------------------------------------------------------------------------------------
 PYTHIA Warning in TauDecays::decay: unknown correlated tau production, assuming from unpolarized photon  

 *-------  PYTHIA Event and Cross Section Statistics  -------------------------------------------------------------*
 |                                                                                                                 |
 | Subprocess                                    Code |            Number of events       |      sigma +- delta    |
 |                                                    |       Tried   Selected   Accepted |     (estimated) (mb)   |
 |                                                    |                                   |                        |
 |-----------------------------------------------------------------------------------------------------------------|
 |                                                    |                                   |                        |
 | f fbar -> f' fbar' (s-channel gamma*)          223 |      264291      10000      10000 |   6.020e-06  2.920e-08 |
 |                                                    |                                   |                        |
 | sum                                                |      264291      10000      10000 |   6.020e-06  2.920e-08 |
 |                                                                                                                 |
 *-------  End PYTHIA Event and Cross Section Statistics ----------------------------------------------------------*

 *-------  PYTHIA Error and Warning Messages Statistics  ----------------------------------------------------------* 
 |                                                                                                                 | 
 |  times   message                                                                                                | 
 |                                                                                                                 | 
 |   1440   Warning in TauDecays::decay: unknown correlated tau production, assuming from unpolarized photon       | 
 |                                                                                                                 | 
 *-------  End PYTHIA Error and Warning Messages Statistics  ------------------------------------------------------* 
Gammatau2xmu: 0.000e+00

Gammatau2xe: 1.427e-13

BRtau2xmu: 0.000e+00

BRtau2xe: 5.926e-02

produced tau excluding those daughters are also tau lepton: 2.880e+03
produced X: 2.880e+03
produced X/NMC: 2.880e-01

Proportion of X flying forward (eta>0): 6.212e-01
Proportion of X flying backward (eta<0): 3.788e-01

Total Gamma [GeV]: 1.533e-19
ctau [m]: 1.288e+03

Gammax2tautau: 0.000e+00

Gammax2mumu: 0.000e+00

Gammax2ee: 1.533e-19

Gammax2gmgm: 0.000e+00

BRx2tautau: 0.000e+00

BRx2mumu: 0.000e+00

BRx2ee: 1.000e+00

BRx2gmgm: 0.000e+00

X: insideFidVol: 0.000e+00
observedX: 4.797e-02
visibleX: 4.797e-03

X Observed Fiducial efficiency: 1.666e-05
X Visible Fiducial efficiency: 1.666e-06

reallyProduced tau: 9.200e+10
total number of tau-tau events: 4.600e+10

reallyProducedX: 1.920e+09
reallyobservedX: 3.197e+04
reallyvisibleX: 3.197e+03

