mX:  1
g_TE_Lamb:  4e-08
g_MM_Lamb:  4e-10
NMC 10000

 *-------  PYTHIA Process Initialization  --------------------------*
 |                                                                  |
 | We collide e- with e+ at a CM energy of 1.058e+01 GeV            |
 |                                                                  |
 |------------------------------------------------------------------|
 |                                                    |             |
 | Subprocess                                    Code |   Estimated |
 |                                                    |    max (mb) |
 |                                                    |             |
 |------------------------------------------------------------------|
 |                                                    |             |
 | f fbar -> f' fbar' (s-channel gamma*)          223 |   1.392e-04 |
 |                                                                  |
 *-------  End PYTHIA Process Initialization -----------------------*

 *-------  PYTHIA Flag + Mode + Parm + Word + FVec + MVec + PVec + WVec Settings (changes only)  ------------------* 
 |                                                                                                                 | 
 | Name                                          |                      Now |      Default         Min         Max | 
 |                                               |                          |                                      | 
 | Beams:eA                                      |                  7.00000 |     7000.000         0.0             | 
 | Beams:eB                                      |                  4.00000 |     7000.000         0.0             | 
 | Beams:frameType                               |                        2 |            1           1           5 | 
 | Beams:idA                                     |                       11 |         2212                         | 
 | Beams:idB                                     |                      -11 |         2212                         | 
 | HadronLevel:Hadronize                         |                      off |           on                         | 
 | Next:numberCount                              |                    10000 |         1000           0             | 
 | PartonLevel:MPI                               |                      off |           on                         | 
 | Random:seed                                   |                        0 |           -1               900000000 | 
 | Random:setSeed                                |                       on |          off                         | 
 | WeakSingleBoson:ffbar2ffbar(s:gm)             |                       on |          off                         | 
 |                                                                                                                 | 
 *-------  End PYTHIA Flag + Mode + Parm + Word + FVec + MVec + PVec + WVec Settings  -----------------------------* 

 --------  PYTHIA Particle Data Table (changed only)  ------------------------------------------------------------------------------
 
      id   name            antiName         spn chg col      m0        mWidth      mMin       mMax       tau0    res dec ext vis wid
             no onMode   bRatio   meMode     products 

      15  tau-             tau+               2  -3   0    1.77682    0.00000    0.00000    0.00000  8.71100e-02   0   1   0   1   0
              0     1   0.0000000  103       36       13 
              1     1   0.0000736  103       36       11 

      36  x                                   1   0   0    1.00000    0.00000    0.00000    0.00000  3.75174e+07   0   1   0   0   0
              0     1   0.0000000  103       15      -15 
              1     1   1.0000000  103       13      -13 
              2     1   0.0000000  103       11      -11 
              3     1   0.0000000  103       22       22 

 --------  End PYTHIA Particle Data Table  -----------------------------------------------------------------------------------------


 --------  PYTHIA Info Listing  ---------------------------------------- 
 
 Beam A: id =     11, pz =  5.292e+00, e =  5.292e+00, m =  5.110e-04.
 Beam B: id =    -11, pz = -5.292e+00, e =  5.292e+00, m =  5.110e-04.

 In 1: id =   11, x =  1.000e+00, pdf =  1.970e+07 at Q2 =  1.120e+02.
 In 2: id =  -11, x =  1.000e+00, pdf =  4.552e+08 at same Q2.

 Subprocess f fbar -> f' fbar' (s-channel gamma*) with code 223 is 2 -> 2.
 It has sHat =  1.120e+02,    tHat = -1.064e+02,    uHat = -5.599e+00,
       pTHat =  2.302e+00,   m3Hat =  3.300e-01,   m4Hat =  3.300e-01,
    thetaHat =  2.691e+00,  phiHat =  7.967e-01.
     alphaEM =  7.631e-03,  alphaS =  1.975e-01    at Q2 =  1.120e+02.

 Impact parameter b =  0.000e+00 gives enhancement factor =  1.000e+00.
 Max pT scale for MPI =  1.058e+01, ISR =  1.058e+01, FSR =  1.058e+01.
 Number of MPI =     1, ISR =     0, FSRproc =     3, FSRreson =     0.

 --------  End PYTHIA Info Listing  ------------------------------------

 --------  PYTHIA Event Listing  (hard process)  -----------------------------------------------------------------------------------
 
    no         id  name            status     mothers   daughters     colours      p_x        p_y        p_z         e          m 
     0         90  (system)           -11     0     0     0     0     0     0      0.000      0.000      3.000     11.000     10.583
     1         11  (e-)               -12     0     0     3     0     0     0      0.000      0.000      7.000      7.000      0.001
     2        -11  (e+)               -12     0     0     4     0     0     0      0.000      0.000     -4.000      4.000      0.001
     3         11  (e-)               -21     1     0     5     6     0     0      0.000      0.000      7.000      7.000      0.000
     4        -11  (e+)               -21     2     0     5     6     0     0      0.000      0.000     -4.000      4.000      0.000
     5          1  d                   23     3     4     0     0   101     0      1.609      1.646     -3.441      4.153      0.330
     6         -1  dbar                23     3     4     0     0     0   101     -1.609     -1.646      6.441      6.847      0.330
                                   Charge sum:  0.000           Momentum sum:      0.000      0.000      3.000     11.000     10.583

 --------  End PYTHIA Event Listing  -----------------------------------------------------------------------------------------------

 --------  PYTHIA Event Listing  (complete event)  ---------------------------------------------------------------------------------
 
    no         id  name            status     mothers   daughters     colours      p_x        p_y        p_z         e          m 
     0         90  (system)           -11     0     0     0     0     0     0      0.000      0.000      3.000     11.000     10.583
     1         11  (e-)               -12     0     0    16     0     0     0      0.000      0.000      7.000      7.000      0.001
     2        -11  (e+)               -12     0     0    17     0     0     0      0.000      0.000     -4.000      4.000      0.001
     3         11  (e-)               -21    16    16     5     6     0     0      0.000      0.000      7.000      7.000      0.000
     4        -11  (e+)               -21    17    17     5     6     0     0      0.000      0.000     -4.000      4.000      0.000
     5          1  (d)                -23     3     4     9     9   101     0      1.609      1.646     -3.441      4.153      0.330
     6         -1  (dbar)             -23     3     4     7     8     0   101     -1.609     -1.646      6.441      6.847      0.330
     7         -1  (dbar)             -51     6     0    13    14     0   103     -2.057     -0.574      5.348      5.768      0.330
     8         21  (g)                -51     6     0    10    11   103   101      0.568     -0.949      0.836      1.387      0.000
     9          1  (d)                -52     5     5    12    12   101     0      1.489      1.523     -3.184      3.845      0.330
    10         21  (g)                -51     8     0    15    15   103   104      0.401     -1.170      0.576      1.365      0.000
    11         21  (g)                -51     8     0    21    21   104   101      0.509      0.576     -0.478      0.905      0.000
    12          1  (d)                -52     9     9    18    18   101     0      1.147      1.168     -2.446      2.962      0.330
    13         -1  (dbar)             -51     7     0    19    19     0   105     -1.987     -0.418      5.143      5.539      0.330
    14         21  (g)                -51     7     0    22    22   105   103      0.024     -0.431      0.341      0.550      0.000
    15         21  (g)                -52    10    10    20    20   103   104      0.307     -0.895      0.441      1.043      0.000
    16         11  (e-)               -61     1     0     3     3     0     0      0.000      0.000      7.000      7.000      0.000
    17        -11  (e+)               -61     2     0     4     4     0     0      0.000      0.000     -4.000      4.000      0.000
    18          1  d                   62    12    12     0     0   101     0      1.147      1.168     -2.446      2.962      0.330
    19         -1  dbar                62    13    13     0     0     0   105     -1.987     -0.418      5.143      5.539      0.330
    20         21  g                   62    15    15     0     0   103   104      0.307     -0.895      0.441      1.043      0.000
    21         21  g                   62    11    11     0     0   104   101      0.509      0.576     -0.478      0.905      0.000
    22         21  g                   62    14    14     0     0   105   103      0.024     -0.431      0.341      0.550      0.000
    23         22  gamma               63     1     0     0     0     0     0      0.000      0.000      0.000      0.000      0.000
    24         22  gamma               63     2     0     0     0     0     0      0.000      0.000     -0.000      0.000      0.000
                                   Charge sum:  0.000           Momentum sum:      0.000     -0.000      3.000     11.000     10.583

 --------  End PYTHIA Event Listing  -----------------------------------------------------------------------------------------------
 PYTHIA Warning in TauDecays::decay: unknown correlated tau production, assuming from unpolarized photon  
 PYTHIA Warning in PhaseSpace2to2tauyz::trialKin: maximum for cross section violated  

 *-------  PYTHIA Event and Cross Section Statistics  -------------------------------------------------------------*
 |                                                                                                                 |
 | Subprocess                                    Code |            Number of events       |      sigma +- delta    |
 |                                                    |       Tried   Selected   Accepted |     (estimated) (mb)   |
 |                                                    |                                   |                        |
 |-----------------------------------------------------------------------------------------------------------------|
 |                                                    |                                   |                        |
 | f fbar -> f' fbar' (s-channel gamma*)          223 |      231368      10000      10000 |   5.991e-06  3.101e-08 |
 |                                                    |                                   |                        |
 | sum                                                |      231368      10000      10000 |   5.991e-06  3.101e-08 |
 |                                                                                                                 |
 *-------  End PYTHIA Event and Cross Section Statistics ----------------------------------------------------------*

 *-------  PYTHIA Error and Warning Messages Statistics  ----------------------------------------------------------* 
 |                                                                                                                 | 
 |  times   message                                                                                                | 
 |                                                                                                                 | 
 |    145   Warning in PhaseSpace2to2tauyz::trialKin: maximum for cross section violated                           | 
 |   1487   Warning in TauDecays::decay: unknown correlated tau production, assuming from unpolarized photon       | 
 |                                                                                                                 | 
 *-------  End PYTHIA Error and Warning Messages Statistics  ------------------------------------------------------* 
Gammatau2xmu: 0.000e+00

Gammatau2xe: 1.667e-16

BRtau2xmu: 0.000e+00

BRtau2xe: 7.358e-05

produced tau excluding those daughters are also tau lepton: 2.974e+03
produced X: 2.974e+03
produced X/NMC: 2.974e-01

Proportion of X flying forward (eta>0): 6.163e-01
Proportion of X flying backward (eta<0): 3.837e-01

Total Gamma [GeV]: 5.260e-21
ctau [m]: 3.752e+04

Gammax2tautau: 0.000e+00

Gammax2mumu: 5.260e-21

Gammax2ee: 0.000e+00

Gammax2gmgm: 0.000e+00

BRx2tautau: 0.000e+00

BRx2mumu: 1.000e+00

BRx2ee: 0.000e+00

BRx2gmgm: 0.000e+00

X: insideFidVol: 0.000e+00
observedX: 2.138e-02
visibleX: 2.138e-03

X Observed Fiducial efficiency: 7.189e-06
X Visible Fiducial efficiency: 7.189e-07

reallyProduced tau: 9.200e+10
total number of tau-tau events: 4.600e+10

reallyProducedX: 2.384e+06
reallyobservedX: 1.713e+01
reallyvisibleX: 1.713e+00

