mX:  1
g_TE_Lamb:  6e-10
g_MM_Lamb:  1.5e-08
NMC 10000

 *-------  PYTHIA Process Initialization  --------------------------*
 |                                                                  |
 | We collide e- with e+ at a CM energy of 1.058e+01 GeV            |
 |                                                                  |
 |------------------------------------------------------------------|
 |                                                    |             |
 | Subprocess                                    Code |   Estimated |
 |                                                    |    max (mb) |
 |                                                    |             |
 |------------------------------------------------------------------|
 |                                                    |             |
 | f fbar -> f' fbar' (s-channel gamma*)          223 |   1.522e-04 |
 |                                                                  |
 *-------  End PYTHIA Process Initialization -----------------------*

 *-------  PYTHIA Flag + Mode + Parm + Word + FVec + MVec + PVec + WVec Settings (changes only)  ------------------* 
 |                                                                                                                 | 
 | Name                                          |                      Now |      Default         Min         Max | 
 |                                               |                          |                                      | 
 | Beams:eA                                      |                  7.00000 |     7000.000         0.0             | 
 | Beams:eB                                      |                  4.00000 |     7000.000         0.0             | 
 | Beams:frameType                               |                        2 |            1           1           5 | 
 | Beams:idA                                     |                       11 |         2212                         | 
 | Beams:idB                                     |                      -11 |         2212                         | 
 | HadronLevel:Hadronize                         |                      off |           on                         | 
 | Next:numberCount                              |                    10000 |         1000           0             | 
 | PartonLevel:MPI                               |                      off |           on                         | 
 | Random:seed                                   |                        0 |           -1               900000000 | 
 | Random:setSeed                                |                       on |          off                         | 
 | WeakSingleBoson:ffbar2ffbar(s:gm)             |                       on |          off                         | 
 |                                                                                                                 | 
 *-------  End PYTHIA Flag + Mode + Parm + Word + FVec + MVec + PVec + WVec Settings  -----------------------------* 

 --------  PYTHIA Particle Data Table (changed only)  ------------------------------------------------------------------------------
 
      id   name            antiName         spn chg col      m0        mWidth      mMin       mMax       tau0    res dec ext vis wid
             no onMode   bRatio   meMode     products 

      15  tau-             tau+               2  -3   0    1.77682    0.00000    0.00000    0.00000  8.71100e-02   0   1   0   1   0
              0     1   0.0000000  103       36       13 
              1     1   0.0000000  103       36       11 

      36  x                                   1   0   0    1.00000    0.00000    0.00000    0.00000  2.66790e+04   0   1   0   0   0
              0     1   0.0000000  103       15      -15 
              1     1   1.0000000  103       13      -13 
              2     1   0.0000000  103       11      -11 
              3     1   0.0000000  103       22       22 

 --------  End PYTHIA Particle Data Table  -----------------------------------------------------------------------------------------

 PYTHIA Warning in TauDecays::decay: unknown correlated tau production, assuming from unpolarized photon  

 --------  PYTHIA Info Listing  ---------------------------------------- 
 
 Beam A: id =     11, pz =  5.292e+00, e =  5.292e+00, m =  5.110e-04.
 Beam B: id =    -11, pz = -5.292e+00, e =  5.292e+00, m =  5.110e-04.

 In 1: id =   11, x =  9.954e-01, pdf =  7.723e+00 at Q2 =  1.103e+02.
 In 2: id =  -11, x =  9.897e-01, pdf =  3.520e+00 at same Q2.

 Subprocess f fbar -> f' fbar' (s-channel gamma*) with code 223 is 2 -> 2.
 It has sHat =  1.103e+02,    tHat = -1.052e+01,    uHat = -9.982e+01,
       pTHat =  2.903e+00,   m3Hat =  1.777e+00,   m4Hat =  1.777e+00,
    thetaHat =  6.277e-01,  phiHat =  6.014e+00.
     alphaEM =  7.631e-03,  alphaS =  1.978e-01    at Q2 =  1.103e+02.

 Impact parameter b =  0.000e+00 gives enhancement factor =  1.000e+00.
 Max pT scale for MPI =  1.058e+01, ISR =  1.058e+01, FSR =  1.058e+01.
 Number of MPI =     1, ISR =     2, FSRproc =     0, FSRreson =     0.

 --------  End PYTHIA Info Listing  ------------------------------------

 --------  PYTHIA Event Listing  (hard process)  -----------------------------------------------------------------------------------
 
    no         id  name            status     mothers   daughters     colours      p_x        p_y        p_z         e          m 
     0         90  (system)           -11     0     0     0     0     0     0      0.000      0.000      3.000     11.000     10.583
     1         11  (e-)               -12     0     0     3     0     0     0      0.000      0.000      7.000      7.000      0.001
     2        -11  (e+)               -12     0     0     4     0     0     0      0.000      0.000     -4.000      4.000      0.001
     3         11  (e-)               -21     1     0     5     6     0     0      0.000      0.000      6.968      6.968      0.000
     4        -11  (e+)               -21     2     0     5     6     0     0      0.000      0.000     -3.959      3.959      0.000
     5         15  tau-                23     3     4     0     0     0     0      2.798     -0.771      5.666      6.609      1.777
     6        -15  tau+                23     3     4     0     0     0     0     -2.798      0.771     -2.656      4.317      1.777
                                   Charge sum:  0.000           Momentum sum:      0.000      0.000      3.009     10.927     10.504

 --------  End PYTHIA Event Listing  -----------------------------------------------------------------------------------------------

 --------  PYTHIA Event Listing  (complete event)  ---------------------------------------------------------------------------------
 
    no         id  name            status     mothers   daughters     colours      p_x        p_y        p_z         e          m 
     0         90  (system)           -11     0     0     0     0     0     0      0.000      0.000      3.000     11.000     10.583
     1         11  (e-)               -12     0     0    18     0     0     0      0.000      0.000      7.000      7.000      0.001
     2        -11  (e+)               -12     0     0    19     0     0     0      0.000      0.000     -4.000      4.000      0.001
     3         11  (e-)               -21     7     7     5     6     0     0      0.000      0.000      6.968      6.968      0.000
     4        -11  (e+)               -21     8     0     5     6     0     0      0.000      0.000     -3.959      3.959      0.000
     5         15  (tau-)             -23     3     4     9     9     0     0      2.798     -0.771      5.666      6.609      1.777
     6        -15  (tau+)             -23     3     4    10    10     0     0     -2.798      0.771     -2.656      4.317      1.777
     7         11  (e-)               -42    12     0     3     3     0     0     -0.000     -0.000      6.968      6.968      0.000
     8        -11  (e+)               -41    13    13    11     4     0     0      0.000      0.000     -4.000      4.000      0.000
     9         15  (tau-)             -44     5     5    14    14     0     0      2.798     -0.772      5.664      6.608      1.777
    10        -15  (tau+)             -44     6     6    15    15     0     0     -2.802      0.762     -2.656      4.318      1.777
    11         22  (gamma)            -43     8     0    16    16     0     0      0.004      0.010     -0.040      0.042      0.000
    12         11  (e-)               -41    18    18    17     7     0     0     -0.000      0.000      7.000      7.000      0.000
    13        -11  (e+)               -42    19    19     8     8     0     0      0.000     -0.000     -4.000      4.000      0.000
    14         15  (tau-)             -44     9     9    20    20     0     0      2.793     -0.772      5.666      6.607      1.777
    15        -15  (tau+)             -44    10    10    21    21     0     0     -2.803      0.762     -2.657      4.319      1.777
    16         22  (gamma)            -44    11    11    22    22     0     0      0.004      0.010     -0.040      0.042      0.000
    17         22  (gamma)            -43    12     0    23    23     0     0      0.006     -0.000      0.031      0.032      0.000
    18         11  (e-)               -61     1     0    12    12     0     0      0.000     -0.000      7.000      7.000      0.000
    19        -11  (e+)               -61     2     0    13    13     0     0      0.000      0.000     -4.000      4.000      0.000
    20         15  (tau-)             -62    14    14    28    29     0     0      2.793     -0.772      5.666      6.607      1.777
    21        -15  (tau+)             -62    15    15    26    27     0     0     -2.803      0.762     -2.657      4.319      1.777
    22         22  gamma               62    16    16     0     0     0     0      0.004      0.010     -0.040      0.042      0.000
    23         22  gamma               62    17    17     0     0     0     0      0.006     -0.000      0.031      0.032      0.000
    24         22  gamma               63     1     0     0     0     0     0      0.000      0.000      0.000      0.000      0.000
    25         22  gamma               63     2     0     0     0     0     0      0.000      0.000     -0.000      0.000      0.000
    26         36  (x)                -91    21     0    30    31     0     0     -1.721      0.919     -1.205      2.502      1.000
    27        -11  e+                  91    21     0     0     0     0     0     -1.082     -0.157     -1.452      1.817      0.001
    28         36  (x)                -91    20     0    32    33     0     0      2.681     -0.455      5.532      6.245      1.000
    29         11  e-                  91    20     0     0     0     0     0      0.112     -0.318      0.134      0.362      0.001
    30         13  mu-                 91    26     0     0     0     0     0     -0.622      0.045     -0.832      1.045      0.106
    31        -13  mu+                 91    26     0     0     0     0     0     -1.099      0.874     -0.374      1.457      0.106
    32         13  mu-                 91    28     0     0     0     0     0      0.947      0.145      2.718      2.884      0.106
    33        -13  mu+                 91    28     0     0     0     0     0      1.734     -0.599      2.814      3.361      0.106
                                   Charge sum:  0.000           Momentum sum:     -0.000      0.000      3.000     11.000     10.583

 --------  End PYTHIA Event Listing  -----------------------------------------------------------------------------------------------
 PYTHIA Warning in PhaseSpace2to2tauyz::trialKin: maximum for cross section violated  

 *-------  PYTHIA Event and Cross Section Statistics  -------------------------------------------------------------*
 |                                                                                                                 |
 | Subprocess                                    Code |            Number of events       |      sigma +- delta    |
 |                                                    |       Tried   Selected   Accepted |     (estimated) (mb)   |
 |                                                    |                                   |                        |
 |-----------------------------------------------------------------------------------------------------------------|
 |                                                    |                                   |                        |
 | f fbar -> f' fbar' (s-channel gamma*)          223 |      256014      10000      10000 |   5.982e-06  2.944e-08 |
 |                                                    |                                   |                        |
 | sum                                                |      256014      10000      10000 |   5.982e-06  2.944e-08 |
 |                                                                                                                 |
 *-------  End PYTHIA Event and Cross Section Statistics ----------------------------------------------------------*

 *-------  PYTHIA Error and Warning Messages Statistics  ----------------------------------------------------------* 
 |                                                                                                                 | 
 |  times   message                                                                                                | 
 |                                                                                                                 | 
 |     12   Warning in PhaseSpace2to2tauyz::trialKin: maximum for cross section violated                           | 
 |   1499   Warning in TauDecays::decay: unknown correlated tau production, assuming from unpolarized photon       | 
 |                                                                                                                 | 
 *-------  End PYTHIA Error and Warning Messages Statistics  ------------------------------------------------------* 
Gammatau2xmu: 0.000e+00

Gammatau2xe: 3.751e-20

BRtau2xmu: 0.000e+00

BRtau2xe: 1.656e-08

produced tau excluding those daughters are also tau lepton: 2.998e+03
produced X: 2.998e+03
produced X/NMC: 2.998e-01

Proportion of X flying forward (eta>0): 6.231e-01
Proportion of X flying backward (eta<0): 3.769e-01

Total Gamma [GeV]: 7.396e-18
ctau [m]: 2.668e+01

Gammax2tautau: 0.000e+00

Gammax2mumu: 7.396e-18

Gammax2ee: 0.000e+00

Gammax2gmgm: 0.000e+00

BRx2tautau: 0.000e+00

BRx2mumu: 1.000e+00

BRx2ee: 0.000e+00

BRx2gmgm: 0.000e+00

X: insideFidVol: 2.900e+01
observedX: 2.975e+01
visibleX: 2.975e+00

X Observed Fiducial efficiency: 9.923e-03
X Visible Fiducial efficiency: 9.923e-04

reallyProduced tau: 9.200e+10
total number of tau-tau events: 4.600e+10

reallyProducedX: 5.363e+02
reallyobservedX: 5.322e+00
reallyvisibleX: 5.322e-01

