mX:  1
g_TE_Lamb:  8e-09
g_MM_Lamb:  1e-09
NMC 10000

 *-------  PYTHIA Process Initialization  --------------------------*
 |                                                                  |
 | We collide e- with e+ at a CM energy of 1.058e+01 GeV            |
 |                                                                  |
 |------------------------------------------------------------------|
 |                                                    |             |
 | Subprocess                                    Code |   Estimated |
 |                                                    |    max (mb) |
 |                                                    |             |
 |------------------------------------------------------------------|
 |                                                    |             |
 | f fbar -> f' fbar' (s-channel gamma*)          223 |   1.682e-04 |
 |                                                                  |
 *-------  End PYTHIA Process Initialization -----------------------*

 *-------  PYTHIA Flag + Mode + Parm + Word + FVec + MVec + PVec + WVec Settings (changes only)  ------------------* 
 |                                                                                                                 | 
 | Name                                          |                      Now |      Default         Min         Max | 
 |                                               |                          |                                      | 
 | Beams:eA                                      |                  7.00000 |     7000.000         0.0             | 
 | Beams:eB                                      |                  4.00000 |     7000.000         0.0             | 
 | Beams:frameType                               |                        2 |            1           1           5 | 
 | Beams:idA                                     |                       11 |         2212                         | 
 | Beams:idB                                     |                      -11 |         2212                         | 
 | HadronLevel:Hadronize                         |                      off |           on                         | 
 | Next:numberCount                              |                    10000 |         1000           0             | 
 | PartonLevel:MPI                               |                      off |           on                         | 
 | Random:seed                                   |                        0 |           -1               900000000 | 
 | Random:setSeed                                |                       on |          off                         | 
 | WeakSingleBoson:ffbar2ffbar(s:gm)             |                       on |          off                         | 
 |                                                                                                                 | 
 *-------  End PYTHIA Flag + Mode + Parm + Word + FVec + MVec + PVec + WVec Settings  -----------------------------* 

 --------  PYTHIA Particle Data Table (changed only)  ------------------------------------------------------------------------------
 
      id   name            antiName         spn chg col      m0        mWidth      mMin       mMax       tau0    res dec ext vis wid
             no onMode   bRatio   meMode     products 

      15  tau-             tau+               2  -3   0    1.77682    0.00000    0.00000    0.00000  8.71100e-02   0   1   0   1   0
              0     1   0.0000000  103       36       13 
              1     1   0.0000029  103       36       11 

      36  x                                   1   0   0    1.00000    0.00000    0.00000    0.00000  6.00278e+06   0   1   0   0   0
              0     1   0.0000000  103       15      -15 
              1     1   1.0000000  103       13      -13 
              2     1   0.0000000  103       11      -11 
              3     1   0.0000000  103       22       22 

 --------  End PYTHIA Particle Data Table  -----------------------------------------------------------------------------------------


 --------  PYTHIA Info Listing  ---------------------------------------- 
 
 Beam A: id =     11, pz =  5.292e+00, e =  5.292e+00, m =  5.110e-04.
 Beam B: id =    -11, pz = -5.292e+00, e =  5.292e+00, m =  5.110e-04.

 In 1: id =   11, x =  1.000e+00, pdf =  1.903e+06 at Q2 =  1.120e+02.
 In 2: id =  -11, x =  1.000e+00, pdf =  1.264e+06 at same Q2.

 Subprocess f fbar -> f' fbar' (s-channel gamma*) with code 223 is 2 -> 2.
 It has sHat =  1.120e+02,    tHat = -1.040e+02,    uHat = -8.033e+00,
       pTHat =  2.619e+00,   m3Hat =  1.500e+00,   m4Hat =  1.500e+00,
    thetaHat =  2.599e+00,  phiHat =  1.929e+00.
     alphaEM =  7.631e-03,  alphaS =  1.975e-01    at Q2 =  1.120e+02.

 Impact parameter b =  0.000e+00 gives enhancement factor =  1.000e+00.
 Max pT scale for MPI =  1.058e+01, ISR =  1.058e+01, FSR =  1.058e+01.
 Number of MPI =     1, ISR =     0, FSRproc =     5, FSRreson =     0.

 --------  End PYTHIA Info Listing  ------------------------------------

 --------  PYTHIA Event Listing  (hard process)  -----------------------------------------------------------------------------------
 
    no         id  name            status     mothers   daughters     colours      p_x        p_y        p_z         e          m 
     0         90  (system)           -11     0     0     0     0     0     0      0.000      0.000      3.000     11.000     10.583
     1         11  (e-)               -12     0     0     3     0     0     0      0.000      0.000      7.000      7.000      0.001
     2        -11  (e+)               -12     0     0     4     0     0     0      0.000      0.000     -4.000      4.000      0.001
     3         11  (e-)               -21     1     0     5     6     0     0      0.000      0.000      7.000      7.000      0.000
     4        -11  (e+)               -21     2     0     5     6     0     0      0.000      0.000     -4.000      4.000      0.000
     5          4  c                   23     3     4     0     0   101     0     -0.917      2.453     -3.018      4.268      1.500
     6         -4  cbar                23     3     4     0     0     0   101      0.917     -2.453      6.018      6.732      1.500
                                   Charge sum:  0.000           Momentum sum:      0.000      0.000      3.000     11.000     10.583

 --------  End PYTHIA Event Listing  -----------------------------------------------------------------------------------------------

 --------  PYTHIA Event Listing  (complete event)  ---------------------------------------------------------------------------------
 
    no         id  name            status     mothers   daughters     colours      p_x        p_y        p_z         e          m 
     0         90  (system)           -11     0     0     0     0     0     0      0.000      0.000      3.000     11.000     10.583
     1         11  (e-)               -12     0     0    22     0     0     0      0.000      0.000      7.000      7.000      0.001
     2        -11  (e+)               -12     0     0    23     0     0     0      0.000      0.000     -4.000      4.000      0.001
     3         11  (e-)               -21    22    22     5     6     0     0      0.000      0.000      7.000      7.000      0.000
     4        -11  (e+)               -21    23    23     5     6     0     0      0.000      0.000     -4.000      4.000      0.000
     5          4  (c)                -23     3     4     9     9   101     0     -0.917      2.453     -3.018      4.268      1.500
     6         -4  (cbar)             -23     3     4     7     8     0   101      0.917     -2.453      6.018      6.732      1.500
     7         -4  (cbar)             -51     6     0    12    12     0   102      3.043     -2.498      3.695      5.604      1.500
     8         21  (g)                -51     6     0    10    11   102   101     -2.594      1.298      0.694      2.983      0.000
     9          4  (c)                -52     5     5    24    24   101     0     -0.449      1.201     -1.389      2.413      1.500
    10         21  (g)                -51     8     0    15    15   103   101      1.052      1.353      0.733      1.864      0.000
    11         21  (g)                -51     8     0    13    14   102   103     -2.496     -0.967      1.209      2.937      0.000
    12         -4  (cbar)             -52     7     7    18    18     0   102      1.893     -1.586      2.447      3.786      1.500
    13         21  (g)                -51    11     0    16    17   102   104     -1.360      0.124     -0.208      1.381      0.000
    14         21  (g)                -51    11     0    19    20   104   103     -0.896     -0.783      1.585      1.981      0.000
    15         21  (g)                -52    10    10    26    26   103   101      0.812      1.044      0.565      1.438      0.000
    16         21  (g)                -51    13     0    21    21   105   104     -1.312     -0.346     -0.201      1.371      0.000
    17         21  (g)                -51    13     0    29    29   102   105      0.309      0.217      0.385      0.539      0.000
    18         -4  (cbar)             -52    12    12    25    25     0   102      1.536     -1.333      2.055      3.257      1.500
    19         21  (g)                -51    14     0    28    28   106   103     -1.237     -0.074      1.118      1.670      0.000
    20         21  (g)                -51    14     0    30    30   104   106     -0.327     -0.885      0.364      1.011      0.000
    21         21  (g)                -52    16    16    27    27   105   104     -0.643     -0.170     -0.099      0.673      0.000
    22         11  (e-)               -61     1     0     3     3     0     0      0.000      0.000      7.000      7.000      0.000
    23        -11  (e+)               -61     2     0     4     4     0     0      0.000      0.000     -4.000      4.000      0.000
    24          4  c                   62     9     9     0     0   101     0     -0.449      1.201     -1.389      2.413      1.500
    25         -4  cbar                62    18    18     0     0     0   102      1.536     -1.333      2.055      3.257      1.500
    26         21  g                   62    15    15     0     0   103   101      0.812      1.044      0.565      1.438      0.000
    27         21  g                   62    21    21     0     0   105   104     -0.643     -0.170     -0.099      0.673      0.000
    28         21  g                   62    19    19     0     0   106   103     -1.237     -0.074      1.118      1.670      0.000
    29         21  g                   62    17    17     0     0   102   105      0.309      0.217      0.385      0.539      0.000
    30         21  g                   62    20    20     0     0   104   106     -0.327     -0.885      0.364      1.011      0.000
    31         22  gamma               63     1     0     0     0     0     0      0.000      0.000      0.000      0.000      0.000
    32         22  gamma               63     2     0     0     0     0     0      0.000      0.000     -0.000      0.000      0.000
                                   Charge sum:  0.000           Momentum sum:      0.000      0.000      3.000     11.000     10.583

 --------  End PYTHIA Event Listing  -----------------------------------------------------------------------------------------------
 PYTHIA Warning in TauDecays::decay: unknown correlated tau production, assuming from unpolarized photon  

 *-------  PYTHIA Event and Cross Section Statistics  -------------------------------------------------------------*
 |                                                                                                                 |
 | Subprocess                                    Code |            Number of events       |      sigma +- delta    |
 |                                                    |       Tried   Selected   Accepted |     (estimated) (mb)   |
 |                                                    |                                   |                        |
 |-----------------------------------------------------------------------------------------------------------------|
 |                                                    |                                   |                        |
 | f fbar -> f' fbar' (s-channel gamma*)          223 |      281488      10000      10000 |   6.045e-06  2.791e-08 |
 |                                                    |                                   |                        |
 | sum                                                |      281488      10000      10000 |   6.045e-06  2.791e-08 |
 |                                                                                                                 |
 *-------  End PYTHIA Event and Cross Section Statistics ----------------------------------------------------------*

 *-------  PYTHIA Error and Warning Messages Statistics  ----------------------------------------------------------* 
 |                                                                                                                 | 
 |  times   message                                                                                                | 
 |                                                                                                                 | 
 |   1523   Warning in TauDecays::decay: unknown correlated tau production, assuming from unpolarized photon       | 
 |                                                                                                                 | 
 *-------  End PYTHIA Error and Warning Messages Statistics  ------------------------------------------------------* 
Gammatau2xmu: 0.000e+00

Gammatau2xe: 6.669e-18

BRtau2xmu: 0.000e+00

BRtau2xe: 2.943e-06

produced tau excluding those daughters are also tau lepton: 3.046e+03
produced X: 3.046e+03
produced X/NMC: 3.046e-01

Proportion of X flying forward (eta>0): 6.251e-01
Proportion of X flying backward (eta<0): 3.749e-01

Total Gamma [GeV]: 3.287e-20
ctau [m]: 6.003e+03

Gammax2tautau: 0.000e+00

Gammax2mumu: 3.287e-20

Gammax2ee: 0.000e+00

Gammax2gmgm: 0.000e+00

BRx2tautau: 0.000e+00

BRx2mumu: 1.000e+00

BRx2ee: 0.000e+00

BRx2gmgm: 0.000e+00

X: insideFidVol: 0.000e+00
observedX: 1.366e-01
visibleX: 1.366e-02

X Observed Fiducial efficiency: 4.486e-05
X Visible Fiducial efficiency: 4.486e-06

reallyProduced tau: 9.200e+10
total number of tau-tau events: 4.600e+10

reallyProducedX: 9.535e+04
reallyobservedX: 4.277e+00
reallyvisibleX: 4.277e-01

