mX:  1
g_TE_Lamb:  6e-10
g_MM_Lamb:  1e-08
NMC 10000

 *-------  PYTHIA Process Initialization  --------------------------*
 |                                                                  |
 | We collide e- with e+ at a CM energy of 1.058e+01 GeV            |
 |                                                                  |
 |------------------------------------------------------------------|
 |                                                    |             |
 | Subprocess                                    Code |   Estimated |
 |                                                    |    max (mb) |
 |                                                    |             |
 |------------------------------------------------------------------|
 |                                                    |             |
 | f fbar -> f' fbar' (s-channel gamma*)          223 |   1.358e-04 |
 |                                                                  |
 *-------  End PYTHIA Process Initialization -----------------------*

 *-------  PYTHIA Flag + Mode + Parm + Word + FVec + MVec + PVec + WVec Settings (changes only)  ------------------* 
 |                                                                                                                 | 
 | Name                                          |                      Now |      Default         Min         Max | 
 |                                               |                          |                                      | 
 | Beams:eA                                      |                  7.00000 |     7000.000         0.0             | 
 | Beams:eB                                      |                  4.00000 |     7000.000         0.0             | 
 | Beams:frameType                               |                        2 |            1           1           5 | 
 | Beams:idA                                     |                       11 |         2212                         | 
 | Beams:idB                                     |                      -11 |         2212                         | 
 | HadronLevel:Hadronize                         |                      off |           on                         | 
 | Next:numberCount                              |                    10000 |         1000           0             | 
 | PartonLevel:MPI                               |                      off |           on                         | 
 | Random:seed                                   |                        0 |           -1               900000000 | 
 | Random:setSeed                                |                       on |          off                         | 
 | WeakSingleBoson:ffbar2ffbar(s:gm)             |                       on |          off                         | 
 |                                                                                                                 | 
 *-------  End PYTHIA Flag + Mode + Parm + Word + FVec + MVec + PVec + WVec Settings  -----------------------------* 

 --------  PYTHIA Particle Data Table (changed only)  ------------------------------------------------------------------------------
 
      id   name            antiName         spn chg col      m0        mWidth      mMin       mMax       tau0    res dec ext vis wid
             no onMode   bRatio   meMode     products 

      15  tau-             tau+               2  -3   0    1.77682    0.00000    0.00000    0.00000  8.71100e-02   0   1   0   1   0
              0     1   0.0000000  103       36       13 
              1     1   0.0000000  103       36       11 

      36  x                                   1   0   0    1.00000    0.00000    0.00000    0.00000  6.00278e+04   0   1   0   0   0
              0     1   0.0000000  103       15      -15 
              1     1   1.0000000  103       13      -13 
              2     1   0.0000000  103       11      -11 
              3     1   0.0000000  103       22       22 

 --------  End PYTHIA Particle Data Table  -----------------------------------------------------------------------------------------


 --------  PYTHIA Info Listing  ---------------------------------------- 
 
 Beam A: id =     11, pz =  5.292e+00, e =  5.292e+00, m =  5.110e-04.
 Beam B: id =    -11, pz = -5.292e+00, e =  5.292e+00, m =  5.110e-04.

 In 1: id =   11, x =  1.000e+00, pdf =  1.033e+07 at Q2 =  1.045e+02.
 In 2: id =  -11, x =  9.328e-01, pdf =  5.222e-01 at same Q2.

 Subprocess f fbar -> f' fbar' (s-channel gamma*) with code 223 is 2 -> 2.
 It has sHat =  1.045e+02,    tHat = -6.657e+00,    uHat = -9.782e+01,
       pTHat =  2.491e+00,   m3Hat =  3.300e-01,   m4Hat =  3.300e-01,
    thetaHat =  5.104e-01,  phiHat =  4.284e+00.
     alphaEM =  7.628e-03,  alphaS =  1.991e-01    at Q2 =  1.045e+02.

 Impact parameter b =  0.000e+00 gives enhancement factor =  1.000e+00.
 Max pT scale for MPI =  1.058e+01, ISR =  1.022e+01, FSR =  1.022e+01.
 Number of MPI =     1, ISR =     1, FSRproc =     1, FSRreson =     0.

 --------  End PYTHIA Info Listing  ------------------------------------

 --------  PYTHIA Event Listing  (hard process)  -----------------------------------------------------------------------------------
 
    no         id  name            status     mothers   daughters     colours      p_x        p_y        p_z         e          m 
     0         90  (system)           -11     0     0     0     0     0     0      0.000      0.000      3.000     11.000     10.583
     1         11  (e-)               -12     0     0     3     0     0     0      0.000      0.000      7.000      7.000      0.001
     2        -11  (e+)               -12     0     0     4     0     0     0      0.000      0.000     -4.000      4.000      0.001
     3         11  (e-)               -21     1     0     5     6     0     0      0.000      0.000      7.000      7.000      0.000
     4        -11  (e+)               -21     2     0     5     6     0     0      0.000      0.000     -3.731      3.731      0.000
     5          2  u                   23     3     4     0     0   101     0     -1.034     -2.267      6.306      6.789      0.330
     6         -2  ubar                23     3     4     0     0     0   101      1.034      2.267     -3.038      3.943      0.330
                                   Charge sum:  0.000           Momentum sum:      0.000      0.000      3.269     10.731     10.221

 --------  End PYTHIA Event Listing  -----------------------------------------------------------------------------------------------

 --------  PYTHIA Event Listing  (complete event)  ---------------------------------------------------------------------------------
 
    no         id  name            status     mothers   daughters     colours      p_x        p_y        p_z         e          m 
     0         90  (system)           -11     0     0     0     0     0     0      0.000      0.000      3.000     11.000     10.583
     1         11  (e-)               -12     0     0    16     0     0     0      0.000      0.000      7.000      7.000      0.001
     2        -11  (e+)               -12     0     0    17     0     0     0      0.000      0.000     -4.000      4.000      0.001
     3         11  (e-)               -21    10    10     5     6     0     0      0.000      0.000      7.000      7.000      0.000
     4        -11  (e+)               -21    11     0     5     6     0     0      0.000      0.000     -3.731      3.731      0.000
     5          2  (u)                -23     3     4     9     9   101     0     -1.034     -2.267      6.306      6.789      0.330
     6         -2  (ubar)             -23     3     4     7     8     0   101      1.034      2.267     -3.038      3.943      0.330
     7         -2  (ubar)             -51     6     0    13    13     0   102      0.896      1.680     -3.045      3.606      0.330
     8         21  (g)                -51     6     0    14    14   102   101      0.104      0.510      0.219      0.564      0.000
     9          2  (u)                -52     5     5    12    12   101     0     -0.999     -2.190      6.094      6.561      0.330
    10         11  (e-)               -42    16    16     3     3     0     0      0.000     -0.000      7.000      7.000      0.000
    11        -11  (e+)               -41    17    17    15     4     0     0     -0.000      0.000     -4.000      4.000      0.000
    12          2  (u)                -44     9     9    18    18   101     0     -0.994     -2.205      6.084      6.555      0.330
    13         -2  (ubar)             -44     7     7    19    19     0   102      0.972      1.472     -3.120      3.599      0.330
    14         21  (g)                -44     8     8    20    20   102   101      0.108      0.499      0.199      0.548      0.000
    15         22  (gamma)            -43    11     0    21    21     0     0     -0.086      0.234     -0.163      0.297      0.000
    16         11  (e-)               -61     1     0    10    10     0     0     -0.000      0.000      7.000      7.000      0.000
    17        -11  (e+)               -61     2     0    11    11     0     0      0.000     -0.000     -4.000      4.000      0.000
    18          2  u                   62    12    12     0     0   101     0     -0.994     -2.205      6.084      6.555      0.330
    19         -2  ubar                62    13    13     0     0     0   102      0.972      1.472     -3.120      3.599      0.330
    20         21  g                   62    14    14     0     0   102   101      0.108      0.499      0.199      0.548      0.000
    21         22  gamma               62    15    15     0     0     0     0     -0.086      0.234     -0.163      0.297      0.000
    22         22  gamma               63     1     0     0     0     0     0      0.000      0.000      0.000      0.000      0.000
    23         22  gamma               63     2     0     0     0     0     0      0.000      0.000     -0.000      0.000      0.000
                                   Charge sum:  0.000           Momentum sum:     -0.000     -0.000      3.000     11.000     10.583

 --------  End PYTHIA Event Listing  -----------------------------------------------------------------------------------------------
 PYTHIA Warning in TauDecays::decay: unknown correlated tau production, assuming from unpolarized photon  
 PYTHIA Warning in PhaseSpace2to2tauyz::trialKin: maximum for cross section violated  

 *-------  PYTHIA Event and Cross Section Statistics  -------------------------------------------------------------*
 |                                                                                                                 |
 | Subprocess                                    Code |            Number of events       |      sigma +- delta    |
 |                                                    |       Tried   Selected   Accepted |     (estimated) (mb)   |
 |                                                    |                                   |                        |
 |-----------------------------------------------------------------------------------------------------------------|
 |                                                    |                                   |                        |
 | f fbar -> f' fbar' (s-channel gamma*)          223 |      228242      10000      10000 |   6.031e-06  3.132e-08 |
 |                                                    |                                   |                        |
 | sum                                                |      228242      10000      10000 |   6.031e-06  3.132e-08 |
 |                                                                                                                 |
 *-------  End PYTHIA Event and Cross Section Statistics ----------------------------------------------------------*

 *-------  PYTHIA Error and Warning Messages Statistics  ----------------------------------------------------------* 
 |                                                                                                                 | 
 |  times   message                                                                                                | 
 |                                                                                                                 | 
 |    186   Warning in PhaseSpace2to2tauyz::trialKin: maximum for cross section violated                           | 
 |   1480   Warning in TauDecays::decay: unknown correlated tau production, assuming from unpolarized photon       | 
 |                                                                                                                 | 
 *-------  End PYTHIA Error and Warning Messages Statistics  ------------------------------------------------------* 
Gammatau2xmu: 0.000e+00

Gammatau2xe: 3.751e-20

BRtau2xmu: 0.000e+00

BRtau2xe: 1.656e-08

produced tau excluding those daughters are also tau lepton: 2.960e+03
produced X: 2.960e+03
produced X/NMC: 2.960e-01

Proportion of X flying forward (eta>0): 6.176e-01
Proportion of X flying backward (eta<0): 3.824e-01

Total Gamma [GeV]: 3.287e-18
ctau [m]: 6.003e+01

Gammax2tautau: 0.000e+00

Gammax2mumu: 3.287e-18

Gammax2ee: 0.000e+00

Gammax2gmgm: 0.000e+00

BRx2tautau: 0.000e+00

BRx2mumu: 1.000e+00

BRx2ee: 0.000e+00

BRx2gmgm: 0.000e+00

X: insideFidVol: 1.300e+01
observedX: 1.329e+01
visibleX: 1.329e+00

X Observed Fiducial efficiency: 4.489e-03
X Visible Fiducial efficiency: 4.489e-04

reallyProduced tau: 9.200e+10
total number of tau-tau events: 4.600e+10

reallyProducedX: 5.363e+02
reallyobservedX: 2.408e+00
reallyvisibleX: 2.408e-01

