mX:  1
g_TE_Lamb:  8e-09
g_MM_Lamb:  1e-11
NMC 10000

 *-------  PYTHIA Process Initialization  --------------------------*
 |                                                                  |
 | We collide e- with e+ at a CM energy of 1.058e+01 GeV            |
 |                                                                  |
 |------------------------------------------------------------------|
 |                                                    |             |
 | Subprocess                                    Code |   Estimated |
 |                                                    |    max (mb) |
 |                                                    |             |
 |------------------------------------------------------------------|
 |                                                    |             |
 | f fbar -> f' fbar' (s-channel gamma*)          223 |   1.330e-04 |
 |                                                                  |
 *-------  End PYTHIA Process Initialization -----------------------*

 *-------  PYTHIA Flag + Mode + Parm + Word + FVec + MVec + PVec + WVec Settings (changes only)  ------------------* 
 |                                                                                                                 | 
 | Name                                          |                      Now |      Default         Min         Max | 
 |                                               |                          |                                      | 
 | Beams:eA                                      |                  7.00000 |     7000.000         0.0             | 
 | Beams:eB                                      |                  4.00000 |     7000.000         0.0             | 
 | Beams:frameType                               |                        2 |            1           1           5 | 
 | Beams:idA                                     |                       11 |         2212                         | 
 | Beams:idB                                     |                      -11 |         2212                         | 
 | HadronLevel:Hadronize                         |                      off |           on                         | 
 | Next:numberCount                              |                    10000 |         1000           0             | 
 | PartonLevel:MPI                               |                      off |           on                         | 
 | Random:seed                                   |                        0 |           -1               900000000 | 
 | Random:setSeed                                |                       on |          off                         | 
 | WeakSingleBoson:ffbar2ffbar(s:gm)             |                       on |          off                         | 
 |                                                                                                                 | 
 *-------  End PYTHIA Flag + Mode + Parm + Word + FVec + MVec + PVec + WVec Settings  -----------------------------* 

 --------  PYTHIA Particle Data Table (changed only)  ------------------------------------------------------------------------------
 
      id   name            antiName         spn chg col      m0        mWidth      mMin       mMax       tau0    res dec ext vis wid
             no onMode   bRatio   meMode     products 

      15  tau-             tau+               2  -3   0    1.77682    0.00000    0.00000    0.00000  8.71100e-02   0   1   0   1   0
              0     1   0.0000000  103       36       13 
              1     1   0.0000029  103       36       11 

      36  x                                   1   0   0    1.00000    0.00000    0.00000    0.00000  6.00278e+10   0   1   0   0   0
              0     1   0.0000000  103       15      -15 
              1     1   1.0000000  103       13      -13 
              2     1   0.0000000  103       11      -11 
              3     1   0.0000000  103       22       22 

 --------  End PYTHIA Particle Data Table  -----------------------------------------------------------------------------------------


 --------  PYTHIA Info Listing  ---------------------------------------- 
 
 Beam A: id =     11, pz =  5.292e+00, e =  5.292e+00, m =  5.110e-04.
 Beam B: id =    -11, pz = -5.292e+00, e =  5.292e+00, m =  5.110e-04.

 In 1: id =   11, x =  9.979e-01, pdf =  1.603e+01 at Q2 =  1.094e+02.
 In 2: id =  -11, x =  9.792e-01, pdf =  1.761e+00 at same Q2.

 Subprocess f fbar -> f' fbar' (s-channel gamma*) with code 223 is 2 -> 2.
 It has sHat =  1.094e+02,    tHat = -1.658e+01,    uHat = -9.285e+01,
       pTHat =  3.593e+00,   m3Hat =  1.500e+00,   m4Hat =  1.500e+00,
    thetaHat =  7.997e-01,  phiHat =  4.346e-02.
     alphaEM =  7.630e-03,  alphaS =  1.980e-01    at Q2 =  1.094e+02.

 Impact parameter b =  0.000e+00 gives enhancement factor =  1.000e+00.
 Max pT scale for MPI =  1.058e+01, ISR =  1.046e+01, FSR =  1.046e+01.
 Number of MPI =     1, ISR =     2, FSRproc =     4, FSRreson =     0.

 --------  End PYTHIA Info Listing  ------------------------------------

 --------  PYTHIA Event Listing  (hard process)  -----------------------------------------------------------------------------------
 
    no         id  name            status     mothers   daughters     colours      p_x        p_y        p_z         e          m 
     0         90  (system)           -11     0     0     0     0     0     0      0.000      0.000      3.000     11.000     10.583
     1         11  (e-)               -12     0     0     3     0     0     0      0.000      0.000      7.000      7.000      0.001
     2        -11  (e+)               -12     0     0     4     0     0     0      0.000      0.000     -4.000      4.000      0.001
     3         11  (e-)               -21     1     0     5     6     0     0      0.000      0.000      6.985      6.985      0.000
     4        -11  (e+)               -21     2     0     5     6     0     0      0.000      0.000     -3.917      3.917      0.000
     5          4  c                   23     3     4     0     0   101     0      3.590      0.156      5.173      6.475      1.500
     6         -4  cbar                23     3     4     0     0     0   101     -3.590     -0.156     -2.105      4.427      1.500
                                   Charge sum:  0.000           Momentum sum:      0.000      0.000      3.068     10.902     10.461

 --------  End PYTHIA Event Listing  -----------------------------------------------------------------------------------------------

 --------  PYTHIA Event Listing  (complete event)  ---------------------------------------------------------------------------------
 
    no         id  name            status     mothers   daughters     colours      p_x        p_y        p_z         e          m 
     0         90  (system)           -11     0     0     0     0     0     0      0.000      0.000      3.000     11.000     10.583
     1         11  (e-)               -12     0     0    38     0     0     0      0.000      0.000      7.000      7.000      0.001
     2        -11  (e+)               -12     0     0    39     0     0     0      0.000      0.000     -4.000      4.000      0.001
     3         11  (e-)               -21    19     0     5     6     0     0      0.000      0.000      6.985      6.985      0.000
     4        -11  (e+)               -21    20    20     5     6     0     0      0.000      0.000     -3.917      3.917      0.000
     5          4  (c)                -23     3     4     9     9   101     0      3.590      0.156      5.173      6.475      1.500
     6         -4  (cbar)             -23     3     4     7     8     0   101     -3.590     -0.156     -2.105      4.427      1.500
     7         -4  (cbar)             -51     6     0    22    22     0   102      1.699     -0.408     -0.981      2.503      1.500
     8         21  (g)                -51     6     0    12    12   102   101     -3.991      0.308      0.690      4.062      0.000
     9          4  (c)                -52     5     5    10    11   101     0      2.292      0.100      3.360      4.336      1.500
    10          4  (c)                -51     9     0    21    21   103     0      0.505     -0.154      0.607      1.702      1.500
    11         21  (g)                -51     9     0    15    15   101   103      1.297      0.291      2.838      3.134      0.000
    12         21  (g)                -52     8     8    13    14   102   101     -3.501      0.270      0.605      3.563      0.000
    13         21  (g)                -51    12     0    23    23   102   104     -2.595     -0.224      1.484      2.998      0.000
    14         21  (g)                -51    12     0    16    17   104   101     -0.719      0.537     -0.472      1.014      0.000
    15         21  (g)                -52    11    11    18    18   101   103      1.111      0.249      2.431      2.684      0.000
    16         21  (g)                -51    14     0    25    25   104   106     -0.310      0.973      0.266      1.055      0.000
    17         21  (g)                -51    14     0    26    26   106   101     -0.186     -0.387     -0.251      0.497      0.000
    18         21  (g)                -52    15    15    24    24   101   103      0.888      0.199      1.943      2.146      0.000
    19         11  (e-)               -41    28    28    27     3     0     0     -0.000      0.000      7.000      7.000      0.000
    20        -11  (e+)               -42    29     0     4     4     0     0      0.000      0.000     -3.917      3.917      0.000
    21          4  (c)                -44    10    10    30    30   103     0      0.504     -0.154      0.607      1.702      1.500
    22         -4  (cbar)             -44     7     7    31    31     0   102      1.699     -0.408     -0.981      2.503      1.500
    23         21  (g)                -44    13    13    32    32   102   104     -2.596     -0.225      1.484      2.999      0.000
    24         21  (g)                -44    18    18    33    33   101   103      0.887      0.198      1.943      2.146      0.000
    25         21  (g)                -44    16    16    34    34   104   106     -0.310      0.973      0.267      1.055      0.000
    26         21  (g)                -44    17    17    35    35   106   101     -0.186     -0.387     -0.251      0.497      0.000
    27         22  (gamma)            -43    19     0    36    36     0     0      0.002      0.003      0.014      0.015      0.000
    28         11  (e-)               -42    38    38    19    19     0     0      0.000      0.000      7.000      7.000      0.000
    29        -11  (e+)               -41    39    39    37    20     0     0     -0.000     -0.000     -4.000      4.000      0.000
    30          4  (c)                -44    21    21    40    40   103     0      0.504     -0.154      0.607      1.702      1.500
    31         -4  (cbar)             -44    22    22    41    41     0   102      1.700     -0.407     -0.981      2.503      1.500
    32         21  (g)                -44    23    23    42    42   102   104     -2.596     -0.225      1.483      2.998      0.000
    33         21  (g)                -44    24    24    43    43   101   103      0.887      0.199      1.944      2.146      0.000
    34         21  (g)                -44    25    25    44    44   104   106     -0.310      0.973      0.267      1.056      0.000
    35         21  (g)                -44    26    26    45    45   106   101     -0.186     -0.386     -0.251      0.497      0.000
    36         22  (gamma)            -44    27    27    46    46     0     0      0.002      0.003      0.014      0.015      0.000
    37         22  (gamma)            -43    29     0    47    47     0     0     -0.001     -0.002     -0.083      0.083      0.000
    38         11  (e-)               -61     1     0    28    28     0     0     -0.000      0.000      7.000      7.000      0.000
    39        -11  (e+)               -61     2     0    29    29     0     0      0.000      0.000     -4.000      4.000      0.000
    40          4  c                   62    30    30     0     0   103     0      0.504     -0.154      0.607      1.702      1.500
    41         -4  cbar                62    31    31     0     0     0   102      1.700     -0.407     -0.981      2.503      1.500
    42         21  g                   62    32    32     0     0   102   104     -2.596     -0.225      1.483      2.998      0.000
    43         21  g                   62    33    33     0     0   101   103      0.887      0.199      1.944      2.146      0.000
    44         21  g                   62    34    34     0     0   104   106     -0.310      0.973      0.267      1.056      0.000
    45         21  g                   62    35    35     0     0   106   101     -0.186     -0.386     -0.251      0.497      0.000
    46         22  gamma               62    36    36     0     0     0     0      0.002      0.003      0.014      0.015      0.000
    47         22  gamma               62    37    37     0     0     0     0     -0.001     -0.002     -0.083      0.083      0.000
    48         22  gamma               63     1     0     0     0     0     0      0.000      0.000      0.000      0.000      0.000
    49         22  gamma               63     2     0     0     0     0     0      0.000      0.000     -0.000      0.000      0.000
                                   Charge sum:  0.000           Momentum sum:      0.000      0.000      3.000     11.000     10.583

 --------  End PYTHIA Event Listing  -----------------------------------------------------------------------------------------------
 PYTHIA Warning in TauDecays::decay: unknown correlated tau production, assuming from unpolarized photon  
 PYTHIA Warning in PhaseSpace2to2tauyz::trialKin: maximum for cross section violated  

 *-------  PYTHIA Event and Cross Section Statistics  -------------------------------------------------------------*
 |                                                                                                                 |
 | Subprocess                                    Code |            Number of events       |      sigma +- delta    |
 |                                                    |       Tried   Selected   Accepted |     (estimated) (mb)   |
 |                                                    |                                   |                        |
 |-----------------------------------------------------------------------------------------------------------------|
 |                                                    |                                   |                        |
 | f fbar -> f' fbar' (s-channel gamma*)          223 |      221958      10000      10000 |   6.025e-06  3.148e-08 |
 |                                                    |                                   |                        |
 | sum                                                |      221958      10000      10000 |   6.025e-06  3.148e-08 |
 |                                                                                                                 |
 *-------  End PYTHIA Event and Cross Section Statistics ----------------------------------------------------------*

 *-------  PYTHIA Error and Warning Messages Statistics  ----------------------------------------------------------* 
 |                                                                                                                 | 
 |  times   message                                                                                                | 
 |                                                                                                                 | 
 |    195   Warning in PhaseSpace2to2tauyz::trialKin: maximum for cross section violated                           | 
 |   1505   Warning in TauDecays::decay: unknown correlated tau production, assuming from unpolarized photon       | 
 |                                                                                                                 | 
 *-------  End PYTHIA Error and Warning Messages Statistics  ------------------------------------------------------* 
Gammatau2xmu: 0.000e+00

Gammatau2xe: 6.669e-18

BRtau2xmu: 0.000e+00

BRtau2xe: 2.943e-06

produced tau excluding those daughters are also tau lepton: 3.010e+03
produced X: 3.010e+03
produced X/NMC: 3.010e-01

Proportion of X flying forward (eta>0): 6.233e-01
Proportion of X flying backward (eta<0): 3.767e-01

Total Gamma [GeV]: 3.287e-24
ctau [m]: 6.003e+07

Gammax2tautau: 0.000e+00

Gammax2mumu: 3.287e-24

Gammax2ee: 0.000e+00

Gammax2gmgm: 0.000e+00

BRx2tautau: 0.000e+00

BRx2mumu: 1.000e+00

BRx2ee: 0.000e+00

BRx2gmgm: 0.000e+00

X: insideFidVol: 0.000e+00
observedX: 1.351e-05
visibleX: 1.351e-06

X Observed Fiducial efficiency: 4.488e-09
X Visible Fiducial efficiency: 4.488e-10

reallyProduced tau: 9.200e+10
total number of tau-tau events: 4.600e+10

reallyProducedX: 9.535e+04
reallyobservedX: 4.280e-04
reallyvisibleX: 4.280e-05

