mX:  1
g_TE_Lamb:  3e-07
g_MM_Lamb:  4e-12
NMC 10000

 *-------  PYTHIA Process Initialization  --------------------------*
 |                                                                  |
 | We collide e- with e+ at a CM energy of 1.058e+01 GeV            |
 |                                                                  |
 |------------------------------------------------------------------|
 |                                                    |             |
 | Subprocess                                    Code |   Estimated |
 |                                                    |    max (mb) |
 |                                                    |             |
 |------------------------------------------------------------------|
 |                                                    |             |
 | f fbar -> f' fbar' (s-channel gamma*)          223 |   1.385e-04 |
 |                                                                  |
 *-------  End PYTHIA Process Initialization -----------------------*

 *-------  PYTHIA Flag + Mode + Parm + Word + FVec + MVec + PVec + WVec Settings (changes only)  ------------------* 
 |                                                                                                                 | 
 | Name                                          |                      Now |      Default         Min         Max | 
 |                                               |                          |                                      | 
 | Beams:eA                                      |                  7.00000 |     7000.000         0.0             | 
 | Beams:eB                                      |                  4.00000 |     7000.000         0.0             | 
 | Beams:frameType                               |                        2 |            1           1           5 | 
 | Beams:idA                                     |                       11 |         2212                         | 
 | Beams:idB                                     |                      -11 |         2212                         | 
 | HadronLevel:Hadronize                         |                      off |           on                         | 
 | Next:numberCount                              |                    10000 |         1000           0             | 
 | PartonLevel:MPI                               |                      off |           on                         | 
 | Random:seed                                   |                        0 |           -1               900000000 | 
 | Random:setSeed                                |                       on |          off                         | 
 | WeakSingleBoson:ffbar2ffbar(s:gm)             |                       on |          off                         | 
 |                                                                                                                 | 
 *-------  End PYTHIA Flag + Mode + Parm + Word + FVec + MVec + PVec + WVec Settings  -----------------------------* 

 --------  PYTHIA Particle Data Table (changed only)  ------------------------------------------------------------------------------
 
      id   name            antiName         spn chg col      m0        mWidth      mMin       mMax       tau0    res dec ext vis wid
             no onMode   bRatio   meMode     products 

      15  tau-             tau+               2  -3   0    1.77682    0.00000    0.00000    0.00000  8.71100e-02   0   1   0   1   0
              0     1   0.0000000  103       36       13 
              1     1   0.0041222  103       36       11 

      36  x                                   1   0   0    1.00000    0.00000    0.00000    0.00000  3.75174e+11   0   1   0   0   0
              0     1   0.0000000  103       15      -15 
              1     1   1.0000000  103       13      -13 
              2     1   0.0000000  103       11      -11 
              3     1   0.0000000  103       22       22 

 --------  End PYTHIA Particle Data Table  -----------------------------------------------------------------------------------------


 --------  PYTHIA Info Listing  ---------------------------------------- 
 
 Beam A: id =     11, pz =  5.292e+00, e =  5.292e+00, m =  5.110e-04.
 Beam B: id =    -11, pz = -5.292e+00, e =  5.292e+00, m =  5.110e-04.

 In 1: id =   11, x =  5.816e-01, pdf =  3.966e-02 at Q2 =  6.513e+01.
 In 2: id =  -11, x =  1.000e+00, pdf =  6.307e+02 at same Q2.

 Subprocess f fbar -> f' fbar' (s-channel gamma*) with code 223 is 2 -> 2.
 It has sHat =  6.513e+01,    tHat = -2.412e+01,    uHat = -4.101e+01,
       pTHat =  3.884e+00,   m3Hat =  3.300e-01,   m4Hat =  3.300e-01,
    thetaHat =  1.309e+00,  phiHat =  1.639e+00.
     alphaEM =  7.609e-03,  alphaS =  2.113e-01    at Q2 =  6.513e+01.

 Impact parameter b =  0.000e+00 gives enhancement factor =  1.000e+00.
 Max pT scale for MPI =  1.058e+01, ISR =  8.070e+00, FSR =  8.070e+00.
 Number of MPI =     1, ISR =     1, FSRproc =     2, FSRreson =     0.

 --------  End PYTHIA Info Listing  ------------------------------------

 --------  PYTHIA Event Listing  (hard process)  -----------------------------------------------------------------------------------
 
    no         id  name            status     mothers   daughters     colours      p_x        p_y        p_z         e          m 
     0         90  (system)           -11     0     0     0     0     0     0      0.000      0.000      3.000     11.000     10.583
     1         11  (e-)               -12     0     0     3     0     0     0      0.000      0.000      7.000      7.000      0.001
     2        -11  (e+)               -12     0     0     4     0     0     0      0.000      0.000     -4.000      4.000      0.001
     3         11  (e-)               -21     1     0     5     6     0     0      0.000      0.000      4.071      4.071      0.000
     4        -11  (e+)               -21     2     0     5     6     0     0      0.000      0.000     -4.000      4.000      0.000
     5          2  u                   23     3     4     0     0   101     0     -0.265      3.875      1.078      4.045      0.330
     6         -2  ubar                23     3     4     0     0     0   101      0.265     -3.875     -1.007      4.026      0.330
                                   Charge sum:  0.000           Momentum sum:      0.000      0.000      0.071      8.071      8.070

 --------  End PYTHIA Event Listing  -----------------------------------------------------------------------------------------------

 --------  PYTHIA Event Listing  (complete event)  ---------------------------------------------------------------------------------
 
    no         id  name            status     mothers   daughters     colours      p_x        p_y        p_z         e          m 
     0         90  (system)           -11     0     0     0     0     0     0      0.000      0.000      3.000     11.000     10.583
     1         11  (e-)               -12     0     0    18     0     0     0      0.000      0.000      7.000      7.000      0.001
     2        -11  (e+)               -12     0     0    19     0     0     0      0.000      0.000     -4.000      4.000      0.001
     3         11  (e-)               -21     7     0     5     6     0     0      0.000      0.000      4.071      4.071      0.000
     4        -11  (e+)               -21     8     8     5     6     0     0      0.000      0.000     -4.000      4.000      0.000
     5          2  (u)                -23     3     4     9     9   101     0     -0.265      3.875      1.078      4.045      0.330
     6         -2  (ubar)             -23     3     4    10    10     0   101      0.265     -3.875     -1.007      4.026      0.330
     7         11  (e-)               -41    18    18    11     3     0     0      0.000     -0.000      7.000      7.000      0.000
     8        -11  (e+)               -42    19    19     4     4     0     0     -0.000      0.000     -4.000      4.000      0.000
     9          2  (u)                -44     5     5    12    13   101     0      0.307      4.133      1.036      4.284      0.330
    10         -2  (ubar)             -44     6     6    14    14     0   101      0.603     -3.723     -0.718      3.854      0.330
    11         22  (gamma)            -43     7     0    22    22     0     0     -0.910     -0.409      2.682      2.862      0.000
    12          2  (u)                -51     9     0    20    20   102     0      0.650      3.357      1.263      3.660      0.330
    13         21  (g)                -51     9     0    15    16   101   102     -0.321      0.642     -0.252      0.761      0.000
    14         -2  (ubar)             -52    10    10    17    17     0   101      0.581     -3.590     -0.693      3.717      0.330
    15         21  (g)                -51    13     0    23    23   103   102     -0.534      0.424      0.117      0.692      0.000
    16         21  (g)                -51    13     0    24    24   101   103      0.314     -0.403     -0.487      0.706      0.000
    17         -2  (ubar)             -52    14    14    21    21     0   101      0.480     -2.969     -0.574      3.080      0.330
    18         11  (e-)               -61     1     0     7     7     0     0     -0.000     -0.000      7.000      7.000      0.000
    19        -11  (e+)               -61     2     0     8     8     0     0      0.000      0.000     -4.000      4.000      0.000
    20          2  u                   62    12    12     0     0   102     0      0.650      3.357      1.263      3.660      0.330
    21         -2  ubar                62    17    17     0     0     0   101      0.480     -2.969     -0.574      3.080      0.330
    22         22  gamma               62    11    11     0     0     0     0     -0.910     -0.409      2.682      2.862      0.000
    23         21  g                   62    15    15     0     0   103   102     -0.534      0.424      0.117      0.692      0.000
    24         21  g                   62    16    16     0     0   101   103      0.314     -0.403     -0.487      0.706      0.000
    25         22  gamma               63     1     0     0     0     0     0      0.000      0.000      0.000      0.000      0.000
    26         22  gamma               63     2     0     0     0     0     0      0.000      0.000     -0.000      0.000      0.000
                                   Charge sum:  0.000           Momentum sum:     -0.000     -0.000      3.000     11.000     10.583

 --------  End PYTHIA Event Listing  -----------------------------------------------------------------------------------------------
 PYTHIA Warning in TauDecays::decay: unknown correlated tau production, assuming from unpolarized photon  
 PYTHIA Warning in PhaseSpace2to2tauyz::trialKin: maximum for cross section violated  

 *-------  PYTHIA Event and Cross Section Statistics  -------------------------------------------------------------*
 |                                                                                                                 |
 | Subprocess                                    Code |            Number of events       |      sigma +- delta    |
 |                                                    |       Tried   Selected   Accepted |     (estimated) (mb)   |
 |                                                    |                                   |                        |
 |-----------------------------------------------------------------------------------------------------------------|
 |                                                    |                                   |                        |
 | f fbar -> f' fbar' (s-channel gamma*)          223 |      232792      10000      10000 |   5.993e-06  3.074e-08 |
 |                                                    |                                   |                        |
 | sum                                                |      232792      10000      10000 |   5.993e-06  3.074e-08 |
 |                                                                                                                 |
 *-------  End PYTHIA Event and Cross Section Statistics ----------------------------------------------------------*

 *-------  PYTHIA Error and Warning Messages Statistics  ----------------------------------------------------------* 
 |                                                                                                                 | 
 |  times   message                                                                                                | 
 |                                                                                                                 | 
 |    118   Warning in PhaseSpace2to2tauyz::trialKin: maximum for cross section violated                           | 
 |   1476   Warning in TauDecays::decay: unknown correlated tau production, assuming from unpolarized photon       | 
 |                                                                                                                 | 
 *-------  End PYTHIA Error and Warning Messages Statistics  ------------------------------------------------------* 
Gammatau2xmu: 0.000e+00

Gammatau2xe: 9.379e-15

BRtau2xmu: 0.000e+00

BRtau2xe: 4.122e-03

produced tau excluding those daughters are also tau lepton: 2.952e+03
produced X: 2.952e+03
produced X/NMC: 2.952e-01

Proportion of X flying forward (eta>0): 6.138e-01
Proportion of X flying backward (eta<0): 3.862e-01

Total Gamma [GeV]: 5.260e-25
ctau [m]: 3.752e+08

Gammax2tautau: 0.000e+00

Gammax2mumu: 5.260e-25

Gammax2ee: 0.000e+00

Gammax2gmgm: 0.000e+00

BRx2tautau: 0.000e+00

BRx2mumu: 1.000e+00

BRx2ee: 0.000e+00

BRx2gmgm: 0.000e+00

X: insideFidVol: 0.000e+00
observedX: 2.126e-06
visibleX: 2.126e-07

X Observed Fiducial efficiency: 7.203e-10
X Visible Fiducial efficiency: 7.203e-11

reallyProduced tau: 9.200e+10
total number of tau-tau events: 4.600e+10

reallyProducedX: 1.335e+08
reallyobservedX: 9.618e-02
reallyvisibleX: 9.618e-03

