mX:  1
g_TE_Lamb:  4e-10
g_MM_Lamb:  4e-08
NMC 10000

 *-------  PYTHIA Process Initialization  --------------------------*
 |                                                                  |
 | We collide e- with e+ at a CM energy of 1.058e+01 GeV            |
 |                                                                  |
 |------------------------------------------------------------------|
 |                                                    |             |
 | Subprocess                                    Code |   Estimated |
 |                                                    |    max (mb) |
 |                                                    |             |
 |------------------------------------------------------------------|
 |                                                    |             |
 | f fbar -> f' fbar' (s-channel gamma*)          223 |   1.477e-04 |
 |                                                                  |
 *-------  End PYTHIA Process Initialization -----------------------*

 *-------  PYTHIA Flag + Mode + Parm + Word + FVec + MVec + PVec + WVec Settings (changes only)  ------------------* 
 |                                                                                                                 | 
 | Name                                          |                      Now |      Default         Min         Max | 
 |                                               |                          |                                      | 
 | Beams:eA                                      |                  7.00000 |     7000.000         0.0             | 
 | Beams:eB                                      |                  4.00000 |     7000.000         0.0             | 
 | Beams:frameType                               |                        2 |            1           1           5 | 
 | Beams:idA                                     |                       11 |         2212                         | 
 | Beams:idB                                     |                      -11 |         2212                         | 
 | HadronLevel:Hadronize                         |                      off |           on                         | 
 | Next:numberCount                              |                    10000 |         1000           0             | 
 | PartonLevel:MPI                               |                      off |           on                         | 
 | Random:seed                                   |                        0 |           -1               900000000 | 
 | Random:setSeed                                |                       on |          off                         | 
 | WeakSingleBoson:ffbar2ffbar(s:gm)             |                       on |          off                         | 
 |                                                                                                                 | 
 *-------  End PYTHIA Flag + Mode + Parm + Word + FVec + MVec + PVec + WVec Settings  -----------------------------* 

 --------  PYTHIA Particle Data Table (changed only)  ------------------------------------------------------------------------------
 
      id   name            antiName         spn chg col      m0        mWidth      mMin       mMax       tau0    res dec ext vis wid
             no onMode   bRatio   meMode     products 

      15  tau-             tau+               2  -3   0    1.77682    0.00000    0.00000    0.00000  8.71100e-02   0   1   0   1   0
              0     1   0.0000000  103       36       13 
              1     1   0.0000000  103       36       11 

      36  x                                   1   0   0    1.00000    0.00000    0.00000    0.00000  3.75174e+03   0   1   0   0   0
              0     1   0.0000000  103       15      -15 
              1     1   1.0000000  103       13      -13 
              2     1   0.0000000  103       11      -11 
              3     1   0.0000000  103       22       22 

 --------  End PYTHIA Particle Data Table  -----------------------------------------------------------------------------------------


 --------  PYTHIA Info Listing  ---------------------------------------- 
 
 Beam A: id =     11, pz =  5.292e+00, e =  5.292e+00, m =  5.110e-04.
 Beam B: id =    -11, pz = -5.292e+00, e =  5.292e+00, m =  5.110e-04.

 In 1: id =   11, x =  9.999e-01, pdf =  2.206e+02 at Q2 =  1.037e+02.
 In 2: id =  -11, x =  9.264e-01, pdf =  4.723e-01 at same Q2.

 Subprocess f fbar -> f' fbar' (s-channel gamma*) with code 223 is 2 -> 2.
 It has sHat =  1.037e+02,    tHat = -8.318e+01,    uHat = -2.057e+01,
       pTHat =  4.052e+00,   m3Hat =  3.300e-01,   m4Hat =  3.300e-01,
    thetaHat =  2.219e+00,  phiHat =  4.947e+00.
     alphaEM =  7.628e-03,  alphaS =  1.993e-01    at Q2 =  1.037e+02.

 Impact parameter b =  0.000e+00 gives enhancement factor =  1.000e+00.
 Max pT scale for MPI =  1.058e+01, ISR =  1.019e+01, FSR =  1.019e+01.
 Number of MPI =     1, ISR =     3, FSRproc =     2, FSRreson =     0.

 --------  End PYTHIA Info Listing  ------------------------------------

 --------  PYTHIA Event Listing  (hard process)  -----------------------------------------------------------------------------------
 
    no         id  name            status     mothers   daughters     colours      p_x        p_y        p_z         e          m 
     0         90  (system)           -11     0     0     0     0     0     0      0.000      0.000      3.000     11.000     10.583
     1         11  (e-)               -12     0     0     3     0     0     0      0.000      0.000      7.000      7.000      0.001
     2        -11  (e+)               -12     0     0     4     0     0     0      0.000      0.000     -4.000      4.000      0.001
     3         11  (e-)               -21     1     0     5     6     0     0      0.000      0.000      6.999      6.999      0.000
     4        -11  (e+)               -21     2     0     5     6     0     0      0.000      0.000     -3.706      3.706      0.000
     5          2  u                   23     3     4     0     0   101     0      0.944     -3.941     -1.577      4.361      0.330
     6         -2  ubar                23     3     4     0     0     0   101     -0.944      3.941      4.870      6.344      0.330
                                   Charge sum:  0.000           Momentum sum:      0.000      0.000      3.293     10.705     10.186

 --------  End PYTHIA Event Listing  -----------------------------------------------------------------------------------------------

 --------  PYTHIA Event Listing  (complete event)  ---------------------------------------------------------------------------------
 
    no         id  name            status     mothers   daughters     colours      p_x        p_y        p_z         e          m 
     0         90  (system)           -11     0     0     0     0     0     0      0.000      0.000      3.000     11.000     10.583
     1         11  (e-)               -12     0     0    37     0     0     0      0.000      0.000      7.000      7.000      0.001
     2        -11  (e+)               -12     0     0    38     0     0     0      0.000      0.000     -4.000      4.000      0.001
     3         11  (e-)               -21    13    13     5     6     0     0      0.000      0.000      6.999      6.999      0.000
     4        -11  (e+)               -21    14     0     5     6     0     0      0.000      0.000     -3.706      3.706      0.000
     5          2  (u)                -23     3     4     9     9   101     0      0.944     -3.941     -1.577      4.361      0.330
     6         -2  (ubar)             -23     3     4     7     8     0   101     -0.944      3.941      4.870      6.344      0.330
     7         -2  (ubar)             -51     6     0    12    12     0   102     -0.855      3.919      3.969      5.653      0.330
     8         21  (g)                -51     6     0    10    11   102   101     -0.053     -0.125      0.842      0.853      0.000
     9          2  (u)                -52     5     5    15    15   101     0      0.909     -3.794     -1.518      4.199      0.330
    10         21  (g)                -51     8     0    17    17   103   101     -0.413      0.885      2.000      2.226      0.000
    11         21  (g)                -51     8     0    18    18   102   103      0.126      0.070     -0.082      0.166      0.000
    12         -2  (ubar)             -52     7     7    16    16     0   102     -0.621      2.838      2.893      4.113      0.330
    13         11  (e-)               -42    20    20     3     3     0     0     -0.000     -0.000      6.999      6.999      0.000
    14        -11  (e+)               -41    21     0    19     4     0     0      0.000      0.000     -3.997      3.997      0.000
    15          2  (u)                -44     9     9    22    22   101     0      0.940     -3.690     -1.592      4.140      0.330
    16         -2  (ubar)             -44    12    12    23    23     0   102     -0.614      2.861      2.930      4.154      0.330
    17         21  (g)                -44    10    10    24    24   103   101     -0.412      0.890      2.008      2.235      0.000
    18         21  (g)                -44    11    11    25    25   102   103      0.127      0.075     -0.081      0.168      0.000
    19         22  (gamma)            -43    14     0    26    26     0     0     -0.040     -0.135     -0.263      0.299      0.000
    20         11  (e-)               -42    28     0    13    13     0     0      0.000      0.000      6.999      6.999      0.000
    21        -11  (e+)               -41    29    29    27    14     0     0     -0.000     -0.000     -4.000      4.000      0.000
    22          2  (u)                -44    15    15    30    30   101     0      0.939     -3.690     -1.593      4.140      0.330
    23         -2  (ubar)             -44    16    16    31    31     0   102     -0.615      2.861      2.930      4.154      0.330
    24         21  (g)                -44    17    17    32    32   103   101     -0.412      0.890      2.008      2.235      0.000
    25         21  (g)                -44    18    18    33    33   102   103      0.127      0.075     -0.081      0.168      0.000
    26         22  (gamma)            -44    19    19    34    34     0     0     -0.040     -0.135     -0.263      0.299      0.000
    27         22  (gamma)            -43    21     0    35    35     0     0      0.001      0.000     -0.003      0.003      0.000
    28         11  (e-)               -41    37    37    36    20     0     0      0.000      0.000      7.000      7.000      0.000
    29        -11  (e+)               -42    38    38    21    21     0     0      0.000      0.000     -4.000      4.000      0.000
    30          2  (u)                -44    22    22    39    39   101     0      0.939     -3.690     -1.592      4.140      0.330
    31         -2  (ubar)             -44    23    23    40    40     0   102     -0.615      2.861      2.930      4.154      0.330
    32         21  (g)                -44    24    24    41    41   103   101     -0.412      0.890      2.008      2.235      0.000
    33         21  (g)                -44    25    25    42    42   102   103      0.127      0.075     -0.081      0.168      0.000
    34         22  (gamma)            -44    26    26    43    43     0     0     -0.040     -0.135     -0.263      0.299      0.000
    35         22  (gamma)            -44    27    27    44    44     0     0      0.001      0.000     -0.003      0.003      0.000
    36         22  (gamma)            -43    28     0    45    45     0     0      0.000     -0.000      0.001      0.001      0.000
    37         11  (e-)               -61     1     0    28    28     0     0     -0.000     -0.000      7.000      7.000      0.000
    38        -11  (e+)               -61     2     0    29    29     0     0      0.000      0.000     -4.000      4.000      0.000
    39          2  u                   62    30    30     0     0   101     0      0.939     -3.690     -1.592      4.140      0.330
    40         -2  ubar                62    31    31     0     0     0   102     -0.615      2.861      2.930      4.154      0.330
    41         21  g                   62    32    32     0     0   103   101     -0.412      0.890      2.008      2.235      0.000
    42         21  g                   62    33    33     0     0   102   103      0.127      0.075     -0.081      0.168      0.000
    43         22  gamma               62    34    34     0     0     0     0     -0.040     -0.135     -0.263      0.299      0.000
    44         22  gamma               62    35    35     0     0     0     0      0.001      0.000     -0.003      0.003      0.000
    45         22  gamma               62    36    36     0     0     0     0      0.000     -0.000      0.001      0.001      0.000
    46         22  gamma               63     1     0     0     0     0     0      0.000      0.000      0.000      0.000      0.000
    47         22  gamma               63     2     0     0     0     0     0      0.000      0.000     -0.000      0.000      0.000
                                   Charge sum:  0.000           Momentum sum:      0.000     -0.000      3.000     11.000     10.583

 --------  End PYTHIA Event Listing  -----------------------------------------------------------------------------------------------
 PYTHIA Warning in TauDecays::decay: unknown correlated tau production, assuming from unpolarized photon  
 PYTHIA Warning in PhaseSpace2to2tauyz::trialKin: maximum for cross section violated  

 *-------  PYTHIA Event and Cross Section Statistics  -------------------------------------------------------------*
 |                                                                                                                 |
 | Subprocess                                    Code |            Number of events       |      sigma +- delta    |
 |                                                    |       Tried   Selected   Accepted |     (estimated) (mb)   |
 |                                                    |                                   |                        |
 |-----------------------------------------------------------------------------------------------------------------|
 |                                                    |                                   |                        |
 | f fbar -> f' fbar' (s-channel gamma*)          223 |      245906      10000      10000 |   5.981e-06  2.972e-08 |
 |                                                    |                                   |                        |
 | sum                                                |      245906      10000      10000 |   5.981e-06  2.972e-08 |
 |                                                                                                                 |
 *-------  End PYTHIA Event and Cross Section Statistics ----------------------------------------------------------*

 *-------  PYTHIA Error and Warning Messages Statistics  ----------------------------------------------------------* 
 |                                                                                                                 | 
 |  times   message                                                                                                | 
 |                                                                                                                 | 
 |     33   Warning in PhaseSpace2to2tauyz::trialKin: maximum for cross section violated                           | 
 |   1449   Warning in TauDecays::decay: unknown correlated tau production, assuming from unpolarized photon       | 
 |                                                                                                                 | 
 *-------  End PYTHIA Error and Warning Messages Statistics  ------------------------------------------------------* 
Gammatau2xmu: 0.000e+00

Gammatau2xe: 1.667e-20

BRtau2xmu: 0.000e+00

BRtau2xe: 7.359e-09

produced tau excluding those daughters are also tau lepton: 2.898e+03
produced X: 2.898e+03
produced X/NMC: 2.898e-01

Proportion of X flying forward (eta>0): 6.339e-01
Proportion of X flying backward (eta<0): 3.661e-01

Total Gamma [GeV]: 5.260e-17
ctau [m]: 3.752e+00

Gammax2tautau: 0.000e+00

Gammax2mumu: 5.260e-17

Gammax2ee: 0.000e+00

Gammax2gmgm: 0.000e+00

BRx2tautau: 0.000e+00

BRx2mumu: 1.000e+00

BRx2ee: 0.000e+00

BRx2gmgm: 0.000e+00

X: insideFidVol: 1.890e+02
observedX: 1.992e+02
visibleX: 1.992e+01

X Observed Fiducial efficiency: 6.874e-02
X Visible Fiducial efficiency: 6.874e-03

reallyProduced tau: 9.200e+10
total number of tau-tau events: 4.600e+10

reallyProducedX: 2.384e+02
reallyobservedX: 1.638e+01
reallyvisibleX: 1.638e+00

