mX:  1
g_TE_Lamb:  8e-09
g_MM_Lamb:  4e-11
NMC 10000

 *-------  PYTHIA Process Initialization  --------------------------*
 |                                                                  |
 | We collide e- with e+ at a CM energy of 1.058e+01 GeV            |
 |                                                                  |
 |------------------------------------------------------------------|
 |                                                    |             |
 | Subprocess                                    Code |   Estimated |
 |                                                    |    max (mb) |
 |                                                    |             |
 |------------------------------------------------------------------|
 |                                                    |             |
 | f fbar -> f' fbar' (s-channel gamma*)          223 |   1.406e-04 |
 |                                                                  |
 *-------  End PYTHIA Process Initialization -----------------------*

 *-------  PYTHIA Flag + Mode + Parm + Word + FVec + MVec + PVec + WVec Settings (changes only)  ------------------* 
 |                                                                                                                 | 
 | Name                                          |                      Now |      Default         Min         Max | 
 |                                               |                          |                                      | 
 | Beams:eA                                      |                  7.00000 |     7000.000         0.0             | 
 | Beams:eB                                      |                  4.00000 |     7000.000         0.0             | 
 | Beams:frameType                               |                        2 |            1           1           5 | 
 | Beams:idA                                     |                       11 |         2212                         | 
 | Beams:idB                                     |                      -11 |         2212                         | 
 | HadronLevel:Hadronize                         |                      off |           on                         | 
 | Next:numberCount                              |                    10000 |         1000           0             | 
 | PartonLevel:MPI                               |                      off |           on                         | 
 | Random:seed                                   |                        0 |           -1               900000000 | 
 | Random:setSeed                                |                       on |          off                         | 
 | WeakSingleBoson:ffbar2ffbar(s:gm)             |                       on |          off                         | 
 |                                                                                                                 | 
 *-------  End PYTHIA Flag + Mode + Parm + Word + FVec + MVec + PVec + WVec Settings  -----------------------------* 

 --------  PYTHIA Particle Data Table (changed only)  ------------------------------------------------------------------------------
 
      id   name            antiName         spn chg col      m0        mWidth      mMin       mMax       tau0    res dec ext vis wid
             no onMode   bRatio   meMode     products 

      15  tau-             tau+               2  -3   0    1.77682    0.00000    0.00000    0.00000  8.71100e-02   0   1   0   1   0
              0     1   0.0000000  103       36       13 
              1     1   0.0000029  103       36       11 

      36  x                                   1   0   0    1.00000    0.00000    0.00000    0.00000  3.75174e+09   0   1   0   0   0
              0     1   0.0000000  103       15      -15 
              1     1   1.0000000  103       13      -13 
              2     1   0.0000000  103       11      -11 
              3     1   0.0000000  103       22       22 

 --------  End PYTHIA Particle Data Table  -----------------------------------------------------------------------------------------

 PYTHIA Warning in TauDecays::decay: unknown correlated tau production, assuming from unpolarized photon  

 --------  PYTHIA Info Listing  ---------------------------------------- 
 
 Beam A: id =     11, pz =  5.292e+00, e =  5.292e+00, m =  5.110e-04.
 Beam B: id =    -11, pz = -5.292e+00, e =  5.292e+00, m =  5.110e-04.

 In 1: id =   11, x =  9.990e-01, pdf =  3.369e+01 at Q2 =  1.119e+02.
 In 2: id =  -11, x =  1.000e+00, pdf =  8.824e+07 at same Q2.

 Subprocess f fbar -> f' fbar' (s-channel gamma*) with code 223 is 2 -> 2.
 It has sHat =  1.119e+02,    tHat = -1.547e+01,    uHat = -9.642e+01,
       pTHat =  3.439e+00,   m3Hat =  1.777e+00,   m4Hat =  1.777e+00,
    thetaHat =  7.619e-01,  phiHat =  4.013e+00.
     alphaEM =  7.631e-03,  alphaS =  1.975e-01    at Q2 =  1.119e+02.

 Impact parameter b =  0.000e+00 gives enhancement factor =  1.000e+00.
 Max pT scale for MPI =  1.058e+01, ISR =  1.058e+01, FSR =  1.058e+01.
 Number of MPI =     1, ISR =     1, FSRproc =     1, FSRreson =     0.

 --------  End PYTHIA Info Listing  ------------------------------------

 --------  PYTHIA Event Listing  (hard process)  -----------------------------------------------------------------------------------
 
    no         id  name            status     mothers   daughters     colours      p_x        p_y        p_z         e          m 
     0         90  (system)           -11     0     0     0     0     0     0      0.000      0.000      3.000     11.000     10.583
     1         11  (e-)               -12     0     0     3     0     0     0      0.000      0.000      7.000      7.000      0.001
     2        -11  (e+)               -12     0     0     4     0     0     0      0.000      0.000     -4.000      4.000      0.001
     3         11  (e-)               -21     1     0     5     6     0     0      0.000      0.000      6.993      6.993      0.000
     4        -11  (e+)               -21     2     0     5     6     0     0      0.000      0.000     -4.000      4.000      0.000
     5         15  tau-                23     3     4     0     0     0     0     -2.214     -2.631      5.242      6.516      1.777
     6        -15  tau+                23     3     4     0     0     0     0      2.214      2.631     -2.249      4.477      1.777
                                   Charge sum:  0.000           Momentum sum:      0.000      0.000      2.993     10.993     10.578

 --------  End PYTHIA Event Listing  -----------------------------------------------------------------------------------------------

 --------  PYTHIA Event Listing  (complete event)  ---------------------------------------------------------------------------------
 
    no         id  name            status     mothers   daughters     colours      p_x        p_y        p_z         e          m 
     0         90  (system)           -11     0     0     0     0     0     0      0.000      0.000      3.000     11.000     10.583
     1         11  (e-)               -12     0     0    15     0     0     0      0.000      0.000      7.000      7.000      0.001
     2        -11  (e+)               -12     0     0    16     0     0     0      0.000      0.000     -4.000      4.000      0.001
     3         11  (e-)               -21     7     0     5     6     0     0      0.000      0.000      6.993      6.993      0.000
     4        -11  (e+)               -21     8     8     5     6     0     0      0.000      0.000     -4.000      4.000      0.000
     5         15  (tau-)             -23     3     4     9     9     0     0     -2.214     -2.631      5.242      6.516      1.777
     6        -15  (tau+)             -23     3     4    10    10     0     0      2.214      2.631     -2.249      4.477      1.777
     7         11  (e-)               -41    15    15    11     3     0     0     -0.000      0.000      7.000      7.000      0.000
     8        -11  (e+)               -42    16    16     4     4     0     0     -0.000     -0.000     -4.000      4.000      0.000
     9         15  (tau-)             -44     5     5    12    13     0     0     -2.218     -2.632      5.246      6.521      1.777
    10        -15  (tau+)             -44     6     6    14    14     0     0      2.213      2.631     -2.245      4.474      1.777
    11         22  (gamma)            -43     7     0    19    19     0     0      0.005      0.001     -0.001      0.005      0.000
    12         15  (tau-)             -51     9     0    17    17     0     0     -2.218     -2.632      5.246      6.521      1.777
    13         22  (gamma)            -51     9     0    20    20     0     0      0.000     -0.000      0.000      0.000      0.000
    14        -15  (tau+)             -52    10    10    18    18     0     0      2.213      2.631     -2.245      4.474      1.777
    15         11  (e-)               -61     1     0     7     7     0     0     -0.000     -0.000      7.000      7.000      0.000
    16        -11  (e+)               -61     2     0     8     8     0     0      0.000     -0.000     -4.000      4.000      0.000
    17         15  (tau-)             -62    12    12    25    26     0     0     -2.218     -2.632      5.246      6.521      1.777
    18        -15  (tau+)             -62    14    14    23    24     0     0      2.213      2.631     -2.245      4.474      1.777
    19         22  gamma               62    11    11     0     0     0     0      0.005      0.001     -0.001      0.005      0.000
    20         22  gamma               62    13    13     0     0     0     0      0.000     -0.000      0.000      0.000      0.000
    21         22  gamma               63     1     0     0     0     0     0      0.000      0.000      0.000      0.000      0.000
    22         22  gamma               63     2     0     0     0     0     0      0.000      0.000     -0.000      0.000      0.000
    23         36  (x)                -91    18     0    27    28     0     0      1.758      2.717     -1.820      3.845      1.000
    24        -11  e+                  91    18     0     0     0     0     0      0.456     -0.086     -0.425      0.629      0.001
    25         36  (x)                -91    17     0    29    30     0     0     -1.656     -1.479      2.498      3.489      1.000
    26         11  e-                  91    17     0     0     0     0     0     -0.562     -1.153      2.747      3.032      0.001
    27         13  mu-                 91    23     0     0     0     0     0     -0.044      0.185      0.040      0.222      0.106
    28        -13  mu+                 91    23     0     0     0     0     0      1.802      2.532     -1.860      3.624      0.106
    29         13  mu-                 91    25     0     0     0     0     0      0.109     -0.086      0.106      0.204      0.106
    30        -13  mu+                 91    25     0     0     0     0     0     -1.765     -1.393      2.393      3.285      0.106
                                   Charge sum:  0.000           Momentum sum:     -0.000     -0.000      3.000     11.000     10.583

 --------  End PYTHIA Event Listing  -----------------------------------------------------------------------------------------------
 PYTHIA Warning in PhaseSpace2to2tauyz::trialKin: maximum for cross section violated  

 *-------  PYTHIA Event and Cross Section Statistics  -------------------------------------------------------------*
 |                                                                                                                 |
 | Subprocess                                    Code |            Number of events       |      sigma +- delta    |
 |                                                    |       Tried   Selected   Accepted |     (estimated) (mb)   |
 |                                                    |                                   |                        |
 |-----------------------------------------------------------------------------------------------------------------|
 |                                                    |                                   |                        |
 | f fbar -> f' fbar' (s-channel gamma*)          223 |      237940      10000      10000 |   5.968e-06  3.042e-08 |
 |                                                    |                                   |                        |
 | sum                                                |      237940      10000      10000 |   5.968e-06  3.042e-08 |
 |                                                                                                                 |
 *-------  End PYTHIA Event and Cross Section Statistics ----------------------------------------------------------*

 *-------  PYTHIA Error and Warning Messages Statistics  ----------------------------------------------------------* 
 |                                                                                                                 | 
 |  times   message                                                                                                | 
 |                                                                                                                 | 
 |    127   Warning in PhaseSpace2to2tauyz::trialKin: maximum for cross section violated                           | 
 |   1441   Warning in TauDecays::decay: unknown correlated tau production, assuming from unpolarized photon       | 
 |                                                                                                                 | 
 *-------  End PYTHIA Error and Warning Messages Statistics  ------------------------------------------------------* 
Gammatau2xmu: 0.000e+00

Gammatau2xe: 6.669e-18

BRtau2xmu: 0.000e+00

BRtau2xe: 2.943e-06

produced tau excluding those daughters are also tau lepton: 2.882e+03
produced X: 2.882e+03
produced X/NMC: 2.882e-01

Proportion of X flying forward (eta>0): 6.114e-01
Proportion of X flying backward (eta<0): 3.886e-01

Total Gamma [GeV]: 5.260e-23
ctau [m]: 3.752e+06

Gammax2tautau: 0.000e+00

Gammax2mumu: 5.260e-23

Gammax2ee: 0.000e+00

Gammax2gmgm: 0.000e+00

BRx2tautau: 0.000e+00

BRx2mumu: 1.000e+00

BRx2ee: 0.000e+00

BRx2gmgm: 0.000e+00

X: insideFidVol: 0.000e+00
observedX: 2.089e-04
visibleX: 2.089e-05

X Observed Fiducial efficiency: 7.249e-08
X Visible Fiducial efficiency: 7.249e-09

reallyProduced tau: 9.200e+10
total number of tau-tau events: 4.600e+10

reallyProducedX: 9.535e+04
reallyobservedX: 6.911e-03
reallyvisibleX: 6.911e-04

