mX:  1.5
g_AB_Lamb:  2e-07
g_CC_Lamb:  4e-09
NMC 100000

 *-------  PYTHIA Process Initialization  --------------------------*
 |                                                                  |
 | We collide e- with e+ at a CM energy of 1.058e+01 GeV            |
 |                                                                  |
 |------------------------------------------------------------------|
 |                                                    |             |
 | Subprocess                                    Code |   Estimated |
 |                                                    |    max (mb) |
 |                                                    |             |
 |------------------------------------------------------------------|
 |                                                    |             |
 | f fbar -> f' fbar' (s-channel gamma*)          223 |   1.518e-04 |
 |                                                                  |
 *-------  End PYTHIA Process Initialization -----------------------*

 *-------  PYTHIA Flag + Mode + Parm + Word + FVec + MVec + PVec + WVec Settings (changes only)  ------------------* 
 |                                                                                                                 | 
 | Name                                          |                      Now |      Default         Min         Max | 
 |                                               |                          |                                      | 
 | Beams:eA                                      |                  7.00000 |     7000.000         0.0             | 
 | Beams:eB                                      |                  4.00000 |     7000.000         0.0             | 
 | Beams:frameType                               |                        2 |            1           1           5 | 
 | Beams:idA                                     |                       11 |         2212                         | 
 | Beams:idB                                     |                      -11 |         2212                         | 
 | HadronLevel:Hadronize                         |                      off |           on                         | 
 | Next:numberCount                              |                    10000 |         1000           0             | 
 | PartonLevel:MPI                               |                      off |           on                         | 
 | Random:seed                                   |                        0 |           -1               900000000 | 
 | Random:setSeed                                |                       on |          off                         | 
 | WeakSingleBoson:ffbar2ffbar(s:gm)             |                       on |          off                         | 
 |                                                                                                                 | 
 *-------  End PYTHIA Flag + Mode + Parm + Word + FVec + MVec + PVec + WVec Settings  -----------------------------* 

 --------  PYTHIA Particle Data Table (changed only)  ------------------------------------------------------------------------------
 
      id   name            antiName         spn chg col      m0        mWidth      mMin       mMax       tau0    res dec ext vis wid
             no onMode   bRatio   meMode     products 

      15  tau-             tau+               2  -3   0    1.77682    0.00000    0.00000    0.00000  8.71100e-02   0   1   0   1   0
              0     1   0.0002904  103       36       13 
              1     1   0.0003252  103       36       11 

      36  x                                   1   0   0    1.50000    0.00000    0.00000    0.00000  1.63820e+05   0   1   0   0   0
              0     1   0.0000000  103       15      -15 
              1     1   0.9951390  103       13      -13 
              2     1   0.0048613  103       11      -11 
              3     1   0.0000000  103       22       22 

 --------  End PYTHIA Particle Data Table  -----------------------------------------------------------------------------------------


 --------  PYTHIA Info Listing  ---------------------------------------- 
 
 Beam A: id =     11, pz =  5.292e+00, e =  5.292e+00, m =  5.110e-04.
 Beam B: id =    -11, pz = -5.292e+00, e =  5.292e+00, m =  5.110e-04.

 In 1: id =   11, x =  1.000e+00, pdf =  1.329e+03 at Q2 =  1.119e+02.
 In 2: id =  -11, x =  9.991e-01, pdf =  3.553e+01 at same Q2.

 Subprocess f fbar -> f' fbar' (s-channel gamma*) with code 223 is 2 -> 2.
 It has sHat =  1.119e+02,    tHat = -4.692e+01,    uHat = -6.497e+01,
       pTHat =  5.209e+00,   m3Hat =  3.300e-01,   m4Hat =  3.300e-01,
    thetaHat =  1.409e+00,  phiHat =  4.200e+00.
     alphaEM =  7.631e-03,  alphaS =  1.975e-01    at Q2 =  1.119e+02.

 Impact parameter b =  0.000e+00 gives enhancement factor =  1.000e+00.
 Max pT scale for MPI =  1.058e+01, ISR =  1.058e+01, FSR =  1.058e+01.
 Number of MPI =     1, ISR =     1, FSRproc =     2, FSRreson =     0.

 --------  End PYTHIA Info Listing  ------------------------------------

 --------  PYTHIA Event Listing  (hard process)  -----------------------------------------------------------------------------------
 
    no         id  name            status     mothers   daughters     colours      p_x        p_y        p_z         e          m 
     0         90  (system)           -11     0     0     0     0     0     0      0.000      0.000      3.000     11.000     10.583
     1         11  (e-)               -12     0     0     3     0     0     0      0.000      0.000      7.000      7.000      0.001
     2        -11  (e+)               -12     0     0     4     0     0     0      0.000      0.000     -4.000      4.000      0.001
     3         11  (e-)               -21     1     0     5     6     0     0      0.000      0.000      7.000      7.000      0.000
     4        -11  (e+)               -21     2     0     5     6     0     0      0.000      0.000     -3.996      3.996      0.000
     5          2  u                   23     3     4     0     0   101     0     -2.552     -4.541      2.387      5.740      0.330
     6         -2  ubar                23     3     4     0     0     0   101      2.552      4.541      0.616      5.256      0.330
                                   Charge sum:  0.000           Momentum sum:      0.000      0.000      3.004     10.996     10.578

 --------  End PYTHIA Event Listing  -----------------------------------------------------------------------------------------------

 --------  PYTHIA Event Listing  (complete event)  ---------------------------------------------------------------------------------
 
    no         id  name            status     mothers   daughters     colours      p_x        p_y        p_z         e          m 
     0         90  (system)           -11     0     0     0     0     0     0      0.000      0.000      3.000     11.000     10.583
     1         11  (e-)               -12     0     0    20     0     0     0      0.000      0.000      7.000      7.000      0.001
     2        -11  (e+)               -12     0     0    21     0     0     0      0.000      0.000     -4.000      4.000      0.001
     3         11  (e-)               -21    13    13     5     6     0     0      0.000      0.000      7.000      7.000      0.000
     4        -11  (e+)               -21    14     0     5     6     0     0      0.000      0.000     -3.996      3.996      0.000
     5          2  (u)                -23     3     4     7     8   101     0     -2.552     -4.541      2.387      5.740      0.330
     6         -2  (ubar)             -23     3     4     9     9     0   101      2.552      4.541      0.616      5.256      0.330
     7          2  (u)                -51     5     0    10    11   103     0     -2.674     -3.455      2.755      5.176      0.330
     8         21  (g)                -51     5     0    12    12   101   103      0.287     -0.791     -0.328      0.904      0.000
     9         -2  (ubar)             -52     6     6    16    16     0   101      2.387      4.247      0.577      4.916      0.330
    10          2  (u)                -51     7     0    15    15   104     0     -2.182     -1.650      1.597      3.185      0.330
    11         21  (g)                -51     7     0    18    18   103   104     -0.350     -2.195      0.997      2.436      0.000
    12         21  (g)                -52     8     8    17    17   101   103      0.146     -0.402     -0.167      0.459      0.000
    13         11  (e-)               -42    20    20     3     3     0     0     -0.000      0.000      7.000      7.000      0.000
    14        -11  (e+)               -41    21    21    19     4     0     0      0.000     -0.000     -4.000      4.000      0.000
    15          2  (u)                -44    10    10    22    22   104     0     -2.181     -1.650      1.595      3.184      0.330
    16         -2  (ubar)             -44     9     9    23    23     0   101      2.389      4.245      0.575      4.916      0.330
    17         21  (g)                -44    12    12    24    24   101   103      0.146     -0.402     -0.167      0.459      0.000
    18         21  (g)                -44    11    11    25    25   103   104     -0.349     -2.195      0.996      2.436      0.000
    19         22  (gamma)            -43    14     0    26    26     0     0     -0.004      0.002      0.000      0.005      0.000
    20         11  (e-)               -61     1     0    13    13     0     0      0.000     -0.000      7.000      7.000      0.000
    21        -11  (e+)               -61     2     0    14    14     0     0     -0.000      0.000     -4.000      4.000      0.000
    22          2  u                   62    15    15     0     0   104     0     -2.181     -1.650      1.595      3.184      0.330
    23         -2  ubar                62    16    16     0     0     0   101      2.389      4.245      0.575      4.916      0.330
    24         21  g                   62    17    17     0     0   101   103      0.146     -0.402     -0.167      0.459      0.000
    25         21  g                   62    18    18     0     0   103   104     -0.349     -2.195      0.996      2.436      0.000
    26         22  gamma               62    19    19     0     0     0     0     -0.004      0.002      0.000      0.005      0.000
    27         22  gamma               63     1     0     0     0     0     0      0.000      0.000      0.000      0.000      0.000
    28         22  gamma               63     2     0     0     0     0     0      0.000      0.000     -0.000      0.000      0.000
                                   Charge sum:  0.000           Momentum sum:     -0.000     -0.000      3.000     11.000     10.583

 --------  End PYTHIA Event Listing  -----------------------------------------------------------------------------------------------
 PYTHIA Warning in TauDecays::decay: unknown correlated tau production, assuming from unpolarized photon  
 PYTHIA Warning in PhaseSpace2to2tauyz::trialKin: maximum for cross section violated  

 Pythia::next(): 10000 events have been generated 

 Pythia::next(): 20000 events have been generated 

 Pythia::next(): 30000 events have been generated 

 Pythia::next(): 40000 events have been generated 

 Pythia::next(): 50000 events have been generated 

 Pythia::next(): 60000 events have been generated 

 Pythia::next(): 70000 events have been generated 

 Pythia::next(): 80000 events have been generated 

 Pythia::next(): 90000 events have been generated 

 *-------  PYTHIA Event and Cross Section Statistics  -------------------------------------------------------------*
 |                                                                                                                 |
 | Subprocess                                    Code |            Number of events       |      sigma +- delta    |
 |                                                    |       Tried   Selected   Accepted |     (estimated) (mb)   |
 |                                                    |                                   |                        |
 |-----------------------------------------------------------------------------------------------------------------|
 |                                                    |                                   |                        |
 | f fbar -> f' fbar' (s-channel gamma*)          223 |     2528994     100000     100000 |   5.997e-06  9.575e-09 |
 |                                                    |                                   |                        |
 | sum                                                |     2528994     100000     100000 |   5.997e-06  9.575e-09 |
 |                                                                                                                 |
 *-------  End PYTHIA Event and Cross Section Statistics ----------------------------------------------------------*

 *-------  PYTHIA Error and Warning Messages Statistics  ----------------------------------------------------------* 
 |                                                                                                                 | 
 |  times   message                                                                                                | 
 |                                                                                                                 | 
 |    732   Warning in PhaseSpace2to2tauyz::trialKin: maximum for cross section violated                           | 
 |  14832   Warning in TauDecays::decay: unknown correlated tau production, assuming from unpolarized photon       | 
 |                                                                                                                 | 
 *-------  End PYTHIA Error and Warning Messages Statistics  ------------------------------------------------------* 
Gammatau2xmu: 6.584e-16

Gammatau2xe: 7.372e-16

BRtau2xmu: 2.904e-04

BRtau2xe: 3.252e-04

BRtau2xmu + BRtau2xe: 6.156e-04

produced tau excluding those daughters are also tau lepton: 2.966e+04
produced X: 2.966e+04
produced X/NMC: 2.966e-01

Proportion of X flying forward (eta>0): 6.198e-01
Proportion of X flying backward (eta<0): 3.802e-01

Total Gamma [GeV]: 1.205e-18
ctau [m]: 1.638e+02

Gammax2tautau: 0.000e+00

Gammax2mumu: 1.199e-18

Gammax2ee: 5.856e-21

Gammax2gmgm: 0.000e+00

BRx2tautau: 0.000e+00

BRx2mumu: 9.951e-01

BRx2ee: 4.861e-03

BRx2gmgm: 0.000e+00

X: insideFidVol: 4.400e+01
observedX: 5.183e+01
visibleX: 5.930e-02

X Observed Fiducial efficiency: 1.747e-03
X Visible Fiducial efficiency: 1.999e-06

reallyProduced tau: 9.200e+10
total number of tau-tau events: 4.600e+10

reallyProducedX: 1.994e+07
reallyobservedX: 3.484e+04
reallyvisibleX: 3.986e+01

