mX:  1.5
g_AB_Lamb:  2e-10
g_CC_Lamb:  3e-11
NMC 100000

 *-------  PYTHIA Process Initialization  --------------------------*
 |                                                                  |
 | We collide e- with e+ at a CM energy of 1.058e+01 GeV            |
 |                                                                  |
 |------------------------------------------------------------------|
 |                                                    |             |
 | Subprocess                                    Code |   Estimated |
 |                                                    |    max (mb) |
 |                                                    |             |
 |------------------------------------------------------------------|
 |                                                    |             |
 | f fbar -> f' fbar' (s-channel gamma*)          223 |   1.722e-04 |
 |                                                                  |
 *-------  End PYTHIA Process Initialization -----------------------*

 *-------  PYTHIA Flag + Mode + Parm + Word + FVec + MVec + PVec + WVec Settings (changes only)  ------------------* 
 |                                                                                                                 | 
 | Name                                          |                      Now |      Default         Min         Max | 
 |                                               |                          |                                      | 
 | Beams:eA                                      |                  7.00000 |     7000.000         0.0             | 
 | Beams:eB                                      |                  4.00000 |     7000.000         0.0             | 
 | Beams:frameType                               |                        2 |            1           1           5 | 
 | Beams:idA                                     |                       11 |         2212                         | 
 | Beams:idB                                     |                      -11 |         2212                         | 
 | HadronLevel:Hadronize                         |                      off |           on                         | 
 | Next:numberCount                              |                    10000 |         1000           0             | 
 | PartonLevel:MPI                               |                      off |           on                         | 
 | Random:seed                                   |                        0 |           -1               900000000 | 
 | Random:setSeed                                |                       on |          off                         | 
 | WeakSingleBoson:ffbar2ffbar(s:gm)             |                       on |          off                         | 
 |                                                                                                                 | 
 *-------  End PYTHIA Flag + Mode + Parm + Word + FVec + MVec + PVec + WVec Settings  -----------------------------* 

 --------  PYTHIA Particle Data Table (changed only)  ------------------------------------------------------------------------------
 
      id   name            antiName         spn chg col      m0        mWidth      mMin       mMax       tau0    res dec ext vis wid
             no onMode   bRatio   meMode     products 

      15  tau-             tau+               2  -3   0    1.77682    0.00000    0.00000    0.00000  8.71100e-02   0   1   0   1   0
              0     1   0.0000000  103       36       13 
              1     1   0.0000000  103       36       11 

      36  x                                   1   0   0    1.50000    0.00000    0.00000    0.00000  2.91235e+09   0   1   0   0   0
              0     1   0.0000000  103       15      -15 
              1     1   0.9951390  103       13      -13 
              2     1   0.0048613  103       11      -11 
              3     1   0.0000000  103       22       22 

 --------  End PYTHIA Particle Data Table  -----------------------------------------------------------------------------------------


 --------  PYTHIA Info Listing  ---------------------------------------- 
 
 Beam A: id =     11, pz =  5.292e+00, e =  5.292e+00, m =  5.110e-04.
 Beam B: id =    -11, pz = -5.292e+00, e =  5.292e+00, m =  5.110e-04.

 In 1: id =   11, x =  9.999e-01, pdf =  3.196e+02 at Q2 =  1.012e+02.
 In 2: id =  -11, x =  9.034e-01, pdf =  3.467e-01 at same Q2.

 Subprocess f fbar -> f' fbar' (s-channel gamma*) with code 223 is 2 -> 2.
 It has sHat =  1.012e+02,    tHat = -4.649e+00,    uHat = -9.653e+01,
       pTHat =  2.010e+00,   m3Hat =  1.500e+00,   m4Hat =  1.500e+00,
    thetaHat =  4.321e-01,  phiHat =  4.552e+00.
     alphaEM =  7.627e-03,  alphaS =  1.999e-01    at Q2 =  1.012e+02.

 Impact parameter b =  0.000e+00 gives enhancement factor =  1.000e+00.
 Max pT scale for MPI =  1.058e+01, ISR =  1.006e+01, FSR =  1.006e+01.
 Number of MPI =     1, ISR =     1, FSRproc =     1, FSRreson =     0.

 --------  End PYTHIA Info Listing  ------------------------------------

 --------  PYTHIA Event Listing  (hard process)  -----------------------------------------------------------------------------------
 
    no         id  name            status     mothers   daughters     colours      p_x        p_y        p_z         e          m 
     0         90  (system)           -11     0     0     0     0     0     0      0.000      0.000      3.000     11.000     10.583
     1         11  (e-)               -12     0     0     3     0     0     0      0.000      0.000      7.000      7.000      0.001
     2        -11  (e+)               -12     0     0     4     0     0     0      0.000      0.000     -4.000      4.000      0.001
     3         11  (e-)               -21     1     0     5     6     0     0      0.000      0.000      6.999      6.999      0.000
     4        -11  (e+)               -21     2     0     5     6     0     0      0.000      0.000     -3.614      3.614      0.000
     5          4  c                   23     3     4     0     0   101     0     -0.322     -1.984      6.292      6.774      1.500
     6         -4  cbar                23     3     4     0     0     0   101      0.322      1.984     -2.907      3.839      1.500
                                   Charge sum:  0.000           Momentum sum:      0.000      0.000      3.386     10.613     10.059

 --------  End PYTHIA Event Listing  -----------------------------------------------------------------------------------------------

 --------  PYTHIA Event Listing  (complete event)  ---------------------------------------------------------------------------------
 
    no         id  name            status     mothers   daughters     colours      p_x        p_y        p_z         e          m 
     0         90  (system)           -11     0     0     0     0     0     0      0.000      0.000      3.000     11.000     10.583
     1         11  (e-)               -12     0     0    16     0     0     0      0.000      0.000      7.000      7.000      0.001
     2        -11  (e+)               -12     0     0    17     0     0     0      0.000      0.000     -4.000      4.000      0.001
     3         11  (e-)               -21    10    10     5     6     0     0      0.000      0.000      6.999      6.999      0.000
     4        -11  (e+)               -21    11     0     5     6     0     0      0.000      0.000     -3.614      3.614      0.000
     5          4  (c)                -23     3     4     7     8   101     0     -0.322     -1.984      6.292      6.774      1.500
     6         -4  (cbar)             -23     3     4     9     9     0   101      0.322      1.984     -2.907      3.839      1.500
     7          4  (c)                -51     5     0    12    12   102     0     -1.713      1.106      3.388      4.229      1.500
     8         21  (g)                -51     5     0    14    14   101   102      1.487     -2.499      1.985      3.521      0.000
     9         -4  (cbar)             -52     6     6    13    13     0   101      0.226      1.393     -1.988      2.863      1.500
    10         11  (e-)               -42    16    16     3     3     0     0     -0.000     -0.000      6.999      6.999      0.000
    11        -11  (e+)               -41    17    17    15     4     0     0      0.000      0.000     -4.000      4.000      0.000
    12          4  (c)                -44     7     7    18    18   102     0     -1.712      1.107      3.388      4.229      1.500
    13         -4  (cbar)             -44     9     9    19    19     0   101      0.229      1.397     -1.987      2.864      1.500
    14         21  (g)                -44     8     8    20    20   101   102      1.488     -2.498      1.984      3.520      0.000
    15         22  (gamma)            -43    11     0    21    21     0     0     -0.005     -0.006     -0.386      0.386      0.000
    16         11  (e-)               -61     1     0    10    10     0     0      0.000      0.000      6.999      6.999      0.000
    17        -11  (e+)               -61     2     0    11    11     0     0      0.000      0.000     -4.000      4.000      0.000
    18          4  c                   62    12    12     0     0   102     0     -1.712      1.107      3.388      4.229      1.500
    19         -4  cbar                62    13    13     0     0     0   101      0.229      1.397     -1.987      2.864      1.500
    20         21  g                   62    14    14     0     0   101   102      1.488     -2.498      1.984      3.520      0.000
    21         22  gamma               62    15    15     0     0     0     0     -0.005     -0.006     -0.386      0.386      0.000
    22         22  gamma               63     1     0     0     0     0     0      0.000      0.000      0.001      0.001      0.000
    23         22  gamma               63     2     0     0     0     0     0      0.000      0.000     -0.000      0.000      0.000
                                   Charge sum:  0.000           Momentum sum:      0.000      0.000      3.000     11.000     10.583

 --------  End PYTHIA Event Listing  -----------------------------------------------------------------------------------------------
 PYTHIA Warning in TauDecays::decay: unknown correlated tau production, assuming from unpolarized photon  

 Pythia::next(): 10000 events have been generated 

 Pythia::next(): 20000 events have been generated 

 Pythia::next(): 30000 events have been generated 

 Pythia::next(): 40000 events have been generated 

 Pythia::next(): 50000 events have been generated 

 Pythia::next(): 60000 events have been generated 

 Pythia::next(): 70000 events have been generated 

 Pythia::next(): 80000 events have been generated 

 Pythia::next(): 90000 events have been generated 

 *-------  PYTHIA Event and Cross Section Statistics  -------------------------------------------------------------*
 |                                                                                                                 |
 | Subprocess                                    Code |            Number of events       |      sigma +- delta    |
 |                                                    |       Tried   Selected   Accepted |     (estimated) (mb)   |
 |                                                    |                                   |                        |
 |-----------------------------------------------------------------------------------------------------------------|
 |                                                    |                                   |                        |
 | f fbar -> f' fbar' (s-channel gamma*)          223 |     2863209     100000     100000 |   5.997e-06  8.798e-09 |
 |                                                    |                                   |                        |
 | sum                                                |     2863209     100000     100000 |   5.997e-06  8.798e-09 |
 |                                                                                                                 |
 *-------  End PYTHIA Event and Cross Section Statistics ----------------------------------------------------------*

 *-------  PYTHIA Error and Warning Messages Statistics  ----------------------------------------------------------* 
 |                                                                                                                 | 
 |  times   message                                                                                                | 
 |                                                                                                                 | 
 |  14729   Warning in TauDecays::decay: unknown correlated tau production, assuming from unpolarized photon       | 
 |                                                                                                                 | 
 *-------  End PYTHIA Error and Warning Messages Statistics  ------------------------------------------------------* 
Gammatau2xmu: 6.584e-22

Gammatau2xe: 7.372e-22

BRtau2xmu: 2.906e-10

BRtau2xe: 3.254e-10

BRtau2xmu + BRtau2xe: 6.159e-10

produced tau excluding those daughters are also tau lepton: 2.946e+04
produced X: 2.946e+04
produced X/NMC: 2.946e-01

Proportion of X flying forward (eta>0): 6.241e-01
Proportion of X flying backward (eta<0): 3.759e-01

Total Gamma [GeV]: 6.776e-23
ctau [m]: 2.912e+06

Gammax2tautau: 0.000e+00

Gammax2mumu: 6.743e-23

Gammax2ee: 3.294e-25

Gammax2gmgm: 0.000e+00

BRx2tautau: 0.000e+00

BRx2mumu: 9.951e-01

BRx2ee: 4.861e-03

BRx2gmgm: 0.000e+00

X: insideFidVol: 0.000e+00
observedX: 2.879e-03
visibleX: 0.000e+00

X Observed Fiducial efficiency: 9.775e-08
X Visible Fiducial efficiency: 0.000e+00

reallyProduced tau: 9.200e+10
total number of tau-tau events: 4.600e+10

reallyProducedX: 1.995e+01
reallyobservedX: 1.950e-06
reallyvisibleX: 0.000e+00

