mX:  1.5
g_AB_Lamb:  2e-09
g_CC_Lamb:  1e-11
NMC 100000

 *-------  PYTHIA Process Initialization  --------------------------*
 |                                                                  |
 | We collide e- with e+ at a CM energy of 1.058e+01 GeV            |
 |                                                                  |
 |------------------------------------------------------------------|
 |                                                    |             |
 | Subprocess                                    Code |   Estimated |
 |                                                    |    max (mb) |
 |                                                    |             |
 |------------------------------------------------------------------|
 |                                                    |             |
 | f fbar -> f' fbar' (s-channel gamma*)          223 |   1.569e-04 |
 |                                                                  |
 *-------  End PYTHIA Process Initialization -----------------------*

 *-------  PYTHIA Flag + Mode + Parm + Word + FVec + MVec + PVec + WVec Settings (changes only)  ------------------* 
 |                                                                                                                 | 
 | Name                                          |                      Now |      Default         Min         Max | 
 |                                               |                          |                                      | 
 | Beams:eA                                      |                  7.00000 |     7000.000         0.0             | 
 | Beams:eB                                      |                  4.00000 |     7000.000         0.0             | 
 | Beams:frameType                               |                        2 |            1           1           5 | 
 | Beams:idA                                     |                       11 |         2212                         | 
 | Beams:idB                                     |                      -11 |         2212                         | 
 | HadronLevel:Hadronize                         |                      off |           on                         | 
 | Next:numberCount                              |                    10000 |         1000           0             | 
 | PartonLevel:MPI                               |                      off |           on                         | 
 | Random:seed                                   |                        0 |           -1               900000000 | 
 | Random:setSeed                                |                       on |          off                         | 
 | WeakSingleBoson:ffbar2ffbar(s:gm)             |                       on |          off                         | 
 |                                                                                                                 | 
 *-------  End PYTHIA Flag + Mode + Parm + Word + FVec + MVec + PVec + WVec Settings  -----------------------------* 

 --------  PYTHIA Particle Data Table (changed only)  ------------------------------------------------------------------------------
 
      id   name            antiName         spn chg col      m0        mWidth      mMin       mMax       tau0    res dec ext vis wid
             no onMode   bRatio   meMode     products 

      15  tau-             tau+               2  -3   0    1.77682    0.00000    0.00000    0.00000  8.71100e-02   0   1   0   1   0
              0     1   0.0000000  103       36       13 
              1     1   0.0000000  103       36       11 

      36  x                                   1   0   0    1.50000    0.00000    0.00000    0.00000  2.62112e+10   0   1   0   0   0
              0     1   0.0000000  103       15      -15 
              1     1   0.9951390  103       13      -13 
              2     1   0.0048613  103       11      -11 
              3     1   0.0000000  103       22       22 

 --------  End PYTHIA Particle Data Table  -----------------------------------------------------------------------------------------


 --------  PYTHIA Info Listing  ---------------------------------------- 
 
 Beam A: id =     11, pz =  5.292e+00, e =  5.292e+00, m =  5.110e-04.
 Beam B: id =    -11, pz = -5.292e+00, e =  5.292e+00, m =  5.110e-04.

 In 1: id =   11, x =  1.000e+00, pdf =  1.223e+05 at Q2 =  1.120e+02.
 In 2: id =  -11, x =  1.000e+00, pdf =  9.761e+07 at same Q2.

 Subprocess f fbar -> f' fbar' (s-channel gamma*) with code 223 is 2 -> 2.
 It has sHat =  1.120e+02,    tHat = -2.722e+00,    uHat = -1.093e+02,
       pTHat =  1.622e+00,   m3Hat =  5.000e-01,   m4Hat =  5.000e-01,
    thetaHat =  3.130e-01,  phiHat =  5.545e+00.
     alphaEM =  7.631e-03,  alphaS =  1.975e-01    at Q2 =  1.120e+02.

 Impact parameter b =  0.000e+00 gives enhancement factor =  1.000e+00.
 Max pT scale for MPI =  1.058e+01, ISR =  1.058e+01, FSR =  1.058e+01.
 Number of MPI =     1, ISR =     0, FSRproc =     4, FSRreson =     0.

 --------  End PYTHIA Info Listing  ------------------------------------

 --------  PYTHIA Event Listing  (hard process)  -----------------------------------------------------------------------------------
 
    no         id  name            status     mothers   daughters     colours      p_x        p_y        p_z         e          m 
     0         90  (system)           -11     0     0     0     0     0     0      0.000      0.000      3.000     11.000     10.583
     1         11  (e-)               -12     0     0     3     0     0     0      0.000      0.000      7.000      7.000      0.001
     2        -11  (e+)               -12     0     0     4     0     0     0      0.000      0.000     -4.000      4.000      0.001
     3         11  (e-)               -21     1     0     5     6     0     0      0.000      0.000      7.000      7.000      0.000
     4        -11  (e+)               -21     2     0     5     6     0     0      0.000      0.000     -4.000      4.000      0.000
     5          3  s                   23     3     4     0     0   101     0      1.200     -1.091      6.709      6.921      0.500
     6         -3  sbar                23     3     4     0     0     0   101     -1.200      1.091     -3.709      4.079      0.500
                                   Charge sum:  0.000           Momentum sum:      0.000      0.000      3.000     11.000     10.583

 --------  End PYTHIA Event Listing  -----------------------------------------------------------------------------------------------

 --------  PYTHIA Event Listing  (complete event)  ---------------------------------------------------------------------------------
 
    no         id  name            status     mothers   daughters     colours      p_x        p_y        p_z         e          m 
     0         90  (system)           -11     0     0     0     0     0     0      0.000      0.000      3.000     11.000     10.583
     1         11  (e-)               -12     0     0    19     0     0     0      0.000      0.000      7.000      7.000      0.001
     2        -11  (e+)               -12     0     0    20     0     0     0      0.000      0.000     -4.000      4.000      0.001
     3         11  (e-)               -21    19    19     5     6     0     0      0.000      0.000      7.000      7.000      0.000
     4        -11  (e+)               -21    20    20     5     6     0     0      0.000      0.000     -4.000      4.000      0.000
     5          3  (s)                -23     3     4     7     8   101     0      1.200     -1.091      6.709      6.921      0.500
     6         -3  (sbar)             -23     3     4     9     9     0   101     -1.200      1.091     -3.709      4.079      0.500
     7          3  (s)                -51     5     0    15    15   102     0      3.329      2.177      1.000      4.131      0.500
     8         21  (g)                -51     5     0    10    11   101   102     -2.850     -2.612      3.465      5.192      0.000
     9         -3  (sbar)             -52     6     6    12    12     0   101     -0.478      0.435     -1.464      1.677      0.500
    10         21  (g)                -51     8     0    13    14   103   102     -2.955     -1.635      3.121      4.599      0.000
    11         21  (g)                -51     8     0    18    18   101   103      0.026     -0.885      0.056      0.887      0.000
    12         -3  (sbar)             -52     9     9    22    22     0   101     -0.400      0.343     -1.176      1.383      0.500
    13         21  (g)                -51    10     0    16    17   103   104     -2.693     -1.061      3.243      4.347      0.000
    14         21  (g)                -51    10     0    25    25   104   102     -0.083     -0.458     -0.070      0.470      0.000
    15          3  (s)                -52     7     7    21    21   102     0      3.150      2.060      0.948      3.913      0.500
    16         21  (g)                -51    13     0    23    23   105   104     -2.291     -0.933      3.209      4.052      0.000
    17         21  (g)                -51    13     0    26    26   103   105     -0.395     -0.387      0.050      0.555      0.000
    18         21  (g)                -52    11    11    24    24   101   103      0.019     -0.626      0.039      0.627      0.000
    19         11  (e-)               -61     1     0     3     3     0     0      0.000      0.000      7.000      7.000      0.000
    20        -11  (e+)               -61     2     0     4     4     0     0      0.000      0.000     -4.000      4.000      0.000
    21          3  s                   62    15    15     0     0   102     0      3.150      2.060      0.948      3.913      0.500
    22         -3  sbar                62    12    12     0     0     0   101     -0.400      0.343     -1.176      1.383      0.500
    23         21  g                   62    16    16     0     0   105   104     -2.291     -0.933      3.209      4.052      0.000
    24         21  g                   62    18    18     0     0   101   103      0.019     -0.626      0.039      0.627      0.000
    25         21  g                   62    14    14     0     0   104   102     -0.083     -0.458     -0.070      0.470      0.000
    26         21  g                   62    17    17     0     0   103   105     -0.395     -0.387      0.050      0.555      0.000
    27         22  gamma               63     1     0     0     0     0     0      0.000      0.000      0.000      0.000      0.000
    28         22  gamma               63     2     0     0     0     0     0      0.000      0.000     -0.000      0.000      0.000
                                   Charge sum:  0.000           Momentum sum:      0.000     -0.000      3.000     11.000     10.583

 --------  End PYTHIA Event Listing  -----------------------------------------------------------------------------------------------
 PYTHIA Warning in TauDecays::decay: unknown correlated tau production, assuming from unpolarized photon  
 PYTHIA Warning in PhaseSpace2to2tauyz::trialKin: maximum for cross section violated  

 Pythia::next(): 10000 events have been generated 

 Pythia::next(): 20000 events have been generated 

 Pythia::next(): 30000 events have been generated 

 Pythia::next(): 40000 events have been generated 

 Pythia::next(): 50000 events have been generated 

 Pythia::next(): 60000 events have been generated 

 Pythia::next(): 70000 events have been generated 

 Pythia::next(): 80000 events have been generated 

 Pythia::next(): 90000 events have been generated 

 *-------  PYTHIA Event and Cross Section Statistics  -------------------------------------------------------------*
 |                                                                                                                 |
 | Subprocess                                    Code |            Number of events       |      sigma +- delta    |
 |                                                    |       Tried   Selected   Accepted |     (estimated) (mb)   |
 |                                                    |                                   |                        |
 |-----------------------------------------------------------------------------------------------------------------|
 |                                                    |                                   |                        |
 | f fbar -> f' fbar' (s-channel gamma*)          223 |     2614117     100000     100000 |   6.010e-06  9.320e-09 |
 |                                                    |                                   |                        |
 | sum                                                |     2614117     100000     100000 |   6.010e-06  9.320e-09 |
 |                                                                                                                 |
 *-------  End PYTHIA Event and Cross Section Statistics ----------------------------------------------------------*

 *-------  PYTHIA Error and Warning Messages Statistics  ----------------------------------------------------------* 
 |                                                                                                                 | 
 |  times   message                                                                                                | 
 |                                                                                                                 | 
 |     63   Warning in PhaseSpace2to2tauyz::trialKin: maximum for cross section violated                           | 
 |  14755   Warning in TauDecays::decay: unknown correlated tau production, assuming from unpolarized photon       | 
 |                                                                                                                 | 
 *-------  End PYTHIA Error and Warning Messages Statistics  ------------------------------------------------------* 
Gammatau2xmu: 6.584e-20

Gammatau2xe: 7.372e-20

BRtau2xmu: 2.906e-08

BRtau2xe: 3.254e-08

BRtau2xmu + BRtau2xe: 6.159e-08

produced tau excluding those daughters are also tau lepton: 2.951e+04
produced X: 2.951e+04
produced X/NMC: 2.951e-01

Proportion of X flying forward (eta>0): 6.220e-01
Proportion of X flying backward (eta<0): 3.780e-01

Total Gamma [GeV]: 7.528e-24
ctau [m]: 2.621e+07

Gammax2tautau: 0.000e+00

Gammax2mumu: 7.492e-24

Gammax2ee: 3.660e-26

Gammax2gmgm: 0.000e+00

BRx2tautau: 0.000e+00

BRx2mumu: 9.951e-01

BRx2ee: 4.861e-03

BRx2gmgm: 0.000e+00

X: insideFidVol: 0.000e+00
observedX: 3.202e-04
visibleX: 0.000e+00

X Observed Fiducial efficiency: 1.085e-08
X Visible Fiducial efficiency: 0.000e+00

reallyProduced tau: 9.200e+10
total number of tau-tau events: 4.600e+10

reallyProducedX: 1.995e+03
reallyobservedX: 2.165e-05
reallyvisibleX: 0.000e+00

