mX:  1.5
g_AB_Lamb:  6e-07
g_CC_Lamb:  4e-10
NMC 100000

 *-------  PYTHIA Process Initialization  --------------------------*
 |                                                                  |
 | We collide e- with e+ at a CM energy of 1.058e+01 GeV            |
 |                                                                  |
 |------------------------------------------------------------------|
 |                                                    |             |
 | Subprocess                                    Code |   Estimated |
 |                                                    |    max (mb) |
 |                                                    |             |
 |------------------------------------------------------------------|
 |                                                    |             |
 | f fbar -> f' fbar' (s-channel gamma*)          223 |   1.318e-04 |
 |                                                                  |
 *-------  End PYTHIA Process Initialization -----------------------*

 *-------  PYTHIA Flag + Mode + Parm + Word + FVec + MVec + PVec + WVec Settings (changes only)  ------------------* 
 |                                                                                                                 | 
 | Name                                          |                      Now |      Default         Min         Max | 
 |                                               |                          |                                      | 
 | Beams:eA                                      |                  7.00000 |     7000.000         0.0             | 
 | Beams:eB                                      |                  4.00000 |     7000.000         0.0             | 
 | Beams:frameType                               |                        2 |            1           1           5 | 
 | Beams:idA                                     |                       11 |         2212                         | 
 | Beams:idB                                     |                      -11 |         2212                         | 
 | HadronLevel:Hadronize                         |                      off |           on                         | 
 | Next:numberCount                              |                    10000 |         1000           0             | 
 | PartonLevel:MPI                               |                      off |           on                         | 
 | Random:seed                                   |                        0 |           -1               900000000 | 
 | Random:setSeed                                |                       on |          off                         | 
 | WeakSingleBoson:ffbar2ffbar(s:gm)             |                       on |          off                         | 
 |                                                                                                                 | 
 *-------  End PYTHIA Flag + Mode + Parm + Word + FVec + MVec + PVec + WVec Settings  -----------------------------* 

 --------  PYTHIA Particle Data Table (changed only)  ------------------------------------------------------------------------------
 
      id   name            antiName         spn chg col      m0        mWidth      mMin       mMax       tau0    res dec ext vis wid
             no onMode   bRatio   meMode     products 

      15  tau-             tau+               2  -3   0    1.77682    0.00000    0.00000    0.00000  8.71100e-02   0   1   0   1   0
              0     1   0.0026007  103       36       13 
              1     1   0.0029122  103       36       11 

      36  x                                   1   0   0    1.50000    0.00000    0.00000    0.00000  1.63820e+07   0   1   0   0   0
              0     1   0.0000000  103       15      -15 
              1     1   0.9951390  103       13      -13 
              2     1   0.0048613  103       11      -11 
              3     1   0.0000000  103       22       22 

 --------  End PYTHIA Particle Data Table  -----------------------------------------------------------------------------------------


 --------  PYTHIA Info Listing  ---------------------------------------- 
 
 Beam A: id =     11, pz =  5.292e+00, e =  5.292e+00, m =  5.110e-04.
 Beam B: id =    -11, pz = -5.292e+00, e =  5.292e+00, m =  5.110e-04.

 In 1: id =   11, x =  9.868e-01, pdf =  2.769e+00 at Q2 =  1.105e+02.
 In 2: id =  -11, x =  1.000e+00, pdf =  3.660e+06 at same Q2.

 Subprocess f fbar -> f' fbar' (s-channel gamma*) with code 223 is 2 -> 2.
 It has sHat =  1.105e+02,    tHat = -1.033e+02,    uHat = -7.259e+00,
       pTHat =  2.599e+00,   m3Hat =  3.300e-01,   m4Hat =  3.300e-01,
    thetaHat =  2.623e+00,  phiHat =  2.394e+00.
     alphaEM =  7.631e-03,  alphaS =  1.978e-01    at Q2 =  1.105e+02.

 Impact parameter b =  0.000e+00 gives enhancement factor =  1.000e+00.
 Max pT scale for MPI =  1.058e+01, ISR =  1.051e+01, FSR =  1.051e+01.
 Number of MPI =     1, ISR =     1, FSRproc =     3, FSRreson =     0.

 --------  End PYTHIA Info Listing  ------------------------------------

 --------  PYTHIA Event Listing  (hard process)  -----------------------------------------------------------------------------------
 
    no         id  name            status     mothers   daughters     colours      p_x        p_y        p_z         e          m 
     0         90  (system)           -11     0     0     0     0     0     0      0.000      0.000      3.000     11.000     10.583
     1         11  (e-)               -12     0     0     3     0     0     0      0.000      0.000      7.000      7.000      0.001
     2        -11  (e+)               -12     0     0     4     0     0     0      0.000      0.000     -4.000      4.000      0.001
     3         11  (e-)               -21     1     0     5     6     0     0      0.000      0.000      6.908      6.908      0.000
     4        -11  (e+)               -21     2     0     5     6     0     0      0.000      0.000     -4.000      4.000      0.000
     5          2  u                   23     3     4     0     0   101     0     -1.906      1.767     -3.274      4.193      0.330
     6         -2  ubar                23     3     4     0     0     0   101      1.906     -1.767      6.182      6.714      0.330
                                   Charge sum:  0.000           Momentum sum:      0.000      0.000      2.908     10.908     10.513

 --------  End PYTHIA Event Listing  -----------------------------------------------------------------------------------------------

 --------  PYTHIA Event Listing  (complete event)  ---------------------------------------------------------------------------------
 
    no         id  name            status     mothers   daughters     colours      p_x        p_y        p_z         e          m 
     0         90  (system)           -11     0     0     0     0     0     0      0.000      0.000      3.000     11.000     10.583
     1         11  (e-)               -12     0     0    24     0     0     0      0.000      0.000      7.000      7.000      0.001
     2        -11  (e+)               -12     0     0    25     0     0     0      0.000      0.000     -4.000      4.000      0.001
     3         11  (e-)               -21    16     0     5     6     0     0      0.000      0.000      6.908      6.908      0.000
     4        -11  (e+)               -21    17    17     5     6     0     0      0.000      0.000     -4.000      4.000      0.000
     5          2  (u)                -23     3     4     9     9   101     0     -1.906      1.767     -3.274      4.193      0.330
     6         -2  (ubar)             -23     3     4     7     8     0   101      1.906     -1.767      6.182      6.714      0.330
     7         -2  (ubar)             -51     6     0    19    19     0   102      0.749     -1.401      5.302      5.545      0.330
     8         21  (g)                -51     6     0    10    11   102   101      1.078     -0.292      0.743      1.342      0.000
     9          2  (u)                -52     5     5    12    12   101     0     -1.827      1.693     -3.138      4.020      0.330
    10         21  (g)                -51     8     0    13    14   102   103      0.476     -0.283      1.010      1.152      0.000
    11         21  (g)                -51     8     0    15    15   103   101      0.249      0.316     -0.870      0.958      0.000
    12          2  (u)                -52     9     9    18    18   101     0     -1.474      1.368     -2.535      3.252      0.330
    13         21  (g)                -51    10     0    20    20   102   104      0.299     -0.630      0.626      0.937      0.000
    14         21  (g)                -51    10     0    22    22   104   103      0.259      0.450      0.099      0.528      0.000
    15         21  (g)                -52    11    11    21    21   103   101      0.168      0.213     -0.585      0.645      0.000
    16         11  (e-)               -41    24    24    23     3     0     0     -0.000     -0.000      7.000      7.000      0.000
    17        -11  (e+)               -42    25    25     4     4     0     0     -0.000      0.000     -4.000      4.000      0.000
    18          2  (u)                -44    12    12    26    26   101     0     -1.476      1.367     -2.530      3.249      0.330
    19         -2  (ubar)             -44     7     7    27    27     0   102      0.718     -1.424      5.312      5.556      0.330
    20         21  (g)                -44    13    13    28    28   102   104      0.295     -0.633      0.627      0.939      0.000
    21         21  (g)                -44    15    15    29    29   103   101      0.168      0.213     -0.583      0.643      0.000
    22         21  (g)                -44    14    14    30    30   104   103      0.257      0.449      0.101      0.527      0.000
    23         22  (gamma)            -43    16     0    31    31     0     0      0.039      0.029      0.072      0.087      0.000
    24         11  (e-)               -61     1     0    16    16     0     0      0.000     -0.000      7.000      7.000      0.000
    25        -11  (e+)               -61     2     0    17    17     0     0      0.000      0.000     -4.000      4.000      0.000
    26          2  u                   62    18    18     0     0   101     0     -1.476      1.367     -2.530      3.249      0.330
    27         -2  ubar                62    19    19     0     0     0   102      0.718     -1.424      5.312      5.556      0.330
    28         21  g                   62    20    20     0     0   102   104      0.295     -0.633      0.627      0.939      0.000
    29         21  g                   62    21    21     0     0   103   101      0.168      0.213     -0.583      0.643      0.000
    30         21  g                   62    22    22     0     0   104   103      0.257      0.449      0.101      0.527      0.000
    31         22  gamma               62    23    23     0     0     0     0      0.039      0.029      0.072      0.087      0.000
    32         22  gamma               63     1     0     0     0     0     0      0.000      0.000      0.000      0.000      0.000
    33         22  gamma               63     2     0     0     0     0     0      0.000      0.000     -0.000      0.000      0.000
                                   Charge sum:  0.000           Momentum sum:     -0.000      0.000      3.000     11.000     10.583

 --------  End PYTHIA Event Listing  -----------------------------------------------------------------------------------------------
 PYTHIA Warning in TauDecays::decay: unknown correlated tau production, assuming from unpolarized photon  
 PYTHIA Warning in PhaseSpace2to2tauyz::trialKin: maximum for cross section violated  

 Pythia::next(): 10000 events have been generated 

 Pythia::next(): 20000 events have been generated 

 Pythia::next(): 30000 events have been generated 

 Pythia::next(): 40000 events have been generated 

 Pythia::next(): 50000 events have been generated 

 Pythia::next(): 60000 events have been generated 

 Pythia::next(): 70000 events have been generated 

 Pythia::next(): 80000 events have been generated 
 PYTHIA Warning in PhaseSpace2to2tauyz::finalKin: failed after mass assignment  

 Pythia::next(): 90000 events have been generated 

 *-------  PYTHIA Event and Cross Section Statistics  -------------------------------------------------------------*
 |                                                                                                                 |
 | Subprocess                                    Code |            Number of events       |      sigma +- delta    |
 |                                                    |       Tried   Selected   Accepted |     (estimated) (mb)   |
 |                                                    |                                   |                        |
 |-----------------------------------------------------------------------------------------------------------------|
 |                                                    |                                   |                        |
 | f fbar -> f' fbar' (s-channel gamma*)          223 |     2182271     100001     100000 |   6.022e-06  1.013e-08 |
 |                                                    |                                   |                        |
 | sum                                                |     2182271     100001     100000 |   6.022e-06  1.013e-08 |
 |                                                                                                                 |
 *-------  End PYTHIA Event and Cross Section Statistics ----------------------------------------------------------*

 *-------  PYTHIA Error and Warning Messages Statistics  ----------------------------------------------------------* 
 |                                                                                                                 | 
 |  times   message                                                                                                | 
 |                                                                                                                 | 
 |      1   Warning in PhaseSpace2to2tauyz::finalKin: failed after mass assignment                                 | 
 |   2583   Warning in PhaseSpace2to2tauyz::trialKin: maximum for cross section violated                           | 
 |  14804   Warning in TauDecays::decay: unknown correlated tau production, assuming from unpolarized photon       | 
 |                                                                                                                 | 
 *-------  End PYTHIA Error and Warning Messages Statistics  ------------------------------------------------------* 
Gammatau2xmu: 5.925e-15

Gammatau2xe: 6.635e-15

BRtau2xmu: 2.601e-03

BRtau2xe: 2.912e-03

BRtau2xmu + BRtau2xe: 5.513e-03

produced tau excluding those daughters are also tau lepton: 2.961e+04
produced X: 2.961e+04
produced X/NMC: 2.961e-01

Proportion of X flying forward (eta>0): 6.213e-01
Proportion of X flying backward (eta<0): 3.787e-01

Total Gamma [GeV]: 1.205e-20
ctau [m]: 1.638e+04

Gammax2tautau: 0.000e+00

Gammax2mumu: 1.199e-20

Gammax2ee: 5.856e-23

Gammax2gmgm: 0.000e+00

BRx2tautau: 0.000e+00

BRx2mumu: 9.951e-01

BRx2ee: 4.861e-03

BRx2gmgm: 0.000e+00

X: insideFidVol: 0.000e+00
observedX: 5.173e-01
visibleX: 0.000e+00

X Observed Fiducial efficiency: 1.747e-05
X Visible Fiducial efficiency: 0.000e+00

reallyProduced tau: 9.200e+10
total number of tau-tau events: 4.600e+10

reallyProducedX: 1.786e+08
reallyobservedX: 3.120e+03
reallyvisibleX: 0.000e+00

