mX:  1.5
g_AB_Lamb:  4e-07
g_CC_Lamb:  8e-07
NMC 100000

 *-------  PYTHIA Process Initialization  --------------------------*
 |                                                                  |
 | We collide e- with e+ at a CM energy of 1.058e+01 GeV            |
 |                                                                  |
 |------------------------------------------------------------------|
 |                                                    |             |
 | Subprocess                                    Code |   Estimated |
 |                                                    |    max (mb) |
 |                                                    |             |
 |------------------------------------------------------------------|
 |                                                    |             |
 | f fbar -> f' fbar' (s-channel gamma*)          223 |   1.274e-04 |
 |                                                                  |
 *-------  End PYTHIA Process Initialization -----------------------*

 *-------  PYTHIA Flag + Mode + Parm + Word + FVec + MVec + PVec + WVec Settings (changes only)  ------------------* 
 |                                                                                                                 | 
 | Name                                          |                      Now |      Default         Min         Max | 
 |                                               |                          |                                      | 
 | Beams:eA                                      |                  7.00000 |     7000.000         0.0             | 
 | Beams:eB                                      |                  4.00000 |     7000.000         0.0             | 
 | Beams:frameType                               |                        2 |            1           1           5 | 
 | Beams:idA                                     |                       11 |         2212                         | 
 | Beams:idB                                     |                      -11 |         2212                         | 
 | HadronLevel:Hadronize                         |                      off |           on                         | 
 | Next:numberCount                              |                    10000 |         1000           0             | 
 | PartonLevel:MPI                               |                      off |           on                         | 
 | Random:seed                                   |                        0 |           -1               900000000 | 
 | Random:setSeed                                |                       on |          off                         | 
 | WeakSingleBoson:ffbar2ffbar(s:gm)             |                       on |          off                         | 
 |                                                                                                                 | 
 *-------  End PYTHIA Flag + Mode + Parm + Word + FVec + MVec + PVec + WVec Settings  -----------------------------* 

 --------  PYTHIA Particle Data Table (changed only)  ------------------------------------------------------------------------------
 
      id   name            antiName         spn chg col      m0        mWidth      mMin       mMax       tau0    res dec ext vis wid
             no onMode   bRatio   meMode     products 

      15  tau-             tau+               2  -3   0    1.77682    0.00000    0.00000    0.00000  8.71100e-02   0   1   0   1   0
              0     1   0.0011594  103       36       13 
              1     1   0.0012983  103       36       11 

      36  x                                   1   0   0    1.50000    0.00000    0.00000    0.00000  4.09550e+00   0   1   0   0   0
              0     1   0.0000000  103       15      -15 
              1     1   0.9951390  103       13      -13 
              2     1   0.0048613  103       11      -11 
              3     1   0.0000000  103       22       22 

 --------  End PYTHIA Particle Data Table  -----------------------------------------------------------------------------------------


 --------  PYTHIA Info Listing  ---------------------------------------- 
 
 Beam A: id =     11, pz =  5.292e+00, e =  5.292e+00, m =  5.110e-04.
 Beam B: id =    -11, pz = -5.292e+00, e =  5.292e+00, m =  5.110e-04.

 In 1: id =   11, x =  9.999e-01, pdf =  3.467e+02 at Q2 =  1.120e+02.
 In 2: id =  -11, x =  1.000e+00, pdf =  2.019e+06 at same Q2.

 Subprocess f fbar -> f' fbar' (s-channel gamma*) with code 223 is 2 -> 2.
 It has sHat =  1.120e+02,    tHat = -6.828e+01,    uHat = -4.371e+01,
       pTHat =  4.951e+00,   m3Hat =  1.500e+00,   m4Hat =  1.500e+00,
    thetaHat =  1.792e+00,  phiHat =  5.902e+00.
     alphaEM =  7.631e-03,  alphaS =  1.975e-01    at Q2 =  1.120e+02.

 Impact parameter b =  0.000e+00 gives enhancement factor =  1.000e+00.
 Max pT scale for MPI =  1.058e+01, ISR =  1.058e+01, FSR =  1.058e+01.
 Number of MPI =     1, ISR =     0, FSRproc =     3, FSRreson =     0.

 --------  End PYTHIA Info Listing  ------------------------------------

 --------  PYTHIA Event Listing  (hard process)  -----------------------------------------------------------------------------------
 
    no         id  name            status     mothers   daughters     colours      p_x        p_y        p_z         e          m 
     0         90  (system)           -11     0     0     0     0     0     0      0.000      0.000      3.000     11.000     10.583
     1         11  (e-)               -12     0     0     3     0     0     0      0.000      0.000      7.000      7.000      0.001
     2        -11  (e+)               -12     0     0     4     0     0     0      0.000      0.000     -4.000      4.000      0.001
     3         11  (e-)               -21     1     0     5     6     0     0      0.000      0.000      6.999      6.999      0.000
     4        -11  (e+)               -21     2     0     5     6     0     0      0.000      0.000     -4.000      4.000      0.000
     5          4  c                   23     3     4     0     0   101     0      4.596     -1.840      0.342      5.184      1.500
     6         -4  cbar                23     3     4     0     0     0   101     -4.596      1.840      2.657      5.815      1.500
                                   Charge sum:  0.000           Momentum sum:      0.000      0.000      2.999     10.999     10.583

 --------  End PYTHIA Event Listing  -----------------------------------------------------------------------------------------------

 --------  PYTHIA Event Listing  (complete event)  ---------------------------------------------------------------------------------
 
    no         id  name            status     mothers   daughters     colours      p_x        p_y        p_z         e          m 
     0         90  (system)           -11     0     0     0     0     0     0      0.000      0.000      3.000     11.000     10.583
     1         11  (e-)               -12     0     0    16     0     0     0      0.000      0.000      7.000      7.000      0.001
     2        -11  (e+)               -12     0     0    17     0     0     0      0.000      0.000     -4.000      4.000      0.001
     3         11  (e-)               -21    16    16     5     6     0     0      0.000      0.000      6.999      6.999      0.000
     4        -11  (e+)               -21    17    17     5     6     0     0      0.000      0.000     -4.000      4.000      0.000
     5          4  (c)                -23     3     4     7     8   101     0      4.596     -1.840      0.342      5.184      1.500
     6         -4  (cbar)             -23     3     4     9     9     0   101     -4.596      1.840      2.657      5.815      1.500
     7          4  (c)                -51     5     0    12    12   103     0      3.784     -1.902     -0.910      4.584      1.500
     8         21  (g)                -51     5     0    10    11   101   103     -0.516      0.594      1.979      2.130      0.000
     9         -4  (cbar)             -52     6     6    19    19     0   101     -3.268      1.308      1.930      4.286      1.500
    10         21  (g)                -51     8     0    13    14   101   104     -0.449      0.849      1.756      2.002      0.000
    11         21  (g)                -51     8     0    15    15   104   103      0.855     -0.733     -0.078      1.129      0.000
    12          4  (c)                -52     7     7    18    18   103     0      2.861     -1.424     -0.609      3.583      1.500
    13          3  (s)                -51    10     0    20    20   101     0      0.090      0.444      0.779      1.030      0.500
    14         -3  (sbar)             -51    10     0    22    22     0   104     -0.380      0.270      0.963      1.181      0.500
    15         21  (g)                -52    11    11    21    21   104   103      0.697     -0.597     -0.063      0.920      0.000
    16         11  (e-)               -61     1     0     3     3     0     0      0.000      0.000      6.999      6.999      0.000
    17        -11  (e+)               -61     2     0     4     4     0     0      0.000      0.000     -4.000      4.000      0.000
    18          4  c                   62    12    12     0     0   103     0      2.861     -1.424     -0.609      3.583      1.500
    19         -4  cbar                62     9     9     0     0     0   101     -3.268      1.308      1.930      4.286      1.500
    20          3  s                   62    13    13     0     0   101     0      0.090      0.444      0.779      1.030      0.500
    21         21  g                   62    15    15     0     0   104   103      0.697     -0.597     -0.063      0.920      0.000
    22         -3  sbar                62    14    14     0     0     0   104     -0.380      0.270      0.963      1.181      0.500
    23         22  gamma               63     1     0     0     0     0     0      0.000      0.000      0.001      0.001      0.000
    24         22  gamma               63     2     0     0     0     0     0      0.000      0.000     -0.000      0.000      0.000
                                   Charge sum:  0.000           Momentum sum:      0.000     -0.000      3.000     11.000     10.583

 --------  End PYTHIA Event Listing  -----------------------------------------------------------------------------------------------
 PYTHIA Warning in PhaseSpace2to2tauyz::trialKin: maximum for cross section violated  
 PYTHIA Warning in TauDecays::decay: unknown correlated tau production, assuming from unpolarized photon  

 Pythia::next(): 10000 events have been generated 

 Pythia::next(): 20000 events have been generated 

 Pythia::next(): 30000 events have been generated 

 Pythia::next(): 40000 events have been generated 

 Pythia::next(): 50000 events have been generated 

 Pythia::next(): 60000 events have been generated 

 Pythia::next(): 70000 events have been generated 

 Pythia::next(): 80000 events have been generated 

 Pythia::next(): 90000 events have been generated 

 *-------  PYTHIA Event and Cross Section Statistics  -------------------------------------------------------------*
 |                                                                                                                 |
 | Subprocess                                    Code |            Number of events       |      sigma +- delta    |
 |                                                    |       Tried   Selected   Accepted |     (estimated) (mb)   |
 |                                                    |                                   |                        |
 |-----------------------------------------------------------------------------------------------------------------|
 |                                                    |                                   |                        |
 | f fbar -> f' fbar' (s-channel gamma*)          223 |     2139741     100000     100000 |   5.989e-06  1.030e-08 |
 |                                                    |                                   |                        |
 | sum                                                |     2139741     100000     100000 |   5.989e-06  1.030e-08 |
 |                                                                                                                 |
 *-------  End PYTHIA Event and Cross Section Statistics ----------------------------------------------------------*

 *-------  PYTHIA Error and Warning Messages Statistics  ----------------------------------------------------------* 
 |                                                                                                                 | 
 |  times   message                                                                                                | 
 |                                                                                                                 | 
 |   4113   Warning in PhaseSpace2to2tauyz::trialKin: maximum for cross section violated                           | 
 |  14751   Warning in TauDecays::decay: unknown correlated tau production, assuming from unpolarized photon       | 
 |                                                                                                                 | 
 *-------  End PYTHIA Error and Warning Messages Statistics  ------------------------------------------------------* 
Gammatau2xmu: 2.633e-15

Gammatau2xe: 2.949e-15

BRtau2xmu: 1.159e-03

BRtau2xe: 1.298e-03

BRtau2xmu + BRtau2xe: 2.458e-03

produced tau excluding those daughters are also tau lepton: 2.950e+04
produced X: 2.950e+04
produced X/NMC: 2.950e-01

Proportion of X flying forward (eta>0): 6.193e-01
Proportion of X flying backward (eta<0): 3.807e-01

Total Gamma [GeV]: 4.818e-14
ctau [m]: 4.095e-03

Gammax2tautau: 0.000e+00

Gammax2mumu: 4.795e-14

Gammax2ee: 2.342e-16

Gammax2gmgm: 0.000e+00

BRx2tautau: 0.000e+00

BRx2mumu: 9.951e-01

BRx2ee: 4.861e-03

BRx2gmgm: 0.000e+00

X: insideFidVol: 4.000e+00
observedX: 1.912e+00
visibleX: 8.731e-04

X Observed Fiducial efficiency: 6.481e-05
X Visible Fiducial efficiency: 2.959e-08

reallyProduced tau: 9.200e+10
total number of tau-tau events: 4.600e+10

reallyProducedX: 7.961e+07
reallyobservedX: 5.160e+03
reallyvisibleX: 2.356e+00

