mX:  1.5
g_AB_Lamb:  1e-09
g_CC_Lamb:  6e-06
NMC 100000

 *-------  PYTHIA Process Initialization  --------------------------*
 |                                                                  |
 | We collide e- with e+ at a CM energy of 1.058e+01 GeV            |
 |                                                                  |
 |------------------------------------------------------------------|
 |                                                    |             |
 | Subprocess                                    Code |   Estimated |
 |                                                    |    max (mb) |
 |                                                    |             |
 |------------------------------------------------------------------|
 |                                                    |             |
 | f fbar -> f' fbar' (s-channel gamma*)          223 |   1.418e-04 |
 |                                                                  |
 *-------  End PYTHIA Process Initialization -----------------------*

 *-------  PYTHIA Flag + Mode + Parm + Word + FVec + MVec + PVec + WVec Settings (changes only)  ------------------* 
 |                                                                                                                 | 
 | Name                                          |                      Now |      Default         Min         Max | 
 |                                               |                          |                                      | 
 | Beams:eA                                      |                  7.00000 |     7000.000         0.0             | 
 | Beams:eB                                      |                  4.00000 |     7000.000         0.0             | 
 | Beams:frameType                               |                        2 |            1           1           5 | 
 | Beams:idA                                     |                       11 |         2212                         | 
 | Beams:idB                                     |                      -11 |         2212                         | 
 | HadronLevel:Hadronize                         |                      off |           on                         | 
 | Next:numberCount                              |                    10000 |         1000           0             | 
 | PartonLevel:MPI                               |                      off |           on                         | 
 | Random:seed                                   |                        0 |           -1               900000000 | 
 | Random:setSeed                                |                       on |          off                         | 
 | WeakSingleBoson:ffbar2ffbar(s:gm)             |                       on |          off                         | 
 |                                                                                                                 | 
 *-------  End PYTHIA Flag + Mode + Parm + Word + FVec + MVec + PVec + WVec Settings  -----------------------------* 

 --------  PYTHIA Particle Data Table (changed only)  ------------------------------------------------------------------------------
 
      id   name            antiName         spn chg col      m0        mWidth      mMin       mMax       tau0    res dec ext vis wid
             no onMode   bRatio   meMode     products 

      15  tau-             tau+               2  -3   0    1.77682    0.00000    0.00000    0.00000  8.71100e-02   0   1   0   1   0
              0     1   0.0000000  103       36       13 
              1     1   0.0000000  103       36       11 

      36  x                                   1   0   0    1.50000    0.00000    0.00000    0.00000  7.28088e-02   0   1   0   0   0
              0     1   0.0000000  103       15      -15 
              1     1   0.9951390  103       13      -13 
              2     1   0.0048613  103       11      -11 
              3     1   0.0000000  103       22       22 

 --------  End PYTHIA Particle Data Table  -----------------------------------------------------------------------------------------


 --------  PYTHIA Info Listing  ---------------------------------------- 
 
 Beam A: id =     11, pz =  5.292e+00, e =  5.292e+00, m =  5.110e-04.
 Beam B: id =    -11, pz = -5.292e+00, e =  5.292e+00, m =  5.110e-04.

 In 1: id =   11, x =  9.829e-01, pdf =  2.147e+00 at Q2 =  1.099e+02.
 In 2: id =  -11, x =  9.982e-01, pdf =  1.852e+01 at same Q2.

 Subprocess f fbar -> f' fbar' (s-channel gamma*) with code 223 is 2 -> 2.
 It has sHat =  1.099e+02,    tHat = -3.000e+01,    uHat = -7.989e+01,
       pTHat =  4.475e+00,   m3Hat =  1.500e+00,   m4Hat =  1.500e+00,
    thetaHat =  1.100e+00,  phiHat =  5.539e+00.
     alphaEM =  7.630e-03,  alphaS =  1.979e-01    at Q2 =  1.099e+02.

 Impact parameter b =  0.000e+00 gives enhancement factor =  1.000e+00.
 Max pT scale for MPI =  1.058e+01, ISR =  1.048e+01, FSR =  1.048e+01.
 Number of MPI =     1, ISR =     2, FSRproc =     0, FSRreson =     0.

 --------  End PYTHIA Info Listing  ------------------------------------

 --------  PYTHIA Event Listing  (hard process)  -----------------------------------------------------------------------------------
 
    no         id  name            status     mothers   daughters     colours      p_x        p_y        p_z         e          m 
     0         90  (system)           -11     0     0     0     0     0     0      0.000      0.000      3.000     11.000     10.583
     1         11  (e-)               -12     0     0     3     0     0     0      0.000      0.000      7.000      7.000      0.001
     2        -11  (e+)               -12     0     0     4     0     0     0      0.000      0.000     -4.000      4.000      0.001
     3         11  (e-)               -21     1     0     5     6     0     0      0.000      0.000      6.881      6.881      0.000
     4        -11  (e+)               -21     2     0     5     6     0     0      0.000      0.000     -3.993      3.993      0.000
     5          4  c                   23     3     4     0     0   101     0      3.292     -3.031      3.809      6.065      1.500
     6         -4  cbar                23     3     4     0     0     0   101     -3.292      3.031     -0.921      4.808      1.500
                                   Charge sum:  0.000           Momentum sum:      0.000      0.000      2.888     10.873     10.483

 --------  End PYTHIA Event Listing  -----------------------------------------------------------------------------------------------

 --------  PYTHIA Event Listing  (complete event)  ---------------------------------------------------------------------------------
 
    no         id  name            status     mothers   daughters     colours      p_x        p_y        p_z         e          m 
     0         90  (system)           -11     0     0     0     0     0     0      0.000      0.000      3.000     11.000     10.583
     1         11  (e-)               -12     0     0    18     0     0     0      0.000      0.000      7.000      7.000      0.001
     2        -11  (e+)               -12     0     0    19     0     0     0      0.000      0.000     -4.000      4.000      0.001
     3         11  (e-)               -21     7     0     5     6     0     0      0.000      0.000      6.881      6.881      0.000
     4        -11  (e+)               -21     8     8     5     6     0     0      0.000      0.000     -3.993      3.993      0.000
     5          4  (c)                -23     3     4     9     9   101     0      3.292     -3.031      3.809      6.065      1.500
     6         -4  (cbar)             -23     3     4    10    10     0   101     -3.292      3.031     -0.921      4.808      1.500
     7         11  (e-)               -41    12    12    11     3     0     0     -0.000     -0.000      7.000      7.000      0.000
     8        -11  (e+)               -42    13     0     4     4     0     0     -0.000      0.000     -3.993      3.993      0.000
     9          4  (c)                -44     5     5    14    14   101     0      3.332     -3.081      3.839      6.131      1.500
    10         -4  (cbar)             -44     6     6    15    15     0   101     -3.276      3.011     -0.846      4.771      1.500
    11         22  (gamma)            -43     7     0    16    16     0     0     -0.056      0.070      0.014      0.091      0.000
    12         11  (e-)               -42    18    18     7     7     0     0      0.000      0.000      7.000      7.000      0.000
    13        -11  (e+)               -41    19    19    17     8     0     0     -0.000     -0.000     -4.000      4.000      0.000
    14          4  (c)                -44     9     9    20    20   101     0      3.331     -3.082      3.839      6.131      1.500
    15         -4  (cbar)             -44    10    10    21    21     0   101     -3.278      3.010     -0.846      4.771      1.500
    16         22  (gamma)            -44    11    11    22    22     0     0     -0.056      0.070      0.014      0.091      0.000
    17         22  (gamma)            -43    13     0    23    23     0     0      0.002      0.002     -0.007      0.008      0.000
    18         11  (e-)               -61     1     0    12    12     0     0      0.000      0.000      7.000      7.000      0.000
    19        -11  (e+)               -61     2     0    13    13     0     0      0.000     -0.000     -4.000      4.000      0.000
    20          4  c                   62    14    14     0     0   101     0      3.331     -3.082      3.839      6.131      1.500
    21         -4  cbar                62    15    15     0     0     0   101     -3.278      3.010     -0.846      4.771      1.500
    22         22  gamma               62    16    16     0     0     0     0     -0.056      0.070      0.014      0.091      0.000
    23         22  gamma               62    17    17     0     0     0     0      0.002      0.002     -0.007      0.008      0.000
    24         22  gamma               63     1     0     0     0     0     0      0.000      0.000      0.000      0.000      0.000
    25         22  gamma               63     2     0     0     0     0     0      0.000      0.000     -0.000      0.000      0.000
                                   Charge sum:  0.000           Momentum sum:     -0.000     -0.000      3.000     11.000     10.583

 --------  End PYTHIA Event Listing  -----------------------------------------------------------------------------------------------
 PYTHIA Warning in TauDecays::decay: unknown correlated tau production, assuming from unpolarized photon  
 PYTHIA Warning in PhaseSpace2to2tauyz::trialKin: maximum for cross section violated  

 Pythia::next(): 10000 events have been generated 

 Pythia::next(): 20000 events have been generated 

 Pythia::next(): 30000 events have been generated 

 Pythia::next(): 40000 events have been generated 

 Pythia::next(): 50000 events have been generated 

 Pythia::next(): 60000 events have been generated 

 Pythia::next(): 70000 events have been generated 

 Pythia::next(): 80000 events have been generated 

 Pythia::next(): 90000 events have been generated 

 *-------  PYTHIA Event and Cross Section Statistics  -------------------------------------------------------------*
 |                                                                                                                 |
 | Subprocess                                    Code |            Number of events       |      sigma +- delta    |
 |                                                    |       Tried   Selected   Accepted |     (estimated) (mb)   |
 |                                                    |                                   |                        |
 |-----------------------------------------------------------------------------------------------------------------|
 |                                                    |                                   |                        |
 | f fbar -> f' fbar' (s-channel gamma*)          223 |     2352706     100000     100000 |   6.018e-06  9.703e-09 |
 |                                                    |                                   |                        |
 | sum                                                |     2352706     100000     100000 |   6.018e-06  9.703e-09 |
 |                                                                                                                 |
 *-------  End PYTHIA Event and Cross Section Statistics ----------------------------------------------------------*

 *-------  PYTHIA Error and Warning Messages Statistics  ----------------------------------------------------------* 
 |                                                                                                                 | 
 |  times   message                                                                                                | 
 |                                                                                                                 | 
 |    851   Warning in PhaseSpace2to2tauyz::trialKin: maximum for cross section violated                           | 
 |  14780   Warning in TauDecays::decay: unknown correlated tau production, assuming from unpolarized photon       | 
 |                                                                                                                 | 
 *-------  End PYTHIA Error and Warning Messages Statistics  ------------------------------------------------------* 
Gammatau2xmu: 1.646e-20

Gammatau2xe: 1.843e-20

BRtau2xmu: 7.264e-09

BRtau2xe: 8.134e-09

BRtau2xmu + BRtau2xe: 1.540e-08

produced tau excluding those daughters are also tau lepton: 2.956e+04
produced X: 2.956e+04
produced X/NMC: 2.956e-01

Proportion of X flying forward (eta>0): 6.233e-01
Proportion of X flying backward (eta<0): 3.767e-01

Total Gamma [GeV]: 2.710e-12
ctau [m]: 7.281e-05

Gammax2tautau: 0.000e+00

Gammax2mumu: 2.697e-12

Gammax2ee: 1.318e-14

Gammax2gmgm: 0.000e+00

BRx2tautau: 0.000e+00

BRx2mumu: 9.951e-01

BRx2ee: 4.861e-03

BRx2gmgm: 0.000e+00

X: insideFidVol: 0.000e+00
observedX: 3.553e-178
visibleX: 0.000e+00

X Observed Fiducial efficiency: 1.202e-182
X Visible Fiducial efficiency: 0.000e+00

reallyProduced tau: 9.200e+10
total number of tau-tau events: 4.600e+10

reallyProducedX: 4.988e+02
reallyobservedX: 5.996e-180
reallyvisibleX: 0.000e+00

