mX:  1.5
g_AB_Lamb:  4e-10
g_CC_Lamb:  1.5e-10
NMC 10000

 *-------  PYTHIA Process Initialization  --------------------------*
 |                                                                  |
 | We collide e- with e+ at a CM energy of 1.058e+01 GeV            |
 |                                                                  |
 |------------------------------------------------------------------|
 |                                                    |             |
 | Subprocess                                    Code |   Estimated |
 |                                                    |    max (mb) |
 |                                                    |             |
 |------------------------------------------------------------------|
 |                                                    |             |
 | f fbar -> f' fbar' (s-channel gamma*)          223 |   1.317e-04 |
 |                                                                  |
 *-------  End PYTHIA Process Initialization -----------------------*

 *-------  PYTHIA Flag + Mode + Parm + Word + FVec + MVec + PVec + WVec Settings (changes only)  ------------------* 
 |                                                                                                                 | 
 | Name                                          |                      Now |      Default         Min         Max | 
 |                                               |                          |                                      | 
 | Beams:eA                                      |                  7.00000 |     7000.000         0.0             | 
 | Beams:eB                                      |                  4.00000 |     7000.000         0.0             | 
 | Beams:frameType                               |                        2 |            1           1           5 | 
 | Beams:idA                                     |                       11 |         2212                         | 
 | Beams:idB                                     |                      -11 |         2212                         | 
 | HadronLevel:Hadronize                         |                      off |           on                         | 
 | Next:numberCount                              |                    10000 |         1000           0             | 
 | PartonLevel:MPI                               |                      off |           on                         | 
 | Random:seed                                   |                        0 |           -1               900000000 | 
 | Random:setSeed                                |                       on |          off                         | 
 | WeakSingleBoson:ffbar2ffbar(s:gm)             |                       on |          off                         | 
 |                                                                                                                 | 
 *-------  End PYTHIA Flag + Mode + Parm + Word + FVec + MVec + PVec + WVec Settings  -----------------------------* 

 --------  PYTHIA Particle Data Table (changed only)  ------------------------------------------------------------------------------
 
      id   name            antiName         spn chg col      m0        mWidth      mMin       mMax       tau0    res dec ext vis wid
             no onMode   bRatio   meMode     products 

      15  tau-             tau+               2  -3   0    1.77682    0.00000    0.00000    0.00000  8.71100e-02   0   1   0   1   0
              0     1   0.0000000  103       36       13 
              1     1   0.0000000  103       36       11 

      36  x                                   1   0   0    1.50000    0.00000    0.00000    0.00000  1.16494e+08   0   1   0   0   0
              0     1   0.0000000  103       15      -15 
              1     1   0.9951390  103       13      -13 
              2     1   0.0048613  103       11      -11 
              3     1   0.0000000  103       22       22 

 --------  End PYTHIA Particle Data Table  -----------------------------------------------------------------------------------------


 --------  PYTHIA Info Listing  ---------------------------------------- 
 
 Beam A: id =     11, pz =  5.292e+00, e =  5.292e+00, m =  5.110e-04.
 Beam B: id =    -11, pz = -5.292e+00, e =  5.292e+00, m =  5.110e-04.

 In 1: id =   11, x =  9.987e-01, pdf =  2.649e+01 at Q2 =  1.117e+02.
 In 2: id =  -11, x =  9.990e-01, pdf =  3.230e+01 at same Q2.

 Subprocess f fbar -> f' fbar' (s-channel gamma*) with code 223 is 2 -> 2.
 It has sHat =  1.117e+02,    tHat = -2.926e+01,    uHat = -8.248e+01,
       pTHat =  4.456e+00,   m3Hat =  1.500e+00,   m4Hat =  1.500e+00,
    thetaHat =  1.074e+00,  phiHat =  1.265e+00.
     alphaEM =  7.631e-03,  alphaS =  1.975e-01    at Q2 =  1.117e+02.

 Impact parameter b =  0.000e+00 gives enhancement factor =  1.000e+00.
 Max pT scale for MPI =  1.058e+01, ISR =  1.057e+01, FSR =  1.057e+01.
 Number of MPI =     1, ISR =     2, FSRproc =     1, FSRreson =     0.

 --------  End PYTHIA Info Listing  ------------------------------------

 --------  PYTHIA Event Listing  (hard process)  -----------------------------------------------------------------------------------
 
    no         id  name            status     mothers   daughters     colours      p_x        p_y        p_z         e          m 
     0         90  (system)           -11     0     0     0     0     0     0      0.000      0.000      3.000     11.000     10.583
     1         11  (e-)               -12     0     0     3     0     0     0      0.000      0.000      7.000      7.000      0.001
     2        -11  (e+)               -12     0     0     4     0     0     0      0.000      0.000     -4.000      4.000      0.001
     3         11  (e-)               -21     1     0     5     6     0     0      0.000      0.000      6.991      6.991      0.000
     4        -11  (e+)               -21     2     0     5     6     0     0      0.000      0.000     -3.996      3.996      0.000
     5          4  c                   23     3     4     0     0   101     0      1.341      4.250      4.006      6.177      1.500
     6         -4  cbar                23     3     4     0     0     0   101     -1.341     -4.250     -1.011      4.810      1.500
                                   Charge sum:  0.000           Momentum sum:      0.000      0.000      2.995     10.987     10.571

 --------  End PYTHIA Event Listing  -----------------------------------------------------------------------------------------------

 --------  PYTHIA Event Listing  (complete event)  ---------------------------------------------------------------------------------
 
    no         id  name            status     mothers   daughters     colours      p_x        p_y        p_z         e          m 
     0         90  (system)           -11     0     0     0     0     0     0      0.000      0.000      3.000     11.000     10.583
     1         11  (e-)               -12     0     0    23     0     0     0      0.000      0.000      7.000      7.000      0.001
     2        -11  (e+)               -12     0     0    24     0     0     0      0.000      0.000     -4.000      4.000      0.001
     3         11  (e-)               -21    10    10     5     6     0     0      0.000      0.000      6.991      6.991      0.000
     4        -11  (e+)               -21    11     0     5     6     0     0      0.000      0.000     -3.996      3.996      0.000
     5          4  (c)                -23     3     4     9     9   101     0      1.341      4.250      4.006      6.177      1.500
     6         -4  (cbar)             -23     3     4     7     8     0   101     -1.341     -4.250     -1.011      4.810      1.500
     7         -4  (cbar)             -51     6     0    13    13     0   101     -2.382     -1.850     -0.400      3.392      1.500
     8         22  (gamma)            -51     6     0    14    14     0     0      1.224     -1.820     -0.083      2.195      0.000
     9          4  (c)                -52     5     5    12    12   101     0      1.158      3.670      3.478      5.400      1.500
    10         11  (e-)               -42    16     0     3     3     0     0      0.000      0.000      6.991      6.991      0.000
    11        -11  (e+)               -41    17    17    15     4     0     0     -0.000     -0.000     -4.000      4.000      0.000
    12          4  (c)                -44     9     9    18    18   101     0      1.158      3.671      3.473      5.397      1.500
    13         -4  (cbar)             -44     7     7    19    19     0   101     -2.382     -1.849     -0.404      3.392      1.500
    14         22  (gamma)            -44     8     8    20    20     0     0      1.224     -1.819     -0.085      2.194      0.000
    15         22  (gamma)            -43    11     0    21    21     0     0     -0.000     -0.002      0.007      0.007      0.000
    16         11  (e-)               -41    23    23    22    10     0     0      0.000      0.000      7.000      7.000      0.000
    17        -11  (e+)               -42    24    24    11    11     0     0      0.000     -0.000     -4.000      4.000      0.000
    18          4  (c)                -44    12    12    25    25   101     0      1.159      3.668      3.475      5.397      1.500
    19         -4  (cbar)             -44    13    13    26    26     0   101     -2.382     -1.850     -0.404      3.393      1.500
    20         22  (gamma)            -44    14    14    27    27     0     0      1.224     -1.820     -0.086      2.195      0.000
    21         22  (gamma)            -44    15    15    28    28     0     0     -0.000     -0.002      0.007      0.007      0.000
    22         22  (gamma)            -43    16     0    29    29     0     0     -0.002      0.004      0.007      0.008      0.000
    23         11  (e-)               -61     1     0    16    16     0     0      0.000     -0.000      7.000      7.000      0.000
    24        -11  (e+)               -61     2     0    17    17     0     0      0.000      0.000     -4.000      4.000      0.000
    25          4  c                   62    18    18     0     0   101     0      1.159      3.668      3.475      5.397      1.500
    26         -4  cbar                62    19    19     0     0     0   101     -2.382     -1.850     -0.404      3.393      1.500
    27         22  gamma               62    20    20     0     0     0     0      1.224     -1.820     -0.086      2.195      0.000
    28         22  gamma               62    21    21     0     0     0     0     -0.000     -0.002      0.007      0.007      0.000
    29         22  gamma               62    22    22     0     0     0     0     -0.002      0.004      0.007      0.008      0.000
    30         22  gamma               63     1     0     0     0     0     0      0.000      0.000      0.000      0.000      0.000
    31         22  gamma               63     2     0     0     0     0     0      0.000      0.000     -0.000      0.000      0.000
                                   Charge sum:  0.000           Momentum sum:      0.000      0.000      3.000     11.000     10.583

 --------  End PYTHIA Event Listing  -----------------------------------------------------------------------------------------------
 PYTHIA Warning in TauDecays::decay: unknown correlated tau production, assuming from unpolarized photon  
 PYTHIA Warning in PhaseSpace2to2tauyz::trialKin: maximum for cross section violated  

 *-------  PYTHIA Event and Cross Section Statistics  -------------------------------------------------------------*
 |                                                                                                                 |
 | Subprocess                                    Code |            Number of events       |      sigma +- delta    |
 |                                                    |       Tried   Selected   Accepted |     (estimated) (mb)   |
 |                                                    |                                   |                        |
 |-----------------------------------------------------------------------------------------------------------------|
 |                                                    |                                   |                        |
 | f fbar -> f' fbar' (s-channel gamma*)          223 |      219630      10000      10000 |   5.979e-06  3.176e-08 |
 |                                                    |                                   |                        |
 | sum                                                |      219630      10000      10000 |   5.979e-06  3.176e-08 |
 |                                                                                                                 |
 *-------  End PYTHIA Event and Cross Section Statistics ----------------------------------------------------------*

 *-------  PYTHIA Error and Warning Messages Statistics  ----------------------------------------------------------* 
 |                                                                                                                 | 
 |  times   message                                                                                                | 
 |                                                                                                                 | 
 |    279   Warning in PhaseSpace2to2tauyz::trialKin: maximum for cross section violated                           | 
 |   1440   Warning in TauDecays::decay: unknown correlated tau production, assuming from unpolarized photon       | 
 |                                                                                                                 | 
 *-------  End PYTHIA Error and Warning Messages Statistics  ------------------------------------------------------* 
Gammatau2xmu: 2.633e-21

Gammatau2xe: 2.949e-21

BRtau2xmu: 1.162e-09

BRtau2xe: 1.302e-09

BRtau2xmu + BRtau2xe: 2.464e-09

produced tau excluding those daughters are also tau lepton: 2.880e+03
produced X: 2.880e+03
produced X/NMC: 2.880e-01

Proportion of X flying forward (eta>0): 6.167e-01
Proportion of X flying backward (eta<0): 3.833e-01

Total Gamma [GeV]: 1.694e-21
ctau [m]: 1.165e+05

Gammax2tautau: 0.000e+00

Gammax2mumu: 1.686e-21

Gammax2ee: 8.234e-24

Gammax2gmgm: 0.000e+00

BRx2tautau: 0.000e+00

BRx2mumu: 9.951e-01

BRx2ee: 4.861e-03

BRx2gmgm: 0.000e+00

X: insideFidVol: 0.000e+00
observedX: 7.022e-03
visibleX: 7.022e-04

X Observed Fiducial efficiency: 2.438e-06
X Visible Fiducial efficiency: 2.438e-07

reallyProduced tau: 9.200e+10
total number of tau-tau events: 4.600e+10

reallyProducedX: 7.981e+01
reallyobservedX: 1.946e-04
reallyvisibleX: 1.946e-05

