mX:  1.5
g_AB_Lamb:  1.5e-08
g_CC_Lamb:  4e-11
NMC 100000

 *-------  PYTHIA Process Initialization  --------------------------*
 |                                                                  |
 | We collide e- with e+ at a CM energy of 1.058e+01 GeV            |
 |                                                                  |
 |------------------------------------------------------------------|
 |                                                    |             |
 | Subprocess                                    Code |   Estimated |
 |                                                    |    max (mb) |
 |                                                    |             |
 |------------------------------------------------------------------|
 |                                                    |             |
 | f fbar -> f' fbar' (s-channel gamma*)          223 |   1.358e-04 |
 |                                                                  |
 *-------  End PYTHIA Process Initialization -----------------------*

 *-------  PYTHIA Flag + Mode + Parm + Word + FVec + MVec + PVec + WVec Settings (changes only)  ------------------* 
 |                                                                                                                 | 
 | Name                                          |                      Now |      Default         Min         Max | 
 |                                               |                          |                                      | 
 | Beams:eA                                      |                  7.00000 |     7000.000         0.0             | 
 | Beams:eB                                      |                  4.00000 |     7000.000         0.0             | 
 | Beams:frameType                               |                        2 |            1           1           5 | 
 | Beams:idA                                     |                       11 |         2212                         | 
 | Beams:idB                                     |                      -11 |         2212                         | 
 | HadronLevel:Hadronize                         |                      off |           on                         | 
 | Next:numberCount                              |                    10000 |         1000           0             | 
 | PartonLevel:MPI                               |                      off |           on                         | 
 | Random:seed                                   |                        0 |           -1               900000000 | 
 | Random:setSeed                                |                       on |          off                         | 
 | WeakSingleBoson:ffbar2ffbar(s:gm)             |                       on |          off                         | 
 |                                                                                                                 | 
 *-------  End PYTHIA Flag + Mode + Parm + Word + FVec + MVec + PVec + WVec Settings  -----------------------------* 

 --------  PYTHIA Particle Data Table (changed only)  ------------------------------------------------------------------------------
 
      id   name            antiName         spn chg col      m0        mWidth      mMin       mMax       tau0    res dec ext vis wid
             no onMode   bRatio   meMode     products 

      15  tau-             tau+               2  -3   0    1.77682    0.00000    0.00000    0.00000  8.71100e-02   0   1   0   1   0
              0     1   0.0000016  103       36       13 
              1     1   0.0000018  103       36       11 

      36  x                                   1   0   0    1.50000    0.00000    0.00000    0.00000  1.63820e+09   0   1   0   0   0
              0     1   0.0000000  103       15      -15 
              1     1   0.9951390  103       13      -13 
              2     1   0.0048613  103       11      -11 
              3     1   0.0000000  103       22       22 

 --------  End PYTHIA Particle Data Table  -----------------------------------------------------------------------------------------


 --------  PYTHIA Info Listing  ---------------------------------------- 
 
 Beam A: id =     11, pz =  5.292e+00, e =  5.292e+00, m =  5.110e-04.
 Beam B: id =    -11, pz = -5.292e+00, e =  5.292e+00, m =  5.110e-04.

 In 1: id =   11, x =  1.000e+00, pdf =  4.053e+07 at Q2 =  1.099e+02.
 In 2: id =  -11, x =  9.812e-01, pdf =  1.952e+00 at same Q2.

 Subprocess f fbar -> f' fbar' (s-channel gamma*) with code 223 is 2 -> 2.
 It has sHat =  1.099e+02,    tHat = -9.274e+01,    uHat = -1.716e+01,
       pTHat =  3.788e+00,   m3Hat =  5.000e-01,   m4Hat =  5.000e-01,
    thetaHat =  2.329e+00,  phiHat =  2.929e+00.
     alphaEM =  7.630e-03,  alphaS =  1.979e-01    at Q2 =  1.099e+02.

 Impact parameter b =  0.000e+00 gives enhancement factor =  1.000e+00.
 Max pT scale for MPI =  1.058e+01, ISR =  1.048e+01, FSR =  1.048e+01.
 Number of MPI =     1, ISR =     1, FSRproc =     5, FSRreson =     0.

 --------  End PYTHIA Info Listing  ------------------------------------

 --------  PYTHIA Event Listing  (hard process)  -----------------------------------------------------------------------------------
 
    no         id  name            status     mothers   daughters     colours      p_x        p_y        p_z         e          m 
     0         90  (system)           -11     0     0     0     0     0     0      0.000      0.000      3.000     11.000     10.583
     1         11  (e-)               -12     0     0     3     0     0     0      0.000      0.000      7.000      7.000      0.001
     2        -11  (e+)               -12     0     0     4     0     0     0      0.000      0.000     -4.000      4.000      0.001
     3         11  (e-)               -21     1     0     5     6     0     0      0.000      0.000      7.000      7.000      0.000
     4        -11  (e+)               -21     2     0     5     6     0     0      0.000      0.000     -3.925      3.925      0.000
     5          3  s                   23     3     4     0     0   101     0     -3.702      0.799     -2.202      4.410      0.500
     6         -3  sbar                23     3     4     0     0     0   101      3.702     -0.799      5.277      6.515      0.500
                                   Charge sum:  0.000           Momentum sum:      0.000      0.000      3.075     10.925     10.483

 --------  End PYTHIA Event Listing  -----------------------------------------------------------------------------------------------

 --------  PYTHIA Event Listing  (complete event)  ---------------------------------------------------------------------------------
 
    no         id  name            status     mothers   daughters     colours      p_x        p_y        p_z         e          m 
     0         90  (system)           -11     0     0     0     0     0     0      0.000      0.000      3.000     11.000     10.583
     1         11  (e-)               -12     0     0    32     0     0     0      0.000      0.000      7.000      7.000      0.001
     2        -11  (e+)               -12     0     0    33     0     0     0      0.000      0.000     -4.000      4.000      0.001
     3         11  (e-)               -21    22    22     5     6     0     0      0.000      0.000      7.000      7.000      0.000
     4        -11  (e+)               -21    23     0     5     6     0     0      0.000      0.000     -3.925      3.925      0.000
     5          3  (s)                -23     3     4     9     9   101     0     -3.702      0.799     -2.202      4.410      0.500
     6         -3  (sbar)             -23     3     4     7     8     0   101      3.702     -0.799      5.277      6.515      0.500
     7         -3  (sbar)             -51     6     0    18    18     0   102      2.347      2.684      2.263      4.252      0.500
     8         21  (g)                -51     6     0    10    11   102   101     -0.013     -3.187      2.194      3.869      0.000
     9          3  (s)                -52     5     5    12    12   101     0     -2.334      0.504     -1.381      2.803      0.500
    10         21  (g)                -51     8     0    16    17   102   103      0.168     -0.585      1.529      1.646      0.000
    11         21  (g)                -51     8     0    15    15   103   101     -0.515     -2.523      0.461      2.616      0.000
    12          3  (s)                -52     9     9    13    14   101     0     -1.999      0.423     -1.178      2.411      0.500
    13          3  (s)                -51    12     0    24    24   105     0     -2.282     -0.555     -0.922      2.572      0.500
    14         21  (g)                -51    12     0    28    28   101   105      0.163      0.391     -0.148      0.449      0.000
    15         21  (g)                -52    11    11    21    21   103   101     -0.395     -1.935      0.353      2.006      0.000
    16         21  (g)                -51    10     0    19    20   106   103      0.097      0.257      1.800      1.821      0.000
    17         21  (g)                -51    10     0    29    29   102   106      0.523     -0.316      0.150      0.629      0.000
    18         -3  (sbar)             -52     7     7    25    25     0   102      1.894      2.158      1.842      3.448      0.500
    19         21  (g)                -51    16     0    26    26   106   107     -0.286      0.410      0.702      0.861      0.000
    20         21  (g)                -51    16     0    30    30   107   103      0.318     -0.469      1.156      1.288      0.000
    21         21  (g)                -52    15    15    27    27   103   101     -0.331     -1.618      0.296      1.678      0.000
    22         11  (e-)               -42    32    32     3     3     0     0      0.000      0.000      7.000      7.000      0.000
    23        -11  (e+)               -41    33    33    31     4     0     0     -0.000     -0.000     -4.000      4.000      0.000
    24          3  (s)                -44    13    13    34    34   105     0     -2.278     -0.554     -0.925      2.570      0.500
    25         -3  (sbar)             -44    18    18    35    35     0   102      1.896      2.158      1.845      3.451      0.500
    26         21  (g)                -44    19    19    36    36   106   107     -0.285      0.410      0.701      0.861      0.000
    27         21  (g)                -44    21    21    37    37   103   101     -0.329     -1.618      0.295      1.677      0.000
    28         21  (g)                -44    14    14    38    38   101   105      0.163      0.391     -0.148      0.449      0.000
    29         21  (g)                -44    17    17    39    39   102   106      0.524     -0.315      0.150      0.630      0.000
    30         21  (g)                -44    20    20    40    40   107   103      0.318     -0.469      1.156      1.288      0.000
    31         22  (gamma)            -43    23     0    41    41     0     0     -0.009     -0.003     -0.075      0.075      0.000
    32         11  (e-)               -61     1     0    22    22     0     0      0.000     -0.000      7.000      7.000      0.000
    33        -11  (e+)               -61     2     0    23    23     0     0      0.000      0.000     -4.000      4.000      0.000
    34          3  s                   62    24    24     0     0   105     0     -2.278     -0.554     -0.925      2.570      0.500
    35         -3  sbar                62    25    25     0     0     0   102      1.896      2.158      1.845      3.451      0.500
    36         21  g                   62    26    26     0     0   106   107     -0.285      0.410      0.701      0.861      0.000
    37         21  g                   62    27    27     0     0   103   101     -0.329     -1.618      0.295      1.677      0.000
    38         21  g                   62    28    28     0     0   101   105      0.163      0.391     -0.148      0.449      0.000
    39         21  g                   62    29    29     0     0   102   106      0.524     -0.315      0.150      0.630      0.000
    40         21  g                   62    30    30     0     0   107   103      0.318     -0.469      1.156      1.288      0.000
    41         22  gamma               62    31    31     0     0     0     0     -0.009     -0.003     -0.075      0.075      0.000
    42         22  gamma               63     1     0     0     0     0     0      0.000      0.000      0.000      0.000      0.000
    43         22  gamma               63     2     0     0     0     0     0      0.000      0.000     -0.000      0.000      0.000
                                   Charge sum:  0.000           Momentum sum:     -0.000      0.000      3.000     11.000     10.583

 --------  End PYTHIA Event Listing  -----------------------------------------------------------------------------------------------
 PYTHIA Warning in PhaseSpace2to2tauyz::trialKin: maximum for cross section violated  
 PYTHIA Warning in TauDecays::decay: unknown correlated tau production, assuming from unpolarized photon  

 Pythia::next(): 10000 events have been generated 

 Pythia::next(): 20000 events have been generated 

 Pythia::next(): 30000 events have been generated 

 Pythia::next(): 40000 events have been generated 

 Pythia::next(): 50000 events have been generated 

 Pythia::next(): 60000 events have been generated 

 Pythia::next(): 70000 events have been generated 

 Pythia::next(): 80000 events have been generated 

 Pythia::next(): 90000 events have been generated 

 *-------  PYTHIA Event and Cross Section Statistics  -------------------------------------------------------------*
 |                                                                                                                 |
 | Subprocess                                    Code |            Number of events       |      sigma +- delta    |
 |                                                    |       Tried   Selected   Accepted |     (estimated) (mb)   |
 |                                                    |                                   |                        |
 |-----------------------------------------------------------------------------------------------------------------|
 |                                                    |                                   |                        |
 | f fbar -> f' fbar' (s-channel gamma*)          223 |     2262404     100000     100000 |   5.990e-06  9.980e-09 |
 |                                                    |                                   |                        |
 | sum                                                |     2262404     100000     100000 |   5.990e-06  9.980e-09 |
 |                                                                                                                 |
 *-------  End PYTHIA Event and Cross Section Statistics ----------------------------------------------------------*

 *-------  PYTHIA Error and Warning Messages Statistics  ----------------------------------------------------------* 
 |                                                                                                                 | 
 |  times   message                                                                                                | 
 |                                                                                                                 | 
 |   2526   Warning in PhaseSpace2to2tauyz::trialKin: maximum for cross section violated                           | 
 |  14816   Warning in TauDecays::decay: unknown correlated tau production, assuming from unpolarized photon       | 
 |                                                                                                                 | 
 *-------  End PYTHIA Error and Warning Messages Statistics  ------------------------------------------------------* 
Gammatau2xmu: 3.703e-18

Gammatau2xe: 4.147e-18

BRtau2xmu: 1.634e-06

BRtau2xe: 1.830e-06

BRtau2xmu + BRtau2xe: 3.465e-06

produced tau excluding those daughters are also tau lepton: 2.963e+04
produced X: 2.963e+04
produced X/NMC: 2.963e-01

Proportion of X flying forward (eta>0): 6.196e-01
Proportion of X flying backward (eta<0): 3.804e-01

Total Gamma [GeV]: 1.205e-22
ctau [m]: 1.638e+06

Gammax2tautau: 0.000e+00

Gammax2mumu: 1.199e-22

Gammax2ee: 5.856e-25

Gammax2gmgm: 0.000e+00

BRx2tautau: 0.000e+00

BRx2mumu: 9.951e-01

BRx2ee: 4.861e-03

BRx2gmgm: 0.000e+00

X: insideFidVol: 0.000e+00
observedX: 5.166e-03
visibleX: 0.000e+00

X Observed Fiducial efficiency: 1.743e-07
X Visible Fiducial efficiency: 0.000e+00

reallyProduced tau: 9.200e+10
total number of tau-tau events: 4.600e+10

reallyProducedX: 1.122e+05
reallyobservedX: 1.956e-02
reallyvisibleX: 0.000e+00

