mX:  1.5
g_AB_Lamb:  8e-07
g_CC_Lamb:  1.5e-07
NMC 100000

 *-------  PYTHIA Process Initialization  --------------------------*
 |                                                                  |
 | We collide e- with e+ at a CM energy of 1.058e+01 GeV            |
 |                                                                  |
 |------------------------------------------------------------------|
 |                                                    |             |
 | Subprocess                                    Code |   Estimated |
 |                                                    |    max (mb) |
 |                                                    |             |
 |------------------------------------------------------------------|
 |                                                    |             |
 | f fbar -> f' fbar' (s-channel gamma*)          223 |   1.297e-04 |
 |                                                                  |
 *-------  End PYTHIA Process Initialization -----------------------*

 *-------  PYTHIA Flag + Mode + Parm + Word + FVec + MVec + PVec + WVec Settings (changes only)  ------------------* 
 |                                                                                                                 | 
 | Name                                          |                      Now |      Default         Min         Max | 
 |                                               |                          |                                      | 
 | Beams:eA                                      |                  7.00000 |     7000.000         0.0             | 
 | Beams:eB                                      |                  4.00000 |     7000.000         0.0             | 
 | Beams:frameType                               |                        2 |            1           1           5 | 
 | Beams:idA                                     |                       11 |         2212                         | 
 | Beams:idB                                     |                      -11 |         2212                         | 
 | HadronLevel:Hadronize                         |                      off |           on                         | 
 | Next:numberCount                              |                    10000 |         1000           0             | 
 | PartonLevel:MPI                               |                      off |           on                         | 
 | Random:seed                                   |                        0 |           -1               900000000 | 
 | Random:setSeed                                |                       on |          off                         | 
 | WeakSingleBoson:ffbar2ffbar(s:gm)             |                       on |          off                         | 
 |                                                                                                                 | 
 *-------  End PYTHIA Flag + Mode + Parm + Word + FVec + MVec + PVec + WVec Settings  -----------------------------* 

 --------  PYTHIA Particle Data Table (changed only)  ------------------------------------------------------------------------------
 
      id   name            antiName         spn chg col      m0        mWidth      mMin       mMax       tau0    res dec ext vis wid
             no onMode   bRatio   meMode     products 

      15  tau-             tau+               2  -3   0    1.77682    0.00000    0.00000    0.00000  8.71100e-02   0   1   0   1   0
              0     1   0.0046038  103       36       13 
              1     1   0.0051552  103       36       11 

      36  x                                   1   0   0    1.50000    0.00000    0.00000    0.00000  1.16494e+02   0   1   0   0   0
              0     1   0.0000000  103       15      -15 
              1     1   0.9951390  103       13      -13 
              2     1   0.0048613  103       11      -11 
              3     1   0.0000000  103       22       22 

 --------  End PYTHIA Particle Data Table  -----------------------------------------------------------------------------------------


 --------  PYTHIA Info Listing  ---------------------------------------- 
 
 Beam A: id =     11, pz =  5.292e+00, e =  5.292e+00, m =  5.110e-04.
 Beam B: id =    -11, pz = -5.292e+00, e =  5.292e+00, m =  5.110e-04.

 In 1: id =   11, x =  5.012e-01, pdf =  2.680e-02 at Q2 =  5.614e+01.
 In 2: id =  -11, x =  1.000e+00, pdf =  3.478e+07 at same Q2.

 Subprocess f fbar -> f' fbar' (s-channel gamma*) with code 223 is 2 -> 2.
 It has sHat =  5.614e+01,    tHat = -4.269e+00,    uHat = -5.187e+01,
       pTHat =  1.820e+00,   m3Hat =  1.500e+00,   m4Hat =  1.500e+00,
    thetaHat =  5.588e-01,  phiHat =  3.097e+00.
     alphaEM =  7.603e-03,  alphaS =  2.154e-01    at Q2 =  5.614e+01.

 Impact parameter b =  0.000e+00 gives enhancement factor =  1.000e+00.
 Max pT scale for MPI =  1.058e+01, ISR =  7.492e+00, FSR =  7.492e+00.
 Number of MPI =     1, ISR =     1, FSRproc =     0, FSRreson =     0.

 --------  End PYTHIA Info Listing  ------------------------------------

 --------  PYTHIA Event Listing  (hard process)  -----------------------------------------------------------------------------------
 
    no         id  name            status     mothers   daughters     colours      p_x        p_y        p_z         e          m 
     0         90  (system)           -11     0     0     0     0     0     0      0.000      0.000      3.000     11.000     10.583
     1         11  (e-)               -12     0     0     3     0     0     0      0.000      0.000      7.000      7.000      0.001
     2        -11  (e+)               -12     0     0     4     0     0     0      0.000      0.000     -4.000      4.000      0.001
     3         11  (e-)               -21     1     0     5     6     0     0      0.000      0.000      3.508      3.508      0.000
     4        -11  (e+)               -21     2     0     5     6     0     0      0.000      0.000     -4.000      4.000      0.000
     5          4  c                   23     3     4     0     0   101     0     -1.818      0.081      2.671      3.563      1.500
     6         -4  cbar                23     3     4     0     0     0   101      1.818     -0.081     -3.163      3.945      1.500
                                   Charge sum:  0.000           Momentum sum:      0.000      0.000     -0.492      7.508      7.492

 --------  End PYTHIA Event Listing  -----------------------------------------------------------------------------------------------

 --------  PYTHIA Event Listing  (complete event)  ---------------------------------------------------------------------------------
 
    no         id  name            status     mothers   daughters     colours      p_x        p_y        p_z         e          m 
     0         90  (system)           -11     0     0     0     0     0     0      0.000      0.000      3.000     11.000     10.583
     1         11  (e-)               -12     0     0    12     0     0     0      0.000      0.000      7.000      7.000      0.001
     2        -11  (e+)               -12     0     0    13     0     0     0      0.000      0.000     -4.000      4.000      0.001
     3         11  (e-)               -21     7     0     5     6     0     0      0.000      0.000      3.508      3.508      0.000
     4        -11  (e+)               -21     8     8     5     6     0     0      0.000      0.000     -4.000      4.000      0.000
     5          4  (c)                -23     3     4     9     9   101     0     -1.818      0.081      2.671      3.563      1.500
     6         -4  (cbar)             -23     3     4    10    10     0   101      1.818     -0.081     -3.163      3.945      1.500
     7         11  (e-)               -41    12    12    11     3     0     0      0.000      0.000      7.000      7.000      0.000
     8        -11  (e+)               -42    13    13     4     4     0     0     -0.000      0.000     -4.000      4.000      0.000
     9          4  (c)                -44     5     5    14    14   101     0     -2.005      0.219      2.619      3.630      1.500
    10         -4  (cbar)             -44     6     6    15    15     0   101      1.795     -0.063     -3.097      3.882      1.500
    11         22  (gamma)            -43     7     0    16    16     0     0      0.210     -0.156      3.478      3.488      0.000
    12         11  (e-)               -61     1     0     7     7     0     0      0.000      0.000      7.000      7.000      0.000
    13        -11  (e+)               -61     2     0     8     8     0     0      0.000      0.000     -4.000      4.000      0.000
    14          4  c                   62     9     9     0     0   101     0     -2.005      0.219      2.619      3.630      1.500
    15         -4  cbar                62    10    10     0     0     0   101      1.795     -0.063     -3.097      3.882      1.500
    16         22  gamma               62    11    11     0     0     0     0      0.210     -0.156      3.478      3.488      0.000
    17         22  gamma               63     1     0     0     0     0     0      0.000      0.000      0.000      0.000      0.000
    18         22  gamma               63     2     0     0     0     0     0      0.000      0.000     -0.000      0.000      0.000
                                   Charge sum:  0.000           Momentum sum:      0.000      0.000      3.000     11.000     10.583

 --------  End PYTHIA Event Listing  -----------------------------------------------------------------------------------------------
 PYTHIA Warning in TauDecays::decay: unknown correlated tau production, assuming from unpolarized photon  
 PYTHIA Warning in PhaseSpace2to2tauyz::trialKin: maximum for cross section violated  

 Pythia::next(): 10000 events have been generated 

 Pythia::next(): 20000 events have been generated 

 Pythia::next(): 30000 events have been generated 

 Pythia::next(): 40000 events have been generated 

 Pythia::next(): 50000 events have been generated 

 Pythia::next(): 60000 events have been generated 

 Pythia::next(): 70000 events have been generated 

 Pythia::next(): 80000 events have been generated 

 Pythia::next(): 90000 events have been generated 

 *-------  PYTHIA Event and Cross Section Statistics  -------------------------------------------------------------*
 |                                                                                                                 |
 | Subprocess                                    Code |            Number of events       |      sigma +- delta    |
 |                                                    |       Tried   Selected   Accepted |     (estimated) (mb)   |
 |                                                    |                                   |                        |
 |-----------------------------------------------------------------------------------------------------------------|
 |                                                    |                                   |                        |
 | f fbar -> f' fbar' (s-channel gamma*)          223 |     2168111     100000     100000 |   5.981e-06  9.902e-09 |
 |                                                    |                                   |                        |
 | sum                                                |     2168111     100000     100000 |   5.981e-06  9.902e-09 |
 |                                                                                                                 |
 *-------  End PYTHIA Event and Cross Section Statistics ----------------------------------------------------------*

 *-------  PYTHIA Error and Warning Messages Statistics  ----------------------------------------------------------* 
 |                                                                                                                 | 
 |  times   message                                                                                                | 
 |                                                                                                                 | 
 |   1951   Warning in PhaseSpace2to2tauyz::trialKin: maximum for cross section violated                           | 
 |  14496   Warning in TauDecays::decay: unknown correlated tau production, assuming from unpolarized photon       | 
 |                                                                                                                 | 
 *-------  End PYTHIA Error and Warning Messages Statistics  ------------------------------------------------------* 
Gammatau2xmu: 1.053e-14

Gammatau2xe: 1.180e-14

BRtau2xmu: 4.604e-03

BRtau2xe: 5.155e-03

BRtau2xmu + BRtau2xe: 9.759e-03

produced tau excluding those daughters are also tau lepton: 2.899e+04
produced X: 2.899e+04
produced X/NMC: 2.899e-01

Proportion of X flying forward (eta>0): 6.181e-01
Proportion of X flying backward (eta<0): 3.819e-01

Total Gamma [GeV]: 1.694e-15
ctau [m]: 1.165e-01

Gammax2tautau: 0.000e+00

Gammax2mumu: 1.686e-15

Gammax2ee: 8.234e-18

Gammax2gmgm: 0.000e+00

BRx2tautau: 0.000e+00

BRx2mumu: 9.951e-01

BRx2ee: 4.861e-03

BRx2gmgm: 0.000e+00

X: insideFidVol: 1.599e+04
observedX: 1.604e+04
visibleX: 6.821e+03

X Observed Fiducial efficiency: 5.534e-01
X Visible Fiducial efficiency: 2.353e-01

reallyProduced tau: 9.200e+10
total number of tau-tau events: 4.600e+10

reallyProducedX: 3.161e+08
reallyobservedX: 1.749e+08
reallyvisibleX: 7.437e+07

