mX:  1.5
g_AB_Lamb:  2e-09
g_CC_Lamb:  1e-09
NMC 10000

 *-------  PYTHIA Process Initialization  --------------------------*
 |                                                                  |
 | We collide e- with e+ at a CM energy of 1.058e+01 GeV            |
 |                                                                  |
 |------------------------------------------------------------------|
 |                                                    |             |
 | Subprocess                                    Code |   Estimated |
 |                                                    |    max (mb) |
 |                                                    |             |
 |------------------------------------------------------------------|
 |                                                    |             |
 | f fbar -> f' fbar' (s-channel gamma*)          223 |   1.749e-04 |
 |                                                                  |
 *-------  End PYTHIA Process Initialization -----------------------*

 *-------  PYTHIA Flag + Mode + Parm + Word + FVec + MVec + PVec + WVec Settings (changes only)  ------------------* 
 |                                                                                                                 | 
 | Name                                          |                      Now |      Default         Min         Max | 
 |                                               |                          |                                      | 
 | Beams:eA                                      |                  7.00000 |     7000.000         0.0             | 
 | Beams:eB                                      |                  4.00000 |     7000.000         0.0             | 
 | Beams:frameType                               |                        2 |            1           1           5 | 
 | Beams:idA                                     |                       11 |         2212                         | 
 | Beams:idB                                     |                      -11 |         2212                         | 
 | HadronLevel:Hadronize                         |                      off |           on                         | 
 | Next:numberCount                              |                    10000 |         1000           0             | 
 | PartonLevel:MPI                               |                      off |           on                         | 
 | Random:seed                                   |                        0 |           -1               900000000 | 
 | Random:setSeed                                |                       on |          off                         | 
 | WeakSingleBoson:ffbar2ffbar(s:gm)             |                       on |          off                         | 
 |                                                                                                                 | 
 *-------  End PYTHIA Flag + Mode + Parm + Word + FVec + MVec + PVec + WVec Settings  -----------------------------* 

 --------  PYTHIA Particle Data Table (changed only)  ------------------------------------------------------------------------------
 
      id   name            antiName         spn chg col      m0        mWidth      mMin       mMax       tau0    res dec ext vis wid
             no onMode   bRatio   meMode     products 

      15  tau-             tau+               2  -3   0    1.77682    0.00000    0.00000    0.00000  8.71100e-02   0   1   0   1   0
              0     1   0.0000000  103       36       13 
              1     1   0.0000000  103       36       11 

      36  x                                   1   0   0    1.50000    0.00000    0.00000    0.00000  2.62112e+06   0   1   0   0   0
              0     1   0.0000000  103       15      -15 
              1     1   0.9951390  103       13      -13 
              2     1   0.0048613  103       11      -11 
              3     1   0.0000000  103       22       22 

 --------  End PYTHIA Particle Data Table  -----------------------------------------------------------------------------------------


 --------  PYTHIA Info Listing  ---------------------------------------- 
 
 Beam A: id =     11, pz =  5.292e+00, e =  5.292e+00, m =  5.110e-04.
 Beam B: id =    -11, pz = -5.292e+00, e =  5.292e+00, m =  5.110e-04.

 In 1: id =   11, x =  6.800e-01, pdf =  6.604e-02 at Q2 =  7.616e+01.
 In 2: id =  -11, x =  1.000e+00, pdf =  1.503e+08 at same Q2.

 Subprocess f fbar -> f' fbar' (s-channel gamma*) with code 223 is 2 -> 2.
 It has sHat =  7.616e+01,    tHat = -3.710e+01,    uHat = -3.907e+01,
       pTHat =  4.350e+00,   m3Hat =  3.300e-01,   m4Hat =  3.300e-01,
    thetaHat =  1.545e+00,  phiHat =  5.846e-01.
     alphaEM =  7.615e-03,  alphaS =  2.071e-01    at Q2 =  7.616e+01.

 Impact parameter b =  0.000e+00 gives enhancement factor =  1.000e+00.
 Max pT scale for MPI =  1.058e+01, ISR =  8.727e+00, FSR =  8.727e+00.
 Number of MPI =     1, ISR =     1, FSRproc =     2, FSRreson =     0.

 --------  End PYTHIA Info Listing  ------------------------------------

 --------  PYTHIA Event Listing  (hard process)  -----------------------------------------------------------------------------------
 
    no         id  name            status     mothers   daughters     colours      p_x        p_y        p_z         e          m 
     0         90  (system)           -11     0     0     0     0     0     0      0.000      0.000      3.000     11.000     10.583
     1         11  (e-)               -12     0     0     3     0     0     0      0.000      0.000      7.000      7.000      0.001
     2        -11  (e+)               -12     0     0     4     0     0     0      0.000      0.000     -4.000      4.000      0.001
     3         11  (e-)               -21     1     0     5     6     0     0      0.000      0.000      4.760      4.760      0.000
     4        -11  (e+)               -21     2     0     5     6     0     0      0.000      0.000     -4.000      4.000      0.000
     5          2  u                   23     3     4     0     0   101     0      3.627      2.400      0.493      4.390      0.330
     6         -2  ubar                23     3     4     0     0     0   101     -3.627     -2.400      0.267      4.370      0.330
                                   Charge sum:  0.000           Momentum sum:      0.000      0.000      0.760      8.760      8.727

 --------  End PYTHIA Event Listing  -----------------------------------------------------------------------------------------------

 --------  PYTHIA Event Listing  (complete event)  ---------------------------------------------------------------------------------
 
    no         id  name            status     mothers   daughters     colours      p_x        p_y        p_z         e          m 
     0         90  (system)           -11     0     0     0     0     0     0      0.000      0.000      3.000     11.000     10.583
     1         11  (e-)               -12     0     0    20     0     0     0      0.000      0.000      7.000      7.000      0.001
     2        -11  (e+)               -12     0     0    21     0     0     0      0.000      0.000     -4.000      4.000      0.001
     3         11  (e-)               -21    13     0     5     6     0     0      0.000      0.000      4.760      4.760      0.000
     4        -11  (e+)               -21    14    14     5     6     0     0      0.000      0.000     -4.000      4.000      0.000
     5          2  (u)                -23     3     4     7     8   101     0      3.627      2.400      0.493      4.390      0.330
     6         -2  (ubar)             -23     3     4     9     9     0   101     -3.627     -2.400      0.267      4.370      0.330
     7          2  (u)                -51     5     0    15    15   102     0      1.837      2.322      0.336      2.998      0.330
     8         21  (g)                -51     5     0    12    12   101   102      1.605     -0.044      0.170      1.614      0.000
     9         -2  (ubar)             -52     6     6    10    11     0   101     -3.442     -2.277      0.254      4.148      0.330
    10         -2  (ubar)             -51     9     0    16    16     0   103     -2.010     -0.437     -0.129      2.087      0.330
    11         21  (g)                -51     9     0    18    18   103   101     -1.236     -1.846      0.404      2.258      0.000
    12         21  (g)                -52     8     8    17    17   101   102      1.409     -0.039      0.150      1.417      0.000
    13         11  (e-)               -41    20    20    19     3     0     0     -0.000      0.000      7.000      7.000      0.000
    14        -11  (e+)               -42    21    21     4     4     0     0     -0.000     -0.000     -4.000      4.000      0.000
    15          2  (u)                -44     7     7    22    22   102     0      1.845      2.328      0.327      3.007      0.330
    16         -2  (ubar)             -44    10    10    23    23     0   103     -2.005     -0.433     -0.123      2.081      0.330
    17         21  (g)                -44    12    12    24    24   101   102      1.413     -0.036      0.146      1.421      0.000
    18         21  (g)                -44    11    11    25    25   103   101     -1.230     -1.841      0.410      2.252      0.000
    19         22  (gamma)            -43    13     0    26    26     0     0     -0.024     -0.018      2.239      2.240      0.000
    20         11  (e-)               -61     1     0    13    13     0     0     -0.000      0.000      7.000      7.000      0.000
    21        -11  (e+)               -61     2     0    14    14     0     0      0.000     -0.000     -4.000      4.000      0.000
    22          2  u                   62    15    15     0     0   102     0      1.845      2.328      0.327      3.007      0.330
    23         -2  ubar                62    16    16     0     0     0   103     -2.005     -0.433     -0.123      2.081      0.330
    24         21  g                   62    17    17     0     0   101   102      1.413     -0.036      0.146      1.421      0.000
    25         21  g                   62    18    18     0     0   103   101     -1.230     -1.841      0.410      2.252      0.000
    26         22  gamma               62    19    19     0     0     0     0     -0.024     -0.018      2.239      2.240      0.000
    27         22  gamma               63     1     0     0     0     0     0      0.000      0.000      0.000      0.000      0.000
    28         22  gamma               63     2     0     0     0     0     0      0.000      0.000     -0.000      0.000      0.000
                                   Charge sum:  0.000           Momentum sum:      0.000      0.000      3.000     11.000     10.583

 --------  End PYTHIA Event Listing  -----------------------------------------------------------------------------------------------
 PYTHIA Warning in TauDecays::decay: unknown correlated tau production, assuming from unpolarized photon  

 *-------  PYTHIA Event and Cross Section Statistics  -------------------------------------------------------------*
 |                                                                                                                 |
 | Subprocess                                    Code |            Number of events       |      sigma +- delta    |
 |                                                    |       Tried   Selected   Accepted |     (estimated) (mb)   |
 |                                                    |                                   |                        |
 |-----------------------------------------------------------------------------------------------------------------|
 |                                                    |                                   |                        |
 | f fbar -> f' fbar' (s-channel gamma*)          223 |      289057      10000      10000 |   6.012e-06  2.845e-08 |
 |                                                    |                                   |                        |
 | sum                                                |      289057      10000      10000 |   6.012e-06  2.845e-08 |
 |                                                                                                                 |
 *-------  End PYTHIA Event and Cross Section Statistics ----------------------------------------------------------*

 *-------  PYTHIA Error and Warning Messages Statistics  ----------------------------------------------------------* 
 |                                                                                                                 | 
 |  times   message                                                                                                | 
 |                                                                                                                 | 
 |   1504   Warning in TauDecays::decay: unknown correlated tau production, assuming from unpolarized photon       | 
 |                                                                                                                 | 
 *-------  End PYTHIA Error and Warning Messages Statistics  ------------------------------------------------------* 
Gammatau2xmu: 6.584e-20

Gammatau2xe: 7.372e-20

BRtau2xmu: 2.906e-08

BRtau2xe: 3.254e-08

BRtau2xmu + BRtau2xe: 6.159e-08

produced tau excluding those daughters are also tau lepton: 3.008e+03
produced X: 3.008e+03
produced X/NMC: 3.008e-01

Proportion of X flying forward (eta>0): 6.303e-01
Proportion of X flying backward (eta<0): 3.697e-01

Total Gamma [GeV]: 7.528e-20
ctau [m]: 2.621e+03

Gammax2tautau: 0.000e+00

Gammax2mumu: 7.492e-20

Gammax2ee: 3.660e-22

Gammax2gmgm: 0.000e+00

BRx2tautau: 0.000e+00

BRx2mumu: 9.951e-01

BRx2ee: 4.861e-03

BRx2gmgm: 0.000e+00

X: insideFidVol: 0.000e+00
observedX: 3.336e-01
visibleX: 3.336e-02

X Observed Fiducial efficiency: 1.109e-04
X Visible Fiducial efficiency: 1.109e-05

reallyProduced tau: 9.200e+10
total number of tau-tau events: 4.600e+10

reallyProducedX: 1.995e+03
reallyobservedX: 2.213e-01
reallyvisibleX: 2.213e-02

