mX:  1.5
g_AB_Lamb:  3e-07
g_CC_Lamb:  3e-11
NMC 10000

 *-------  PYTHIA Process Initialization  --------------------------*
 |                                                                  |
 | We collide e- with e+ at a CM energy of 1.058e+01 GeV            |
 |                                                                  |
 |------------------------------------------------------------------|
 |                                                    |             |
 | Subprocess                                    Code |   Estimated |
 |                                                    |    max (mb) |
 |                                                    |             |
 |------------------------------------------------------------------|
 |                                                    |             |
 | f fbar -> f' fbar' (s-channel gamma*)          223 |   1.589e-04 |
 |                                                                  |
 *-------  End PYTHIA Process Initialization -----------------------*

 *-------  PYTHIA Flag + Mode + Parm + Word + FVec + MVec + PVec + WVec Settings (changes only)  ------------------* 
 |                                                                                                                 | 
 | Name                                          |                      Now |      Default         Min         Max | 
 |                                               |                          |                                      | 
 | Beams:eA                                      |                  7.00000 |     7000.000         0.0             | 
 | Beams:eB                                      |                  4.00000 |     7000.000         0.0             | 
 | Beams:frameType                               |                        2 |            1           1           5 | 
 | Beams:idA                                     |                       11 |         2212                         | 
 | Beams:idB                                     |                      -11 |         2212                         | 
 | HadronLevel:Hadronize                         |                      off |           on                         | 
 | Next:numberCount                              |                    10000 |         1000           0             | 
 | PartonLevel:MPI                               |                      off |           on                         | 
 | Random:seed                                   |                        0 |           -1               900000000 | 
 | Random:setSeed                                |                       on |          off                         | 
 | WeakSingleBoson:ffbar2ffbar(s:gm)             |                       on |          off                         | 
 |                                                                                                                 | 
 *-------  End PYTHIA Flag + Mode + Parm + Word + FVec + MVec + PVec + WVec Settings  -----------------------------* 

 --------  PYTHIA Particle Data Table (changed only)  ------------------------------------------------------------------------------
 
      id   name            antiName         spn chg col      m0        mWidth      mMin       mMax       tau0    res dec ext vis wid
             no onMode   bRatio   meMode     products 

      15  tau-             tau+               2  -3   0    1.77682    0.00000    0.00000    0.00000  8.71100e-02   0   1   0   1   0
              0     1   0.0006529  103       36       13 
              1     1   0.0007311  103       36       11 

      36  x                                   1   0   0    1.50000    0.00000    0.00000    0.00000  2.91235e+09   0   1   0   0   0
              0     1   0.0000000  103       15      -15 
              1     1   0.9951390  103       13      -13 
              2     1   0.0048613  103       11      -11 
              3     1   0.0000000  103       22       22 

 --------  End PYTHIA Particle Data Table  -----------------------------------------------------------------------------------------


 --------  PYTHIA Info Listing  ---------------------------------------- 
 
 Beam A: id =     11, pz =  5.292e+00, e =  5.292e+00, m =  5.110e-04.
 Beam B: id =    -11, pz = -5.292e+00, e =  5.292e+00, m =  5.110e-04.

 In 1: id =   11, x =  1.000e+00, pdf =  3.223e+06 at Q2 =  1.120e+02.
 In 2: id =  -11, x =  1.000e+00, pdf =  1.143e+07 at same Q2.

 Subprocess f fbar -> f' fbar' (s-channel gamma*) with code 223 is 2 -> 2.
 It has sHat =  1.120e+02,    tHat = -6.675e+01,    uHat = -4.525e+01,
       pTHat =  5.183e+00,   m3Hat =  3.300e-01,   m4Hat =  3.300e-01,
    thetaHat =  1.764e+00,  phiHat =  2.308e+00.
     alphaEM =  7.631e-03,  alphaS =  1.975e-01    at Q2 =  1.120e+02.

 Impact parameter b =  0.000e+00 gives enhancement factor =  1.000e+00.
 Max pT scale for MPI =  1.058e+01, ISR =  1.058e+01, FSR =  1.058e+01.
 Number of MPI =     1, ISR =     0, FSRproc =     3, FSRreson =     0.

 --------  End PYTHIA Info Listing  ------------------------------------

 --------  PYTHIA Event Listing  (hard process)  -----------------------------------------------------------------------------------
 
    no         id  name            status     mothers   daughters     colours      p_x        p_y        p_z         e          m 
     0         90  (system)           -11     0     0     0     0     0     0      0.000      0.000      3.000     11.000     10.583
     1         11  (e-)               -12     0     0     3     0     0     0      0.000      0.000      7.000      7.000      0.001
     2        -11  (e+)               -12     0     0     4     0     0     0      0.000      0.000     -4.000      4.000      0.001
     3         11  (e-)               -21     1     0     5     6     0     0      0.000      0.000      7.000      7.000      0.000
     4        -11  (e+)               -21     2     0     5     6     0     0      0.000      0.000     -4.000      4.000      0.000
     5          2  u                   23     3     4     0     0   101     0     -3.483      3.839      0.446      5.213      0.330
     6         -2  ubar                23     3     4     0     0     0   101      3.483     -3.839      2.554      5.787      0.330
                                   Charge sum:  0.000           Momentum sum:      0.000      0.000      3.000     11.000     10.583

 --------  End PYTHIA Event Listing  -----------------------------------------------------------------------------------------------

 --------  PYTHIA Event Listing  (complete event)  ---------------------------------------------------------------------------------
 
    no         id  name            status     mothers   daughters     colours      p_x        p_y        p_z         e          m 
     0         90  (system)           -11     0     0     0     0     0     0      0.000      0.000      3.000     11.000     10.583
     1         11  (e-)               -12     0     0    16     0     0     0      0.000      0.000      7.000      7.000      0.001
     2        -11  (e+)               -12     0     0    17     0     0     0      0.000      0.000     -4.000      4.000      0.001
     3         11  (e-)               -21    16    16     5     6     0     0      0.000      0.000      7.000      7.000      0.000
     4        -11  (e+)               -21    17    17     5     6     0     0      0.000      0.000     -4.000      4.000      0.000
     5          2  (u)                -23     3     4     7     8   101     0     -3.483      3.839      0.446      5.213      0.330
     6         -2  (ubar)             -23     3     4     9     9     0   101      3.483     -3.839      2.554      5.787      0.330
     7          2  (u)                -51     5     0    18    18   103     0     -1.899      3.716     -0.069      4.187      0.330
     8         21  (g)                -51     5     0    12    12   101   103     -1.298     -0.192      0.724      1.499      0.000
     9         -2  (ubar)             -52     6     6    10    11     0   101      3.197     -3.524      2.345      5.315      0.330
    10         -2  (ubar)             -51     9     0    19    19     0   104      1.090     -1.987      1.496      2.735      0.330
    11         21  (g)                -51     9     0    15    15   104   101      2.008     -1.552      0.905      2.694      0.000
    12         21  (g)                -52     8     8    13    14   101   103     -1.199     -0.177      0.668      1.384      0.000
    13         21  (g)                -51    12     0    20    20   105   103     -0.849     -0.234     -0.066      0.883      0.000
    14         21  (g)                -51    12     0    22    22   101   105     -0.069     -0.161      0.861      0.879      0.000
    15         21  (g)                -52    11    11    21    21   104   101      1.727     -1.334      0.778      2.317      0.000
    16         11  (e-)               -61     1     0     3     3     0     0      0.000      0.000      7.000      7.000      0.000
    17        -11  (e+)               -61     2     0     4     4     0     0      0.000      0.000     -4.000      4.000      0.000
    18          2  u                   62     7     7     0     0   103     0     -1.899      3.716     -0.069      4.187      0.330
    19         -2  ubar                62    10    10     0     0     0   104      1.090     -1.987      1.496      2.735      0.330
    20         21  g                   62    13    13     0     0   105   103     -0.849     -0.234     -0.066      0.883      0.000
    21         21  g                   62    15    15     0     0   104   101      1.727     -1.334      0.778      2.317      0.000
    22         21  g                   62    14    14     0     0   101   105     -0.069     -0.161      0.861      0.879      0.000
    23         22  gamma               63     1     0     0     0     0     0      0.000      0.000      0.000      0.000      0.000
    24         22  gamma               63     2     0     0     0     0     0      0.000      0.000     -0.000      0.000      0.000
                                   Charge sum:  0.000           Momentum sum:      0.000     -0.000      3.000     11.000     10.583

 --------  End PYTHIA Event Listing  -----------------------------------------------------------------------------------------------
 PYTHIA Warning in TauDecays::decay: unknown correlated tau production, assuming from unpolarized photon  

 *-------  PYTHIA Event and Cross Section Statistics  -------------------------------------------------------------*
 |                                                                                                                 |
 | Subprocess                                    Code |            Number of events       |      sigma +- delta    |
 |                                                    |       Tried   Selected   Accepted |     (estimated) (mb)   |
 |                                                    |                                   |                        |
 |-----------------------------------------------------------------------------------------------------------------|
 |                                                    |                                   |                        |
 | f fbar -> f' fbar' (s-channel gamma*)          223 |      262868      10000      10000 |   6.018e-06  2.926e-08 |
 |                                                    |                                   |                        |
 | sum                                                |      262868      10000      10000 |   6.018e-06  2.926e-08 |
 |                                                                                                                 |
 *-------  End PYTHIA Event and Cross Section Statistics ----------------------------------------------------------*

 *-------  PYTHIA Error and Warning Messages Statistics  ----------------------------------------------------------* 
 |                                                                                                                 | 
 |  times   message                                                                                                | 
 |                                                                                                                 | 
 |   1499   Warning in TauDecays::decay: unknown correlated tau production, assuming from unpolarized photon       | 
 |                                                                                                                 | 
 *-------  End PYTHIA Error and Warning Messages Statistics  ------------------------------------------------------* 
Gammatau2xmu: 1.481e-15

Gammatau2xe: 1.659e-15

BRtau2xmu: 6.529e-04

BRtau2xe: 7.311e-04

BRtau2xmu + BRtau2xe: 1.384e-03

produced tau excluding those daughters are also tau lepton: 2.998e+03
produced X: 2.998e+03
produced X/NMC: 2.998e-01

Proportion of X flying forward (eta>0): 6.191e-01
Proportion of X flying backward (eta<0): 3.809e-01

Total Gamma [GeV]: 6.776e-23
ctau [m]: 2.912e+06

Gammax2tautau: 0.000e+00

Gammax2mumu: 6.743e-23

Gammax2ee: 3.294e-25

Gammax2gmgm: 0.000e+00

BRx2tautau: 0.000e+00

BRx2mumu: 9.951e-01

BRx2ee: 4.861e-03

BRx2gmgm: 0.000e+00

X: insideFidVol: 0.000e+00
observedX: 2.931e-04
visibleX: 2.931e-05

X Observed Fiducial efficiency: 9.778e-08
X Visible Fiducial efficiency: 9.778e-09

reallyProduced tau: 9.200e+10
total number of tau-tau events: 4.600e+10

reallyProducedX: 4.483e+07
reallyobservedX: 4.384e+00
reallyvisibleX: 4.384e-01

