mX:  1
g_TE_Lamb:  6e-09
g_EE_Lamb:  4e-07
NMC 10000

 *-------  PYTHIA Process Initialization  --------------------------*
 |                                                                  |
 | We collide e- with e+ at a CM energy of 1.058e+01 GeV            |
 |                                                                  |
 |------------------------------------------------------------------|
 |                                                    |             |
 | Subprocess                                    Code |   Estimated |
 |                                                    |    max (mb) |
 |                                                    |             |
 |------------------------------------------------------------------|
 |                                                    |             |
 | f fbar -> f' fbar' (s-channel gamma*)          223 |   1.598e-04 |
 |                                                                  |
 *-------  End PYTHIA Process Initialization -----------------------*

 *-------  PYTHIA Flag + Mode + Parm + Word + FVec + MVec + PVec + WVec Settings (changes only)  ------------------* 
 |                                                                                                                 | 
 | Name                                          |                      Now |      Default         Min         Max | 
 |                                               |                          |                                      | 
 | Beams:eA                                      |                  7.00000 |     7000.000         0.0             | 
 | Beams:eB                                      |                  4.00000 |     7000.000         0.0             | 
 | Beams:frameType                               |                        2 |            1           1           5 | 
 | Beams:idA                                     |                       11 |         2212                         | 
 | Beams:idB                                     |                      -11 |         2212                         | 
 | HadronLevel:Hadronize                         |                      off |           on                         | 
 | Next:numberCount                              |                    10000 |         1000           0             | 
 | PartonLevel:MPI                               |                      off |           on                         | 
 | Random:seed                                   |                        0 |           -1               900000000 | 
 | Random:setSeed                                |                       on |          off                         | 
 | WeakSingleBoson:ffbar2ffbar(s:gm)             |                       on |          off                         | 
 |                                                                                                                 | 
 *-------  End PYTHIA Flag + Mode + Parm + Word + FVec + MVec + PVec + WVec Settings  -----------------------------* 

 --------  PYTHIA Particle Data Table (changed only)  ------------------------------------------------------------------------------
 
      id   name            antiName         spn chg col      m0        mWidth      mMin       mMax       tau0    res dec ext vis wid
             no onMode   bRatio   meMode     products 

      15  tau-             tau+               2  -3   0    1.77682    0.00000    0.00000    0.00000  8.71100e-02   0   1   0   1   0
              0     1   0.0000000  103       36       13 
              1     1   0.0000017  103       36       11 

      36  x                                   1   0   0    1.00000    0.00000    0.00000    0.00000  7.58222e+03   0   1   0   0   0
              0     1   0.0000000  103       15      -15 
              1     1   0.0000000  103       13      -13 
              2     1   1.0000000  103       11      -11 
              3     1   0.0000000  103       22       22 

 --------  End PYTHIA Particle Data Table  -----------------------------------------------------------------------------------------


 --------  PYTHIA Info Listing  ---------------------------------------- 
 
 Beam A: id =     11, pz =  5.292e+00, e =  5.292e+00, m =  5.110e-04.
 Beam B: id =    -11, pz = -5.292e+00, e =  5.292e+00, m =  5.110e-04.

 In 1: id =   11, x =  1.000e+00, pdf =  1.382e+06 at Q2 =  1.047e+02.
 In 2: id =  -11, x =  9.352e-01, pdf =  5.431e-01 at same Q2.

 Subprocess f fbar -> f' fbar' (s-channel gamma*) with code 223 is 2 -> 2.
 It has sHat =  1.047e+02,    tHat = -9.199e+01,    uHat = -1.275e+01,
       pTHat =  3.199e+00,   m3Hat =  1.500e+00,   m4Hat =  1.500e+00,
    thetaHat =  2.429e+00,  phiHat =  4.640e+00.
     alphaEM =  7.628e-03,  alphaS =  1.991e-01    at Q2 =  1.047e+02.

 Impact parameter b =  0.000e+00 gives enhancement factor =  1.000e+00.
 Max pT scale for MPI =  1.058e+01, ISR =  1.023e+01, FSR =  1.023e+01.
 Number of MPI =     1, ISR =     1, FSRproc =     3, FSRreson =     0.

 --------  End PYTHIA Info Listing  ------------------------------------

 --------  PYTHIA Event Listing  (hard process)  -----------------------------------------------------------------------------------
 
    no         id  name            status     mothers   daughters     colours      p_x        p_y        p_z         e          m 
     0         90  (system)           -11     0     0     0     0     0     0      0.000      0.000      3.000     11.000     10.583
     1         11  (e-)               -12     0     0     3     0     0     0      0.000      0.000      7.000      7.000      0.001
     2        -11  (e+)               -12     0     0     4     0     0     0      0.000      0.000     -4.000      4.000      0.001
     3         11  (e-)               -21     1     0     5     6     0     0      0.000      0.000      7.000      7.000      0.000
     4        -11  (e+)               -21     2     0     5     6     0     0      0.000      0.000     -3.741      3.741      0.000
     5          4  c                   23     3     4     0     0   101     0     -0.232     -3.191     -2.255      4.192      1.500
     6         -4  cbar                23     3     4     0     0     0   101      0.232      3.191      5.514      6.549      1.500
                                   Charge sum:  0.000           Momentum sum:      0.000      0.000      3.259     10.741     10.234

 --------  End PYTHIA Event Listing  -----------------------------------------------------------------------------------------------

 --------  PYTHIA Event Listing  (complete event)  ---------------------------------------------------------------------------------
 
    no         id  name            status     mothers   daughters     colours      p_x        p_y        p_z         e          m 
     0         90  (system)           -11     0     0     0     0     0     0      0.000      0.000      3.000     11.000     10.583
     1         11  (e-)               -12     0     0    24     0     0     0      0.000      0.000      7.000      7.000      0.001
     2        -11  (e+)               -12     0     0    25     0     0     0      0.000      0.000     -4.000      4.000      0.001
     3         11  (e-)               -21    16    16     5     6     0     0      0.000      0.000      7.000      7.000      0.000
     4        -11  (e+)               -21    17     0     5     6     0     0      0.000      0.000     -3.741      3.741      0.000
     5          4  (c)                -23     3     4     7     8   101     0     -0.232     -3.191     -2.255      4.192      1.500
     6         -4  (cbar)             -23     3     4     9     9     0   101      0.232      3.191      5.514      6.549      1.500
     7          4  (c)                -51     5     0    10    11   102     0     -1.136     -1.515     -1.543      2.867      1.500
     8         21  (g)                -51     5     0    12    12   101   102      0.921     -1.452     -0.335      1.752      0.000
     9         -4  (cbar)             -52     6     6    15    15     0   101      0.216      2.967      5.137      6.123      1.500
    10          4  (c)                -51     7     0    18    18   103     0     -0.308     -2.631     -0.884      3.170      1.500
    11         21  (g)                -51     7     0    21    21   102   103     -0.187      0.104     -0.892      0.917      0.000
    12         21  (g)                -52     8     8    13    14   101   102      0.279     -0.440     -0.101      0.531      0.000
    13         -1  (dbar)             -51    12     0    20    20     0   102     -0.277     -0.242      0.610      0.785      0.330
    14          1  (d)                -51    12     0    22    22   101     0      0.569      0.364      0.204      0.779      0.330
    15         -4  (cbar)             -52     9     9    19    19     0   101      0.202      2.405      4.222      5.090      1.500
    16         11  (e-)               -42    24    24     3     3     0     0     -0.000     -0.000      7.000      7.000      0.000
    17        -11  (e+)               -41    25    25    23     4     0     0      0.000      0.000     -4.000      4.000      0.000
    18          4  (c)                -44    10    10    26    26   103     0     -0.307     -2.627     -0.887      3.167      1.500
    19         -4  (cbar)             -44    15    15    27    27     0   101      0.202      2.406      4.225      5.092      1.500
    20         -1  (dbar)             -44    13    13    28    28     0   102     -0.277     -0.242      0.609      0.784      0.330
    21         21  (g)                -44    11    11    29    29   102   103     -0.186      0.106     -0.892      0.918      0.000
    22          1  (d)                -44    14    14    30    30   101     0      0.570      0.364      0.204      0.780      0.330
    23         22  (gamma)            -43    17     0    31    31     0     0     -0.002     -0.008     -0.259      0.259      0.000
    24         11  (e-)               -61     1     0    16    16     0     0      0.000     -0.000      7.000      7.000      0.000
    25        -11  (e+)               -61     2     0    17    17     0     0      0.000      0.000     -4.000      4.000      0.000
    26          4  c                   62    18    18     0     0   103     0     -0.307     -2.627     -0.887      3.167      1.500
    27         -4  cbar                62    19    19     0     0     0   101      0.202      2.406      4.225      5.092      1.500
    28         -1  dbar                62    20    20     0     0     0   102     -0.277     -0.242      0.609      0.784      0.330
    29         21  g                   62    21    21     0     0   102   103     -0.186      0.106     -0.892      0.918      0.000
    30          1  d                   62    22    22     0     0   101     0      0.570      0.364      0.204      0.780      0.330
    31         22  gamma               62    23    23     0     0     0     0     -0.002     -0.008     -0.259      0.259      0.000
    32         22  gamma               63     1     0     0     0     0     0      0.000      0.000      0.000      0.000      0.000
    33         22  gamma               63     2     0     0     0     0     0      0.000      0.000     -0.000      0.000      0.000
                                   Charge sum:  0.000           Momentum sum:     -0.000      0.000      3.000     11.000     10.583

 --------  End PYTHIA Event Listing  -----------------------------------------------------------------------------------------------
 PYTHIA Warning in TauDecays::decay: unknown correlated tau production, assuming from unpolarized photon  

 *-------  PYTHIA Event and Cross Section Statistics  -------------------------------------------------------------*
 |                                                                                                                 |
 | Subprocess                                    Code |            Number of events       |      sigma +- delta    |
 |                                                    |       Tried   Selected   Accepted |     (estimated) (mb)   |
 |                                                    |                                   |                        |
 |-----------------------------------------------------------------------------------------------------------------|
 |                                                    |                                   |                        |
 | f fbar -> f' fbar' (s-channel gamma*)          223 |      271161      10000      10000 |   6.003e-06  2.862e-08 |
 |                                                    |                                   |                        |
 | sum                                                |      271161      10000      10000 |   6.003e-06  2.862e-08 |
 |                                                                                                                 |
 *-------  End PYTHIA Event and Cross Section Statistics ----------------------------------------------------------*

 *-------  PYTHIA Error and Warning Messages Statistics  ----------------------------------------------------------* 
 |                                                                                                                 | 
 |  times   message                                                                                                | 
 |                                                                                                                 | 
 |   1449   Warning in TauDecays::decay: unknown correlated tau production, assuming from unpolarized photon       | 
 |                                                                                                                 | 
 *-------  End PYTHIA Error and Warning Messages Statistics  ------------------------------------------------------* 
Gammatau2xmu: 0.000e+00

Gammatau2xe: 3.751e-18

BRtau2xmu: 0.000e+00

BRtau2xe: 1.656e-06

produced tau excluding those daughters are also tau lepton: 2.898e+03
produced X: 2.898e+03
produced X/NMC: 2.898e-01

Proportion of X flying forward (eta>0): 6.180e-01
Proportion of X flying backward (eta<0): 3.820e-01

Total Gamma [GeV]: 2.602e-17
ctau [m]: 7.582e+00

Gammax2tautau: 0.000e+00

Gammax2mumu: 0.000e+00

Gammax2ee: 2.602e-17

Gammax2gmgm: 0.000e+00

BRx2tautau: 0.000e+00

BRx2mumu: 0.000e+00

BRx2ee: 1.000e+00

BRx2gmgm: 0.000e+00

X: insideFidVol: 1.040e+02
observedX: 1.021e+02
visibleX: 1.021e+01

X Observed Fiducial efficiency: 3.524e-02
X Visible Fiducial efficiency: 3.524e-03

reallyProduced tau: 9.200e+10
total number of tau-tau events: 4.600e+10

reallyProducedX: 5.363e+04
reallyobservedX: 1.890e+03
reallyvisibleX: 1.890e+02

