mX:  1
g_TE_Lamb:  1e-09
g_EE_Lamb:  0.4
NMC 10000

 *-------  PYTHIA Process Initialization  --------------------------*
 |                                                                  |
 | We collide e- with e+ at a CM energy of 1.058e+01 GeV            |
 |                                                                  |
 |------------------------------------------------------------------|
 |                                                    |             |
 | Subprocess                                    Code |   Estimated |
 |                                                    |    max (mb) |
 |                                                    |             |
 |------------------------------------------------------------------|
 |                                                    |             |
 | f fbar -> f' fbar' (s-channel gamma*)          223 |   1.337e-04 |
 |                                                                  |
 *-------  End PYTHIA Process Initialization -----------------------*

 *-------  PYTHIA Flag + Mode + Parm + Word + FVec + MVec + PVec + WVec Settings (changes only)  ------------------* 
 |                                                                                                                 | 
 | Name                                          |                      Now |      Default         Min         Max | 
 |                                               |                          |                                      | 
 | Beams:eA                                      |                  7.00000 |     7000.000         0.0             | 
 | Beams:eB                                      |                  4.00000 |     7000.000         0.0             | 
 | Beams:frameType                               |                        2 |            1           1           5 | 
 | Beams:idA                                     |                       11 |         2212                         | 
 | Beams:idB                                     |                      -11 |         2212                         | 
 | HadronLevel:Hadronize                         |                      off |           on                         | 
 | Next:numberCount                              |                    10000 |         1000           0             | 
 | PartonLevel:MPI                               |                      off |           on                         | 
 | Random:seed                                   |                        0 |           -1               900000000 | 
 | Random:setSeed                                |                       on |          off                         | 
 | WeakSingleBoson:ffbar2ffbar(s:gm)             |                       on |          off                         | 
 |                                                                                                                 | 
 *-------  End PYTHIA Flag + Mode + Parm + Word + FVec + MVec + PVec + WVec Settings  -----------------------------* 

 --------  PYTHIA Particle Data Table (changed only)  ------------------------------------------------------------------------------
 
      id   name            antiName         spn chg col      m0        mWidth      mMin       mMax       tau0    res dec ext vis wid
             no onMode   bRatio   meMode     products 

      15  tau-             tau+               2  -3   0    1.77682    0.00000    0.00000    0.00000  8.71100e-02   0   1   0   1   0
              0     1   0.0000000  103       36       13 
              1     1   0.0000000  103       36       11 

      36  x                                   1   0   0    1.00000    0.00000    0.00000    0.00000  7.58222e-09   0   1   0   0   0
              0     1   0.0000000  103       15      -15 
              1     1   0.0000000  103       13      -13 
              2     1   1.0000000  103       11      -11 
              3     1   0.0000000  103       22       22 

 --------  End PYTHIA Particle Data Table  -----------------------------------------------------------------------------------------


 --------  PYTHIA Info Listing  ---------------------------------------- 
 
 Beam A: id =     11, pz =  5.292e+00, e =  5.292e+00, m =  5.110e-04.
 Beam B: id =    -11, pz = -5.292e+00, e =  5.292e+00, m =  5.110e-04.

 In 1: id =   11, x =  9.981e-01, pdf =  1.816e+01 at Q2 =  1.118e+02.
 In 2: id =  -11, x =  1.000e+00, pdf =  1.416e+07 at same Q2.

 Subprocess f fbar -> f' fbar' (s-channel gamma*) with code 223 is 2 -> 2.
 It has sHat =  1.118e+02,    tHat = -2.541e+01,    uHat = -8.638e+01,
       pTHat =  4.422e+00,   m3Hat =  3.300e-01,   m4Hat =  3.300e-01,
    thetaHat =  9.939e-01,  phiHat =  7.863e-01.
     alphaEM =  7.631e-03,  alphaS =  1.975e-01    at Q2 =  1.118e+02.

 Impact parameter b =  0.000e+00 gives enhancement factor =  1.000e+00.
 Max pT scale for MPI =  1.058e+01, ISR =  1.057e+01, FSR =  1.057e+01.
 Number of MPI =     1, ISR =     1, FSRproc =     3, FSRreson =     0.

 --------  End PYTHIA Info Listing  ------------------------------------

 --------  PYTHIA Event Listing  (hard process)  -----------------------------------------------------------------------------------
 
    no         id  name            status     mothers   daughters     colours      p_x        p_y        p_z         e          m 
     0         90  (system)           -11     0     0     0     0     0     0      0.000      0.000      3.000     11.000     10.583
     1         11  (e-)               -12     0     0     3     0     0     0      0.000      0.000      7.000      7.000      0.001
     2        -11  (e+)               -12     0     0     4     0     0     0      0.000      0.000     -4.000      4.000      0.001
     3         11  (e-)               -21     1     0     5     6     0     0      0.000      0.000      6.987      6.987      0.000
     4        -11  (e+)               -21     2     0     5     6     0     0      0.000      0.000     -4.000      4.000      0.000
     5          2  u                   23     3     4     0     0   101     0      3.124      3.130      4.484      6.306      0.330
     6         -2  ubar                23     3     4     0     0     0   101     -3.124     -3.130     -1.497      4.680      0.330
                                   Charge sum:  0.000           Momentum sum:      0.000      0.000      2.987     10.987     10.573

 --------  End PYTHIA Event Listing  -----------------------------------------------------------------------------------------------

 --------  PYTHIA Event Listing  (complete event)  ---------------------------------------------------------------------------------
 
    no         id  name            status     mothers   daughters     colours      p_x        p_y        p_z         e          m 
     0         90  (system)           -11     0     0     0     0     0     0      0.000      0.000      3.000     11.000     10.583
     1         11  (e-)               -12     0     0    24     0     0     0      0.000      0.000      7.000      7.000      0.001
     2        -11  (e+)               -12     0     0    25     0     0     0      0.000      0.000     -4.000      4.000      0.001
     3         11  (e-)               -21    16     0     5     6     0     0      0.000      0.000      6.987      6.987      0.000
     4        -11  (e+)               -21    17    17     5     6     0     0      0.000      0.000     -4.000      4.000      0.000
     5          2  (u)                -23     3     4     9     9   101     0      3.124      3.130      4.484      6.306      0.330
     6         -2  (ubar)             -23     3     4     7     8     0   101     -3.124     -3.130     -1.497      4.680      0.330
     7         -2  (ubar)             -51     6     0    15    15     0   102     -0.645     -2.811     -1.622      3.325      0.330
     8         21  (g)                -51     6     0    10    11   102   101     -2.065      0.096      0.719      2.189      0.000
     9          2  (u)                -52     5     5    12    12   101     0      2.710      2.715      3.890      5.473      0.330
    10         21  (g)                -51     8     0    13    14   102   103     -2.041      0.639      0.614      2.225      0.000
    11         21  (g)                -51     8     0    21    21   103   101      0.428     -0.094      0.747      0.866      0.000
    12          2  (u)                -52     9     9    18    18   101     0      2.258      2.266      3.247      4.570      0.330
    13         21  (g)                -51    10     0    20    20   106   103     -1.289      0.530     -0.143      1.401      0.000
    14         21  (g)                -51    10     0    22    22   102   106     -0.791     -0.066      0.656      1.029      0.000
    15         -2  (ubar)             -52     7     7    19    19     0   102     -0.606     -2.636     -1.521      3.120      0.330
    16         11  (e-)               -41    24    24    23     3     0     0      0.000      0.000      7.000      7.000      0.000
    17        -11  (e+)               -42    25    25     4     4     0     0      0.000     -0.000     -4.000      4.000      0.000
    18          2  (u)                -44    12    12    26    26   101     0      2.258      2.266      3.247      4.570      0.330
    19         -2  (ubar)             -44    15    15    27    27     0   102     -0.606     -2.636     -1.521      3.120      0.330
    20         21  (g)                -44    13    13    28    28   106   103     -1.289      0.530     -0.143      1.401      0.000
    21         21  (g)                -44    11    11    29    29   103   101      0.428     -0.094      0.747      0.866      0.000
    22         21  (g)                -44    14    14    30    30   102   106     -0.791     -0.065      0.656      1.029      0.000
    23         22  (gamma)            -43    16     0    31    31     0     0      0.001     -0.000      0.013      0.013      0.000
    24         11  (e-)               -61     1     0    16    16     0     0      0.000      0.000      7.000      7.000      0.000
    25        -11  (e+)               -61     2     0    17    17     0     0     -0.000      0.000     -4.000      4.000      0.000
    26          2  u                   62    18    18     0     0   101     0      2.258      2.266      3.247      4.570      0.330
    27         -2  ubar                62    19    19     0     0     0   102     -0.606     -2.636     -1.521      3.120      0.330
    28         21  g                   62    20    20     0     0   106   103     -1.289      0.530     -0.143      1.401      0.000
    29         21  g                   62    21    21     0     0   103   101      0.428     -0.094      0.747      0.866      0.000
    30         21  g                   62    22    22     0     0   102   106     -0.791     -0.065      0.656      1.029      0.000
    31         22  gamma               62    23    23     0     0     0     0      0.001     -0.000      0.013      0.013      0.000
    32         22  gamma               63     1     0     0     0     0     0      0.000      0.000      0.000      0.000      0.000
    33         22  gamma               63     2     0     0     0     0     0      0.000      0.000     -0.000      0.000      0.000
                                   Charge sum:  0.000           Momentum sum:     -0.000     -0.000      3.000     11.000     10.583

 --------  End PYTHIA Event Listing  -----------------------------------------------------------------------------------------------
 PYTHIA Warning in TauDecays::decay: unknown correlated tau production, assuming from unpolarized photon  
 PYTHIA Warning in PhaseSpace2to2tauyz::trialKin: maximum for cross section violated  

 *-------  PYTHIA Event and Cross Section Statistics  -------------------------------------------------------------*
 |                                                                                                                 |
 | Subprocess                                    Code |            Number of events       |      sigma +- delta    |
 |                                                    |       Tried   Selected   Accepted |     (estimated) (mb)   |
 |                                                    |                                   |                        |
 |-----------------------------------------------------------------------------------------------------------------|
 |                                                    |                                   |                        |
 | f fbar -> f' fbar' (s-channel gamma*)          223 |      223546      10000      10000 |   5.990e-06  3.112e-08 |
 |                                                    |                                   |                        |
 | sum                                                |      223546      10000      10000 |   5.990e-06  3.112e-08 |
 |                                                                                                                 |
 *-------  End PYTHIA Event and Cross Section Statistics ----------------------------------------------------------*

 *-------  PYTHIA Error and Warning Messages Statistics  ----------------------------------------------------------* 
 |                                                                                                                 | 
 |  times   message                                                                                                | 
 |                                                                                                                 | 
 |    154   Warning in PhaseSpace2to2tauyz::trialKin: maximum for cross section violated                           | 
 |   1434   Warning in TauDecays::decay: unknown correlated tau production, assuming from unpolarized photon       | 
 |                                                                                                                 | 
 *-------  End PYTHIA Error and Warning Messages Statistics  ------------------------------------------------------* 
Gammatau2xmu: 0.000e+00

Gammatau2xe: 1.042e-19

BRtau2xmu: 0.000e+00

BRtau2xe: 4.599e-08

produced tau excluding those daughters are also tau lepton: 2.868e+03
produced X: 2.868e+03
produced X/NMC: 2.868e-01

Proportion of X flying forward (eta>0): 6.165e-01
Proportion of X flying backward (eta<0): 3.835e-01

Total Gamma [GeV]: 2.602e-05
ctau [m]: 7.582e-12

Gammax2tautau: 0.000e+00

Gammax2mumu: 0.000e+00

Gammax2ee: 2.602e-05

Gammax2gmgm: 0.000e+00

BRx2tautau: 0.000e+00

BRx2mumu: 0.000e+00

BRx2ee: 1.000e+00

BRx2gmgm: 0.000e+00

X: insideFidVol: 0.000e+00
observedX: 0.000e+00
visibleX: 0.000e+00

X Observed Fiducial efficiency: 0.000e+00
X Visible Fiducial efficiency: 0.000e+00

reallyProduced tau: 9.200e+10
total number of tau-tau events: 4.600e+10

reallyProducedX: 1.490e+03
reallyobservedX: 0.000e+00
reallyvisibleX: 0.000e+00

