mX:  1
g_TE_Lamb:  4e-10
g_EE_Lamb:  6e-08
NMC 10000
 PYTHIA Warning in PhaseSpace2to2tauyz::trialKin: maximum for cross section violated  

 *-------  PYTHIA Process Initialization  --------------------------*
 |                                                                  |
 | We collide e- with e+ at a CM energy of 1.058e+01 GeV            |
 |                                                                  |
 |------------------------------------------------------------------|
 |                                                    |             |
 | Subprocess                                    Code |   Estimated |
 |                                                    |    max (mb) |
 |                                                    |             |
 |------------------------------------------------------------------|
 |                                                    |             |
 | f fbar -> f' fbar' (s-channel gamma*)          223 |   1.572e-04 |
 |                                                                  |
 *-------  End PYTHIA Process Initialization -----------------------*

 *-------  PYTHIA Flag + Mode + Parm + Word + FVec + MVec + PVec + WVec Settings (changes only)  ------------------* 
 |                                                                                                                 | 
 | Name                                          |                      Now |      Default         Min         Max | 
 |                                               |                          |                                      | 
 | Beams:eA                                      |                  7.00000 |     7000.000         0.0             | 
 | Beams:eB                                      |                  4.00000 |     7000.000         0.0             | 
 | Beams:frameType                               |                        2 |            1           1           5 | 
 | Beams:idA                                     |                       11 |         2212                         | 
 | Beams:idB                                     |                      -11 |         2212                         | 
 | HadronLevel:Hadronize                         |                      off |           on                         | 
 | Next:numberCount                              |                    10000 |         1000           0             | 
 | PartonLevel:MPI                               |                      off |           on                         | 
 | Random:seed                                   |                        0 |           -1               900000000 | 
 | Random:setSeed                                |                       on |          off                         | 
 | WeakSingleBoson:ffbar2ffbar(s:gm)             |                       on |          off                         | 
 |                                                                                                                 | 
 *-------  End PYTHIA Flag + Mode + Parm + Word + FVec + MVec + PVec + WVec Settings  -----------------------------* 

 --------  PYTHIA Particle Data Table (changed only)  ------------------------------------------------------------------------------
 
      id   name            antiName         spn chg col      m0        mWidth      mMin       mMax       tau0    res dec ext vis wid
             no onMode   bRatio   meMode     products 

      15  tau-             tau+               2  -3   0    1.77682    0.00000    0.00000    0.00000  8.71100e-02   0   1   0   1   0
              0     1   0.0000000  103       36       13 
              1     1   0.0000000  103       36       11 

      36  x                                   1   0   0    1.00000    0.00000    0.00000    0.00000  3.36988e+05   0   1   0   0   0
              0     1   0.0000000  103       15      -15 
              1     1   0.0000000  103       13      -13 
              2     1   1.0000000  103       11      -11 
              3     1   0.0000000  103       22       22 

 --------  End PYTHIA Particle Data Table  -----------------------------------------------------------------------------------------


 --------  PYTHIA Info Listing  ---------------------------------------- 
 
 Beam A: id =     11, pz =  5.292e+00, e =  5.292e+00, m =  5.110e-04.
 Beam B: id =    -11, pz = -5.292e+00, e =  5.292e+00, m =  5.110e-04.

 In 1: id =   11, x =  1.000e+00, pdf =  7.711e+03 at Q2 =  6.675e+01.
 In 2: id =  -11, x =  5.960e-01, pdf =  4.261e-02 at same Q2.

 Subprocess f fbar -> f' fbar' (s-channel gamma*) with code 223 is 2 -> 2.
 It has sHat =  6.675e+01,    tHat = -3.030e+01,    uHat = -3.645e+01,
       pTHat =  4.037e+00,   m3Hat =  5.000e-01,   m4Hat =  5.000e-01,
    thetaHat =  1.478e+00,  phiHat =  3.877e+00.
     alphaEM =  7.610e-03,  alphaS =  2.106e-01    at Q2 =  6.675e+01.

 Impact parameter b =  0.000e+00 gives enhancement factor =  1.000e+00.
 Max pT scale for MPI =  1.058e+01, ISR =  8.170e+00, FSR =  8.170e+00.
 Number of MPI =     1, ISR =     1, FSRproc =     3, FSRreson =     0.

 --------  End PYTHIA Info Listing  ------------------------------------

 --------  PYTHIA Event Listing  (hard process)  -----------------------------------------------------------------------------------
 
    no         id  name            status     mothers   daughters     colours      p_x        p_y        p_z         e          m 
     0         90  (system)           -11     0     0     0     0     0     0      0.000      0.000      3.000     11.000     10.583
     1         11  (e-)               -12     0     0     3     0     0     0      0.000      0.000      7.000      7.000      0.001
     2        -11  (e+)               -12     0     0     4     0     0     0      0.000      0.000     -4.000      4.000      0.001
     3         11  (e-)               -21     1     0     5     6     0     0      0.000      0.000      7.000      7.000      0.000
     4        -11  (e+)               -21     2     0     5     6     0     0      0.000      0.000     -2.384      2.384      0.000
     5          3  s                   23     3     4     0     0   101     0     -2.994     -2.708      2.737      4.903      0.500
     6         -3  sbar                23     3     4     0     0     0   101      2.994      2.708      1.879      4.481      0.500
                                   Charge sum:  0.000           Momentum sum:      0.000      0.000      4.616      9.384      8.170

 --------  End PYTHIA Event Listing  -----------------------------------------------------------------------------------------------

 --------  PYTHIA Event Listing  (complete event)  ---------------------------------------------------------------------------------
 
    no         id  name            status     mothers   daughters     colours      p_x        p_y        p_z         e          m 
     0         90  (system)           -11     0     0     0     0     0     0      0.000      0.000      3.000     11.000     10.583
     1         11  (e-)               -12     0     0    24     0     0     0      0.000      0.000      7.000      7.000      0.001
     2        -11  (e+)               -12     0     0    25     0     0     0      0.000      0.000     -4.000      4.000      0.001
     3         11  (e-)               -21    16    16     5     6     0     0      0.000      0.000      7.000      7.000      0.000
     4        -11  (e+)               -21    17     0     5     6     0     0      0.000      0.000     -2.384      2.384      0.000
     5          3  (s)                -23     3     4     7     8   101     0     -2.994     -2.708      2.737      4.903      0.500
     6         -3  (sbar)             -23     3     4     9     9     0   101      2.994      2.708      1.879      4.481      0.500
     7          3  (s)                -51     5     0    13    14   102     0     -1.828     -2.036      3.213      4.250      0.500
     8         21  (g)                -51     5     0    10    11   101   102     -0.900     -0.431     -0.312      1.045      0.000
     9         -3  (sbar)             -52     6     6    12    12     0   101      2.727      2.467      1.715      4.088      0.500
    10         21  (g)                -51     8     0    15    15   103   102     -0.051     -0.311     -0.629      0.704      0.000
    11         21  (g)                -51     8     0    21    21   101   103     -0.563      0.139      0.497      0.763      0.000
    12         -3  (sbar)             -52     9     9    19    19     0   101      2.441      2.209      1.535      3.667      0.500
    13          3  (s)                -51     7     0    18    18   104     0     -0.985     -1.557      1.220      2.265      0.500
    14         21  (g)                -51     7     0    22    22   102   104     -0.853     -0.541      1.869      2.124      0.000
    15         21  (g)                -52    10    10    20    20   103   102     -0.041     -0.249     -0.505      0.564      0.000
    16         11  (e-)               -42    24    24     3     3     0     0     -0.000     -0.000      7.000      7.000      0.000
    17        -11  (e+)               -41    25    25    23     4     0     0      0.000      0.000     -4.000      4.000      0.000
    18          3  (s)                -44    13    13    26    26   104     0     -0.985     -1.557      1.220      2.266      0.500
    19         -3  (sbar)             -44    12    12    27    27     0   101      2.440      2.208      1.534      3.665      0.500
    20         21  (g)                -44    15    15    28    28   103   102     -0.041     -0.250     -0.504      0.564      0.000
    21         21  (g)                -44    11    11    29    29   101   103     -0.563      0.139      0.497      0.763      0.000
    22         21  (g)                -44    14    14    30    30   102   104     -0.853     -0.541      1.869      2.125      0.000
    23         22  (gamma)            -43    17     0    31    31     0     0      0.001      0.001     -1.616      1.616      0.000
    24         11  (e-)               -61     1     0    16    16     0     0      0.000     -0.000      7.000      7.000      0.000
    25        -11  (e+)               -61     2     0    17    17     0     0     -0.000      0.000     -4.000      4.000      0.000
    26          3  s                   62    18    18     0     0   104     0     -0.985     -1.557      1.220      2.266      0.500
    27         -3  sbar                62    19    19     0     0     0   101      2.440      2.208      1.534      3.665      0.500
    28         21  g                   62    20    20     0     0   103   102     -0.041     -0.250     -0.504      0.564      0.000
    29         21  g                   62    21    21     0     0   101   103     -0.563      0.139      0.497      0.763      0.000
    30         21  g                   62    22    22     0     0   102   104     -0.853     -0.541      1.869      2.125      0.000
    31         22  gamma               62    23    23     0     0     0     0      0.001      0.001     -1.616      1.616      0.000
    32         22  gamma               63     1     0     0     0     0     0      0.000      0.000      0.000      0.000      0.000
    33         22  gamma               63     2     0     0     0     0     0      0.000      0.000     -0.000      0.000      0.000
                                   Charge sum:  0.000           Momentum sum:      0.000      0.000      3.000     11.000     10.583

 --------  End PYTHIA Event Listing  -----------------------------------------------------------------------------------------------
 PYTHIA Warning in TauDecays::decay: unknown correlated tau production, assuming from unpolarized photon  

 *-------  PYTHIA Event and Cross Section Statistics  -------------------------------------------------------------*
 |                                                                                                                 |
 | Subprocess                                    Code |            Number of events       |      sigma +- delta    |
 |                                                    |       Tried   Selected   Accepted |     (estimated) (mb)   |
 |                                                    |                                   |                        |
 |-----------------------------------------------------------------------------------------------------------------|
 |                                                    |                                   |                        |
 | f fbar -> f' fbar' (s-channel gamma*)          223 |      263977      10000      10000 |   5.993e-06  2.874e-08 |
 |                                                    |                                   |                        |
 | sum                                                |      263977      10000      10000 |   5.993e-06  2.874e-08 |
 |                                                                                                                 |
 *-------  End PYTHIA Event and Cross Section Statistics ----------------------------------------------------------*

 *-------  PYTHIA Error and Warning Messages Statistics  ----------------------------------------------------------* 
 |                                                                                                                 | 
 |  times   message                                                                                                | 
 |                                                                                                                 | 
 |      3   Warning in PhaseSpace2to2tauyz::trialKin: maximum for cross section violated                           | 
 |   1429   Warning in TauDecays::decay: unknown correlated tau production, assuming from unpolarized photon       | 
 |                                                                                                                 | 
 *-------  End PYTHIA Error and Warning Messages Statistics  ------------------------------------------------------* 
Gammatau2xmu: 0.000e+00

Gammatau2xe: 1.667e-20

BRtau2xmu: 0.000e+00

BRtau2xe: 7.359e-09

produced tau excluding those daughters are also tau lepton: 2.858e+03
produced X: 2.858e+03
produced X/NMC: 2.858e-01

Proportion of X flying forward (eta>0): 6.242e-01
Proportion of X flying backward (eta<0): 3.758e-01

Total Gamma [GeV]: 5.856e-19
ctau [m]: 3.370e+02

Gammax2tautau: 0.000e+00

Gammax2mumu: 0.000e+00

Gammax2ee: 5.856e-19

Gammax2gmgm: 0.000e+00

BRx2tautau: 0.000e+00

BRx2mumu: 0.000e+00

BRx2ee: 1.000e+00

BRx2gmgm: 0.000e+00

X: insideFidVol: 3.000e+00
observedX: 2.308e+00
visibleX: 2.308e-01

X Observed Fiducial efficiency: 8.075e-04
X Visible Fiducial efficiency: 8.075e-05

reallyProduced tau: 9.200e+10
total number of tau-tau events: 4.600e+10

reallyProducedX: 2.384e+02
reallyobservedX: 1.925e-01
reallyvisibleX: 1.925e-02

