mX:  1
g_TE_Lamb:  6e-07
g_EE_Lamb:  0.00015
NMC 10000

 *-------  PYTHIA Process Initialization  --------------------------*
 |                                                                  |
 | We collide e- with e+ at a CM energy of 1.058e+01 GeV            |
 |                                                                  |
 |------------------------------------------------------------------|
 |                                                    |             |
 | Subprocess                                    Code |   Estimated |
 |                                                    |    max (mb) |
 |                                                    |             |
 |------------------------------------------------------------------|
 |                                                    |             |
 | f fbar -> f' fbar' (s-channel gamma*)          223 |   1.438e-04 |
 |                                                                  |
 *-------  End PYTHIA Process Initialization -----------------------*

 *-------  PYTHIA Flag + Mode + Parm + Word + FVec + MVec + PVec + WVec Settings (changes only)  ------------------* 
 |                                                                                                                 | 
 | Name                                          |                      Now |      Default         Min         Max | 
 |                                               |                          |                                      | 
 | Beams:eA                                      |                  7.00000 |     7000.000         0.0             | 
 | Beams:eB                                      |                  4.00000 |     7000.000         0.0             | 
 | Beams:frameType                               |                        2 |            1           1           5 | 
 | Beams:idA                                     |                       11 |         2212                         | 
 | Beams:idB                                     |                      -11 |         2212                         | 
 | HadronLevel:Hadronize                         |                      off |           on                         | 
 | Next:numberCount                              |                    10000 |         1000           0             | 
 | PartonLevel:MPI                               |                      off |           on                         | 
 | Random:seed                                   |                        0 |           -1               900000000 | 
 | Random:setSeed                                |                       on |          off                         | 
 | WeakSingleBoson:ffbar2ffbar(s:gm)             |                       on |          off                         | 
 |                                                                                                                 | 
 *-------  End PYTHIA Flag + Mode + Parm + Word + FVec + MVec + PVec + WVec Settings  -----------------------------* 

 --------  PYTHIA Particle Data Table (changed only)  ------------------------------------------------------------------------------
 
      id   name            antiName         spn chg col      m0        mWidth      mMin       mMax       tau0    res dec ext vis wid
             no onMode   bRatio   meMode     products 

      15  tau-             tau+               2  -3   0    1.77682    0.00000    0.00000    0.00000  8.71100e-02   0   1   0   1   0
              0     1   0.0000000  103       36       13 
              1     1   0.0162875  103       36       11 

      36  x                                   1   0   0    1.00000    0.00000    0.00000    0.00000  5.39180e-02   0   1   0   0   0
              0     1   0.0000000  103       15      -15 
              1     1   0.0000000  103       13      -13 
              2     1   1.0000000  103       11      -11 
              3     1   0.0000000  103       22       22 

 --------  End PYTHIA Particle Data Table  -----------------------------------------------------------------------------------------


 --------  PYTHIA Info Listing  ---------------------------------------- 
 
 Beam A: id =     11, pz =  5.292e+00, e =  5.292e+00, m =  5.110e-04.
 Beam B: id =    -11, pz = -5.292e+00, e =  5.292e+00, m =  5.110e-04.

 In 1: id =   11, x =  1.000e+00, pdf =  7.610e+02 at Q2 =  1.074e+02.
 In 2: id =  -11, x =  9.592e-01, pdf =  8.882e-01 at same Q2.

 Subprocess f fbar -> f' fbar' (s-channel gamma*) with code 223 is 2 -> 2.
 It has sHat =  1.074e+02,    tHat = -1.001e+02,    uHat = -7.358e+00,
       pTHat =  2.506e+00,   m3Hat =  1.500e+00,   m4Hat =  1.500e+00,
    thetaHat =  2.612e+00,  phiHat =  1.769e+00.
     alphaEM =  7.629e-03,  alphaS =  1.985e-01    at Q2 =  1.074e+02.

 Impact parameter b =  0.000e+00 gives enhancement factor =  1.000e+00.
 Max pT scale for MPI =  1.058e+01, ISR =  1.036e+01, FSR =  1.036e+01.
 Number of MPI =     1, ISR =     1, FSRproc =     4, FSRreson =     0.

 --------  End PYTHIA Info Listing  ------------------------------------

 --------  PYTHIA Event Listing  (hard process)  -----------------------------------------------------------------------------------
 
    no         id  name            status     mothers   daughters     colours      p_x        p_y        p_z         e          m 
     0         90  (system)           -11     0     0     0     0     0     0      0.000      0.000      3.000     11.000     10.583
     1         11  (e-)               -12     0     0     3     0     0     0      0.000      0.000      7.000      7.000      0.001
     2        -11  (e+)               -12     0     0     4     0     0     0      0.000      0.000     -4.000      4.000      0.001
     3         11  (e-)               -21     1     0     5     6     0     0      0.000      0.000      7.000      7.000      0.000
     4        -11  (e+)               -21     2     0     5     6     0     0      0.000      0.000     -3.837      3.837      0.000
     5          4  c                   23     3     4     0     0   101     0     -0.492      2.457     -2.894      4.112      1.500
     6         -4  cbar                23     3     4     0     0     0   101      0.492     -2.457      6.057      6.725      1.500
                                   Charge sum:  0.000           Momentum sum:      0.000      0.000      3.163     10.836     10.365

 --------  End PYTHIA Event Listing  -----------------------------------------------------------------------------------------------

 --------  PYTHIA Event Listing  (complete event)  ---------------------------------------------------------------------------------
 
    no         id  name            status     mothers   daughters     colours      p_x        p_y        p_z         e          m 
     0         90  (system)           -11     0     0     0     0     0     0      0.000      0.000      3.000     11.000     10.583
     1         11  (e-)               -12     0     0    28     0     0     0      0.000      0.000      7.000      7.000      0.001
     2        -11  (e+)               -12     0     0    29     0     0     0      0.000      0.000     -4.000      4.000      0.001
     3         11  (e-)               -21    19    19     5     6     0     0      0.000      0.000      7.000      7.000      0.000
     4        -11  (e+)               -21    20     0     5     6     0     0      0.000      0.000     -3.837      3.837      0.000
     5          4  (c)                -23     3     4     7     8   101     0     -0.492      2.457     -2.894      4.112      1.500
     6         -4  (cbar)             -23     3     4     9     9     0   101      0.492     -2.457      6.057      6.725      1.500
     7          4  (c)                -51     5     0    10    11   102     0     -1.741     -0.010     -2.890      3.692      1.500
     8         21  (g)                -51     5     0    12    12   101   102      1.513      1.146      3.148      3.676      0.000
     9         -4  (cbar)             -52     6     6    22    22     0   101      0.228     -1.136      2.905      3.469      1.500
    10          4  (c)                -51     7     0    15    15   103     0     -0.780     -1.221     -2.603      3.336      1.500
    11         21  (g)                -51     7     0    13    14   102   103     -0.183      1.800      1.332      2.247      0.000
    12         21  (g)                -52     8     8    23    23   101   102      0.735      0.557      1.529      1.785      0.000
    13         21  (g)                -51    11     0    16    17   102   105     -0.174      1.901      0.728      2.043      0.000
    14         21  (g)                -51    11     0    18    18   105   103     -0.070     -0.228      0.372      0.442      0.000
    15          4  (c)                -52    10    10    21    21   103     0     -0.719     -1.095     -2.372      3.097      1.500
    16         21  (g)                -51    13     0    24    24   102   106      0.129      0.439      0.842      0.958      0.000
    17         21  (g)                -51    13     0    26    26   106   105     -0.347      1.317      0.124      1.368      0.000
    18         21  (g)                -52    14    14    25    25   105   103     -0.025     -0.082      0.135      0.160      0.000
    19         11  (e-)               -42    28    28     3     3     0     0      0.000      0.000      7.000      7.000      0.000
    20        -11  (e+)               -41    29    29    27     4     0     0     -0.000     -0.000     -4.000      4.000      0.000
    21          4  (c)                -44    15    15    30    30   103     0     -0.713     -1.094     -2.372      3.096      1.500
    22         -4  (cbar)             -44     9     9    31    31     0   101      0.228     -1.136      2.905      3.469      1.500
    23         21  (g)                -44    12    12    32    32   101   102      0.735      0.557      1.530      1.786      0.000
    24         21  (g)                -44    16    16    33    33   102   106      0.129      0.439      0.842      0.959      0.000
    25         21  (g)                -44    18    18    34    34   105   103     -0.025     -0.082      0.134      0.160      0.000
    26         21  (g)                -44    17    17    35    35   106   105     -0.346      1.317      0.124      1.367      0.000
    27         22  (gamma)            -43    20     0    36    36     0     0     -0.008     -0.001     -0.163      0.163      0.000
    28         11  (e-)               -61     1     0    19    19     0     0     -0.000      0.000      7.000      7.000      0.000
    29        -11  (e+)               -61     2     0    20    20     0     0      0.000      0.000     -4.000      4.000      0.000
    30          4  c                   62    21    21     0     0   103     0     -0.713     -1.094     -2.372      3.096      1.500
    31         -4  cbar                62    22    22     0     0     0   101      0.228     -1.136      2.905      3.469      1.500
    32         21  g                   62    23    23     0     0   101   102      0.735      0.557      1.530      1.786      0.000
    33         21  g                   62    24    24     0     0   102   106      0.129      0.439      0.842      0.959      0.000
    34         21  g                   62    25    25     0     0   105   103     -0.025     -0.082      0.134      0.160      0.000
    35         21  g                   62    26    26     0     0   106   105     -0.346      1.317      0.124      1.367      0.000
    36         22  gamma               62    27    27     0     0     0     0     -0.008     -0.001     -0.163      0.163      0.000
    37         22  gamma               63     1     0     0     0     0     0      0.000      0.000      0.000      0.000      0.000
    38         22  gamma               63     2     0     0     0     0     0      0.000      0.000     -0.000      0.000      0.000
                                   Charge sum:  0.000           Momentum sum:      0.000      0.000      3.000     11.000     10.583

 --------  End PYTHIA Event Listing  -----------------------------------------------------------------------------------------------
 PYTHIA Warning in TauDecays::decay: unknown correlated tau production, assuming from unpolarized photon  
 PYTHIA Warning in PhaseSpace2to2tauyz::trialKin: maximum for cross section violated  

 *-------  PYTHIA Event and Cross Section Statistics  -------------------------------------------------------------*
 |                                                                                                                 |
 | Subprocess                                    Code |            Number of events       |      sigma +- delta    |
 |                                                    |       Tried   Selected   Accepted |     (estimated) (mb)   |
 |                                                    |                                   |                        |
 |-----------------------------------------------------------------------------------------------------------------|
 |                                                    |                                   |                        |
 | f fbar -> f' fbar' (s-channel gamma*)          223 |      241424      10000      10000 |   6.032e-06  3.050e-08 |
 |                                                    |                                   |                        |
 | sum                                                |      241424      10000      10000 |   6.032e-06  3.050e-08 |
 |                                                                                                                 |
 *-------  End PYTHIA Event and Cross Section Statistics ----------------------------------------------------------*

 *-------  PYTHIA Error and Warning Messages Statistics  ----------------------------------------------------------* 
 |                                                                                                                 | 
 |  times   message                                                                                                | 
 |                                                                                                                 | 
 |     77   Warning in PhaseSpace2to2tauyz::trialKin: maximum for cross section violated                           | 
 |   1533   Warning in TauDecays::decay: unknown correlated tau production, assuming from unpolarized photon       | 
 |                                                                                                                 | 
 *-------  End PYTHIA Error and Warning Messages Statistics  ------------------------------------------------------* 
Gammatau2xmu: 0.000e+00

Gammatau2xe: 3.751e-14

BRtau2xmu: 0.000e+00

BRtau2xe: 1.629e-02

produced tau excluding those daughters are also tau lepton: 3.066e+03
produced X: 3.066e+03
produced X/NMC: 3.066e-01

Proportion of X flying forward (eta>0): 6.187e-01
Proportion of X flying backward (eta<0): 3.813e-01

Total Gamma [GeV]: 3.660e-12
ctau [m]: 5.392e-05

Gammax2tautau: 0.000e+00

Gammax2mumu: 0.000e+00

Gammax2ee: 3.660e-12

Gammax2gmgm: 0.000e+00

BRx2tautau: 0.000e+00

BRx2mumu: 0.000e+00

BRx2ee: 1.000e+00

BRx2gmgm: 0.000e+00

X: insideFidVol: 0.000e+00
observedX: 2.002e-159
visibleX: 2.002e-160

X Observed Fiducial efficiency: 6.529e-163
X Visible Fiducial efficiency: 6.529e-164

reallyProduced tau: 9.200e+10
total number of tau-tau events: 4.600e+10

reallyProducedX: 5.276e+08
reallyobservedX: 3.445e-154
reallyvisibleX: 3.445e-155

