mX:  1
g_TE_Lamb:  4e-09
g_EE_Lamb:  1e-05
NMC 10000

 *-------  PYTHIA Process Initialization  --------------------------*
 |                                                                  |
 | We collide e- with e+ at a CM energy of 1.058e+01 GeV            |
 |                                                                  |
 |------------------------------------------------------------------|
 |                                                    |             |
 | Subprocess                                    Code |   Estimated |
 |                                                    |    max (mb) |
 |                                                    |             |
 |------------------------------------------------------------------|
 |                                                    |             |
 | f fbar -> f' fbar' (s-channel gamma*)          223 |   1.563e-04 |
 |                                                                  |
 *-------  End PYTHIA Process Initialization -----------------------*

 *-------  PYTHIA Flag + Mode + Parm + Word + FVec + MVec + PVec + WVec Settings (changes only)  ------------------* 
 |                                                                                                                 | 
 | Name                                          |                      Now |      Default         Min         Max | 
 |                                               |                          |                                      | 
 | Beams:eA                                      |                  7.00000 |     7000.000         0.0             | 
 | Beams:eB                                      |                  4.00000 |     7000.000         0.0             | 
 | Beams:frameType                               |                        2 |            1           1           5 | 
 | Beams:idA                                     |                       11 |         2212                         | 
 | Beams:idB                                     |                      -11 |         2212                         | 
 | HadronLevel:Hadronize                         |                      off |           on                         | 
 | Next:numberCount                              |                    10000 |         1000           0             | 
 | PartonLevel:MPI                               |                      off |           on                         | 
 | Random:seed                                   |                        0 |           -1               900000000 | 
 | Random:setSeed                                |                       on |          off                         | 
 | WeakSingleBoson:ffbar2ffbar(s:gm)             |                       on |          off                         | 
 |                                                                                                                 | 
 *-------  End PYTHIA Flag + Mode + Parm + Word + FVec + MVec + PVec + WVec Settings  -----------------------------* 

 --------  PYTHIA Particle Data Table (changed only)  ------------------------------------------------------------------------------
 
      id   name            antiName         spn chg col      m0        mWidth      mMin       mMax       tau0    res dec ext vis wid
             no onMode   bRatio   meMode     products 

      15  tau-             tau+               2  -3   0    1.77682    0.00000    0.00000    0.00000  8.71100e-02   0   1   0   1   0
              0     1   0.0000000  103       36       13 
              1     1   0.0000007  103       36       11 

      36  x                                   1   0   0    1.00000    0.00000    0.00000    0.00000  1.21316e+01   0   1   0   0   0
              0     1   0.0000000  103       15      -15 
              1     1   0.0000000  103       13      -13 
              2     1   1.0000000  103       11      -11 
              3     1   0.0000000  103       22       22 

 --------  End PYTHIA Particle Data Table  -----------------------------------------------------------------------------------------

 PYTHIA Warning in TauDecays::decay: unknown correlated tau production, assuming from unpolarized photon  

 --------  PYTHIA Info Listing  ---------------------------------------- 
 
 Beam A: id =     11, pz =  5.292e+00, e =  5.292e+00, m =  5.110e-04.
 Beam B: id =    -11, pz = -5.292e+00, e =  5.292e+00, m =  5.110e-04.

 In 1: id =   11, x =  1.000e+00, pdf =  7.759e+03 at Q2 =  5.270e+01.
 In 2: id =  -11, x =  4.706e-01, pdf =  2.312e-02 at same Q2.

 Subprocess f fbar -> f' fbar' (s-channel gamma*) with code 223 is 2 -> 2.
 It has sHat =  5.270e+01,    tHat = -3.912e+01,    uHat = -1.358e+01,
       pTHat =  2.769e+00,   m3Hat =  1.777e+00,   m4Hat =  1.777e+00,
    thetaHat =  2.077e+00,  phiHat =  4.708e+00.
     alphaEM =  7.600e-03,  alphaS =  2.172e-01    at Q2 =  5.270e+01.

 Impact parameter b =  0.000e+00 gives enhancement factor =  1.000e+00.
 Max pT scale for MPI =  1.058e+01, ISR =  1.058e+01, FSR =  1.058e+01.
 Number of MPI =     1, ISR =     1, FSRproc =     0, FSRreson =     0.

 --------  End PYTHIA Info Listing  ------------------------------------

 --------  PYTHIA Event Listing  (hard process)  -----------------------------------------------------------------------------------
 
    no         id  name            status     mothers   daughters     colours      p_x        p_y        p_z         e          m 
     0         90  (system)           -11     0     0     0     0     0     0      0.000      0.000      3.000     11.000     10.583
     1         11  (e-)               -12     0     0     3     0     0     0      0.000      0.000      7.000      7.000      0.001
     2        -11  (e+)               -12     0     0     4     0     0     0      0.000      0.000     -4.000      4.000      0.001
     3         11  (e-)               -21     1     0     5     6     0     0      0.000      0.000      7.000      7.000      0.000
     4        -11  (e+)               -21     2     0     5     6     0     0      0.000      0.000     -1.882      1.882      0.000
     5         15  tau-                23     3     4     0     0     0     0     -0.013     -2.769      0.682      3.360      1.777
     6        -15  tau+                23     3     4     0     0     0     0      0.013      2.769      4.435      5.522      1.777
                                   Charge sum:  0.000           Momentum sum:      0.000      0.000      5.118      8.882      7.260

 --------  End PYTHIA Event Listing  -----------------------------------------------------------------------------------------------

 --------  PYTHIA Event Listing  (complete event)  ---------------------------------------------------------------------------------
 
    no         id  name            status     mothers   daughters     colours      p_x        p_y        p_z         e          m 
     0         90  (system)           -11     0     0     0     0     0     0      0.000      0.000      3.000     11.000     10.583
     1         11  (e-)               -12     0     0    12     0     0     0      0.000      0.000      7.000      7.000      0.001
     2        -11  (e+)               -12     0     0    13     0     0     0      0.000      0.000     -4.000      4.000      0.001
     3         11  (e-)               -21     7     7     5     6     0     0      0.000      0.000      7.000      7.000      0.000
     4        -11  (e+)               -21     8     0     5     6     0     0      0.000      0.000     -1.882      1.882      0.000
     5         15  (tau-)             -23     3     4     9     9     0     0     -0.013     -2.769      0.682      3.360      1.777
     6        -15  (tau+)             -23     3     4    10    10     0     0      0.013      2.769      4.435      5.522      1.777
     7         11  (e-)               -42    12    12     3     3     0     0      0.000     -0.000      7.000      7.000      0.000
     8        -11  (e+)               -41    13    13    11     4     0     0     -0.000      0.000     -4.000      4.000      0.000
     9         15  (tau-)             -44     5     5    14    14     0     0     -0.014     -2.760      0.674      3.351      1.777
    10        -15  (tau+)             -44     6     6    15    15     0     0      0.013      2.772      4.444      5.531      1.777
    11         22  (gamma)            -43     8     0    16    16     0     0      0.001     -0.012     -2.118      2.118      0.000
    12         11  (e-)               -61     1     0     7     7     0     0     -0.000     -0.000      7.000      7.000      0.000
    13        -11  (e+)               -61     2     0     8     8     0     0      0.000      0.000     -4.000      4.000      0.000
    14         15  (tau-)             -62     9     9    19    20     0     0     -0.014     -2.760      0.674      3.351      1.777
    15        -15  (tau+)             -62    10    10    21    22     0     0      0.013      2.772      4.444      5.531      1.777
    16         22  gamma               62    11    11     0     0     0     0      0.001     -0.012     -2.118      2.118      0.000
    17         22  gamma               63     1     0     0     0     0     0      0.000      0.000      0.000      0.000      0.000
    18         22  gamma               63     2     0     0     0     0     0      0.000      0.000     -0.000      0.000      0.000
    19         36  (x)                -91    14     0    23    24     0     0      0.215     -0.942      0.607      1.518      1.000
    20         11  e-                  91    14     0     0     0     0     0     -0.230     -1.818      0.066      1.834      0.001
    21         36  (x)                -91    15     0    25    26     0     0      0.143      2.050      2.209      3.178      1.000
    22        -11  e+                  91    15     0     0     0     0     0     -0.130      0.722      2.235      2.353      0.001
    23         11  e-                  91    19     0     0     0     0     0     -0.201     -0.360     -0.183      0.451      0.001
    24        -11  e+                  91    19     0     0     0     0     0      0.416     -0.583      0.791      1.067      0.001
    25         11  e-                  91    21     0     0     0     0     0     -0.273      1.383      1.818      2.300      0.001
    26        -11  e+                  91    21     0     0     0     0     0      0.416      0.667      0.391      0.878      0.001
                                   Charge sum:  0.000           Momentum sum:      0.000      0.000      3.000     11.000     10.583

 --------  End PYTHIA Event Listing  -----------------------------------------------------------------------------------------------
 PYTHIA Warning in PhaseSpace2to2tauyz::trialKin: maximum for cross section violated  

 *-------  PYTHIA Event and Cross Section Statistics  -------------------------------------------------------------*
 |                                                                                                                 |
 | Subprocess                                    Code |            Number of events       |      sigma +- delta    |
 |                                                    |       Tried   Selected   Accepted |     (estimated) (mb)   |
 |                                                    |                                   |                        |
 |-----------------------------------------------------------------------------------------------------------------|
 |                                                    |                                   |                        |
 | f fbar -> f' fbar' (s-channel gamma*)          223 |      260718      10000      10000 |   6.022e-06  2.924e-08 |
 |                                                    |                                   |                        |
 | sum                                                |      260718      10000      10000 |   6.022e-06  2.924e-08 |
 |                                                                                                                 |
 *-------  End PYTHIA Event and Cross Section Statistics ----------------------------------------------------------*

 *-------  PYTHIA Error and Warning Messages Statistics  ----------------------------------------------------------* 
 |                                                                                                                 | 
 |  times   message                                                                                                | 
 |                                                                                                                 | 
 |     11   Warning in PhaseSpace2to2tauyz::trialKin: maximum for cross section violated                           | 
 |   1474   Warning in TauDecays::decay: unknown correlated tau production, assuming from unpolarized photon       | 
 |                                                                                                                 | 
 *-------  End PYTHIA Error and Warning Messages Statistics  ------------------------------------------------------* 
Gammatau2xmu: 0.000e+00

Gammatau2xe: 1.667e-18

BRtau2xmu: 0.000e+00

BRtau2xe: 7.359e-07

produced tau excluding those daughters are also tau lepton: 2.948e+03
produced X: 2.948e+03
produced X/NMC: 2.948e-01

Proportion of X flying forward (eta>0): 6.323e-01
Proportion of X flying backward (eta<0): 3.677e-01

Total Gamma [GeV]: 1.627e-14
ctau [m]: 1.213e-02

Gammax2tautau: 0.000e+00

Gammax2mumu: 0.000e+00

Gammax2ee: 1.627e-14

Gammax2gmgm: 0.000e+00

BRx2tautau: 0.000e+00

BRx2mumu: 0.000e+00

BRx2ee: 1.000e+00

BRx2gmgm: 0.000e+00

X: insideFidVol: 1.450e+02
observedX: 1.370e+02
visibleX: 1.370e+01

X Observed Fiducial efficiency: 4.646e-02
X Visible Fiducial efficiency: 4.646e-03

reallyProduced tau: 9.200e+10
total number of tau-tau events: 4.600e+10

reallyProducedX: 2.384e+04
reallyobservedX: 1.107e+03
reallyvisibleX: 1.107e+02

