mX:  1
g_TE_Lamb:  1e-10
g_EE_Lamb:  3e-06
NMC 10000

 *-------  PYTHIA Process Initialization  --------------------------*
 |                                                                  |
 | We collide e- with e+ at a CM energy of 1.058e+01 GeV            |
 |                                                                  |
 |------------------------------------------------------------------|
 |                                                    |             |
 | Subprocess                                    Code |   Estimated |
 |                                                    |    max (mb) |
 |                                                    |             |
 |------------------------------------------------------------------|
 |                                                    |             |
 | f fbar -> f' fbar' (s-channel gamma*)          223 |   1.430e-04 |
 |                                                                  |
 *-------  End PYTHIA Process Initialization -----------------------*

 *-------  PYTHIA Flag + Mode + Parm + Word + FVec + MVec + PVec + WVec Settings (changes only)  ------------------* 
 |                                                                                                                 | 
 | Name                                          |                      Now |      Default         Min         Max | 
 |                                               |                          |                                      | 
 | Beams:eA                                      |                  7.00000 |     7000.000         0.0             | 
 | Beams:eB                                      |                  4.00000 |     7000.000         0.0             | 
 | Beams:frameType                               |                        2 |            1           1           5 | 
 | Beams:idA                                     |                       11 |         2212                         | 
 | Beams:idB                                     |                      -11 |         2212                         | 
 | HadronLevel:Hadronize                         |                      off |           on                         | 
 | Next:numberCount                              |                    10000 |         1000           0             | 
 | PartonLevel:MPI                               |                      off |           on                         | 
 | Random:seed                                   |                        0 |           -1               900000000 | 
 | Random:setSeed                                |                       on |          off                         | 
 | WeakSingleBoson:ffbar2ffbar(s:gm)             |                       on |          off                         | 
 |                                                                                                                 | 
 *-------  End PYTHIA Flag + Mode + Parm + Word + FVec + MVec + PVec + WVec Settings  -----------------------------* 

 --------  PYTHIA Particle Data Table (changed only)  ------------------------------------------------------------------------------
 
      id   name            antiName         spn chg col      m0        mWidth      mMin       mMax       tau0    res dec ext vis wid
             no onMode   bRatio   meMode     products 

      15  tau-             tau+               2  -3   0    1.77682    0.00000    0.00000    0.00000  8.71100e-02   0   1   0   1   0
              0     1   0.0000000  103       36       13 
              1     1   0.0000000  103       36       11 

      36  x                                   1   0   0    1.00000    0.00000    0.00000    0.00000  1.34795e+02   0   1   0   0   0
              0     1   0.0000000  103       15      -15 
              1     1   0.0000000  103       13      -13 
              2     1   1.0000000  103       11      -11 
              3     1   0.0000000  103       22       22 

 --------  End PYTHIA Particle Data Table  -----------------------------------------------------------------------------------------


 --------  PYTHIA Info Listing  ---------------------------------------- 
 
 Beam A: id =     11, pz =  5.292e+00, e =  5.292e+00, m =  5.110e-04.
 Beam B: id =    -11, pz = -5.292e+00, e =  5.292e+00, m =  5.110e-04.

 In 1: id =   11, x =  1.000e+00, pdf =  9.884e+05 at Q2 =  1.077e+02.
 In 2: id =  -11, x =  9.615e-01, pdf =  9.438e-01 at same Q2.

 Subprocess f fbar -> f' fbar' (s-channel gamma*) with code 223 is 2 -> 2.
 It has sHat =  1.077e+02,    tHat = -5.570e+01,    uHat = -5.198e+01,
       pTHat =  4.964e+00,   m3Hat =  1.500e+00,   m4Hat =  1.500e+00,
    thetaHat =  1.605e+00,  phiHat =  4.886e+00.
     alphaEM =  7.630e-03,  alphaS =  1.984e-01    at Q2 =  1.077e+02.

 Impact parameter b =  0.000e+00 gives enhancement factor =  1.000e+00.
 Max pT scale for MPI =  1.058e+01, ISR =  1.038e+01, FSR =  1.038e+01.
 Number of MPI =     1, ISR =     1, FSRproc =     3, FSRreson =     0.

 --------  End PYTHIA Info Listing  ------------------------------------

 --------  PYTHIA Event Listing  (hard process)  -----------------------------------------------------------------------------------
 
    no         id  name            status     mothers   daughters     colours      p_x        p_y        p_z         e          m 
     0         90  (system)           -11     0     0     0     0     0     0      0.000      0.000      3.000     11.000     10.583
     1         11  (e-)               -12     0     0     3     0     0     0      0.000      0.000      7.000      7.000      0.001
     2        -11  (e+)               -12     0     0     4     0     0     0      0.000      0.000     -4.000      4.000      0.001
     3         11  (e-)               -21     1     0     5     6     0     0      0.000      0.000      7.000      7.000      0.000
     4        -11  (e+)               -21     2     0     5     6     0     0      0.000      0.000     -3.846      3.846      0.000
     5          4  c                   23     3     4     0     0   101     0      0.860     -4.889      1.398      5.371      1.500
     6         -4  cbar                23     3     4     0     0     0   101     -0.860      4.889      1.756      5.475      1.500
                                   Charge sum:  0.000           Momentum sum:      0.000      0.000      3.154     10.846     10.377

 --------  End PYTHIA Event Listing  -----------------------------------------------------------------------------------------------

 --------  PYTHIA Event Listing  (complete event)  ---------------------------------------------------------------------------------
 
    no         id  name            status     mothers   daughters     colours      p_x        p_y        p_z         e          m 
     0         90  (system)           -11     0     0     0     0     0     0      0.000      0.000      3.000     11.000     10.583
     1         11  (e-)               -12     0     0    24     0     0     0      0.000      0.000      7.000      7.000      0.001
     2        -11  (e+)               -12     0     0    25     0     0     0      0.000      0.000     -4.000      4.000      0.001
     3         11  (e-)               -21    16    16     5     6     0     0      0.000      0.000      7.000      7.000      0.000
     4        -11  (e+)               -21    17     0     5     6     0     0      0.000      0.000     -3.846      3.846      0.000
     5          4  (c)                -23     3     4     7     8   101     0      0.860     -4.889      1.398      5.371      1.500
     6         -4  (cbar)             -23     3     4     9     9     0   101     -0.860      4.889      1.756      5.475      1.500
     7          4  (c)                -51     5     0    18    18   103     0      0.243     -1.837      2.039      3.138      1.500
     8         21  (g)                -51     5     0    10    11   101   103      0.537     -2.598     -0.491      2.698      0.000
     9         -4  (cbar)             -52     6     6    12    12     0   101     -0.780      4.435      1.606      5.011      1.500
    10         21  (g)                -51     8     0    20    20   104   103     -0.518     -0.009      0.610      0.800      0.000
    11         21  (g)                -51     8     0    15    15   101   104      0.960     -2.053     -0.913      2.443      0.000
    12         -4  (cbar)             -52     9     9    13    14     0   101     -0.685      3.899      1.417      4.465      1.500
    13         -4  (cbar)             -51    12     0    19    19     0   105     -1.147      3.227      1.082      3.892      1.500
    14         21  (g)                -51    12     0    22    22   105   101      0.544      0.498      0.257      0.781      0.000
    15         21  (g)                -52    11    11    21    21   101   104      0.878     -1.878     -0.835      2.235      0.000
    16         11  (e-)               -42    24    24     3     3     0     0      0.000      0.000      7.000      7.000      0.000
    17        -11  (e+)               -41    25    25    23     4     0     0     -0.000     -0.000     -4.000      4.000      0.000
    18          4  (c)                -44     7     7    26    26   103     0      0.242     -1.838      2.041      3.139      1.500
    19         -4  (cbar)             -44    13    13    27    27     0   105     -1.150      3.224      1.080      3.890      1.500
    20         21  (g)                -44    10    10    28    28   104   103     -0.518     -0.009      0.611      0.801      0.000
    21         21  (g)                -44    15    15    29    29   101   104      0.875     -1.881     -0.834      2.236      0.000
    22         21  (g)                -44    14    14    30    30   105   101      0.544      0.497      0.256      0.780      0.000
    23         22  (gamma)            -43    17     0    31    31     0     0      0.007      0.008     -0.154      0.154      0.000
    24         11  (e-)               -61     1     0    16    16     0     0     -0.000      0.000      7.000      7.000      0.000
    25        -11  (e+)               -61     2     0    17    17     0     0      0.000      0.000     -4.000      4.000      0.000
    26          4  c                   62    18    18     0     0   103     0      0.242     -1.838      2.041      3.139      1.500
    27         -4  cbar                62    19    19     0     0     0   105     -1.150      3.224      1.080      3.890      1.500
    28         21  g                   62    20    20     0     0   104   103     -0.518     -0.009      0.611      0.801      0.000
    29         21  g                   62    21    21     0     0   101   104      0.875     -1.881     -0.834      2.236      0.000
    30         21  g                   62    22    22     0     0   105   101      0.544      0.497      0.256      0.780      0.000
    31         22  gamma               62    23    23     0     0     0     0      0.007      0.008     -0.154      0.154      0.000
    32         22  gamma               63     1     0     0     0     0     0      0.000      0.000      0.000      0.000      0.000
    33         22  gamma               63     2     0     0     0     0     0      0.000      0.000     -0.000      0.000      0.000
                                   Charge sum:  0.000           Momentum sum:      0.000      0.000      3.000     11.000     10.583

 --------  End PYTHIA Event Listing  -----------------------------------------------------------------------------------------------
 PYTHIA Warning in TauDecays::decay: unknown correlated tau production, assuming from unpolarized photon  
 PYTHIA Warning in PhaseSpace2to2tauyz::trialKin: maximum for cross section violated  

 *-------  PYTHIA Event and Cross Section Statistics  -------------------------------------------------------------*
 |                                                                                                                 |
 | Subprocess                                    Code |            Number of events       |      sigma +- delta    |
 |                                                    |       Tried   Selected   Accepted |     (estimated) (mb)   |
 |                                                    |                                   |                        |
 |-----------------------------------------------------------------------------------------------------------------|
 |                                                    |                                   |                        |
 | f fbar -> f' fbar' (s-channel gamma*)          223 |      236205      10000      10000 |   5.999e-06  3.094e-08 |
 |                                                    |                                   |                        |
 | sum                                                |      236205      10000      10000 |   5.999e-06  3.094e-08 |
 |                                                                                                                 |
 *-------  End PYTHIA Event and Cross Section Statistics ----------------------------------------------------------*

 *-------  PYTHIA Error and Warning Messages Statistics  ----------------------------------------------------------* 
 |                                                                                                                 | 
 |  times   message                                                                                                | 
 |                                                                                                                 | 
 |    106   Warning in PhaseSpace2to2tauyz::trialKin: maximum for cross section violated                           | 
 |   1470   Warning in TauDecays::decay: unknown correlated tau production, assuming from unpolarized photon       | 
 |                                                                                                                 | 
 *-------  End PYTHIA Error and Warning Messages Statistics  ------------------------------------------------------* 
Gammatau2xmu: 0.000e+00

Gammatau2xe: 1.042e-21

BRtau2xmu: 0.000e+00

BRtau2xe: 4.599e-10

produced tau excluding those daughters are also tau lepton: 2.940e+03
produced X: 2.940e+03
produced X/NMC: 2.940e-01

Proportion of X flying forward (eta>0): 6.150e-01
Proportion of X flying backward (eta<0): 3.850e-01

Total Gamma [GeV]: 1.464e-15
ctau [m]: 1.348e-01

Gammax2tautau: 0.000e+00

Gammax2mumu: 0.000e+00

Gammax2ee: 1.464e-15

Gammax2gmgm: 0.000e+00

BRx2tautau: 0.000e+00

BRx2mumu: 0.000e+00

BRx2ee: 1.000e+00

BRx2gmgm: 0.000e+00

X: insideFidVol: 1.594e+03
observedX: 1.608e+03
visibleX: 1.608e+02

X Observed Fiducial efficiency: 5.468e-01
X Visible Fiducial efficiency: 5.468e-02

reallyProduced tau: 9.200e+10
total number of tau-tau events: 4.600e+10

reallyProducedX: 1.490e+01
reallyobservedX: 8.146e+00
reallyvisibleX: 8.146e-01

