mX:  0.01639
g_AB_Lamb:  8e-08
g_CC_Lamb:  8e-08
NMC 10000

 *-------  PYTHIA Process Initialization  --------------------------*
 |                                                                  |
 | We collide e- with e+ at a CM energy of 1.058e+01 GeV            |
 |                                                                  |
 |------------------------------------------------------------------|
 |                                                    |             |
 | Subprocess                                    Code |   Estimated |
 |                                                    |    max (mb) |
 |                                                    |             |
 |------------------------------------------------------------------|
 |                                                    |             |
 | f fbar -> f' fbar' (s-channel gamma*)          223 |   1.789e-04 |
 |                                                                  |
 *-------  End PYTHIA Process Initialization -----------------------*

 *-------  PYTHIA Flag + Mode + Parm + Word + FVec + MVec + PVec + WVec Settings (changes only)  ------------------* 
 |                                                                                                                 | 
 | Name                                          |                      Now |      Default         Min         Max | 
 |                                               |                          |                                      | 
 | Beams:eA                                      |                  7.00000 |     7000.000         0.0             | 
 | Beams:eB                                      |                  4.00000 |     7000.000         0.0             | 
 | Beams:frameType                               |                        2 |            1           1           5 | 
 | Beams:idA                                     |                       11 |         2212                         | 
 | Beams:idB                                     |                      -11 |         2212                         | 
 | HadronLevel:Hadronize                         |                      off |           on                         | 
 | Next:numberCount                              |                    10000 |         1000           0             | 
 | PartonLevel:MPI                               |                      off |           on                         | 
 | Random:seed                                   |                        0 |           -1               900000000 | 
 | Random:setSeed                                |                       on |          off                         | 
 | WeakSingleBoson:ffbar2ffbar(s:gm)             |                       on |          off                         | 
 |                                                                                                                 | 
 *-------  End PYTHIA Flag + Mode + Parm + Word + FVec + MVec + PVec + WVec Settings  -----------------------------* 

 --------  PYTHIA Particle Data Table (changed only)  ------------------------------------------------------------------------------
 
      id   name            antiName         spn chg col      m0        mWidth      mMin       mMax       tau0    res dec ext vis wid
             no onMode   bRatio   meMode     products 

      15  tau-             tau+               2  -3   0    1.77682    0.00000    0.00000    0.00000  8.71100e-02   0   1   0   1   0
              0     1   0.0006229  103       36       13 
              1     1   0.0006296  103       36       11 

      36  x                                   1   0   0  1.639e-02  0.000e+00  0.000e+00  0.000e+00  7.07007e+08   0   1   0   0   0
              0     1   0.0000000  103       15      -15 
              1     1   0.0000000  103       13      -13 
              2     1   1.0000000  103       11      -11 
              3     1   0.0000000  103       22       22 

 --------  End PYTHIA Particle Data Table  -----------------------------------------------------------------------------------------


 --------  PYTHIA Info Listing  ---------------------------------------- 
 
 Beam A: id =     11, pz =  5.292e+00, e =  5.292e+00, m =  5.110e-04.
 Beam B: id =    -11, pz = -5.292e+00, e =  5.292e+00, m =  5.110e-04.

 In 1: id =   11, x =  1.000e+00, pdf =  1.295e+07 at Q2 =  1.120e+02.
 In 2: id =  -11, x =  1.000e+00, pdf =  3.559e+06 at same Q2.

 Subprocess f fbar -> f' fbar' (s-channel gamma*) with code 223 is 2 -> 2.
 It has sHat =  1.120e+02,    tHat = -1.459e+01,    uHat = -9.741e+01,
       pTHat =  3.555e+00,   m3Hat =  3.300e-01,   m4Hat =  3.300e-01,
    thetaHat =  7.385e-01,  phiHat =  4.205e+00.
     alphaEM =  7.631e-03,  alphaS =  1.975e-01    at Q2 =  1.120e+02.

 Impact parameter b =  0.000e+00 gives enhancement factor =  1.000e+00.
 Max pT scale for MPI =  1.058e+01, ISR =  1.058e+01, FSR =  1.058e+01.
 Number of MPI =     1, ISR =     0, FSRproc =     5, FSRreson =     0.

 --------  End PYTHIA Info Listing  ------------------------------------

 --------  PYTHIA Event Listing  (hard process)  -----------------------------------------------------------------------------------
 
    no         id  name            status     mothers   daughters     colours      p_x        p_y        p_z         e          m 
     0         90  (system)           -11     0     0     0     0     0     0      0.000      0.000      3.000     11.000     10.583
     1         11  (e-)               -12     0     0     3     0     0     0      0.000      0.000      7.000      7.000      0.001
     2        -11  (e+)               -12     0     0     4     0     0     0      0.000      0.000     -4.000      4.000      0.001
     3         11  (e-)               -21     1     0     5     6     0     0      0.000      0.000      7.000      7.000      0.000
     4        -11  (e+)               -21     2     0     5     6     0     0      0.000      0.000     -4.000      4.000      0.000
     5          1  d                   23     3     4     0     0   101     0     -1.726     -3.108      5.559      6.607      0.330
     6         -1  dbar                23     3     4     0     0     0   101      1.726      3.108     -2.559      4.393      0.330
                                   Charge sum:  0.000           Momentum sum:      0.000      0.000      3.000     11.000     10.583

 --------  End PYTHIA Event Listing  -----------------------------------------------------------------------------------------------

 --------  PYTHIA Event Listing  (complete event)  ---------------------------------------------------------------------------------
 
    no         id  name            status     mothers   daughters     colours      p_x        p_y        p_z         e          m 
     0         90  (system)           -11     0     0     0     0     0     0      0.000      0.000      3.000     11.000     10.583
     1         11  (e-)               -12     0     0    22     0     0     0      0.000      0.000      7.000      7.000      0.001
     2        -11  (e+)               -12     0     0    23     0     0     0      0.000      0.000     -4.000      4.000      0.001
     3         11  (e-)               -21    22    22     5     6     0     0      0.000      0.000      7.000      7.000      0.000
     4        -11  (e+)               -21    23    23     5     6     0     0      0.000      0.000     -4.000      4.000      0.000
     5          1  (d)                -23     3     4     9     9   101     0     -1.726     -3.108      5.559      6.607      0.330
     6         -1  (dbar)             -23     3     4     7     8     0   101      1.726      3.108     -2.559      4.393      0.330
     7         -1  (dbar)             -51     6     0    18    18     0   102      0.190      1.943     -2.223      2.977      0.330
     8         21  (g)                -51     6     0    12    12   102   101      1.446      1.003     -0.045      1.760      0.000
     9          1  (d)                -52     5     5    10    11   101     0     -1.636     -2.945      5.269      6.263      0.330
    10          1  (d)                -51     9     0    19    20   103     0     -0.821     -0.647      0.587      1.244      0.330
    11         21  (g)                -51     9     0    15    15   101   103     -0.661     -2.191      4.677      5.207      0.000
    12         21  (g)                -52     8     8    13    14   102   101      1.292      0.896     -0.041      1.573      0.000
    13         21  (g)                -51    12     0    16    17   102   104      1.128      0.652      0.982      1.632      0.000
    14         21  (g)                -51    12     0    28    28   104   101      0.091      0.002     -0.507      0.515      0.000
    15         21  (g)                -52    11    11    21    21   101   103     -0.588     -1.949      4.161      4.632      0.000
    16         21  (g)                -51    13     0    26    26   105   104      0.339      1.167      0.608      1.359      0.000
    17         21  (g)                -51    13     0    29    29   102   105      0.821     -0.147     -0.054      0.835      0.000
    18         -1  (dbar)             -52     7     7    25    25     0   102      0.158      1.574     -1.794      2.414      0.330
    19          1  (d)                -51    10     0    24    24   106     0     -0.812     -0.692      0.589      1.263      0.330
    20         21  (g)                -51    10     0    30    30   103   106     -0.315     -0.972      2.167      2.396      0.000
    21         21  (g)                -52    15    15    27    27   101   103     -0.282     -0.933      1.992      2.218      0.000
    22         11  (e-)               -61     1     0     3     3     0     0      0.000      0.000      7.000      7.000      0.000
    23        -11  (e+)               -61     2     0     4     4     0     0      0.000      0.000     -4.000      4.000      0.000
    24          1  d                   62    19    19     0     0   106     0     -0.812     -0.692      0.589      1.263      0.330
    25         -1  dbar                62    18    18     0     0     0   102      0.158      1.574     -1.794      2.414      0.330
    26         21  g                   62    16    16     0     0   105   104      0.339      1.167      0.608      1.359      0.000
    27         21  g                   62    21    21     0     0   101   103     -0.282     -0.933      1.992      2.218      0.000
    28         21  g                   62    14    14     0     0   104   101      0.091      0.002     -0.507      0.515      0.000
    29         21  g                   62    17    17     0     0   102   105      0.821     -0.147     -0.054      0.835      0.000
    30         21  g                   62    20    20     0     0   103   106     -0.315     -0.972      2.167      2.396      0.000
    31         22  gamma               63     1     0     0     0     0     0      0.000      0.000      0.000      0.000      0.000
    32         22  gamma               63     2     0     0     0     0     0      0.000      0.000     -0.000      0.000      0.000
                                   Charge sum:  0.000           Momentum sum:      0.000     -0.000      3.000     11.000     10.583

 --------  End PYTHIA Event Listing  -----------------------------------------------------------------------------------------------
 PYTHIA Warning in TauDecays::decay: unknown correlated tau production, assuming from unpolarized photon  

 *-------  PYTHIA Event and Cross Section Statistics  -------------------------------------------------------------*
 |                                                                                                                 |
 | Subprocess                                    Code |            Number of events       |      sigma +- delta    |
 |                                                    |       Tried   Selected   Accepted |     (estimated) (mb)   |
 |                                                    |                                   |                        |
 |-----------------------------------------------------------------------------------------------------------------|
 |                                                    |                                   |                        |
 | f fbar -> f' fbar' (s-channel gamma*)          223 |      294769      10000      10000 |   6.031e-06  2.832e-08 |
 |                                                    |                                   |                        |
 | sum                                                |      294769      10000      10000 |   6.031e-06  2.832e-08 |
 |                                                                                                                 |
 *-------  End PYTHIA Event and Cross Section Statistics ----------------------------------------------------------*

 *-------  PYTHIA Error and Warning Messages Statistics  ----------------------------------------------------------* 
 |                                                                                                                 | 
 |  times   message                                                                                                | 
 |                                                                                                                 | 
 |   1438   Warning in TauDecays::decay: unknown correlated tau production, assuming from unpolarized photon       | 
 |                                                                                                                 | 
 *-------  End PYTHIA Error and Warning Messages Statistics  ------------------------------------------------------* 
Gammatau2xmu: 1.413e-15

Gammatau2xe: 1.428e-15

BRtau2xmu: 6.229e-04

BRtau2xe: 6.296e-04

produced tau excluding those daughters are also tau lepton: 2.876e+03
produced X: 2.876e+03
produced X/NMC: 2.876e-01

Proportion of X flying forward (eta>0): 6.207e-01
Proportion of X flying backward (eta<0): 3.793e-01

Total Gamma [GeV]: 2.791e-22
ctau [m]: 7.070e+05

Gammax2tautau: 0.000e+00

Gammax2mumu: 0.000e+00

Gammax2ee: 2.791e-22

Gammax2gmgm: 0.000e+00

BRx2tautau: 0.000e+00

BRx2mumu: 0.000e+00

BRx2ee: 1.000e+00

BRx2gmgm: 0.000e+00

X: insideFidVol: 0.000e+00
observedX: 3.641e-05
visibleX: 3.641e-06

X Observed Fiducial efficiency: 1.266e-08
X Visible Fiducial efficiency: 1.266e-09

reallyProduced tau: 9.200e+10
total number of tau-tau events: 4.600e+10

reallyProducedX: 4.057e+07
reallyobservedX: 5.137e-01
reallyvisibleX: 5.137e-02

