mX:  1.0849
g_AB_Lamb:  0.0015
g_CC_Lamb:  0.0015
NMC 10000

 *-------  PYTHIA Process Initialization  --------------------------*
 |                                                                  |
 | We collide e- with e+ at a CM energy of 1.058e+01 GeV            |
 |                                                                  |
 |------------------------------------------------------------------|
 |                                                    |             |
 | Subprocess                                    Code |   Estimated |
 |                                                    |    max (mb) |
 |                                                    |             |
 |------------------------------------------------------------------|
 |                                                    |             |
 | f fbar -> f' fbar' (s-channel gamma*)          223 |   1.531e-04 |
 |                                                                  |
 *-------  End PYTHIA Process Initialization -----------------------*

 *-------  PYTHIA Flag + Mode + Parm + Word + FVec + MVec + PVec + WVec Settings (changes only)  ------------------* 
 |                                                                                                                 | 
 | Name                                          |                      Now |      Default         Min         Max | 
 |                                               |                          |                                      | 
 | Beams:eA                                      |                  7.00000 |     7000.000         0.0             | 
 | Beams:eB                                      |                  4.00000 |     7000.000         0.0             | 
 | Beams:frameType                               |                        2 |            1           1           5 | 
 | Beams:idA                                     |                       11 |         2212                         | 
 | Beams:idB                                     |                      -11 |         2212                         | 
 | HadronLevel:Hadronize                         |                      off |           on                         | 
 | Next:numberCount                              |                    10000 |         1000           0             | 
 | PartonLevel:MPI                               |                      off |           on                         | 
 | Random:seed                                   |                        0 |           -1               900000000 | 
 | Random:setSeed                                |                       on |          off                         | 
 | WeakSingleBoson:ffbar2ffbar(s:gm)             |                       on |          off                         | 
 |                                                                                                                 | 
 *-------  End PYTHIA Flag + Mode + Parm + Word + FVec + MVec + PVec + WVec Settings  -----------------------------* 

 --------  PYTHIA Particle Data Table (changed only)  ------------------------------------------------------------------------------
 
      id   name            antiName         spn chg col      m0        mWidth      mMin       mMax       tau0    res dec ext vis wid
             no onMode   bRatio   meMode     products 

      15  tau-             tau+               2  -3   0    1.77682    0.00000    0.00000    0.00000  8.71100e-02   0   1   0   1   0
              0     1   0.4935160  103       36       13 
              1     1   0.5064780  103       36       11 

      36  x                                   1   0   0    1.08490    0.00000    0.00000    0.00000  2.24769e-06   0   1   0   0   0
              0     1   0.0000000  103       15      -15 
              1     1   0.9950930  103       13      -13 
              2     1   0.0049066  103       11      -11 
              3     1   0.0000000  103       22       22 

 --------  End PYTHIA Particle Data Table  -----------------------------------------------------------------------------------------

 PYTHIA Warning in TauDecays::decay: unknown correlated tau production, assuming from unpolarized photon  

 --------  PYTHIA Info Listing  ---------------------------------------- 
 
 Beam A: id =     11, pz =  5.292e+00, e =  5.292e+00, m =  5.110e-04.
 Beam B: id =    -11, pz = -5.292e+00, e =  5.292e+00, m =  5.110e-04.

 In 1: id =   11, x =  9.921e-01, pdf =  4.541e+00 at Q2 =  1.111e+02.
 In 2: id =  -11, x =  1.000e+00, pdf =  2.218e+06 at same Q2.

 Subprocess f fbar -> f' fbar' (s-channel gamma*) with code 223 is 2 -> 2.
 It has sHat =  1.111e+02,    tHat = -8.684e+00,    uHat = -1.024e+02,
       pTHat =  2.664e+00,   m3Hat =  1.777e+00,   m4Hat =  1.777e+00,
    thetaHat =  5.667e-01,  phiHat =  2.843e+00.
     alphaEM =  7.631e-03,  alphaS =  1.976e-01    at Q2 =  1.111e+02.

 Impact parameter b =  0.000e+00 gives enhancement factor =  1.000e+00.
 Max pT scale for MPI =  1.058e+01, ISR =  1.058e+01, FSR =  1.058e+01.
 Number of MPI =     1, ISR =     1, FSRproc =     0, FSRreson =     0.

 --------  End PYTHIA Info Listing  ------------------------------------

 --------  PYTHIA Event Listing  (hard process)  -----------------------------------------------------------------------------------
 
    no         id  name            status     mothers   daughters     colours      p_x        p_y        p_z         e          m 
     0         90  (system)           -11     0     0     0     0     0     0      0.000      0.000      3.000     11.000     10.583
     1         11  (e-)               -12     0     0     3     0     0     0      0.000      0.000      7.000      7.000      0.001
     2        -11  (e+)               -12     0     0     4     0     0     0      0.000      0.000     -4.000      4.000      0.001
     3         11  (e-)               -21     1     0     5     6     0     0      0.000      0.000      6.944      6.944      0.000
     4        -11  (e+)               -21     2     0     5     6     0     0      0.000      0.000     -4.000      4.000      0.000
     5         15  tau-                23     3     4     0     0     0     0     -2.546      0.783      5.819      6.642      1.777
     6        -15  tau+                23     3     4     0     0     0     0      2.546     -0.783     -2.874      4.303      1.777
                                   Charge sum:  0.000           Momentum sum:      0.000      0.000      2.944     10.944     10.541

 --------  End PYTHIA Event Listing  -----------------------------------------------------------------------------------------------

 --------  PYTHIA Event Listing  (complete event)  ---------------------------------------------------------------------------------
 
    no         id  name            status     mothers   daughters     colours      p_x        p_y        p_z         e          m 
     0         90  (system)           -11     0     0     0     0     0     0      0.000      0.000      3.000     11.000     10.583
     1         11  (e-)               -12     0     0    12     0     0     0      0.000      0.000      7.000      7.000      0.001
     2        -11  (e+)               -12     0     0    13     0     0     0      0.000      0.000     -4.000      4.000      0.001
     3         11  (e-)               -21     7     0     5     6     0     0      0.000      0.000      6.944      6.944      0.000
     4        -11  (e+)               -21     8     8     5     6     0     0      0.000      0.000     -4.000      4.000      0.000
     5         15  (tau-)             -23     3     4     9     9     0     0     -2.546      0.783      5.819      6.642      1.777
     6        -15  (tau+)             -23     3     4    10    10     0     0      2.546     -0.783     -2.874      4.303      1.777
     7         11  (e-)               -41    12    12    11     3     0     0      0.000     -0.000      7.000      7.000      0.000
     8        -11  (e+)               -42    13    13     4     4     0     0      0.000     -0.000     -4.000      4.000      0.000
     9         15  (tau-)             -44     5     5    14    14     0     0     -2.550      0.794      5.819      6.644      1.777
    10        -15  (tau+)             -44     6     6    15    15     0     0      2.546     -0.781     -2.872      4.301      1.777
    11         22  (gamma)            -43     7     0    16    16     0     0      0.004     -0.013      0.053      0.055      0.000
    12         11  (e-)               -61     1     0     7     7     0     0      0.000     -0.000      7.000      7.000      0.000
    13        -11  (e+)               -61     2     0     8     8     0     0      0.000     -0.000     -4.000      4.000      0.000
    14         15  (tau-)             -62     9     9    19    20     0     0     -2.550      0.794      5.819      6.644      1.777
    15        -15  (tau+)             -62    10    10    21    22     0     0      2.546     -0.781     -2.872      4.301      1.777
    16         22  gamma               62    11    11     0     0     0     0      0.004     -0.013      0.053      0.055      0.000
    17         22  gamma               63     1     0     0     0     0     0      0.000      0.000      0.000      0.000      0.000
    18         22  gamma               63     2     0     0     0     0     0      0.000      0.000     -0.000      0.000      0.000
    19         36  (x)                -91    14     0    23    24     0     0     -1.070      0.789      2.883      3.355      1.085
    20         13  mu-                 91    14     0     0     0     0     0     -1.480      0.005      2.935      3.289      0.106
    21         36  (x)                -91    15     0    25    26     0     0      1.104     -0.812     -1.752      2.475      1.085
    22        -11  e+                  91    15     0     0     0     0     0      1.441      0.031     -1.120      1.825      0.001
    23         13  mu-                 91    19     0     0     0     0     0     -0.477      0.753      0.857      1.241      0.106
    24        -13  mu+                 91    19     0     0     0     0     0     -0.593      0.036      2.026      2.114      0.106
    25         13  mu-                 91    21     0     0     0     0     0     -0.072     -0.044     -0.709      0.722      0.106
    26        -13  mu+                 91    21     0     0     0     0     0      1.177     -0.769     -1.043      1.754      0.106
                                   Charge sum:  0.000           Momentum sum:     -0.000      0.000      3.000     11.000     10.583

 --------  End PYTHIA Event Listing  -----------------------------------------------------------------------------------------------
 PYTHIA Warning in PhaseSpace2to2tauyz::trialKin: maximum for cross section violated  

 *-------  PYTHIA Event and Cross Section Statistics  -------------------------------------------------------------*
 |                                                                                                                 |
 | Subprocess                                    Code |            Number of events       |      sigma +- delta    |
 |                                                    |       Tried   Selected   Accepted |     (estimated) (mb)   |
 |                                                    |                                   |                        |
 |-----------------------------------------------------------------------------------------------------------------|
 |                                                    |                                   |                        |
 | f fbar -> f' fbar' (s-channel gamma*)          223 |      259446      10000      10000 |   5.933e-06  2.922e-08 |
 |                                                    |                                   |                        |
 | sum                                                |      259446      10000      10000 |   5.933e-06  2.922e-08 |
 |                                                                                                                 |
 *-------  End PYTHIA Event and Cross Section Statistics ----------------------------------------------------------*

 *-------  PYTHIA Error and Warning Messages Statistics  ----------------------------------------------------------* 
 |                                                                                                                 | 
 |  times   message                                                                                                | 
 |                                                                                                                 | 
 |     14   Warning in PhaseSpace2to2tauyz::trialKin: maximum for cross section violated                           | 
 |   1493   Warning in TauDecays::decay: unknown correlated tau production, assuming from unpolarized photon       | 
 |                                                                                                                 | 
 *-------  End PYTHIA Error and Warning Messages Statistics  ------------------------------------------------------* 
Gammatau2xmu: 1.925e-07

Gammatau2xe: 1.976e-07

BRtau2xmu: 4.935e-01

BRtau2xe: 5.065e-01

produced tau excluding those daughters are also tau lepton: 2.986e+03
produced X: 2.986e+03
produced X/NMC: 2.986e-01

Proportion of X flying forward (eta>0): 6.162e-01
Proportion of X flying backward (eta<0): 3.838e-01

Total Gamma [GeV]: 8.779e-08
ctau [m]: 2.248e-09

Gammax2tautau: 0.000e+00

Gammax2mumu: 8.736e-08

Gammax2ee: 4.308e-10

Gammax2gmgm: 0.000e+00

BRx2tautau: 0.000e+00

BRx2mumu: 9.951e-01

BRx2ee: 4.907e-03

BRx2gmgm: 0.000e+00

X: insideFidVol: 0.000e+00
observedX: 0.000e+00
visibleX: 0.000e+00

X Observed Fiducial efficiency: 0.000e+00
X Visible Fiducial efficiency: 0.000e+00

reallyProduced tau: 9.200e+10
total number of tau-tau events: 4.600e+10

reallyProducedX: 3.239e+10
reallyobservedX: 0.000e+00
reallyvisibleX: 0.000e+00

