mX:  0.702345
g_AB_Lamb:  2e-09
g_CC_Lamb:  2e-09
NMC 10000

 *-------  PYTHIA Process Initialization  --------------------------*
 |                                                                  |
 | We collide e- with e+ at a CM energy of 1.058e+01 GeV            |
 |                                                                  |
 |------------------------------------------------------------------|
 |                                                    |             |
 | Subprocess                                    Code |   Estimated |
 |                                                    |    max (mb) |
 |                                                    |             |
 |------------------------------------------------------------------|
 |                                                    |             |
 | f fbar -> f' fbar' (s-channel gamma*)          223 |   1.420e-04 |
 |                                                                  |
 *-------  End PYTHIA Process Initialization -----------------------*

 *-------  PYTHIA Flag + Mode + Parm + Word + FVec + MVec + PVec + WVec Settings (changes only)  ------------------* 
 |                                                                                                                 | 
 | Name                                          |                      Now |      Default         Min         Max | 
 |                                               |                          |                                      | 
 | Beams:eA                                      |                  7.00000 |     7000.000         0.0             | 
 | Beams:eB                                      |                  4.00000 |     7000.000         0.0             | 
 | Beams:frameType                               |                        2 |            1           1           5 | 
 | Beams:idA                                     |                       11 |         2212                         | 
 | Beams:idB                                     |                      -11 |         2212                         | 
 | HadronLevel:Hadronize                         |                      off |           on                         | 
 | Next:numberCount                              |                    10000 |         1000           0             | 
 | PartonLevel:MPI                               |                      off |           on                         | 
 | Random:seed                                   |                        0 |           -1               900000000 | 
 | Random:setSeed                                |                       on |          off                         | 
 | WeakSingleBoson:ffbar2ffbar(s:gm)             |                       on |          off                         | 
 |                                                                                                                 | 
 *-------  End PYTHIA Flag + Mode + Parm + Word + FVec + MVec + PVec + WVec Settings  -----------------------------* 

 --------  PYTHIA Particle Data Table (changed only)  ------------------------------------------------------------------------------
 
      id   name            antiName         spn chg col      m0        mWidth      mMin       mMax       tau0    res dec ext vis wid
             no onMode   bRatio   meMode     products 

      15  tau-             tau+               2  -3   0    1.77682    0.00000    0.00000    0.00000  8.71100e-02   0   1   0   1   0
              0     1   0.0000003  103       36       13 
              1     1   0.0000003  103       36       11 

      36  x                                   1   0   0    0.70234    0.00000    0.00000    0.00000  3.10227e+06   0   1   0   0   0
              0     1   0.0000000  103       15      -15 
              1     1   0.9949540  103       13      -13 
              2     1   0.0050457  103       11      -11 
              3     1   0.0000000  103       22       22 

 --------  End PYTHIA Particle Data Table  -----------------------------------------------------------------------------------------

 PYTHIA Warning in TauDecays::decay: unknown correlated tau production, assuming from unpolarized photon  

 --------  PYTHIA Info Listing  ---------------------------------------- 
 
 Beam A: id =     11, pz =  5.292e+00, e =  5.292e+00, m =  5.110e-04.
 Beam B: id =    -11, pz = -5.292e+00, e =  5.292e+00, m =  5.110e-04.

 In 1: id =   11, x =  1.000e+00, pdf =  1.133e+08 at Q2 =  6.404e+01.
 In 2: id =  -11, x =  5.718e-01, pdf =  3.779e-02 at same Q2.

 Subprocess f fbar -> f' fbar' (s-channel gamma*) with code 223 is 2 -> 2.
 It has sHat =  6.404e+01,    tHat = -7.362e+00,    uHat = -5.668e+01,
       pTHat =  2.287e+00,   m3Hat =  1.777e+00,   m4Hat =  1.777e+00,
    thetaHat =  6.918e-01,  phiHat =  2.885e+00.
     alphaEM =  7.608e-03,  alphaS =  2.117e-01    at Q2 =  6.404e+01.

 Impact parameter b =  0.000e+00 gives enhancement factor =  1.000e+00.
 Max pT scale for MPI =  1.058e+01, ISR =  1.058e+01, FSR =  1.058e+01.
 Number of MPI =     1, ISR =     1, FSRproc =     0, FSRreson =     0.

 --------  End PYTHIA Info Listing  ------------------------------------

 --------  PYTHIA Event Listing  (hard process)  -----------------------------------------------------------------------------------
 
    no         id  name            status     mothers   daughters     colours      p_x        p_y        p_z         e          m 
     0         90  (system)           -11     0     0     0     0     0     0      0.000      0.000      3.000     11.000     10.583
     1         11  (e-)               -12     0     0     3     0     0     0      0.000      0.000      7.000      7.000      0.001
     2        -11  (e+)               -12     0     0     4     0     0     0      0.000      0.000     -4.000      4.000      0.001
     3         11  (e-)               -21     1     0     5     6     0     0      0.000      0.000      7.000      7.000      0.000
     4        -11  (e+)               -21     2     0     5     6     0     0      0.000      0.000     -2.287      2.287      0.000
     5         15  tau-                23     3     4     0     0     0     0     -2.212      0.582      5.561      6.270      1.777
     6        -15  tau+                23     3     4     0     0     0     0      2.212     -0.582     -0.848      3.018      1.777
                                   Charge sum:  0.000           Momentum sum:      0.000      0.000      4.713      9.287      8.003

 --------  End PYTHIA Event Listing  -----------------------------------------------------------------------------------------------

 --------  PYTHIA Event Listing  (complete event)  ---------------------------------------------------------------------------------
 
    no         id  name            status     mothers   daughters     colours      p_x        p_y        p_z         e          m 
     0         90  (system)           -11     0     0     0     0     0     0      0.000      0.000      3.000     11.000     10.583
     1         11  (e-)               -12     0     0    12     0     0     0      0.000      0.000      7.000      7.000      0.001
     2        -11  (e+)               -12     0     0    13     0     0     0      0.000      0.000     -4.000      4.000      0.001
     3         11  (e-)               -21     7     7     5     6     0     0      0.000      0.000      7.000      7.000      0.000
     4        -11  (e+)               -21     8     0     5     6     0     0      0.000      0.000     -2.287      2.287      0.000
     5         15  (tau-)             -23     3     4     9     9     0     0     -2.212      0.582      5.561      6.270      1.777
     6        -15  (tau+)             -23     3     4    10    10     0     0      2.212     -0.582     -0.848      3.018      1.777
     7         11  (e-)               -42    12    12     3     3     0     0     -0.000     -0.000      7.000      7.000      0.000
     8        -11  (e+)               -41    13    13    11     4     0     0      0.000      0.000     -4.000      4.000      0.000
     9         15  (tau-)             -44     5     5    14    14     0     0     -2.212      0.582      5.560      6.269      1.777
    10        -15  (tau+)             -44     6     6    15    15     0     0      2.213     -0.581     -0.847      3.018      1.777
    11         22  (gamma)            -43     8     0    16    16     0     0     -0.002     -0.001     -1.713      1.713      0.000
    12         11  (e-)               -61     1     0     7     7     0     0     -0.000      0.000      7.000      7.000      0.000
    13        -11  (e+)               -61     2     0     8     8     0     0      0.000     -0.000     -4.000      4.000      0.000
    14         15  (tau-)             -62     9     9    21    22     0     0     -2.212      0.582      5.560      6.269      1.777
    15        -15  (tau+)             -62    10    10    19    20     0     0      2.213     -0.581     -0.847      3.018      1.777
    16         22  gamma               62    11    11     0     0     0     0     -0.002     -0.001     -1.713      1.713      0.000
    17         22  gamma               63     1     0     0     0     0     0      0.000      0.000      0.000      0.000      0.000
    18         22  gamma               63     2     0     0     0     0     0      0.000      0.000     -0.000      0.000      0.000
    19         36  (x)                -91    15     0    23    24     0     0      0.681      0.391     -0.519      1.174      0.702
    20        -11  e+                  91    15     0     0     0     0     0      1.533     -0.972     -0.328      1.844      0.001
    21         36  (x)                -91    14     0    25    26     0     0     -0.849     -0.082      1.102      1.561      0.702
    22         11  e-                  91    14     0     0     0     0     0     -1.363      0.664      4.457      4.708      0.001
    23         13  mu-                 91    19     0     0     0     0     0      0.257      0.392     -0.557      0.736      0.106
    24        -13  mu+                 91    19     0     0     0     0     0      0.423     -0.001      0.038      0.438      0.106
    25         13  mu-                 91    21     0     0     0     0     0     -0.864     -0.223      1.037      1.372      0.106
    26        -13  mu+                 91    21     0     0     0     0     0      0.015      0.141      0.065      0.189      0.106
                                   Charge sum:  0.000           Momentum sum:      0.000      0.000      3.000     11.000     10.583

 --------  End PYTHIA Event Listing  -----------------------------------------------------------------------------------------------
 PYTHIA Warning in PhaseSpace2to2tauyz::trialKin: maximum for cross section violated  

 *-------  PYTHIA Event and Cross Section Statistics  -------------------------------------------------------------*
 |                                                                                                                 |
 | Subprocess                                    Code |            Number of events       |      sigma +- delta    |
 |                                                    |       Tried   Selected   Accepted |     (estimated) (mb)   |
 |                                                    |                                   |                        |
 |-----------------------------------------------------------------------------------------------------------------|
 |                                                    |                                   |                        |
 | f fbar -> f' fbar' (s-channel gamma*)          223 |      234949      10000      10000 |   5.980e-06  3.009e-08 |
 |                                                    |                                   |                        |
 | sum                                                |      234949      10000      10000 |   5.980e-06  3.009e-08 |
 |                                                                                                                 |
 *-------  End PYTHIA Event and Cross Section Statistics ----------------------------------------------------------*

 *-------  PYTHIA Error and Warning Messages Statistics  ----------------------------------------------------------* 
 |                                                                                                                 | 
 |  times   message                                                                                                | 
 |                                                                                                                 | 
 |     39   Warning in PhaseSpace2to2tauyz::trialKin: maximum for cross section violated                           | 
 |   1500   Warning in TauDecays::decay: unknown correlated tau production, assuming from unpolarized photon       | 
 |                                                                                                                 | 
 *-------  End PYTHIA Error and Warning Messages Statistics  ------------------------------------------------------* 
Gammatau2xmu: 6.263e-19

Gammatau2xe: 6.356e-19

BRtau2xmu: 2.764e-07

BRtau2xe: 2.805e-07

produced tau excluding those daughters are also tau lepton: 3.000e+03
produced X: 3.000e+03
produced X/NMC: 3.000e-01

Proportion of X flying forward (eta>0): 6.317e-01
Proportion of X flying backward (eta<0): 3.683e-01

Total Gamma [GeV]: 6.361e-20
ctau [m]: 3.102e+03

Gammax2tautau: 0.000e+00

Gammax2mumu: 6.329e-20

Gammax2ee: 3.209e-22

Gammax2gmgm: 0.000e+00

BRx2tautau: 0.000e+00

BRx2mumu: 9.950e-01

BRx2ee: 5.046e-03

BRx2gmgm: 0.000e+00

X: insideFidVol: 0.000e+00
observedX: 2.338e-01
visibleX: 2.338e-02

X Observed Fiducial efficiency: 7.792e-05
X Visible Fiducial efficiency: 7.792e-06

reallyProduced tau: 9.200e+10
total number of tau-tau events: 4.600e+10

reallyProducedX: 1.804e+04
reallyobservedX: 1.406e+00
reallyvisibleX: 1.406e-01

