mX:  0.0295815
g_AB_Lamb:  3e-08
g_CC_Lamb:  3e-08
NMC 10000

 *-------  PYTHIA Process Initialization  --------------------------*
 |                                                                  |
 | We collide e- with e+ at a CM energy of 1.058e+01 GeV            |
 |                                                                  |
 |------------------------------------------------------------------|
 |                                                    |             |
 | Subprocess                                    Code |   Estimated |
 |                                                    |    max (mb) |
 |                                                    |             |
 |------------------------------------------------------------------|
 |                                                    |             |
 | f fbar -> f' fbar' (s-channel gamma*)          223 |   1.327e-04 |
 |                                                                  |
 *-------  End PYTHIA Process Initialization -----------------------*

 *-------  PYTHIA Flag + Mode + Parm + Word + FVec + MVec + PVec + WVec Settings (changes only)  ------------------* 
 |                                                                                                                 | 
 | Name                                          |                      Now |      Default         Min         Max | 
 |                                               |                          |                                      | 
 | Beams:eA                                      |                  7.00000 |     7000.000         0.0             | 
 | Beams:eB                                      |                  4.00000 |     7000.000         0.0             | 
 | Beams:frameType                               |                        2 |            1           1           5 | 
 | Beams:idA                                     |                       11 |         2212                         | 
 | Beams:idB                                     |                      -11 |         2212                         | 
 | HadronLevel:Hadronize                         |                      off |           on                         | 
 | Next:numberCount                              |                    10000 |         1000           0             | 
 | PartonLevel:MPI                               |                      off |           on                         | 
 | Random:seed                                   |                        0 |           -1               900000000 | 
 | Random:setSeed                                |                       on |          off                         | 
 | WeakSingleBoson:ffbar2ffbar(s:gm)             |                       on |          off                         | 
 |                                                                                                                 | 
 *-------  End PYTHIA Flag + Mode + Parm + Word + FVec + MVec + PVec + WVec Settings  -----------------------------* 

 --------  PYTHIA Particle Data Table (changed only)  ------------------------------------------------------------------------------
 
      id   name            antiName         spn chg col      m0        mWidth      mMin       mMax       tau0    res dec ext vis wid
             no onMode   bRatio   meMode     products 

      15  tau-             tau+               2  -3   0    1.77682    0.00000    0.00000    0.00000  8.71100e-02   0   1   0   1   0
              0     1   0.0000877  103       36       13 
              1     1   0.0000886  103       36       11 

      36  x                                   1   0   0  2.958e-02  0.000e+00  0.000e+00  0.000e+00  1.54132e+09   0   1   0   0   0
              0     1   0.0000000  103       15      -15 
              1     1   0.0000000  103       13      -13 
              2     1   1.0000000  103       11      -11 
              3     1   0.0000000  103       22       22 

 --------  End PYTHIA Particle Data Table  -----------------------------------------------------------------------------------------


 --------  PYTHIA Info Listing  ---------------------------------------- 
 
 Beam A: id =     11, pz =  5.292e+00, e =  5.292e+00, m =  5.110e-04.
 Beam B: id =    -11, pz = -5.292e+00, e =  5.292e+00, m =  5.110e-04.

 In 1: id =   11, x =  9.979e-01, pdf =  1.652e+01 at Q2 =  1.118e+02.
 In 2: id =  -11, x =  1.000e+00, pdf =  3.160e+03 at same Q2.

 Subprocess f fbar -> f' fbar' (s-channel gamma*) with code 223 is 2 -> 2.
 It has sHat =  1.118e+02,    tHat = -5.447e+01,    uHat = -5.730e+01,
       pTHat =  5.274e+00,   m3Hat =  3.300e-01,   m4Hat =  3.300e-01,
    thetaHat =  1.545e+00,  phiHat =  4.553e+00.
     alphaEM =  7.631e-03,  alphaS =  1.975e-01    at Q2 =  1.118e+02.

 Impact parameter b =  0.000e+00 gives enhancement factor =  1.000e+00.
 Max pT scale for MPI =  1.058e+01, ISR =  1.057e+01, FSR =  1.057e+01.
 Number of MPI =     1, ISR =     1, FSRproc =     4, FSRreson =     0.

 --------  End PYTHIA Info Listing  ------------------------------------

 --------  PYTHIA Event Listing  (hard process)  -----------------------------------------------------------------------------------
 
    no         id  name            status     mothers   daughters     colours      p_x        p_y        p_z         e          m 
     0         90  (system)           -11     0     0     0     0     0     0      0.000      0.000      3.000     11.000     10.583
     1         11  (e-)               -12     0     0     3     0     0     0      0.000      0.000      7.000      7.000      0.001
     2        -11  (e+)               -12     0     0     4     0     0     0      0.000      0.000     -4.000      4.000      0.001
     3         11  (e-)               -21     1     0     5     6     0     0      0.000      0.000      6.985      6.985      0.000
     4        -11  (e+)               -21     2     0     5     6     0     0      0.000      0.000     -4.000      4.000      0.000
     5          2  u                   23     3     4     0     0   101     0     -0.838     -5.207      1.632      5.530      0.330
     6         -2  ubar                23     3     4     0     0     0   101      0.838      5.207      1.354      5.455      0.330
                                   Charge sum:  0.000           Momentum sum:      0.000      0.000      2.985     10.985     10.572

 --------  End PYTHIA Event Listing  -----------------------------------------------------------------------------------------------

 --------  PYTHIA Event Listing  (complete event)  ---------------------------------------------------------------------------------
 
    no         id  name            status     mothers   daughters     colours      p_x        p_y        p_z         e          m 
     0         90  (system)           -11     0     0     0     0     0     0      0.000      0.000      3.000     11.000     10.583
     1         11  (e-)               -12     0     0    28     0     0     0      0.000      0.000      7.000      7.000      0.001
     2        -11  (e+)               -12     0     0    29     0     0     0      0.000      0.000     -4.000      4.000      0.001
     3         11  (e-)               -21    19     0     5     6     0     0      0.000      0.000      6.985      6.985      0.000
     4        -11  (e+)               -21    20    20     5     6     0     0      0.000      0.000     -4.000      4.000      0.000
     5          2  (u)                -23     3     4     7     8   101     0     -0.838     -5.207      1.632      5.530      0.330
     6         -2  (ubar)             -23     3     4     9     9     0   101      0.838      5.207      1.354      5.455      0.330
     7          2  (u)                -51     5     0    10    11   102     0      1.440     -2.947      0.949      3.430      0.330
     8         21  (g)                -51     5     0    12    12   101   102     -2.167     -1.576      0.859      2.814      0.000
     9         -2  (ubar)             -52     6     6    22    22     0   101      0.728      4.523      1.177      4.741      0.330
    10          2  (u)                -51     7     0    13    14   103     0     -0.156      0.129      0.413      0.566      0.330
    11         21  (g)                -51     7     0    15    15   102   103      0.881     -3.596      0.819      3.791      0.000
    12         21  (g)                -52     8     8    16    17   101   102     -1.453     -1.056      0.576      1.886      0.000
    13          2  (u)                -51    10     0    21    21   104     0      0.607     -0.740      0.563      1.158      0.330
    14         21  (g)                -51    10     0    25    25   103   104     -0.497     -0.213      0.097      0.550      0.000
    15         21  (g)                -52    11    11    18    18   102   103      0.616     -2.513      0.573      2.650      0.000
    16         21  (g)                -51    12     0    23    23   101   105     -0.519     -0.893      0.911      1.377      0.000
    17         21  (g)                -51    12     0    26    26   105   102     -0.797     -0.717     -0.209      1.093      0.000
    18         21  (g)                -52    15    15    24    24   102   103      0.480     -1.959      0.446      2.066      0.000
    19         11  (e-)               -41    28    28    27     3     0     0     -0.000      0.000      7.000      7.000      0.000
    20        -11  (e+)               -42    29    29     4     4     0     0      0.000      0.000     -4.000      4.000      0.000
    21          2  (u)                -44    13    13    30    30   104     0      0.606     -0.740      0.564      1.158      0.330
    22         -2  (ubar)             -44     9     9    31    31     0   101      0.724      4.522      1.180      4.741      0.330
    23         21  (g)                -44    16    16    32    32   101   105     -0.521     -0.893      0.911      1.378      0.000
    24         21  (g)                -44    18    18    33    33   102   103      0.478     -1.959      0.447      2.066      0.000
    25         21  (g)                -44    14    14    34    34   103   104     -0.498     -0.213      0.097      0.550      0.000
    26         21  (g)                -44    17    17    35    35   105   102     -0.798     -0.718     -0.209      1.093      0.000
    27         22  (gamma)            -43    19     0    36    36     0     0      0.008      0.002      0.010      0.013      0.000
    28         11  (e-)               -61     1     0    19    19     0     0     -0.000     -0.000      7.000      7.000      0.000
    29        -11  (e+)               -61     2     0    20    20     0     0      0.000      0.000     -4.000      4.000      0.000
    30          2  u                   62    21    21     0     0   104     0      0.606     -0.740      0.564      1.158      0.330
    31         -2  ubar                62    22    22     0     0     0   101      0.724      4.522      1.180      4.741      0.330
    32         21  g                   62    23    23     0     0   101   105     -0.521     -0.893      0.911      1.378      0.000
    33         21  g                   62    24    24     0     0   102   103      0.478     -1.959      0.447      2.066      0.000
    34         21  g                   62    25    25     0     0   103   104     -0.498     -0.213      0.097      0.550      0.000
    35         21  g                   62    26    26     0     0   105   102     -0.798     -0.718     -0.209      1.093      0.000
    36         22  gamma               62    27    27     0     0     0     0      0.008      0.002      0.010      0.013      0.000
    37         22  gamma               63     1     0     0     0     0     0      0.000      0.000      0.000      0.000      0.000
    38         22  gamma               63     2     0     0     0     0     0      0.000      0.000     -0.000      0.000      0.000
                                   Charge sum:  0.000           Momentum sum:     -0.000      0.000      3.000     11.000     10.583

 --------  End PYTHIA Event Listing  -----------------------------------------------------------------------------------------------
 PYTHIA Warning in TauDecays::decay: unknown correlated tau production, assuming from unpolarized photon  
 PYTHIA Warning in PhaseSpace2to2tauyz::trialKin: maximum for cross section violated  

 *-------  PYTHIA Event and Cross Section Statistics  -------------------------------------------------------------*
 |                                                                                                                 |
 | Subprocess                                    Code |            Number of events       |      sigma +- delta    |
 |                                                    |       Tried   Selected   Accepted |     (estimated) (mb)   |
 |                                                    |                                   |                        |
 |-----------------------------------------------------------------------------------------------------------------|
 |                                                    |                                   |                        |
 | f fbar -> f' fbar' (s-channel gamma*)          223 |      223240      10000      10000 |   6.007e-06  3.084e-08 |
 |                                                    |                                   |                        |
 | sum                                                |      223240      10000      10000 |   6.007e-06  3.084e-08 |
 |                                                                                                                 |
 *-------  End PYTHIA Event and Cross Section Statistics ----------------------------------------------------------*

 *-------  PYTHIA Error and Warning Messages Statistics  ----------------------------------------------------------* 
 |                                                                                                                 | 
 |  times   message                                                                                                | 
 |                                                                                                                 | 
 |    138   Warning in PhaseSpace2to2tauyz::trialKin: maximum for cross section violated                           | 
 |   1487   Warning in TauDecays::decay: unknown correlated tau production, assuming from unpolarized photon       | 
 |                                                                                                                 | 
 *-------  End PYTHIA Error and Warning Messages Statistics  ------------------------------------------------------* 
Gammatau2xmu: 1.987e-16

Gammatau2xe: 2.008e-16

BRtau2xmu: 8.766e-05

BRtau2xe: 8.860e-05

produced tau excluding those daughters are also tau lepton: 2.974e+03
produced X: 2.974e+03
produced X/NMC: 2.974e-01

Proportion of X flying forward (eta>0): 6.234e-01
Proportion of X flying backward (eta<0): 3.766e-01

Total Gamma [GeV]: 1.280e-22
ctau [m]: 1.541e+06

Gammax2tautau: 0.000e+00

Gammax2mumu: 0.000e+00

Gammax2ee: 1.280e-22

Gammax2gmgm: 0.000e+00

BRx2tautau: 0.000e+00

BRx2mumu: 0.000e+00

BRx2ee: 1.000e+00

BRx2gmgm: 0.000e+00

X: insideFidVol: 0.000e+00
observedX: 2.931e-05
visibleX: 2.931e-06

X Observed Fiducial efficiency: 9.855e-09
X Visible Fiducial efficiency: 9.855e-10

reallyProduced tau: 9.200e+10
total number of tau-tau events: 4.600e+10

reallyProducedX: 5.710e+06
reallyobservedX: 5.627e-02
reallyvisibleX: 5.627e-03

