mX:  1.46745
g_AB_Lamb:  4e-07
g_CC_Lamb:  4e-07
NMC 10000

 *-------  PYTHIA Process Initialization  --------------------------*
 |                                                                  |
 | We collide e- with e+ at a CM energy of 1.058e+01 GeV            |
 |                                                                  |
 |------------------------------------------------------------------|
 |                                                    |             |
 | Subprocess                                    Code |   Estimated |
 |                                                    |    max (mb) |
 |                                                    |             |
 |------------------------------------------------------------------|
 |                                                    |             |
 | f fbar -> f' fbar' (s-channel gamma*)          223 |   1.426e-04 |
 |                                                                  |
 *-------  End PYTHIA Process Initialization -----------------------*

 *-------  PYTHIA Flag + Mode + Parm + Word + FVec + MVec + PVec + WVec Settings (changes only)  ------------------* 
 |                                                                                                                 | 
 | Name                                          |                      Now |      Default         Min         Max | 
 |                                               |                          |                                      | 
 | Beams:eA                                      |                  7.00000 |     7000.000         0.0             | 
 | Beams:eB                                      |                  4.00000 |     7000.000         0.0             | 
 | Beams:frameType                               |                        2 |            1           1           5 | 
 | Beams:idA                                     |                       11 |         2212                         | 
 | Beams:idB                                     |                      -11 |         2212                         | 
 | HadronLevel:Hadronize                         |                      off |           on                         | 
 | Next:numberCount                              |                    10000 |         1000           0             | 
 | PartonLevel:MPI                               |                      off |           on                         | 
 | Random:seed                                   |                        0 |           -1               900000000 | 
 | Random:setSeed                                |                       on |          off                         | 
 | WeakSingleBoson:ffbar2ffbar(s:gm)             |                       on |          off                         | 
 |                                                                                                                 | 
 *-------  End PYTHIA Flag + Mode + Parm + Word + FVec + MVec + PVec + WVec Settings  -----------------------------* 

 --------  PYTHIA Particle Data Table (changed only)  ------------------------------------------------------------------------------
 
      id   name            antiName         spn chg col      m0        mWidth      mMin       mMax       tau0    res dec ext vis wid
             no onMode   bRatio   meMode     products 

      15  tau-             tau+               2  -3   0    1.77682    0.00000    0.00000    0.00000  8.71100e-02   0   1   0   1   0
              0     1   0.0014478  103       36       13 
              1     1   0.0015886  103       36       11 

      36  x                                   1   0   0    1.46745    0.00000    0.00000    0.00000  1.71246e+01   0   1   0   0   0
              0     1   0.0000000  103       15      -15 
              1     1   0.9951370  103       13      -13 
              2     1   0.0048635  103       11      -11 
              3     1   0.0000000  103       22       22 

 --------  End PYTHIA Particle Data Table  -----------------------------------------------------------------------------------------


 --------  PYTHIA Info Listing  ---------------------------------------- 
 
 Beam A: id =     11, pz =  5.292e+00, e =  5.292e+00, m =  5.110e-04.
 Beam B: id =    -11, pz = -5.292e+00, e =  5.292e+00, m =  5.110e-04.

 In 1: id =   11, x =  1.000e+00, pdf =  1.560e+06 at Q2 =  1.120e+02.
 In 2: id =  -11, x =  1.000e+00, pdf =  1.390e+08 at same Q2.

 Subprocess f fbar -> f' fbar' (s-channel gamma*) with code 223 is 2 -> 2.
 It has sHat =  1.120e+02,    tHat = -7.996e+01,    uHat = -3.204e+01,
       pTHat =  4.773e+00,   m3Hat =  3.300e-01,   m4Hat =  3.300e-01,
    thetaHat =  2.013e+00,  phiHat =  9.034e-01.
     alphaEM =  7.631e-03,  alphaS =  1.975e-01    at Q2 =  1.120e+02.

 Impact parameter b =  0.000e+00 gives enhancement factor =  1.000e+00.
 Max pT scale for MPI =  1.058e+01, ISR =  1.058e+01, FSR =  1.058e+01.
 Number of MPI =     1, ISR =     0, FSRproc =     3, FSRreson =     0.

 --------  End PYTHIA Info Listing  ------------------------------------

 --------  PYTHIA Event Listing  (hard process)  -----------------------------------------------------------------------------------
 
    no         id  name            status     mothers   daughters     colours      p_x        p_y        p_z         e          m 
     0         90  (system)           -11     0     0     0     0     0     0      0.000      0.000      3.000     11.000     10.583
     1         11  (e-)               -12     0     0     3     0     0     0      0.000      0.000      7.000      7.000      0.001
     2        -11  (e+)               -12     0     0     4     0     0     0      0.000      0.000     -4.000      4.000      0.001
     3         11  (e-)               -21     1     0     5     6     0     0      0.000      0.000      7.000      7.000      0.000
     4        -11  (e+)               -21     2     0     5     6     0     0      0.000      0.000     -4.000      4.000      0.000
     5          1  d                   23     3     4     0     0   101     0      2.955      3.749     -0.849      4.859      0.330
     6         -1  dbar                23     3     4     0     0     0   101     -2.955     -3.749      3.849      6.141      0.330
                                   Charge sum:  0.000           Momentum sum:      0.000      0.000      3.000     11.000     10.583

 --------  End PYTHIA Event Listing  -----------------------------------------------------------------------------------------------

 --------  PYTHIA Event Listing  (complete event)  ---------------------------------------------------------------------------------
 
    no         id  name            status     mothers   daughters     colours      p_x        p_y        p_z         e          m 
     0         90  (system)           -11     0     0     0     0     0     0      0.000      0.000      3.000     11.000     10.583
     1         11  (e-)               -12     0     0    16     0     0     0      0.000      0.000      7.000      7.000      0.001
     2        -11  (e+)               -12     0     0    17     0     0     0      0.000      0.000     -4.000      4.000      0.001
     3         11  (e-)               -21    16    16     5     6     0     0      0.000      0.000      7.000      7.000      0.000
     4        -11  (e+)               -21    17    17     5     6     0     0      0.000      0.000     -4.000      4.000      0.000
     5          1  (d)                -23     3     4     9     9   101     0      2.955      3.749     -0.849      4.859      0.330
     6         -1  (dbar)             -23     3     4     7     8     0   101     -2.955     -3.749      3.849      6.141      0.330
     7         -1  (dbar)             -51     6     0    19    19     0   102     -2.996     -1.981      2.600      4.446      0.330
     8         21  (g)                -51     6     0    10    11   102   101      0.211     -1.552      1.199      1.972      0.000
     9          1  (d)                -52     5     5    12    12   101     0      2.785      3.533     -0.799      4.581      0.330
    10         21  (g)                -51     8     0    15    15   102   103      0.502     -1.712      0.535      1.862      0.000
    11         21  (g)                -51     8     0    13    14   103   101      0.299      0.911      0.492      1.078      0.000
    12          1  (d)                -52     9     9    18    18   101     0      2.195      2.782     -0.628      3.614      0.330
    13         21  (g)                -51    11     0    21    21   104   101      0.175      0.899      0.240      0.947      0.000
    14         21  (g)                -51    11     0    22    22   103   104      0.357     -0.783      0.501      0.996      0.000
    15         21  (g)                -52    10    10    20    20   102   103      0.269     -0.917      0.287      0.997      0.000
    16         11  (e-)               -61     1     0     3     3     0     0      0.000      0.000      7.000      7.000      0.000
    17        -11  (e+)               -61     2     0     4     4     0     0      0.000      0.000     -4.000      4.000      0.000
    18          1  d                   62    12    12     0     0   101     0      2.195      2.782     -0.628      3.614      0.330
    19         -1  dbar                62     7     7     0     0     0   102     -2.996     -1.981      2.600      4.446      0.330
    20         21  g                   62    15    15     0     0   102   103      0.269     -0.917      0.287      0.997      0.000
    21         21  g                   62    13    13     0     0   104   101      0.175      0.899      0.240      0.947      0.000
    22         21  g                   62    14    14     0     0   103   104      0.357     -0.783      0.501      0.996      0.000
    23         22  gamma               63     1     0     0     0     0     0      0.000      0.000      0.000      0.000      0.000
    24         22  gamma               63     2     0     0     0     0     0      0.000      0.000     -0.000      0.000      0.000
                                   Charge sum:  0.000           Momentum sum:      0.000      0.000      3.000     11.000     10.583

 --------  End PYTHIA Event Listing  -----------------------------------------------------------------------------------------------
 PYTHIA Warning in TauDecays::decay: unknown correlated tau production, assuming from unpolarized photon  
 PYTHIA Warning in PhaseSpace2to2tauyz::trialKin: maximum for cross section violated  

 *-------  PYTHIA Event and Cross Section Statistics  -------------------------------------------------------------*
 |                                                                                                                 |
 | Subprocess                                    Code |            Number of events       |      sigma +- delta    |
 |                                                    |       Tried   Selected   Accepted |     (estimated) (mb)   |
 |                                                    |                                   |                        |
 |-----------------------------------------------------------------------------------------------------------------|
 |                                                    |                                   |                        |
 | f fbar -> f' fbar' (s-channel gamma*)          223 |      239574      10000      10000 |   5.964e-06  3.010e-08 |
 |                                                    |                                   |                        |
 | sum                                                |      239574      10000      10000 |   5.964e-06  3.010e-08 |
 |                                                                                                                 |
 *-------  End PYTHIA Event and Cross Section Statistics ----------------------------------------------------------*

 *-------  PYTHIA Error and Warning Messages Statistics  ----------------------------------------------------------* 
 |                                                                                                                 | 
 |  times   message                                                                                                | 
 |                                                                                                                 | 
 |     81   Warning in PhaseSpace2to2tauyz::trialKin: maximum for cross section violated                           | 
 |   1459   Warning in TauDecays::decay: unknown correlated tau production, assuming from unpolarized photon       | 
 |                                                                                                                 | 
 *-------  End PYTHIA Error and Warning Messages Statistics  ------------------------------------------------------* 
Gammatau2xmu: 3.290e-15

Gammatau2xe: 3.610e-15

BRtau2xmu: 1.448e-03

BRtau2xe: 1.589e-03

produced tau excluding those daughters are also tau lepton: 2.918e+03
produced X: 2.918e+03
produced X/NMC: 2.918e-01

Proportion of X flying forward (eta>0): 6.333e-01
Proportion of X flying backward (eta<0): 3.667e-01

Total Gamma [GeV]: 1.152e-14
ctau [m]: 1.712e-02

Gammax2tautau: 0.000e+00

Gammax2mumu: 1.147e-14

Gammax2ee: 5.604e-17

Gammax2gmgm: 0.000e+00

BRx2tautau: 0.000e+00

BRx2mumu: 9.951e-01

BRx2ee: 4.863e-03

BRx2gmgm: 0.000e+00

X: insideFidVol: 1.980e+02
observedX: 1.991e+02
visibleX: 1.991e+01

X Observed Fiducial efficiency: 6.824e-02
X Visible Fiducial efficiency: 6.824e-03

reallyProduced tau: 9.200e+10
total number of tau-tau events: 4.600e+10

reallyProducedX: 9.836e+07
reallyobservedX: 6.712e+06
reallyvisibleX: 6.712e+05

