mX:  0.192276
g_AB_Lamb:  0.0002
g_CC_Lamb:  0.0002
NMC 10000

 *-------  PYTHIA Process Initialization  --------------------------*
 |                                                                  |
 | We collide e- with e+ at a CM energy of 1.058e+01 GeV            |
 |                                                                  |
 |------------------------------------------------------------------|
 |                                                    |             |
 | Subprocess                                    Code |   Estimated |
 |                                                    |    max (mb) |
 |                                                    |             |
 |------------------------------------------------------------------|
 |                                                    |             |
 | f fbar -> f' fbar' (s-channel gamma*)          223 |   1.320e-04 |
 |                                                                  |
 *-------  End PYTHIA Process Initialization -----------------------*

 *-------  PYTHIA Flag + Mode + Parm + Word + FVec + MVec + PVec + WVec Settings (changes only)  ------------------* 
 |                                                                                                                 | 
 | Name                                          |                      Now |      Default         Min         Max | 
 |                                               |                          |                                      | 
 | Beams:eA                                      |                  7.00000 |     7000.000         0.0             | 
 | Beams:eB                                      |                  4.00000 |     7000.000         0.0             | 
 | Beams:frameType                               |                        2 |            1           1           5 | 
 | Beams:idA                                     |                       11 |         2212                         | 
 | Beams:idB                                     |                      -11 |         2212                         | 
 | HadronLevel:Hadronize                         |                      off |           on                         | 
 | Next:numberCount                              |                    10000 |         1000           0             | 
 | PartonLevel:MPI                               |                      off |           on                         | 
 | Random:seed                                   |                        0 |           -1               900000000 | 
 | Random:setSeed                                |                       on |          off                         | 
 | WeakSingleBoson:ffbar2ffbar(s:gm)             |                       on |          off                         | 
 |                                                                                                                 | 
 *-------  End PYTHIA Flag + Mode + Parm + Word + FVec + MVec + PVec + WVec Settings  -----------------------------* 

 --------  PYTHIA Particle Data Table (changed only)  ------------------------------------------------------------------------------
 
      id   name            antiName         spn chg col      m0        mWidth      mMin       mMax       tau0    res dec ext vis wid
             no onMode   bRatio   meMode     products 

      15  tau-             tau+               2  -3   0    1.77682    0.00000    0.00000    0.00000  8.71100e-02   0   1   0   1   0
              0     1   0.4972150  103       36       13 
              1     1   0.5026540  103       36       11 

      36  x                                   1   0   0    0.19228    0.00000    0.00000    0.00000  8.20376e-01   0   1   0   0   0
              0     1   0.0000000  103       15      -15 
              1     1   0.0000000  103       13      -13 
              2     1   1.0000000  103       11      -11 
              3     1   0.0000000  103       22       22 

 --------  End PYTHIA Particle Data Table  -----------------------------------------------------------------------------------------


 --------  PYTHIA Info Listing  ---------------------------------------- 
 
 Beam A: id =     11, pz =  5.292e+00, e =  5.292e+00, m =  5.110e-04.
 Beam B: id =    -11, pz = -5.292e+00, e =  5.292e+00, m =  5.110e-04.

 In 1: id =   11, x =  1.000e+00, pdf =  9.886e+07 at Q2 =  1.120e+02.
 In 2: id =  -11, x =  9.999e-01, pdf =  5.101e+02 at same Q2.

 Subprocess f fbar -> f' fbar' (s-channel gamma*) with code 223 is 2 -> 2.
 It has sHat =  1.120e+02,    tHat = -1.001e+02,    uHat = -1.187e+01,
       pTHat =  3.252e+00,   m3Hat =  3.300e-01,   m4Hat =  3.300e-01,
    thetaHat =  2.478e+00,  phiHat =  5.555e+00.
     alphaEM =  7.631e-03,  alphaS =  1.975e-01    at Q2 =  1.120e+02.

 Impact parameter b =  0.000e+00 gives enhancement factor =  1.000e+00.
 Max pT scale for MPI =  1.058e+01, ISR =  1.058e+01, FSR =  1.058e+01.
 Number of MPI =     1, ISR =     0, FSRproc =     6, FSRreson =     0.

 --------  End PYTHIA Info Listing  ------------------------------------

 --------  PYTHIA Event Listing  (hard process)  -----------------------------------------------------------------------------------
 
    no         id  name            status     mothers   daughters     colours      p_x        p_y        p_z         e          m 
     0         90  (system)           -11     0     0     0     0     0     0      0.000      0.000      3.000     11.000     10.583
     1         11  (e-)               -12     0     0     3     0     0     0      0.000      0.000      7.000      7.000      0.001
     2        -11  (e+)               -12     0     0     4     0     0     0      0.000      0.000     -4.000      4.000      0.001
     3         11  (e-)               -21     1     0     5     6     0     0      0.000      0.000      7.000      7.000      0.000
     4        -11  (e+)               -21     2     0     5     6     0     0      0.000      0.000     -4.000      4.000      0.000
     5          2  u                   23     3     4     0     0   101     0      2.426     -2.165     -2.825      4.320      0.330
     6         -2  ubar                23     3     4     0     0     0   101     -2.426      2.165      5.825      6.680      0.330
                                   Charge sum:  0.000           Momentum sum:      0.000      0.000      3.000     11.000     10.583

 --------  End PYTHIA Event Listing  -----------------------------------------------------------------------------------------------

 --------  PYTHIA Event Listing  (complete event)  ---------------------------------------------------------------------------------
 
    no         id  name            status     mothers   daughters     colours      p_x        p_y        p_z         e          m 
     0         90  (system)           -11     0     0     0     0     0     0      0.000      0.000      3.000     11.000     10.583
     1         11  (e-)               -12     0     0    25     0     0     0      0.000      0.000      7.000      7.000      0.001
     2        -11  (e+)               -12     0     0    26     0     0     0      0.000      0.000     -4.000      4.000      0.001
     3         11  (e-)               -21    25    25     5     6     0     0      0.000      0.000      7.000      7.000      0.000
     4        -11  (e+)               -21    26    26     5     6     0     0      0.000      0.000     -4.000      4.000      0.000
     5          2  (u)                -23     3     4     9     9   101     0      2.426     -2.165     -2.825      4.320      0.330
     6         -2  (ubar)             -23     3     4     7     8     0   101     -2.426      2.165      5.825      6.680      0.330
     7         -2  (ubar)             -51     6     0    12    12     0   102     -1.595      3.227      5.175      6.312      0.330
     8         21  (g)                -51     6     0    10    11   102   101     -0.009     -1.795     -0.309      1.822      0.000
     9          2  (u)                -52     5     5    16    17   101     0      1.604     -1.432     -1.866      2.866      0.330
    10         21  (g)                -51     8     0    15    15   103   101      0.681     -1.398     -0.417      1.610      0.000
    11         21  (g)                -51     8     0    13    14   102   103     -1.203      0.646      1.774      2.239      0.000
    12         -2  (ubar)             -52     7     7    18    18     0   102     -1.082      2.184      3.509      4.285      0.330
    13         21  (g)                -51    11     0    21    21   102   104      0.472     -0.292      1.005      1.148      0.000
    14         21  (g)                -51    11     0    19    20   104   103     -1.443      0.460      0.626      1.639      0.000
    15         21  (g)                -52    10    10    29    29   103   101      0.448     -0.921     -0.275      1.061      0.000
    16          2  (u)                -51     9     0    27    27   101     0      1.509     -0.890     -2.003      2.682      0.330
    17         22  (gamma)            -51     9     0    32    32     0     0     -0.002     -0.343      0.455      0.570      0.000
    18         -2  (ubar)             -52    12    12    28    28     0   102     -0.983      1.986      3.191      3.900      0.330
    19         21  (g)                -51    14     0    31    31   105   103     -0.193      0.597      0.537      0.826      0.000
    20         21  (g)                -51    14     0    24    24   104   105     -1.093     -0.234      0.424      1.195      0.000
    21         21  (g)                -52    13    13    22    23   102   104      0.315     -0.194      0.671      0.766      0.000
    22         21  (g)                -51    21     0    30    30   102   106     -0.484      0.156      0.933      1.063      0.000
    23         21  (g)                -51    21     0    34    34   106   104      0.058     -0.509      0.025      0.513      0.000
    24         21  (g)                -52    20    20    33    33   104   105     -0.352     -0.076      0.137      0.385      0.000
    25         11  (e-)               -61     1     0     3     3     0     0      0.000      0.000      7.000      7.000      0.000
    26        -11  (e+)               -61     2     0     4     4     0     0      0.000      0.000     -4.000      4.000      0.000
    27          2  u                   62    16    16     0     0   101     0      1.509     -0.890     -2.003      2.682      0.330
    28         -2  ubar                62    18    18     0     0     0   102     -0.983      1.986      3.191      3.900      0.330
    29         21  g                   62    15    15     0     0   103   101      0.448     -0.921     -0.275      1.061      0.000
    30         21  g                   62    22    22     0     0   102   106     -0.484      0.156      0.933      1.063      0.000
    31         21  g                   62    19    19     0     0   105   103     -0.193      0.597      0.537      0.826      0.000
    32         22  gamma               62    17    17     0     0     0     0     -0.002     -0.343      0.455      0.570      0.000
    33         21  g                   62    24    24     0     0   104   105     -0.352     -0.076      0.137      0.385      0.000
    34         21  g                   62    23    23     0     0   106   104      0.058     -0.509      0.025      0.513      0.000
    35         22  gamma               63     1     0     0     0     0     0      0.000      0.000      0.000      0.000      0.000
    36         22  gamma               63     2     0     0     0     0     0      0.000      0.000     -0.000      0.000      0.000
                                   Charge sum:  0.000           Momentum sum:      0.000      0.000      3.000     11.000     10.583

 --------  End PYTHIA Event Listing  -----------------------------------------------------------------------------------------------
 PYTHIA Warning in TauDecays::decay: unknown correlated tau production, assuming from unpolarized photon  
 PYTHIA Warning in PhaseSpace2to2tauyz::trialKin: maximum for cross section violated  

 *-------  PYTHIA Event and Cross Section Statistics  -------------------------------------------------------------*
 |                                                                                                                 |
 | Subprocess                                    Code |            Number of events       |      sigma +- delta    |
 |                                                    |       Tried   Selected   Accepted |     (estimated) (mb)   |
 |                                                    |                                   |                        |
 |-----------------------------------------------------------------------------------------------------------------|
 |                                                    |                                   |                        |
 | f fbar -> f' fbar' (s-channel gamma*)          223 |      220703      10000      10000 |   5.973e-06  3.158e-08 |
 |                                                    |                                   |                        |
 | sum                                                |      220703      10000      10000 |   5.973e-06  3.158e-08 |
 |                                                                                                                 |
 *-------  End PYTHIA Event and Cross Section Statistics ----------------------------------------------------------*

 *-------  PYTHIA Error and Warning Messages Statistics  ----------------------------------------------------------* 
 |                                                                                                                 | 
 |  times   message                                                                                                | 
 |                                                                                                                 | 
 |    244   Warning in PhaseSpace2to2tauyz::trialKin: maximum for cross section violated                           | 
 |   1543   Warning in TauDecays::decay: unknown correlated tau production, assuming from unpolarized photon       | 
 |                                                                                                                 | 
 *-------  End PYTHIA Error and Warning Messages Statistics  ------------------------------------------------------* 
Gammatau2xmu: 8.626e-09

Gammatau2xe: 8.721e-09

BRtau2xmu: 4.972e-01

BRtau2xe: 5.027e-01

produced tau excluding those daughters are also tau lepton: 3.086e+03
produced X: 3.086e+03
produced X/NMC: 3.086e-01

Proportion of X flying forward (eta>0): 6.296e-01
Proportion of X flying backward (eta<0): 3.704e-01

Total Gamma [GeV]: 2.405e-13
ctau [m]: 8.204e-04

Gammax2tautau: 0.000e+00

Gammax2mumu: 0.000e+00

Gammax2ee: 2.405e-13

Gammax2gmgm: 0.000e+00

BRx2tautau: 0.000e+00

BRx2mumu: 0.000e+00

BRx2ee: 1.000e+00

BRx2gmgm: 0.000e+00

X: insideFidVol: 3.000e+00
observedX: 1.902e+00
visibleX: 1.902e-01

X Observed Fiducial efficiency: 6.162e-04
X Visible Fiducial efficiency: 6.162e-05

reallyProduced tau: 9.200e+10
total number of tau-tau events: 4.600e+10

reallyProducedX: 3.239e+10
reallyobservedX: 1.996e+07
reallyvisibleX: 1.996e+06

