mX:  1.40369
g_AB_Lamb:  1.5e-09
g_CC_Lamb:  1.5e-09
NMC 10000

 *-------  PYTHIA Process Initialization  --------------------------*
 |                                                                  |
 | We collide e- with e+ at a CM energy of 1.058e+01 GeV            |
 |                                                                  |
 |------------------------------------------------------------------|
 |                                                    |             |
 | Subprocess                                    Code |   Estimated |
 |                                                    |    max (mb) |
 |                                                    |             |
 |------------------------------------------------------------------|
 |                                                    |             |
 | f fbar -> f' fbar' (s-channel gamma*)          223 |   1.476e-04 |
 |                                                                  |
 *-------  End PYTHIA Process Initialization -----------------------*

 *-------  PYTHIA Flag + Mode + Parm + Word + FVec + MVec + PVec + WVec Settings (changes only)  ------------------* 
 |                                                                                                                 | 
 | Name                                          |                      Now |      Default         Min         Max | 
 |                                               |                          |                                      | 
 | Beams:eA                                      |                  7.00000 |     7000.000         0.0             | 
 | Beams:eB                                      |                  4.00000 |     7000.000         0.0             | 
 | Beams:frameType                               |                        2 |            1           1           5 | 
 | Beams:idA                                     |                       11 |         2212                         | 
 | Beams:idB                                     |                      -11 |         2212                         | 
 | HadronLevel:Hadronize                         |                      off |           on                         | 
 | Next:numberCount                              |                    10000 |         1000           0             | 
 | PartonLevel:MPI                               |                      off |           on                         | 
 | Random:seed                                   |                        0 |           -1               900000000 | 
 | Random:setSeed                                |                       on |          off                         | 
 | WeakSingleBoson:ffbar2ffbar(s:gm)             |                       on |          off                         | 
 |                                                                                                                 | 
 *-------  End PYTHIA Flag + Mode + Parm + Word + FVec + MVec + PVec + WVec Settings  -----------------------------* 

 --------  PYTHIA Particle Data Table (changed only)  ------------------------------------------------------------------------------
 
      id   name            antiName         spn chg col      m0        mWidth      mMin       mMax       tau0    res dec ext vis wid
             no onMode   bRatio   meMode     products 

      15  tau-             tau+               2  -3   0    1.77682    0.00000    0.00000    0.00000  8.71100e-02   0   1   0   1   0
              0     1   0.0000000  103       36       13 
              1     1   0.0000000  103       36       11 

      36  x                                   1   0   0    1.40369    0.00000    0.00000    0.00000  1.33219e+06   0   1   0   0   0
              0     1   0.0000000  103       15      -15 
              1     1   0.9951320  103       13      -13 
              2     1   0.0048683  103       11      -11 
              3     1   0.0000000  103       22       22 

 --------  End PYTHIA Particle Data Table  -----------------------------------------------------------------------------------------


 --------  PYTHIA Info Listing  ---------------------------------------- 
 
 Beam A: id =     11, pz =  5.292e+00, e =  5.292e+00, m =  5.110e-04.
 Beam B: id =    -11, pz = -5.292e+00, e =  5.292e+00, m =  5.110e-04.

 In 1: id =   11, x =  9.999e-01, pdf =  5.153e+02 at Q2 =  1.120e+02.
 In 2: id =  -11, x =  9.997e-01, pdf =  9.487e+01 at same Q2.

 Subprocess f fbar -> f' fbar' (s-channel gamma*) with code 223 is 2 -> 2.
 It has sHat =  1.120e+02,    tHat = -1.042e+02,    uHat = -7.749e+00,
       pTHat =  2.575e+00,   m3Hat =  1.500e+00,   m4Hat =  1.500e+00,
    thetaHat =  2.609e+00,  phiHat =  6.151e+00.
     alphaEM =  7.631e-03,  alphaS =  1.975e-01    at Q2 =  1.120e+02.

 Impact parameter b =  0.000e+00 gives enhancement factor =  1.000e+00.
 Max pT scale for MPI =  1.058e+01, ISR =  1.058e+01, FSR =  1.058e+01.
 Number of MPI =     1, ISR =     1, FSRproc =     2, FSRreson =     0.

 --------  End PYTHIA Info Listing  ------------------------------------

 --------  PYTHIA Event Listing  (hard process)  -----------------------------------------------------------------------------------
 
    no         id  name            status     mothers   daughters     colours      p_x        p_y        p_z         e          m 
     0         90  (system)           -11     0     0     0     0     0     0      0.000      0.000      3.000     11.000     10.583
     1         11  (e-)               -12     0     0     3     0     0     0      0.000      0.000      7.000      7.000      0.001
     2        -11  (e+)               -12     0     0     4     0     0     0      0.000      0.000     -4.000      4.000      0.001
     3         11  (e-)               -21     1     0     5     6     0     0      0.000      0.000      7.000      7.000      0.000
     4        -11  (e+)               -21     2     0     5     6     0     0      0.000      0.000     -3.999      3.999      0.000
     5          4  c                   23     3     4     0     0   101     0      2.553     -0.340     -3.043      4.259      1.500
     6         -4  cbar                23     3     4     0     0     0   101     -2.553      0.340      6.044      6.739      1.500
                                   Charge sum:  0.000           Momentum sum:      0.000      0.000      3.001     10.998     10.581

 --------  End PYTHIA Event Listing  -----------------------------------------------------------------------------------------------

 --------  PYTHIA Event Listing  (complete event)  ---------------------------------------------------------------------------------
 
    no         id  name            status     mothers   daughters     colours      p_x        p_y        p_z         e          m 
     0         90  (system)           -11     0     0     0     0     0     0      0.000      0.000      3.000     11.000     10.583
     1         11  (e-)               -12     0     0    20     0     0     0      0.000      0.000      7.000      7.000      0.001
     2        -11  (e+)               -12     0     0    21     0     0     0      0.000      0.000     -4.000      4.000      0.001
     3         11  (e-)               -21    13    13     5     6     0     0      0.000      0.000      7.000      7.000      0.000
     4        -11  (e+)               -21    14     0     5     6     0     0      0.000      0.000     -3.999      3.999      0.000
     5          4  (c)                -23     3     4     7     8   101     0      2.553     -0.340     -3.043      4.259      1.500
     6         -4  (cbar)             -23     3     4     9     9     0   101     -2.553      0.340      6.044      6.739      1.500
     7          4  (c)                -51     5     0    12    12   102     0      3.049      0.007     -2.561      4.255      1.500
     8         21  (g)                -51     5     0    10    11   101   102     -1.017     -0.277      0.724      1.279      0.000
     9         -4  (cbar)             -52     6     6    16    16     0   101     -2.032      0.270      4.838      5.465      1.500
    10         21  (g)                -51     8     0    17    17   101   105     -0.240     -0.637      0.184      0.705      0.000
    11         21  (g)                -51     8     0    18    18   105   102     -0.593      0.364      0.387      0.796      0.000
    12          4  (c)                -52     7     7    15    15   102     0      2.865      0.003     -2.408      4.032      1.500
    13         11  (e-)               -42    20    20     3     3     0     0     -0.000     -0.000      7.000      7.000      0.000
    14        -11  (e+)               -41    21    21    19     4     0     0      0.000      0.000     -4.000      4.000      0.000
    15          4  (c)                -44    12    12    22    22   102     0      2.864      0.003     -2.410      4.032      1.500
    16         -4  (cbar)             -44     9     9    23    23     0   101     -2.032      0.270      4.837      5.464      1.500
    17         21  (g)                -44    10    10    24    24   101   105     -0.240     -0.637      0.184      0.705      0.000
    18         21  (g)                -44    11    11    25    25   105   102     -0.593      0.364      0.387      0.796      0.000
    19         22  (gamma)            -43    14     0    26    26     0     0      0.001      0.000      0.002      0.002      0.000
    20         11  (e-)               -61     1     0    13    13     0     0      0.000      0.000      7.000      7.000      0.000
    21        -11  (e+)               -61     2     0    14    14     0     0      0.000     -0.000     -4.000      4.000      0.000
    22          4  c                   62    15    15     0     0   102     0      2.864      0.003     -2.410      4.032      1.500
    23         -4  cbar                62    16    16     0     0     0   101     -2.032      0.270      4.837      5.464      1.500
    24         21  g                   62    17    17     0     0   101   105     -0.240     -0.637      0.184      0.705      0.000
    25         21  g                   62    18    18     0     0   105   102     -0.593      0.364      0.387      0.796      0.000
    26         22  gamma               62    19    19     0     0     0     0      0.001      0.000      0.002      0.002      0.000
    27         22  gamma               63     1     0     0     0     0     0      0.000      0.000      0.000      0.000      0.000
    28         22  gamma               63     2     0     0     0     0     0      0.000      0.000     -0.000      0.000      0.000
                                   Charge sum:  0.000           Momentum sum:     -0.000      0.000      3.000     11.000     10.583

 --------  End PYTHIA Event Listing  -----------------------------------------------------------------------------------------------
 PYTHIA Warning in TauDecays::decay: unknown correlated tau production, assuming from unpolarized photon  
 PYTHIA Warning in PhaseSpace2to2tauyz::trialKin: maximum for cross section violated  

 *-------  PYTHIA Event and Cross Section Statistics  -------------------------------------------------------------*
 |                                                                                                                 |
 | Subprocess                                    Code |            Number of events       |      sigma +- delta    |
 |                                                    |       Tried   Selected   Accepted |     (estimated) (mb)   |
 |                                                    |                                   |                        |
 |-----------------------------------------------------------------------------------------------------------------|
 |                                                    |                                   |                        |
 | f fbar -> f' fbar' (s-channel gamma*)          223 |      245442      10000      10000 |   6.015e-06  2.968e-08 |
 |                                                    |                                   |                        |
 | sum                                                |      245442      10000      10000 |   6.015e-06  2.968e-08 |
 |                                                                                                                 |
 *-------  End PYTHIA Event and Cross Section Statistics ----------------------------------------------------------*

 *-------  PYTHIA Error and Warning Messages Statistics  ----------------------------------------------------------* 
 |                                                                                                                 | 
 |  times   message                                                                                                | 
 |                                                                                                                 | 
 |      8   Warning in PhaseSpace2to2tauyz::trialKin: maximum for cross section violated                           | 
 |   1414   Warning in TauDecays::decay: unknown correlated tau production, assuming from unpolarized photon       | 
 |                                                                                                                 | 
 *-------  End PYTHIA Error and Warning Messages Statistics  ------------------------------------------------------* 
Gammatau2xmu: 6.636e-20

Gammatau2xe: 7.098e-20

BRtau2xmu: 2.929e-08

BRtau2xe: 3.132e-08

produced tau excluding those daughters are also tau lepton: 2.828e+03
produced X: 2.828e+03
produced X/NMC: 2.828e-01

Proportion of X flying forward (eta>0): 6.135e-01
Proportion of X flying backward (eta<0): 3.865e-01

Total Gamma [GeV]: 1.481e-19
ctau [m]: 1.332e+03

Gammax2tautau: 0.000e+00

Gammax2mumu: 1.474e-19

Gammax2ee: 7.211e-22

Gammax2gmgm: 0.000e+00

BRx2tautau: 0.000e+00

BRx2mumu: 9.951e-01

BRx2ee: 4.868e-03

BRx2gmgm: 0.000e+00

X: insideFidVol: 2.000e+00
observedX: 6.067e-01
visibleX: 6.067e-02

X Observed Fiducial efficiency: 2.145e-04
X Visible Fiducial efficiency: 2.145e-05

reallyProduced tau: 9.200e+10
total number of tau-tau events: 4.600e+10

reallyProducedX: 1.963e+03
reallyobservedX: 4.212e-01
reallyvisibleX: 4.212e-02

