mX:  1.46745
g_AB_Lamb:  3e-08
g_CC_Lamb:  3e-08
NMC 10000

 *-------  PYTHIA Process Initialization  --------------------------*
 |                                                                  |
 | We collide e- with e+ at a CM energy of 1.058e+01 GeV            |
 |                                                                  |
 |------------------------------------------------------------------|
 |                                                    |             |
 | Subprocess                                    Code |   Estimated |
 |                                                    |    max (mb) |
 |                                                    |             |
 |------------------------------------------------------------------|
 |                                                    |             |
 | f fbar -> f' fbar' (s-channel gamma*)          223 |   1.455e-04 |
 |                                                                  |
 *-------  End PYTHIA Process Initialization -----------------------*

 *-------  PYTHIA Flag + Mode + Parm + Word + FVec + MVec + PVec + WVec Settings (changes only)  ------------------* 
 |                                                                                                                 | 
 | Name                                          |                      Now |      Default         Min         Max | 
 |                                               |                          |                                      | 
 | Beams:eA                                      |                  7.00000 |     7000.000         0.0             | 
 | Beams:eB                                      |                  4.00000 |     7000.000         0.0             | 
 | Beams:frameType                               |                        2 |            1           1           5 | 
 | Beams:idA                                     |                       11 |         2212                         | 
 | Beams:idB                                     |                      -11 |         2212                         | 
 | HadronLevel:Hadronize                         |                      off |           on                         | 
 | Next:numberCount                              |                    10000 |         1000           0             | 
 | PartonLevel:MPI                               |                      off |           on                         | 
 | Random:seed                                   |                        0 |           -1               900000000 | 
 | Random:setSeed                                |                       on |          off                         | 
 | WeakSingleBoson:ffbar2ffbar(s:gm)             |                       on |          off                         | 
 |                                                                                                                 | 
 *-------  End PYTHIA Flag + Mode + Parm + Word + FVec + MVec + PVec + WVec Settings  -----------------------------* 

 --------  PYTHIA Particle Data Table (changed only)  ------------------------------------------------------------------------------
 
      id   name            antiName         spn chg col      m0        mWidth      mMin       mMax       tau0    res dec ext vis wid
             no onMode   bRatio   meMode     products 

      15  tau-             tau+               2  -3   0    1.77682    0.00000    0.00000    0.00000  8.71100e-02   0   1   0   1   0
              0     1   0.0000082  103       36       13 
              1     1   0.0000090  103       36       11 

      36  x                                   1   0   0    1.46745    0.00000    0.00000    0.00000  3.04437e+03   0   1   0   0   0
              0     1   0.0000000  103       15      -15 
              1     1   0.9951370  103       13      -13 
              2     1   0.0048635  103       11      -11 
              3     1   0.0000000  103       22       22 

 --------  End PYTHIA Particle Data Table  -----------------------------------------------------------------------------------------

 PYTHIA Warning in TauDecays::decay: unknown correlated tau production, assuming from unpolarized photon  

 --------  PYTHIA Info Listing  ---------------------------------------- 
 
 Beam A: id =     11, pz =  5.292e+00, e =  5.292e+00, m =  5.110e-04.
 Beam B: id =    -11, pz = -5.292e+00, e =  5.292e+00, m =  5.110e-04.

 In 1: id =   11, x =  1.000e+00, pdf =  6.198e+08 at Q2 =  1.120e+02.
 In 2: id =  -11, x =  1.000e+00, pdf =  3.706e+07 at same Q2.

 Subprocess f fbar -> f' fbar' (s-channel gamma*) with code 223 is 2 -> 2.
 It has sHat =  1.120e+02,    tHat = -1.000e+02,    uHat = -1.195e+01,
       pTHat =  3.078e+00,   m3Hat =  1.777e+00,   m4Hat =  1.777e+00,
    thetaHat =  2.476e+00,  phiHat =  1.137e+00.
     alphaEM =  7.631e-03,  alphaS =  1.975e-01    at Q2 =  1.120e+02.

 Impact parameter b =  0.000e+00 gives enhancement factor =  1.000e+00.
 Max pT scale for MPI =  1.058e+01, ISR =  1.058e+01, FSR =  1.058e+01.
 Number of MPI =     1, ISR =     0, FSRproc =     1, FSRreson =     0.

 --------  End PYTHIA Info Listing  ------------------------------------

 --------  PYTHIA Event Listing  (hard process)  -----------------------------------------------------------------------------------
 
    no         id  name            status     mothers   daughters     colours      p_x        p_y        p_z         e          m 
     0         90  (system)           -11     0     0     0     0     0     0      0.000      0.000      3.000     11.000     10.583
     1         11  (e-)               -12     0     0     3     0     0     0      0.000      0.000      7.000      7.000      0.001
     2        -11  (e+)               -12     0     0     4     0     0     0      0.000      0.000     -4.000      4.000      0.001
     3         11  (e-)               -21     1     0     5     6     0     0      0.000      0.000      7.000      7.000      0.000
     4        -11  (e+)               -21     2     0     5     6     0     0      0.000      0.000     -4.000      4.000      0.000
     5         15  tau-                23     3     4     0     0     0     0      1.293      2.793     -2.575      4.389      1.777
     6        -15  tau+                23     3     4     0     0     0     0     -1.293     -2.793      5.575      6.611      1.777
                                   Charge sum:  0.000           Momentum sum:      0.000      0.000      3.000     11.000     10.583

 --------  End PYTHIA Event Listing  -----------------------------------------------------------------------------------------------

 --------  PYTHIA Event Listing  (complete event)  ---------------------------------------------------------------------------------
 
    no         id  name            status     mothers   daughters     colours      p_x        p_y        p_z         e          m 
     0         90  (system)           -11     0     0     0     0     0     0      0.000      0.000      3.000     11.000     10.583
     1         11  (e-)               -12     0     0    10     0     0     0      0.000      0.000      7.000      7.000      0.001
     2        -11  (e+)               -12     0     0    11     0     0     0      0.000      0.000     -4.000      4.000      0.001
     3         11  (e-)               -21    10    10     5     6     0     0      0.000      0.000      7.000      7.000      0.000
     4        -11  (e+)               -21    11    11     5     6     0     0      0.000      0.000     -4.000      4.000      0.000
     5         15  (tau-)             -23     3     4     7     8     0     0      1.293      2.793     -2.575      4.389      1.777
     6        -15  (tau+)             -23     3     4     9     9     0     0     -1.293     -2.793      5.575      6.611      1.777
     7         15  (tau-)             -51     5     0    12    12     0     0      1.293      2.793     -2.575      4.389      1.777
     8         22  (gamma)            -51     5     0    14    14     0     0      0.000     -0.000     -0.000      0.000      0.000
     9        -15  (tau+)             -52     6     6    13    13     0     0     -1.293     -2.793      5.575      6.611      1.777
    10         11  (e-)               -61     1     0     3     3     0     0      0.000      0.000      7.000      7.000      0.000
    11        -11  (e+)               -61     2     0     4     4     0     0      0.000      0.000     -4.000      4.000      0.000
    12         15  (tau-)             -62     7     7    17    18     0     0      1.293      2.793     -2.575      4.389      1.777
    13        -15  (tau+)             -62     9     9    19    20     0     0     -1.293     -2.793      5.575      6.611      1.777
    14         22  gamma               62     8     8     0     0     0     0      0.000     -0.000     -0.000      0.000      0.000
    15         22  gamma               63     1     0     0     0     0     0      0.000      0.000      0.000      0.000      0.000
    16         22  gamma               63     2     0     0     0     0     0      0.000      0.000     -0.000      0.000      0.000
    17         36  (x)                -91    12     0    21    22     0     0      1.262      2.727     -2.662      4.274      1.467
    18         11  e-                  91    12     0     0     0     0     0      0.031      0.067      0.088      0.114      0.001
    19         36  (x)                -91    13     0    23    24     0     0     -0.903     -2.062      4.641      5.363      1.467
    20        -11  e+                  91    13     0     0     0     0     0     -0.390     -0.731      0.933      1.248      0.001
    21         13  mu-                 91    17     0     0     0     0     0      1.554      2.267     -1.951      3.372      0.106
    22        -13  mu+                 91    17     0     0     0     0     0     -0.292      0.460     -0.711      0.902      0.106
    23         13  mu-                 91    19     0     0     0     0     0      0.342     -0.558      1.763      1.884      0.106
    24        -13  mu+                 91    19     0     0     0     0     0     -1.245     -1.504      2.878      3.479      0.106
                                   Charge sum:  0.000           Momentum sum:      0.000      0.000      3.000     11.000     10.583

 --------  End PYTHIA Event Listing  -----------------------------------------------------------------------------------------------
 PYTHIA Warning in PhaseSpace2to2tauyz::trialKin: maximum for cross section violated  

 *-------  PYTHIA Event and Cross Section Statistics  -------------------------------------------------------------*
 |                                                                                                                 |
 | Subprocess                                    Code |            Number of events       |      sigma +- delta    |
 |                                                    |       Tried   Selected   Accepted |     (estimated) (mb)   |
 |                                                    |                                   |                        |
 |-----------------------------------------------------------------------------------------------------------------|
 |                                                    |                                   |                        |
 | f fbar -> f' fbar' (s-channel gamma*)          223 |      241310      10000      10000 |   5.981e-06  2.996e-08 |
 |                                                    |                                   |                        |
 | sum                                                |      241310      10000      10000 |   5.981e-06  2.996e-08 |
 |                                                                                                                 |
 *-------  End PYTHIA Event and Cross Section Statistics ----------------------------------------------------------*

 *-------  PYTHIA Error and Warning Messages Statistics  ----------------------------------------------------------* 
 |                                                                                                                 | 
 |  times   message                                                                                                | 
 |                                                                                                                 | 
 |     31   Warning in PhaseSpace2to2tauyz::trialKin: maximum for cross section violated                           | 
 |   1479   Warning in TauDecays::decay: unknown correlated tau production, assuming from unpolarized photon       | 
 |                                                                                                                 | 
 *-------  End PYTHIA Error and Warning Messages Statistics  ------------------------------------------------------* 
Gammatau2xmu: 1.851e-17

Gammatau2xe: 2.031e-17

BRtau2xmu: 8.169e-06

BRtau2xe: 8.963e-06

produced tau excluding those daughters are also tau lepton: 2.958e+03
produced X: 2.958e+03
produced X/NMC: 2.958e-01

Proportion of X flying forward (eta>0): 6.146e-01
Proportion of X flying backward (eta<0): 3.854e-01

Total Gamma [GeV]: 6.482e-17
ctau [m]: 3.044e+00

Gammax2tautau: 0.000e+00

Gammax2mumu: 6.450e-17

Gammax2ee: 3.152e-19

Gammax2gmgm: 0.000e+00

BRx2tautau: 0.000e+00

BRx2mumu: 9.951e-01

BRx2ee: 4.863e-03

BRx2gmgm: 0.000e+00

X: insideFidVol: 2.550e+02
observedX: 2.554e+02
visibleX: 2.554e+01

X Observed Fiducial efficiency: 8.634e-02
X Visible Fiducial efficiency: 8.634e-03

reallyProduced tau: 9.200e+10
total number of tau-tau events: 4.600e+10

reallyProducedX: 5.549e+05
reallyobservedX: 4.792e+04
reallyvisibleX: 4.792e+03

