mX:  1.59497
g_AB_Lamb:  6e-06
g_CC_Lamb:  6e-06
NMC 10000

 *-------  PYTHIA Process Initialization  --------------------------*
 |                                                                  |
 | We collide e- with e+ at a CM energy of 1.058e+01 GeV            |
 |                                                                  |
 |------------------------------------------------------------------|
 |                                                    |             |
 | Subprocess                                    Code |   Estimated |
 |                                                    |    max (mb) |
 |                                                    |             |
 |------------------------------------------------------------------|
 |                                                    |             |
 | f fbar -> f' fbar' (s-channel gamma*)          223 |   1.639e-04 |
 |                                                                  |
 *-------  End PYTHIA Process Initialization -----------------------*

 *-------  PYTHIA Flag + Mode + Parm + Word + FVec + MVec + PVec + WVec Settings (changes only)  ------------------* 
 |                                                                                                                 | 
 | Name                                          |                      Now |      Default         Min         Max | 
 |                                               |                          |                                      | 
 | Beams:eA                                      |                  7.00000 |     7000.000         0.0             | 
 | Beams:eB                                      |                  4.00000 |     7000.000         0.0             | 
 | Beams:frameType                               |                        2 |            1           1           5 | 
 | Beams:idA                                     |                       11 |         2212                         | 
 | Beams:idB                                     |                      -11 |         2212                         | 
 | HadronLevel:Hadronize                         |                      off |           on                         | 
 | Next:numberCount                              |                    10000 |         1000           0             | 
 | PartonLevel:MPI                               |                      off |           on                         | 
 | Random:seed                                   |                        0 |           -1               900000000 | 
 | Random:setSeed                                |                       on |          off                         | 
 | WeakSingleBoson:ffbar2ffbar(s:gm)             |                       on |          off                         | 
 |                                                                                                                 | 
 *-------  End PYTHIA Flag + Mode + Parm + Word + FVec + MVec + PVec + WVec Settings  -----------------------------* 

 --------  PYTHIA Particle Data Table (changed only)  ------------------------------------------------------------------------------
 
      id   name            antiName         spn chg col      m0        mWidth      mMin       mMax       tau0    res dec ext vis wid
             no onMode   bRatio   meMode     products 

      15  tau-             tau+               2  -3   0    1.77682    0.00000    0.00000    0.00000  8.71100e-02   0   1   0   1   0
              0     1   0.0835226  103       36       13 
              1     1   0.1081760  103       36       11 

      36  x                                   1   0   0    1.59497    0.00000    0.00000    0.00000  6.43219e-02   0   1   0   0   0
              0     1   0.0000000  103       15      -15 
              1     1   0.9951440  103       13      -13 
              2     1   0.0048557  103       11      -11 
              3     1   0.0000000  103       22       22 

 --------  End PYTHIA Particle Data Table  -----------------------------------------------------------------------------------------


 --------  PYTHIA Info Listing  ---------------------------------------- 
 
 Beam A: id =     11, pz =  5.292e+00, e =  5.292e+00, m =  5.110e-04.
 Beam B: id =    -11, pz = -5.292e+00, e =  5.292e+00, m =  5.110e-04.

 In 1: id =   11, x =  9.842e-01, pdf =  2.316e+00 at Q2 =  1.102e+02.
 In 2: id =  -11, x =  1.000e+00, pdf =  2.017e+08 at same Q2.

 Subprocess f fbar -> f' fbar' (s-channel gamma*) with code 223 is 2 -> 2.
 It has sHat =  1.102e+02,    tHat = -1.287e+01,    uHat = -9.736e+01,
       pTHat =  3.365e+00,   m3Hat =  3.300e-01,   m4Hat =  3.300e-01,
    thetaHat =  6.975e-01,  phiHat =  1.748e+00.
     alphaEM =  7.631e-03,  alphaS =  1.978e-01    at Q2 =  1.102e+02.

 Impact parameter b =  0.000e+00 gives enhancement factor =  1.000e+00.
 Max pT scale for MPI =  1.058e+01, ISR =  1.050e+01, FSR =  1.050e+01.
 Number of MPI =     1, ISR =     2, FSRproc =     0, FSRreson =     0.

 --------  End PYTHIA Info Listing  ------------------------------------

 --------  PYTHIA Event Listing  (hard process)  -----------------------------------------------------------------------------------
 
    no         id  name            status     mothers   daughters     colours      p_x        p_y        p_z         e          m 
     0         90  (system)           -11     0     0     0     0     0     0      0.000      0.000      3.000     11.000     10.583
     1         11  (e-)               -12     0     0     3     0     0     0      0.000      0.000      7.000      7.000      0.001
     2        -11  (e+)               -12     0     0     4     0     0     0      0.000      0.000     -4.000      4.000      0.001
     3         11  (e-)               -21     1     0     5     6     0     0      0.000      0.000      6.889      6.889      0.000
     4        -11  (e+)               -21     2     0     5     6     0     0      0.000      0.000     -4.000      4.000      0.000
     5          2  u                   23     3     4     0     0   101     0     -0.592      3.313      5.609      6.550      0.330
     6         -2  ubar                23     3     4     0     0     0   101      0.592     -3.313     -2.720      4.340      0.330
                                   Charge sum:  0.000           Momentum sum:      0.000      0.000      2.889     10.889     10.499

 --------  End PYTHIA Event Listing  -----------------------------------------------------------------------------------------------

 --------  PYTHIA Event Listing  (complete event)  ---------------------------------------------------------------------------------
 
    no         id  name            status     mothers   daughters     colours      p_x        p_y        p_z         e          m 
     0         90  (system)           -11     0     0     0     0     0     0      0.000      0.000      3.000     11.000     10.583
     1         11  (e-)               -12     0     0    18     0     0     0      0.000      0.000      7.000      7.000      0.001
     2        -11  (e+)               -12     0     0    19     0     0     0      0.000      0.000     -4.000      4.000      0.001
     3         11  (e-)               -21     7     0     5     6     0     0      0.000      0.000      6.889      6.889      0.000
     4        -11  (e+)               -21     8     8     5     6     0     0      0.000      0.000     -4.000      4.000      0.000
     5          2  (u)                -23     3     4     9     9   101     0     -0.592      3.313      5.609      6.550      0.330
     6         -2  (ubar)             -23     3     4    10    10     0   101      0.592     -3.313     -2.720      4.340      0.330
     7         11  (e-)               -41    12     0    11     3     0     0      0.000      0.000      6.996      6.996      0.000
     8        -11  (e+)               -42    13    13     4     4     0     0     -0.000     -0.000     -4.000      4.000      0.000
     9          2  (u)                -44     5     5    14    14   101     0     -0.599      3.308      5.611      6.549      0.330
    10         -2  (ubar)             -44     6     6    15    15     0   101      0.591     -3.313     -2.721      4.340      0.330
    11         22  (gamma)            -43     7     0    16    16     0     0      0.008      0.005      0.106      0.106      0.000
    12         11  (e-)               -41    18    18    17     7     0     0      0.000      0.000      7.000      7.000      0.000
    13        -11  (e+)               -42    19    19     8     8     0     0     -0.000      0.000     -4.000      4.000      0.000
    14          2  (u)                -44     9     9    20    20   101     0     -0.598      3.306      5.614      6.551      0.330
    15         -2  (ubar)             -44    10    10    21    21     0   101      0.591     -3.314     -2.720      4.340      0.330
    16         22  (gamma)            -44    11    11    22    22     0     0      0.008      0.005      0.106      0.106      0.000
    17         22  (gamma)            -43    12     0    23    23     0     0     -0.001      0.003     -0.000      0.003      0.000
    18         11  (e-)               -61     1     0    12    12     0     0     -0.000      0.000      7.000      7.000      0.000
    19        -11  (e+)               -61     2     0    13    13     0     0      0.000     -0.000     -4.000      4.000      0.000
    20          2  u                   62    14    14     0     0   101     0     -0.598      3.306      5.614      6.551      0.330
    21         -2  ubar                62    15    15     0     0     0   101      0.591     -3.314     -2.720      4.340      0.330
    22         22  gamma               62    16    16     0     0     0     0      0.008      0.005      0.106      0.106      0.000
    23         22  gamma               62    17    17     0     0     0     0     -0.001      0.003     -0.000      0.003      0.000
    24         22  gamma               63     1     0     0     0     0     0      0.000      0.000      0.000      0.000      0.000
    25         22  gamma               63     2     0     0     0     0     0      0.000      0.000     -0.000      0.000      0.000
                                   Charge sum:  0.000           Momentum sum:      0.000     -0.000      3.000     11.000     10.583

 --------  End PYTHIA Event Listing  -----------------------------------------------------------------------------------------------
 PYTHIA Warning in TauDecays::decay: unknown correlated tau production, assuming from unpolarized photon  

 *-------  PYTHIA Event and Cross Section Statistics  -------------------------------------------------------------*
 |                                                                                                                 |
 | Subprocess                                    Code |            Number of events       |      sigma +- delta    |
 |                                                    |       Tried   Selected   Accepted |     (estimated) (mb)   |
 |                                                    |                                   |                        |
 |-----------------------------------------------------------------------------------------------------------------|
 |                                                    |                                   |                        |
 | f fbar -> f' fbar' (s-channel gamma*)          223 |      274023      10000      10000 |   6.000e-06  2.852e-08 |
 |                                                    |                                   |                        |
 | sum                                                |      274023      10000      10000 |   6.000e-06  2.852e-08 |
 |                                                                                                                 |
 *-------  End PYTHIA Event and Cross Section Statistics ----------------------------------------------------------*

 *-------  PYTHIA Error and Warning Messages Statistics  ----------------------------------------------------------* 
 |                                                                                                                 | 
 |  times   message                                                                                                | 
 |                                                                                                                 | 
 |   1466   Warning in TauDecays::decay: unknown correlated tau production, assuming from unpolarized photon       | 
 |                                                                                                                 | 
 *-------  End PYTHIA Error and Warning Messages Statistics  ------------------------------------------------------* 
Gammatau2xmu: 2.341e-13

Gammatau2xe: 3.032e-13

BRtau2xmu: 8.352e-02

BRtau2xe: 1.082e-01

produced tau excluding those daughters are also tau lepton: 2.932e+03
produced X: 2.932e+03
produced X/NMC: 2.932e-01

Proportion of X flying forward (eta>0): 6.173e-01
Proportion of X flying backward (eta<0): 3.827e-01

Total Gamma [GeV]: 3.068e-12
ctau [m]: 6.432e-05

Gammax2tautau: 0.000e+00

Gammax2mumu: 3.053e-12

Gammax2ee: 1.490e-14

Gammax2gmgm: 0.000e+00

BRx2tautau: 0.000e+00

BRx2mumu: 9.951e-01

BRx2ee: 4.856e-03

BRx2gmgm: 0.000e+00

X: insideFidVol: 0.000e+00
observedX: 6.591e-216
visibleX: 6.591e-217

X Observed Fiducial efficiency: 2.248e-219
X Visible Fiducial efficiency: 2.248e-220

reallyProduced tau: 9.200e+10
total number of tau-tau events: 4.600e+10

reallyProducedX: 6.210e+09
reallyobservedX: 1.396e-209
reallyvisibleX: 1.396e-210

