mX:  0.0405743
g_AB_Lamb:  8e-09
g_CC_Lamb:  8e-09
NMC 10000

 *-------  PYTHIA Process Initialization  --------------------------*
 |                                                                  |
 | We collide e- with e+ at a CM energy of 1.058e+01 GeV            |
 |                                                                  |
 |------------------------------------------------------------------|
 |                                                    |             |
 | Subprocess                                    Code |   Estimated |
 |                                                    |    max (mb) |
 |                                                    |             |
 |------------------------------------------------------------------|
 |                                                    |             |
 | f fbar -> f' fbar' (s-channel gamma*)          223 |   1.628e-04 |
 |                                                                  |
 *-------  End PYTHIA Process Initialization -----------------------*

 *-------  PYTHIA Flag + Mode + Parm + Word + FVec + MVec + PVec + WVec Settings (changes only)  ------------------* 
 |                                                                                                                 | 
 | Name                                          |                      Now |      Default         Min         Max | 
 |                                               |                          |                                      | 
 | Beams:eA                                      |                  7.00000 |     7000.000         0.0             | 
 | Beams:eB                                      |                  4.00000 |     7000.000         0.0             | 
 | Beams:frameType                               |                        2 |            1           1           5 | 
 | Beams:idA                                     |                       11 |         2212                         | 
 | Beams:idB                                     |                      -11 |         2212                         | 
 | HadronLevel:Hadronize                         |                      off |           on                         | 
 | Next:numberCount                              |                    10000 |         1000           0             | 
 | PartonLevel:MPI                               |                      off |           on                         | 
 | Random:seed                                   |                        0 |           -1               900000000 | 
 | Random:setSeed                                |                       on |          off                         | 
 | WeakSingleBoson:ffbar2ffbar(s:gm)             |                       on |          off                         | 
 |                                                                                                                 | 
 *-------  End PYTHIA Flag + Mode + Parm + Word + FVec + MVec + PVec + WVec Settings  -----------------------------* 

 --------  PYTHIA Particle Data Table (changed only)  ------------------------------------------------------------------------------
 
      id   name            antiName         spn chg col      m0        mWidth      mMin       mMax       tau0    res dec ext vis wid
             no onMode   bRatio   meMode     products 

      15  tau-             tau+               2  -3   0    1.77682    0.00000    0.00000    0.00000  8.71100e-02   0   1   0   1   0
              0     1   0.0000062  103       36       13 
              1     1   0.0000063  103       36       11 

      36  x                                   1   0   0  4.057e-02  0.000e+00  0.000e+00  0.000e+00  1.15179e+10   0   1   0   0   0
              0     1   0.0000000  103       15      -15 
              1     1   0.0000000  103       13      -13 
              2     1   1.0000000  103       11      -11 
              3     1   0.0000000  103       22       22 

 --------  End PYTHIA Particle Data Table  -----------------------------------------------------------------------------------------


 --------  PYTHIA Info Listing  ---------------------------------------- 
 
 Beam A: id =     11, pz =  5.292e+00, e =  5.292e+00, m =  5.110e-04.
 Beam B: id =    -11, pz = -5.292e+00, e =  5.292e+00, m =  5.110e-04.

 In 1: id =   11, x =  1.000e+00, pdf =  1.625e+08 at Q2 =  1.026e+02.
 In 2: id =  -11, x =  9.162e-01, pdf =  4.078e-01 at same Q2.

 Subprocess f fbar -> f' fbar' (s-channel gamma*) with code 223 is 2 -> 2.
 It has sHat =  1.026e+02,    tHat = -8.972e+01,    uHat = -1.289e+01,
       pTHat =  3.350e+00,   m3Hat =  3.300e-01,   m4Hat =  3.300e-01,
    thetaHat =  2.417e+00,  phiHat =  9.698e-01.
     alphaEM =  7.628e-03,  alphaS =  1.996e-01    at Q2 =  1.026e+02.

 Impact parameter b =  0.000e+00 gives enhancement factor =  1.000e+00.
 Max pT scale for MPI =  1.058e+01, ISR =  1.013e+01, FSR =  1.013e+01.
 Number of MPI =     1, ISR =     1, FSRproc =     2, FSRreson =     0.

 --------  End PYTHIA Info Listing  ------------------------------------

 --------  PYTHIA Event Listing  (hard process)  -----------------------------------------------------------------------------------
 
    no         id  name            status     mothers   daughters     colours      p_x        p_y        p_z         e          m 
     0         90  (system)           -11     0     0     0     0     0     0      0.000      0.000      3.000     11.000     10.583
     1         11  (e-)               -12     0     0     3     0     0     0      0.000      0.000      7.000      7.000      0.001
     2        -11  (e+)               -12     0     0     4     0     0     0      0.000      0.000     -4.000      4.000      0.001
     3         11  (e-)               -21     1     0     5     6     0     0      0.000      0.000      7.000      7.000      0.000
     4        -11  (e+)               -21     2     0     5     6     0     0      0.000      0.000     -3.665      3.665      0.000
     5          2  u                   23     3     4     0     0   101     0      1.894      2.763     -2.317      4.086      0.330
     6         -2  ubar                23     3     4     0     0     0   101     -1.894     -2.763      5.652      6.578      0.330
                                   Charge sum:  0.000           Momentum sum:      0.000      0.000      3.335     10.665     10.130

 --------  End PYTHIA Event Listing  -----------------------------------------------------------------------------------------------

 --------  PYTHIA Event Listing  (complete event)  ---------------------------------------------------------------------------------
 
    no         id  name            status     mothers   daughters     colours      p_x        p_y        p_z         e          m 
     0         90  (system)           -11     0     0     0     0     0     0      0.000      0.000      3.000     11.000     10.583
     1         11  (e-)               -12     0     0    20     0     0     0      0.000      0.000      7.000      7.000      0.001
     2        -11  (e+)               -12     0     0    21     0     0     0      0.000      0.000     -4.000      4.000      0.001
     3         11  (e-)               -21    13    13     5     6     0     0      0.000      0.000      7.000      7.000      0.000
     4        -11  (e+)               -21    14     0     5     6     0     0      0.000      0.000     -3.665      3.665      0.000
     5          2  (u)                -23     3     4     9     9   101     0      1.894      2.763     -2.317      4.086      0.330
     6         -2  (ubar)             -23     3     4     7     8     0   101     -1.894     -2.763      5.652      6.578      0.330
     7         -2  (ubar)             -51     6     0    12    12     0   102      1.192     -3.236      3.907      5.222      0.330
     8         21  (g)                -51     6     0    10    11   102   101     -2.349      1.549      0.839      2.936      0.000
     9          2  (u)                -52     5     5    15    15   101     0      1.157      1.687     -1.411      2.507      0.330
    10         21  (g)                -51     8     0    17    17   104   101     -0.828      1.413     -0.132      1.643      0.000
    11         21  (g)                -51     8     0    18    18   102   104     -1.335     -0.363      1.572      2.094      0.000
    12         -2  (ubar)             -52     7     7    16    16     0   102      1.006     -2.737      3.306      4.421      0.330
    13         11  (e-)               -42    20    20     3     3     0     0     -0.000      0.000      7.000      7.000      0.000
    14        -11  (e+)               -41    21    21    19     4     0     0      0.000     -0.000     -4.000      4.000      0.000
    15          2  (u)                -44     9     9    22    22   101     0      1.160      1.685     -1.411      2.507      0.330
    16         -2  (ubar)             -44    12    12    23    23     0   102      1.007     -2.737      3.308      4.423      0.330
    17         21  (g)                -44    10    10    24    24   104   101     -0.827      1.412     -0.133      1.642      0.000
    18         21  (g)                -44    11    11    25    25   102   104     -1.334     -0.364      1.571      2.093      0.000
    19         22  (gamma)            -43    14     0    26    26     0     0     -0.006      0.004     -0.335      0.335      0.000
    20         11  (e-)               -61     1     0    13    13     0     0      0.000      0.000      7.000      7.000      0.000
    21        -11  (e+)               -61     2     0    14    14     0     0     -0.000      0.000     -4.000      4.000      0.000
    22          2  u                   62    15    15     0     0   101     0      1.160      1.685     -1.411      2.507      0.330
    23         -2  ubar                62    16    16     0     0     0   102      1.007     -2.737      3.308      4.423      0.330
    24         21  g                   62    17    17     0     0   104   101     -0.827      1.412     -0.133      1.642      0.000
    25         21  g                   62    18    18     0     0   102   104     -1.334     -0.364      1.571      2.093      0.000
    26         22  gamma               62    19    19     0     0     0     0     -0.006      0.004     -0.335      0.335      0.000
    27         22  gamma               63     1     0     0     0     0     0      0.000      0.000      0.000      0.000      0.000
    28         22  gamma               63     2     0     0     0     0     0      0.000      0.000     -0.000      0.000      0.000
                                   Charge sum:  0.000           Momentum sum:     -0.000     -0.000      3.000     11.000     10.583

 --------  End PYTHIA Event Listing  -----------------------------------------------------------------------------------------------
 PYTHIA Warning in TauDecays::decay: unknown correlated tau production, assuming from unpolarized photon  

 *-------  PYTHIA Event and Cross Section Statistics  -------------------------------------------------------------*
 |                                                                                                                 |
 | Subprocess                                    Code |            Number of events       |      sigma +- delta    |
 |                                                    |       Tried   Selected   Accepted |     (estimated) (mb)   |
 |                                                    |                                   |                        |
 |-----------------------------------------------------------------------------------------------------------------|
 |                                                    |                                   |                        |
 | f fbar -> f' fbar' (s-channel gamma*)          223 |      270726      10000      10000 |   6.004e-06  2.864e-08 |
 |                                                    |                                   |                        |
 | sum                                                |      270726      10000      10000 |   6.004e-06  2.864e-08 |
 |                                                                                                                 |
 *-------  End PYTHIA Event and Cross Section Statistics ----------------------------------------------------------*

 *-------  PYTHIA Error and Warning Messages Statistics  ----------------------------------------------------------* 
 |                                                                                                                 | 
 |  times   message                                                                                                | 
 |                                                                                                                 | 
 |   1493   Warning in TauDecays::decay: unknown correlated tau production, assuming from unpolarized photon       | 
 |                                                                                                                 | 
 *-------  End PYTHIA Error and Warning Messages Statistics  ------------------------------------------------------* 
Gammatau2xmu: 1.412e-17

Gammatau2xe: 1.427e-17

BRtau2xmu: 6.232e-06

BRtau2xe: 6.298e-06

produced tau excluding those daughters are also tau lepton: 2.986e+03
produced X: 2.986e+03
produced X/NMC: 2.986e-01

Proportion of X flying forward (eta>0): 6.169e-01
Proportion of X flying backward (eta<0): 3.831e-01

Total Gamma [GeV]: 1.713e-23
ctau [m]: 1.152e+07

Gammax2tautau: 0.000e+00

Gammax2mumu: 0.000e+00

Gammax2ee: 1.713e-23

Gammax2gmgm: 0.000e+00

BRx2tautau: 0.000e+00

BRx2mumu: 0.000e+00

BRx2ee: 1.000e+00

BRx2gmgm: 0.000e+00

X: insideFidVol: 0.000e+00
observedX: 5.519e-06
visibleX: 5.519e-07

X Observed Fiducial efficiency: 1.848e-09
X Visible Fiducial efficiency: 1.848e-10

reallyProduced tau: 9.200e+10
total number of tau-tau events: 4.600e+10

reallyProducedX: 4.059e+05
reallyobservedX: 7.501e-04
reallyvisibleX: 7.501e-05

