mX:  1.78624
g_AB_Lamb:  1.5e-05
g_CC_Lamb:  1.5e-05
NMC 10000

 *-------  PYTHIA Process Initialization  --------------------------*
 |                                                                  |
 | We collide e- with e+ at a CM energy of 1.058e+01 GeV            |
 |                                                                  |
 |------------------------------------------------------------------|
 |                                                    |             |
 | Subprocess                                    Code |   Estimated |
 |                                                    |    max (mb) |
 |                                                    |             |
 |------------------------------------------------------------------|
 |                                                    |             |
 | f fbar -> f' fbar' (s-channel gamma*)          223 |   1.451e-04 |
 |                                                                  |
 *-------  End PYTHIA Process Initialization -----------------------*

 *-------  PYTHIA Flag + Mode + Parm + Word + FVec + MVec + PVec + WVec Settings (changes only)  ------------------* 
 |                                                                                                                 | 
 | Name                                          |                      Now |      Default         Min         Max | 
 |                                               |                          |                                      | 
 | Beams:eA                                      |                  7.00000 |     7000.000         0.0             | 
 | Beams:eB                                      |                  4.00000 |     7000.000         0.0             | 
 | Beams:frameType                               |                        2 |            1           1           5 | 
 | Beams:idA                                     |                       11 |         2212                         | 
 | Beams:idB                                     |                      -11 |         2212                         | 
 | HadronLevel:Hadronize                         |                      off |           on                         | 
 | Next:numberCount                              |                    10000 |         1000           0             | 
 | PartonLevel:MPI                               |                      off |           on                         | 
 | Random:seed                                   |                        0 |           -1               900000000 | 
 | Random:setSeed                                |                       on |          off                         | 
 | WeakSingleBoson:ffbar2ffbar(s:gm)             |                       on |          off                         | 
 |                                                                                                                 | 
 *-------  End PYTHIA Flag + Mode + Parm + Word + FVec + MVec + PVec + WVec Settings  -----------------------------* 

 --------  PYTHIA Particle Data Table (changed only)  ------------------------------------------------------------------------------
 
      id   name            antiName         spn chg col      m0        mWidth      mMin       mMax       tau0    res dec ext vis wid
             no onMode   bRatio   meMode     products 

      15  tau-             tau+               2  -3   0    1.77682    0.00000    0.00000    0.00000  8.71100e-02   0   1   0   1   0
              0     1   0.0000000  103       36       13 
              1     1   0.0000000  103       36       11 

      36  x                                   1   0   0    1.78624    0.00000    0.00000    0.00000  8.19068e-03   0   1   0   0   0
              0     1   0.0000000  103       15      -15 
              1     1   0.9951530  103       13      -13 
              2     1   0.0048469  103       11      -11 
              3     1   0.0000000  103       22       22 

 --------  End PYTHIA Particle Data Table  -----------------------------------------------------------------------------------------


 --------  PYTHIA Info Listing  ---------------------------------------- 
 
 Beam A: id =     11, pz =  5.292e+00, e =  5.292e+00, m =  5.110e-04.
 Beam B: id =    -11, pz = -5.292e+00, e =  5.292e+00, m =  5.110e-04.

 In 1: id =   11, x =  1.000e+00, pdf =  9.474e+07 at Q2 =  1.120e+02.
 In 2: id =  -11, x =  1.000e+00, pdf =  6.233e+08 at same Q2.

 Subprocess f fbar -> f' fbar' (s-channel gamma*) with code 223 is 2 -> 2.
 It has sHat =  1.120e+02,    tHat = -2.365e+01,    uHat = -8.835e+01,
       pTHat =  4.300e+00,   m3Hat =  5.000e-01,   m4Hat =  5.000e-01,
    thetaHat =  9.549e-01,  phiHat =  6.079e+00.
     alphaEM =  7.631e-03,  alphaS =  1.975e-01    at Q2 =  1.120e+02.

 Impact parameter b =  0.000e+00 gives enhancement factor =  1.000e+00.
 Max pT scale for MPI =  1.058e+01, ISR =  1.058e+01, FSR =  1.058e+01.
 Number of MPI =     1, ISR =     0, FSRproc =     5, FSRreson =     0.

 --------  End PYTHIA Info Listing  ------------------------------------

 --------  PYTHIA Event Listing  (hard process)  -----------------------------------------------------------------------------------
 
    no         id  name            status     mothers   daughters     colours      p_x        p_y        p_z         e          m 
     0         90  (system)           -11     0     0     0     0     0     0      0.000      0.000      3.000     11.000     10.583
     1         11  (e-)               -12     0     0     3     0     0     0      0.000      0.000      7.000      7.000      0.001
     2        -11  (e+)               -12     0     0     4     0     0     0      0.000      0.000     -4.000      4.000      0.001
     3         11  (e-)               -21     1     0     5     6     0     0      0.000      0.000      7.000      7.000      0.000
     4        -11  (e+)               -21     2     0     5     6     0     0      0.000      0.000     -4.000      4.000      0.000
     5          3  s                   23     3     4     0     0   101     0      4.210     -0.874      4.663      6.363      0.500
     6         -3  sbar                23     3     4     0     0     0   101     -4.210      0.874     -1.663      4.637      0.500
                                   Charge sum:  0.000           Momentum sum:      0.000      0.000      3.000     11.000     10.583

 --------  End PYTHIA Event Listing  -----------------------------------------------------------------------------------------------

 --------  PYTHIA Event Listing  (complete event)  ---------------------------------------------------------------------------------
 
    no         id  name            status     mothers   daughters     colours      p_x        p_y        p_z         e          m 
     0         90  (system)           -11     0     0     0     0     0     0      0.000      0.000      3.000     11.000     10.583
     1         11  (e-)               -12     0     0    22     0     0     0      0.000      0.000      7.000      7.000      0.001
     2        -11  (e+)               -12     0     0    23     0     0     0      0.000      0.000     -4.000      4.000      0.001
     3         11  (e-)               -21    22    22     5     6     0     0      0.000      0.000      7.000      7.000      0.000
     4        -11  (e+)               -21    23    23     5     6     0     0      0.000      0.000     -4.000      4.000      0.000
     5          3  (s)                -23     3     4     7     8   101     0      4.210     -0.874      4.663      6.363      0.500
     6         -3  (sbar)             -23     3     4     9     9     0   101     -4.210      0.874     -1.663      4.637      0.500
     7          3  (s)                -51     5     0    12    12   102     0     -0.614      1.383      2.270      2.773      0.500
     8         21  (g)                -51     5     0    10    11   101   102      3.779     -2.040      1.977      4.727      0.000
     9         -3  (sbar)             -52     6     6    13    14     0   101     -3.164      0.657     -1.246      3.500      0.500
    10         21  (g)                -51     8     0    15    15   101   104      2.260     -0.891      0.303      2.448      0.000
    11         21  (g)                -51     8     0    19    20   104   102      1.434     -0.975      1.946      2.607      0.000
    12          3  (s)                -52     7     7    24    24   102     0     -0.530      1.209      1.997      2.445      0.500
    13         -3  (sbar)             -51     9     0    25    25     0   105     -2.467      0.729     -1.545      3.043      0.500
    14         21  (g)                -51     9     0    18    18   105   101     -0.532     -0.137      0.321      0.636      0.000
    15         21  (g)                -52    10    10    16    17   101   104      2.095     -0.826      0.281      2.269      0.000
    16         21  (g)                -51    15     0    21    21   106   104      1.666     -1.099      0.068      1.997      0.000
    17         21  (g)                -51    15     0    29    29   101   106      0.264      0.231      0.312      0.470      0.000
    18         21  (g)                -52    14    14    28    28   105   101     -0.367     -0.095      0.221      0.439      0.000
    19         21  (g)                -51    11     0    27    27   107   102      0.783     -0.254      0.092      0.828      0.000
    20         21  (g)                -51    11     0    30    30   104   107      1.308     -1.154      1.881      2.565      0.000
    21         21  (g)                -52    16    16    26    26   106   104      1.010     -0.666      0.041      1.211      0.000
    22         11  (e-)               -61     1     0     3     3     0     0      0.000      0.000      7.000      7.000      0.000
    23        -11  (e+)               -61     2     0     4     4     0     0      0.000      0.000     -4.000      4.000      0.000
    24          3  s                   62    12    12     0     0   102     0     -0.530      1.209      1.997      2.445      0.500
    25         -3  sbar                62    13    13     0     0     0   105     -2.467      0.729     -1.545      3.043      0.500
    26         21  g                   62    21    21     0     0   106   104      1.010     -0.666      0.041      1.211      0.000
    27         21  g                   62    19    19     0     0   107   102      0.783     -0.254      0.092      0.828      0.000
    28         21  g                   62    18    18     0     0   105   101     -0.367     -0.095      0.221      0.439      0.000
    29         21  g                   62    17    17     0     0   101   106      0.264      0.231      0.312      0.470      0.000
    30         21  g                   62    20    20     0     0   104   107      1.308     -1.154      1.881      2.565      0.000
    31         22  gamma               63     1     0     0     0     0     0      0.000      0.000      0.000      0.000      0.000
    32         22  gamma               63     2     0     0     0     0     0      0.000      0.000     -0.000      0.000      0.000
                                   Charge sum:  0.000           Momentum sum:     -0.000      0.000      3.000     11.000     10.583

 --------  End PYTHIA Event Listing  -----------------------------------------------------------------------------------------------
 PYTHIA Warning in TauDecays::decay: unknown correlated tau production, assuming from unpolarized photon  
 PYTHIA Warning in PhaseSpace2to2tauyz::trialKin: maximum for cross section violated  

 *-------  PYTHIA Event and Cross Section Statistics  -------------------------------------------------------------*
 |                                                                                                                 |
 | Subprocess                                    Code |            Number of events       |      sigma +- delta    |
 |                                                    |       Tried   Selected   Accepted |     (estimated) (mb)   |
 |                                                    |                                   |                        |
 |-----------------------------------------------------------------------------------------------------------------|
 |                                                    |                                   |                        |
 | f fbar -> f' fbar' (s-channel gamma*)          223 |      241500      10000      10000 |   5.996e-06  2.977e-08 |
 |                                                    |                                   |                        |
 | sum                                                |      241500      10000      10000 |   5.996e-06  2.977e-08 |
 |                                                                                                                 |
 *-------  End PYTHIA Event and Cross Section Statistics ----------------------------------------------------------*

 *-------  PYTHIA Error and Warning Messages Statistics  ----------------------------------------------------------* 
 |                                                                                                                 | 
 |  times   message                                                                                                | 
 |                                                                                                                 | 
 |     15   Warning in PhaseSpace2to2tauyz::trialKin: maximum for cross section violated                           | 
 |   2994   Warning in TauDecays::decay: unknown correlated tau production, assuming from unpolarized photon       | 
 |                                                                                                                 | 
 *-------  End PYTHIA Error and Warning Messages Statistics  ------------------------------------------------------* 
Gammatau2xmu: 0.000e+00

Gammatau2xe: 0.000e+00

BRtau2xmu: 0.000e+00

BRtau2xe: 0.000e+00

produced tau excluding those daughters are also tau lepton: 2.994e+03
produced X: 0.000e+00
produced X/NMC: 0.000e+00

Proportion of X flying forward (eta>0): -nan
Proportion of X flying backward (eta<0): -nan

Total Gamma [GeV]: 2.409e-11
ctau [m]: 8.191e-06

Gammax2tautau: 0.000e+00

Gammax2mumu: 2.397e-11

Gammax2ee: 1.168e-13

Gammax2gmgm: 0.000e+00

BRx2tautau: 0.000e+00

BRx2mumu: 9.952e-01

BRx2ee: 4.847e-03

BRx2gmgm: 0.000e+00

X: insideFidVol: 0.000e+00
observedX: 0.000e+00
visibleX: 0.000e+00

X Observed Fiducial efficiency: -nan
X Visible Fiducial efficiency: -nan

reallyProduced tau: 9.200e+10
total number of tau-tau events: 4.600e+10

reallyProducedX: 0.000e+00
reallyobservedX: -nan
reallyvisibleX: -nan

