mX:  1
g_TM_Lamb:  2e-08
g_MM_Lamb:  4e-08
NMC 10000

 *-------  PYTHIA Process Initialization  --------------------------*
 |                                                                  |
 | We collide e- with e+ at a CM energy of 1.058e+01 GeV            |
 |                                                                  |
 |------------------------------------------------------------------|
 |                                                    |             |
 | Subprocess                                    Code |   Estimated |
 |                                                    |    max (mb) |
 |                                                    |             |
 |------------------------------------------------------------------|
 |                                                    |             |
 | f fbar -> f' fbar' (s-channel gamma*)          223 |   1.501e-04 |
 |                                                                  |
 *-------  End PYTHIA Process Initialization -----------------------*

 *-------  PYTHIA Flag + Mode + Parm + Word + FVec + MVec + PVec + WVec Settings (changes only)  ------------------* 
 |                                                                                                                 | 
 | Name                                          |                      Now |      Default         Min         Max | 
 |                                               |                          |                                      | 
 | Beams:eA                                      |                  7.00000 |     7000.000         0.0             | 
 | Beams:eB                                      |                  4.00000 |     7000.000         0.0             | 
 | Beams:frameType                               |                        2 |            1           1           5 | 
 | Beams:idA                                     |                       11 |         2212                         | 
 | Beams:idB                                     |                      -11 |         2212                         | 
 | HadronLevel:Hadronize                         |                      off |           on                         | 
 | Next:numberCount                              |                    10000 |         1000           0             | 
 | PartonLevel:MPI                               |                      off |           on                         | 
 | Random:seed                                   |                        0 |           -1               900000000 | 
 | Random:setSeed                                |                       on |          off                         | 
 | WeakSingleBoson:ffbar2ffbar(s:gm)             |                       on |          off                         | 
 |                                                                                                                 | 
 *-------  End PYTHIA Flag + Mode + Parm + Word + FVec + MVec + PVec + WVec Settings  -----------------------------* 

 --------  PYTHIA Particle Data Table (changed only)  ------------------------------------------------------------------------------
 
      id   name            antiName         spn chg col      m0        mWidth      mMin       mMax       tau0    res dec ext vis wid
             no onMode   bRatio   meMode     products 

      15  tau-             tau+               2  -3   0    1.77682    0.00000    0.00000    0.00000  8.71100e-02   0   1   0   1   0
              0     1   0.0000180  103       36       13 
              1     1   0.0000000  103       36       11 

      36  x                                   1   0   0    1.00000    0.00000    0.00000    0.00000  3.75174e+03   0   1   0   0   0
              0     1   0.0000000  103       15      -15 
              1     1   1.0000000  103       13      -13 
              2     1   0.0000000  103       11      -11 
              3     1   0.0000000  103       22       22 

 --------  End PYTHIA Particle Data Table  -----------------------------------------------------------------------------------------


 --------  PYTHIA Info Listing  ---------------------------------------- 
 
 Beam A: id =     11, pz =  5.292e+00, e =  5.292e+00, m =  5.110e-04.
 Beam B: id =    -11, pz = -5.292e+00, e =  5.292e+00, m =  5.110e-04.

 In 1: id =   11, x =  9.874e-01, pdf =  2.883e+00 at Q2 =  9.585e+01.
 In 2: id =  -11, x =  8.667e-01, pdf =  2.351e-01 at same Q2.

 Subprocess f fbar -> f' fbar' (s-channel gamma*) with code 223 is 2 -> 2.
 It has sHat =  9.585e+01,    tHat = -7.119e+01,    uHat = -2.466e+01,
       pTHat =  4.280e+00,   m3Hat =  5.110e-04,   m4Hat =  5.110e-04,
    thetaHat =  2.078e+00,  phiHat =  4.689e+00.
     alphaEM =  7.625e-03,  alphaS =  2.012e-01    at Q2 =  9.585e+01.

 Impact parameter b =  0.000e+00 gives enhancement factor =  1.000e+00.
 Max pT scale for MPI =  1.058e+01, ISR =  1.058e+01, FSR =  1.058e+01.
 Number of MPI =     1, ISR =     2, FSRproc =     0, FSRreson =     0.

 --------  End PYTHIA Info Listing  ------------------------------------

 --------  PYTHIA Event Listing  (hard process)  -----------------------------------------------------------------------------------
 
    no         id  name            status     mothers   daughters     colours      p_x        p_y        p_z         e          m 
     0         90  (system)           -11     0     0     0     0     0     0      0.000      0.000      3.000     11.000     10.583
     1         11  (e-)               -12     0     0     3     0     0     0      0.000      0.000      7.000      7.000      0.001
     2        -11  (e+)               -12     0     0     4     0     0     0      0.000      0.000     -4.000      4.000      0.001
     3         11  (e-)               -21     1     0     5     6     0     0      0.000      0.000      6.912      6.912      0.000
     4        -11  (e+)               -21     2     0     5     6     0     0      0.000      0.000     -3.467      3.467      0.000
     5         11  e-                  23     3     4     0     0     0     0     -0.098     -4.278     -0.797      4.353      0.001
     6        -11  e+                  23     3     4     0     0     0     0      0.098      4.278      4.242      6.026      0.001
                                   Charge sum:  0.000           Momentum sum:      0.000      0.000      3.445     10.379      9.790

 --------  End PYTHIA Event Listing  -----------------------------------------------------------------------------------------------

 --------  PYTHIA Event Listing  (complete event)  ---------------------------------------------------------------------------------
 
    no         id  name            status     mothers   daughters     colours      p_x        p_y        p_z         e          m 
     0         90  (system)           -11     0     0     0     0     0     0      0.000      0.000      3.000     11.000     10.583
     1         11  (e-)               -12     0     0    18     0     0     0      0.000      0.000      7.000      7.000      0.001
     2        -11  (e+)               -12     0     0    19     0     0     0      0.000      0.000     -4.000      4.000      0.001
     3         11  (e-)               -21     7     7     5     6     0     0      0.000      0.000      6.912      6.912      0.000
     4        -11  (e+)               -21     8     0     5     6     0     0      0.000      0.000     -3.467      3.467      0.000
     5         11  (e-)               -23     3     4     9     9     0     0     -0.098     -4.278     -0.797      4.353      0.001
     6        -11  (e+)               -23     3     4    10    10     0     0      0.098      4.278      4.242      6.026      0.001
     7         11  (e-)               -42    12     0     3     3     0     0      0.000     -0.000      6.912      6.912      0.000
     8        -11  (e+)               -41    13    13    11     4     0     0     -0.000      0.000     -4.000      4.000      0.000
     9         11  (e-)               -44     5     5    14    14     0     0     -0.329     -3.952     -1.160      4.132      0.001
    10        -11  (e+)               -44     6     6    15    15     0     0      0.018      4.391      4.344      6.177      0.001
    11         22  (gamma)            -43     8     0    16    16     0     0      0.311     -0.439     -0.272      0.603      0.000
    12         11  (e-)               -41    18    18    17     7     0     0      0.000      0.000      7.000      7.000      0.000
    13        -11  (e+)               -42    19    19     8     8     0     0      0.000      0.000     -4.000      4.000      0.000
    14         11  (e-)               -44     9     9    20    20     0     0     -0.328     -3.952     -1.160      4.132      0.001
    15        -11  (e+)               -44    10    10    21    21     0     0      0.020      4.392      4.344      6.177      0.001
    16         22  (gamma)            -44    11    11    22    22     0     0      0.311     -0.439     -0.272      0.603      0.000
    17         22  (gamma)            -43    12     0    23    23     0     0     -0.003     -0.000      0.088      0.088      0.000
    18         11  (e-)               -61     1     0    12    12     0     0      0.000     -0.000      7.000      7.000      0.000
    19        -11  (e+)               -61     2     0    13    13     0     0     -0.000      0.000     -4.000      4.000      0.000
    20         11  e-                  62    14    14     0     0     0     0     -0.328     -3.952     -1.160      4.132      0.001
    21        -11  e+                  62    15    15     0     0     0     0      0.020      4.392      4.344      6.177      0.001
    22         22  gamma               62    16    16     0     0     0     0      0.311     -0.439     -0.272      0.603      0.000
    23         22  gamma               62    17    17     0     0     0     0     -0.003     -0.000      0.088      0.088      0.000
    24         22  gamma               63     1     0     0     0     0     0      0.000      0.000      0.000      0.000      0.000
    25         22  gamma               63     2     0     0     0     0     0      0.000      0.000     -0.000      0.000      0.000
                                   Charge sum:  0.000           Momentum sum:     -0.000     -0.000      3.000     11.000     10.583

 --------  End PYTHIA Event Listing  -----------------------------------------------------------------------------------------------
 PYTHIA Warning in TauDecays::decay: unknown correlated tau production, assuming from unpolarized photon  
 PYTHIA Warning in PhaseSpace2to2tauyz::trialKin: maximum for cross section violated  

 *-------  PYTHIA Event and Cross Section Statistics  -------------------------------------------------------------*
 |                                                                                                                 |
 | Subprocess                                    Code |            Number of events       |      sigma +- delta    |
 |                                                    |       Tried   Selected   Accepted |     (estimated) (mb)   |
 |                                                    |                                   |                        |
 |-----------------------------------------------------------------------------------------------------------------|
 |                                                    |                                   |                        |
 | f fbar -> f' fbar' (s-channel gamma*)          223 |      252955      10000      10000 |   5.986e-06  2.929e-08 |
 |                                                    |                                   |                        |
 | sum                                                |      252955      10000      10000 |   5.986e-06  2.929e-08 |
 |                                                                                                                 |
 *-------  End PYTHIA Event and Cross Section Statistics ----------------------------------------------------------*

 *-------  PYTHIA Error and Warning Messages Statistics  ----------------------------------------------------------* 
 |                                                                                                                 | 
 |  times   message                                                                                                | 
 |                                                                                                                 | 
 |     12   Warning in PhaseSpace2to2tauyz::trialKin: maximum for cross section violated                           | 
 |   1483   Warning in TauDecays::decay: unknown correlated tau production, assuming from unpolarized photon       | 
 |                                                                                                                 | 
 *-------  End PYTHIA Error and Warning Messages Statistics  ------------------------------------------------------* 
Gammatau2xmu: 4.077e-17

Gammatau2xe: 0.000e+00

BRtau2xmu: 1.799e-05

BRtau2xe: 0.000e+00

produced tau excluding those daughters are also tau lepton: 2.966e+03
produced X: 2.966e+03
produced X/NMC: 2.966e-01

Proportion of X flying forward (eta>0): 6.261e-01
Proportion of X flying backward (eta<0): 3.739e-01

Total Gamma [GeV]: 5.260e-17
ctau [m]: 3.752e+00

Gammax2tautau: 0.000e+00

Gammax2mumu: 5.260e-17

Gammax2ee: 0.000e+00

Gammax2gmgm: 0.000e+00

BRx2tautau: 0.000e+00

BRx2mumu: 1.000e+00

BRx2ee: 0.000e+00

BRx2gmgm: 0.000e+00

X: insideFidVol: 1.980e+02
observedX: 1.993e+02
visibleX: 1.993e+01

X Observed Fiducial efficiency: 6.719e-02
X Visible Fiducial efficiency: 6.719e-03

reallyProduced tau: 9.200e+10
total number of tau-tau events: 4.600e+10

reallyProducedX: 5.829e+05
reallyobservedX: 3.916e+04
reallyvisibleX: 3.916e+03

