mX:  1
g_TM_Lamb:  4e-07
g_MM_Lamb:  1e-09
NMC 10000

 *-------  PYTHIA Process Initialization  --------------------------*
 |                                                                  |
 | We collide e- with e+ at a CM energy of 1.058e+01 GeV            |
 |                                                                  |
 |------------------------------------------------------------------|
 |                                                    |             |
 | Subprocess                                    Code |   Estimated |
 |                                                    |    max (mb) |
 |                                                    |             |
 |------------------------------------------------------------------|
 |                                                    |             |
 | f fbar -> f' fbar' (s-channel gamma*)          223 |   1.345e-04 |
 |                                                                  |
 *-------  End PYTHIA Process Initialization -----------------------*

 *-------  PYTHIA Flag + Mode + Parm + Word + FVec + MVec + PVec + WVec Settings (changes only)  ------------------* 
 |                                                                                                                 | 
 | Name                                          |                      Now |      Default         Min         Max | 
 |                                               |                          |                                      | 
 | Beams:eA                                      |                  7.00000 |     7000.000         0.0             | 
 | Beams:eB                                      |                  4.00000 |     7000.000         0.0             | 
 | Beams:frameType                               |                        2 |            1           1           5 | 
 | Beams:idA                                     |                       11 |         2212                         | 
 | Beams:idB                                     |                      -11 |         2212                         | 
 | HadronLevel:Hadronize                         |                      off |           on                         | 
 | Next:numberCount                              |                    10000 |         1000           0             | 
 | PartonLevel:MPI                               |                      off |           on                         | 
 | Random:seed                                   |                        0 |           -1               900000000 | 
 | Random:setSeed                                |                       on |          off                         | 
 | WeakSingleBoson:ffbar2ffbar(s:gm)             |                       on |          off                         | 
 |                                                                                                                 | 
 *-------  End PYTHIA Flag + Mode + Parm + Word + FVec + MVec + PVec + WVec Settings  -----------------------------* 

 --------  PYTHIA Particle Data Table (changed only)  ------------------------------------------------------------------------------
 
      id   name            antiName         spn chg col      m0        mWidth      mMin       mMax       tau0    res dec ext vis wid
             no onMode   bRatio   meMode     products 

      15  tau-             tau+               2  -3   0    1.77682    0.00000    0.00000    0.00000  8.71100e-02   0   1   0   1   0
              0     1   0.0071464  103       36       13 
              1     1   0.0000000  103       36       11 

      36  x                                   1   0   0    1.00000    0.00000    0.00000    0.00000  6.00278e+06   0   1   0   0   0
              0     1   0.0000000  103       15      -15 
              1     1   1.0000000  103       13      -13 
              2     1   0.0000000  103       11      -11 
              3     1   0.0000000  103       22       22 

 --------  End PYTHIA Particle Data Table  -----------------------------------------------------------------------------------------


 --------  PYTHIA Info Listing  ---------------------------------------- 
 
 Beam A: id =     11, pz =  5.292e+00, e =  5.292e+00, m =  5.110e-04.
 Beam B: id =    -11, pz = -5.292e+00, e =  5.292e+00, m =  5.110e-04.

 In 1: id =   11, x =  9.844e-01, pdf =  2.345e+00 at Q2 =  1.082e+02.
 In 2: id =  -11, x =  9.812e-01, pdf =  1.945e+00 at same Q2.

 Subprocess f fbar -> f' fbar' (s-channel gamma*) with code 223 is 2 -> 2.
 It has sHat =  1.082e+02,    tHat = -6.533e+01,    uHat = -4.285e+01,
       pTHat =  4.871e+00,   m3Hat =  1.500e+00,   m4Hat =  1.500e+00,
    thetaHat =  1.780e+00,  phiHat =  4.255e+00.
     alphaEM =  7.630e-03,  alphaS =  1.983e-01    at Q2 =  1.082e+02.

 Impact parameter b =  0.000e+00 gives enhancement factor =  1.000e+00.
 Max pT scale for MPI =  1.058e+01, ISR =  1.040e+01, FSR =  1.040e+01.
 Number of MPI =     1, ISR =     2, FSRproc =     2, FSRreson =     0.

 --------  End PYTHIA Info Listing  ------------------------------------

 --------  PYTHIA Event Listing  (hard process)  -----------------------------------------------------------------------------------
 
    no         id  name            status     mothers   daughters     colours      p_x        p_y        p_z         e          m 
     0         90  (system)           -11     0     0     0     0     0     0      0.000      0.000      3.000     11.000     10.583
     1         11  (e-)               -12     0     0     3     0     0     0      0.000      0.000      7.000      7.000      0.001
     2        -11  (e+)               -12     0     0     4     0     0     0      0.000      0.000     -4.000      4.000      0.001
     3         11  (e-)               -21     1     0     5     6     0     0      0.000      0.000      6.891      6.891      0.000
     4        -11  (e+)               -21     2     0     5     6     0     0      0.000      0.000     -3.925      3.925      0.000
     5          4  c                   23     3     4     0     0   101     0     -2.150     -4.370      0.407      5.113      1.500
     6         -4  cbar                23     3     4     0     0     0   101      2.150      4.370      2.559      5.703      1.500
                                   Charge sum:  0.000           Momentum sum:      0.000      0.000      2.966     10.815     10.401

 --------  End PYTHIA Event Listing  -----------------------------------------------------------------------------------------------

 --------  PYTHIA Event Listing  (complete event)  ---------------------------------------------------------------------------------
 
    no         id  name            status     mothers   daughters     colours      p_x        p_y        p_z         e          m 
     0         90  (system)           -11     0     0     0     0     0     0      0.000      0.000      3.000     11.000     10.583
     1         11  (e-)               -12     0     0    28     0     0     0      0.000      0.000      7.000      7.000      0.001
     2        -11  (e+)               -12     0     0    29     0     0     0      0.000      0.000     -4.000      4.000      0.001
     3         11  (e-)               -21    13     0     5     6     0     0      0.000      0.000      6.891      6.891      0.000
     4        -11  (e+)               -21    14    14     5     6     0     0      0.000      0.000     -3.925      3.925      0.000
     5          4  (c)                -23     3     4     7     8   101     0     -2.150     -4.370      0.407      5.113      1.500
     6         -4  (cbar)             -23     3     4     9     9     0   101      2.150      4.370      2.559      5.703      1.500
     7          4  (c)                -51     5     0    15    15   103     0     -2.464     -3.633      1.363      4.835      1.500
     8         21  (g)                -51     5     0    10    11   101   103      0.571     -0.215     -0.666      0.903      0.000
     9         -4  (cbar)             -52     6     6    12    12     0   101      1.893      3.848      2.269      5.078      1.500
    10         21  (g)                -51     8     0    17    17   105   103      0.467      0.361     -0.757      0.960      0.000
    11         21  (g)                -51     8     0    18    18   101   105      0.304     -0.100      0.399      0.511      0.000
    12         -4  (cbar)             -52     9     9    16    16     0   101      1.693      3.372      1.962      4.509      1.500
    13         11  (e-)               -41    20    20    19     3     0     0      0.000     -0.000      7.000      7.000      0.000
    14        -11  (e+)               -42    21     0     4     4     0     0     -0.000      0.000     -3.925      3.925      0.000
    15          4  (c)                -44     7     7    22    22   103     0     -2.448     -3.666      1.390      4.860      1.500
    16         -4  (cbar)             -44    12    12    23    23     0   101      1.709      3.337      2.013      4.512      1.500
    17         21  (g)                -44    10    10    24    24   105   103      0.468      0.359     -0.749      0.953      0.000
    18         21  (g)                -44    11    11    25    25   101   105      0.306     -0.105      0.402      0.516      0.000
    19         22  (gamma)            -43    13     0    26    26     0     0     -0.034      0.074      0.019      0.084      0.000
    20         11  (e-)               -42    28    28    13    13     0     0     -0.000     -0.000      7.000      7.000      0.000
    21        -11  (e+)               -41    29    29    27    14     0     0      0.000      0.000     -4.000      4.000      0.000
    22          4  (c)                -44    15    15    30    30   103     0     -2.447     -3.666      1.389      4.859      1.500
    23         -4  (cbar)             -44    16    16    31    31     0   101      1.710      3.338      2.014      4.513      1.500
    24         21  (g)                -44    17    17    32    32   105   103      0.469      0.360     -0.748      0.953      0.000
    25         21  (g)                -44    18    18    33    33   101   105      0.306     -0.105      0.402      0.516      0.000
    26         22  (gamma)            -44    19    19    34    34     0     0     -0.034      0.074      0.019      0.084      0.000
    27         22  (gamma)            -43    21     0    35    35     0     0     -0.003     -0.000     -0.075      0.075      0.000
    28         11  (e-)               -61     1     0    20    20     0     0      0.000     -0.000      7.000      7.000      0.000
    29        -11  (e+)               -61     2     0    21    21     0     0      0.000      0.000     -4.000      4.000      0.000
    30          4  c                   62    22    22     0     0   103     0     -2.447     -3.666      1.389      4.859      1.500
    31         -4  cbar                62    23    23     0     0     0   101      1.710      3.338      2.014      4.513      1.500
    32         21  g                   62    24    24     0     0   105   103      0.469      0.360     -0.748      0.953      0.000
    33         21  g                   62    25    25     0     0   101   105      0.306     -0.105      0.402      0.516      0.000
    34         22  gamma               62    26    26     0     0     0     0     -0.034      0.074      0.019      0.084      0.000
    35         22  gamma               62    27    27     0     0     0     0     -0.003     -0.000     -0.075      0.075      0.000
    36         22  gamma               63     1     0     0     0     0     0      0.000      0.000      0.000      0.000      0.000
    37         22  gamma               63     2     0     0     0     0     0      0.000      0.000     -0.000      0.000      0.000
                                   Charge sum:  0.000           Momentum sum:      0.000     -0.000      3.000     11.000     10.583

 --------  End PYTHIA Event Listing  -----------------------------------------------------------------------------------------------
 PYTHIA Warning in TauDecays::decay: unknown correlated tau production, assuming from unpolarized photon  
 PYTHIA Warning in PhaseSpace2to2tauyz::trialKin: maximum for cross section violated  
 PYTHIA Warning in PhaseSpace2to2tauyz::finalKin: failed after mass assignment  

 *-------  PYTHIA Event and Cross Section Statistics  -------------------------------------------------------------*
 |                                                                                                                 |
 | Subprocess                                    Code |            Number of events       |      sigma +- delta    |
 |                                                    |       Tried   Selected   Accepted |     (estimated) (mb)   |
 |                                                    |                                   |                        |
 |-----------------------------------------------------------------------------------------------------------------|
 |                                                    |                                   |                        |
 | f fbar -> f' fbar' (s-channel gamma*)          223 |      221790      10001      10000 |   6.022e-06  3.160e-08 |
 |                                                    |                                   |                        |
 | sum                                                |      221790      10001      10000 |   6.022e-06  3.160e-08 |
 |                                                                                                                 |
 *-------  End PYTHIA Event and Cross Section Statistics ----------------------------------------------------------*

 *-------  PYTHIA Error and Warning Messages Statistics  ----------------------------------------------------------* 
 |                                                                                                                 | 
 |  times   message                                                                                                | 
 |                                                                                                                 | 
 |      1   Warning in PhaseSpace2to2tauyz::finalKin: failed after mass assignment                                 | 
 |    171   Warning in PhaseSpace2to2tauyz::trialKin: maximum for cross section violated                           | 
 |   1527   Warning in TauDecays::decay: unknown correlated tau production, assuming from unpolarized photon       | 
 |                                                                                                                 | 
 *-------  End PYTHIA Error and Warning Messages Statistics  ------------------------------------------------------* 
Gammatau2xmu: 1.631e-14

Gammatau2xe: 0.000e+00

BRtau2xmu: 7.146e-03

BRtau2xe: 0.000e+00

produced tau excluding those daughters are also tau lepton: 3.054e+03
produced X: 3.054e+03
produced X/NMC: 3.054e-01

Proportion of X flying forward (eta>0): 6.261e-01
Proportion of X flying backward (eta<0): 3.739e-01

Total Gamma [GeV]: 3.287e-20
ctau [m]: 6.003e+03

Gammax2tautau: 0.000e+00

Gammax2mumu: 3.287e-20

Gammax2ee: 0.000e+00

Gammax2gmgm: 0.000e+00

BRx2tautau: 0.000e+00

BRx2mumu: 1.000e+00

BRx2ee: 0.000e+00

BRx2gmgm: 0.000e+00

X: insideFidVol: 1.000e+00
observedX: 1.354e-01
visibleX: 1.354e-02

X Observed Fiducial efficiency: 4.435e-05
X Visible Fiducial efficiency: 4.435e-06

reallyProduced tau: 9.200e+10
total number of tau-tau events: 4.600e+10

reallyProducedX: 2.315e+08
reallyobservedX: 1.027e+04
reallyvisibleX: 1.027e+03

