mX:  1
g_TM_Lamb:  1.5e-07
g_MM_Lamb:  6e-06
NMC 10000

 *-------  PYTHIA Process Initialization  --------------------------*
 |                                                                  |
 | We collide e- with e+ at a CM energy of 1.058e+01 GeV            |
 |                                                                  |
 |------------------------------------------------------------------|
 |                                                    |             |
 | Subprocess                                    Code |   Estimated |
 |                                                    |    max (mb) |
 |                                                    |             |
 |------------------------------------------------------------------|
 |                                                    |             |
 | f fbar -> f' fbar' (s-channel gamma*)          223 |   1.248e-04 |
 |                                                                  |
 *-------  End PYTHIA Process Initialization -----------------------*

 *-------  PYTHIA Flag + Mode + Parm + Word + FVec + MVec + PVec + WVec Settings (changes only)  ------------------* 
 |                                                                                                                 | 
 | Name                                          |                      Now |      Default         Min         Max | 
 |                                               |                          |                                      | 
 | Beams:eA                                      |                  7.00000 |     7000.000         0.0             | 
 | Beams:eB                                      |                  4.00000 |     7000.000         0.0             | 
 | Beams:frameType                               |                        2 |            1           1           5 | 
 | Beams:idA                                     |                       11 |         2212                         | 
 | Beams:idB                                     |                      -11 |         2212                         | 
 | HadronLevel:Hadronize                         |                      off |           on                         | 
 | Next:numberCount                              |                    10000 |         1000           0             | 
 | PartonLevel:MPI                               |                      off |           on                         | 
 | Random:seed                                   |                        0 |           -1               900000000 | 
 | Random:setSeed                                |                       on |          off                         | 
 | WeakSingleBoson:ffbar2ffbar(s:gm)             |                       on |          off                         | 
 |                                                                                                                 | 
 *-------  End PYTHIA Flag + Mode + Parm + Word + FVec + MVec + PVec + WVec Settings  -----------------------------* 

 --------  PYTHIA Particle Data Table (changed only)  ------------------------------------------------------------------------------
 
      id   name            antiName         spn chg col      m0        mWidth      mMin       mMax       tau0    res dec ext vis wid
             no onMode   bRatio   meMode     products 

      15  tau-             tau+               2  -3   0    1.77682    0.00000    0.00000    0.00000  8.71100e-02   0   1   0   1   0
              0     1   0.0010112  103       36       13 
              1     1   0.0000000  103       36       11 

      36  x                                   1   0   0    1.00000    0.00000    0.00000    0.00000  1.66744e-01   0   1   0   0   0
              0     1   0.0000000  103       15      -15 
              1     1   1.0000000  103       13      -13 
              2     1   0.0000000  103       11      -11 
              3     1   0.0000000  103       22       22 

 --------  End PYTHIA Particle Data Table  -----------------------------------------------------------------------------------------


 --------  PYTHIA Info Listing  ---------------------------------------- 
 
 Beam A: id =     11, pz =  5.292e+00, e =  5.292e+00, m =  5.110e-04.
 Beam B: id =    -11, pz = -5.292e+00, e =  5.292e+00, m =  5.110e-04.

 In 1: id =   11, x =  8.660e-01, pdf =  2.337e-01 at Q2 =  9.698e+01.
 In 2: id =  -11, x =  9.999e-01, pdf =  3.006e+02 at same Q2.

 Subprocess f fbar -> f' fbar' (s-channel gamma*) with code 223 is 2 -> 2.
 It has sHat =  9.698e+01,    tHat = -8.118e+01,    uHat = -1.579e+01,
       pTHat =  3.636e+00,   m3Hat =  5.110e-04,   m4Hat =  5.110e-04,
    thetaHat =  2.311e+00,  phiHat =  3.662e+00.
     alphaEM =  7.625e-03,  alphaS =  2.009e-01    at Q2 =  9.698e+01.

 Impact parameter b =  0.000e+00 gives enhancement factor =  1.000e+00.
 Max pT scale for MPI =  1.058e+01, ISR =  1.058e+01, FSR =  1.058e+01.
 Number of MPI =     1, ISR =     1, FSRproc =     2, FSRreson =     0.

 --------  End PYTHIA Info Listing  ------------------------------------

 --------  PYTHIA Event Listing  (hard process)  -----------------------------------------------------------------------------------
 
    no         id  name            status     mothers   daughters     colours      p_x        p_y        p_z         e          m 
     0         90  (system)           -11     0     0     0     0     0     0      0.000      0.000      3.000     11.000     10.583
     1         11  (e-)               -12     0     0     3     0     0     0      0.000      0.000      7.000      7.000      0.001
     2        -11  (e+)               -12     0     0     4     0     0     0      0.000      0.000     -4.000      4.000      0.001
     3         11  (e-)               -21     1     0     5     6     0     0      0.000      0.000      6.062      6.062      0.000
     4        -11  (e+)               -21     2     0     5     6     0     0      0.000      0.000     -4.000      4.000      0.000
     5         11  e-                  23     3     4     0     0     0     0     -3.154     -1.809     -2.361      4.335      0.001
     6        -11  e+                  23     3     4     0     0     0     0      3.154      1.809      4.423      5.726      0.001
                                   Charge sum:  0.000           Momentum sum:      0.000      0.000      2.062     10.061      9.848

 --------  End PYTHIA Event Listing  -----------------------------------------------------------------------------------------------

 --------  PYTHIA Event Listing  (complete event)  ---------------------------------------------------------------------------------
 
    no         id  name            status     mothers   daughters     colours      p_x        p_y        p_z         e          m 
     0         90  (system)           -11     0     0     0     0     0     0      0.000      0.000      3.000     11.000     10.583
     1         11  (e-)               -12     0     0    19     0     0     0      0.000      0.000      7.000      7.000      0.001
     2        -11  (e+)               -12     0     0    20     0     0     0      0.000      0.000     -4.000      4.000      0.001
     3         11  (e-)               -21     9     9     5     6     0     0      0.000      0.000      6.062      6.062      0.000
     4        -11  (e+)               -21    11    11     5     6     0     0      0.000      0.000     -4.000      4.000      0.000
     5         11  (e-)               -23     3     4     7     8     0     0     -3.154     -1.809     -2.361      4.335      0.001
     6        -11  (e+)               -23     3     4    13    13     0     0      3.154      1.809      4.423      5.726      0.001
     7         11  (e-)               -51     5     0    12    12     0     0     -2.844     -1.626     -2.113      3.898      0.001
     8         22  (gamma)            -51     5     0    14    14     0     0     -0.311     -0.183     -0.248      0.438      0.000
     9         11  (e-)               -53    10     0     3     3     0     0      0.000      0.000      6.062      6.062      0.000
    10         11  (e-)               -41    19    19    15     9     0     0     -0.000     -0.000      7.000      7.000      0.000
    11        -11  (e+)               -42    18    18     4     4     0     0      0.000      0.000     -4.000      4.000      0.000
    12         11  (e-)               -44     7     7    21    21     0     0     -2.844     -1.626     -2.113      3.898      0.001
    13        -11  (e+)               -44     6     6    16    17     0     0      3.154      1.809      4.423      5.726      0.001
    14         22  (gamma)            -44     8     8    23    23     0     0     -0.311     -0.183     -0.248      0.438      0.000
    15         22  (gamma)            -43    10     0    24    24     0     0      0.000      0.001      0.938      0.938      0.000
    16        -11  (e+)               -51    13     0    22    22     0     0      3.154      1.808      4.423      5.725      0.001
    17         22  (gamma)            -51    13     0    25    25     0     0      0.000      0.000      0.001      0.001      0.000
    18        -11  (e+)               -53    20    20    11    11     0     0      0.000      0.000     -4.000      4.000      0.000
    19         11  (e-)               -61     1     0    10    10     0     0      0.000      0.000      7.000      7.000      0.000
    20        -11  (e+)               -61     2     0    18    18     0     0      0.000      0.000     -4.000      4.000      0.000
    21         11  e-                  62    12    12     0     0     0     0     -2.844     -1.626     -2.113      3.898      0.001
    22        -11  e+                  62    16    16     0     0     0     0      3.154      1.808      4.423      5.725      0.001
    23         22  gamma               62    14    14     0     0     0     0     -0.311     -0.183     -0.248      0.438      0.000
    24         22  gamma               62    15    15     0     0     0     0      0.000      0.001      0.938      0.938      0.000
    25         22  gamma               62    17    17     0     0     0     0      0.000      0.000      0.001      0.001      0.000
    26         22  gamma               63     1     0     0     0     0     0      0.000      0.000      0.000      0.000      0.000
    27         22  gamma               63     2     0     0     0     0     0      0.000      0.000     -0.000      0.000      0.000
                                   Charge sum:  0.000           Momentum sum:     -0.000      0.000      3.000     11.000     10.583

 --------  End PYTHIA Event Listing  -----------------------------------------------------------------------------------------------
 PYTHIA Warning in TauDecays::decay: unknown correlated tau production, assuming from unpolarized photon  
 PYTHIA Warning in PhaseSpace2to2tauyz::trialKin: maximum for cross section violated  

 *-------  PYTHIA Event and Cross Section Statistics  -------------------------------------------------------------*
 |                                                                                                                 |
 | Subprocess                                    Code |            Number of events       |      sigma +- delta    |
 |                                                    |       Tried   Selected   Accepted |     (estimated) (mb)   |
 |                                                    |                                   |                        |
 |-----------------------------------------------------------------------------------------------------------------|
 |                                                    |                                   |                        |
 | f fbar -> f' fbar' (s-channel gamma*)          223 |      211224      10000      10000 |   5.925e-06  3.208e-08 |
 |                                                    |                                   |                        |
 | sum                                                |      211224      10000      10000 |   5.925e-06  3.208e-08 |
 |                                                                                                                 |
 *-------  End PYTHIA Event and Cross Section Statistics ----------------------------------------------------------*

 *-------  PYTHIA Error and Warning Messages Statistics  ----------------------------------------------------------* 
 |                                                                                                                 | 
 |  times   message                                                                                                | 
 |                                                                                                                 | 
 |    359   Warning in PhaseSpace2to2tauyz::trialKin: maximum for cross section violated                           | 
 |   1524   Warning in TauDecays::decay: unknown correlated tau production, assuming from unpolarized photon       | 
 |                                                                                                                 | 
 *-------  End PYTHIA Error and Warning Messages Statistics  ------------------------------------------------------* 
Gammatau2xmu: 2.293e-15

Gammatau2xe: 0.000e+00

BRtau2xmu: 1.011e-03

BRtau2xe: 0.000e+00

produced tau excluding those daughters are also tau lepton: 3.048e+03
produced X: 3.048e+03
produced X/NMC: 3.048e-01

Proportion of X flying forward (eta>0): 6.125e-01
Proportion of X flying backward (eta<0): 3.875e-01

Total Gamma [GeV]: 1.183e-12
ctau [m]: 1.667e-04

Gammax2tautau: 0.000e+00

Gammax2mumu: 1.183e-12

Gammax2ee: 0.000e+00

Gammax2gmgm: 0.000e+00

BRx2tautau: 0.000e+00

BRx2mumu: 1.000e+00

BRx2ee: 0.000e+00

BRx2gmgm: 0.000e+00

X: insideFidVol: 0.000e+00
observedX: 7.812e-52
visibleX: 7.812e-53

X Observed Fiducial efficiency: 2.563e-55
X Visible Fiducial efficiency: 2.563e-56

reallyProduced tau: 9.200e+10
total number of tau-tau events: 4.600e+10

reallyProducedX: 3.276e+07
reallyobservedX: 8.395e-48
reallyvisibleX: 8.395e-49

