mX:  1
g_TM_Lamb:  4e-09
g_MM_Lamb:  3e-07
NMC 10000

 *-------  PYTHIA Process Initialization  --------------------------*
 |                                                                  |
 | We collide e- with e+ at a CM energy of 1.058e+01 GeV            |
 |                                                                  |
 |------------------------------------------------------------------|
 |                                                    |             |
 | Subprocess                                    Code |   Estimated |
 |                                                    |    max (mb) |
 |                                                    |             |
 |------------------------------------------------------------------|
 |                                                    |             |
 | f fbar -> f' fbar' (s-channel gamma*)          223 |   1.453e-04 |
 |                                                                  |
 *-------  End PYTHIA Process Initialization -----------------------*

 *-------  PYTHIA Flag + Mode + Parm + Word + FVec + MVec + PVec + WVec Settings (changes only)  ------------------* 
 |                                                                                                                 | 
 | Name                                          |                      Now |      Default         Min         Max | 
 |                                               |                          |                                      | 
 | Beams:eA                                      |                  7.00000 |     7000.000         0.0             | 
 | Beams:eB                                      |                  4.00000 |     7000.000         0.0             | 
 | Beams:frameType                               |                        2 |            1           1           5 | 
 | Beams:idA                                     |                       11 |         2212                         | 
 | Beams:idB                                     |                      -11 |         2212                         | 
 | HadronLevel:Hadronize                         |                      off |           on                         | 
 | Next:numberCount                              |                    10000 |         1000           0             | 
 | PartonLevel:MPI                               |                      off |           on                         | 
 | Random:seed                                   |                        0 |           -1               900000000 | 
 | Random:setSeed                                |                       on |          off                         | 
 | WeakSingleBoson:ffbar2ffbar(s:gm)             |                       on |          off                         | 
 |                                                                                                                 | 
 *-------  End PYTHIA Flag + Mode + Parm + Word + FVec + MVec + PVec + WVec Settings  -----------------------------* 

 --------  PYTHIA Particle Data Table (changed only)  ------------------------------------------------------------------------------
 
      id   name            antiName         spn chg col      m0        mWidth      mMin       mMax       tau0    res dec ext vis wid
             no onMode   bRatio   meMode     products 

      15  tau-             tau+               2  -3   0    1.77682    0.00000    0.00000    0.00000  8.71100e-02   0   1   0   1   0
              0     1   0.0000007  103       36       13 
              1     1   0.0000000  103       36       11 

      36  x                                   1   0   0    1.00000    0.00000    0.00000    0.00000  6.66975e+01   0   1   0   0   0
              0     1   0.0000000  103       15      -15 
              1     1   1.0000000  103       13      -13 
              2     1   0.0000000  103       11      -11 
              3     1   0.0000000  103       22       22 

 --------  End PYTHIA Particle Data Table  -----------------------------------------------------------------------------------------


 --------  PYTHIA Info Listing  ---------------------------------------- 
 
 Beam A: id =     11, pz =  5.292e+00, e =  5.292e+00, m =  5.110e-04.
 Beam B: id =    -11, pz = -5.292e+00, e =  5.292e+00, m =  5.110e-04.

 In 1: id =   11, x =  9.964e-01, pdf =  9.794e+00 at Q2 =  1.116e+02.
 In 2: id =  -11, x =  1.000e+00, pdf =  1.296e+06 at same Q2.

 Subprocess f fbar -> f' fbar' (s-channel gamma*) with code 223 is 2 -> 2.
 It has sHat =  1.116e+02,    tHat = -1.415e+01,    uHat = -9.745e+01,
       pTHat =  3.499e+00,   m3Hat =  5.000e-01,   m4Hat =  5.000e-01,
    thetaHat =  7.282e-01,  phiHat =  1.376e+00.
     alphaEM =  7.631e-03,  alphaS =  1.975e-01    at Q2 =  1.116e+02.

 Impact parameter b =  0.000e+00 gives enhancement factor =  1.000e+00.
 Max pT scale for MPI =  1.058e+01, ISR =  1.056e+01, FSR =  1.056e+01.
 Number of MPI =     1, ISR =     1, FSRproc =     2, FSRreson =     0.

 --------  End PYTHIA Info Listing  ------------------------------------

 --------  PYTHIA Event Listing  (hard process)  -----------------------------------------------------------------------------------
 
    no         id  name            status     mothers   daughters     colours      p_x        p_y        p_z         e          m 
     0         90  (system)           -11     0     0     0     0     0     0      0.000      0.000      3.000     11.000     10.583
     1         11  (e-)               -12     0     0     3     0     0     0      0.000      0.000      7.000      7.000      0.001
     2        -11  (e+)               -12     0     0     4     0     0     0      0.000      0.000     -4.000      4.000      0.001
     3         11  (e-)               -21     1     0     5     6     0     0      0.000      0.000      6.975      6.975      0.000
     4        -11  (e+)               -21     2     0     5     6     0     0      0.000      0.000     -4.000      4.000      0.000
     5          3  s                   23     3     4     0     0   101     0      0.677      3.433      5.565      6.593      0.500
     6         -3  sbar                23     3     4     0     0     0   101     -0.677     -3.433     -2.590      4.382      0.500
                                   Charge sum:  0.000           Momentum sum:      0.000      0.000      2.975     10.975     10.564

 --------  End PYTHIA Event Listing  -----------------------------------------------------------------------------------------------

 --------  PYTHIA Event Listing  (complete event)  ---------------------------------------------------------------------------------
 
    no         id  name            status     mothers   daughters     colours      p_x        p_y        p_z         e          m 
     0         90  (system)           -11     0     0     0     0     0     0      0.000      0.000      3.000     11.000     10.583
     1         11  (e-)               -12     0     0    20     0     0     0      0.000      0.000      7.000      7.000      0.001
     2        -11  (e+)               -12     0     0    21     0     0     0      0.000      0.000     -4.000      4.000      0.001
     3         11  (e-)               -21    13     0     5     6     0     0      0.000      0.000      6.975      6.975      0.000
     4        -11  (e+)               -21    14    14     5     6     0     0      0.000      0.000     -4.000      4.000      0.000
     5          3  (s)                -23     3     4     9     9   101     0      0.677      3.433      5.565      6.593      0.500
     6         -3  (sbar)             -23     3     4     7     8     0   101     -0.677     -3.433     -2.590      4.382      0.500
     7         -3  (sbar)             -51     6     0    16    16     0   102     -1.039     -2.898     -1.555      3.485      0.500
     8         21  (g)                -51     6     0    10    11   102   101      0.379     -0.447     -0.892      1.067      0.000
     9          3  (s)                -52     5     5    12    12   101     0      0.660      3.344      5.421      6.423      0.500
    10         21  (g)                -51     8     0    17    17   102   103      0.538      0.109      0.430      0.697      0.000
    11         21  (g)                -51     8     0    18    18   103   101     -0.104     -0.273     -0.862      0.910      0.000
    12          3  (s)                -52     9     9    15    15   101     0      0.605      3.061      4.962      5.883      0.500
    13         11  (e-)               -41    20    20    19     3     0     0      0.000      0.000      7.000      7.000      0.000
    14        -11  (e+)               -42    21    21     4     4     0     0      0.000      0.000     -4.000      4.000      0.000
    15          3  (s)                -44    12    12    22    22   101     0      0.606      3.061      4.962      5.883      0.500
    16         -3  (sbar)             -44     7     7    23    23     0   102     -1.038     -2.898     -1.555      3.485      0.500
    17         21  (g)                -44    10    10    24    24   102   103      0.538      0.109      0.430      0.697      0.000
    18         21  (g)                -44    11    11    25    25   103   101     -0.104     -0.273     -0.862      0.910      0.000
    19         22  (gamma)            -43    13     0    26    26     0     0     -0.001      0.000      0.025      0.025      0.000
    20         11  (e-)               -61     1     0    13    13     0     0     -0.000      0.000      7.000      7.000      0.000
    21        -11  (e+)               -61     2     0    14    14     0     0      0.000     -0.000     -4.000      4.000      0.000
    22          3  s                   62    15    15     0     0   101     0      0.606      3.061      4.962      5.883      0.500
    23         -3  sbar                62    16    16     0     0     0   102     -1.038     -2.898     -1.555      3.485      0.500
    24         21  g                   62    17    17     0     0   102   103      0.538      0.109      0.430      0.697      0.000
    25         21  g                   62    18    18     0     0   103   101     -0.104     -0.273     -0.862      0.910      0.000
    26         22  gamma               62    19    19     0     0     0     0     -0.001      0.000      0.025      0.025      0.000
    27         22  gamma               63     1     0     0     0     0     0      0.000      0.000      0.000      0.000      0.000
    28         22  gamma               63     2     0     0     0     0     0      0.000      0.000     -0.000      0.000      0.000
                                   Charge sum:  0.000           Momentum sum:     -0.000     -0.000      3.000     11.000     10.583

 --------  End PYTHIA Event Listing  -----------------------------------------------------------------------------------------------
 PYTHIA Warning in TauDecays::decay: unknown correlated tau production, assuming from unpolarized photon  
 PYTHIA Warning in PhaseSpace2to2tauyz::trialKin: maximum for cross section violated  

 *-------  PYTHIA Event and Cross Section Statistics  -------------------------------------------------------------*
 |                                                                                                                 |
 | Subprocess                                    Code |            Number of events       |      sigma +- delta    |
 |                                                    |       Tried   Selected   Accepted |     (estimated) (mb)   |
 |                                                    |                                   |                        |
 |-----------------------------------------------------------------------------------------------------------------|
 |                                                    |                                   |                        |
 | f fbar -> f' fbar' (s-channel gamma*)          223 |      246573      10000      10000 |   5.963e-06  2.968e-08 |
 |                                                    |                                   |                        |
 | sum                                                |      246573      10000      10000 |   5.963e-06  2.968e-08 |
 |                                                                                                                 |
 *-------  End PYTHIA Event and Cross Section Statistics ----------------------------------------------------------*

 *-------  PYTHIA Error and Warning Messages Statistics  ----------------------------------------------------------* 
 |                                                                                                                 | 
 |  times   message                                                                                                | 
 |                                                                                                                 | 
 |     70   Warning in PhaseSpace2to2tauyz::trialKin: maximum for cross section violated                           | 
 |   1494   Warning in TauDecays::decay: unknown correlated tau production, assuming from unpolarized photon       | 
 |                                                                                                                 | 
 *-------  End PYTHIA Error and Warning Messages Statistics  ------------------------------------------------------* 
Gammatau2xmu: 1.631e-18

Gammatau2xe: 0.000e+00

BRtau2xmu: 7.198e-07

BRtau2xe: 0.000e+00

produced tau excluding those daughters are also tau lepton: 2.988e+03
produced X: 2.988e+03
produced X/NMC: 2.988e-01

Proportion of X flying forward (eta>0): 6.178e-01
Proportion of X flying backward (eta<0): 3.822e-01

Total Gamma [GeV]: 2.959e-15
ctau [m]: 6.670e-02

Gammax2tautau: 0.000e+00

Gammax2mumu: 2.959e-15

Gammax2ee: 0.000e+00

Gammax2gmgm: 0.000e+00

BRx2tautau: 0.000e+00

BRx2mumu: 1.000e+00

BRx2ee: 0.000e+00

BRx2gmgm: 0.000e+00

X: insideFidVol: 1.369e+03
observedX: 1.358e+03
visibleX: 1.358e+02

X Observed Fiducial efficiency: 4.545e-01
X Visible Fiducial efficiency: 4.545e-02

reallyProduced tau: 9.200e+10
total number of tau-tau events: 4.600e+10

reallyProducedX: 2.332e+04
reallyobservedX: 1.060e+04
reallyvisibleX: 1.060e+03

