mX:  1
g_TM_Lamb:  4e-10
g_MM_Lamb:  1.5e-10
NMC 10000

 *-------  PYTHIA Process Initialization  --------------------------*
 |                                                                  |
 | We collide e- with e+ at a CM energy of 1.058e+01 GeV            |
 |                                                                  |
 |------------------------------------------------------------------|
 |                                                    |             |
 | Subprocess                                    Code |   Estimated |
 |                                                    |    max (mb) |
 |                                                    |             |
 |------------------------------------------------------------------|
 |                                                    |             |
 | f fbar -> f' fbar' (s-channel gamma*)          223 |   1.495e-04 |
 |                                                                  |
 *-------  End PYTHIA Process Initialization -----------------------*

 *-------  PYTHIA Flag + Mode + Parm + Word + FVec + MVec + PVec + WVec Settings (changes only)  ------------------* 
 |                                                                                                                 | 
 | Name                                          |                      Now |      Default         Min         Max | 
 |                                               |                          |                                      | 
 | Beams:eA                                      |                  7.00000 |     7000.000         0.0             | 
 | Beams:eB                                      |                  4.00000 |     7000.000         0.0             | 
 | Beams:frameType                               |                        2 |            1           1           5 | 
 | Beams:idA                                     |                       11 |         2212                         | 
 | Beams:idB                                     |                      -11 |         2212                         | 
 | HadronLevel:Hadronize                         |                      off |           on                         | 
 | Next:numberCount                              |                    10000 |         1000           0             | 
 | PartonLevel:MPI                               |                      off |           on                         | 
 | Random:seed                                   |                        0 |           -1               900000000 | 
 | Random:setSeed                                |                       on |          off                         | 
 | WeakSingleBoson:ffbar2ffbar(s:gm)             |                       on |          off                         | 
 |                                                                                                                 | 
 *-------  End PYTHIA Flag + Mode + Parm + Word + FVec + MVec + PVec + WVec Settings  -----------------------------* 

 --------  PYTHIA Particle Data Table (changed only)  ------------------------------------------------------------------------------
 
      id   name            antiName         spn chg col      m0        mWidth      mMin       mMax       tau0    res dec ext vis wid
             no onMode   bRatio   meMode     products 

      15  tau-             tau+               2  -3   0    1.77682    0.00000    0.00000    0.00000  8.71100e-02   0   1   0   1   0
              0     1   0.0000000  103       36       13 
              1     1   0.0000000  103       36       11 

      36  x                                   1   0   0    1.00000    0.00000    0.00000    0.00000  2.66790e+08   0   1   0   0   0
              0     1   0.0000000  103       15      -15 
              1     1   1.0000000  103       13      -13 
              2     1   0.0000000  103       11      -11 
              3     1   0.0000000  103       22       22 

 --------  End PYTHIA Particle Data Table  -----------------------------------------------------------------------------------------


 --------  PYTHIA Info Listing  ---------------------------------------- 
 
 Beam A: id =     11, pz =  5.292e+00, e =  5.292e+00, m =  5.110e-04.
 Beam B: id =    -11, pz = -5.292e+00, e =  5.292e+00, m =  5.110e-04.

 In 1: id =   11, x =  9.840e-01, pdf =  2.287e+00 at Q2 =  1.102e+02.
 In 2: id =  -11, x =  1.000e+00, pdf =  1.371e+08 at same Q2.

 Subprocess f fbar -> f' fbar' (s-channel gamma*) with code 223 is 2 -> 2.
 It has sHat =  1.102e+02,    tHat = -9.197e+01,    uHat = -1.824e+01,
       pTHat =  1.579e+00,   m3Hat =  4.800e+00,   m4Hat =  4.800e+00,
    thetaHat =  2.304e+00,  phiHat =  4.705e+00.
     alphaEM =  7.631e-03,  alphaS =  1.978e-01    at Q2 =  1.102e+02.

 Impact parameter b =  0.000e+00 gives enhancement factor =  1.000e+00.
 Max pT scale for MPI =  1.058e+01, ISR =  1.050e+01, FSR =  1.050e+01.
 Number of MPI =     1, ISR =     1, FSRproc =     0, FSRreson =     0.

 --------  End PYTHIA Info Listing  ------------------------------------

 --------  PYTHIA Event Listing  (hard process)  -----------------------------------------------------------------------------------
 
    no         id  name            status     mothers   daughters     colours      p_x        p_y        p_z         e          m 
     0         90  (system)           -11     0     0     0     0     0     0      0.000      0.000      3.000     11.000     10.583
     1         11  (e-)               -12     0     0     3     0     0     0      0.000      0.000      7.000      7.000      0.001
     2        -11  (e+)               -12     0     0     4     0     0     0      0.000      0.000     -4.000      4.000      0.001
     3         11  (e-)               -21     1     0     5     6     0     0      0.000      0.000      6.888      6.888      0.000
     4        -11  (e+)               -21     2     0     5     6     0     0      0.000      0.000     -4.000      4.000      0.000
     5          5  b                   23     3     4     0     0   101     0     -0.011     -1.579     -0.030      5.053      4.800
     6         -5  bbar                23     3     4     0     0     0   101      0.011      1.579      2.918      5.835      4.800
                                   Charge sum:  0.000           Momentum sum:      0.000      0.000      2.888     10.888     10.498

 --------  End PYTHIA Event Listing  -----------------------------------------------------------------------------------------------

 --------  PYTHIA Event Listing  (complete event)  ---------------------------------------------------------------------------------
 
    no         id  name            status     mothers   daughters     colours      p_x        p_y        p_z         e          m 
     0         90  (system)           -11     0     0     0     0     0     0      0.000      0.000      3.000     11.000     10.583
     1         11  (e-)               -12     0     0    12     0     0     0      0.000      0.000      7.000      7.000      0.001
     2        -11  (e+)               -12     0     0    13     0     0     0      0.000      0.000     -4.000      4.000      0.001
     3         11  (e-)               -21     7     0     5     6     0     0      0.000      0.000      6.888      6.888      0.000
     4        -11  (e+)               -21     8     8     5     6     0     0      0.000      0.000     -4.000      4.000      0.000
     5          5  (b)                -23     3     4     9     9   101     0     -0.011     -1.579     -0.030      5.053      4.800
     6         -5  (bbar)             -23     3     4    10    10     0   101      0.011      1.579      2.918      5.835      4.800
     7         11  (e-)               -41    12    12    11     3     0     0     -0.000      0.000      7.000      7.000      0.000
     8        -11  (e+)               -42    13    13     4     4     0     0      0.000     -0.000     -4.000      4.000      0.000
     9          5  (b)                -44     5     5    14    14   101     0     -0.020     -1.564     -0.018      5.048      4.800
    10         -5  (bbar)             -44     6     6    15    15     0   101     -0.006      1.605      2.922      5.844      4.800
    11         22  (gamma)            -43     7     0    16    16     0     0      0.026     -0.041      0.096      0.108      0.000
    12         11  (e-)               -61     1     0     7     7     0     0      0.000     -0.000      7.000      7.000      0.000
    13        -11  (e+)               -61     2     0     8     8     0     0     -0.000      0.000     -4.000      4.000      0.000
    14          5  b                   62     9     9     0     0   101     0     -0.020     -1.564     -0.018      5.048      4.800
    15         -5  bbar                62    10    10     0     0     0   101     -0.006      1.605      2.922      5.844      4.800
    16         22  gamma               62    11    11     0     0     0     0      0.026     -0.041      0.096      0.108      0.000
    17         22  gamma               63     1     0     0     0     0     0      0.000      0.000      0.000      0.000      0.000
    18         22  gamma               63     2     0     0     0     0     0      0.000      0.000     -0.000      0.000      0.000
                                   Charge sum:  0.000           Momentum sum:     -0.000      0.000      3.000     11.000     10.583

 --------  End PYTHIA Event Listing  -----------------------------------------------------------------------------------------------
 PYTHIA Warning in TauDecays::decay: unknown correlated tau production, assuming from unpolarized photon  
 PYTHIA Warning in PhaseSpace2to2tauyz::trialKin: maximum for cross section violated  

 *-------  PYTHIA Event and Cross Section Statistics  -------------------------------------------------------------*
 |                                                                                                                 |
 | Subprocess                                    Code |            Number of events       |      sigma +- delta    |
 |                                                    |       Tried   Selected   Accepted |     (estimated) (mb)   |
 |                                                    |                                   |                        |
 |-----------------------------------------------------------------------------------------------------------------|
 |                                                    |                                   |                        |
 | f fbar -> f' fbar' (s-channel gamma*)          223 |      251204      10000      10000 |   5.999e-06  3.044e-08 |
 |                                                    |                                   |                        |
 | sum                                                |      251204      10000      10000 |   5.999e-06  3.044e-08 |
 |                                                                                                                 |
 *-------  End PYTHIA Event and Cross Section Statistics ----------------------------------------------------------*

 *-------  PYTHIA Error and Warning Messages Statistics  ----------------------------------------------------------* 
 |                                                                                                                 | 
 |  times   message                                                                                                | 
 |                                                                                                                 | 
 |    134   Warning in PhaseSpace2to2tauyz::trialKin: maximum for cross section violated                           | 
 |   1501   Warning in TauDecays::decay: unknown correlated tau production, assuming from unpolarized photon       | 
 |                                                                                                                 | 
 *-------  End PYTHIA Error and Warning Messages Statistics  ------------------------------------------------------* 
Gammatau2xmu: 1.631e-20

Gammatau2xe: 0.000e+00

BRtau2xmu: 7.198e-09

BRtau2xe: 0.000e+00

produced tau excluding those daughters are also tau lepton: 3.002e+03
produced X: 3.002e+03
produced X/NMC: 3.002e-01

Proportion of X flying forward (eta>0): 6.392e-01
Proportion of X flying backward (eta<0): 3.608e-01

Total Gamma [GeV]: 7.396e-22
ctau [m]: 2.668e+05

Gammax2tautau: 0.000e+00

Gammax2mumu: 7.396e-22

Gammax2ee: 0.000e+00

Gammax2gmgm: 0.000e+00

BRx2tautau: 0.000e+00

BRx2mumu: 1.000e+00

BRx2ee: 0.000e+00

BRx2gmgm: 0.000e+00

X: insideFidVol: 0.000e+00
observedX: 3.020e-03
visibleX: 3.020e-04

X Observed Fiducial efficiency: 1.006e-06
X Visible Fiducial efficiency: 1.006e-07

reallyProduced tau: 9.200e+10
total number of tau-tau events: 4.600e+10

reallyProducedX: 2.332e+02
reallyobservedX: 2.346e-04
reallyvisibleX: 2.346e-05

