mX:  1
g_TM_Lamb:  8e-07
g_MM_Lamb:  2e-11
NMC 10000

 *-------  PYTHIA Process Initialization  --------------------------*
 |                                                                  |
 | We collide e- with e+ at a CM energy of 1.058e+01 GeV            |
 |                                                                  |
 |------------------------------------------------------------------|
 |                                                    |             |
 | Subprocess                                    Code |   Estimated |
 |                                                    |    max (mb) |
 |                                                    |             |
 |------------------------------------------------------------------|
 |                                                    |             |
 | f fbar -> f' fbar' (s-channel gamma*)          223 |   1.482e-04 |
 |                                                                  |
 *-------  End PYTHIA Process Initialization -----------------------*

 *-------  PYTHIA Flag + Mode + Parm + Word + FVec + MVec + PVec + WVec Settings (changes only)  ------------------* 
 |                                                                                                                 | 
 | Name                                          |                      Now |      Default         Min         Max | 
 |                                               |                          |                                      | 
 | Beams:eA                                      |                  7.00000 |     7000.000         0.0             | 
 | Beams:eB                                      |                  4.00000 |     7000.000         0.0             | 
 | Beams:frameType                               |                        2 |            1           1           5 | 
 | Beams:idA                                     |                       11 |         2212                         | 
 | Beams:idB                                     |                      -11 |         2212                         | 
 | HadronLevel:Hadronize                         |                      off |           on                         | 
 | Next:numberCount                              |                    10000 |         1000           0             | 
 | PartonLevel:MPI                               |                      off |           on                         | 
 | Random:seed                                   |                        0 |           -1               900000000 | 
 | Random:setSeed                                |                       on |          off                         | 
 | WeakSingleBoson:ffbar2ffbar(s:gm)             |                       on |          off                         | 
 |                                                                                                                 | 
 *-------  End PYTHIA Flag + Mode + Parm + Word + FVec + MVec + PVec + WVec Settings  -----------------------------* 

 --------  PYTHIA Particle Data Table (changed only)  ------------------------------------------------------------------------------
 
      id   name            antiName         spn chg col      m0        mWidth      mMin       mMax       tau0    res dec ext vis wid
             no onMode   bRatio   meMode     products 

      15  tau-             tau+               2  -3   0    1.77682    0.00000    0.00000    0.00000  8.71100e-02   0   1   0   1   0
              0     1   0.0279857  103       36       13 
              1     1   0.0000000  103       36       11 

      36  x                                   1   0   0    1.00000    0.00000    0.00000    0.00000  1.50069e+10   0   1   0   0   0
              0     1   0.0000000  103       15      -15 
              1     1   1.0000000  103       13      -13 
              2     1   0.0000000  103       11      -11 
              3     1   0.0000000  103       22       22 

 --------  End PYTHIA Particle Data Table  -----------------------------------------------------------------------------------------


 --------  PYTHIA Info Listing  ---------------------------------------- 
 
 Beam A: id =     11, pz =  5.292e+00, e =  5.292e+00, m =  5.110e-04.
 Beam B: id =    -11, pz = -5.292e+00, e =  5.292e+00, m =  5.110e-04.

 In 1: id =   11, x =  1.000e+00, pdf =  1.738e+04 at Q2 =  1.120e+02.
 In 2: id =  -11, x =  1.000e+00, pdf =  3.913e+03 at same Q2.

 Subprocess f fbar -> f' fbar' (s-channel gamma*) with code 223 is 2 -> 2.
 It has sHat =  1.120e+02,    tHat = -7.984e+01,    uHat = -3.216e+01,
       pTHat =  4.779e+00,   m3Hat =  3.300e-01,   m4Hat =  3.300e-01,
    thetaHat =  2.011e+00,  phiHat =  4.441e+00.
     alphaEM =  7.631e-03,  alphaS =  1.975e-01    at Q2 =  1.120e+02.

 Impact parameter b =  0.000e+00 gives enhancement factor =  1.000e+00.
 Max pT scale for MPI =  1.058e+01, ISR =  1.058e+01, FSR =  1.058e+01.
 Number of MPI =     1, ISR =     0, FSRproc =     4, FSRreson =     0.

 --------  End PYTHIA Info Listing  ------------------------------------

 --------  PYTHIA Event Listing  (hard process)  -----------------------------------------------------------------------------------
 
    no         id  name            status     mothers   daughters     colours      p_x        p_y        p_z         e          m 
     0         90  (system)           -11     0     0     0     0     0     0      0.000      0.000      3.000     11.000     10.583
     1         11  (e-)               -12     0     0     3     0     0     0      0.000      0.000      7.000      7.000      0.001
     2        -11  (e+)               -12     0     0     4     0     0     0      0.000      0.000     -4.000      4.000      0.001
     3         11  (e-)               -21     1     0     5     6     0     0      0.000      0.000      7.000      7.000      0.000
     4        -11  (e+)               -21     2     0     5     6     0     0      0.000      0.000     -4.000      4.000      0.000
     5          1  d                   23     3     4     0     0   101     0     -1.282     -4.604     -0.837      4.863      0.330
     6         -1  dbar                23     3     4     0     0     0   101      1.282      4.604      3.837      6.137      0.330
                                   Charge sum:  0.000           Momentum sum:      0.000      0.000      3.000     11.000     10.583

 --------  End PYTHIA Event Listing  -----------------------------------------------------------------------------------------------

 --------  PYTHIA Event Listing  (complete event)  ---------------------------------------------------------------------------------
 
    no         id  name            status     mothers   daughters     colours      p_x        p_y        p_z         e          m 
     0         90  (system)           -11     0     0     0     0     0     0      0.000      0.000      3.000     11.000     10.583
     1         11  (e-)               -12     0     0    19     0     0     0      0.000      0.000      7.000      7.000      0.001
     2        -11  (e+)               -12     0     0    20     0     0     0      0.000      0.000     -4.000      4.000      0.001
     3         11  (e-)               -21    19    19     5     6     0     0      0.000      0.000      7.000      7.000      0.000
     4        -11  (e+)               -21    20    20     5     6     0     0      0.000      0.000     -4.000      4.000      0.000
     5          1  (d)                -23     3     4     9     9   101     0     -1.282     -4.604     -0.837      4.863      0.330
     6         -1  (dbar)             -23     3     4     7     8     0   101      1.282      4.604      3.837      6.137      0.330
     7         -1  (dbar)             -51     6     0    12    12     0   102      0.701      4.326      4.172      6.060      0.330
     8         21  (g)                -51     6     0    10    11   102   101      0.422     -0.292     -0.439      0.676      0.000
     9          1  (d)                -52     5     5    21    21   101     0     -1.123     -4.035     -0.733      4.264      0.330
    10         21  (g)                -51     8     0    15    15   103   101      0.219     -0.227     -0.529      0.616      0.000
    11         21  (g)                -51     8     0    13    14   102   103      0.360      0.909      1.030      1.421      0.000
    12         -1  (dbar)             -52     7     7    18    18     0   102      0.545      3.352      3.231      4.699      0.330
    13         21  (g)                -51    11     0    16    17   102   104      0.116     -0.226     -0.186      0.315      0.000
    14         21  (g)                -51    11     0    25    25   104   103      0.359      1.016      0.939      1.429      0.000
    15         21  (g)                -52    10    10    23    23   103   101      0.104     -0.107     -0.251      0.292      0.000
    16         -2  (ubar)             -51    13     0    24    24     0   104     -0.348      0.312      0.145      0.590      0.330
    17          2  (u)                -51    13     0    26    26   102     0      0.596      0.284      0.460      0.869      0.330
    18         -1  (dbar)             -52    12    12    22    22     0   102      0.413      2.531      2.440      3.555      0.330
    19         11  (e-)               -61     1     0     3     3     0     0      0.000      0.000      7.000      7.000      0.000
    20        -11  (e+)               -61     2     0     4     4     0     0      0.000      0.000     -4.000      4.000      0.000
    21          1  d                   62     9     9     0     0   101     0     -1.123     -4.035     -0.733      4.264      0.330
    22         -1  dbar                62    18    18     0     0     0   102      0.413      2.531      2.440      3.555      0.330
    23         21  g                   62    15    15     0     0   103   101      0.104     -0.107     -0.251      0.292      0.000
    24         -2  ubar                62    16    16     0     0     0   104     -0.348      0.312      0.145      0.590      0.330
    25         21  g                   62    14    14     0     0   104   103      0.359      1.016      0.939      1.429      0.000
    26          2  u                   62    17    17     0     0   102     0      0.596      0.284      0.460      0.869      0.330
    27         22  gamma               63     1     0     0     0     0     0      0.000      0.000      0.000      0.000      0.000
    28         22  gamma               63     2     0     0     0     0     0      0.000      0.000     -0.000      0.000      0.000
                                   Charge sum:  0.000           Momentum sum:     -0.000     -0.000      3.000     11.000     10.583

 --------  End PYTHIA Event Listing  -----------------------------------------------------------------------------------------------
 PYTHIA Warning in TauDecays::decay: unknown correlated tau production, assuming from unpolarized photon  
 PYTHIA Warning in PhaseSpace2to2tauyz::trialKin: maximum for cross section violated  

 *-------  PYTHIA Event and Cross Section Statistics  -------------------------------------------------------------*
 |                                                                                                                 |
 | Subprocess                                    Code |            Number of events       |      sigma +- delta    |
 |                                                    |       Tried   Selected   Accepted |     (estimated) (mb)   |
 |                                                    |                                   |                        |
 |-----------------------------------------------------------------------------------------------------------------|
 |                                                    |                                   |                        |
 | f fbar -> f' fbar' (s-channel gamma*)          223 |      245042      10000      10000 |   6.026e-06  3.092e-08 |
 |                                                    |                                   |                        |
 | sum                                                |      245042      10000      10000 |   6.026e-06  3.092e-08 |
 |                                                                                                                 |
 *-------  End PYTHIA Event and Cross Section Statistics ----------------------------------------------------------*

 *-------  PYTHIA Error and Warning Messages Statistics  ----------------------------------------------------------* 
 |                                                                                                                 | 
 |  times   message                                                                                                | 
 |                                                                                                                 | 
 |    110   Warning in PhaseSpace2to2tauyz::trialKin: maximum for cross section violated                           | 
 |   1473   Warning in TauDecays::decay: unknown correlated tau production, assuming from unpolarized photon       | 
 |                                                                                                                 | 
 *-------  End PYTHIA Error and Warning Messages Statistics  ------------------------------------------------------* 
Gammatau2xmu: 6.524e-14

Gammatau2xe: 0.000e+00

BRtau2xmu: 2.799e-02

BRtau2xe: 0.000e+00

produced tau excluding those daughters are also tau lepton: 2.946e+03
produced X: 2.946e+03
produced X/NMC: 2.946e-01

Proportion of X flying forward (eta>0): 6.208e-01
Proportion of X flying backward (eta<0): 3.792e-01

Total Gamma [GeV]: 1.315e-23
ctau [m]: 1.501e+07

Gammax2tautau: 0.000e+00

Gammax2mumu: 1.315e-23

Gammax2ee: 0.000e+00

Gammax2gmgm: 0.000e+00

BRx2tautau: 0.000e+00

BRx2mumu: 1.000e+00

BRx2ee: 0.000e+00

BRx2gmgm: 0.000e+00

X: insideFidVol: 0.000e+00
observedX: 5.177e-05
visibleX: 5.177e-06

X Observed Fiducial efficiency: 1.757e-08
X Visible Fiducial efficiency: 1.757e-09

reallyProduced tau: 9.200e+10
total number of tau-tau events: 4.600e+10

reallyProducedX: 9.065e+08
reallyobservedX: 1.593e+01
reallyvisibleX: 1.593e+00

