mX:  1
g_TM_Lamb:  1.5e-10
g_MM_Lamb:  2e-08
NMC 10000

 *-------  PYTHIA Process Initialization  --------------------------*
 |                                                                  |
 | We collide e- with e+ at a CM energy of 1.058e+01 GeV            |
 |                                                                  |
 |------------------------------------------------------------------|
 |                                                    |             |
 | Subprocess                                    Code |   Estimated |
 |                                                    |    max (mb) |
 |                                                    |             |
 |------------------------------------------------------------------|
 |                                                    |             |
 | f fbar -> f' fbar' (s-channel gamma*)          223 |   1.310e-04 |
 |                                                                  |
 *-------  End PYTHIA Process Initialization -----------------------*

 *-------  PYTHIA Flag + Mode + Parm + Word + FVec + MVec + PVec + WVec Settings (changes only)  ------------------* 
 |                                                                                                                 | 
 | Name                                          |                      Now |      Default         Min         Max | 
 |                                               |                          |                                      | 
 | Beams:eA                                      |                  7.00000 |     7000.000         0.0             | 
 | Beams:eB                                      |                  4.00000 |     7000.000         0.0             | 
 | Beams:frameType                               |                        2 |            1           1           5 | 
 | Beams:idA                                     |                       11 |         2212                         | 
 | Beams:idB                                     |                      -11 |         2212                         | 
 | HadronLevel:Hadronize                         |                      off |           on                         | 
 | Next:numberCount                              |                    10000 |         1000           0             | 
 | PartonLevel:MPI                               |                      off |           on                         | 
 | Random:seed                                   |                        0 |           -1               900000000 | 
 | Random:setSeed                                |                       on |          off                         | 
 | WeakSingleBoson:ffbar2ffbar(s:gm)             |                       on |          off                         | 
 |                                                                                                                 | 
 *-------  End PYTHIA Flag + Mode + Parm + Word + FVec + MVec + PVec + WVec Settings  -----------------------------* 

 --------  PYTHIA Particle Data Table (changed only)  ------------------------------------------------------------------------------
 
      id   name            antiName         spn chg col      m0        mWidth      mMin       mMax       tau0    res dec ext vis wid
             no onMode   bRatio   meMode     products 

      15  tau-             tau+               2  -3   0    1.77682    0.00000    0.00000    0.00000  8.71100e-02   0   1   0   1   0
              0     1   0.0000000  103       36       13 
              1     1   0.0000000  103       36       11 

      36  x                                   1   0   0    1.00000    0.00000    0.00000    0.00000  1.50069e+04   0   1   0   0   0
              0     1   0.0000000  103       15      -15 
              1     1   1.0000000  103       13      -13 
              2     1   0.0000000  103       11      -11 
              3     1   0.0000000  103       22       22 

 --------  End PYTHIA Particle Data Table  -----------------------------------------------------------------------------------------


 --------  PYTHIA Info Listing  ---------------------------------------- 
 
 Beam A: id =     11, pz =  5.292e+00, e =  5.292e+00, m =  5.110e-04.
 Beam B: id =    -11, pz = -5.292e+00, e =  5.292e+00, m =  5.110e-04.

 In 1: id =   11, x =  9.347e-01, pdf =  5.379e-01 at Q2 =  1.038e+02.
 In 2: id =  -11, x =  9.920e-01, pdf =  4.482e+00 at same Q2.

 Subprocess f fbar -> f' fbar' (s-channel gamma*) with code 223 is 2 -> 2.
 It has sHat =  1.038e+02,    tHat = -9.113e+01,    uHat = -1.271e+01,
       pTHat =  3.333e+00,   m3Hat =  3.300e-01,   m4Hat =  3.300e-01,
    thetaHat =  2.427e+00,  phiHat =  5.169e+00.
     alphaEM =  7.628e-03,  alphaS =  1.993e-01    at Q2 =  1.038e+02.

 Impact parameter b =  0.000e+00 gives enhancement factor =  1.000e+00.
 Max pT scale for MPI =  1.058e+01, ISR =  1.019e+01, FSR =  1.019e+01.
 Number of MPI =     1, ISR =     2, FSRproc =     2, FSRreson =     0.

 --------  End PYTHIA Info Listing  ------------------------------------

 --------  PYTHIA Event Listing  (hard process)  -----------------------------------------------------------------------------------
 
    no         id  name            status     mothers   daughters     colours      p_x        p_y        p_z         e          m 
     0         90  (system)           -11     0     0     0     0     0     0      0.000      0.000      3.000     11.000     10.583
     1         11  (e-)               -12     0     0     3     0     0     0      0.000      0.000      7.000      7.000      0.001
     2        -11  (e+)               -12     0     0     4     0     0     0      0.000      0.000     -4.000      4.000      0.001
     3         11  (e-)               -21     1     0     5     6     0     0      0.000      0.000      6.543      6.543      0.000
     4        -11  (e+)               -21     2     0     5     6     0     0      0.000      0.000     -3.968      3.968      0.000
     5          2  u                   23     3     4     0     0   101     0      1.469     -2.992     -2.673      4.285      0.330
     6         -2  ubar                23     3     4     0     0     0   101     -1.469      2.992      5.247      6.225      0.330
                                   Charge sum:  0.000           Momentum sum:      0.000      0.000      2.575     10.510     10.190

 --------  End PYTHIA Event Listing  -----------------------------------------------------------------------------------------------

 --------  PYTHIA Event Listing  (complete event)  ---------------------------------------------------------------------------------
 
    no         id  name            status     mothers   daughters     colours      p_x        p_y        p_z         e          m 
     0         90  (system)           -11     0     0     0     0     0     0      0.000      0.000      3.000     11.000     10.583
     1         11  (e-)               -12     0     0    28     0     0     0      0.000      0.000      7.000      7.000      0.001
     2        -11  (e+)               -12     0     0    29     0     0     0      0.000      0.000     -4.000      4.000      0.001
     3         11  (e-)               -21    13    13     5     6     0     0      0.000      0.000      6.543      6.543      0.000
     4        -11  (e+)               -21    14     0     5     6     0     0      0.000      0.000     -3.968      3.968      0.000
     5          2  (u)                -23     3     4     7     8   101     0      1.469     -2.992     -2.673      4.285      0.330
     6         -2  (ubar)             -23     3     4     9     9     0   101     -1.469      2.992      5.247      6.225      0.330
     7          2  (u)                -51     5     0    10    11   103     0      0.821     -3.068     -1.671      3.604      0.330
     8         21  (g)                -51     5     0    12    12   101   103      0.579      0.218     -0.754      0.975      0.000
     9         -2  (ubar)             -52     6     6    16    16     0   101     -1.400      2.850      4.999      5.932      0.330
    10          2  (u)                -51     7     0    15    15   104     0      0.403     -2.055     -1.820      2.794      0.330
    11         21  (g)                -51     7     0    18    18   103   104      0.605     -0.942     -0.094      1.124      0.000
    12         21  (g)                -52     8     8    17    17   101   103      0.392      0.147     -0.511      0.660      0.000
    13         11  (e-)               -42    20     0     3     3     0     0      0.000     -0.000      6.543      6.543      0.000
    14        -11  (e+)               -41    21    21    19     4     0     0     -0.000      0.000     -4.000      4.000      0.000
    15          2  (u)                -44    10    10    22    22   104     0      0.422     -2.056     -1.822      2.799      0.330
    16         -2  (ubar)             -44     9     9    23    23     0   101     -1.396      2.850      4.983      5.917      0.330
    17         21  (g)                -44    12    12    24    24   101   103      0.397      0.147     -0.510      0.663      0.000
    18         21  (g)                -44    11    11    25    25   103   104      0.610     -0.943     -0.093      1.127      0.000
    19         22  (gamma)            -43    14     0    26    26     0     0     -0.033      0.002     -0.015      0.036      0.000
    20         11  (e-)               -41    28    28    27    13     0     0      0.000      0.000      7.000      7.000      0.000
    21        -11  (e+)               -42    29    29    14    14     0     0      0.000      0.000     -4.000      4.000      0.000
    22          2  (u)                -44    15    15    30    30   104     0      0.422     -2.056     -1.823      2.800      0.330
    23         -2  (ubar)             -44    16    16    31    31     0   101     -1.395      2.849      4.984      5.917      0.330
    24         21  (g)                -44    17    17    32    32   101   103      0.397      0.147     -0.510      0.663      0.000
    25         21  (g)                -44    18    18    33    33   103   104      0.610     -0.943     -0.093      1.127      0.000
    26         22  (gamma)            -44    19    19    34    34     0     0     -0.033      0.002     -0.015      0.036      0.000
    27         22  (gamma)            -43    20     0    35    35     0     0     -0.001      0.001      0.457      0.457      0.000
    28         11  (e-)               -61     1     0    20    20     0     0     -0.000      0.000      7.000      7.000      0.000
    29        -11  (e+)               -61     2     0    21    21     0     0      0.000     -0.000     -4.000      4.000      0.000
    30          2  u                   62    22    22     0     0   104     0      0.422     -2.056     -1.823      2.800      0.330
    31         -2  ubar                62    23    23     0     0     0   101     -1.395      2.849      4.984      5.917      0.330
    32         21  g                   62    24    24     0     0   101   103      0.397      0.147     -0.510      0.663      0.000
    33         21  g                   62    25    25     0     0   103   104      0.610     -0.943     -0.093      1.127      0.000
    34         22  gamma               62    26    26     0     0     0     0     -0.033      0.002     -0.015      0.036      0.000
    35         22  gamma               62    27    27     0     0     0     0     -0.001      0.001      0.457      0.457      0.000
    36         22  gamma               63     1     0     0     0     0     0      0.000      0.000      0.000      0.000      0.000
    37         22  gamma               63     2     0     0     0     0     0      0.000      0.000     -0.000      0.000      0.000
                                   Charge sum:  0.000           Momentum sum:     -0.000      0.000      3.000     11.000     10.583

 --------  End PYTHIA Event Listing  -----------------------------------------------------------------------------------------------
 PYTHIA Warning in TauDecays::decay: unknown correlated tau production, assuming from unpolarized photon  
 PYTHIA Warning in PhaseSpace2to2tauyz::trialKin: maximum for cross section violated  

 *-------  PYTHIA Event and Cross Section Statistics  -------------------------------------------------------------*
 |                                                                                                                 |
 | Subprocess                                    Code |            Number of events       |      sigma +- delta    |
 |                                                    |       Tried   Selected   Accepted |     (estimated) (mb)   |
 |                                                    |                                   |                        |
 |-----------------------------------------------------------------------------------------------------------------|
 |                                                    |                                   |                        |
 | f fbar -> f' fbar' (s-channel gamma*)          223 |      215445      10000      10000 |   6.018e-06  3.246e-08 |
 |                                                    |                                   |                        |
 | sum                                                |      215445      10000      10000 |   6.018e-06  3.246e-08 |
 |                                                                                                                 |
 *-------  End PYTHIA Event and Cross Section Statistics ----------------------------------------------------------*

 *-------  PYTHIA Error and Warning Messages Statistics  ----------------------------------------------------------* 
 |                                                                                                                 | 
 |  times   message                                                                                                | 
 |                                                                                                                 | 
 |    305   Warning in PhaseSpace2to2tauyz::trialKin: maximum for cross section violated                           | 
 |   1420   Warning in TauDecays::decay: unknown correlated tau production, assuming from unpolarized photon       | 
 |                                                                                                                 | 
 *-------  End PYTHIA Error and Warning Messages Statistics  ------------------------------------------------------* 
Gammatau2xmu: 2.293e-21

Gammatau2xe: 0.000e+00

BRtau2xmu: 1.012e-09

BRtau2xe: 0.000e+00

produced tau excluding those daughters are also tau lepton: 2.840e+03
produced X: 2.840e+03
produced X/NMC: 2.840e-01

Proportion of X flying forward (eta>0): 6.190e-01
Proportion of X flying backward (eta<0): 3.810e-01

Total Gamma [GeV]: 1.315e-17
ctau [m]: 1.501e+01

Gammax2tautau: 0.000e+00

Gammax2mumu: 1.315e-17

Gammax2ee: 0.000e+00

Gammax2gmgm: 0.000e+00

BRx2tautau: 0.000e+00

BRx2mumu: 1.000e+00

BRx2ee: 0.000e+00

BRx2gmgm: 0.000e+00

X: insideFidVol: 5.900e+01
observedX: 5.076e+01
visibleX: 5.076e+00

X Observed Fiducial efficiency: 1.787e-02
X Visible Fiducial efficiency: 1.787e-03

reallyProduced tau: 9.200e+10
total number of tau-tau events: 4.600e+10

reallyProducedX: 3.279e+01
reallyobservedX: 5.860e-01
reallyvisibleX: 5.860e-02

