mX:  1
g_TM_Lamb:  4e-10
g_MM_Lamb:  3e-09
NMC 10000

 *-------  PYTHIA Process Initialization  --------------------------*
 |                                                                  |
 | We collide e- with e+ at a CM energy of 1.058e+01 GeV            |
 |                                                                  |
 |------------------------------------------------------------------|
 |                                                    |             |
 | Subprocess                                    Code |   Estimated |
 |                                                    |    max (mb) |
 |                                                    |             |
 |------------------------------------------------------------------|
 |                                                    |             |
 | f fbar -> f' fbar' (s-channel gamma*)          223 |   1.592e-04 |
 |                                                                  |
 *-------  End PYTHIA Process Initialization -----------------------*

 *-------  PYTHIA Flag + Mode + Parm + Word + FVec + MVec + PVec + WVec Settings (changes only)  ------------------* 
 |                                                                                                                 | 
 | Name                                          |                      Now |      Default         Min         Max | 
 |                                               |                          |                                      | 
 | Beams:eA                                      |                  7.00000 |     7000.000         0.0             | 
 | Beams:eB                                      |                  4.00000 |     7000.000         0.0             | 
 | Beams:frameType                               |                        2 |            1           1           5 | 
 | Beams:idA                                     |                       11 |         2212                         | 
 | Beams:idB                                     |                      -11 |         2212                         | 
 | HadronLevel:Hadronize                         |                      off |           on                         | 
 | Next:numberCount                              |                    10000 |         1000           0             | 
 | PartonLevel:MPI                               |                      off |           on                         | 
 | Random:seed                                   |                        0 |           -1               900000000 | 
 | Random:setSeed                                |                       on |          off                         | 
 | WeakSingleBoson:ffbar2ffbar(s:gm)             |                       on |          off                         | 
 |                                                                                                                 | 
 *-------  End PYTHIA Flag + Mode + Parm + Word + FVec + MVec + PVec + WVec Settings  -----------------------------* 

 --------  PYTHIA Particle Data Table (changed only)  ------------------------------------------------------------------------------
 
      id   name            antiName         spn chg col      m0        mWidth      mMin       mMax       tau0    res dec ext vis wid
             no onMode   bRatio   meMode     products 

      15  tau-             tau+               2  -3   0    1.77682    0.00000    0.00000    0.00000  8.71100e-02   0   1   0   1   0
              0     1   0.0000000  103       36       13 
              1     1   0.0000000  103       36       11 

      36  x                                   1   0   0    1.00000    0.00000    0.00000    0.00000  6.66975e+05   0   1   0   0   0
              0     1   0.0000000  103       15      -15 
              1     1   1.0000000  103       13      -13 
              2     1   0.0000000  103       11      -11 
              3     1   0.0000000  103       22       22 

 --------  End PYTHIA Particle Data Table  -----------------------------------------------------------------------------------------

 PYTHIA Warning in TauDecays::decay: unknown correlated tau production, assuming from unpolarized photon  

 --------  PYTHIA Info Listing  ---------------------------------------- 
 
 Beam A: id =     11, pz =  5.292e+00, e =  5.292e+00, m =  5.110e-04.
 Beam B: id =    -11, pz = -5.292e+00, e =  5.292e+00, m =  5.110e-04.

 In 1: id =   11, x =  9.993e-01, pdf =  4.617e+01 at Q2 =  1.119e+02.
 In 2: id =  -11, x =  1.000e+00, pdf =  1.220e+07 at same Q2.

 Subprocess f fbar -> f' fbar' (s-channel gamma*) with code 223 is 2 -> 2.
 It has sHat =  1.119e+02,    tHat = -2.195e+00,    uHat = -1.097e+02,
       pTHat =  1.382e+00,   m3Hat =  1.777e+00,   m4Hat =  1.777e+00,
    thetaHat =  2.810e-01,  phiHat =  4.994e+00.
     alphaEM =  7.631e-03,  alphaS =  1.975e-01    at Q2 =  1.119e+02.

 Impact parameter b =  0.000e+00 gives enhancement factor =  1.000e+00.
 Max pT scale for MPI =  1.058e+01, ISR =  1.058e+01, FSR =  1.058e+01.
 Number of MPI =     1, ISR =     1, FSRproc =     0, FSRreson =     0.

 --------  End PYTHIA Info Listing  ------------------------------------

 --------  PYTHIA Event Listing  (hard process)  -----------------------------------------------------------------------------------
 
    no         id  name            status     mothers   daughters     colours      p_x        p_y        p_z         e          m 
     0         90  (system)           -11     0     0     0     0     0     0      0.000      0.000      3.000     11.000     10.583
     1         11  (e-)               -12     0     0     3     0     0     0      0.000      0.000      7.000      7.000      0.001
     2        -11  (e+)               -12     0     0     4     0     0     0      0.000      0.000     -4.000      4.000      0.001
     3         11  (e-)               -21     1     0     5     6     0     0      0.000      0.000      6.995      6.995      0.000
     4        -11  (e+)               -21     2     0     5     6     0     0      0.000      0.000     -4.000      4.000      0.000
     5         15  tau-                23     3     4     0     0     0     0      0.383     -1.328      6.472      6.853      1.777
     6        -15  tau+                23     3     4     0     0     0     0     -0.383      1.328     -3.477      4.142      1.777
                                   Charge sum:  0.000           Momentum sum:      0.000      0.000      2.995     10.995     10.579

 --------  End PYTHIA Event Listing  -----------------------------------------------------------------------------------------------

 --------  PYTHIA Event Listing  (complete event)  ---------------------------------------------------------------------------------
 
    no         id  name            status     mothers   daughters     colours      p_x        p_y        p_z         e          m 
     0         90  (system)           -11     0     0     0     0     0     0      0.000      0.000      3.000     11.000     10.583
     1         11  (e-)               -12     0     0    12     0     0     0      0.000      0.000      7.000      7.000      0.001
     2        -11  (e+)               -12     0     0    13     0     0     0      0.000      0.000     -4.000      4.000      0.001
     3         11  (e-)               -21     7     0     5     6     0     0      0.000      0.000      6.995      6.995      0.000
     4        -11  (e+)               -21     8     8     5     6     0     0      0.000      0.000     -4.000      4.000      0.000
     5         15  (tau-)             -23     3     4     9     9     0     0      0.383     -1.328      6.472      6.853      1.777
     6        -15  (tau+)             -23     3     4    10    10     0     0     -0.383      1.328     -3.477      4.142      1.777
     7         11  (e-)               -41    12    12    11     3     0     0      0.000      0.000      7.000      7.000      0.000
     8        -11  (e+)               -42    13    13     4     4     0     0      0.000      0.000     -4.000      4.000      0.000
     9         15  (tau-)             -44     5     5    14    14     0     0      0.382     -1.324      6.475      6.854      1.777
    10        -15  (tau+)             -44     6     6    15    15     0     0     -0.383      1.328     -3.477      4.142      1.777
    11         22  (gamma)            -43     7     0    16    16     0     0      0.002     -0.003      0.002      0.004      0.000
    12         11  (e-)               -61     1     0     7     7     0     0     -0.000      0.000      7.000      7.000      0.000
    13        -11  (e+)               -61     2     0     8     8     0     0      0.000      0.000     -4.000      4.000      0.000
    14         15  (tau-)             -62     9     9    19    20     0     0      0.382     -1.324      6.475      6.854      1.777
    15        -15  (tau+)             -62    10    10    21    22     0     0     -0.383      1.328     -3.477      4.142      1.777
    16         22  gamma               62    11    11     0     0     0     0      0.002     -0.003      0.002      0.004      0.000
    17         22  gamma               63     1     0     0     0     0     0      0.000      0.000      0.000      0.000      0.000
    18         22  gamma               63     2     0     0     0     0     0      0.000      0.000     -0.000      0.000      0.000
    19         36  (x)                -91    14     0    23    24     0     0     -0.220     -0.351      2.726      2.933      1.000
    20         13  mu-                 91    14     0     0     0     0     0      0.602     -0.974      3.749      3.921      0.106
    21         36  (x)                -91    15     0    25    26     0     0     -0.212      0.438     -0.975      1.479      1.000
    22        -13  mu+                 91    15     0     0     0     0     0     -0.171      0.890     -2.501      2.663      0.106
    23         13  mu-                 91    19     0     0     0     0     0      0.149     -0.577      1.905      1.999      0.106
    24        -13  mu+                 91    19     0     0     0     0     0     -0.370      0.226      0.821      0.934      0.106
    25         13  mu-                 91    21     0     0     0     0     0      0.194      0.153      0.103      0.288      0.106
    26        -13  mu+                 91    21     0     0     0     0     0     -0.406      0.285     -1.078      1.191      0.106
                                   Charge sum:  0.000           Momentum sum:      0.000     -0.000      3.000     11.000     10.583

 --------  End PYTHIA Event Listing  -----------------------------------------------------------------------------------------------
 PYTHIA Warning in PhaseSpace2to2tauyz::trialKin: maximum for cross section violated  

 *-------  PYTHIA Event and Cross Section Statistics  -------------------------------------------------------------*
 |                                                                                                                 |
 | Subprocess                                    Code |            Number of events       |      sigma +- delta    |
 |                                                    |       Tried   Selected   Accepted |     (estimated) (mb)   |
 |                                                    |                                   |                        |
 |-----------------------------------------------------------------------------------------------------------------|
 |                                                    |                                   |                        |
 | f fbar -> f' fbar' (s-channel gamma*)          223 |      267106      10000      10000 |   5.978e-06  2.845e-08 |
 |                                                    |                                   |                        |
 | sum                                                |      267106      10000      10000 |   5.978e-06  2.845e-08 |
 |                                                                                                                 |
 *-------  End PYTHIA Event and Cross Section Statistics ----------------------------------------------------------*

 *-------  PYTHIA Error and Warning Messages Statistics  ----------------------------------------------------------* 
 |                                                                                                                 | 
 |  times   message                                                                                                | 
 |                                                                                                                 | 
 |      2   Warning in PhaseSpace2to2tauyz::trialKin: maximum for cross section violated                           | 
 |   1458   Warning in TauDecays::decay: unknown correlated tau production, assuming from unpolarized photon       | 
 |                                                                                                                 | 
 *-------  End PYTHIA Error and Warning Messages Statistics  ------------------------------------------------------* 
Gammatau2xmu: 1.631e-20

Gammatau2xe: 0.000e+00

BRtau2xmu: 7.198e-09

BRtau2xe: 0.000e+00

produced tau excluding those daughters are also tau lepton: 2.916e+03
produced X: 2.916e+03
produced X/NMC: 2.916e-01

Proportion of X flying forward (eta>0): 6.221e-01
Proportion of X flying backward (eta<0): 3.779e-01

Total Gamma [GeV]: 2.959e-19
ctau [m]: 6.670e+02

Gammax2tautau: 0.000e+00

Gammax2mumu: 2.959e-19

Gammax2ee: 0.000e+00

Gammax2gmgm: 0.000e+00

BRx2tautau: 0.000e+00

BRx2mumu: 1.000e+00

BRx2ee: 0.000e+00

BRx2gmgm: 0.000e+00

X: insideFidVol: 1.000e+00
observedX: 1.165e+00
visibleX: 1.165e-01

X Observed Fiducial efficiency: 3.995e-04
X Visible Fiducial efficiency: 3.995e-05

reallyProduced tau: 9.200e+10
total number of tau-tau events: 4.600e+10

reallyProducedX: 2.332e+02
reallyobservedX: 9.316e-02
reallyvisibleX: 9.316e-03

