mX:  1
g_TM_Lamb:  6e-09
g_MM_Lamb:  1e-12
NMC 10000

 *-------  PYTHIA Process Initialization  --------------------------*
 |                                                                  |
 | We collide e- with e+ at a CM energy of 1.058e+01 GeV            |
 |                                                                  |
 |------------------------------------------------------------------|
 |                                                    |             |
 | Subprocess                                    Code |   Estimated |
 |                                                    |    max (mb) |
 |                                                    |             |
 |------------------------------------------------------------------|
 |                                                    |             |
 | f fbar -> f' fbar' (s-channel gamma*)          223 |   1.620e-04 |
 |                                                                  |
 *-------  End PYTHIA Process Initialization -----------------------*

 *-------  PYTHIA Flag + Mode + Parm + Word + FVec + MVec + PVec + WVec Settings (changes only)  ------------------* 
 |                                                                                                                 | 
 | Name                                          |                      Now |      Default         Min         Max | 
 |                                               |                          |                                      | 
 | Beams:eA                                      |                  7.00000 |     7000.000         0.0             | 
 | Beams:eB                                      |                  4.00000 |     7000.000         0.0             | 
 | Beams:frameType                               |                        2 |            1           1           5 | 
 | Beams:idA                                     |                       11 |         2212                         | 
 | Beams:idB                                     |                      -11 |         2212                         | 
 | HadronLevel:Hadronize                         |                      off |           on                         | 
 | Next:numberCount                              |                    10000 |         1000           0             | 
 | PartonLevel:MPI                               |                      off |           on                         | 
 | Random:seed                                   |                        0 |           -1               900000000 | 
 | Random:setSeed                                |                       on |          off                         | 
 | WeakSingleBoson:ffbar2ffbar(s:gm)             |                       on |          off                         | 
 |                                                                                                                 | 
 *-------  End PYTHIA Flag + Mode + Parm + Word + FVec + MVec + PVec + WVec Settings  -----------------------------* 

 --------  PYTHIA Particle Data Table (changed only)  ------------------------------------------------------------------------------
 
      id   name            antiName         spn chg col      m0        mWidth      mMin       mMax       tau0    res dec ext vis wid
             no onMode   bRatio   meMode     products 

      15  tau-             tau+               2  -3   0    1.77682    0.00000    0.00000    0.00000  8.71100e-02   0   1   0   1   0
              0     1   0.0000016  103       36       13 
              1     1   0.0000000  103       36       11 

      36  x                                   1   0   0    1.00000    0.00000    0.00000    0.00000  6.00278e+12   0   1   0   0   0
              0     1   0.0000000  103       15      -15 
              1     1   1.0000000  103       13      -13 
              2     1   0.0000000  103       11      -11 
              3     1   0.0000000  103       22       22 

 --------  End PYTHIA Particle Data Table  -----------------------------------------------------------------------------------------

 PYTHIA Warning in TauDecays::decay: unknown correlated tau production, assuming from unpolarized photon  

 --------  PYTHIA Info Listing  ---------------------------------------- 
 
 Beam A: id =     11, pz =  5.292e+00, e =  5.292e+00, m =  5.110e-04.
 Beam B: id =    -11, pz = -5.292e+00, e =  5.292e+00, m =  5.110e-04.

 In 1: id =   11, x =  1.000e+00, pdf =  8.879e+07 at Q2 =  1.120e+02.
 In 2: id =  -11, x =  1.000e+00, pdf =  2.689e+06 at same Q2.

 Subprocess f fbar -> f' fbar' (s-channel gamma*) with code 223 is 2 -> 2.
 It has sHat =  1.120e+02,    tHat = -1.747e+01,    uHat = -9.453e+01,
       pTHat =  3.617e+00,   m3Hat =  1.777e+00,   m4Hat =  1.777e+00,
    thetaHat =  8.120e-01,  phiHat =  1.919e-01.
     alphaEM =  7.631e-03,  alphaS =  1.975e-01    at Q2 =  1.120e+02.

 Impact parameter b =  0.000e+00 gives enhancement factor =  1.000e+00.
 Max pT scale for MPI =  1.058e+01, ISR =  1.058e+01, FSR =  1.058e+01.
 Number of MPI =     1, ISR =     0, FSRproc =     2, FSRreson =     0.

 --------  End PYTHIA Info Listing  ------------------------------------

 --------  PYTHIA Event Listing  (hard process)  -----------------------------------------------------------------------------------
 
    no         id  name            status     mothers   daughters     colours      p_x        p_y        p_z         e          m 
     0         90  (system)           -11     0     0     0     0     0     0      0.000      0.000      3.000     11.000     10.583
     1         11  (e-)               -12     0     0     3     0     0     0      0.000      0.000      7.000      7.000      0.001
     2        -11  (e+)               -12     0     0     4     0     0     0      0.000      0.000     -4.000      4.000      0.001
     3         11  (e-)               -21     1     0     5     6     0     0      0.000      0.000      7.000      7.000      0.000
     4        -11  (e+)               -21     2     0     5     6     0     0      0.000      0.000     -4.000      4.000      0.000
     5         15  tau-                23     3     4     0     0     0     0      3.550      0.690      5.065      6.472      1.777
     6        -15  tau+                23     3     4     0     0     0     0     -3.550     -0.690     -2.065      4.528      1.777
                                   Charge sum:  0.000           Momentum sum:      0.000      0.000      3.000     11.000     10.583

 --------  End PYTHIA Event Listing  -----------------------------------------------------------------------------------------------

 --------  PYTHIA Event Listing  (complete event)  ---------------------------------------------------------------------------------
 
    no         id  name            status     mothers   daughters     colours      p_x        p_y        p_z         e          m 
     0         90  (system)           -11     0     0     0     0     0     0      0.000      0.000      3.000     11.000     10.583
     1         11  (e-)               -12     0     0    13     0     0     0      0.000      0.000      7.000      7.000      0.001
     2        -11  (e+)               -12     0     0    14     0     0     0      0.000      0.000     -4.000      4.000      0.001
     3         11  (e-)               -21    13    13     5     6     0     0      0.000      0.000      7.000      7.000      0.000
     4        -11  (e+)               -21    14    14     5     6     0     0      0.000      0.000     -4.000      4.000      0.000
     5         15  (tau-)             -23     3     4     9     9     0     0      3.550      0.690      5.065      6.472      1.777
     6        -15  (tau+)             -23     3     4     7     8     0     0     -3.550     -0.690     -2.065      4.528      1.777
     7        -15  (tau+)             -51     6     0    12    12     0     0     -3.450     -0.841     -2.079      4.482      1.777
     8         22  (gamma)            -51     6     0    17    17     0     0      0.041      0.179      0.210      0.279      0.000
     9         15  (tau-)             -52     5     5    10    11     0     0      3.409      0.662      4.869      6.239      1.777
    10         15  (tau-)             -51     9     0    15    15     0     0      3.410      0.656      4.866      6.237      1.777
    11         22  (gamma)            -51     9     0    18    18     0     0     -0.008      0.005     -0.001      0.009      0.000
    12        -15  (tau+)             -52     7     7    16    16     0     0     -3.444     -0.840     -2.075      4.475      1.777
    13         11  (e-)               -61     1     0     3     3     0     0      0.000      0.000      7.000      7.000      0.000
    14        -11  (e+)               -61     2     0     4     4     0     0      0.000      0.000     -4.000      4.000      0.000
    15         15  (tau-)             -62    10    10    23    24     0     0      3.410      0.656      4.866      6.237      1.777
    16        -15  (tau+)             -62    12    12    21    22     0     0     -3.444     -0.840     -2.075      4.475      1.777
    17         22  gamma               62     8     8     0     0     0     0      0.041      0.179      0.210      0.279      0.000
    18         22  gamma               62    11    11     0     0     0     0     -0.008      0.005     -0.001      0.009      0.000
    19         22  gamma               63     1     0     0     0     0     0      0.000      0.000      0.000      0.000      0.000
    20         22  gamma               63     2     0     0     0     0     0      0.000      0.000     -0.000      0.000      0.000
    21         36  (x)                -91    16     0    25    26     0     0     -3.160     -0.735     -1.298      3.634      1.000
    22        -13  mu+                 91    16     0     0     0     0     0     -0.284     -0.105     -0.777      0.841      0.106
    23         36  (x)                -91    15     0    27    28     0     0      3.360      0.864      4.254      5.580      1.000
    24         13  mu-                 91    15     0     0     0     0     0      0.050     -0.208      0.612      0.656      0.106
    25         13  mu-                 91    21     0     0     0     0     0     -2.728     -0.893     -0.881      3.004      0.106
    26        -13  mu+                 91    21     0     0     0     0     0     -0.432      0.158     -0.417      0.630      0.106
    27         13  mu-                 91    23     0     0     0     0     0      2.111      1.020      2.729      3.600      0.106
    28        -13  mu+                 91    23     0     0     0     0     0      1.249     -0.156      1.525      1.980      0.106
                                   Charge sum:  0.000           Momentum sum:      0.000      0.000      3.000     11.000     10.583

 --------  End PYTHIA Event Listing  -----------------------------------------------------------------------------------------------

 *-------  PYTHIA Event and Cross Section Statistics  -------------------------------------------------------------*
 |                                                                                                                 |
 | Subprocess                                    Code |            Number of events       |      sigma +- delta    |
 |                                                    |       Tried   Selected   Accepted |     (estimated) (mb)   |
 |                                                    |                                   |                        |
 |-----------------------------------------------------------------------------------------------------------------|
 |                                                    |                                   |                        |
 | f fbar -> f' fbar' (s-channel gamma*)          223 |      268600      10000      10000 |   6.017e-06  2.825e-08 |
 |                                                    |                                   |                        |
 | sum                                                |      268600      10000      10000 |   6.017e-06  2.825e-08 |
 |                                                                                                                 |
 *-------  End PYTHIA Event and Cross Section Statistics ----------------------------------------------------------*

 *-------  PYTHIA Error and Warning Messages Statistics  ----------------------------------------------------------* 
 |                                                                                                                 | 
 |  times   message                                                                                                | 
 |                                                                                                                 | 
 |   1426   Warning in TauDecays::decay: unknown correlated tau production, assuming from unpolarized photon       | 
 |                                                                                                                 | 
 *-------  End PYTHIA Error and Warning Messages Statistics  ------------------------------------------------------* 
Gammatau2xmu: 3.669e-18

Gammatau2xe: 0.000e+00

BRtau2xmu: 1.620e-06

BRtau2xe: 0.000e+00

produced tau excluding those daughters are also tau lepton: 2.852e+03
produced X: 2.852e+03
produced X/NMC: 2.852e-01

Proportion of X flying forward (eta>0): 6.227e-01
Proportion of X flying backward (eta<0): 3.773e-01

Total Gamma [GeV]: 3.287e-26
ctau [m]: 6.003e+09

Gammax2tautau: 0.000e+00

Gammax2mumu: 3.287e-26

Gammax2ee: 0.000e+00

Gammax2gmgm: 0.000e+00

BRx2tautau: 0.000e+00

BRx2mumu: 1.000e+00

BRx2ee: 0.000e+00

BRx2gmgm: 0.000e+00

X: insideFidVol: 0.000e+00
observedX: 1.258e-07
visibleX: 1.258e-08

X Observed Fiducial efficiency: 4.409e-11
X Visible Fiducial efficiency: 4.409e-12

reallyProduced tau: 9.200e+10
total number of tau-tau events: 4.600e+10

reallyProducedX: 5.246e+04
reallyobservedX: 2.313e-06
reallyvisibleX: 2.313e-07

