mX:  1
g_TM_Lamb:  6e-08
g_MM_Lamb:  4e-07
NMC 10000

 *-------  PYTHIA Process Initialization  --------------------------*
 |                                                                  |
 | We collide e- with e+ at a CM energy of 1.058e+01 GeV            |
 |                                                                  |
 |------------------------------------------------------------------|
 |                                                    |             |
 | Subprocess                                    Code |   Estimated |
 |                                                    |    max (mb) |
 |                                                    |             |
 |------------------------------------------------------------------|
 |                                                    |             |
 | f fbar -> f' fbar' (s-channel gamma*)          223 |   1.457e-04 |
 |                                                                  |
 *-------  End PYTHIA Process Initialization -----------------------*

 *-------  PYTHIA Flag + Mode + Parm + Word + FVec + MVec + PVec + WVec Settings (changes only)  ------------------* 
 |                                                                                                                 | 
 | Name                                          |                      Now |      Default         Min         Max | 
 |                                               |                          |                                      | 
 | Beams:eA                                      |                  7.00000 |     7000.000         0.0             | 
 | Beams:eB                                      |                  4.00000 |     7000.000         0.0             | 
 | Beams:frameType                               |                        2 |            1           1           5 | 
 | Beams:idA                                     |                       11 |         2212                         | 
 | Beams:idB                                     |                      -11 |         2212                         | 
 | HadronLevel:Hadronize                         |                      off |           on                         | 
 | Next:numberCount                              |                    10000 |         1000           0             | 
 | PartonLevel:MPI                               |                      off |           on                         | 
 | Random:seed                                   |                        0 |           -1               900000000 | 
 | Random:setSeed                                |                       on |          off                         | 
 | WeakSingleBoson:ffbar2ffbar(s:gm)             |                       on |          off                         | 
 |                                                                                                                 | 
 *-------  End PYTHIA Flag + Mode + Parm + Word + FVec + MVec + PVec + WVec Settings  -----------------------------* 

 --------  PYTHIA Particle Data Table (changed only)  ------------------------------------------------------------------------------
 
      id   name            antiName         spn chg col      m0        mWidth      mMin       mMax       tau0    res dec ext vis wid
             no onMode   bRatio   meMode     products 

      15  tau-             tau+               2  -3   0    1.77682    0.00000    0.00000    0.00000  8.71100e-02   0   1   0   1   0
              0     1   0.0001619  103       36       13 
              1     1   0.0000000  103       36       11 

      36  x                                   1   0   0    1.00000    0.00000    0.00000    0.00000  3.75174e+01   0   1   0   0   0
              0     1   0.0000000  103       15      -15 
              1     1   1.0000000  103       13      -13 
              2     1   0.0000000  103       11      -11 
              3     1   0.0000000  103       22       22 

 --------  End PYTHIA Particle Data Table  -----------------------------------------------------------------------------------------

 PYTHIA Warning in TauDecays::decay: unknown correlated tau production, assuming from unpolarized photon  

 --------  PYTHIA Info Listing  ---------------------------------------- 
 
 Beam A: id =     11, pz =  5.292e+00, e =  5.292e+00, m =  5.110e-04.
 Beam B: id =    -11, pz = -5.292e+00, e =  5.292e+00, m =  5.110e-04.

 In 1: id =   11, x =  1.000e+00, pdf =  1.731e+03 at Q2 =  1.083e+02.
 In 2: id =  -11, x =  9.670e-01, pdf =  1.105e+00 at same Q2.

 Subprocess f fbar -> f' fbar' (s-channel gamma*) with code 223 is 2 -> 2.
 It has sHat =  1.083e+02,    tHat = -7.287e+01,    uHat = -3.543e+01,
       pTHat =  4.589e+00,   m3Hat =  1.777e+00,   m4Hat =  1.777e+00,
    thetaHat =  1.924e+00,  phiHat =  5.546e+00.
     alphaEM =  7.630e-03,  alphaS =  1.983e-01    at Q2 =  1.083e+02.

 Impact parameter b =  0.000e+00 gives enhancement factor =  1.000e+00.
 Max pT scale for MPI =  1.058e+01, ISR =  1.058e+01, FSR =  1.058e+01.
 Number of MPI =     1, ISR =     1, FSRproc =     0, FSRreson =     0.

 --------  End PYTHIA Info Listing  ------------------------------------

 --------  PYTHIA Event Listing  (hard process)  -----------------------------------------------------------------------------------
 
    no         id  name            status     mothers   daughters     colours      p_x        p_y        p_z         e          m 
     0         90  (system)           -11     0     0     0     0     0     0      0.000      0.000      3.000     11.000     10.583
     1         11  (e-)               -12     0     0     3     0     0     0      0.000      0.000      7.000      7.000      0.001
     2        -11  (e+)               -12     0     0     4     0     0     0      0.000      0.000     -4.000      4.000      0.001
     3         11  (e-)               -21     1     0     5     6     0     0      0.000      0.000      7.000      7.000      0.000
     4        -11  (e+)               -21     2     0     5     6     0     0      0.000      0.000     -3.868      3.868      0.000
     5         15  tau-                23     3     4     0     0     0     0      3.398     -3.084     -0.200      4.925      1.777
     6        -15  tau+                23     3     4     0     0     0     0     -3.398      3.084      3.332      5.943      1.777
                                   Charge sum:  0.000           Momentum sum:      0.000      0.000      3.132     10.868     10.407

 --------  End PYTHIA Event Listing  -----------------------------------------------------------------------------------------------

 --------  PYTHIA Event Listing  (complete event)  ---------------------------------------------------------------------------------
 
    no         id  name            status     mothers   daughters     colours      p_x        p_y        p_z         e          m 
     0         90  (system)           -11     0     0     0     0     0     0      0.000      0.000      3.000     11.000     10.583
     1         11  (e-)               -12     0     0    12     0     0     0      0.000      0.000      7.000      7.000      0.001
     2        -11  (e+)               -12     0     0    13     0     0     0      0.000      0.000     -4.000      4.000      0.001
     3         11  (e-)               -21     7     7     5     6     0     0      0.000      0.000      7.000      7.000      0.000
     4        -11  (e+)               -21     8     0     5     6     0     0      0.000      0.000     -3.868      3.868      0.000
     5         15  (tau-)             -23     3     4     9     9     0     0      3.398     -3.084     -0.200      4.925      1.777
     6        -15  (tau+)             -23     3     4    10    10     0     0     -3.398      3.084      3.332      5.943      1.777
     7         11  (e-)               -42    12    12     3     3     0     0     -0.000      0.000      7.000      7.000      0.000
     8        -11  (e+)               -41    13    13    11     4     0     0      0.000     -0.000     -4.000      4.000      0.000
     9         15  (tau-)             -44     5     5    14    14     0     0      3.397     -3.056     -0.220      4.907      1.777
    10        -15  (tau+)             -44     6     6    15    15     0     0     -3.398      3.099      3.346      5.959      1.777
    11         22  (gamma)            -43     8     0    16    16     0     0      0.002     -0.043     -0.127      0.134      0.000
    12         11  (e-)               -61     1     0     7     7     0     0     -0.000     -0.000      7.000      7.000      0.000
    13        -11  (e+)               -61     2     0     8     8     0     0      0.000      0.000     -4.000      4.000      0.000
    14         15  (tau-)             -62     9     9    19    20     0     0      3.397     -3.056     -0.220      4.907      1.777
    15        -15  (tau+)             -62    10    10    21    22     0     0     -3.398      3.099      3.346      5.959      1.777
    16         22  gamma               62    11    11     0     0     0     0      0.002     -0.043     -0.127      0.134      0.000
    17         22  gamma               63     1     0     0     0     0     0      0.000      0.000      0.000      0.000      0.000
    18         22  gamma               63     2     0     0     0     0     0      0.000      0.000     -0.000      0.000      0.000
    19         36  (x)                -91    14     0    23    24     0     0      2.453     -2.917     -0.116      3.942      1.000
    20         13  mu-                 91    14     0     0     0     0     0      0.944     -0.139     -0.104      0.966      0.106
    21         36  (x)                -91    15     0    25    26     0     0     -2.295      2.692      2.066      4.217      1.000
    22        -13  mu+                 91    15     0     0     0     0     0     -1.104      0.407      1.281      1.742      0.106
    23         13  mu-                 91    19     0     0     0     0     0      0.883     -1.340     -0.494      1.682      0.106
    24        -13  mu+                 91    19     0     0     0     0     0      1.570     -1.577      0.378      2.259      0.106
    25         13  mu-                 91    21     0     0     0     0     0     -1.079      1.647      1.613      2.547      0.106
    26        -13  mu+                 91    21     0     0     0     0     0     -1.216      1.046      0.453      1.670      0.106
                                   Charge sum:  0.000           Momentum sum:      0.000     -0.000      3.000     11.000     10.583

 --------  End PYTHIA Event Listing  -----------------------------------------------------------------------------------------------
 PYTHIA Warning in PhaseSpace2to2tauyz::trialKin: maximum for cross section violated  

 *-------  PYTHIA Event and Cross Section Statistics  -------------------------------------------------------------*
 |                                                                                                                 |
 | Subprocess                                    Code |            Number of events       |      sigma +- delta    |
 |                                                    |       Tried   Selected   Accepted |     (estimated) (mb)   |
 |                                                    |                                   |                        |
 |-----------------------------------------------------------------------------------------------------------------|
 |                                                    |                                   |                        |
 | f fbar -> f' fbar' (s-channel gamma*)          223 |      240443      10000      10000 |   6.015e-06  3.058e-08 |
 |                                                    |                                   |                        |
 | sum                                                |      240443      10000      10000 |   6.015e-06  3.058e-08 |
 |                                                                                                                 |
 *-------  End PYTHIA Event and Cross Section Statistics ----------------------------------------------------------*

 *-------  PYTHIA Error and Warning Messages Statistics  ----------------------------------------------------------* 
 |                                                                                                                 | 
 |  times   message                                                                                                | 
 |                                                                                                                 | 
 |     61   Warning in PhaseSpace2to2tauyz::trialKin: maximum for cross section violated                           | 
 |   1440   Warning in TauDecays::decay: unknown correlated tau production, assuming from unpolarized photon       | 
 |                                                                                                                 | 
 *-------  End PYTHIA Error and Warning Messages Statistics  ------------------------------------------------------* 
Gammatau2xmu: 3.669e-16

Gammatau2xe: 0.000e+00

BRtau2xmu: 1.619e-04

BRtau2xe: 0.000e+00

produced tau excluding those daughters are also tau lepton: 2.880e+03
produced X: 2.880e+03
produced X/NMC: 2.880e-01

Proportion of X flying forward (eta>0): 6.198e-01
Proportion of X flying backward (eta<0): 3.802e-01

Total Gamma [GeV]: 5.260e-15
ctau [m]: 3.752e-02

Gammax2tautau: 0.000e+00

Gammax2mumu: 5.260e-15

Gammax2ee: 0.000e+00

Gammax2gmgm: 0.000e+00

BRx2tautau: 0.000e+00

BRx2mumu: 1.000e+00

BRx2ee: 0.000e+00

BRx2gmgm: 0.000e+00

X: insideFidVol: 8.820e+02
observedX: 8.443e+02
visibleX: 8.443e+01

X Observed Fiducial efficiency: 2.931e-01
X Visible Fiducial efficiency: 2.931e-02

reallyProduced tau: 9.200e+10
total number of tau-tau events: 4.600e+10

reallyProducedX: 5.245e+06
reallyobservedX: 1.538e+06
reallyvisibleX: 1.538e+05

