mX:  1
g_TM_Lamb:  3e-10
g_MM_Lamb:  6e-06
NMC 10000

 *-------  PYTHIA Process Initialization  --------------------------*
 |                                                                  |
 | We collide e- with e+ at a CM energy of 1.058e+01 GeV            |
 |                                                                  |
 |------------------------------------------------------------------|
 |                                                    |             |
 | Subprocess                                    Code |   Estimated |
 |                                                    |    max (mb) |
 |                                                    |             |
 |------------------------------------------------------------------|
 |                                                    |             |
 | f fbar -> f' fbar' (s-channel gamma*)          223 |   1.418e-04 |
 |                                                                  |
 *-------  End PYTHIA Process Initialization -----------------------*

 *-------  PYTHIA Flag + Mode + Parm + Word + FVec + MVec + PVec + WVec Settings (changes only)  ------------------* 
 |                                                                                                                 | 
 | Name                                          |                      Now |      Default         Min         Max | 
 |                                               |                          |                                      | 
 | Beams:eA                                      |                  7.00000 |     7000.000         0.0             | 
 | Beams:eB                                      |                  4.00000 |     7000.000         0.0             | 
 | Beams:frameType                               |                        2 |            1           1           5 | 
 | Beams:idA                                     |                       11 |         2212                         | 
 | Beams:idB                                     |                      -11 |         2212                         | 
 | HadronLevel:Hadronize                         |                      off |           on                         | 
 | Next:numberCount                              |                    10000 |         1000           0             | 
 | PartonLevel:MPI                               |                      off |           on                         | 
 | Random:seed                                   |                        0 |           -1               900000000 | 
 | Random:setSeed                                |                       on |          off                         | 
 | WeakSingleBoson:ffbar2ffbar(s:gm)             |                       on |          off                         | 
 |                                                                                                                 | 
 *-------  End PYTHIA Flag + Mode + Parm + Word + FVec + MVec + PVec + WVec Settings  -----------------------------* 

 --------  PYTHIA Particle Data Table (changed only)  ------------------------------------------------------------------------------
 
      id   name            antiName         spn chg col      m0        mWidth      mMin       mMax       tau0    res dec ext vis wid
             no onMode   bRatio   meMode     products 

      15  tau-             tau+               2  -3   0    1.77682    0.00000    0.00000    0.00000  8.71100e-02   0   1   0   1   0
              0     1   0.0000000  103       36       13 
              1     1   0.0000000  103       36       11 

      36  x                                   1   0   0    1.00000    0.00000    0.00000    0.00000  1.66744e-01   0   1   0   0   0
              0     1   0.0000000  103       15      -15 
              1     1   1.0000000  103       13      -13 
              2     1   0.0000000  103       11      -11 
              3     1   0.0000000  103       22       22 

 --------  End PYTHIA Particle Data Table  -----------------------------------------------------------------------------------------


 --------  PYTHIA Info Listing  ---------------------------------------- 
 
 Beam A: id =     11, pz =  5.292e+00, e =  5.292e+00, m =  5.110e-04.
 Beam B: id =    -11, pz = -5.292e+00, e =  5.292e+00, m =  5.110e-04.

 In 1: id =   11, x =  9.989e-01, pdf =  3.036e+01 at Q2 =  1.107e+02.
 In 2: id =  -11, x =  9.895e-01, pdf =  3.472e+00 at same Q2.

 Subprocess f fbar -> f' fbar' (s-channel gamma*) with code 223 is 2 -> 2.
 It has sHat =  1.107e+02,    tHat = -9.832e+01,    uHat = -1.239e+01,
       pTHat =  3.310e+00,   m3Hat =  3.300e-01,   m4Hat =  3.300e-01,
    thetaHat =  2.459e+00,  phiHat =  3.051e+00.
     alphaEM =  7.631e-03,  alphaS =  1.977e-01    at Q2 =  1.107e+02.

 Impact parameter b =  0.000e+00 gives enhancement factor =  1.000e+00.
 Max pT scale for MPI =  1.058e+01, ISR =  1.052e+01, FSR =  1.052e+01.
 Number of MPI =     1, ISR =     2, FSRproc =     3, FSRreson =     0.

 --------  End PYTHIA Info Listing  ------------------------------------

 --------  PYTHIA Event Listing  (hard process)  -----------------------------------------------------------------------------------
 
    no         id  name            status     mothers   daughters     colours      p_x        p_y        p_z         e          m 
     0         90  (system)           -11     0     0     0     0     0     0      0.000      0.000      3.000     11.000     10.583
     1         11  (e-)               -12     0     0     3     0     0     0      0.000      0.000      7.000      7.000      0.001
     2        -11  (e+)               -12     0     0     4     0     0     0      0.000      0.000     -4.000      4.000      0.001
     3         11  (e-)               -21     1     0     5     6     0     0      0.000      0.000      6.992      6.992      0.000
     4        -11  (e+)               -21     2     0     5     6     0     0      0.000      0.000     -3.958      3.958      0.000
     5          2  u                   23     3     4     0     0   101     0     -3.297      0.299     -2.724      4.300      0.330
     6         -2  ubar                23     3     4     0     0     0   101      3.297     -0.299      5.759      6.650      0.330
                                   Charge sum:  0.000           Momentum sum:      0.000      0.000      3.034     10.950     10.522

 --------  End PYTHIA Event Listing  -----------------------------------------------------------------------------------------------

 --------  PYTHIA Event Listing  (complete event)  ---------------------------------------------------------------------------------
 
    no         id  name            status     mothers   daughters     colours      p_x        p_y        p_z         e          m 
     0         90  (system)           -11     0     0     0     0     0     0      0.000      0.000      3.000     11.000     10.583
     1         11  (e-)               -12     0     0    33     0     0     0      0.000      0.000      7.000      7.000      0.001
     2        -11  (e+)               -12     0     0    34     0     0     0      0.000      0.000     -4.000      4.000      0.001
     3         11  (e-)               -21    16     0     5     6     0     0      0.000      0.000      6.992      6.992      0.000
     4        -11  (e+)               -21    17    17     5     6     0     0      0.000      0.000     -3.958      3.958      0.000
     5          2  (u)                -23     3     4     9     9   101     0     -3.297      0.299     -2.724      4.300      0.330
     6         -2  (ubar)             -23     3     4     7     8     0   101      3.297     -0.299      5.759      6.650      0.330
     7         -2  (ubar)             -51     6     0    13    14     0   103      3.247     -1.015      5.362      6.359      0.330
     8         21  (g)                -51     6     0    10    11   103   101     -0.377      0.755      0.043      0.845      0.000
     9          2  (u)                -52     5     5    12    12   101     0     -2.870      0.260     -2.371      3.746      0.330
    10         21  (g)                -51     8     0    15    15   103   104     -1.569      0.866     -1.133      2.121      0.000
    11         21  (g)                -51     8     0    21    21   104   101      0.040     -0.028      0.213      0.218      0.000
    12          2  (u)                -52     9     9    18    18   101     0     -1.717      0.177     -1.408      2.252      0.330
    13         -2  (ubar)             -51     7     0    19    19     0   105      0.609     -0.106      0.230      0.738      0.330
    14         21  (g)                -51     7     0    22    22   105   103      2.550     -0.861      5.069      5.739      0.000
    15         21  (g)                -52    10    10    20    20   103   104     -1.482      0.818     -1.070      2.003      0.000
    16         11  (e-)               -41    24    24    23     3     0     0      0.000      0.000      7.000      7.000      0.000
    17        -11  (e+)               -42    25     0     4     4     0     0      0.000     -0.000     -3.958      3.958      0.000
    18          2  (u)                -44    12    12    26    26   101     0     -1.717      0.177     -1.407      2.251      0.330
    19         -2  (ubar)             -44    13    13    27    27     0   105      0.610     -0.106      0.230      0.738      0.330
    20         21  (g)                -44    15    15    28    28   103   104     -1.482      0.818     -1.069      2.001      0.000
    21         21  (g)                -44    11    11    29    29   104   101      0.040     -0.028      0.213      0.219      0.000
    22         21  (g)                -44    14    14    30    30   105   103      2.555     -0.861      5.070      5.742      0.000
    23         22  (gamma)            -43    16     0    31    31     0     0     -0.006      0.001      0.004      0.007      0.000
    24         11  (e-)               -42    33    33    16    16     0     0     -0.000     -0.000      7.000      7.000      0.000
    25        -11  (e+)               -41    34    34    32    17     0     0      0.000      0.000     -4.000      4.000      0.000
    26          2  (u)                -44    18    18    35    35   101     0     -1.717      0.178     -1.407      2.251      0.330
    27         -2  (ubar)             -44    19    19    36    36     0   105      0.610     -0.106      0.230      0.738      0.330
    28         21  (g)                -44    20    20    37    37   103   104     -1.481      0.818     -1.069      2.001      0.000
    29         21  (g)                -44    21    21    38    38   104   101      0.040     -0.028      0.213      0.219      0.000
    30         21  (g)                -44    22    22    39    39   105   103      2.555     -0.861      5.070      5.743      0.000
    31         22  (gamma)            -44    23    23    40    40     0     0     -0.006      0.001      0.004      0.007      0.000
    32         22  (gamma)            -43    25     0    41    41     0     0     -0.001     -0.001     -0.042      0.042      0.000
    33         11  (e-)               -61     1     0    24    24     0     0      0.000      0.000      7.000      7.000      0.000
    34        -11  (e+)               -61     2     0    25    25     0     0     -0.000     -0.000     -4.000      4.000      0.000
    35          2  u                   62    26    26     0     0   101     0     -1.717      0.178     -1.407      2.251      0.330
    36         -2  ubar                62    27    27     0     0     0   105      0.610     -0.106      0.230      0.738      0.330
    37         21  g                   62    28    28     0     0   103   104     -1.481      0.818     -1.069      2.001      0.000
    38         21  g                   62    29    29     0     0   104   101      0.040     -0.028      0.213      0.219      0.000
    39         21  g                   62    30    30     0     0   105   103      2.555     -0.861      5.070      5.743      0.000
    40         22  gamma               62    31    31     0     0     0     0     -0.006      0.001      0.004      0.007      0.000
    41         22  gamma               62    32    32     0     0     0     0     -0.001     -0.001     -0.042      0.042      0.000
    42         22  gamma               63     1     0     0     0     0     0      0.000      0.000      0.000      0.000      0.000
    43         22  gamma               63     2     0     0     0     0     0      0.000      0.000     -0.000      0.000      0.000
                                   Charge sum:  0.000           Momentum sum:     -0.000     -0.000      3.000     11.000     10.583

 --------  End PYTHIA Event Listing  -----------------------------------------------------------------------------------------------
 PYTHIA Warning in PhaseSpace2to2tauyz::trialKin: maximum for cross section violated  
 PYTHIA Warning in TauDecays::decay: unknown correlated tau production, assuming from unpolarized photon  

 *-------  PYTHIA Event and Cross Section Statistics  -------------------------------------------------------------*
 |                                                                                                                 |
 | Subprocess                                    Code |            Number of events       |      sigma +- delta    |
 |                                                    |       Tried   Selected   Accepted |     (estimated) (mb)   |
 |                                                    |                                   |                        |
 |-----------------------------------------------------------------------------------------------------------------|
 |                                                    |                                   |                        |
 | f fbar -> f' fbar' (s-channel gamma*)          223 |      236003      10000      10000 |   6.048e-06  3.177e-08 |
 |                                                    |                                   |                        |
 | sum                                                |      236003      10000      10000 |   6.048e-06  3.177e-08 |
 |                                                                                                                 |
 *-------  End PYTHIA Event and Cross Section Statistics ----------------------------------------------------------*

 *-------  PYTHIA Error and Warning Messages Statistics  ----------------------------------------------------------* 
 |                                                                                                                 | 
 |  times   message                                                                                                | 
 |                                                                                                                 | 
 |    216   Warning in PhaseSpace2to2tauyz::trialKin: maximum for cross section violated                           | 
 |   1463   Warning in TauDecays::decay: unknown correlated tau production, assuming from unpolarized photon       | 
 |                                                                                                                 | 
 *-------  End PYTHIA Error and Warning Messages Statistics  ------------------------------------------------------* 
Gammatau2xmu: 9.174e-21

Gammatau2xe: 0.000e+00

BRtau2xmu: 4.049e-09

BRtau2xe: 0.000e+00

produced tau excluding those daughters are also tau lepton: 2.926e+03
produced X: 2.926e+03
produced X/NMC: 2.926e-01

Proportion of X flying forward (eta>0): 6.224e-01
Proportion of X flying backward (eta<0): 3.776e-01

Total Gamma [GeV]: 1.183e-12
ctau [m]: 1.667e-04

Gammax2tautau: 0.000e+00

Gammax2mumu: 1.183e-12

Gammax2ee: 0.000e+00

Gammax2gmgm: 0.000e+00

BRx2tautau: 0.000e+00

BRx2mumu: 1.000e+00

BRx2ee: 0.000e+00

BRx2gmgm: 0.000e+00

X: insideFidVol: 0.000e+00
observedX: 9.014e-52
visibleX: 9.014e-53

X Observed Fiducial efficiency: 3.081e-55
X Visible Fiducial efficiency: 3.081e-56

reallyProduced tau: 9.200e+10
total number of tau-tau events: 4.600e+10

reallyProducedX: 1.312e+02
reallyobservedX: 4.040e-53
reallyvisibleX: 4.040e-54

