mX:  1
g_TM_Lamb:  6e-07
g_MM_Lamb:  6e-11
NMC 10000

 *-------  PYTHIA Process Initialization  --------------------------*
 |                                                                  |
 | We collide e- with e+ at a CM energy of 1.058e+01 GeV            |
 |                                                                  |
 |------------------------------------------------------------------|
 |                                                    |             |
 | Subprocess                                    Code |   Estimated |
 |                                                    |    max (mb) |
 |                                                    |             |
 |------------------------------------------------------------------|
 |                                                    |             |
 | f fbar -> f' fbar' (s-channel gamma*)          223 |   1.586e-04 |
 |                                                                  |
 *-------  End PYTHIA Process Initialization -----------------------*

 *-------  PYTHIA Flag + Mode + Parm + Word + FVec + MVec + PVec + WVec Settings (changes only)  ------------------* 
 |                                                                                                                 | 
 | Name                                          |                      Now |      Default         Min         Max | 
 |                                               |                          |                                      | 
 | Beams:eA                                      |                  7.00000 |     7000.000         0.0             | 
 | Beams:eB                                      |                  4.00000 |     7000.000         0.0             | 
 | Beams:frameType                               |                        2 |            1           1           5 | 
 | Beams:idA                                     |                       11 |         2212                         | 
 | Beams:idB                                     |                      -11 |         2212                         | 
 | HadronLevel:Hadronize                         |                      off |           on                         | 
 | Next:numberCount                              |                    10000 |         1000           0             | 
 | PartonLevel:MPI                               |                      off |           on                         | 
 | Random:seed                                   |                        0 |           -1               900000000 | 
 | Random:setSeed                                |                       on |          off                         | 
 | WeakSingleBoson:ffbar2ffbar(s:gm)             |                       on |          off                         | 
 |                                                                                                                 | 
 *-------  End PYTHIA Flag + Mode + Parm + Word + FVec + MVec + PVec + WVec Settings  -----------------------------* 

 --------  PYTHIA Particle Data Table (changed only)  ------------------------------------------------------------------------------
 
      id   name            antiName         spn chg col      m0        mWidth      mMin       mMax       tau0    res dec ext vis wid
             no onMode   bRatio   meMode     products 

      15  tau-             tau+               2  -3   0    1.77682    0.00000    0.00000    0.00000  8.71100e-02   0   1   0   1   0
              0     1   0.0159371  103       36       13 
              1     1   0.0000000  103       36       11 

      36  x                                   1   0   0    1.00000    0.00000    0.00000    0.00000  1.66744e+09   0   1   0   0   0
              0     1   0.0000000  103       15      -15 
              1     1   1.0000000  103       13      -13 
              2     1   0.0000000  103       11      -11 
              3     1   0.0000000  103       22       22 

 --------  End PYTHIA Particle Data Table  -----------------------------------------------------------------------------------------


 --------  PYTHIA Info Listing  ---------------------------------------- 
 
 Beam A: id =     11, pz =  5.292e+00, e =  5.292e+00, m =  5.110e-04.
 Beam B: id =    -11, pz = -5.292e+00, e =  5.292e+00, m =  5.110e-04.

 In 1: id =   11, x =  9.988e-01, pdf =  2.820e+01 at Q2 =  1.119e+02.
 In 2: id =  -11, x =  1.000e+00, pdf =  1.898e+03 at same Q2.

 Subprocess f fbar -> f' fbar' (s-channel gamma*) with code 223 is 2 -> 2.
 It has sHat =  1.119e+02,    tHat = -2.635e+01,    uHat = -8.551e+01,
       pTHat =  4.480e+00,   m3Hat =  3.300e-01,   m4Hat =  3.300e-01,
    thetaHat =  1.014e+00,  phiHat =  5.877e+00.
     alphaEM =  7.631e-03,  alphaS =  1.975e-01    at Q2 =  1.119e+02.

 Impact parameter b =  0.000e+00 gives enhancement factor =  1.000e+00.
 Max pT scale for MPI =  1.058e+01, ISR =  1.058e+01, FSR =  1.058e+01.
 Number of MPI =     1, ISR =     1, FSRproc =     3, FSRreson =     0.

 --------  End PYTHIA Info Listing  ------------------------------------

 --------  PYTHIA Event Listing  (hard process)  -----------------------------------------------------------------------------------
 
    no         id  name            status     mothers   daughters     colours      p_x        p_y        p_z         e          m 
     0         90  (system)           -11     0     0     0     0     0     0      0.000      0.000      3.000     11.000     10.583
     1         11  (e-)               -12     0     0     3     0     0     0      0.000      0.000      7.000      7.000      0.001
     2        -11  (e+)               -12     0     0     4     0     0     0      0.000      0.000     -4.000      4.000      0.001
     3         11  (e-)               -21     1     0     5     6     0     0      0.000      0.000      6.992      6.992      0.000
     4        -11  (e+)               -21     2     0     5     6     0     0      0.000      0.000     -4.000      4.000      0.000
     5          1  d                   23     3     4     0     0   101     0      4.115     -1.771      4.397      6.285      0.330
     6         -1  dbar                23     3     4     0     0     0   101     -4.115      1.771     -1.405      4.706      0.330
                                   Charge sum:  0.000           Momentum sum:      0.000      0.000      2.992     10.992     10.577

 --------  End PYTHIA Event Listing  -----------------------------------------------------------------------------------------------

 --------  PYTHIA Event Listing  (complete event)  ---------------------------------------------------------------------------------
 
    no         id  name            status     mothers   daughters     colours      p_x        p_y        p_z         e          m 
     0         90  (system)           -11     0     0     0     0     0     0      0.000      0.000      3.000     11.000     10.583
     1         11  (e-)               -12     0     0    24     0     0     0      0.000      0.000      7.000      7.000      0.001
     2        -11  (e+)               -12     0     0    25     0     0     0      0.000      0.000     -4.000      4.000      0.001
     3         11  (e-)               -21    16     0     5     6     0     0      0.000      0.000      6.992      6.992      0.000
     4        -11  (e+)               -21    17    17     5     6     0     0      0.000      0.000     -4.000      4.000      0.000
     5          1  (d)                -23     3     4     7     8   101     0      4.115     -1.771      4.397      6.285      0.330
     6         -1  (dbar)             -23     3     4     9     9     0   101     -4.115      1.771     -1.405      4.706      0.330
     7          1  (d)                -51     5     0    18    18   103     0      1.681      0.165      1.725      2.437      0.330
     8         21  (g)                -51     5     0    12    12   101   103      2.317     -1.886      2.631      3.981      0.000
     9         -1  (dbar)             -52     6     6    10    11     0   101     -3.998      1.721     -1.365      4.574      0.330
    10         -1  (dbar)             -51     9     0    19    19     0   104     -1.294      1.308     -0.776      2.024      0.330
    11         21  (g)                -51     9     0    15    15   104   101     -2.622      0.346     -0.496      2.690      0.000
    12         21  (g)                -52     8     8    13    14   101   103      2.235     -1.819      2.538      3.840      0.000
    13         21  (g)                -51    12     0    20    20   105   103      2.095     -1.097      1.871      3.016      0.000
    14         21  (g)                -51    12     0    22    22   101   105      0.014     -0.705      0.643      0.954      0.000
    15         21  (g)                -52    11    11    21    21   104   101     -2.495      0.329     -0.472      2.561      0.000
    16         11  (e-)               -41    24    24    23     3     0     0      0.000      0.000      7.000      7.000      0.000
    17        -11  (e+)               -42    25    25     4     4     0     0     -0.000      0.000     -4.000      4.000      0.000
    18          1  (d)                -44     7     7    26    26   103     0      1.680      0.166      1.725      2.437      0.330
    19         -1  (dbar)             -44    10    10    27    27     0   104     -1.294      1.308     -0.776      2.024      0.330
    20         21  (g)                -44    13    13    28    28   105   103      2.094     -1.097      1.872      3.015      0.000
    21         21  (g)                -44    15    15    29    29   104   101     -2.495      0.329     -0.472      2.561      0.000
    22         21  (g)                -44    14    14    30    30   101   105      0.014     -0.705      0.643      0.954      0.000
    23         22  (gamma)            -43    16     0    31    31     0     0      0.001     -0.002      0.008      0.008      0.000
    24         11  (e-)               -61     1     0    16    16     0     0     -0.000      0.000      7.000      7.000      0.000
    25        -11  (e+)               -61     2     0    17    17     0     0      0.000     -0.000     -4.000      4.000      0.000
    26          1  d                   62    18    18     0     0   103     0      1.680      0.166      1.725      2.437      0.330
    27         -1  dbar                62    19    19     0     0     0   104     -1.294      1.308     -0.776      2.024      0.330
    28         21  g                   62    20    20     0     0   105   103      2.094     -1.097      1.872      3.015      0.000
    29         21  g                   62    21    21     0     0   104   101     -2.495      0.329     -0.472      2.561      0.000
    30         21  g                   62    22    22     0     0   101   105      0.014     -0.705      0.643      0.954      0.000
    31         22  gamma               62    23    23     0     0     0     0      0.001     -0.002      0.008      0.008      0.000
    32         22  gamma               63     1     0     0     0     0     0      0.000      0.000      0.000      0.000      0.000
    33         22  gamma               63     2     0     0     0     0     0      0.000      0.000     -0.000      0.000      0.000
                                   Charge sum:  0.000           Momentum sum:      0.000     -0.000      3.000     11.000     10.583

 --------  End PYTHIA Event Listing  -----------------------------------------------------------------------------------------------
 PYTHIA Warning in TauDecays::decay: unknown correlated tau production, assuming from unpolarized photon  

 *-------  PYTHIA Event and Cross Section Statistics  -------------------------------------------------------------*
 |                                                                                                                 |
 | Subprocess                                    Code |            Number of events       |      sigma +- delta    |
 |                                                    |       Tried   Selected   Accepted |     (estimated) (mb)   |
 |                                                    |                                   |                        |
 |-----------------------------------------------------------------------------------------------------------------|
 |                                                    |                                   |                        |
 | f fbar -> f' fbar' (s-channel gamma*)          223 |      266751      10000      10000 |   5.978e-06  2.881e-08 |
 |                                                    |                                   |                        |
 | sum                                                |      266751      10000      10000 |   5.978e-06  2.881e-08 |
 |                                                                                                                 |
 *-------  End PYTHIA Event and Cross Section Statistics ----------------------------------------------------------*

 *-------  PYTHIA Error and Warning Messages Statistics  ----------------------------------------------------------* 
 |                                                                                                                 | 
 |  times   message                                                                                                | 
 |                                                                                                                 | 
 |   1459   Warning in TauDecays::decay: unknown correlated tau production, assuming from unpolarized photon       | 
 |                                                                                                                 | 
 *-------  End PYTHIA Error and Warning Messages Statistics  ------------------------------------------------------* 
Gammatau2xmu: 3.669e-14

Gammatau2xe: 0.000e+00

BRtau2xmu: 1.594e-02

BRtau2xe: 0.000e+00

produced tau excluding those daughters are also tau lepton: 2.918e+03
produced X: 2.918e+03
produced X/NMC: 2.918e-01

Proportion of X flying forward (eta>0): 6.223e-01
Proportion of X flying backward (eta<0): 3.777e-01

Total Gamma [GeV]: 1.183e-22
ctau [m]: 1.667e+06

Gammax2tautau: 0.000e+00

Gammax2mumu: 1.183e-22

Gammax2ee: 0.000e+00

Gammax2gmgm: 0.000e+00

BRx2tautau: 0.000e+00

BRx2mumu: 1.000e+00

BRx2ee: 0.000e+00

BRx2gmgm: 0.000e+00

X: insideFidVol: 0.000e+00
observedX: 4.684e-04
visibleX: 4.684e-05

X Observed Fiducial efficiency: 1.605e-07
X Visible Fiducial efficiency: 1.605e-08

reallyProduced tau: 9.200e+10
total number of tau-tau events: 4.600e+10

reallyProducedX: 5.163e+08
reallyobservedX: 8.286e+01
reallyvisibleX: 8.286e+00

