mX:  1
g_TM_Lamb:  6e-10
g_MM_Lamb:  1e-07
NMC 10000

 *-------  PYTHIA Process Initialization  --------------------------*
 |                                                                  |
 | We collide e- with e+ at a CM energy of 1.058e+01 GeV            |
 |                                                                  |
 |------------------------------------------------------------------|
 |                                                    |             |
 | Subprocess                                    Code |   Estimated |
 |                                                    |    max (mb) |
 |                                                    |             |
 |------------------------------------------------------------------|
 |                                                    |             |
 | f fbar -> f' fbar' (s-channel gamma*)          223 |   1.461e-04 |
 |                                                                  |
 *-------  End PYTHIA Process Initialization -----------------------*

 *-------  PYTHIA Flag + Mode + Parm + Word + FVec + MVec + PVec + WVec Settings (changes only)  ------------------* 
 |                                                                                                                 | 
 | Name                                          |                      Now |      Default         Min         Max | 
 |                                               |                          |                                      | 
 | Beams:eA                                      |                  7.00000 |     7000.000         0.0             | 
 | Beams:eB                                      |                  4.00000 |     7000.000         0.0             | 
 | Beams:frameType                               |                        2 |            1           1           5 | 
 | Beams:idA                                     |                       11 |         2212                         | 
 | Beams:idB                                     |                      -11 |         2212                         | 
 | HadronLevel:Hadronize                         |                      off |           on                         | 
 | Next:numberCount                              |                    10000 |         1000           0             | 
 | PartonLevel:MPI                               |                      off |           on                         | 
 | Random:seed                                   |                        0 |           -1               900000000 | 
 | Random:setSeed                                |                       on |          off                         | 
 | WeakSingleBoson:ffbar2ffbar(s:gm)             |                       on |          off                         | 
 |                                                                                                                 | 
 *-------  End PYTHIA Flag + Mode + Parm + Word + FVec + MVec + PVec + WVec Settings  -----------------------------* 

 --------  PYTHIA Particle Data Table (changed only)  ------------------------------------------------------------------------------
 
      id   name            antiName         spn chg col      m0        mWidth      mMin       mMax       tau0    res dec ext vis wid
             no onMode   bRatio   meMode     products 

      15  tau-             tau+               2  -3   0    1.77682    0.00000    0.00000    0.00000  8.71100e-02   0   1   0   1   0
              0     1   0.0000000  103       36       13 
              1     1   0.0000000  103       36       11 

      36  x                                   1   0   0    1.00000    0.00000    0.00000    0.00000  6.00278e+02   0   1   0   0   0
              0     1   0.0000000  103       15      -15 
              1     1   1.0000000  103       13      -13 
              2     1   0.0000000  103       11      -11 
              3     1   0.0000000  103       22       22 

 --------  End PYTHIA Particle Data Table  -----------------------------------------------------------------------------------------


 --------  PYTHIA Info Listing  ---------------------------------------- 
 
 Beam A: id =     11, pz =  5.292e+00, e =  5.292e+00, m =  5.110e-04.
 Beam B: id =    -11, pz = -5.292e+00, e =  5.292e+00, m =  5.110e-04.

 In 1: id =   11, x =  9.992e-01, pdf =  4.007e+01 at Q2 =  6.226e+01.
 In 2: id =  -11, x =  5.564e-01, pdf =  3.503e-02 at same Q2.

 Subprocess f fbar -> f' fbar' (s-channel gamma*) with code 223 is 2 -> 2.
 It has sHat =  6.226e+01,    tHat = -4.467e+01,    uHat = -1.759e+01,
       pTHat =  3.286e+00,   m3Hat =  1.500e+00,   m4Hat =  1.500e+00,
    thetaHat =  2.021e+00,  phiHat =  6.183e+00.
     alphaEM =  7.607e-03,  alphaS =  2.125e-01    at Q2 =  6.226e+01.

 Impact parameter b =  0.000e+00 gives enhancement factor =  1.000e+00.
 Max pT scale for MPI =  1.058e+01, ISR =  7.891e+00, FSR =  7.891e+00.
 Number of MPI =     1, ISR =     3, FSRproc =     2, FSRreson =     0.

 --------  End PYTHIA Info Listing  ------------------------------------

 --------  PYTHIA Event Listing  (hard process)  -----------------------------------------------------------------------------------
 
    no         id  name            status     mothers   daughters     colours      p_x        p_y        p_z         e          m 
     0         90  (system)           -11     0     0     0     0     0     0      0.000      0.000      3.000     11.000     10.583
     1         11  (e-)               -12     0     0     3     0     0     0      0.000      0.000      7.000      7.000      0.001
     2        -11  (e+)               -12     0     0     4     0     0     0      0.000      0.000     -4.000      4.000      0.001
     3         11  (e-)               -21     1     0     5     6     0     0      0.000      0.000      6.994      6.994      0.000
     4        -11  (e+)               -21     2     0     5     6     0     0      0.000      0.000     -2.225      2.225      0.000
     5          4  c                   23     3     4     0     0   101     0      3.269     -0.329      0.530      3.650      1.500
     6         -4  cbar                23     3     4     0     0     0   101     -3.269      0.329      4.239      5.569      1.500
                                   Charge sum:  0.000           Momentum sum:      0.000      0.000      4.769      9.220      7.891

 --------  End PYTHIA Event Listing  -----------------------------------------------------------------------------------------------

 --------  PYTHIA Event Listing  (complete event)  ---------------------------------------------------------------------------------
 
    no         id  name            status     mothers   daughters     colours      p_x        p_y        p_z         e          m 
     0         90  (system)           -11     0     0     0     0     0     0      0.000      0.000      3.000     11.000     10.583
     1         11  (e-)               -12     0     0    37     0     0     0      0.000      0.000      7.000      7.000      0.001
     2        -11  (e+)               -12     0     0    38     0     0     0      0.000      0.000     -4.000      4.000      0.001
     3         11  (e-)               -21    13    13     5     6     0     0      0.000      0.000      6.994      6.994      0.000
     4        -11  (e+)               -21    14     0     5     6     0     0      0.000      0.000     -2.225      2.225      0.000
     5          4  (c)                -23     3     4     7     8   101     0      3.269     -0.329      0.530      3.650      1.500
     6         -4  (cbar)             -23     3     4     9     9     0   101     -3.269      0.329      4.239      5.569      1.500
     7          4  (c)                -51     5     0    12    12   102     0      2.873      0.173      1.516      3.582      1.500
     8         21  (g)                -51     5     0    10    11   101   102     -0.015     -0.461     -0.500      0.680      0.000
     9         -4  (cbar)             -52     6     6    16    16     0   101     -2.858      0.287      3.752      4.958      1.500
    10         21  (g)                -51     8     0    17    17   101   104      0.332     -0.762     -0.170      0.848      0.000
    11         21  (g)                -51     8     0    18    18   104   102      0.477      0.458      0.219      0.697      0.000
    12          4  (c)                -52     7     7    15    15   102     0      2.049      0.017      0.967      2.717      1.500
    13         11  (e-)               -42    20    20     3     3     0     0      0.000      0.000      6.994      6.994      0.000
    14        -11  (e+)               -41    21     0    19     4     0     0     -0.000     -0.000     -3.440      3.440      0.000
    15          4  (c)                -44    12    12    22    22   102     0      2.048      0.003      0.966      2.716      1.500
    16         -4  (cbar)             -44     9     9    23    23     0   101     -2.858      0.278      3.750      4.956      1.500
    17         21  (g)                -44    10    10    24    24   101   104      0.332     -0.770     -0.164      0.854      0.000
    18         21  (g)                -44    11    11    25    25   104   102      0.477      0.454      0.216      0.693      0.000
    19         22  (gamma)            -43    14     0    26    26     0     0      0.001      0.035     -1.214      1.215      0.000
    20         11  (e-)               -42    28     0    13    13     0     0      0.000     -0.000      6.994      6.994      0.000
    21        -11  (e+)               -41    29    29    27    14     0     0     -0.000      0.000     -4.000      4.000      0.000
    22          4  (c)                -44    15    15    30    30   102     0      2.045      0.004      0.962      2.713      1.500
    23         -4  (cbar)             -44    16    16    31    31     0   101     -2.860      0.279      3.756      4.961      1.500
    24         21  (g)                -44    17    17    32    32   101   104      0.330     -0.769     -0.165      0.853      0.000
    25         21  (g)                -44    18    18    33    33   104   102      0.476      0.454      0.215      0.693      0.000
    26         22  (gamma)            -44    19    19    34    34     0     0     -0.003      0.036     -1.214      1.215      0.000
    27         22  (gamma)            -43    21     0    35    35     0     0      0.012     -0.004     -0.560      0.560      0.000
    28         11  (e-)               -41    37    37    36    20     0     0      0.000      0.000      7.000      7.000      0.000
    29        -11  (e+)               -42    38    38    21    21     0     0      0.000      0.000     -4.000      4.000      0.000
    30          4  (c)                -44    22    22    39    39   102     0      2.045      0.005      0.962      2.713      1.500
    31         -4  (cbar)             -44    23    23    40    40     0   101     -2.859      0.280      3.757      4.962      1.500
    32         21  (g)                -44    24    24    41    41   101   104      0.330     -0.769     -0.165      0.853      0.000
    33         21  (g)                -44    25    25    42    42   104   102      0.477      0.455      0.215      0.693      0.000
    34         22  (gamma)            -44    26    26    43    43     0     0     -0.003      0.036     -1.214      1.215      0.000
    35         22  (gamma)            -44    27    27    44    44     0     0      0.012     -0.004     -0.560      0.560      0.000
    36         22  (gamma)            -43    28     0    45    45     0     0     -0.002     -0.003      0.004      0.005      0.000
    37         11  (e-)               -61     1     0    28    28     0     0     -0.000      0.000      7.000      7.000      0.000
    38        -11  (e+)               -61     2     0    29    29     0     0     -0.000     -0.000     -4.000      4.000      0.000
    39          4  c                   62    30    30     0     0   102     0      2.045      0.005      0.962      2.713      1.500
    40         -4  cbar                62    31    31     0     0     0   101     -2.859      0.280      3.757      4.962      1.500
    41         21  g                   62    32    32     0     0   101   104      0.330     -0.769     -0.165      0.853      0.000
    42         21  g                   62    33    33     0     0   104   102      0.477      0.455      0.215      0.693      0.000
    43         22  gamma               62    34    34     0     0     0     0     -0.003      0.036     -1.214      1.215      0.000
    44         22  gamma               62    35    35     0     0     0     0      0.012     -0.004     -0.560      0.560      0.000
    45         22  gamma               62    36    36     0     0     0     0     -0.002     -0.003      0.004      0.005      0.000
    46         22  gamma               63     1     0     0     0     0     0      0.000      0.000      0.000      0.000      0.000
    47         22  gamma               63     2     0     0     0     0     0      0.000      0.000     -0.000      0.000      0.000
                                   Charge sum:  0.000           Momentum sum:      0.000     -0.000      3.000     11.000     10.583

 --------  End PYTHIA Event Listing  -----------------------------------------------------------------------------------------------
 PYTHIA Warning in TauDecays::decay: unknown correlated tau production, assuming from unpolarized photon  
 PYTHIA Warning in PhaseSpace2to2tauyz::trialKin: maximum for cross section violated  

 *-------  PYTHIA Event and Cross Section Statistics  -------------------------------------------------------------*
 |                                                                                                                 |
 | Subprocess                                    Code |            Number of events       |      sigma +- delta    |
 |                                                    |       Tried   Selected   Accepted |     (estimated) (mb)   |
 |                                                    |                                   |                        |
 |-----------------------------------------------------------------------------------------------------------------|
 |                                                    |                                   |                        |
 | f fbar -> f' fbar' (s-channel gamma*)          223 |      242393      10000      10000 |   6.038e-06  3.017e-08 |
 |                                                    |                                   |                        |
 | sum                                                |      242393      10000      10000 |   6.038e-06  3.017e-08 |
 |                                                                                                                 |
 *-------  End PYTHIA Event and Cross Section Statistics ----------------------------------------------------------*

 *-------  PYTHIA Error and Warning Messages Statistics  ----------------------------------------------------------* 
 |                                                                                                                 | 
 |  times   message                                                                                                | 
 |                                                                                                                 | 
 |     37   Warning in PhaseSpace2to2tauyz::trialKin: maximum for cross section violated                           | 
 |   1493   Warning in TauDecays::decay: unknown correlated tau production, assuming from unpolarized photon       | 
 |                                                                                                                 | 
 *-------  End PYTHIA Error and Warning Messages Statistics  ------------------------------------------------------* 
Gammatau2xmu: 3.669e-20

Gammatau2xe: 0.000e+00

BRtau2xmu: 1.620e-08

BRtau2xe: 0.000e+00

produced tau excluding those daughters are also tau lepton: 2.986e+03
produced X: 2.986e+03
produced X/NMC: 2.986e-01

Proportion of X flying forward (eta>0): 6.242e-01
Proportion of X flying backward (eta<0): 3.758e-01

Total Gamma [GeV]: 3.287e-16
ctau [m]: 6.003e-01

Gammax2tautau: 0.000e+00

Gammax2mumu: 3.287e-16

Gammax2ee: 0.000e+00

Gammax2gmgm: 0.000e+00

BRx2tautau: 0.000e+00

BRx2mumu: 1.000e+00

BRx2ee: 0.000e+00

BRx2gmgm: 0.000e+00

X: insideFidVol: 9.240e+02
observedX: 9.238e+02
visibleX: 9.238e+01

X Observed Fiducial efficiency: 3.094e-01
X Visible Fiducial efficiency: 3.094e-02

reallyProduced tau: 9.200e+10
total number of tau-tau events: 4.600e+10

reallyProducedX: 5.246e+02
reallyobservedX: 1.623e+02
reallyvisibleX: 1.623e+01

