mX:  1
g_TM_Lamb:  3e-07
g_MM_Lamb:  3e-07
NMC 10000

 *-------  PYTHIA Process Initialization  --------------------------*
 |                                                                  |
 | We collide e- with e+ at a CM energy of 1.058e+01 GeV            |
 |                                                                  |
 |------------------------------------------------------------------|
 |                                                    |             |
 | Subprocess                                    Code |   Estimated |
 |                                                    |    max (mb) |
 |                                                    |             |
 |------------------------------------------------------------------|
 |                                                    |             |
 | f fbar -> f' fbar' (s-channel gamma*)          223 |   1.389e-04 |
 |                                                                  |
 *-------  End PYTHIA Process Initialization -----------------------*

 *-------  PYTHIA Flag + Mode + Parm + Word + FVec + MVec + PVec + WVec Settings (changes only)  ------------------* 
 |                                                                                                                 | 
 | Name                                          |                      Now |      Default         Min         Max | 
 |                                               |                          |                                      | 
 | Beams:eA                                      |                  7.00000 |     7000.000         0.0             | 
 | Beams:eB                                      |                  4.00000 |     7000.000         0.0             | 
 | Beams:frameType                               |                        2 |            1           1           5 | 
 | Beams:idA                                     |                       11 |         2212                         | 
 | Beams:idB                                     |                      -11 |         2212                         | 
 | HadronLevel:Hadronize                         |                      off |           on                         | 
 | Next:numberCount                              |                    10000 |         1000           0             | 
 | PartonLevel:MPI                               |                      off |           on                         | 
 | Random:seed                                   |                        0 |           -1               900000000 | 
 | Random:setSeed                                |                       on |          off                         | 
 | WeakSingleBoson:ffbar2ffbar(s:gm)             |                       on |          off                         | 
 |                                                                                                                 | 
 *-------  End PYTHIA Flag + Mode + Parm + Word + FVec + MVec + PVec + WVec Settings  -----------------------------* 

 --------  PYTHIA Particle Data Table (changed only)  ------------------------------------------------------------------------------
 
      id   name            antiName         spn chg col      m0        mWidth      mMin       mMax       tau0    res dec ext vis wid
             no onMode   bRatio   meMode     products 

      15  tau-             tau+               2  -3   0    1.77682    0.00000    0.00000    0.00000  8.71100e-02   0   1   0   1   0
              0     1   0.0040325  103       36       13 
              1     1   0.0000000  103       36       11 

      36  x                                   1   0   0    1.00000    0.00000    0.00000    0.00000  6.66975e+01   0   1   0   0   0
              0     1   0.0000000  103       15      -15 
              1     1   1.0000000  103       13      -13 
              2     1   0.0000000  103       11      -11 
              3     1   0.0000000  103       22       22 

 --------  End PYTHIA Particle Data Table  -----------------------------------------------------------------------------------------


 --------  PYTHIA Info Listing  ---------------------------------------- 
 
 Beam A: id =     11, pz =  5.292e+00, e =  5.292e+00, m =  5.110e-04.
 Beam B: id =    -11, pz = -5.292e+00, e =  5.292e+00, m =  5.110e-04.

 In 1: id =   11, x =  9.229e-01, pdf =  4.482e-01 at Q2 =  1.034e+02.
 In 2: id =  -11, x =  1.000e+00, pdf =  2.016e+03 at same Q2.

 Subprocess f fbar -> f' fbar' (s-channel gamma*) with code 223 is 2 -> 2.
 It has sHat =  1.034e+02,    tHat = -6.620e+00,    uHat = -9.675e+01,
       pTHat =  2.378e+00,   m3Hat =  1.500e+00,   m4Hat =  1.500e+00,
    thetaHat =  5.117e-01,  phiHat =  3.730e+00.
     alphaEM =  7.628e-03,  alphaS =  1.994e-01    at Q2 =  1.034e+02.

 Impact parameter b =  0.000e+00 gives enhancement factor =  1.000e+00.
 Max pT scale for MPI =  1.058e+01, ISR =  1.017e+01, FSR =  1.017e+01.
 Number of MPI =     1, ISR =     2, FSRproc =     2, FSRreson =     0.

 --------  End PYTHIA Info Listing  ------------------------------------

 --------  PYTHIA Event Listing  (hard process)  -----------------------------------------------------------------------------------
 
    no         id  name            status     mothers   daughters     colours      p_x        p_y        p_z         e          m 
     0         90  (system)           -11     0     0     0     0     0     0      0.000      0.000      3.000     11.000     10.583
     1         11  (e-)               -12     0     0     3     0     0     0      0.000      0.000      7.000      7.000      0.001
     2        -11  (e+)               -12     0     0     4     0     0     0      0.000      0.000     -4.000      4.000      0.001
     3         11  (e-)               -21     1     0     5     6     0     0      0.000      0.000      6.460      6.460      0.000
     4        -11  (e+)               -21     2     0     5     6     0     0      0.000      0.000     -4.000      4.000      0.000
     5          4  c                   23     3     4     0     0   101     0     -1.979     -1.319      5.587      6.255      1.500
     6         -4  cbar                23     3     4     0     0     0   101      1.979      1.319     -3.127      4.205      1.500
                                   Charge sum:  0.000           Momentum sum:      0.000      0.000      2.460     10.460     10.167

 --------  End PYTHIA Event Listing  -----------------------------------------------------------------------------------------------

 --------  PYTHIA Event Listing  (complete event)  ---------------------------------------------------------------------------------
 
    no         id  name            status     mothers   daughters     colours      p_x        p_y        p_z         e          m 
     0         90  (system)           -11     0     0     0     0     0     0      0.000      0.000      3.000     11.000     10.583
     1         11  (e-)               -12     0     0    28     0     0     0      0.000      0.000      7.000      7.000      0.001
     2        -11  (e+)               -12     0     0    29     0     0     0      0.000      0.000     -4.000      4.000      0.001
     3         11  (e-)               -21    13     0     5     6     0     0      0.000      0.000      6.460      6.460      0.000
     4        -11  (e+)               -21    14    14     5     6     0     0      0.000      0.000     -4.000      4.000      0.000
     5          4  (c)                -23     3     4     7     8   101     0     -1.979     -1.319      5.587      6.255      1.500
     6         -4  (cbar)             -23     3     4     9     9     0   101      1.979      1.319     -3.127      4.205      1.500
     7          4  (c)                -51     5     0    12    12   102     0     -2.341     -0.773      5.229      5.973      1.500
     8         21  (g)                -51     5     0    10    11   101   102      0.590     -0.395     -0.014      0.710      0.000
     9         -4  (cbar)             -52     6     6    16    16     0   101      1.751      1.168     -2.755      3.777      1.500
    10         21  (g)                -51     8     0    17    17   101   103      0.660     -0.028      0.496      0.826      0.000
    11         21  (g)                -51     8     0    18    18   103   102     -0.421     -0.447      0.194      0.644      0.000
    12          4  (c)                -52     7     7    15    15   102     0     -1.991     -0.693      4.525      5.212      1.500
    13         11  (e-)               -41    20     0    19     3     0     0      0.000      0.000      6.962      6.962      0.000
    14        -11  (e+)               -42    21    21     4     4     0     0     -0.000     -0.000     -4.000      4.000      0.000
    15          4  (c)                -44    12    12    22    22   102     0     -1.999     -0.728      4.522      5.218      1.500
    16         -4  (cbar)             -44     9     9    23    23     0   101      1.751      1.164     -2.748      3.771      1.500
    17         21  (g)                -44    10    10    24    24   101   103      0.659     -0.033      0.496      0.826      0.000
    18         21  (g)                -44    11    11    25    25   103   102     -0.422     -0.450      0.193      0.646      0.000
    19         22  (gamma)            -43    13     0    26    26     0     0      0.011      0.047      0.499      0.501      0.000
    20         11  (e-)               -41    28    28    27    13     0     0      0.000      0.000      7.000      7.000      0.000
    21        -11  (e+)               -42    29    29    14    14     0     0      0.000     -0.000     -4.000      4.000      0.000
    22          4  (c)                -44    15    15    30    30   102     0     -1.999     -0.726      4.523      5.218      1.500
    23         -4  (cbar)             -44    16    16    31    31     0   101      1.751      1.164     -2.748      3.771      1.500
    24         21  (g)                -44    17    17    32    32   101   103      0.659     -0.033      0.496      0.826      0.000
    25         21  (g)                -44    18    18    33    33   103   102     -0.422     -0.450      0.193      0.646      0.000
    26         22  (gamma)            -44    19    19    34    34     0     0      0.011      0.047      0.499      0.501      0.000
    27         22  (gamma)            -43    20     0    35    35     0     0      0.000     -0.003      0.037      0.037      0.000
    28         11  (e-)               -61     1     0    20    20     0     0      0.000      0.000      7.000      7.000      0.000
    29        -11  (e+)               -61     2     0    21    21     0     0     -0.000      0.000     -4.000      4.000      0.000
    30          4  c                   62    22    22     0     0   102     0     -1.999     -0.726      4.523      5.218      1.500
    31         -4  cbar                62    23    23     0     0     0   101      1.751      1.164     -2.748      3.771      1.500
    32         21  g                   62    24    24     0     0   101   103      0.659     -0.033      0.496      0.826      0.000
    33         21  g                   62    25    25     0     0   103   102     -0.422     -0.450      0.193      0.646      0.000
    34         22  gamma               62    26    26     0     0     0     0      0.011      0.047      0.499      0.501      0.000
    35         22  gamma               62    27    27     0     0     0     0      0.000     -0.003      0.037      0.037      0.000
    36         22  gamma               63     1     0     0     0     0     0      0.000      0.000      0.000      0.000      0.000
    37         22  gamma               63     2     0     0     0     0     0      0.000      0.000     -0.000      0.000      0.000
                                   Charge sum:  0.000           Momentum sum:      0.000      0.000      3.000     11.000     10.583

 --------  End PYTHIA Event Listing  -----------------------------------------------------------------------------------------------
 PYTHIA Warning in TauDecays::decay: unknown correlated tau production, assuming from unpolarized photon  
 PYTHIA Warning in PhaseSpace2to2tauyz::trialKin: maximum for cross section violated  

 *-------  PYTHIA Event and Cross Section Statistics  -------------------------------------------------------------*
 |                                                                                                                 |
 | Subprocess                                    Code |            Number of events       |      sigma +- delta    |
 |                                                    |       Tried   Selected   Accepted |     (estimated) (mb)   |
 |                                                    |                                   |                        |
 |-----------------------------------------------------------------------------------------------------------------|
 |                                                    |                                   |                        |
 | f fbar -> f' fbar' (s-channel gamma*)          223 |      233173      10000      10000 |   5.990e-06  3.061e-08 |
 |                                                    |                                   |                        |
 | sum                                                |      233173      10000      10000 |   5.990e-06  3.061e-08 |
 |                                                                                                                 |
 *-------  End PYTHIA Event and Cross Section Statistics ----------------------------------------------------------*

 *-------  PYTHIA Error and Warning Messages Statistics  ----------------------------------------------------------* 
 |                                                                                                                 | 
 |  times   message                                                                                                | 
 |                                                                                                                 | 
 |     96   Warning in PhaseSpace2to2tauyz::trialKin: maximum for cross section violated                           | 
 |   1563   Warning in TauDecays::decay: unknown correlated tau production, assuming from unpolarized photon       | 
 |                                                                                                                 | 
 *-------  End PYTHIA Error and Warning Messages Statistics  ------------------------------------------------------* 
Gammatau2xmu: 9.174e-15

Gammatau2xe: 0.000e+00

BRtau2xmu: 4.032e-03

BRtau2xe: 0.000e+00

produced tau excluding those daughters are also tau lepton: 3.126e+03
produced X: 3.126e+03
produced X/NMC: 3.126e-01

Proportion of X flying forward (eta>0): 6.200e-01
Proportion of X flying backward (eta<0): 3.800e-01

Total Gamma [GeV]: 2.959e-15
ctau [m]: 6.670e-02

Gammax2tautau: 0.000e+00

Gammax2mumu: 2.959e-15

Gammax2ee: 0.000e+00

Gammax2gmgm: 0.000e+00

BRx2tautau: 0.000e+00

BRx2mumu: 1.000e+00

BRx2ee: 0.000e+00

BRx2gmgm: 0.000e+00

X: insideFidVol: 1.447e+03
observedX: 1.444e+03
visibleX: 1.444e+02

X Observed Fiducial efficiency: 4.620e-01
X Visible Fiducial efficiency: 4.620e-02

reallyProduced tau: 9.200e+10
total number of tau-tau events: 4.600e+10

reallyProducedX: 1.306e+08
reallyobservedX: 6.035e+07
reallyvisibleX: 6.035e+06

