mX:  1
g_TM_Lamb:  4e-10
g_MM_Lamb:  6e-07
NMC 10000

 *-------  PYTHIA Process Initialization  --------------------------*
 |                                                                  |
 | We collide e- with e+ at a CM energy of 1.058e+01 GeV            |
 |                                                                  |
 |------------------------------------------------------------------|
 |                                                    |             |
 | Subprocess                                    Code |   Estimated |
 |                                                    |    max (mb) |
 |                                                    |             |
 |------------------------------------------------------------------|
 |                                                    |             |
 | f fbar -> f' fbar' (s-channel gamma*)          223 |   1.195e-04 |
 |                                                                  |
 *-------  End PYTHIA Process Initialization -----------------------*

 *-------  PYTHIA Flag + Mode + Parm + Word + FVec + MVec + PVec + WVec Settings (changes only)  ------------------* 
 |                                                                                                                 | 
 | Name                                          |                      Now |      Default         Min         Max | 
 |                                               |                          |                                      | 
 | Beams:eA                                      |                  7.00000 |     7000.000         0.0             | 
 | Beams:eB                                      |                  4.00000 |     7000.000         0.0             | 
 | Beams:frameType                               |                        2 |            1           1           5 | 
 | Beams:idA                                     |                       11 |         2212                         | 
 | Beams:idB                                     |                      -11 |         2212                         | 
 | HadronLevel:Hadronize                         |                      off |           on                         | 
 | Next:numberCount                              |                    10000 |         1000           0             | 
 | PartonLevel:MPI                               |                      off |           on                         | 
 | Random:seed                                   |                        0 |           -1               900000000 | 
 | Random:setSeed                                |                       on |          off                         | 
 | WeakSingleBoson:ffbar2ffbar(s:gm)             |                       on |          off                         | 
 |                                                                                                                 | 
 *-------  End PYTHIA Flag + Mode + Parm + Word + FVec + MVec + PVec + WVec Settings  -----------------------------* 

 --------  PYTHIA Particle Data Table (changed only)  ------------------------------------------------------------------------------
 
      id   name            antiName         spn chg col      m0        mWidth      mMin       mMax       tau0    res dec ext vis wid
             no onMode   bRatio   meMode     products 

      15  tau-             tau+               2  -3   0    1.77682    0.00000    0.00000    0.00000  8.71100e-02   0   1   0   1   0
              0     1   0.0000000  103       36       13 
              1     1   0.0000000  103       36       11 

      36  x                                   1   0   0    1.00000    0.00000    0.00000    0.00000  1.66744e+01   0   1   0   0   0
              0     1   0.0000000  103       15      -15 
              1     1   1.0000000  103       13      -13 
              2     1   0.0000000  103       11      -11 
              3     1   0.0000000  103       22       22 

 --------  End PYTHIA Particle Data Table  -----------------------------------------------------------------------------------------


 --------  PYTHIA Info Listing  ---------------------------------------- 
 
 Beam A: id =     11, pz =  5.292e+00, e =  5.292e+00, m =  5.110e-04.
 Beam B: id =    -11, pz = -5.292e+00, e =  5.292e+00, m =  5.110e-04.

 In 1: id =   11, x =  1.000e+00, pdf =  1.669e+08 at Q2 =  1.120e+02.
 In 2: id =  -11, x =  9.999e-01, pdf =  3.998e+02 at same Q2.

 Subprocess f fbar -> f' fbar' (s-channel gamma*) with code 223 is 2 -> 2.
 It has sHat =  1.120e+02,    tHat = -1.028e+02,    uHat = -9.222e+00,
       pTHat =  2.896e+00,   m3Hat =  5.000e-01,   m4Hat =  5.000e-01,
    thetaHat =  2.559e+00,  phiHat =  5.449e+00.
     alphaEM =  7.631e-03,  alphaS =  1.975e-01    at Q2 =  1.120e+02.

 Impact parameter b =  0.000e+00 gives enhancement factor =  1.000e+00.
 Max pT scale for MPI =  1.058e+01, ISR =  1.058e+01, FSR =  1.058e+01.
 Number of MPI =     1, ISR =     0, FSRproc =     4, FSRreson =     0.

 --------  End PYTHIA Info Listing  ------------------------------------

 --------  PYTHIA Event Listing  (hard process)  -----------------------------------------------------------------------------------
 
    no         id  name            status     mothers   daughters     colours      p_x        p_y        p_z         e          m 
     0         90  (system)           -11     0     0     0     0     0     0      0.000      0.000      3.000     11.000     10.583
     1         11  (e-)               -12     0     0     3     0     0     0      0.000      0.000      7.000      7.000      0.001
     2        -11  (e+)               -12     0     0     4     0     0     0      0.000      0.000     -4.000      4.000      0.001
     3         11  (e-)               -21     1     0     5     6     0     0      0.000      0.000      7.000      7.000      0.000
     4        -11  (e+)               -21     2     0     5     6     0     0      0.000      0.000     -4.000      4.000      0.000
     5          3  s                   23     3     4     0     0   101     0      1.945     -2.146     -3.073      4.252      0.500
     6         -3  sbar                23     3     4     0     0     0   101     -1.945      2.146      6.074      6.747      0.500
                                   Charge sum:  0.000           Momentum sum:      0.000      0.000      3.000     11.000     10.583

 --------  End PYTHIA Event Listing  -----------------------------------------------------------------------------------------------

 --------  PYTHIA Event Listing  (complete event)  ---------------------------------------------------------------------------------
 
    no         id  name            status     mothers   daughters     colours      p_x        p_y        p_z         e          m 
     0         90  (system)           -11     0     0     0     0     0     0      0.000      0.000      3.000     11.000     10.583
     1         11  (e-)               -12     0     0    19     0     0     0      0.000      0.000      7.000      7.000      0.001
     2        -11  (e+)               -12     0     0    20     0     0     0      0.000      0.000     -4.000      4.000      0.001
     3         11  (e-)               -21    19    19     5     6     0     0      0.000      0.000      7.000      7.000      0.000
     4        -11  (e+)               -21    20    20     5     6     0     0      0.000      0.000     -4.000      4.000      0.000
     5          3  (s)                -23     3     4     7     8   101     0      1.945     -2.146     -3.073      4.252      0.500
     6         -3  (sbar)             -23     3     4     9     9     0   101     -1.945      2.146      6.074      6.747      0.500
     7          3  (s)                -51     5     0    21    21   103     0      2.152     -1.445     -2.909      3.928      0.500
     8         21  (g)                -51     5     0    10    11   101   103     -0.311     -0.586      0.159      0.682      0.000
     9         -3  (sbar)             -52     6     6    12    12     0   101     -1.841      2.031      5.750      6.389      0.500
    10         21  (g)                -51     8     0    13    14   104   103      0.312     -0.002     -0.068      0.319      0.000
    11         21  (g)                -51     8     0    15    15   101   104     -1.198      0.074      2.045      2.372      0.000
    12         -3  (sbar)             -52     9     9    22    22     0   101     -1.265      1.373      3.932      4.381      0.500
    13         21  (g)                -51    10     0    16    17   105   103     -0.727     -0.475      0.764      1.157      0.000
    14         21  (g)                -51    10     0    18    18   104   105      0.201      0.524      0.598      0.820      0.000
    15         21  (g)                -52    11    11    24    24   101   104     -0.360      0.022      0.615      0.713      0.000
    16         21  (g)                -51    13     0    23    23   106   103     -0.816     -0.361      1.033      1.365      0.000
    17         21  (g)                -51    13     0    26    26   105   106      0.246      0.296      0.200      0.434      0.000
    18         21  (g)                -52    14    14    25    25   104   105      0.044      0.114      0.130      0.178      0.000
    19         11  (e-)               -61     1     0     3     3     0     0      0.000      0.000      7.000      7.000      0.000
    20        -11  (e+)               -61     2     0     4     4     0     0      0.000      0.000     -4.000      4.000      0.000
    21          3  s                   62     7     7     0     0   103     0      2.152     -1.445     -2.909      3.928      0.500
    22         -3  sbar                62    12    12     0     0     0   101     -1.265      1.373      3.932      4.381      0.500
    23         21  g                   62    16    16     0     0   106   103     -0.816     -0.361      1.033      1.365      0.000
    24         21  g                   62    15    15     0     0   101   104     -0.360      0.022      0.615      0.713      0.000
    25         21  g                   62    18    18     0     0   104   105      0.044      0.114      0.130      0.178      0.000
    26         21  g                   62    17    17     0     0   105   106      0.246      0.296      0.200      0.434      0.000
    27         22  gamma               63     1     0     0     0     0     0      0.000      0.000      0.000      0.000      0.000
    28         22  gamma               63     2     0     0     0     0     0      0.000      0.000     -0.000      0.000      0.000
                                   Charge sum:  0.000           Momentum sum:     -0.000     -0.000      3.000     11.000     10.583

 --------  End PYTHIA Event Listing  -----------------------------------------------------------------------------------------------
 PYTHIA Warning in TauDecays::decay: unknown correlated tau production, assuming from unpolarized photon  
 PYTHIA Warning in PhaseSpace2to2tauyz::trialKin: maximum for cross section violated  

 *-------  PYTHIA Event and Cross Section Statistics  -------------------------------------------------------------*
 |                                                                                                                 |
 | Subprocess                                    Code |            Number of events       |      sigma +- delta    |
 |                                                    |       Tried   Selected   Accepted |     (estimated) (mb)   |
 |                                                    |                                   |                        |
 |-----------------------------------------------------------------------------------------------------------------|
 |                                                    |                                   |                        |
 | f fbar -> f' fbar' (s-channel gamma*)          223 |      202817      10000      10000 |   5.954e-06  3.299e-08 |
 |                                                    |                                   |                        |
 | sum                                                |      202817      10000      10000 |   5.954e-06  3.299e-08 |
 |                                                                                                                 |
 *-------  End PYTHIA Event and Cross Section Statistics ----------------------------------------------------------*

 *-------  PYTHIA Error and Warning Messages Statistics  ----------------------------------------------------------* 
 |                                                                                                                 | 
 |  times   message                                                                                                | 
 |                                                                                                                 | 
 |    547   Warning in PhaseSpace2to2tauyz::trialKin: maximum for cross section violated                           | 
 |   1469   Warning in TauDecays::decay: unknown correlated tau production, assuming from unpolarized photon       | 
 |                                                                                                                 | 
 *-------  End PYTHIA Error and Warning Messages Statistics  ------------------------------------------------------* 
Gammatau2xmu: 1.631e-20

Gammatau2xe: 0.000e+00

BRtau2xmu: 7.198e-09

BRtau2xe: 0.000e+00

produced tau excluding those daughters are also tau lepton: 2.938e+03
produced X: 2.938e+03
produced X/NMC: 2.938e-01

Proportion of X flying forward (eta>0): 6.249e-01
Proportion of X flying backward (eta<0): 3.751e-01

Total Gamma [GeV]: 1.183e-14
ctau [m]: 1.667e-02

Gammax2tautau: 0.000e+00

Gammax2mumu: 1.183e-14

Gammax2ee: 0.000e+00

Gammax2gmgm: 0.000e+00

BRx2tautau: 0.000e+00

BRx2mumu: 1.000e+00

BRx2ee: 0.000e+00

BRx2gmgm: 0.000e+00

X: insideFidVol: 2.590e+02
observedX: 2.686e+02
visibleX: 2.686e+01

X Observed Fiducial efficiency: 9.142e-02
X Visible Fiducial efficiency: 9.142e-03

reallyProduced tau: 9.200e+10
total number of tau-tau events: 4.600e+10

reallyProducedX: 2.332e+02
reallyobservedX: 2.132e+01
reallyvisibleX: 2.132e+00

