mX:  1
g_TM_Lamb:  4e-07
g_MM_Lamb:  4e-08
NMC 10000

 *-------  PYTHIA Process Initialization  --------------------------*
 |                                                                  |
 | We collide e- with e+ at a CM energy of 1.058e+01 GeV            |
 |                                                                  |
 |------------------------------------------------------------------|
 |                                                    |             |
 | Subprocess                                    Code |   Estimated |
 |                                                    |    max (mb) |
 |                                                    |             |
 |------------------------------------------------------------------|
 |                                                    |             |
 | f fbar -> f' fbar' (s-channel gamma*)          223 |   1.575e-04 |
 |                                                                  |
 *-------  End PYTHIA Process Initialization -----------------------*

 *-------  PYTHIA Flag + Mode + Parm + Word + FVec + MVec + PVec + WVec Settings (changes only)  ------------------* 
 |                                                                                                                 | 
 | Name                                          |                      Now |      Default         Min         Max | 
 |                                               |                          |                                      | 
 | Beams:eA                                      |                  7.00000 |     7000.000         0.0             | 
 | Beams:eB                                      |                  4.00000 |     7000.000         0.0             | 
 | Beams:frameType                               |                        2 |            1           1           5 | 
 | Beams:idA                                     |                       11 |         2212                         | 
 | Beams:idB                                     |                      -11 |         2212                         | 
 | HadronLevel:Hadronize                         |                      off |           on                         | 
 | Next:numberCount                              |                    10000 |         1000           0             | 
 | PartonLevel:MPI                               |                      off |           on                         | 
 | Random:seed                                   |                        0 |           -1               900000000 | 
 | Random:setSeed                                |                       on |          off                         | 
 | WeakSingleBoson:ffbar2ffbar(s:gm)             |                       on |          off                         | 
 |                                                                                                                 | 
 *-------  End PYTHIA Flag + Mode + Parm + Word + FVec + MVec + PVec + WVec Settings  -----------------------------* 

 --------  PYTHIA Particle Data Table (changed only)  ------------------------------------------------------------------------------
 
      id   name            antiName         spn chg col      m0        mWidth      mMin       mMax       tau0    res dec ext vis wid
             no onMode   bRatio   meMode     products 

      15  tau-             tau+               2  -3   0    1.77682    0.00000    0.00000    0.00000  8.71100e-02   0   1   0   1   0
              0     1   0.0071464  103       36       13 
              1     1   0.0000000  103       36       11 

      36  x                                   1   0   0    1.00000    0.00000    0.00000    0.00000  3.75174e+03   0   1   0   0   0
              0     1   0.0000000  103       15      -15 
              1     1   1.0000000  103       13      -13 
              2     1   0.0000000  103       11      -11 
              3     1   0.0000000  103       22       22 

 --------  End PYTHIA Particle Data Table  -----------------------------------------------------------------------------------------


 --------  PYTHIA Info Listing  ---------------------------------------- 
 
 Beam A: id =     11, pz =  5.292e+00, e =  5.292e+00, m =  5.110e-04.
 Beam B: id =    -11, pz = -5.292e+00, e =  5.292e+00, m =  5.110e-04.

 In 1: id =   11, x =  1.000e+00, pdf =  5.718e+06 at Q2 =  1.120e+02.
 In 2: id =  -11, x =  1.000e+00, pdf =  4.945e+03 at same Q2.

 Subprocess f fbar -> f' fbar' (s-channel gamma*) with code 223 is 2 -> 2.
 It has sHat =  1.120e+02,    tHat = -7.748e+01,    uHat = -3.452e+01,
       pTHat =  4.877e+00,   m3Hat =  3.300e-01,   m4Hat =  3.300e-01,
    thetaHat =  1.964e+00,  phiHat =  9.733e-01.
     alphaEM =  7.631e-03,  alphaS =  1.975e-01    at Q2 =  1.120e+02.

 Impact parameter b =  0.000e+00 gives enhancement factor =  1.000e+00.
 Max pT scale for MPI =  1.058e+01, ISR =  1.058e+01, FSR =  1.058e+01.
 Number of MPI =     1, ISR =     0, FSRproc =     6, FSRreson =     0.

 --------  End PYTHIA Info Listing  ------------------------------------

 --------  PYTHIA Event Listing  (hard process)  -----------------------------------------------------------------------------------
 
    no         id  name            status     mothers   daughters     colours      p_x        p_y        p_z         e          m 
     0         90  (system)           -11     0     0     0     0     0     0      0.000      0.000      3.000     11.000     10.583
     1         11  (e-)               -12     0     0     3     0     0     0      0.000      0.000      7.000      7.000      0.001
     2        -11  (e+)               -12     0     0     4     0     0     0      0.000      0.000     -4.000      4.000      0.001
     3         11  (e-)               -21     1     0     5     6     0     0      0.000      0.000      7.000      7.000      0.000
     4        -11  (e+)               -21     2     0     5     6     0     0      0.000      0.000     -4.000      4.000      0.000
     5          2  u                   23     3     4     0     0   101     0      2.744      4.032     -0.606      4.926      0.330
     6         -2  ubar                23     3     4     0     0     0   101     -2.744     -4.032      3.606      6.074      0.330
                                   Charge sum:  0.000           Momentum sum:      0.000      0.000      3.000     11.000     10.583

 --------  End PYTHIA Event Listing  -----------------------------------------------------------------------------------------------

 --------  PYTHIA Event Listing  (complete event)  ---------------------------------------------------------------------------------
 
    no         id  name            status     mothers   daughters     colours      p_x        p_y        p_z         e          m 
     0         90  (system)           -11     0     0     0     0     0     0      0.000      0.000      3.000     11.000     10.583
     1         11  (e-)               -12     0     0    25     0     0     0      0.000      0.000      7.000      7.000      0.001
     2        -11  (e+)               -12     0     0    26     0     0     0      0.000      0.000     -4.000      4.000      0.001
     3         11  (e-)               -21    25    25     5     6     0     0      0.000      0.000      7.000      7.000      0.000
     4        -11  (e+)               -21    26    26     5     6     0     0      0.000      0.000     -4.000      4.000      0.000
     5          2  (u)                -23     3     4     7     8   101     0      2.744      4.032     -0.606      4.926      0.330
     6         -2  (ubar)             -23     3     4     9     9     0   101     -2.744     -4.032      3.606      6.074      0.330
     7          2  (u)                -51     5     0    13    14   102     0      0.284      2.144     -1.832      2.854      0.330
     8         21  (g)                -51     5     0    12    12   101   102      2.043      1.275      1.773      2.991      0.000
     9         -2  (ubar)             -52     6     6    10    11     0   101     -2.327     -3.420      3.059      5.155      0.330
    10         -2  (ubar)             -51     9     0    28    28     0   103      0.156     -3.090      1.692      3.542      0.330
    11         21  (g)                -51     9     0    22    23   103   101     -1.766      0.118      1.989      2.663      0.000
    12         21  (g)                -52     8     8    15    15   101   102      1.327      0.828      1.151      1.942      0.000
    13          2  (u)                -51     7     0    16    17   104     0      0.581      2.004     -1.951      2.875      0.330
    14         21  (g)                -51     7     0    18    18   102   104      0.510      0.644      0.819      1.160      0.000
    15         21  (g)                -52    12    12    24    24   101   102      0.519      0.324      0.451      0.760      0.000
    16          2  (u)                -51    13     0    19    20   105     0      1.223      1.423     -1.493      2.420      0.330
    17         21  (g)                -51    13     0    21    21   104   105     -0.418      0.864     -0.098      0.965      0.000
    18         21  (g)                -52    14    14    31    31   102   104      0.286      0.361      0.459      0.650      0.000
    19          2  (u)                -51    16     0    27    27   106     0      0.921      1.653     -1.745      2.595      0.330
    20         21  (g)                -51    16     0    33    33   105   106      0.097      0.193      0.204      0.297      0.000
    21         21  (g)                -52    17    17    32    32   104   105     -0.213      0.441     -0.050      0.492      0.000
    22         21  (g)                -51    11     0    30    30   103   107     -1.767      0.249      2.079      2.739      0.000
    23         21  (g)                -51    11     0    34    34   107   101      0.209     -0.001      0.092      0.229      0.000
    24         21  (g)                -52    15    15    29    29   101   102      0.311      0.194      0.270      0.455      0.000
    25         11  (e-)               -61     1     0     3     3     0     0      0.000      0.000      7.000      7.000      0.000
    26        -11  (e+)               -61     2     0     4     4     0     0      0.000      0.000     -4.000      4.000      0.000
    27          2  u                   62    19    19     0     0   106     0      0.921      1.653     -1.745      2.595      0.330
    28         -2  ubar                62    10    10     0     0     0   103      0.156     -3.090      1.692      3.542      0.330
    29         21  g                   62    24    24     0     0   101   102      0.311      0.194      0.270      0.455      0.000
    30         21  g                   62    22    22     0     0   103   107     -1.767      0.249      2.079      2.739      0.000
    31         21  g                   62    18    18     0     0   102   104      0.286      0.361      0.459      0.650      0.000
    32         21  g                   62    21    21     0     0   104   105     -0.213      0.441     -0.050      0.492      0.000
    33         21  g                   62    20    20     0     0   105   106      0.097      0.193      0.204      0.297      0.000
    34         21  g                   62    23    23     0     0   107   101      0.209     -0.001      0.092      0.229      0.000
    35         22  gamma               63     1     0     0     0     0     0      0.000      0.000      0.000      0.000      0.000
    36         22  gamma               63     2     0     0     0     0     0      0.000      0.000     -0.000      0.000      0.000
                                   Charge sum:  0.000           Momentum sum:     -0.000     -0.000      3.000     11.000     10.583

 --------  End PYTHIA Event Listing  -----------------------------------------------------------------------------------------------
 PYTHIA Warning in TauDecays::decay: unknown correlated tau production, assuming from unpolarized photon  

 *-------  PYTHIA Event and Cross Section Statistics  -------------------------------------------------------------*
 |                                                                                                                 |
 | Subprocess                                    Code |            Number of events       |      sigma +- delta    |
 |                                                    |       Tried   Selected   Accepted |     (estimated) (mb)   |
 |                                                    |                                   |                        |
 |-----------------------------------------------------------------------------------------------------------------|
 |                                                    |                                   |                        |
 | f fbar -> f' fbar' (s-channel gamma*)          223 |      261975      10000      10000 |   5.999e-06  2.898e-08 |
 |                                                    |                                   |                        |
 | sum                                                |      261975      10000      10000 |   5.999e-06  2.898e-08 |
 |                                                                                                                 |
 *-------  End PYTHIA Event and Cross Section Statistics ----------------------------------------------------------*

 *-------  PYTHIA Error and Warning Messages Statistics  ----------------------------------------------------------* 
 |                                                                                                                 | 
 |  times   message                                                                                                | 
 |                                                                                                                 | 
 |   1518   Warning in TauDecays::decay: unknown correlated tau production, assuming from unpolarized photon       | 
 |                                                                                                                 | 
 *-------  End PYTHIA Error and Warning Messages Statistics  ------------------------------------------------------* 
Gammatau2xmu: 1.631e-14

Gammatau2xe: 0.000e+00

BRtau2xmu: 7.146e-03

BRtau2xe: 0.000e+00

produced tau excluding those daughters are also tau lepton: 3.036e+03
produced X: 3.036e+03
produced X/NMC: 3.036e-01

Proportion of X flying forward (eta>0): 6.136e-01
Proportion of X flying backward (eta<0): 3.864e-01

Total Gamma [GeV]: 5.260e-17
ctau [m]: 3.752e+00

Gammax2tautau: 0.000e+00

Gammax2mumu: 5.260e-17

Gammax2ee: 0.000e+00

Gammax2gmgm: 0.000e+00

BRx2tautau: 0.000e+00

BRx2mumu: 1.000e+00

BRx2ee: 0.000e+00

BRx2gmgm: 0.000e+00

X: insideFidVol: 1.950e+02
observedX: 2.058e+02
visibleX: 2.058e+01

X Observed Fiducial efficiency: 6.780e-02
X Visible Fiducial efficiency: 6.780e-03

reallyProduced tau: 9.200e+10
total number of tau-tau events: 4.600e+10

reallyProducedX: 2.315e+08
reallyobservedX: 1.570e+07
reallyvisibleX: 1.570e+06

