mX:  1
g_TM_Lamb:  8e-09
g_MM_Lamb:  1e-10
NMC 10000

 *-------  PYTHIA Process Initialization  --------------------------*
 |                                                                  |
 | We collide e- with e+ at a CM energy of 1.058e+01 GeV            |
 |                                                                  |
 |------------------------------------------------------------------|
 |                                                    |             |
 | Subprocess                                    Code |   Estimated |
 |                                                    |    max (mb) |
 |                                                    |             |
 |------------------------------------------------------------------|
 |                                                    |             |
 | f fbar -> f' fbar' (s-channel gamma*)          223 |   1.291e-04 |
 |                                                                  |
 *-------  End PYTHIA Process Initialization -----------------------*

 *-------  PYTHIA Flag + Mode + Parm + Word + FVec + MVec + PVec + WVec Settings (changes only)  ------------------* 
 |                                                                                                                 | 
 | Name                                          |                      Now |      Default         Min         Max | 
 |                                               |                          |                                      | 
 | Beams:eA                                      |                  7.00000 |     7000.000         0.0             | 
 | Beams:eB                                      |                  4.00000 |     7000.000         0.0             | 
 | Beams:frameType                               |                        2 |            1           1           5 | 
 | Beams:idA                                     |                       11 |         2212                         | 
 | Beams:idB                                     |                      -11 |         2212                         | 
 | HadronLevel:Hadronize                         |                      off |           on                         | 
 | Next:numberCount                              |                    10000 |         1000           0             | 
 | PartonLevel:MPI                               |                      off |           on                         | 
 | Random:seed                                   |                        0 |           -1               900000000 | 
 | Random:setSeed                                |                       on |          off                         | 
 | WeakSingleBoson:ffbar2ffbar(s:gm)             |                       on |          off                         | 
 |                                                                                                                 | 
 *-------  End PYTHIA Flag + Mode + Parm + Word + FVec + MVec + PVec + WVec Settings  -----------------------------* 

 --------  PYTHIA Particle Data Table (changed only)  ------------------------------------------------------------------------------
 
      id   name            antiName         spn chg col      m0        mWidth      mMin       mMax       tau0    res dec ext vis wid
             no onMode   bRatio   meMode     products 

      15  tau-             tau+               2  -3   0    1.77682    0.00000    0.00000    0.00000  8.71100e-02   0   1   0   1   0
              0     1   0.0000029  103       36       13 
              1     1   0.0000000  103       36       11 

      36  x                                   1   0   0    1.00000    0.00000    0.00000    0.00000  6.00278e+08   0   1   0   0   0
              0     1   0.0000000  103       15      -15 
              1     1   1.0000000  103       13      -13 
              2     1   0.0000000  103       11      -11 
              3     1   0.0000000  103       22       22 

 --------  End PYTHIA Particle Data Table  -----------------------------------------------------------------------------------------


 --------  PYTHIA Info Listing  ---------------------------------------- 
 
 Beam A: id =     11, pz =  5.292e+00, e =  5.292e+00, m =  5.110e-04.
 Beam B: id =    -11, pz = -5.292e+00, e =  5.292e+00, m =  5.110e-04.

 In 1: id =   11, x =  9.958e-01, pdf =  8.447e+00 at Q2 =  1.115e+02.
 In 2: id =  -11, x =  1.000e+00, pdf =  2.094e+08 at same Q2.

 Subprocess f fbar -> f' fbar' (s-channel gamma*) with code 223 is 2 -> 2.
 It has sHat =  1.115e+02,    tHat = -1.057e+02,    uHat = -5.838e+00,
       pTHat =  2.255e+00,   m3Hat =  1.500e+00,   m4Hat =  1.500e+00,
    thetaHat =  2.680e+00,  phiHat =  1.713e+00.
     alphaEM =  7.631e-03,  alphaS =  1.976e-01    at Q2 =  1.115e+02.

 Impact parameter b =  0.000e+00 gives enhancement factor =  1.000e+00.
 Max pT scale for MPI =  1.058e+01, ISR =  1.056e+01, FSR =  1.056e+01.
 Number of MPI =     1, ISR =     1, FSRproc =     2, FSRreson =     0.

 --------  End PYTHIA Info Listing  ------------------------------------

 --------  PYTHIA Event Listing  (hard process)  -----------------------------------------------------------------------------------
 
    no         id  name            status     mothers   daughters     colours      p_x        p_y        p_z         e          m 
     0         90  (system)           -11     0     0     0     0     0     0      0.000      0.000      3.000     11.000     10.583
     1         11  (e-)               -12     0     0     3     0     0     0      0.000      0.000      7.000      7.000      0.001
     2        -11  (e+)               -12     0     0     4     0     0     0      0.000      0.000     -4.000      4.000      0.001
     3         11  (e-)               -21     1     0     5     6     0     0      0.000      0.000      6.971      6.971      0.000
     4        -11  (e+)               -21     2     0     5     6     0     0      0.000      0.000     -4.000      4.000      0.000
     5          4  c                   23     3     4     0     0   101     0     -0.321      2.232     -3.223      4.210      1.500
     6         -4  cbar                23     3     4     0     0     0   101      0.321     -2.232      6.194      6.760      1.500
                                   Charge sum:  0.000           Momentum sum:      0.000      0.000      2.971     10.971     10.561

 --------  End PYTHIA Event Listing  -----------------------------------------------------------------------------------------------

 --------  PYTHIA Event Listing  (complete event)  ---------------------------------------------------------------------------------
 
    no         id  name            status     mothers   daughters     colours      p_x        p_y        p_z         e          m 
     0         90  (system)           -11     0     0     0     0     0     0      0.000      0.000      3.000     11.000     10.583
     1         11  (e-)               -12     0     0    20     0     0     0      0.000      0.000      7.000      7.000      0.001
     2        -11  (e+)               -12     0     0    21     0     0     0      0.000      0.000     -4.000      4.000      0.001
     3         11  (e-)               -21    13     0     5     6     0     0      0.000      0.000      6.971      6.971      0.000
     4        -11  (e+)               -21    14    14     5     6     0     0      0.000      0.000     -4.000      4.000      0.000
     5          4  (c)                -23     3     4     7     8   101     0     -0.321      2.232     -3.223      4.210      1.500
     6         -4  (cbar)             -23     3     4     9     9     0   101      0.321     -2.232      6.194      6.760      1.500
     7          4  (c)                -51     5     0    12    12   102     0     -0.583      2.399     -3.058      4.207      1.500
     8         21  (g)                -51     5     0    10    11   101   102      0.320     -0.564      0.913      1.120      0.000
     9         -4  (cbar)             -52     6     6    16    16     0   101      0.264     -1.835      5.115      5.644      1.500
    10         21  (g)                -51     8     0    17    17   101   103     -0.304      0.021      0.792      0.848      0.000
    11         21  (g)                -51     8     0    18    18   103   102      0.554     -0.322     -0.220      0.677      0.000
    12          4  (c)                -52     7     7    15    15   102     0     -0.514      2.135     -2.716      3.802      1.500
    13         11  (e-)               -41    20    20    19     3     0     0     -0.000     -0.000      7.000      7.000      0.000
    14        -11  (e+)               -42    21    21     4     4     0     0      0.000     -0.000     -4.000      4.000      0.000
    15          4  (c)                -44    12    12    22    22   102     0     -0.515      2.137     -2.714      3.801      1.500
    16         -4  (cbar)             -44     9     9    23    23     0   101      0.257     -1.820      5.126      5.649      1.500
    17         21  (g)                -44    10    10    24    24   101   103     -0.305      0.024      0.793      0.850      0.000
    18         21  (g)                -44    11    11    25    25   103   102      0.554     -0.321     -0.218      0.676      0.000
    19         22  (gamma)            -43    13     0    26    26     0     0      0.009     -0.019      0.013      0.025      0.000
    20         11  (e-)               -61     1     0    13    13     0     0      0.000      0.000      7.000      7.000      0.000
    21        -11  (e+)               -61     2     0    14    14     0     0     -0.000     -0.000     -4.000      4.000      0.000
    22          4  c                   62    15    15     0     0   102     0     -0.515      2.137     -2.714      3.801      1.500
    23         -4  cbar                62    16    16     0     0     0   101      0.257     -1.820      5.126      5.649      1.500
    24         21  g                   62    17    17     0     0   101   103     -0.305      0.024      0.793      0.850      0.000
    25         21  g                   62    18    18     0     0   103   102      0.554     -0.321     -0.218      0.676      0.000
    26         22  gamma               62    19    19     0     0     0     0      0.009     -0.019      0.013      0.025      0.000
    27         22  gamma               63     1     0     0     0     0     0      0.000      0.000      0.000      0.000      0.000
    28         22  gamma               63     2     0     0     0     0     0      0.000      0.000     -0.000      0.000      0.000
                                   Charge sum:  0.000           Momentum sum:      0.000      0.000      3.000     11.000     10.583

 --------  End PYTHIA Event Listing  -----------------------------------------------------------------------------------------------
 PYTHIA Warning in TauDecays::decay: unknown correlated tau production, assuming from unpolarized photon  
 PYTHIA Warning in PhaseSpace2to2tauyz::trialKin: maximum for cross section violated  

 *-------  PYTHIA Event and Cross Section Statistics  -------------------------------------------------------------*
 |                                                                                                                 |
 | Subprocess                                    Code |            Number of events       |      sigma +- delta    |
 |                                                    |       Tried   Selected   Accepted |     (estimated) (mb)   |
 |                                                    |                                   |                        |
 |-----------------------------------------------------------------------------------------------------------------|
 |                                                    |                                   |                        |
 | f fbar -> f' fbar' (s-channel gamma*)          223 |      217250      10000      10000 |   6.039e-06  3.205e-08 |
 |                                                    |                                   |                        |
 | sum                                                |      217250      10000      10000 |   6.039e-06  3.205e-08 |
 |                                                                                                                 |
 *-------  End PYTHIA Event and Cross Section Statistics ----------------------------------------------------------*

 *-------  PYTHIA Error and Warning Messages Statistics  ----------------------------------------------------------* 
 |                                                                                                                 | 
 |  times   message                                                                                                | 
 |                                                                                                                 | 
 |    299   Warning in PhaseSpace2to2tauyz::trialKin: maximum for cross section violated                           | 
 |   1514   Warning in TauDecays::decay: unknown correlated tau production, assuming from unpolarized photon       | 
 |                                                                                                                 | 
 *-------  End PYTHIA Error and Warning Messages Statistics  ------------------------------------------------------* 
Gammatau2xmu: 6.524e-18

Gammatau2xe: 0.000e+00

BRtau2xmu: 2.879e-06

BRtau2xe: 0.000e+00

produced tau excluding those daughters are also tau lepton: 3.028e+03
produced X: 3.028e+03
produced X/NMC: 3.028e-01

Proportion of X flying forward (eta>0): 6.258e-01
Proportion of X flying backward (eta<0): 3.742e-01

Total Gamma [GeV]: 3.287e-22
ctau [m]: 6.003e+05

Gammax2tautau: 0.000e+00

Gammax2mumu: 3.287e-22

Gammax2ee: 0.000e+00

Gammax2gmgm: 0.000e+00

BRx2tautau: 0.000e+00

BRx2mumu: 1.000e+00

BRx2ee: 0.000e+00

BRx2gmgm: 0.000e+00

X: insideFidVol: 0.000e+00
observedX: 1.341e-03
visibleX: 1.341e-04

X Observed Fiducial efficiency: 4.428e-07
X Visible Fiducial efficiency: 4.428e-08

reallyProduced tau: 9.200e+10
total number of tau-tau events: 4.600e+10

reallyProducedX: 9.326e+04
reallyobservedX: 4.130e-02
reallyvisibleX: 4.130e-03

