mX:  1
g_TM_Lamb:  1e-07
g_MM_Lamb:  6e-07
NMC 10000

 *-------  PYTHIA Process Initialization  --------------------------*
 |                                                                  |
 | We collide e- with e+ at a CM energy of 1.058e+01 GeV            |
 |                                                                  |
 |------------------------------------------------------------------|
 |                                                    |             |
 | Subprocess                                    Code |   Estimated |
 |                                                    |    max (mb) |
 |                                                    |             |
 |------------------------------------------------------------------|
 |                                                    |             |
 | f fbar -> f' fbar' (s-channel gamma*)          223 |   1.630e-04 |
 |                                                                  |
 *-------  End PYTHIA Process Initialization -----------------------*

 *-------  PYTHIA Flag + Mode + Parm + Word + FVec + MVec + PVec + WVec Settings (changes only)  ------------------* 
 |                                                                                                                 | 
 | Name                                          |                      Now |      Default         Min         Max | 
 |                                               |                          |                                      | 
 | Beams:eA                                      |                  7.00000 |     7000.000         0.0             | 
 | Beams:eB                                      |                  4.00000 |     7000.000         0.0             | 
 | Beams:frameType                               |                        2 |            1           1           5 | 
 | Beams:idA                                     |                       11 |         2212                         | 
 | Beams:idB                                     |                      -11 |         2212                         | 
 | HadronLevel:Hadronize                         |                      off |           on                         | 
 | Next:numberCount                              |                    10000 |         1000           0             | 
 | PartonLevel:MPI                               |                      off |           on                         | 
 | Random:seed                                   |                        0 |           -1               900000000 | 
 | Random:setSeed                                |                       on |          off                         | 
 | WeakSingleBoson:ffbar2ffbar(s:gm)             |                       on |          off                         | 
 |                                                                                                                 | 
 *-------  End PYTHIA Flag + Mode + Parm + Word + FVec + MVec + PVec + WVec Settings  -----------------------------* 

 --------  PYTHIA Particle Data Table (changed only)  ------------------------------------------------------------------------------
 
      id   name            antiName         spn chg col      m0        mWidth      mMin       mMax       tau0    res dec ext vis wid
             no onMode   bRatio   meMode     products 

      15  tau-             tau+               2  -3   0    1.77682    0.00000    0.00000    0.00000  8.71100e-02   0   1   0   1   0
              0     1   0.0004497  103       36       13 
              1     1   0.0000000  103       36       11 

      36  x                                   1   0   0    1.00000    0.00000    0.00000    0.00000  1.66744e+01   0   1   0   0   0
              0     1   0.0000000  103       15      -15 
              1     1   1.0000000  103       13      -13 
              2     1   0.0000000  103       11      -11 
              3     1   0.0000000  103       22       22 

 --------  End PYTHIA Particle Data Table  -----------------------------------------------------------------------------------------


 --------  PYTHIA Info Listing  ---------------------------------------- 
 
 Beam A: id =     11, pz =  5.292e+00, e =  5.292e+00, m =  5.110e-04.
 Beam B: id =    -11, pz = -5.292e+00, e =  5.292e+00, m =  5.110e-04.

 In 1: id =   11, x =  1.000e+00, pdf =  7.152e+07 at Q2 =  7.925e+01.
 In 2: id =  -11, x =  7.076e-01, pdf =  7.698e-02 at same Q2.

 Subprocess f fbar -> f' fbar' (s-channel gamma*) with code 223 is 2 -> 2.
 It has sHat =  7.925e+01,    tHat = -7.288e+01,    uHat = -6.367e+00,
       pTHat =  2.278e+00,   m3Hat =  1.500e+00,   m4Hat =  1.500e+00,
    thetaHat =  2.567e+00,  phiHat =  2.052e+00.
     alphaEM =  7.617e-03,  alphaS =  2.060e-01    at Q2 =  7.925e+01.

 Impact parameter b =  0.000e+00 gives enhancement factor =  1.000e+00.
 Max pT scale for MPI =  1.058e+01, ISR =  8.902e+00, FSR =  8.902e+00.
 Number of MPI =     1, ISR =     2, FSRproc =     1, FSRreson =     0.

 --------  End PYTHIA Info Listing  ------------------------------------

 --------  PYTHIA Event Listing  (hard process)  -----------------------------------------------------------------------------------
 
    no         id  name            status     mothers   daughters     colours      p_x        p_y        p_z         e          m 
     0         90  (system)           -11     0     0     0     0     0     0      0.000      0.000      3.000     11.000     10.583
     1         11  (e-)               -12     0     0     3     0     0     0      0.000      0.000      7.000      7.000      0.001
     2        -11  (e+)               -12     0     0     4     0     0     0      0.000      0.000     -4.000      4.000      0.001
     3         11  (e-)               -21     1     0     5     6     0     0      0.000      0.000      7.000      7.000      0.000
     4        -11  (e+)               -21     2     0     5     6     0     0      0.000      0.000     -2.830      2.830      0.000
     5          4  c                   23     3     4     0     0   101     0     -1.055      2.019     -1.799      3.268      1.500
     6         -4  cbar                23     3     4     0     0     0   101      1.055     -2.019      5.969      6.563      1.500
                                   Charge sum:  0.000           Momentum sum:      0.000      0.000      4.170      9.830      8.902

 --------  End PYTHIA Event Listing  -----------------------------------------------------------------------------------------------

 --------  PYTHIA Event Listing  (complete event)  ---------------------------------------------------------------------------------
 
    no         id  name            status     mothers   daughters     colours      p_x        p_y        p_z         e          m 
     0         90  (system)           -11     0     0     0     0     0     0      0.000      0.000      3.000     11.000     10.583
     1         11  (e-)               -12     0     0    23     0     0     0      0.000      0.000      7.000      7.000      0.001
     2        -11  (e+)               -12     0     0    24     0     0     0      0.000      0.000     -4.000      4.000      0.001
     3         11  (e-)               -21    10    10     5     6     0     0      0.000      0.000      7.000      7.000      0.000
     4        -11  (e+)               -21    11     0     5     6     0     0      0.000      0.000     -2.830      2.830      0.000
     5          4  (c)                -23     3     4     9     9   101     0     -1.055      2.019     -1.799      3.268      1.500
     6         -4  (cbar)             -23     3     4     7     8     0   101      1.055     -2.019      5.969      6.563      1.500
     7         -4  (cbar)             -51     6     0    13    13     0   103      0.280     -2.275      4.593      5.348      1.500
     8         21  (g)                -51     6     0    14    14   103   101      0.683      0.430      1.199      1.446      0.000
     9          4  (c)                -52     5     5    12    12   101     0     -0.964      1.845     -1.623      3.036      1.500
    10         11  (e-)               -42    16    16     3     3     0     0      0.000     -0.000      7.000      7.000      0.000
    11        -11  (e+)               -41    17     0    15     4     0     0     -0.000      0.000     -3.727      3.727      0.000
    12          4  (c)                -44     9     9    18    18   101     0     -0.922      1.842     -1.633      3.027      1.500
    13         -4  (cbar)             -44     7     7    19    19     0   103      0.287     -2.276      4.597      5.352      1.500
    14         21  (g)                -44     8     8    20    20   103   101      0.686      0.430      1.205      1.451      0.000
    15         22  (gamma)            -43    11     0    21    21     0     0     -0.051      0.004     -0.895      0.897      0.000
    16         11  (e-)               -42    23    23    10    10     0     0      0.000     -0.000      7.000      7.000      0.000
    17        -11  (e+)               -41    24    24    22    11     0     0     -0.000      0.000     -4.000      4.000      0.000
    18          4  (c)                -44    12    12    25    25   101     0     -0.923      1.842     -1.633      3.027      1.500
    19         -4  (cbar)             -44    13    13    26    26     0   103      0.287     -2.276      4.597      5.352      1.500
    20         21  (g)                -44    14    14    27    27   103   101      0.686      0.430      1.205      1.451      0.000
    21         22  (gamma)            -44    15    15    28    28     0     0     -0.051      0.004     -0.895      0.897      0.000
    22         22  (gamma)            -43    17     0    29    29     0     0      0.001     -0.001     -0.273      0.273      0.000
    23         11  (e-)               -61     1     0    16    16     0     0      0.000      0.000      7.000      7.000      0.000
    24        -11  (e+)               -61     2     0    17    17     0     0     -0.000      0.000     -4.000      4.000      0.000
    25          4  c                   62    18    18     0     0   101     0     -0.923      1.842     -1.633      3.027      1.500
    26         -4  cbar                62    19    19     0     0     0   103      0.287     -2.276      4.597      5.352      1.500
    27         21  g                   62    20    20     0     0   103   101      0.686      0.430      1.205      1.451      0.000
    28         22  gamma               62    21    21     0     0     0     0     -0.051      0.004     -0.895      0.897      0.000
    29         22  gamma               62    22    22     0     0     0     0      0.001     -0.001     -0.273      0.273      0.000
    30         22  gamma               63     1     0     0     0     0     0      0.000      0.000      0.000      0.000      0.000
    31         22  gamma               63     2     0     0     0     0     0      0.000      0.000     -0.000      0.000      0.000
                                   Charge sum:  0.000           Momentum sum:      0.000      0.000      3.000     11.000     10.583

 --------  End PYTHIA Event Listing  -----------------------------------------------------------------------------------------------
 PYTHIA Warning in TauDecays::decay: unknown correlated tau production, assuming from unpolarized photon  

 *-------  PYTHIA Event and Cross Section Statistics  -------------------------------------------------------------*
 |                                                                                                                 |
 | Subprocess                                    Code |            Number of events       |      sigma +- delta    |
 |                                                    |       Tried   Selected   Accepted |     (estimated) (mb)   |
 |                                                    |                                   |                        |
 |-----------------------------------------------------------------------------------------------------------------|
 |                                                    |                                   |                        |
 | f fbar -> f' fbar' (s-channel gamma*)          223 |      272799      10000      10000 |   6.008e-06  2.863e-08 |
 |                                                    |                                   |                        |
 | sum                                                |      272799      10000      10000 |   6.008e-06  2.863e-08 |
 |                                                                                                                 |
 *-------  End PYTHIA Event and Cross Section Statistics ----------------------------------------------------------*

 *-------  PYTHIA Error and Warning Messages Statistics  ----------------------------------------------------------* 
 |                                                                                                                 | 
 |  times   message                                                                                                | 
 |                                                                                                                 | 
 |   1496   Warning in TauDecays::decay: unknown correlated tau production, assuming from unpolarized photon       | 
 |                                                                                                                 | 
 *-------  End PYTHIA Error and Warning Messages Statistics  ------------------------------------------------------* 
Gammatau2xmu: 1.019e-15

Gammatau2xe: 0.000e+00

BRtau2xmu: 4.497e-04

BRtau2xe: 0.000e+00

produced tau excluding those daughters are also tau lepton: 2.992e+03
produced X: 2.992e+03
produced X/NMC: 2.992e-01

Proportion of X flying forward (eta>0): 6.217e-01
Proportion of X flying backward (eta<0): 3.783e-01

Total Gamma [GeV]: 1.183e-14
ctau [m]: 1.667e-02

Gammax2tautau: 0.000e+00

Gammax2mumu: 1.183e-14

Gammax2ee: 0.000e+00

Gammax2gmgm: 0.000e+00

BRx2tautau: 0.000e+00

BRx2mumu: 1.000e+00

BRx2ee: 0.000e+00

BRx2gmgm: 0.000e+00

X: insideFidVol: 2.790e+02
observedX: 2.725e+02
visibleX: 2.725e+01

X Observed Fiducial efficiency: 9.109e-02
X Visible Fiducial efficiency: 9.109e-03

reallyProduced tau: 9.200e+10
total number of tau-tau events: 4.600e+10

reallyProducedX: 1.457e+07
reallyobservedX: 1.327e+06
reallyvisibleX: 1.327e+05

