mX:  1
g_TM_Lamb:  1.5e-07
g_MM_Lamb:  2e-10
NMC 10000

 *-------  PYTHIA Process Initialization  --------------------------*
 |                                                                  |
 | We collide e- with e+ at a CM energy of 1.058e+01 GeV            |
 |                                                                  |
 |------------------------------------------------------------------|
 |                                                    |             |
 | Subprocess                                    Code |   Estimated |
 |                                                    |    max (mb) |
 |                                                    |             |
 |------------------------------------------------------------------|
 |                                                    |             |
 | f fbar -> f' fbar' (s-channel gamma*)          223 |   1.160e-04 |
 |                                                                  |
 *-------  End PYTHIA Process Initialization -----------------------*

 *-------  PYTHIA Flag + Mode + Parm + Word + FVec + MVec + PVec + WVec Settings (changes only)  ------------------* 
 |                                                                                                                 | 
 | Name                                          |                      Now |      Default         Min         Max | 
 |                                               |                          |                                      | 
 | Beams:eA                                      |                  7.00000 |     7000.000         0.0             | 
 | Beams:eB                                      |                  4.00000 |     7000.000         0.0             | 
 | Beams:frameType                               |                        2 |            1           1           5 | 
 | Beams:idA                                     |                       11 |         2212                         | 
 | Beams:idB                                     |                      -11 |         2212                         | 
 | HadronLevel:Hadronize                         |                      off |           on                         | 
 | Next:numberCount                              |                    10000 |         1000           0             | 
 | PartonLevel:MPI                               |                      off |           on                         | 
 | Random:seed                                   |                        0 |           -1               900000000 | 
 | Random:setSeed                                |                       on |          off                         | 
 | WeakSingleBoson:ffbar2ffbar(s:gm)             |                       on |          off                         | 
 |                                                                                                                 | 
 *-------  End PYTHIA Flag + Mode + Parm + Word + FVec + MVec + PVec + WVec Settings  -----------------------------* 

 --------  PYTHIA Particle Data Table (changed only)  ------------------------------------------------------------------------------
 
      id   name            antiName         spn chg col      m0        mWidth      mMin       mMax       tau0    res dec ext vis wid
             no onMode   bRatio   meMode     products 

      15  tau-             tau+               2  -3   0    1.77682    0.00000    0.00000    0.00000  8.71100e-02   0   1   0   1   0
              0     1   0.0010112  103       36       13 
              1     1   0.0000000  103       36       11 

      36  x                                   1   0   0    1.00000    0.00000    0.00000    0.00000  1.50069e+08   0   1   0   0   0
              0     1   0.0000000  103       15      -15 
              1     1   1.0000000  103       13      -13 
              2     1   0.0000000  103       11      -11 
              3     1   0.0000000  103       22       22 

 --------  End PYTHIA Particle Data Table  -----------------------------------------------------------------------------------------

 PYTHIA Warning in TauDecays::decay: unknown correlated tau production, assuming from unpolarized photon  

 --------  PYTHIA Info Listing  ---------------------------------------- 
 
 Beam A: id =     11, pz =  5.292e+00, e =  5.292e+00, m =  5.110e-04.
 Beam B: id =    -11, pz = -5.292e+00, e =  5.292e+00, m =  5.110e-04.

 In 1: id =   11, x =  9.975e-01, pdf =  1.391e+01 at Q2 =  1.117e+02.
 In 2: id =  -11, x =  1.000e+00, pdf =  2.166e+07 at same Q2.

 Subprocess f fbar -> f' fbar' (s-channel gamma*) with code 223 is 2 -> 2.
 It has sHat =  1.117e+02,    tHat = -9.958e+01,    uHat = -1.214e+01,
       pTHat =  3.098e+00,   m3Hat =  1.777e+00,   m4Hat =  1.777e+00,
    thetaHat =  2.470e+00,  phiHat =  5.803e+00.
     alphaEM =  7.631e-03,  alphaS =  1.975e-01    at Q2 =  1.117e+02.

 Impact parameter b =  0.000e+00 gives enhancement factor =  1.000e+00.
 Max pT scale for MPI =  1.058e+01, ISR =  1.058e+01, FSR =  1.058e+01.
 Number of MPI =     1, ISR =     1, FSRproc =     1, FSRreson =     0.

 --------  End PYTHIA Info Listing  ------------------------------------

 --------  PYTHIA Event Listing  (hard process)  -----------------------------------------------------------------------------------
 
    no         id  name            status     mothers   daughters     colours      p_x        p_y        p_z         e          m 
     0         90  (system)           -11     0     0     0     0     0     0      0.000      0.000      3.000     11.000     10.583
     1         11  (e-)               -12     0     0     3     0     0     0      0.000      0.000      7.000      7.000      0.001
     2        -11  (e+)               -12     0     0     4     0     0     0      0.000      0.000     -4.000      4.000      0.001
     3         11  (e-)               -21     1     0     5     6     0     0      0.000      0.000      6.983      6.983      0.000
     4        -11  (e+)               -21     2     0     5     6     0     0      0.000      0.000     -4.000      4.000      0.000
     5         15  tau-                23     3     4     0     0     0     0      2.747     -1.432     -2.556      4.392      1.777
     6        -15  tau+                23     3     4     0     0     0     0     -2.747      1.432      5.539      6.590      1.777
                                   Charge sum:  0.000           Momentum sum:      0.000      0.000      2.983     10.983     10.570

 --------  End PYTHIA Event Listing  -----------------------------------------------------------------------------------------------

 --------  PYTHIA Event Listing  (complete event)  ---------------------------------------------------------------------------------
 
    no         id  name            status     mothers   daughters     colours      p_x        p_y        p_z         e          m 
     0         90  (system)           -11     0     0     0     0     0     0      0.000      0.000      3.000     11.000     10.583
     1         11  (e-)               -12     0     0    16     0     0     0      0.000      0.000      7.000      7.000      0.001
     2        -11  (e+)               -12     0     0    17     0     0     0      0.000      0.000     -4.000      4.000      0.001
     3         11  (e-)               -21    10     0     5     6     0     0      0.000      0.000      6.983      6.983      0.000
     4        -11  (e+)               -21    11    11     5     6     0     0      0.000      0.000     -4.000      4.000      0.000
     5         15  (tau-)             -23     3     4     7     8     0     0      2.747     -1.432     -2.556      4.392      1.777
     6        -15  (tau+)             -23     3     4     9     9     0     0     -2.747      1.432      5.539      6.590      1.777
     7         15  (tau-)             -51     5     0    12    12     0     0      2.745     -1.433     -2.557      4.391      1.777
     8         22  (gamma)            -51     5     0    14    14     0     0      0.001      0.002      0.004      0.005      0.000
     9        -15  (tau+)             -52     6     6    13    13     0     0     -2.746      1.431      5.535      6.587      1.777
    10         11  (e-)               -41    16    16    15     3     0     0     -0.000      0.000      7.000      7.000      0.000
    11        -11  (e+)               -42    17    17     4     4     0     0     -0.000      0.000     -4.000      4.000      0.000
    12         15  (tau-)             -44     7     7    18    18     0     0      2.745     -1.435     -2.555      4.390      1.777
    13        -15  (tau+)             -44     9     9    19    19     0     0     -2.744      1.420      5.543      6.590      1.777
    14         22  (gamma)            -44     8     8    20    20     0     0      0.001      0.002      0.004      0.005      0.000
    15         22  (gamma)            -43    10     0    21    21     0     0     -0.001      0.012      0.008      0.015      0.000
    16         11  (e-)               -61     1     0    10    10     0     0      0.000      0.000      7.000      7.000      0.000
    17        -11  (e+)               -61     2     0    11    11     0     0     -0.000      0.000     -4.000      4.000      0.000
    18         15  (tau-)             -62    12    12    26    27     0     0      2.745     -1.435     -2.555      4.390      1.777
    19        -15  (tau+)             -62    13    13    24    25     0     0     -2.744      1.420      5.543      6.590      1.777
    20         22  gamma               62    14    14     0     0     0     0      0.001      0.002      0.004      0.005      0.000
    21         22  gamma               62    15    15     0     0     0     0     -0.001      0.012      0.008      0.015      0.000
    22         22  gamma               63     1     0     0     0     0     0      0.000      0.000      0.000      0.000      0.000
    23         22  gamma               63     2     0     0     0     0     0      0.000      0.000     -0.000      0.000      0.000
    24         36  (x)                -91    19     0    28    29     0     0     -2.378      0.720      4.817      5.512      1.000
    25        -13  mu+                 91    19     0     0     0     0     0     -0.366      0.701      0.725      1.078      0.106
    26         36  (x)                -91    18     0    30    31     0     0      2.456     -0.846     -2.469      3.721      1.000
    27         13  mu-                 91    18     0     0     0     0     0      0.289     -0.589     -0.086      0.670      0.106
    28         13  mu-                 91    24     0     0     0     0     0     -2.168      0.312      4.172      4.714      0.106
    29        -13  mu+                 91    24     0     0     0     0     0     -0.210      0.407      0.645      0.798      0.106
    30         13  mu-                 91    26     0     0     0     0     0      2.477     -0.779     -2.133      3.362      0.106
    31        -13  mu+                 91    26     0     0     0     0     0     -0.020     -0.067     -0.336      0.359      0.106
                                   Charge sum:  0.000           Momentum sum:      0.000      0.000      3.000     11.000     10.583

 --------  End PYTHIA Event Listing  -----------------------------------------------------------------------------------------------
 PYTHIA Warning in PhaseSpace2to2tauyz::trialKin: maximum for cross section violated  

 *-------  PYTHIA Event and Cross Section Statistics  -------------------------------------------------------------*
 |                                                                                                                 |
 | Subprocess                                    Code |            Number of events       |      sigma +- delta    |
 |                                                    |       Tried   Selected   Accepted |     (estimated) (mb)   |
 |                                                    |                                   |                        |
 |-----------------------------------------------------------------------------------------------------------------|
 |                                                    |                                   |                        |
 | f fbar -> f' fbar' (s-channel gamma*)          223 |      197384      10000      10000 |   5.947e-06  3.298e-08 |
 |                                                    |                                   |                        |
 | sum                                                |      197384      10000      10000 |   5.947e-06  3.298e-08 |
 |                                                                                                                 |
 *-------  End PYTHIA Event and Cross Section Statistics ----------------------------------------------------------*

 *-------  PYTHIA Error and Warning Messages Statistics  ----------------------------------------------------------* 
 |                                                                                                                 | 
 |  times   message                                                                                                | 
 |                                                                                                                 | 
 |    559   Warning in PhaseSpace2to2tauyz::trialKin: maximum for cross section violated                           | 
 |   1480   Warning in TauDecays::decay: unknown correlated tau production, assuming from unpolarized photon       | 
 |                                                                                                                 | 
 *-------  End PYTHIA Error and Warning Messages Statistics  ------------------------------------------------------* 
Gammatau2xmu: 2.293e-15

Gammatau2xe: 0.000e+00

BRtau2xmu: 1.011e-03

BRtau2xe: 0.000e+00

produced tau excluding those daughters are also tau lepton: 2.960e+03
produced X: 2.960e+03
produced X/NMC: 2.960e-01

Proportion of X flying forward (eta>0): 6.193e-01
Proportion of X flying backward (eta<0): 3.807e-01

Total Gamma [GeV]: 1.315e-21
ctau [m]: 1.501e+05

Gammax2tautau: 0.000e+00

Gammax2mumu: 1.315e-21

Gammax2ee: 0.000e+00

Gammax2gmgm: 0.000e+00

BRx2tautau: 0.000e+00

BRx2mumu: 1.000e+00

BRx2ee: 0.000e+00

BRx2gmgm: 0.000e+00

X: insideFidVol: 0.000e+00
observedX: 5.302e-03
visibleX: 5.302e-04

X Observed Fiducial efficiency: 1.791e-06
X Visible Fiducial efficiency: 1.791e-07

reallyProduced tau: 9.200e+10
total number of tau-tau events: 4.600e+10

reallyProducedX: 3.276e+07
reallyobservedX: 5.867e+01
reallyvisibleX: 5.867e+00

