mX:  0.005
g_TE_Lamb:  4e-10
g_EE_Lamb:  1e-05
NMC 10000

 *-------  PYTHIA Process Initialization  --------------------------*
 |                                                                  |
 | We collide e- with e+ at a CM energy of 1.058e+01 GeV            |
 |                                                                  |
 |------------------------------------------------------------------|
 |                                                    |             |
 | Subprocess                                    Code |   Estimated |
 |                                                    |    max (mb) |
 |                                                    |             |
 |------------------------------------------------------------------|
 |                                                    |             |
 | f fbar -> f' fbar' (s-channel gamma*)          223 |   1.425e-04 |
 |                                                                  |
 *-------  End PYTHIA Process Initialization -----------------------*

 *-------  PYTHIA Flag + Mode + Parm + Word + FVec + MVec + PVec + WVec Settings (changes only)  ------------------* 
 |                                                                                                                 | 
 | Name                                          |                      Now |      Default         Min         Max | 
 |                                               |                          |                                      | 
 | Beams:eA                                      |                  7.00000 |     7000.000         0.0             | 
 | Beams:eB                                      |                  4.00000 |     7000.000         0.0             | 
 | Beams:frameType                               |                        2 |            1           1           5 | 
 | Beams:idA                                     |                       11 |         2212                         | 
 | Beams:idB                                     |                      -11 |         2212                         | 
 | HadronLevel:Hadronize                         |                      off |           on                         | 
 | Next:numberCount                              |                    10000 |         1000           0             | 
 | PartonLevel:MPI                               |                      off |           on                         | 
 | Random:seed                                   |                        0 |           -1               900000000 | 
 | Random:setSeed                                |                       on |          off                         | 
 | WeakSingleBoson:ffbar2ffbar(s:gm)             |                       on |          off                         | 
 |                                                                                                                 | 
 *-------  End PYTHIA Flag + Mode + Parm + Word + FVec + MVec + PVec + WVec Settings  -----------------------------* 

 --------  PYTHIA Particle Data Table (changed only)  ------------------------------------------------------------------------------
 
      id   name            antiName         spn chg col      m0        mWidth      mMin       mMax       tau0    res dec ext vis wid
             no onMode   bRatio   meMode     products 

      15  tau-             tau+               2  -3   0    1.77682    0.00000    0.00000    0.00000  8.71100e-02   0   1   0   1   0
              0     1   0.0000000  103       36       13 
              1     1   0.0000000  103       36       11 

      36  x                                   1   0   0  5.000e-03  0.000e+00  0.000e+00  0.000e+00  4.95728e+05   0   1   0   0   0
              0     1   0.0000000  103       15      -15 
              1     1   0.0000000  103       13      -13 
              2     1   1.0000000  103       11      -11 
              3     1   0.0000000  103       22       22 

 --------  End PYTHIA Particle Data Table  -----------------------------------------------------------------------------------------


 --------  PYTHIA Info Listing  ---------------------------------------- 
 
 Beam A: id =     11, pz =  5.292e+00, e =  5.292e+00, m =  5.110e-04.
 Beam B: id =    -11, pz = -5.292e+00, e =  5.292e+00, m =  5.110e-04.

 In 1: id =   11, x =  1.000e+00, pdf =  3.700e+07 at Q2 =  7.792e+01.
 In 2: id =  -11, x =  6.957e-01, pdf =  7.200e-02 at same Q2.

 Subprocess f fbar -> f' fbar' (s-channel gamma*) with code 223 is 2 -> 2.
 It has sHat =  7.792e+01,    tHat = -4.832e+01,    uHat = -2.959e+01,
       pTHat =  4.283e+00,   m3Hat =  1.057e-01,   m4Hat =  1.057e-01,
    thetaHat =  1.814e+00,  phiHat =  4.893e+00.
     alphaEM =  7.616e-03,  alphaS =  2.065e-01    at Q2 =  7.792e+01.

 Impact parameter b =  0.000e+00 gives enhancement factor =  1.000e+00.
 Max pT scale for MPI =  1.058e+01, ISR =  1.058e+01, FSR =  1.058e+01.
 Number of MPI =     1, ISR =     1, FSRproc =     3, FSRreson =     0.

 --------  End PYTHIA Info Listing  ------------------------------------

 --------  PYTHIA Event Listing  (hard process)  -----------------------------------------------------------------------------------
 
    no         id  name            status     mothers   daughters     colours      p_x        p_y        p_z         e          m 
     0         90  (system)           -11     0     0     0     0     0     0      0.000      0.000      3.000     11.000     10.583
     1         11  (e-)               -12     0     0     3     0     0     0      0.000      0.000      7.000      7.000      0.001
     2        -11  (e+)               -12     0     0     4     0     0     0      0.000      0.000     -4.000      4.000      0.001
     3         11  (e-)               -21     1     0     5     6     0     0      0.000      0.000      7.000      7.000      0.000
     4        -11  (e+)               -21     2     0     5     6     0     0      0.000      0.000     -2.783      2.783      0.000
     5         13  mu-                 23     3     4     0     0     0     0      0.768     -4.214      0.933      4.385      0.106
     6        -13  mu+                 23     3     4     0     0     0     0     -0.768      4.214      3.284      5.398      0.106
                                   Charge sum:  0.000           Momentum sum:      0.000      0.000      4.217      9.783      8.827

 --------  End PYTHIA Event Listing  -----------------------------------------------------------------------------------------------

 --------  PYTHIA Event Listing  (complete event)  ---------------------------------------------------------------------------------
 
    no         id  name            status     mothers   daughters     colours      p_x        p_y        p_z         e          m 
     0         90  (system)           -11     0     0     0     0     0     0      0.000      0.000      3.000     11.000     10.583
     1         11  (e-)               -12     0     0    21     0     0     0      0.000      0.000      7.000      7.000      0.001
     2        -11  (e+)               -12     0     0    22     0     0     0      0.000      0.000     -4.000      4.000      0.001
     3         11  (e-)               -21     7     7     5     6     0     0      0.000      0.000      7.000      7.000      0.000
     4        -11  (e+)               -21     8     0     5     6     0     0      0.000      0.000     -2.783      2.783      0.000
     5         13  (mu-)              -23     3     4     9     9     0     0      0.768     -4.214      0.933      4.385      0.106
     6        -13  (mu+)              -23     3     4    10    10     0     0     -0.768      4.214      3.284      5.398      0.106
     7         11  (e-)               -42    21    21     3     3     0     0     -0.000      0.000      7.000      7.000      0.000
     8        -11  (e+)               -41    22    22    11     4     0     0      0.000     -0.000     -4.000      4.000      0.000
     9         13  (mu-)              -44     5     5    12    13     0     0      0.580     -3.570     -0.028      3.619      0.106
    10        -13  (mu+)              -44     6     6    14    14     0     0     -0.883      4.608      3.812      6.046      0.106
    11         22  (gamma)            -43     8     0    25    25     0     0      0.302     -1.037     -0.784      1.335      0.000
    12         13  (mu-)              -51     9     0    17    17     0     0      0.579     -3.568     -0.028      3.617      0.106
    13         22  (gamma)            -51     9     0    26    26     0     0      0.001     -0.002     -0.000      0.002      0.000
    14        -13  (mu+)              -52    10    10    15    16     0     0     -0.883      4.608      3.812      6.046      0.106
    15        -13  (mu+)              -51    14     0    18    19     0     0     -0.883      4.607      3.812      6.046      0.106
    16         22  (gamma)            -51    14     0    27    27     0     0     -0.000      0.000      0.000      0.000      0.000
    17         13  (mu-)              -52    12    12    20    20     0     0      0.579     -3.568     -0.028      3.617      0.106
    18        -13  (mu+)              -51    15     0    24    24     0     0     -0.883      4.607      3.812      6.046      0.106
    19         22  (gamma)            -51    15     0    28    28     0     0      0.000      0.000      0.000      0.000      0.000
    20         13  (mu-)              -52    17    17    23    23     0     0      0.579     -3.568     -0.028      3.617      0.106
    21         11  (e-)               -61     1     0     7     7     0     0      0.000      0.000      7.000      7.000      0.000
    22        -11  (e+)               -61     2     0     8     8     0     0      0.000     -0.000     -4.000      4.000      0.000
    23         13  mu-                 62    20    20     0     0     0     0      0.579     -3.568     -0.028      3.617      0.106
    24        -13  mu+                 62    18    18     0     0     0     0     -0.883      4.607      3.812      6.046      0.106
    25         22  gamma               62    11    11     0     0     0     0      0.302     -1.037     -0.784      1.335      0.000
    26         22  gamma               62    13    13     0     0     0     0      0.001     -0.002     -0.000      0.002      0.000
    27         22  gamma               62    16    16     0     0     0     0     -0.000      0.000      0.000      0.000      0.000
    28         22  gamma               62    19    19     0     0     0     0      0.000      0.000      0.000      0.000      0.000
    29         22  gamma               63     1     0     0     0     0     0      0.000      0.000      0.000      0.000      0.000
    30         22  gamma               63     2     0     0     0     0     0      0.000      0.000     -0.000      0.000      0.000
                                   Charge sum:  0.000           Momentum sum:     -0.000      0.000      3.000     11.000     10.583

 --------  End PYTHIA Event Listing  -----------------------------------------------------------------------------------------------
 PYTHIA Warning in TauDecays::decay: unknown correlated tau production, assuming from unpolarized photon  
 PYTHIA Warning in PhaseSpace2to2tauyz::trialKin: maximum for cross section violated  

 *-------  PYTHIA Event and Cross Section Statistics  -------------------------------------------------------------*
 |                                                                                                                 |
 | Subprocess                                    Code |            Number of events       |      sigma +- delta    |
 |                                                    |       Tried   Selected   Accepted |     (estimated) (mb)   |
 |                                                    |                                   |                        |
 |-----------------------------------------------------------------------------------------------------------------|
 |                                                    |                                   |                        |
 | f fbar -> f' fbar' (s-channel gamma*)          223 |      237624      10000      10000 |   5.970e-06  3.002e-08 |
 |                                                    |                                   |                        |
 | sum                                                |      237624      10000      10000 |   5.970e-06  3.002e-08 |
 |                                                                                                                 |
 *-------  End PYTHIA Event and Cross Section Statistics ----------------------------------------------------------*

 *-------  PYTHIA Error and Warning Messages Statistics  ----------------------------------------------------------* 
 |                                                                                                                 | 
 |  times   message                                                                                                | 
 |                                                                                                                 | 
 |     52   Warning in PhaseSpace2to2tauyz::trialKin: maximum for cross section violated                           | 
 |   1460   Warning in TauDecays::decay: unknown correlated tau production, assuming from unpolarized photon       | 
 |                                                                                                                 | 
 *-------  End PYTHIA Error and Warning Messages Statistics  ------------------------------------------------------* 
Gammatau2xmu: 0.000e+00

Gammatau2xe: 3.571e-20

BRtau2xmu: 0.000e+00

BRtau2xe: 1.576e-08

BRtau2xmu + BRtau2xe: 1.576e-08

produced tau excluding those daughters are also tau lepton: 2.920e+03
produced X: 2.920e+03
produced X/NMC: 2.920e-01

Proportion of X flying forward (eta>0): 6.253e-01
Proportion of X flying backward (eta<0): 3.747e-01

Total Gamma [GeV]: 3.981e-19
ctau [m]: 4.957e+02

Gammax2tautau: 0.000e+00

Gammax2mumu: 0.000e+00

Gammax2ee: 3.981e-19

Gammax2gmgm: 0.000e+00

BRx2tautau: 0.000e+00

BRx2mumu: 0.000e+00

BRx2ee: 1.000e+00

BRx2gmgm: 0.000e+00

X: insideFidVol: 0.000e+00
observedX: 1.539e-02
visibleX: 1.539e-03

X Observed Fiducial efficiency: 5.269e-06
X Visible Fiducial efficiency: 5.269e-07

reallyProduced tau: 9.200e+10
total number of tau-tau events: 4.600e+10

reallyProducedX: 5.106e+02
reallyobservedX: 2.690e-03
reallyvisibleX: 2.690e-04

