mX:  0.005
g_TE_Lamb:  1e-10
g_EE_Lamb:  1e-08
NMC 10000

 *-------  PYTHIA Process Initialization  --------------------------*
 |                                                                  |
 | We collide e- with e+ at a CM energy of 1.058e+01 GeV            |
 |                                                                  |
 |------------------------------------------------------------------|
 |                                                    |             |
 | Subprocess                                    Code |   Estimated |
 |                                                    |    max (mb) |
 |                                                    |             |
 |------------------------------------------------------------------|
 |                                                    |             |
 | f fbar -> f' fbar' (s-channel gamma*)          223 |   1.314e-04 |
 |                                                                  |
 *-------  End PYTHIA Process Initialization -----------------------*

 *-------  PYTHIA Flag + Mode + Parm + Word + FVec + MVec + PVec + WVec Settings (changes only)  ------------------* 
 |                                                                                                                 | 
 | Name                                          |                      Now |      Default         Min         Max | 
 |                                               |                          |                                      | 
 | Beams:eA                                      |                  7.00000 |     7000.000         0.0             | 
 | Beams:eB                                      |                  4.00000 |     7000.000         0.0             | 
 | Beams:frameType                               |                        2 |            1           1           5 | 
 | Beams:idA                                     |                       11 |         2212                         | 
 | Beams:idB                                     |                      -11 |         2212                         | 
 | HadronLevel:Hadronize                         |                      off |           on                         | 
 | Next:numberCount                              |                    10000 |         1000           0             | 
 | PartonLevel:MPI                               |                      off |           on                         | 
 | Random:seed                                   |                        0 |           -1               900000000 | 
 | Random:setSeed                                |                       on |          off                         | 
 | WeakSingleBoson:ffbar2ffbar(s:gm)             |                       on |          off                         | 
 |                                                                                                                 | 
 *-------  End PYTHIA Flag + Mode + Parm + Word + FVec + MVec + PVec + WVec Settings  -----------------------------* 

 --------  PYTHIA Particle Data Table (changed only)  ------------------------------------------------------------------------------
 
      id   name            antiName         spn chg col      m0        mWidth      mMin       mMax       tau0    res dec ext vis wid
             no onMode   bRatio   meMode     products 

      15  tau-             tau+               2  -3   0    1.77682    0.00000    0.00000    0.00000  8.71100e-02   0   1   0   1   0
              0     1   0.0000000  103       36       13 
              1     1   0.0000000  103       36       11 

      36  x                                   1   0   0  5.000e-03  0.000e+00  0.000e+00  0.000e+00  4.95728e+11   0   1   0   0   0
              0     1   0.0000000  103       15      -15 
              1     1   0.0000000  103       13      -13 
              2     1   1.0000000  103       11      -11 
              3     1   0.0000000  103       22       22 

 --------  End PYTHIA Particle Data Table  -----------------------------------------------------------------------------------------


 --------  PYTHIA Info Listing  ---------------------------------------- 
 
 Beam A: id =     11, pz =  5.292e+00, e =  5.292e+00, m =  5.110e-04.
 Beam B: id =    -11, pz = -5.292e+00, e =  5.292e+00, m =  5.110e-04.

 In 1: id =   11, x =  8.349e-01, pdf =  1.787e-01 at Q2 =  9.335e+01.
 In 2: id =  -11, x =  9.982e-01, pdf =  1.934e+01 at same Q2.

 Subprocess f fbar -> f' fbar' (s-channel gamma*) with code 223 is 2 -> 2.
 It has sHat =  9.335e+01,    tHat = -7.338e+01,    uHat = -1.996e+01,
       pTHat =  3.960e+00,   m3Hat =  1.057e-01,   m4Hat =  1.057e-01,
    thetaHat =  2.180e+00,  phiHat =  5.235e+00.
     alphaEM =  7.624e-03,  alphaS =  2.019e-01    at Q2 =  9.335e+01.

 Impact parameter b =  0.000e+00 gives enhancement factor =  1.000e+00.
 Max pT scale for MPI =  1.058e+01, ISR =  1.058e+01, FSR =  1.058e+01.
 Number of MPI =     1, ISR =     2, FSRproc =     0, FSRreson =     0.

 --------  End PYTHIA Info Listing  ------------------------------------

 --------  PYTHIA Event Listing  (hard process)  -----------------------------------------------------------------------------------
 
    no         id  name            status     mothers   daughters     colours      p_x        p_y        p_z         e          m 
     0         90  (system)           -11     0     0     0     0     0     0      0.000      0.000      3.000     11.000     10.583
     1         11  (e-)               -12     0     0     3     0     0     0      0.000      0.000      7.000      7.000      0.001
     2        -11  (e+)               -12     0     0     4     0     0     0      0.000      0.000     -4.000      4.000      0.001
     3         11  (e-)               -21     1     0     5     6     0     0      0.000      0.000      5.844      5.844      0.000
     4        -11  (e+)               -21     2     0     5     6     0     0      0.000      0.000     -3.993      3.993      0.000
     5         13  mu-                 23     3     4     0     0     0     0      1.977     -3.432     -1.889      4.389      0.106
     6        -13  mu+                 23     3     4     0     0     0     0     -1.977      3.432      3.740      5.448      0.106
                                   Charge sum:  0.000           Momentum sum:      0.000      0.000      1.851      9.837      9.662

 --------  End PYTHIA Event Listing  -----------------------------------------------------------------------------------------------

 --------  PYTHIA Event Listing  (complete event)  ---------------------------------------------------------------------------------
 
    no         id  name            status     mothers   daughters     colours      p_x        p_y        p_z         e          m 
     0         90  (system)           -11     0     0     0     0     0     0      0.000      0.000      3.000     11.000     10.583
     1         11  (e-)               -12     0     0    18     0     0     0      0.000      0.000      7.000      7.000      0.001
     2        -11  (e+)               -12     0     0    19     0     0     0      0.000      0.000     -4.000      4.000      0.001
     3         11  (e-)               -21     7     0     5     6     0     0      0.000      0.000      5.844      5.844      0.000
     4        -11  (e+)               -21     8     8     5     6     0     0      0.000      0.000     -3.993      3.993      0.000
     5         13  (mu-)              -23     3     4     9     9     0     0      1.977     -3.432     -1.889      4.389      0.106
     6        -13  (mu+)              -23     3     4    10    10     0     0     -1.977      3.432      3.740      5.448      0.106
     7         11  (e-)               -41    12    12    11     3     0     0      0.000     -0.000      7.000      7.000      0.000
     8        -11  (e+)               -42    13     0     4     4     0     0      0.000      0.000     -3.993      3.993      0.000
     9         13  (mu-)              -44     5     5    14    14     0     0      1.977     -3.432     -1.889      4.389      0.106
    10        -13  (mu+)              -44     6     6    15    15     0     0     -1.978      3.430      3.740      5.448      0.106
    11         22  (gamma)            -43     7     0    16    16     0     0      0.001      0.002      1.156      1.156      0.000
    12         11  (e-)               -42    18    18     7     7     0     0     -0.000      0.000      7.000      7.000      0.000
    13        -11  (e+)               -41    19    19    17     8     0     0      0.000     -0.000     -4.000      4.000      0.000
    14         13  (mu-)              -44     9     9    20    20     0     0      1.976     -3.432     -1.889      4.389      0.106
    15        -13  (mu+)              -44    10    10    21    21     0     0     -1.978      3.430      3.741      5.448      0.106
    16         22  (gamma)            -44    11    11    22    22     0     0      0.001      0.002      1.156      1.156      0.000
    17         22  (gamma)            -43    13     0    23    23     0     0      0.001     -0.000     -0.007      0.007      0.000
    18         11  (e-)               -61     1     0    12    12     0     0      0.000      0.000      7.000      7.000      0.000
    19        -11  (e+)               -61     2     0    13    13     0     0      0.000      0.000     -4.000      4.000      0.000
    20         13  mu-                 62    14    14     0     0     0     0      1.976     -3.432     -1.889      4.389      0.106
    21        -13  mu+                 62    15    15     0     0     0     0     -1.978      3.430      3.741      5.448      0.106
    22         22  gamma               62    16    16     0     0     0     0      0.001      0.002      1.156      1.156      0.000
    23         22  gamma               62    17    17     0     0     0     0      0.001     -0.000     -0.007      0.007      0.000
    24         22  gamma               63     1     0     0     0     0     0      0.000      0.000      0.000      0.000      0.000
    25         22  gamma               63     2     0     0     0     0     0      0.000      0.000     -0.000      0.000      0.000
                                   Charge sum:  0.000           Momentum sum:      0.000     -0.000      3.000     11.000     10.583

 --------  End PYTHIA Event Listing  -----------------------------------------------------------------------------------------------
 PYTHIA Warning in TauDecays::decay: unknown correlated tau production, assuming from unpolarized photon  
 PYTHIA Warning in PhaseSpace2to2tauyz::trialKin: maximum for cross section violated  

 *-------  PYTHIA Event and Cross Section Statistics  -------------------------------------------------------------*
 |                                                                                                                 |
 | Subprocess                                    Code |            Number of events       |      sigma +- delta    |
 |                                                    |       Tried   Selected   Accepted |     (estimated) (mb)   |
 |                                                    |                                   |                        |
 |-----------------------------------------------------------------------------------------------------------------|
 |                                                    |                                   |                        |
 | f fbar -> f' fbar' (s-channel gamma*)          223 |      220176      10000      10000 |   5.982e-06  3.184e-08 |
 |                                                    |                                   |                        |
 | sum                                                |      220176      10000      10000 |   5.982e-06  3.184e-08 |
 |                                                                                                                 |
 *-------  End PYTHIA Event and Cross Section Statistics ----------------------------------------------------------*

 *-------  PYTHIA Error and Warning Messages Statistics  ----------------------------------------------------------* 
 |                                                                                                                 | 
 |  times   message                                                                                                | 
 |                                                                                                                 | 
 |    321   Warning in PhaseSpace2to2tauyz::trialKin: maximum for cross section violated                           | 
 |   1547   Warning in TauDecays::decay: unknown correlated tau production, assuming from unpolarized photon       | 
 |                                                                                                                 | 
 *-------  End PYTHIA Error and Warning Messages Statistics  ------------------------------------------------------* 
Gammatau2xmu: 0.000e+00

Gammatau2xe: 2.232e-21

BRtau2xmu: 0.000e+00

BRtau2xe: 9.851e-10

BRtau2xmu + BRtau2xe: 9.851e-10

produced tau excluding those daughters are also tau lepton: 3.094e+03
produced X: 3.094e+03
produced X/NMC: 3.094e-01

Proportion of X flying forward (eta>0): 6.141e-01
Proportion of X flying backward (eta<0): 3.859e-01

Total Gamma [GeV]: 3.981e-25
ctau [m]: 4.957e+08

Gammax2tautau: 0.000e+00

Gammax2mumu: 0.000e+00

Gammax2ee: 3.981e-25

Gammax2gmgm: 0.000e+00

BRx2tautau: 0.000e+00

BRx2mumu: 0.000e+00

BRx2ee: 1.000e+00

BRx2gmgm: 0.000e+00

X: insideFidVol: 0.000e+00
observedX: 1.672e-08
visibleX: 1.672e-09

X Observed Fiducial efficiency: 5.405e-12
X Visible Fiducial efficiency: 5.405e-13

reallyProduced tau: 9.200e+10
total number of tau-tau events: 4.600e+10

reallyProducedX: 3.191e+01
reallyobservedX: 1.725e-10
reallyvisibleX: 1.725e-11

