mX:  0.005
g_TE_Lamb:  8e-09
g_EE_Lamb:  0.008
NMC 10000

 *-------  PYTHIA Process Initialization  --------------------------*
 |                                                                  |
 | We collide e- with e+ at a CM energy of 1.058e+01 GeV            |
 |                                                                  |
 |------------------------------------------------------------------|
 |                                                    |             |
 | Subprocess                                    Code |   Estimated |
 |                                                    |    max (mb) |
 |                                                    |             |
 |------------------------------------------------------------------|
 |                                                    |             |
 | f fbar -> f' fbar' (s-channel gamma*)          223 |   1.116e-04 |
 |                                                                  |
 *-------  End PYTHIA Process Initialization -----------------------*

 *-------  PYTHIA Flag + Mode + Parm + Word + FVec + MVec + PVec + WVec Settings (changes only)  ------------------* 
 |                                                                                                                 | 
 | Name                                          |                      Now |      Default         Min         Max | 
 |                                               |                          |                                      | 
 | Beams:eA                                      |                  7.00000 |     7000.000         0.0             | 
 | Beams:eB                                      |                  4.00000 |     7000.000         0.0             | 
 | Beams:frameType                               |                        2 |            1           1           5 | 
 | Beams:idA                                     |                       11 |         2212                         | 
 | Beams:idB                                     |                      -11 |         2212                         | 
 | HadronLevel:Hadronize                         |                      off |           on                         | 
 | Next:numberCount                              |                    10000 |         1000           0             | 
 | PartonLevel:MPI                               |                      off |           on                         | 
 | Random:seed                                   |                        0 |           -1               900000000 | 
 | Random:setSeed                                |                       on |          off                         | 
 | WeakSingleBoson:ffbar2ffbar(s:gm)             |                       on |          off                         | 
 |                                                                                                                 | 
 *-------  End PYTHIA Flag + Mode + Parm + Word + FVec + MVec + PVec + WVec Settings  -----------------------------* 

 --------  PYTHIA Particle Data Table (changed only)  ------------------------------------------------------------------------------
 
      id   name            antiName         spn chg col      m0        mWidth      mMin       mMax       tau0    res dec ext vis wid
             no onMode   bRatio   meMode     products 

      15  tau-             tau+               2  -3   0    1.77682    0.00000    0.00000    0.00000  8.71100e-02   0   1   0   1   0
              0     1   0.0000000  103       36       13 
              1     1   0.0000063  103       36       11 

      36  x                                   1   0   0  5.000e-03  0.000e+00  0.000e+00  0.000e+00  7.74575e-01   0   1   0   0   0
              0     1   0.0000000  103       15      -15 
              1     1   0.0000000  103       13      -13 
              2     1   1.0000000  103       11      -11 
              3     1   0.0000000  103       22       22 

 --------  End PYTHIA Particle Data Table  -----------------------------------------------------------------------------------------


 --------  PYTHIA Info Listing  ---------------------------------------- 
 
 Beam A: id =     11, pz =  5.292e+00, e =  5.292e+00, m =  5.110e-04.
 Beam B: id =    -11, pz = -5.292e+00, e =  5.292e+00, m =  5.110e-04.

 In 1: id =   11, x =  7.991e-01, pdf =  1.367e-01 at Q2 =  8.950e+01.
 In 2: id =  -11, x =  1.000e+00, pdf =  1.910e+08 at same Q2.

 Subprocess f fbar -> f' fbar' (s-channel gamma*) with code 223 is 2 -> 2.
 It has sHat =  8.950e+01,    tHat = -3.621e+01,    uHat = -5.329e+01,
       pTHat =  4.404e+00,   m3Hat =  1.500e+00,   m4Hat =  1.500e+00,
    thetaHat =  1.379e+00,  phiHat =  4.759e+00.
     alphaEM =  7.622e-03,  alphaS =  2.029e-01    at Q2 =  8.950e+01.

 Impact parameter b =  0.000e+00 gives enhancement factor =  1.000e+00.
 Max pT scale for MPI =  1.058e+01, ISR =  9.461e+00, FSR =  9.461e+00.
 Number of MPI =     1, ISR =     1, FSRproc =     2, FSRreson =     0.

 --------  End PYTHIA Info Listing  ------------------------------------

 --------  PYTHIA Event Listing  (hard process)  -----------------------------------------------------------------------------------
 
    no         id  name            status     mothers   daughters     colours      p_x        p_y        p_z         e          m 
     0         90  (system)           -11     0     0     0     0     0     0      0.000      0.000      3.000     11.000     10.583
     1         11  (e-)               -12     0     0     3     0     0     0      0.000      0.000      7.000      7.000      0.001
     2        -11  (e+)               -12     0     0     4     0     0     0      0.000      0.000     -4.000      4.000      0.001
     3         11  (e-)               -21     1     0     5     6     0     0      0.000      0.000      5.594      5.594      0.000
     4        -11  (e+)               -21     2     0     5     6     0     0      0.000      0.000     -4.000      4.000      0.000
     5          4  c                   23     3     4     0     0   101     0      0.206     -4.399      1.665      4.941      1.500
     6         -4  cbar                23     3     4     0     0     0   101     -0.206      4.399     -0.071      4.653      1.500
                                   Charge sum:  0.000           Momentum sum:      0.000      0.000      1.594      9.594      9.461

 --------  End PYTHIA Event Listing  -----------------------------------------------------------------------------------------------

 --------  PYTHIA Event Listing  (complete event)  ---------------------------------------------------------------------------------
 
    no         id  name            status     mothers   daughters     colours      p_x        p_y        p_z         e          m 
     0         90  (system)           -11     0     0     0     0     0     0      0.000      0.000      3.000     11.000     10.583
     1         11  (e-)               -12     0     0    20     0     0     0      0.000      0.000      7.000      7.000      0.001
     2        -11  (e+)               -12     0     0    21     0     0     0      0.000      0.000     -4.000      4.000      0.001
     3         11  (e-)               -21    13     0     5     6     0     0      0.000      0.000      5.594      5.594      0.000
     4        -11  (e+)               -21    14    14     5     6     0     0      0.000      0.000     -4.000      4.000      0.000
     5          4  (c)                -23     3     4     7     8   101     0      0.206     -4.399      1.665      4.941      1.500
     6         -4  (cbar)             -23     3     4     9     9     0   101     -0.206      4.399     -0.071      4.653      1.500
     7          4  (c)                -51     5     0    12    12   103     0      0.912     -2.664      0.202      3.197      1.500
     8         21  (g)                -51     5     0    10    11   101   103     -0.724     -1.349      1.450      2.109      0.000
     9         -4  (cbar)             -52     6     6    16    16     0   101     -0.188      4.013     -0.058      4.289      1.500
    10         21  (g)                -51     8     0    17    17   101   105     -0.445     -0.119      0.436      0.634      0.000
    11         21  (g)                -51     8     0    18    18   105   103     -0.059     -1.497      0.888      1.742      0.000
    12          4  (c)                -52     7     7    15    15   103     0      0.692     -2.397      0.328      2.929      1.500
    13         11  (e-)               -41    20    20    19     3     0     0      0.000      0.000      7.000      7.000      0.000
    14        -11  (e+)               -42    21    21     4     4     0     0      0.000      0.000     -4.000      4.000      0.000
    15          4  (c)                -44    12    12    22    22   103     0      0.693     -2.397      0.328      2.929      1.500
    16         -4  (cbar)             -44     9     9    23    23     0   101     -0.186      4.013     -0.058      4.289      1.500
    17         21  (g)                -44    10    10    24    24   101   105     -0.445     -0.119      0.436      0.634      0.000
    18         21  (g)                -44    11    11    25    25   105   103     -0.058     -1.497      0.889      1.742      0.000
    19         22  (gamma)            -43    13     0    26    26     0     0     -0.004     -0.001      1.406      1.406      0.000
    20         11  (e-)               -61     1     0    13    13     0     0      0.000     -0.000      7.000      7.000      0.000
    21        -11  (e+)               -61     2     0    14    14     0     0      0.000      0.000     -4.000      4.000      0.000
    22          4  c                   62    15    15     0     0   103     0      0.693     -2.397      0.328      2.929      1.500
    23         -4  cbar                62    16    16     0     0     0   101     -0.186      4.013     -0.058      4.289      1.500
    24         21  g                   62    17    17     0     0   101   105     -0.445     -0.119      0.436      0.634      0.000
    25         21  g                   62    18    18     0     0   105   103     -0.058     -1.497      0.889      1.742      0.000
    26         22  gamma               62    19    19     0     0     0     0     -0.004     -0.001      1.406      1.406      0.000
    27         22  gamma               63     1     0     0     0     0     0      0.000      0.000      0.000      0.000      0.000
    28         22  gamma               63     2     0     0     0     0     0      0.000      0.000     -0.000      0.000      0.000
                                   Charge sum:  0.000           Momentum sum:      0.000     -0.000      3.000     11.000     10.583

 --------  End PYTHIA Event Listing  -----------------------------------------------------------------------------------------------
 PYTHIA Warning in TauDecays::decay: unknown correlated tau production, assuming from unpolarized photon  
 PYTHIA Warning in PhaseSpace2to2tauyz::trialKin: maximum for cross section violated  

 *-------  PYTHIA Event and Cross Section Statistics  -------------------------------------------------------------*
 |                                                                                                                 |
 | Subprocess                                    Code |            Number of events       |      sigma +- delta    |
 |                                                    |       Tried   Selected   Accepted |     (estimated) (mb)   |
 |                                                    |                                   |                        |
 |-----------------------------------------------------------------------------------------------------------------|
 |                                                    |                                   |                        |
 | f fbar -> f' fbar' (s-channel gamma*)          223 |      183738      10000      10000 |   6.043e-06  3.431e-08 |
 |                                                    |                                   |                        |
 | sum                                                |      183738      10000      10000 |   6.043e-06  3.431e-08 |
 |                                                                                                                 |
 *-------  End PYTHIA Event and Cross Section Statistics ----------------------------------------------------------*

 *-------  PYTHIA Error and Warning Messages Statistics  ----------------------------------------------------------* 
 |                                                                                                                 | 
 |  times   message                                                                                                | 
 |                                                                                                                 | 
 |    599   Warning in PhaseSpace2to2tauyz::trialKin: maximum for cross section violated                           | 
 |   1520   Warning in TauDecays::decay: unknown correlated tau production, assuming from unpolarized photon       | 
 |                                                                                                                 | 
 *-------  End PYTHIA Error and Warning Messages Statistics  ------------------------------------------------------* 
Gammatau2xmu: 0.000e+00

Gammatau2xe: 1.429e-17

BRtau2xmu: 0.000e+00

BRtau2xe: 6.305e-06

BRtau2xmu + BRtau2xe: 6.305e-06

produced tau excluding those daughters are also tau lepton: 3.040e+03
produced X: 3.040e+03
produced X/NMC: 3.040e-01

Proportion of X flying forward (eta>0): 6.164e-01
Proportion of X flying backward (eta<0): 3.836e-01

Total Gamma [GeV]: 2.548e-13
ctau [m]: 7.746e-04

Gammax2tautau: 0.000e+00

Gammax2mumu: 0.000e+00

Gammax2ee: 2.548e-13

Gammax2gmgm: 0.000e+00

BRx2tautau: 0.000e+00

BRx2mumu: 0.000e+00

BRx2ee: 1.000e+00

BRx2gmgm: 0.000e+00

X: insideFidVol: 1.463e+03
observedX: 1.446e+03
visibleX: 1.446e+02

X Observed Fiducial efficiency: 4.758e-01
X Visible Fiducial efficiency: 4.758e-02

reallyProduced tau: 9.200e+10
total number of tau-tau events: 4.600e+10

reallyProducedX: 2.042e+05
reallyobservedX: 9.717e+04
reallyvisibleX: 9.717e+03

