mX:  0.005
g_TE_Lamb:  2e-09
g_EE_Lamb:  4e-05
NMC 10000

 *-------  PYTHIA Process Initialization  --------------------------*
 |                                                                  |
 | We collide e- with e+ at a CM energy of 1.058e+01 GeV            |
 |                                                                  |
 |------------------------------------------------------------------|
 |                                                    |             |
 | Subprocess                                    Code |   Estimated |
 |                                                    |    max (mb) |
 |                                                    |             |
 |------------------------------------------------------------------|
 |                                                    |             |
 | f fbar -> f' fbar' (s-channel gamma*)          223 |   1.447e-04 |
 |                                                                  |
 *-------  End PYTHIA Process Initialization -----------------------*

 *-------  PYTHIA Flag + Mode + Parm + Word + FVec + MVec + PVec + WVec Settings (changes only)  ------------------* 
 |                                                                                                                 | 
 | Name                                          |                      Now |      Default         Min         Max | 
 |                                               |                          |                                      | 
 | Beams:eA                                      |                  7.00000 |     7000.000         0.0             | 
 | Beams:eB                                      |                  4.00000 |     7000.000         0.0             | 
 | Beams:frameType                               |                        2 |            1           1           5 | 
 | Beams:idA                                     |                       11 |         2212                         | 
 | Beams:idB                                     |                      -11 |         2212                         | 
 | HadronLevel:Hadronize                         |                      off |           on                         | 
 | Next:numberCount                              |                    10000 |         1000           0             | 
 | PartonLevel:MPI                               |                      off |           on                         | 
 | Random:seed                                   |                        0 |           -1               900000000 | 
 | Random:setSeed                                |                       on |          off                         | 
 | WeakSingleBoson:ffbar2ffbar(s:gm)             |                       on |          off                         | 
 |                                                                                                                 | 
 *-------  End PYTHIA Flag + Mode + Parm + Word + FVec + MVec + PVec + WVec Settings  -----------------------------* 

 --------  PYTHIA Particle Data Table (changed only)  ------------------------------------------------------------------------------
 
      id   name            antiName         spn chg col      m0        mWidth      mMin       mMax       tau0    res dec ext vis wid
             no onMode   bRatio   meMode     products 

      15  tau-             tau+               2  -3   0    1.77682    0.00000    0.00000    0.00000  8.71100e-02   0   1   0   1   0
              0     1   0.0000000  103       36       13 
              1     1   0.0000004  103       36       11 

      36  x                                   1   0   0  5.000e-03  0.000e+00  0.000e+00  0.000e+00  3.09830e+04   0   1   0   0   0
              0     1   0.0000000  103       15      -15 
              1     1   0.0000000  103       13      -13 
              2     1   1.0000000  103       11      -11 
              3     1   0.0000000  103       22       22 

 --------  End PYTHIA Particle Data Table  -----------------------------------------------------------------------------------------


 --------  PYTHIA Info Listing  ---------------------------------------- 
 
 Beam A: id =     11, pz =  5.292e+00, e =  5.292e+00, m =  5.110e-04.
 Beam B: id =    -11, pz = -5.292e+00, e =  5.292e+00, m =  5.110e-04.

 In 1: id =   11, x =  1.000e+00, pdf =  5.689e+07 at Q2 =  1.120e+02.
 In 2: id =  -11, x =  1.000e+00, pdf =  9.784e+06 at same Q2.

 Subprocess f fbar -> f' fbar' (s-channel gamma*) with code 223 is 2 -> 2.
 It has sHat =  1.120e+02,    tHat = -1.037e+02,    uHat = -8.298e+00,
       pTHat =  2.766e+00,   m3Hat =  3.300e-01,   m4Hat =  3.300e-01,
    thetaHat =  2.590e+00,  phiHat =  4.250e+00.
     alphaEM =  7.631e-03,  alphaS =  1.975e-01    at Q2 =  1.120e+02.

 Impact parameter b =  0.000e+00 gives enhancement factor =  1.000e+00.
 Max pT scale for MPI =  1.058e+01, ISR =  1.058e+01, FSR =  1.058e+01.
 Number of MPI =     1, ISR =     0, FSRproc =     1, FSRreson =     0.

 --------  End PYTHIA Info Listing  ------------------------------------

 --------  PYTHIA Event Listing  (hard process)  -----------------------------------------------------------------------------------
 
    no         id  name            status     mothers   daughters     colours      p_x        p_y        p_z         e          m 
     0         90  (system)           -11     0     0     0     0     0     0      0.000      0.000      3.000     11.000     10.583
     1         11  (e-)               -12     0     0     3     0     0     0      0.000      0.000      7.000      7.000      0.001
     2        -11  (e+)               -12     0     0     4     0     0     0      0.000      0.000     -4.000      4.000      0.001
     3         11  (e-)               -21     1     0     5     6     0     0      0.000      0.000      7.000      7.000      0.000
     4        -11  (e+)               -21     2     0     5     6     0     0      0.000      0.000     -4.000      4.000      0.000
     5          2  u                   23     3     4     0     0   101     0     -1.233     -2.476     -3.176      4.225      0.330
     6         -2  ubar                23     3     4     0     0     0   101      1.233      2.476      6.176      6.775      0.330
                                   Charge sum:  0.000           Momentum sum:      0.000      0.000      3.000     11.000     10.583

 --------  End PYTHIA Event Listing  -----------------------------------------------------------------------------------------------

 --------  PYTHIA Event Listing  (complete event)  ---------------------------------------------------------------------------------
 
    no         id  name            status     mothers   daughters     colours      p_x        p_y        p_z         e          m 
     0         90  (system)           -11     0     0     0     0     0     0      0.000      0.000      3.000     11.000     10.583
     1         11  (e-)               -12     0     0    10     0     0     0      0.000      0.000      7.000      7.000      0.001
     2        -11  (e+)               -12     0     0    11     0     0     0      0.000      0.000     -4.000      4.000      0.001
     3         11  (e-)               -21    10    10     5     6     0     0      0.000      0.000      7.000      7.000      0.000
     4        -11  (e+)               -21    11    11     5     6     0     0      0.000      0.000     -4.000      4.000      0.000
     5          2  (u)                -23     3     4     7     8   101     0     -1.233     -2.476     -3.176      4.225      0.330
     6         -2  (ubar)             -23     3     4     9     9     0   101      1.233      2.476      6.176      6.775      0.330
     7          2  (u)                -51     5     0    12    12   102     0     -0.793     -2.461     -3.202      4.128      0.330
     8         21  (g)                -51     5     0    14    14   101   102     -0.333      0.199      0.560      0.681      0.000
     9         -2  (ubar)             -52     6     6    13    13     0   101      1.126      2.262      5.642      6.191      0.330
    10         11  (e-)               -61     1     0     3     3     0     0      0.000      0.000      7.000      7.000      0.000
    11        -11  (e+)               -61     2     0     4     4     0     0      0.000      0.000     -4.000      4.000      0.000
    12          2  u                   62     7     7     0     0   102     0     -0.793     -2.461     -3.202      4.128      0.330
    13         -2  ubar                62     9     9     0     0     0   101      1.126      2.262      5.642      6.191      0.330
    14         21  g                   62     8     8     0     0   101   102     -0.333      0.199      0.560      0.681      0.000
    15         22  gamma               63     1     0     0     0     0     0      0.000      0.000      0.000      0.000      0.000
    16         22  gamma               63     2     0     0     0     0     0      0.000      0.000     -0.000      0.000      0.000
                                   Charge sum:  0.000           Momentum sum:      0.000      0.000      3.000     11.000     10.583

 --------  End PYTHIA Event Listing  -----------------------------------------------------------------------------------------------
 PYTHIA Warning in TauDecays::decay: unknown correlated tau production, assuming from unpolarized photon  
 PYTHIA Warning in PhaseSpace2to2tauyz::trialKin: maximum for cross section violated  

 *-------  PYTHIA Event and Cross Section Statistics  -------------------------------------------------------------*
 |                                                                                                                 |
 | Subprocess                                    Code |            Number of events       |      sigma +- delta    |
 |                                                    |       Tried   Selected   Accepted |     (estimated) (mb)   |
 |                                                    |                                   |                        |
 |-----------------------------------------------------------------------------------------------------------------|
 |                                                    |                                   |                        |
 | f fbar -> f' fbar' (s-channel gamma*)          223 |      245015      10000      10000 |   5.972e-06  3.023e-08 |
 |                                                    |                                   |                        |
 | sum                                                |      245015      10000      10000 |   5.972e-06  3.023e-08 |
 |                                                                                                                 |
 *-------  End PYTHIA Event and Cross Section Statistics ----------------------------------------------------------*

 *-------  PYTHIA Error and Warning Messages Statistics  ----------------------------------------------------------* 
 |                                                                                                                 | 
 |  times   message                                                                                                | 
 |                                                                                                                 | 
 |     79   Warning in PhaseSpace2to2tauyz::trialKin: maximum for cross section violated                           | 
 |   1494   Warning in TauDecays::decay: unknown correlated tau production, assuming from unpolarized photon       | 
 |                                                                                                                 | 
 *-------  End PYTHIA Error and Warning Messages Statistics  ------------------------------------------------------* 
Gammatau2xmu: 0.000e+00

Gammatau2xe: 8.928e-19

BRtau2xmu: 0.000e+00

BRtau2xe: 3.941e-07

BRtau2xmu + BRtau2xe: 3.941e-07

produced tau excluding those daughters are also tau lepton: 2.988e+03
produced X: 2.988e+03
produced X/NMC: 2.988e-01

Proportion of X flying forward (eta>0): 6.191e-01
Proportion of X flying backward (eta<0): 3.809e-01

Total Gamma [GeV]: 6.369e-18
ctau [m]: 3.098e+01

Gammax2tautau: 0.000e+00

Gammax2mumu: 0.000e+00

Gammax2ee: 6.369e-18

Gammax2gmgm: 0.000e+00

BRx2tautau: 0.000e+00

BRx2mumu: 0.000e+00

BRx2ee: 1.000e+00

BRx2gmgm: 0.000e+00

X: insideFidVol: 1.000e+00
observedX: 2.455e-01
visibleX: 2.455e-02

X Observed Fiducial efficiency: 8.218e-05
X Visible Fiducial efficiency: 8.218e-06

reallyProduced tau: 9.200e+10
total number of tau-tau events: 4.600e+10

reallyProducedX: 1.276e+04
reallyobservedX: 1.049e+00
reallyvisibleX: 1.049e-01

