mX:  0.005
g_TE_Lamb:  2e-07
g_EE_Lamb:  0.15
NMC 10000

 *-------  PYTHIA Process Initialization  --------------------------*
 |                                                                  |
 | We collide e- with e+ at a CM energy of 1.058e+01 GeV            |
 |                                                                  |
 |------------------------------------------------------------------|
 |                                                    |             |
 | Subprocess                                    Code |   Estimated |
 |                                                    |    max (mb) |
 |                                                    |             |
 |------------------------------------------------------------------|
 |                                                    |             |
 | f fbar -> f' fbar' (s-channel gamma*)          223 |   1.514e-04 |
 |                                                                  |
 *-------  End PYTHIA Process Initialization -----------------------*

 *-------  PYTHIA Flag + Mode + Parm + Word + FVec + MVec + PVec + WVec Settings (changes only)  ------------------* 
 |                                                                                                                 | 
 | Name                                          |                      Now |      Default         Min         Max | 
 |                                               |                          |                                      | 
 | Beams:eA                                      |                  7.00000 |     7000.000         0.0             | 
 | Beams:eB                                      |                  4.00000 |     7000.000         0.0             | 
 | Beams:frameType                               |                        2 |            1           1           5 | 
 | Beams:idA                                     |                       11 |         2212                         | 
 | Beams:idB                                     |                      -11 |         2212                         | 
 | HadronLevel:Hadronize                         |                      off |           on                         | 
 | Next:numberCount                              |                    10000 |         1000           0             | 
 | PartonLevel:MPI                               |                      off |           on                         | 
 | Random:seed                                   |                        0 |           -1               900000000 | 
 | Random:setSeed                                |                       on |          off                         | 
 | WeakSingleBoson:ffbar2ffbar(s:gm)             |                       on |          off                         | 
 |                                                                                                                 | 
 *-------  End PYTHIA Flag + Mode + Parm + Word + FVec + MVec + PVec + WVec Settings  -----------------------------* 

 --------  PYTHIA Particle Data Table (changed only)  ------------------------------------------------------------------------------
 
      id   name            antiName         spn chg col      m0        mWidth      mMin       mMax       tau0    res dec ext vis wid
             no onMode   bRatio   meMode     products 

      15  tau-             tau+               2  -3   0    1.77682    0.00000    0.00000    0.00000  8.71100e-02   0   1   0   1   0
              0     1   0.0000000  103       36       13 
              1     1   0.0039251  103       36       11 

      36  x                                   1   0   0  5.000e-03  0.000e+00  0.000e+00  0.000e+00  2.20324e-03   0   1   0   0   0
              0     1   0.0000000  103       15      -15 
              1     1   0.0000000  103       13      -13 
              2     1   1.0000000  103       11      -11 
              3     1   0.0000000  103       22       22 

 --------  End PYTHIA Particle Data Table  -----------------------------------------------------------------------------------------


 --------  PYTHIA Info Listing  ---------------------------------------- 
 
 Beam A: id =     11, pz =  5.292e+00, e =  5.292e+00, m =  5.110e-04.
 Beam B: id =    -11, pz = -5.292e+00, e =  5.292e+00, m =  5.110e-04.

 In 1: id =   11, x =  1.000e+00, pdf =  1.843e+05 at Q2 =  1.119e+02.
 In 2: id =  -11, x =  9.995e-01, pdf =  6.103e+01 at same Q2.

 Subprocess f fbar -> f' fbar' (s-channel gamma*) with code 223 is 2 -> 2.
 It has sHat =  1.119e+02,    tHat = -1.064e+01,    uHat = -1.013e+02,
       pTHat =  3.089e+00,   m3Hat =  5.000e-01,   m4Hat =  5.000e-01,
    thetaHat =  6.268e-01,  phiHat =  1.153e+00.
     alphaEM =  7.631e-03,  alphaS =  1.975e-01    at Q2 =  1.119e+02.

 Impact parameter b =  0.000e+00 gives enhancement factor =  1.000e+00.
 Max pT scale for MPI =  1.058e+01, ISR =  1.058e+01, FSR =  1.058e+01.
 Number of MPI =     1, ISR =     1, FSRproc =     2, FSRreson =     0.

 --------  End PYTHIA Info Listing  ------------------------------------

 --------  PYTHIA Event Listing  (hard process)  -----------------------------------------------------------------------------------
 
    no         id  name            status     mothers   daughters     colours      p_x        p_y        p_z         e          m 
     0         90  (system)           -11     0     0     0     0     0     0      0.000      0.000      3.000     11.000     10.583
     1         11  (e-)               -12     0     0     3     0     0     0      0.000      0.000      7.000      7.000      0.001
     2        -11  (e+)               -12     0     0     4     0     0     0      0.000      0.000     -4.000      4.000      0.001
     3         11  (e-)               -21     1     0     5     6     0     0      0.000      0.000      7.000      7.000      0.000
     4        -11  (e+)               -21     2     0     5     6     0     0      0.000      0.000     -3.998      3.998      0.000
     5          3  s                   23     3     4     0     0   101     0      1.253      2.824      5.935      6.709      0.500
     6         -3  sbar                23     3     4     0     0     0   101     -1.253     -2.824     -2.932      4.289      0.500
                                   Charge sum:  0.000           Momentum sum:      0.000      0.000      3.002     10.998     10.580

 --------  End PYTHIA Event Listing  -----------------------------------------------------------------------------------------------

 --------  PYTHIA Event Listing  (complete event)  ---------------------------------------------------------------------------------
 
    no         id  name            status     mothers   daughters     colours      p_x        p_y        p_z         e          m 
     0         90  (system)           -11     0     0     0     0     0     0      0.000      0.000      3.000     11.000     10.583
     1         11  (e-)               -12     0     0    20     0     0     0      0.000      0.000      7.000      7.000      0.001
     2        -11  (e+)               -12     0     0    21     0     0     0      0.000      0.000     -4.000      4.000      0.001
     3         11  (e-)               -21    13    13     5     6     0     0      0.000      0.000      7.000      7.000      0.000
     4        -11  (e+)               -21    14     0     5     6     0     0      0.000      0.000     -3.998      3.998      0.000
     5          3  (s)                -23     3     4     7     8   101     0      1.253      2.824      5.935      6.709      0.500
     6         -3  (sbar)             -23     3     4     9     9     0   101     -1.253     -2.824     -2.932      4.289      0.500
     7          3  (s)                -51     5     0    15    15   102     0      1.045      1.050      5.146      5.379      0.500
     8         21  (g)                -51     5     0    10    11   101   102      0.110      1.556      0.561      1.658      0.000
     9         -3  (sbar)             -52     6     6    12    12     0   101     -1.156     -2.606     -2.705      3.962      0.500
    10         21  (g)                -51     8     0    17    17   103   102      0.312      1.554     -0.213      1.599      0.000
    11         21  (g)                -51     8     0    18    18   101   103     -0.379     -0.401      0.359      0.658      0.000
    12         -3  (sbar)             -52     9     9    16    16     0   101     -0.979     -2.203     -2.290      3.362      0.500
    13         11  (e-)               -42    20    20     3     3     0     0     -0.000      0.000      7.000      7.000      0.000
    14        -11  (e+)               -41    21    21    19     4     0     0      0.000     -0.000     -4.000      4.000      0.000
    15          3  (s)                -44     7     7    22    22   102     0      1.046      1.050      5.146      5.378      0.500
    16         -3  (sbar)             -44    12    12    23    23     0   101     -0.978     -2.203     -2.290      3.363      0.500
    17         21  (g)                -44    10    10    24    24   103   102      0.313      1.554     -0.213      1.599      0.000
    18         21  (g)                -44    11    11    25    25   101   103     -0.378     -0.401      0.359      0.658      0.000
    19         22  (gamma)            -43    14     0    26    26     0     0     -0.002      0.001     -0.001      0.002      0.000
    20         11  (e-)               -61     1     0    13    13     0     0      0.000      0.000      7.000      7.000      0.000
    21        -11  (e+)               -61     2     0    14    14     0     0     -0.000      0.000     -4.000      4.000      0.000
    22          3  s                   62    15    15     0     0   102     0      1.046      1.050      5.146      5.378      0.500
    23         -3  sbar                62    16    16     0     0     0   101     -0.978     -2.203     -2.290      3.363      0.500
    24         21  g                   62    17    17     0     0   103   102      0.313      1.554     -0.213      1.599      0.000
    25         21  g                   62    18    18     0     0   101   103     -0.378     -0.401      0.359      0.658      0.000
    26         22  gamma               62    19    19     0     0     0     0     -0.002      0.001     -0.001      0.002      0.000
    27         22  gamma               63     1     0     0     0     0     0      0.000      0.000      0.000      0.000      0.000
    28         22  gamma               63     2     0     0     0     0     0      0.000      0.000     -0.000      0.000      0.000
                                   Charge sum:  0.000           Momentum sum:     -0.000      0.000      3.000     11.000     10.583

 --------  End PYTHIA Event Listing  -----------------------------------------------------------------------------------------------
 PYTHIA Warning in TauDecays::decay: unknown correlated tau production, assuming from unpolarized photon  
 PYTHIA Warning in PhaseSpace2to2tauyz::trialKin: maximum for cross section violated  

 *-------  PYTHIA Event and Cross Section Statistics  -------------------------------------------------------------*
 |                                                                                                                 |
 | Subprocess                                    Code |            Number of events       |      sigma +- delta    |
 |                                                    |       Tried   Selected   Accepted |     (estimated) (mb)   |
 |                                                    |                                   |                        |
 |-----------------------------------------------------------------------------------------------------------------|
 |                                                    |                                   |                        |
 | f fbar -> f' fbar' (s-channel gamma*)          223 |      254007      10000      10000 |   5.960e-06  2.947e-08 |
 |                                                    |                                   |                        |
 | sum                                                |      254007      10000      10000 |   5.960e-06  2.947e-08 |
 |                                                                                                                 |
 *-------  End PYTHIA Event and Cross Section Statistics ----------------------------------------------------------*

 *-------  PYTHIA Error and Warning Messages Statistics  ----------------------------------------------------------* 
 |                                                                                                                 | 
 |  times   message                                                                                                | 
 |                                                                                                                 | 
 |     26   Warning in PhaseSpace2to2tauyz::trialKin: maximum for cross section violated                           | 
 |   1501   Warning in TauDecays::decay: unknown correlated tau production, assuming from unpolarized photon       | 
 |                                                                                                                 | 
 *-------  End PYTHIA Error and Warning Messages Statistics  ------------------------------------------------------* 
Gammatau2xmu: 0.000e+00

Gammatau2xe: 8.928e-15

BRtau2xmu: 0.000e+00

BRtau2xe: 3.925e-03

BRtau2xmu + BRtau2xe: 3.925e-03

produced tau excluding those daughters are also tau lepton: 3.002e+03
produced X: 3.002e+03
produced X/NMC: 3.002e-01

Proportion of X flying forward (eta>0): 6.153e-01
Proportion of X flying backward (eta<0): 3.847e-01

Total Gamma [GeV]: 8.956e-11
ctau [m]: 2.203e-06

Gammax2tautau: 0.000e+00

Gammax2mumu: 0.000e+00

Gammax2ee: 8.956e-11

Gammax2gmgm: 0.000e+00

BRx2tautau: 0.000e+00

BRx2mumu: 0.000e+00

BRx2ee: 1.000e+00

BRx2gmgm: 0.000e+00

X: insideFidVol: 0.000e+00
observedX: 3.745e-19
visibleX: 3.745e-20

X Observed Fiducial efficiency: 1.247e-22
X Visible Fiducial efficiency: 1.247e-23

reallyProduced tau: 9.200e+10
total number of tau-tau events: 4.600e+10

reallyProducedX: 1.271e+08
reallyobservedX: 1.586e-14
reallyvisibleX: 1.586e-15

