mX:  0.005
g_TE_Lamb:  1e-08
g_EE_Lamb:  1.5e-08
NMC 10000

 *-------  PYTHIA Process Initialization  --------------------------*
 |                                                                  |
 | We collide e- with e+ at a CM energy of 1.058e+01 GeV            |
 |                                                                  |
 |------------------------------------------------------------------|
 |                                                    |             |
 | Subprocess                                    Code |   Estimated |
 |                                                    |    max (mb) |
 |                                                    |             |
 |------------------------------------------------------------------|
 |                                                    |             |
 | f fbar -> f' fbar' (s-channel gamma*)          223 |   1.580e-04 |
 |                                                                  |
 *-------  End PYTHIA Process Initialization -----------------------*

 *-------  PYTHIA Flag + Mode + Parm + Word + FVec + MVec + PVec + WVec Settings (changes only)  ------------------* 
 |                                                                                                                 | 
 | Name                                          |                      Now |      Default         Min         Max | 
 |                                               |                          |                                      | 
 | Beams:eA                                      |                  7.00000 |     7000.000         0.0             | 
 | Beams:eB                                      |                  4.00000 |     7000.000         0.0             | 
 | Beams:frameType                               |                        2 |            1           1           5 | 
 | Beams:idA                                     |                       11 |         2212                         | 
 | Beams:idB                                     |                      -11 |         2212                         | 
 | HadronLevel:Hadronize                         |                      off |           on                         | 
 | Next:numberCount                              |                    10000 |         1000           0             | 
 | PartonLevel:MPI                               |                      off |           on                         | 
 | Random:seed                                   |                        0 |           -1               900000000 | 
 | Random:setSeed                                |                       on |          off                         | 
 | WeakSingleBoson:ffbar2ffbar(s:gm)             |                       on |          off                         | 
 |                                                                                                                 | 
 *-------  End PYTHIA Flag + Mode + Parm + Word + FVec + MVec + PVec + WVec Settings  -----------------------------* 

 --------  PYTHIA Particle Data Table (changed only)  ------------------------------------------------------------------------------
 
      id   name            antiName         spn chg col      m0        mWidth      mMin       mMax       tau0    res dec ext vis wid
             no onMode   bRatio   meMode     products 

      15  tau-             tau+               2  -3   0    1.77682    0.00000    0.00000    0.00000  8.71100e-02   0   1   0   1   0
              0     1   0.0000000  103       36       13 
              1     1   0.0000099  103       36       11 

      36  x                                   1   0   0  5.000e-03  0.000e+00  0.000e+00  0.000e+00  2.20324e+11   0   1   0   0   0
              0     1   0.0000000  103       15      -15 
              1     1   0.0000000  103       13      -13 
              2     1   1.0000000  103       11      -11 
              3     1   0.0000000  103       22       22 

 --------  End PYTHIA Particle Data Table  -----------------------------------------------------------------------------------------


 --------  PYTHIA Info Listing  ---------------------------------------- 
 
 Beam A: id =     11, pz =  5.292e+00, e =  5.292e+00, m =  5.110e-04.
 Beam B: id =    -11, pz = -5.292e+00, e =  5.292e+00, m =  5.110e-04.

 In 1: id =   11, x =  1.000e+00, pdf =  7.233e+07 at Q2 =  1.108e+02.
 In 2: id =  -11, x =  9.893e-01, pdf =  3.404e+00 at same Q2.

 Subprocess f fbar -> f' fbar' (s-channel gamma*) with code 223 is 2 -> 2.
 It has sHat =  1.108e+02,    tHat = -6.345e+01,    uHat = -4.736e+01,
       pTHat =  4.991e+00,   m3Hat =  1.500e+00,   m4Hat =  1.500e+00,
    thetaHat =  1.717e+00,  phiHat =  2.987e+00.
     alphaEM =  7.631e-03,  alphaS =  1.977e-01    at Q2 =  1.108e+02.

 Impact parameter b =  0.000e+00 gives enhancement factor =  1.000e+00.
 Max pT scale for MPI =  1.058e+01, ISR =  1.053e+01, FSR =  1.053e+01.
 Number of MPI =     1, ISR =     1, FSRproc =     1, FSRreson =     0.

 --------  End PYTHIA Info Listing  ------------------------------------

 --------  PYTHIA Event Listing  (hard process)  -----------------------------------------------------------------------------------
 
    no         id  name            status     mothers   daughters     colours      p_x        p_y        p_z         e          m 
     0         90  (system)           -11     0     0     0     0     0     0      0.000      0.000      3.000     11.000     10.583
     1         11  (e-)               -12     0     0     3     0     0     0      0.000      0.000      7.000      7.000      0.001
     2        -11  (e+)               -12     0     0     4     0     0     0      0.000      0.000     -4.000      4.000      0.001
     3         11  (e-)               -21     1     0     5     6     0     0      0.000      0.000      7.000      7.000      0.000
     4        -11  (e+)               -21     2     0     5     6     0     0      0.000      0.000     -3.957      3.957      0.000
     5          4  c                   23     3     4     0     0   101     0     -4.932      0.767      0.759      5.267      1.500
     6         -4  cbar                23     3     4     0     0     0   101      4.932     -0.767      2.284      5.690      1.500
                                   Charge sum:  0.000           Momentum sum:      0.000      0.000      3.043     10.957     10.526

 --------  End PYTHIA Event Listing  -----------------------------------------------------------------------------------------------

 --------  PYTHIA Event Listing  (complete event)  ---------------------------------------------------------------------------------
 
    no         id  name            status     mothers   daughters     colours      p_x        p_y        p_z         e          m 
     0         90  (system)           -11     0     0     0     0     0     0      0.000      0.000      3.000     11.000     10.583
     1         11  (e-)               -12     0     0    16     0     0     0      0.000      0.000      7.000      7.000      0.001
     2        -11  (e+)               -12     0     0    17     0     0     0      0.000      0.000     -4.000      4.000      0.001
     3         11  (e-)               -21    10    10     5     6     0     0      0.000      0.000      7.000      7.000      0.000
     4        -11  (e+)               -21    11     0     5     6     0     0      0.000      0.000     -3.957      3.957      0.000
     5          4  (c)                -23     3     4     9     9   101     0     -4.932      0.767      0.759      5.267      1.500
     6         -4  (cbar)             -23     3     4     7     8     0   101      4.932     -0.767      2.284      5.690      1.500
     7         -4  (cbar)             -51     6     0    13    13     0   102      4.266     -1.053      2.850      5.448      1.500
     8         21  (g)                -51     6     0    14    14   102   101      0.234      0.353     -0.510      0.663      0.000
     9          4  (c)                -52     5     5    12    12   101     0     -4.500      0.700      0.704      4.846      1.500
    10         11  (e-)               -42    16    16     3     3     0     0      0.000     -0.000      7.000      7.000      0.000
    11        -11  (e+)               -41    17    17    15     4     0     0     -0.000      0.000     -4.000      4.000      0.000
    12          4  (c)                -44     9     9    18    18   101     0     -4.500      0.700      0.704      4.847      1.500
    13         -4  (cbar)             -44     7     7    19    19     0   102      4.266     -1.053      2.849      5.447      1.500
    14         21  (g)                -44     8     8    20    20   102   101      0.234      0.353     -0.510      0.663      0.000
    15         22  (gamma)            -43    11     0    21    21     0     0      0.001     -0.001     -0.043      0.043      0.000
    16         11  (e-)               -61     1     0    10    10     0     0      0.000      0.000      7.000      7.000      0.000
    17        -11  (e+)               -61     2     0    11    11     0     0     -0.000      0.000     -4.000      4.000      0.000
    18          4  c                   62    12    12     0     0   101     0     -4.500      0.700      0.704      4.847      1.500
    19         -4  cbar                62    13    13     0     0     0   102      4.266     -1.053      2.849      5.447      1.500
    20         21  g                   62    14    14     0     0   102   101      0.234      0.353     -0.510      0.663      0.000
    21         22  gamma               62    15    15     0     0     0     0      0.001     -0.001     -0.043      0.043      0.000
    22         22  gamma               63     1     0     0     0     0     0      0.000      0.000      0.000      0.000      0.000
    23         22  gamma               63     2     0     0     0     0     0      0.000      0.000     -0.000      0.000      0.000
                                   Charge sum:  0.000           Momentum sum:     -0.000      0.000      3.000     11.000     10.583

 --------  End PYTHIA Event Listing  -----------------------------------------------------------------------------------------------
 PYTHIA Warning in TauDecays::decay: unknown correlated tau production, assuming from unpolarized photon  
 PYTHIA Warning in PhaseSpace2to2tauyz::trialKin: maximum for cross section violated  

 *-------  PYTHIA Event and Cross Section Statistics  -------------------------------------------------------------*
 |                                                                                                                 |
 | Subprocess                                    Code |            Number of events       |      sigma +- delta    |
 |                                                    |       Tried   Selected   Accepted |     (estimated) (mb)   |
 |                                                    |                                   |                        |
 |-----------------------------------------------------------------------------------------------------------------|
 |                                                    |                                   |                        |
 | f fbar -> f' fbar' (s-channel gamma*)          223 |      265191      10000      10000 |   6.028e-06  2.939e-08 |
 |                                                    |                                   |                        |
 | sum                                                |      265191      10000      10000 |   6.028e-06  2.939e-08 |
 |                                                                                                                 |
 *-------  End PYTHIA Event and Cross Section Statistics ----------------------------------------------------------*

 *-------  PYTHIA Error and Warning Messages Statistics  ----------------------------------------------------------* 
 |                                                                                                                 | 
 |  times   message                                                                                                | 
 |                                                                                                                 | 
 |     10   Warning in PhaseSpace2to2tauyz::trialKin: maximum for cross section violated                           | 
 |   1509   Warning in TauDecays::decay: unknown correlated tau production, assuming from unpolarized photon       | 
 |                                                                                                                 | 
 *-------  End PYTHIA Error and Warning Messages Statistics  ------------------------------------------------------* 
Gammatau2xmu: 0.000e+00

Gammatau2xe: 2.232e-17

BRtau2xmu: 0.000e+00

BRtau2xe: 9.851e-06

BRtau2xmu + BRtau2xe: 9.851e-06

produced tau excluding those daughters are also tau lepton: 3.018e+03
produced X: 3.018e+03
produced X/NMC: 3.018e-01

Proportion of X flying forward (eta>0): 6.130e-01
Proportion of X flying backward (eta<0): 3.870e-01

Total Gamma [GeV]: 8.956e-25
ctau [m]: 2.203e+08

Gammax2tautau: 0.000e+00

Gammax2mumu: 0.000e+00

Gammax2ee: 8.956e-25

Gammax2gmgm: 0.000e+00

BRx2tautau: 0.000e+00

BRx2mumu: 0.000e+00

BRx2ee: 1.000e+00

BRx2gmgm: 0.000e+00

X: insideFidVol: 0.000e+00
observedX: 3.495e-08
visibleX: 3.495e-09

X Observed Fiducial efficiency: 1.158e-11
X Visible Fiducial efficiency: 1.158e-12

reallyProduced tau: 9.200e+10
total number of tau-tau events: 4.600e+10

reallyProducedX: 3.191e+05
reallyobservedX: 3.696e-06
reallyvisibleX: 3.696e-07

