mX:  1.3
g_AB_Lamb:  3e-09
g_CC_Lamb:  2e-08
NMC 100000

 *-------  PYTHIA Process Initialization  --------------------------*
 |                                                                  |
 | We collide e- with e+ at a CM energy of 1.058e+01 GeV            |
 |                                                                  |
 |------------------------------------------------------------------|
 |                                                    |             |
 | Subprocess                                    Code |   Estimated |
 |                                                    |    max (mb) |
 |                                                    |             |
 |------------------------------------------------------------------|
 |                                                    |             |
 | f fbar -> f' fbar' (s-channel gamma*)          223 |   1.342e-04 |
 |                                                                  |
 *-------  End PYTHIA Process Initialization -----------------------*

 *-------  PYTHIA Flag + Mode + Parm + Word + FVec + MVec + PVec + WVec Settings (changes only)  ------------------* 
 |                                                                                                                 | 
 | Name                                          |                      Now |      Default         Min         Max | 
 |                                               |                          |                                      | 
 | Beams:eA                                      |                  7.00000 |     7000.000         0.0             | 
 | Beams:eB                                      |                  4.00000 |     7000.000         0.0             | 
 | Beams:frameType                               |                        2 |            1           1           5 | 
 | Beams:idA                                     |                       11 |         2212                         | 
 | Beams:idB                                     |                      -11 |         2212                         | 
 | HadronLevel:Hadronize                         |                      off |           on                         | 
 | Next:numberCount                              |                    10000 |         1000           0             | 
 | PartonLevel:MPI                               |                      off |           on                         | 
 | Random:seed                                   |                        0 |           -1               900000000 | 
 | Random:setSeed                                |                       on |          off                         | 
 | WeakSingleBoson:ffbar2ffbar(s:gm)             |                       on |          off                         | 
 |                                                                                                                 | 
 *-------  End PYTHIA Flag + Mode + Parm + Word + FVec + MVec + PVec + WVec Settings  -----------------------------* 

 --------  PYTHIA Particle Data Table (changed only)  ------------------------------------------------------------------------------
 
      id   name            antiName         spn chg col      m0        mWidth      mMin       mMax       tau0    res dec ext vis wid
             no onMode   bRatio   meMode     products 

      15  tau-             tau+               2  -3   0    1.77682    0.00000    0.00000    0.00000  8.71100e-02   0   1   0   1   0
              0     1   0.0000002  103       36       13 
              1     1   0.0000002  103       36       11 

      36  x                                   1   0   0    1.30000    0.00000    0.00000    0.00000  8.75340e+03   0   1   0   0   0
              0     1   0.0000000  103       15      -15 
              1     1   0.9951220  103       13      -13 
              2     1   0.0048776  103       11      -11 
              3     1   0.0000000  103       22       22 

 --------  End PYTHIA Particle Data Table  -----------------------------------------------------------------------------------------


 --------  PYTHIA Info Listing  ---------------------------------------- 
 
 Beam A: id =     11, pz =  5.292e+00, e =  5.292e+00, m =  5.110e-04.
 Beam B: id =    -11, pz = -5.292e+00, e =  5.292e+00, m =  5.110e-04.

 In 1: id =   11, x =  9.897e-01, pdf =  3.534e+00 at Q2 =  1.108e+02.
 In 2: id =  -11, x =  1.000e+00, pdf =  4.578e+07 at same Q2.

 Subprocess f fbar -> f' fbar' (s-channel gamma*) with code 223 is 2 -> 2.
 It has sHat =  1.108e+02,    tHat = -7.675e+01,    uHat = -3.410e+01,
       pTHat =  4.859e+00,   m3Hat =  5.110e-04,   m4Hat =  5.110e-04,
    thetaHat =  1.966e+00,  phiHat =  5.844e+00.
     alphaEM =  7.631e-03,  alphaS =  1.977e-01    at Q2 =  1.108e+02.

 Impact parameter b =  0.000e+00 gives enhancement factor =  1.000e+00.
 Max pT scale for MPI =  1.058e+01, ISR =  1.058e+01, FSR =  1.058e+01.
 Number of MPI =     1, ISR =     1, FSRproc =     1, FSRreson =     0.

 --------  End PYTHIA Info Listing  ------------------------------------

 --------  PYTHIA Event Listing  (hard process)  -----------------------------------------------------------------------------------
 
    no         id  name            status     mothers   daughters     colours      p_x        p_y        p_z         e          m 
     0         90  (system)           -11     0     0     0     0     0     0      0.000      0.000      3.000     11.000     10.583
     1         11  (e-)               -12     0     0     3     0     0     0      0.000      0.000      7.000      7.000      0.001
     2        -11  (e+)               -12     0     0     4     0     0     0      0.000      0.000     -4.000      4.000      0.001
     3         11  (e-)               -21     1     0     5     6     0     0      0.000      0.000      6.928      6.928      0.000
     4        -11  (e+)               -21     2     0     5     6     0     0      0.000      0.000     -4.000      4.000      0.000
     5         11  e-                  23     3     4     0     0     0     0      4.397     -2.068     -0.639      4.901      0.001
     6        -11  e+                  23     3     4     0     0     0     0     -4.397      2.068      3.567      6.027      0.001
                                   Charge sum:  0.000           Momentum sum:      0.000      0.000      2.928     10.928     10.528

 --------  End PYTHIA Event Listing  -----------------------------------------------------------------------------------------------

 --------  PYTHIA Event Listing  (complete event)  ---------------------------------------------------------------------------------
 
    no         id  name            status     mothers   daughters     colours      p_x        p_y        p_z         e          m 
     0         90  (system)           -11     0     0     0     0     0     0      0.000      0.000      3.000     11.000     10.583
     1         11  (e-)               -12     0     0    15     0     0     0      0.000      0.000      7.000      7.000      0.001
     2        -11  (e+)               -12     0     0    16     0     0     0      0.000      0.000     -4.000      4.000      0.001
     3         11  (e-)               -21     7     0     5     6     0     0      0.000      0.000      6.928      6.928      0.000
     4        -11  (e+)               -21     8     8     5     6     0     0      0.000      0.000     -4.000      4.000      0.000
     5         11  (e-)               -23     3     4     9     9     0     0      4.397     -2.068     -0.639      4.901      0.001
     6        -11  (e+)               -23     3     4    10    10     0     0     -4.397      2.068      3.567      6.027      0.001
     7         11  (e-)               -41    15    15    11     3     0     0      0.000      0.000      7.000      7.000      0.000
     8        -11  (e+)               -42    14    14     4     4     0     0      0.000      0.000     -4.000      4.000      0.000
     9         11  (e-)               -44     5     5    17    17     0     0      4.397     -2.069     -0.639      4.901      0.001
    10        -11  (e+)               -44     6     6    12    13     0     0     -4.397      2.065      3.567      6.027      0.001
    11         22  (gamma)            -43     7     0    19    19     0     0      0.000      0.004      0.072      0.072      0.000
    12        -11  (e+)               -51    10     0    18    18     0     0     -4.393      2.063      3.564      6.021      0.001
    13         22  (gamma)            -51    10     0    20    20     0     0     -0.005      0.002      0.004      0.006      0.000
    14        -11  (e+)               -53    16    16     8     8     0     0     -0.000      0.000     -4.000      4.000      0.000
    15         11  (e-)               -61     1     0     7     7     0     0      0.000      0.000      7.000      7.000      0.000
    16        -11  (e+)               -61     2     0    14    14     0     0      0.000      0.000     -4.000      4.000      0.000
    17         11  e-                  62     9     9     0     0     0     0      4.397     -2.069     -0.639      4.901      0.001
    18        -11  e+                  62    12    12     0     0     0     0     -4.393      2.063      3.564      6.021      0.001
    19         22  gamma               62    11    11     0     0     0     0      0.000      0.004      0.072      0.072      0.000
    20         22  gamma               62    13    13     0     0     0     0     -0.005      0.002      0.004      0.006      0.000
    21         22  gamma               63     1     0     0     0     0     0      0.000      0.000      0.000      0.000      0.000
    22         22  gamma               63     2     0     0     0     0     0      0.000      0.000     -0.000      0.000      0.000
                                   Charge sum:  0.000           Momentum sum:     -0.000      0.000      3.000     11.000     10.583

 --------  End PYTHIA Event Listing  -----------------------------------------------------------------------------------------------
 PYTHIA Warning in TauDecays::decay: unknown correlated tau production, assuming from unpolarized photon  
 PYTHIA Warning in PhaseSpace2to2tauyz::trialKin: maximum for cross section violated  

 Pythia::next(): 10000 events have been generated 

 Pythia::next(): 20000 events have been generated 

 Pythia::next(): 30000 events have been generated 

 Pythia::next(): 40000 events have been generated 

 Pythia::next(): 50000 events have been generated 

 Pythia::next(): 60000 events have been generated 

 Pythia::next(): 70000 events have been generated 

 Pythia::next(): 80000 events have been generated 

 Pythia::next(): 90000 events have been generated 

 *-------  PYTHIA Event and Cross Section Statistics  -------------------------------------------------------------*
 |                                                                                                                 |
 | Subprocess                                    Code |            Number of events       |      sigma +- delta    |
 |                                                    |       Tried   Selected   Accepted |     (estimated) (mb)   |
 |                                                    |                                   |                        |
 |-----------------------------------------------------------------------------------------------------------------|
 |                                                    |                                   |                        |
 | f fbar -> f' fbar' (s-channel gamma*)          223 |     2238248     100000     100000 |   5.995e-06  1.004e-08 |
 |                                                    |                                   |                        |
 | sum                                                |     2238248     100000     100000 |   5.995e-06  1.004e-08 |
 |                                                                                                                 |
 *-------  End PYTHIA Event and Cross Section Statistics ----------------------------------------------------------*

 *-------  PYTHIA Error and Warning Messages Statistics  ----------------------------------------------------------* 
 |                                                                                                                 | 
 |  times   message                                                                                                | 
 |                                                                                                                 | 
 |   2636   Warning in PhaseSpace2to2tauyz::trialKin: maximum for cross section violated                           | 
 |  14779   Warning in TauDecays::decay: unknown correlated tau production, assuming from unpolarized photon       | 
 |                                                                                                                 | 
 *-------  End PYTHIA Error and Warning Messages Statistics  ------------------------------------------------------* 
Gammatau2xmu: 4.147e-19

Gammatau2xe: 4.339e-19

BRtau2xmu: 1.830e-07

BRtau2xe: 1.915e-07

BRtau2xmu + BRtau2xe: 3.745e-07

produced tau excluding those daughters are also tau lepton: 2.956e+04
produced X: 2.956e+04
produced X/NMC: 2.956e-01

Proportion of X flying forward (eta>0): 6.195e-01
Proportion of X flying backward (eta<0): 3.805e-01

Total Gamma [GeV]: 2.254e-17
ctau [m]: 8.753e+00

Gammax2tautau: 0.000e+00

Gammax2mumu: 2.243e-17

Gammax2ee: 1.100e-19

Gammax2gmgm: 0.000e+00

BRx2tautau: 0.000e+00

BRx2mumu: 9.951e-01

BRx2ee: 4.878e-03

BRx2gmgm: 0.000e+00

X: insideFidVol: 9.520e+02
observedX: 9.307e+02
visibleX: 0.000e+00

X Observed Fiducial efficiency: 3.149e-02
X Visible Fiducial efficiency: 0.000e+00

reallyProduced tau: 9.200e+10
total number of tau-tau events: 4.600e+10

reallyProducedX: 1.213e+04
reallyobservedX: 3.820e+02
reallyvisibleX: 0.000e+00

