mX:  1.3
g_AB_Lamb:  4e-09
g_CC_Lamb:  8e-07
NMC 100000

 *-------  PYTHIA Process Initialization  --------------------------*
 |                                                                  |
 | We collide e- with e+ at a CM energy of 1.058e+01 GeV            |
 |                                                                  |
 |------------------------------------------------------------------|
 |                                                    |             |
 | Subprocess                                    Code |   Estimated |
 |                                                    |    max (mb) |
 |                                                    |             |
 |------------------------------------------------------------------|
 |                                                    |             |
 | f fbar -> f' fbar' (s-channel gamma*)          223 |   1.536e-04 |
 |                                                                  |
 *-------  End PYTHIA Process Initialization -----------------------*

 *-------  PYTHIA Flag + Mode + Parm + Word + FVec + MVec + PVec + WVec Settings (changes only)  ------------------* 
 |                                                                                                                 | 
 | Name                                          |                      Now |      Default         Min         Max | 
 |                                               |                          |                                      | 
 | Beams:eA                                      |                  7.00000 |     7000.000         0.0             | 
 | Beams:eB                                      |                  4.00000 |     7000.000         0.0             | 
 | Beams:frameType                               |                        2 |            1           1           5 | 
 | Beams:idA                                     |                       11 |         2212                         | 
 | Beams:idB                                     |                      -11 |         2212                         | 
 | HadronLevel:Hadronize                         |                      off |           on                         | 
 | Next:numberCount                              |                    10000 |         1000           0             | 
 | PartonLevel:MPI                               |                      off |           on                         | 
 | Random:seed                                   |                        0 |           -1               900000000 | 
 | Random:setSeed                                |                       on |          off                         | 
 | WeakSingleBoson:ffbar2ffbar(s:gm)             |                       on |          off                         | 
 |                                                                                                                 | 
 *-------  End PYTHIA Flag + Mode + Parm + Word + FVec + MVec + PVec + WVec Settings  -----------------------------* 

 --------  PYTHIA Particle Data Table (changed only)  ------------------------------------------------------------------------------
 
      id   name            antiName         spn chg col      m0        mWidth      mMin       mMax       tau0    res dec ext vis wid
             no onMode   bRatio   meMode     products 

      15  tau-             tau+               2  -3   0    1.77682    0.00000    0.00000    0.00000  8.71100e-02   0   1   0   1   0
              0     1   0.0000003  103       36       13 
              1     1   0.0000003  103       36       11 

      36  x                                   1   0   0    1.30000    0.00000    0.00000    0.00000  5.47088e+00   0   1   0   0   0
              0     1   0.0000000  103       15      -15 
              1     1   0.9951220  103       13      -13 
              2     1   0.0048776  103       11      -11 
              3     1   0.0000000  103       22       22 

 --------  End PYTHIA Particle Data Table  -----------------------------------------------------------------------------------------


 --------  PYTHIA Info Listing  ---------------------------------------- 
 
 Beam A: id =     11, pz =  5.292e+00, e =  5.292e+00, m =  5.110e-04.
 Beam B: id =    -11, pz = -5.292e+00, e =  5.292e+00, m =  5.110e-04.

 In 1: id =   11, x =  1.000e+00, pdf =  2.449e+06 at Q2 =  1.120e+02.
 In 2: id =  -11, x =  1.000e+00, pdf =  6.588e+06 at same Q2.

 Subprocess f fbar -> f' fbar' (s-channel gamma*) with code 223 is 2 -> 2.
 It has sHat =  1.120e+02,    tHat = -8.674e+01,    uHat = -2.526e+01,
       pTHat =  4.414e+00,   m3Hat =  3.300e-01,   m4Hat =  3.300e-01,
    thetaHat =  2.152e+00,  phiHat =  2.517e+00.
     alphaEM =  7.631e-03,  alphaS =  1.975e-01    at Q2 =  1.120e+02.

 Impact parameter b =  0.000e+00 gives enhancement factor =  1.000e+00.
 Max pT scale for MPI =  1.058e+01, ISR =  1.058e+01, FSR =  1.058e+01.
 Number of MPI =     1, ISR =     0, FSRproc =     5, FSRreson =     0.

 --------  End PYTHIA Info Listing  ------------------------------------

 --------  PYTHIA Event Listing  (hard process)  -----------------------------------------------------------------------------------
 
    no         id  name            status     mothers   daughters     colours      p_x        p_y        p_z         e          m 
     0         90  (system)           -11     0     0     0     0     0     0      0.000      0.000      3.000     11.000     10.583
     1         11  (e-)               -12     0     0     3     0     0     0      0.000      0.000      7.000      7.000      0.001
     2        -11  (e+)               -12     0     0     4     0     0     0      0.000      0.000     -4.000      4.000      0.001
     3         11  (e-)               -21     1     0     5     6     0     0      0.000      0.000      7.000      7.000      0.000
     4        -11  (e+)               -21     2     0     5     6     0     0      0.000      0.000     -4.000      4.000      0.000
     5          2  u                   23     3     4     0     0   101     0     -3.580      2.582     -1.514      4.678      0.330
     6         -2  ubar                23     3     4     0     0     0   101      3.580     -2.582      4.514      6.322      0.330
                                   Charge sum:  0.000           Momentum sum:      0.000      0.000      3.000     11.000     10.583

 --------  End PYTHIA Event Listing  -----------------------------------------------------------------------------------------------

 --------  PYTHIA Event Listing  (complete event)  ---------------------------------------------------------------------------------
 
    no         id  name            status     mothers   daughters     colours      p_x        p_y        p_z         e          m 
     0         90  (system)           -11     0     0     0     0     0     0      0.000      0.000      3.000     11.000     10.583
     1         11  (e-)               -12     0     0    22     0     0     0      0.000      0.000      7.000      7.000      0.001
     2        -11  (e+)               -12     0     0    23     0     0     0      0.000      0.000     -4.000      4.000      0.001
     3         11  (e-)               -21    22    22     5     6     0     0      0.000      0.000      7.000      7.000      0.000
     4        -11  (e+)               -21    23    23     5     6     0     0      0.000      0.000     -4.000      4.000      0.000
     5          2  (u)                -23     3     4     9     9   101     0     -3.580      2.582     -1.514      4.678      0.330
     6         -2  (ubar)             -23     3     4     7     8     0   101      3.580     -2.582      4.514      6.322      0.330
     7         -2  (ubar)             -51     6     0    16    17     0   103      2.137     -2.190      5.196      6.039      0.330
     8         21  (g)                -51     6     0    12    12   103   101      0.715      0.133     -0.991      1.230      0.000
     9          2  (u)                -52     5     5    10    11   101     0     -2.852      2.057     -1.204      3.732      0.330
    10          2  (u)                -51     9     0    24    24   105     0     -0.361     -0.241     -0.530      0.761      0.330
    11         21  (g)                -51     9     0    15    15   101   105     -2.241      2.344     -1.020      3.400      0.000
    12         21  (g)                -52     8     8    13    14   103   101      0.466      0.086     -0.645      0.801      0.000
    13         21  (g)                -51    12     0    18    18   103   106     -0.052      0.145     -1.232      1.241      0.000
    14         21  (g)                -51    12     0    28    28   106   101     -0.668      1.181      0.047      1.358      0.000
    15         21  (g)                -52    11    11    27    27   101   105     -1.056      1.104     -0.480      1.601      0.000
    16         -2  (ubar)             -51     7     0    19    20     0   107      0.750     -0.684      2.941      3.129      0.330
    17         21  (g)                -51     7     0    21    21   107   103      1.383     -1.496      2.181      2.985      0.000
    18         21  (g)                -52    13    13    26    26   103   106     -0.049      0.136     -1.157      1.166      0.000
    19         -2  (ubar)             -51    16     0    25    25     0   108      2.104     -1.552      3.859      4.673      0.330
    20         21  (g)                -51    16     0    30    30   108   107     -0.074     -0.516      1.099      1.216      0.000
    21         21  (g)                -52    17    17    29    29   107   103      0.104     -0.112      0.164      0.224      0.000
    22         11  (e-)               -61     1     0     3     3     0     0      0.000      0.000      7.000      7.000      0.000
    23        -11  (e+)               -61     2     0     4     4     0     0      0.000      0.000     -4.000      4.000      0.000
    24          2  u                   62    10    10     0     0   105     0     -0.361     -0.241     -0.530      0.761      0.330
    25         -2  ubar                62    19    19     0     0     0   108      2.104     -1.552      3.859      4.673      0.330
    26         21  g                   62    18    18     0     0   103   106     -0.049      0.136     -1.157      1.166      0.000
    27         21  g                   62    15    15     0     0   101   105     -1.056      1.104     -0.480      1.601      0.000
    28         21  g                   62    14    14     0     0   106   101     -0.668      1.181      0.047      1.358      0.000
    29         21  g                   62    21    21     0     0   107   103      0.104     -0.112      0.164      0.224      0.000
    30         21  g                   62    20    20     0     0   108   107     -0.074     -0.516      1.099      1.216      0.000
    31         22  gamma               63     1     0     0     0     0     0      0.000      0.000      0.000      0.000      0.000
    32         22  gamma               63     2     0     0     0     0     0      0.000      0.000     -0.000      0.000      0.000
                                   Charge sum:  0.000           Momentum sum:     -0.000      0.000      3.000     11.000     10.583

 --------  End PYTHIA Event Listing  -----------------------------------------------------------------------------------------------
 PYTHIA Warning in TauDecays::decay: unknown correlated tau production, assuming from unpolarized photon  
 PYTHIA Warning in PhaseSpace2to2tauyz::trialKin: maximum for cross section violated  

 Pythia::next(): 10000 events have been generated 

 Pythia::next(): 20000 events have been generated 

 Pythia::next(): 30000 events have been generated 

 Pythia::next(): 40000 events have been generated 

 Pythia::next(): 50000 events have been generated 

 Pythia::next(): 60000 events have been generated 

 Pythia::next(): 70000 events have been generated 

 Pythia::next(): 80000 events have been generated 

 Pythia::next(): 90000 events have been generated 

 *-------  PYTHIA Event and Cross Section Statistics  -------------------------------------------------------------*
 |                                                                                                                 |
 | Subprocess                                    Code |            Number of events       |      sigma +- delta    |
 |                                                    |       Tried   Selected   Accepted |     (estimated) (mb)   |
 |                                                    |                                   |                        |
 |-----------------------------------------------------------------------------------------------------------------|
 |                                                    |                                   |                        |
 | f fbar -> f' fbar' (s-channel gamma*)          223 |     2549037     100000     100000 |   6.008e-06  9.345e-09 |
 |                                                    |                                   |                        |
 | sum                                                |     2549037     100000     100000 |   6.008e-06  9.345e-09 |
 |                                                                                                                 |
 *-------  End PYTHIA Event and Cross Section Statistics ----------------------------------------------------------*

 *-------  PYTHIA Error and Warning Messages Statistics  ----------------------------------------------------------* 
 |                                                                                                                 | 
 |  times   message                                                                                                | 
 |                                                                                                                 | 
 |     50   Warning in PhaseSpace2to2tauyz::trialKin: maximum for cross section violated                           | 
 |  14695   Warning in TauDecays::decay: unknown correlated tau production, assuming from unpolarized photon       | 
 |                                                                                                                 | 
 *-------  End PYTHIA Error and Warning Messages Statistics  ------------------------------------------------------* 
Gammatau2xmu: 7.372e-19

Gammatau2xe: 7.713e-19

BRtau2xmu: 3.254e-07

BRtau2xe: 3.404e-07

BRtau2xmu + BRtau2xe: 6.658e-07

produced tau excluding those daughters are also tau lepton: 2.939e+04
produced X: 2.939e+04
produced X/NMC: 2.939e-01

Proportion of X flying forward (eta>0): 6.227e-01
Proportion of X flying backward (eta<0): 3.773e-01

Total Gamma [GeV]: 3.607e-14
ctau [m]: 5.471e-03

Gammax2tautau: 0.000e+00

Gammax2mumu: 3.589e-14

Gammax2ee: 1.759e-16

Gammax2gmgm: 0.000e+00

BRx2tautau: 0.000e+00

BRx2mumu: 9.951e-01

BRx2ee: 4.878e-03

BRx2gmgm: 0.000e+00

X: insideFidVol: 3.200e+01
observedX: 2.841e+01
visibleX: 0.000e+00

X Observed Fiducial efficiency: 9.667e-04
X Visible Fiducial efficiency: 0.000e+00

reallyProduced tau: 9.200e+10
total number of tau-tau events: 4.600e+10

reallyProducedX: 2.157e+04
reallyobservedX: 2.085e+01
reallyvisibleX: 0.000e+00

