mX:  1.5
g_AB_Lamb:  8e-10
g_CC_Lamb:  2e-07
NMC 100000

 *-------  PYTHIA Process Initialization  --------------------------*
 |                                                                  |
 | We collide e- with e+ at a CM energy of 1.058e+01 GeV            |
 |                                                                  |
 |------------------------------------------------------------------|
 |                                                    |             |
 | Subprocess                                    Code |   Estimated |
 |                                                    |    max (mb) |
 |                                                    |             |
 |------------------------------------------------------------------|
 |                                                    |             |
 | f fbar -> f' fbar' (s-channel gamma*)          223 |   1.456e-04 |
 |                                                                  |
 *-------  End PYTHIA Process Initialization -----------------------*

 *-------  PYTHIA Flag + Mode + Parm + Word + FVec + MVec + PVec + WVec Settings (changes only)  ------------------* 
 |                                                                                                                 | 
 | Name                                          |                      Now |      Default         Min         Max | 
 |                                               |                          |                                      | 
 | Beams:eA                                      |                  7.00000 |     7000.000         0.0             | 
 | Beams:eB                                      |                  4.00000 |     7000.000         0.0             | 
 | Beams:frameType                               |                        2 |            1           1           5 | 
 | Beams:idA                                     |                       11 |         2212                         | 
 | Beams:idB                                     |                      -11 |         2212                         | 
 | HadronLevel:Hadronize                         |                      off |           on                         | 
 | Next:numberCount                              |                    10000 |         1000           0             | 
 | PartonLevel:MPI                               |                      off |           on                         | 
 | Random:seed                                   |                        0 |           -1               900000000 | 
 | Random:setSeed                                |                       on |          off                         | 
 | WeakSingleBoson:ffbar2ffbar(s:gm)             |                       on |          off                         | 
 |                                                                                                                 | 
 *-------  End PYTHIA Flag + Mode + Parm + Word + FVec + MVec + PVec + WVec Settings  -----------------------------* 

 --------  PYTHIA Particle Data Table (changed only)  ------------------------------------------------------------------------------
 
      id   name            antiName         spn chg col      m0        mWidth      mMin       mMax       tau0    res dec ext vis wid
             no onMode   bRatio   meMode     products 

      15  tau-             tau+               2  -3   0    1.77682    0.00000    0.00000    0.00000  8.71100e-02   0   1   0   1   0
              0     1   0.0000000  103       36       13 
              1     1   0.0000000  103       36       11 

      36  x                                   1   0   0    1.50000    0.00000    0.00000    0.00000  6.55279e+01   0   1   0   0   0
              0     1   0.0000000  103       15      -15 
              1     1   0.9951390  103       13      -13 
              2     1   0.0048613  103       11      -11 
              3     1   0.0000000  103       22       22 

 --------  End PYTHIA Particle Data Table  -----------------------------------------------------------------------------------------


 --------  PYTHIA Info Listing  ---------------------------------------- 
 
 Beam A: id =     11, pz =  5.292e+00, e =  5.292e+00, m =  5.110e-04.
 Beam B: id =    -11, pz = -5.292e+00, e =  5.292e+00, m =  5.110e-04.

 In 1: id =   11, x =  1.000e+00, pdf =  6.162e+02 at Q2 =  1.111e+02.
 In 2: id =  -11, x =  9.918e-01, pdf =  4.415e+00 at same Q2.

 Subprocess f fbar -> f' fbar' (s-channel gamma*) with code 223 is 2 -> 2.
 It has sHat =  1.111e+02,    tHat = -5.153e+01,    uHat = -5.955e+01,
       pTHat =  5.039e+00,   m3Hat =  1.500e+00,   m4Hat =  1.500e+00,
    thetaHat =  1.499e+00,  phiHat =  3.838e+00.
     alphaEM =  7.631e-03,  alphaS =  1.977e-01    at Q2 =  1.111e+02.

 Impact parameter b =  0.000e+00 gives enhancement factor =  1.000e+00.
 Max pT scale for MPI =  1.058e+01, ISR =  1.054e+01, FSR =  1.054e+01.
 Number of MPI =     1, ISR =     1, FSRproc =     1, FSRreson =     0.

 --------  End PYTHIA Info Listing  ------------------------------------

 --------  PYTHIA Event Listing  (hard process)  -----------------------------------------------------------------------------------
 
    no         id  name            status     mothers   daughters     colours      p_x        p_y        p_z         e          m 
     0         90  (system)           -11     0     0     0     0     0     0      0.000      0.000      3.000     11.000     10.583
     1         11  (e-)               -12     0     0     3     0     0     0      0.000      0.000      7.000      7.000      0.001
     2        -11  (e+)               -12     0     0     4     0     0     0      0.000      0.000     -4.000      4.000      0.001
     3         11  (e-)               -21     1     0     5     6     0     0      0.000      0.000      7.000      7.000      0.000
     4        -11  (e+)               -21     2     0     5     6     0     0      0.000      0.000     -3.967      3.967      0.000
     5          4  c                   23     3     4     0     0   101     0     -3.864     -3.234      1.895      5.588      1.500
     6         -4  cbar                23     3     4     0     0     0   101      3.864      3.234      1.137      5.379      1.500
                                   Charge sum:  0.000           Momentum sum:      0.000      0.000      3.032     10.967     10.539

 --------  End PYTHIA Event Listing  -----------------------------------------------------------------------------------------------

 --------  PYTHIA Event Listing  (complete event)  ---------------------------------------------------------------------------------
 
    no         id  name            status     mothers   daughters     colours      p_x        p_y        p_z         e          m 
     0         90  (system)           -11     0     0     0     0     0     0      0.000      0.000      3.000     11.000     10.583
     1         11  (e-)               -12     0     0    16     0     0     0      0.000      0.000      7.000      7.000      0.001
     2        -11  (e+)               -12     0     0    17     0     0     0      0.000      0.000     -4.000      4.000      0.001
     3         11  (e-)               -21    10    10     5     6     0     0      0.000      0.000      7.000      7.000      0.000
     4        -11  (e+)               -21    11     0     5     6     0     0      0.000      0.000     -3.967      3.967      0.000
     5          4  (c)                -23     3     4     7     8   101     0     -3.864     -3.234      1.895      5.588      1.500
     6         -4  (cbar)             -23     3     4     9     9     0   101      3.864      3.234      1.137      5.379      1.500
     7          4  (c)                -51     5     0    12    12   104     0     -3.428     -3.421      1.452      5.274      1.500
     8         21  (g)                -51     5     0    14    14   101   104     -0.138      0.435      0.521      0.693      0.000
     9         -4  (cbar)             -52     6     6    13    13     0   101      3.567      2.985      1.059      5.000      1.500
    10         11  (e-)               -42    16    16     3     3     0     0      0.000      0.000      7.000      7.000      0.000
    11        -11  (e+)               -41    17    17    15     4     0     0     -0.000     -0.000     -4.000      4.000      0.000
    12          4  (c)                -44     7     7    18    18   104     0     -3.432     -3.430      1.462      5.285      1.500
    13         -4  (cbar)             -44     9     9    19    19     0   101      3.562      2.975      1.045      4.989      1.500
    14         21  (g)                -44     8     8    20    20   101   104     -0.139      0.435      0.520      0.692      0.000
    15         22  (gamma)            -43    11     0    21    21     0     0      0.009      0.020     -0.027      0.034      0.000
    16         11  (e-)               -61     1     0    10    10     0     0      0.000     -0.000      7.000      7.000      0.000
    17        -11  (e+)               -61     2     0    11    11     0     0      0.000      0.000     -4.000      4.000      0.000
    18          4  c                   62    12    12     0     0   104     0     -3.432     -3.430      1.462      5.285      1.500
    19         -4  cbar                62    13    13     0     0     0   101      3.562      2.975      1.045      4.989      1.500
    20         21  g                   62    14    14     0     0   101   104     -0.139      0.435      0.520      0.692      0.000
    21         22  gamma               62    15    15     0     0     0     0      0.009      0.020     -0.027      0.034      0.000
    22         22  gamma               63     1     0     0     0     0     0      0.000      0.000      0.000      0.000      0.000
    23         22  gamma               63     2     0     0     0     0     0      0.000      0.000     -0.000      0.000      0.000
                                   Charge sum:  0.000           Momentum sum:      0.000     -0.000      3.000     11.000     10.583

 --------  End PYTHIA Event Listing  -----------------------------------------------------------------------------------------------
 PYTHIA Warning in TauDecays::decay: unknown correlated tau production, assuming from unpolarized photon  
 PYTHIA Warning in PhaseSpace2to2tauyz::trialKin: maximum for cross section violated  

 Pythia::next(): 10000 events have been generated 

 Pythia::next(): 20000 events have been generated 

 Pythia::next(): 30000 events have been generated 

 Pythia::next(): 40000 events have been generated 

 Pythia::next(): 50000 events have been generated 

 Pythia::next(): 60000 events have been generated 

 Pythia::next(): 70000 events have been generated 

 Pythia::next(): 80000 events have been generated 

 Pythia::next(): 90000 events have been generated 

 *-------  PYTHIA Event and Cross Section Statistics  -------------------------------------------------------------*
 |                                                                                                                 |
 | Subprocess                                    Code |            Number of events       |      sigma +- delta    |
 |                                                    |       Tried   Selected   Accepted |     (estimated) (mb)   |
 |                                                    |                                   |                        |
 |-----------------------------------------------------------------------------------------------------------------|
 |                                                    |                                   |                        |
 | f fbar -> f' fbar' (s-channel gamma*)          223 |     2431465     100000     100000 |   5.995e-06  9.435e-09 |
 |                                                    |                                   |                        |
 | sum                                                |     2431465     100000     100000 |   5.995e-06  9.435e-09 |
 |                                                                                                                 |
 *-------  End PYTHIA Event and Cross Section Statistics ----------------------------------------------------------*

 *-------  PYTHIA Error and Warning Messages Statistics  ----------------------------------------------------------* 
 |                                                                                                                 | 
 |  times   message                                                                                                | 
 |                                                                                                                 | 
 |    229   Warning in PhaseSpace2to2tauyz::trialKin: maximum for cross section violated                           | 
 |  14569   Warning in TauDecays::decay: unknown correlated tau production, assuming from unpolarized photon       | 
 |                                                                                                                 | 
 *-------  End PYTHIA Error and Warning Messages Statistics  ------------------------------------------------------* 
Gammatau2xmu: 1.053e-20

Gammatau2xe: 1.180e-20

BRtau2xmu: 4.649e-09

BRtau2xe: 5.206e-09

BRtau2xmu + BRtau2xe: 9.855e-09

produced tau excluding those daughters are also tau lepton: 2.914e+04
produced X: 2.914e+04
produced X/NMC: 2.914e-01

Proportion of X flying forward (eta>0): 6.207e-01
Proportion of X flying backward (eta<0): 3.793e-01

Total Gamma [GeV]: 3.011e-15
ctau [m]: 6.553e-02

Gammax2tautau: 0.000e+00

Gammax2mumu: 2.997e-15

Gammax2ee: 1.464e-17

Gammax2gmgm: 0.000e+00

BRx2tautau: 0.000e+00

BRx2mumu: 9.951e-01

BRx2ee: 4.861e-03

BRx2gmgm: 0.000e+00

X: insideFidVol: 1.265e+04
observedX: 1.264e+04
visibleX: 0.000e+00

X Observed Fiducial efficiency: 4.339e-01
X Visible Fiducial efficiency: 0.000e+00

reallyProduced tau: 9.200e+10
total number of tau-tau events: 4.600e+10

reallyProducedX: 3.192e+02
reallyobservedX: 1.385e+02
reallyvisibleX: 0.000e+00

