mX:  0.5
g_AB_Lamb:  4e-08
g_CC_Lamb:  3e-09
NMC 100000

 *-------  PYTHIA Process Initialization  --------------------------*
 |                                                                  |
 | We collide e- with e+ at a CM energy of 1.058e+01 GeV            |
 |                                                                  |
 |------------------------------------------------------------------|
 |                                                    |             |
 | Subprocess                                    Code |   Estimated |
 |                                                    |    max (mb) |
 |                                                    |             |
 |------------------------------------------------------------------|
 |                                                    |             |
 | f fbar -> f' fbar' (s-channel gamma*)          223 |   1.456e-04 |
 |                                                                  |
 *-------  End PYTHIA Process Initialization -----------------------*

 *-------  PYTHIA Flag + Mode + Parm + Word + FVec + MVec + PVec + WVec Settings (changes only)  ------------------* 
 |                                                                                                                 | 
 | Name                                          |                      Now |      Default         Min         Max | 
 |                                               |                          |                                      | 
 | Beams:eA                                      |                  7.00000 |     7000.000         0.0             | 
 | Beams:eB                                      |                  4.00000 |     7000.000         0.0             | 
 | Beams:frameType                               |                        2 |            1           1           5 | 
 | Beams:idA                                     |                       11 |         2212                         | 
 | Beams:idB                                     |                      -11 |         2212                         | 
 | HadronLevel:Hadronize                         |                      off |           on                         | 
 | Next:numberCount                              |                    10000 |         1000           0             | 
 | PartonLevel:MPI                               |                      off |           on                         | 
 | Random:seed                                   |                        0 |           -1               900000000 | 
 | Random:setSeed                                |                       on |          off                         | 
 | WeakSingleBoson:ffbar2ffbar(s:gm)             |                       on |          off                         | 
 |                                                                                                                 | 
 *-------  End PYTHIA Flag + Mode + Parm + Word + FVec + MVec + PVec + WVec Settings  -----------------------------* 

 --------  PYTHIA Particle Data Table (changed only)  ------------------------------------------------------------------------------
 
      id   name            antiName         spn chg col      m0        mWidth      mMin       mMax       tau0    res dec ext vis wid
             no onMode   bRatio   meMode     products 

      15  tau-             tau+               2  -3   0    1.77682    0.00000    0.00000    0.00000  8.71100e-02   0   1   0   1   0
              0     1   0.0001320  103       36       13 
              1     1   0.0001336  103       36       11 

      36  x                                   1   0   0    0.50000    0.00000    0.00000    0.00000  2.86198e+06   0   1   0   0   0
              0     1   0.0000000  103       15      -15 
              1     1   0.9946920  103       13      -13 
              2     1   0.0053080  103       11      -11 
              3     1   0.0000000  103       22       22 

 --------  End PYTHIA Particle Data Table  -----------------------------------------------------------------------------------------


 --------  PYTHIA Info Listing  ---------------------------------------- 
 
 Beam A: id =     11, pz =  5.292e+00, e =  5.292e+00, m =  5.110e-04.
 Beam B: id =    -11, pz = -5.292e+00, e =  5.292e+00, m =  5.110e-04.

 In 1: id =   11, x =  1.000e+00, pdf =  4.603e+06 at Q2 =  9.581e+01.
 In 2: id =  -11, x =  8.554e-01, pdf =  2.124e-01 at same Q2.

 Subprocess f fbar -> f' fbar' (s-channel gamma*) with code 223 is 2 -> 2.
 It has sHat =  9.581e+01,    tHat = -5.341e+01,    uHat = -4.240e+01,
       pTHat =  4.628e+00,   m3Hat =  1.500e+00,   m4Hat =  1.500e+00,
    thetaHat =  1.686e+00,  phiHat =  1.253e+00.
     alphaEM =  7.625e-03,  alphaS =  2.012e-01    at Q2 =  9.581e+01.

 Impact parameter b =  0.000e+00 gives enhancement factor =  1.000e+00.
 Max pT scale for MPI =  1.058e+01, ISR =  9.788e+00, FSR =  9.788e+00.
 Number of MPI =     1, ISR =     2, FSRproc =     0, FSRreson =     0.

 --------  End PYTHIA Info Listing  ------------------------------------

 --------  PYTHIA Event Listing  (hard process)  -----------------------------------------------------------------------------------
 
    no         id  name            status     mothers   daughters     colours      p_x        p_y        p_z         e          m 
     0         90  (system)           -11     0     0     0     0     0     0      0.000      0.000      3.000     11.000     10.583
     1         11  (e-)               -12     0     0     3     0     0     0      0.000      0.000      7.000      7.000      0.001
     2        -11  (e+)               -12     0     0     4     0     0     0      0.000      0.000     -4.000      4.000      0.001
     3         11  (e-)               -21     1     0     5     6     0     0      0.000      0.000      7.000      7.000      0.000
     4        -11  (e+)               -21     2     0     5     6     0     0      0.000      0.000     -3.422      3.422      0.000
     5          4  c                   23     3     4     0     0   101     0      1.446      4.396      1.219      5.015      1.500
     6         -4  cbar                23     3     4     0     0     0   101     -1.446     -4.396      2.359      5.407      1.500
                                   Charge sum:  0.000           Momentum sum:      0.000      0.000      3.578     10.422      9.788

 --------  End PYTHIA Event Listing  -----------------------------------------------------------------------------------------------

 --------  PYTHIA Event Listing  (complete event)  ---------------------------------------------------------------------------------
 
    no         id  name            status     mothers   daughters     colours      p_x        p_y        p_z         e          m 
     0         90  (system)           -11     0     0     0     0     0     0      0.000      0.000      3.000     11.000     10.583
     1         11  (e-)               -12     0     0    18     0     0     0      0.000      0.000      7.000      7.000      0.001
     2        -11  (e+)               -12     0     0    19     0     0     0      0.000      0.000     -4.000      4.000      0.001
     3         11  (e-)               -21     7     7     5     6     0     0      0.000      0.000      7.000      7.000      0.000
     4        -11  (e+)               -21     8     0     5     6     0     0      0.000      0.000     -3.422      3.422      0.000
     5          4  (c)                -23     3     4     9     9   101     0      1.446      4.396      1.219      5.015      1.500
     6         -4  (cbar)             -23     3     4    10    10     0   101     -1.446     -4.396      2.359      5.407      1.500
     7         11  (e-)               -42    12    12     3     3     0     0     -0.000      0.000      7.000      7.000      0.000
     8        -11  (e+)               -41    13     0    11     4     0     0      0.000     -0.000     -3.925      3.925      0.000
     9          4  (c)                -44     5     5    14    14   101     0      1.254      4.404      1.108      4.944      1.500
    10         -4  (cbar)             -44     6     6    15    15     0   101     -1.600     -4.389      2.370      5.449      1.500
    11         22  (gamma)            -43     8     0    16    16     0     0      0.346     -0.015     -0.403      0.531      0.000
    12         11  (e-)               -42    18    18     7     7     0     0      0.000      0.000      7.000      7.000      0.000
    13        -11  (e+)               -41    19    19    17     8     0     0     -0.000     -0.000     -4.000      4.000      0.000
    14          4  (c)                -44     9     9    20    20   101     0      1.226      4.376      1.046      4.898      1.500
    15         -4  (cbar)             -44    10    10    21    21     0   101     -1.623     -4.412      2.391      5.484      1.500
    16         22  (gamma)            -44    11    11    22    22     0     0      0.339     -0.022     -0.408      0.530      0.000
    17         22  (gamma)            -43    13     0    23    23     0     0      0.058      0.058     -0.030      0.088      0.000
    18         11  (e-)               -61     1     0    12    12     0     0     -0.000      0.000      7.000      7.000      0.000
    19        -11  (e+)               -61     2     0    13    13     0     0      0.000      0.000     -4.000      4.000      0.000
    20          4  c                   62    14    14     0     0   101     0      1.226      4.376      1.046      4.898      1.500
    21         -4  cbar                62    15    15     0     0     0   101     -1.623     -4.412      2.391      5.484      1.500
    22         22  gamma               62    16    16     0     0     0     0      0.339     -0.022     -0.408      0.530      0.000
    23         22  gamma               62    17    17     0     0     0     0      0.058      0.058     -0.030      0.088      0.000
    24         22  gamma               63     1     0     0     0     0     0      0.000      0.000      0.000      0.000      0.000
    25         22  gamma               63     2     0     0     0     0     0      0.000      0.000     -0.000      0.000      0.000
                                   Charge sum:  0.000           Momentum sum:     -0.000      0.000      3.000     11.000     10.583

 --------  End PYTHIA Event Listing  -----------------------------------------------------------------------------------------------
 PYTHIA Warning in TauDecays::decay: unknown correlated tau production, assuming from unpolarized photon  
 PYTHIA Warning in PhaseSpace2to2tauyz::trialKin: maximum for cross section violated  

 Pythia::next(): 10000 events have been generated 

 Pythia::next(): 20000 events have been generated 

 Pythia::next(): 30000 events have been generated 

 Pythia::next(): 40000 events have been generated 

 Pythia::next(): 50000 events have been generated 

 Pythia::next(): 60000 events have been generated 

 Pythia::next(): 70000 events have been generated 

 Pythia::next(): 80000 events have been generated 

 Pythia::next(): 90000 events have been generated 

 *-------  PYTHIA Event and Cross Section Statistics  -------------------------------------------------------------*
 |                                                                                                                 |
 | Subprocess                                    Code |            Number of events       |      sigma +- delta    |
 |                                                    |       Tried   Selected   Accepted |     (estimated) (mb)   |
 |                                                    |                                   |                        |
 |-----------------------------------------------------------------------------------------------------------------|
 |                                                    |                                   |                        |
 | f fbar -> f' fbar' (s-channel gamma*)          223 |     2424137     100000     100000 |   6.013e-06  9.491e-09 |
 |                                                    |                                   |                        |
 | sum                                                |     2424137     100000     100000 |   6.013e-06  9.491e-09 |
 |                                                                                                                 |
 *-------  End PYTHIA Event and Cross Section Statistics ----------------------------------------------------------*

 *-------  PYTHIA Error and Warning Messages Statistics  ----------------------------------------------------------* 
 |                                                                                                                 | 
 |  times   message                                                                                                | 
 |                                                                                                                 | 
 |    288   Warning in PhaseSpace2to2tauyz::trialKin: maximum for cross section violated                           | 
 |  14793   Warning in TauDecays::decay: unknown correlated tau production, assuming from unpolarized photon       | 
 |                                                                                                                 | 
 *-------  End PYTHIA Error and Warning Messages Statistics  ------------------------------------------------------* 
Gammatau2xmu: 2.991e-16

Gammatau2xe: 3.028e-16

BRtau2xmu: 1.320e-04

BRtau2xe: 1.336e-04

BRtau2xmu + BRtau2xe: 2.656e-04

produced tau excluding those daughters are also tau lepton: 2.959e+04
produced X: 2.959e+04
produced X/NMC: 2.959e-01

Proportion of X flying forward (eta>0): 6.266e-01
Proportion of X flying backward (eta<0): 3.734e-01

Total Gamma [GeV]: 6.895e-20
ctau [m]: 2.862e+03

Gammax2tautau: 0.000e+00

Gammax2mumu: 6.858e-20

Gammax2ee: 3.660e-22

Gammax2gmgm: 0.000e+00

BRx2tautau: 0.000e+00

BRx2mumu: 9.947e-01

BRx2ee: 5.308e-03

BRx2gmgm: 0.000e+00

X: insideFidVol: 0.000e+00
observedX: 2.226e+00
visibleX: 0.000e+00

X Observed Fiducial efficiency: 7.524e-05
X Visible Fiducial efficiency: 0.000e+00

reallyProduced tau: 9.200e+10
total number of tau-tau events: 4.600e+10

reallyProducedX: 8.603e+06
reallyobservedX: 6.473e+02
reallyvisibleX: 0.000e+00

