mX:  0.5
g_AB_Lamb:  6e-09
g_CC_Lamb:  1e-08
NMC 100000

 *-------  PYTHIA Process Initialization  --------------------------*
 |                                                                  |
 | We collide e- with e+ at a CM energy of 1.058e+01 GeV            |
 |                                                                  |
 |------------------------------------------------------------------|
 |                                                    |             |
 | Subprocess                                    Code |   Estimated |
 |                                                    |    max (mb) |
 |                                                    |             |
 |------------------------------------------------------------------|
 |                                                    |             |
 | f fbar -> f' fbar' (s-channel gamma*)          223 |   1.580e-04 |
 |                                                                  |
 *-------  End PYTHIA Process Initialization -----------------------*

 *-------  PYTHIA Flag + Mode + Parm + Word + FVec + MVec + PVec + WVec Settings (changes only)  ------------------* 
 |                                                                                                                 | 
 | Name                                          |                      Now |      Default         Min         Max | 
 |                                               |                          |                                      | 
 | Beams:eA                                      |                  7.00000 |     7000.000         0.0             | 
 | Beams:eB                                      |                  4.00000 |     7000.000         0.0             | 
 | Beams:frameType                               |                        2 |            1           1           5 | 
 | Beams:idA                                     |                       11 |         2212                         | 
 | Beams:idB                                     |                      -11 |         2212                         | 
 | HadronLevel:Hadronize                         |                      off |           on                         | 
 | Next:numberCount                              |                    10000 |         1000           0             | 
 | PartonLevel:MPI                               |                      off |           on                         | 
 | Random:seed                                   |                        0 |           -1               900000000 | 
 | Random:setSeed                                |                       on |          off                         | 
 | WeakSingleBoson:ffbar2ffbar(s:gm)             |                       on |          off                         | 
 |                                                                                                                 | 
 *-------  End PYTHIA Flag + Mode + Parm + Word + FVec + MVec + PVec + WVec Settings  -----------------------------* 

 --------  PYTHIA Particle Data Table (changed only)  ------------------------------------------------------------------------------
 
      id   name            antiName         spn chg col      m0        mWidth      mMin       mMax       tau0    res dec ext vis wid
             no onMode   bRatio   meMode     products 

      15  tau-             tau+               2  -3   0    1.77682    0.00000    0.00000    0.00000  8.71100e-02   0   1   0   1   0
              0     1   0.0000030  103       36       13 
              1     1   0.0000030  103       36       11 

      36  x                                   1   0   0    0.50000    0.00000    0.00000    0.00000  2.57578e+05   0   1   0   0   0
              0     1   0.0000000  103       15      -15 
              1     1   0.9946920  103       13      -13 
              2     1   0.0053080  103       11      -11 
              3     1   0.0000000  103       22       22 

 --------  End PYTHIA Particle Data Table  -----------------------------------------------------------------------------------------


 --------  PYTHIA Info Listing  ---------------------------------------- 
 
 Beam A: id =     11, pz =  5.292e+00, e =  5.292e+00, m =  5.110e-04.
 Beam B: id =    -11, pz = -5.292e+00, e =  5.292e+00, m =  5.110e-04.

 In 1: id =   11, x =  1.000e+00, pdf =  1.140e+07 at Q2 =  1.119e+02.
 In 2: id =  -11, x =  9.991e-01, pdf =  3.771e+01 at same Q2.

 Subprocess f fbar -> f' fbar' (s-channel gamma*) with code 223 is 2 -> 2.
 It has sHat =  1.119e+02,    tHat = -3.532e+01,    uHat = -7.658e+01,
       pTHat =  4.907e+00,   m3Hat =  3.300e-01,   m4Hat =  3.300e-01,
    thetaHat =  1.193e+00,  phiHat =  4.242e+00.
     alphaEM =  7.631e-03,  alphaS =  1.975e-01    at Q2 =  1.119e+02.

 Impact parameter b =  0.000e+00 gives enhancement factor =  1.000e+00.
 Max pT scale for MPI =  1.058e+01, ISR =  1.058e+01, FSR =  1.058e+01.
 Number of MPI =     1, ISR =     1, FSRproc =     1, FSRreson =     0.

 --------  End PYTHIA Info Listing  ------------------------------------

 --------  PYTHIA Event Listing  (hard process)  -----------------------------------------------------------------------------------
 
    no         id  name            status     mothers   daughters     colours      p_x        p_y        p_z         e          m 
     0         90  (system)           -11     0     0     0     0     0     0      0.000      0.000      3.000     11.000     10.583
     1         11  (e-)               -12     0     0     3     0     0     0      0.000      0.000      7.000      7.000      0.001
     2        -11  (e+)               -12     0     0     4     0     0     0      0.000      0.000     -4.000      4.000      0.001
     3         11  (e-)               -21     1     0     5     6     0     0      0.000      0.000      7.000      7.000      0.000
     4        -11  (e+)               -21     2     0     5     6     0     0      0.000      0.000     -3.996      3.996      0.000
     5          2  u                   23     3     4     0     0   101     0     -2.223     -4.374      3.526      6.051      0.330
     6         -2  ubar                23     3     4     0     0     0   101      2.223      4.374     -0.522      4.945      0.330
                                   Charge sum:  0.000           Momentum sum:      0.000      0.000      3.004     10.996     10.578

 --------  End PYTHIA Event Listing  -----------------------------------------------------------------------------------------------

 --------  PYTHIA Event Listing  (complete event)  ---------------------------------------------------------------------------------
 
    no         id  name            status     mothers   daughters     colours      p_x        p_y        p_z         e          m 
     0         90  (system)           -11     0     0     0     0     0     0      0.000      0.000      3.000     11.000     10.583
     1         11  (e-)               -12     0     0    16     0     0     0      0.000      0.000      7.000      7.000      0.001
     2        -11  (e+)               -12     0     0    17     0     0     0      0.000      0.000     -4.000      4.000      0.001
     3         11  (e-)               -21    10    10     5     6     0     0      0.000      0.000      7.000      7.000      0.000
     4        -11  (e+)               -21    11     0     5     6     0     0      0.000      0.000     -3.996      3.996      0.000
     5          2  (u)                -23     3     4     7     8   101     0     -2.223     -4.374      3.526      6.051      0.330
     6         -2  (ubar)             -23     3     4     9     9     0   101      2.223      4.374     -0.522      4.945      0.330
     7          2  (u)                -51     5     0    12    12   104     0     -2.131     -2.815      2.429      4.299      0.330
     8         21  (g)                -51     5     0    14    14   101   104     -0.053     -1.482      1.087      1.839      0.000
     9         -2  (ubar)             -52     6     6    13    13     0   101      2.184      4.297     -0.513      4.859      0.330
    10         11  (e-)               -42    16    16     3     3     0     0     -0.000     -0.000      7.000      7.000      0.000
    11        -11  (e+)               -41    17    17    15     4     0     0      0.000      0.000     -4.000      4.000      0.000
    12          2  (u)                -44     7     7    18    18   104     0     -2.132     -2.816      2.427      4.298      0.330
    13         -2  (ubar)             -44     9     9    19    19     0   101      2.183      4.296     -0.518      4.858      0.330
    14         21  (g)                -44     8     8    20    20   101   104     -0.053     -1.483      1.086      1.838      0.000
    15         22  (gamma)            -43    11     0    21    21     0     0      0.001      0.002      0.006      0.006      0.000
    16         11  (e-)               -61     1     0    10    10     0     0     -0.000      0.000      7.000      7.000      0.000
    17        -11  (e+)               -61     2     0    11    11     0     0      0.000     -0.000     -4.000      4.000      0.000
    18          2  u                   62    12    12     0     0   104     0     -2.132     -2.816      2.427      4.298      0.330
    19         -2  ubar                62    13    13     0     0     0   101      2.183      4.296     -0.518      4.858      0.330
    20         21  g                   62    14    14     0     0   101   104     -0.053     -1.483      1.086      1.838      0.000
    21         22  gamma               62    15    15     0     0     0     0      0.001      0.002      0.006      0.006      0.000
    22         22  gamma               63     1     0     0     0     0     0      0.000      0.000      0.000      0.000      0.000
    23         22  gamma               63     2     0     0     0     0     0      0.000      0.000     -0.000      0.000      0.000
                                   Charge sum:  0.000           Momentum sum:     -0.000     -0.000      3.000     11.000     10.583

 --------  End PYTHIA Event Listing  -----------------------------------------------------------------------------------------------
 PYTHIA Warning in TauDecays::decay: unknown correlated tau production, assuming from unpolarized photon  
 PYTHIA Warning in PhaseSpace2to2tauyz::trialKin: maximum for cross section violated  

 Pythia::next(): 10000 events have been generated 

 Pythia::next(): 20000 events have been generated 

 Pythia::next(): 30000 events have been generated 

 Pythia::next(): 40000 events have been generated 

 Pythia::next(): 50000 events have been generated 

 Pythia::next(): 60000 events have been generated 

 Pythia::next(): 70000 events have been generated 

 Pythia::next(): 80000 events have been generated 

 Pythia::next(): 90000 events have been generated 

 *-------  PYTHIA Event and Cross Section Statistics  -------------------------------------------------------------*
 |                                                                                                                 |
 | Subprocess                                    Code |            Number of events       |      sigma +- delta    |
 |                                                    |       Tried   Selected   Accepted |     (estimated) (mb)   |
 |                                                    |                                   |                        |
 |-----------------------------------------------------------------------------------------------------------------|
 |                                                    |                                   |                        |
 | f fbar -> f' fbar' (s-channel gamma*)          223 |     2630897     100000     100000 |   5.998e-06  9.372e-09 |
 |                                                    |                                   |                        |
 | sum                                                |     2630897     100000     100000 |   5.998e-06  9.372e-09 |
 |                                                                                                                 |
 *-------  End PYTHIA Event and Cross Section Statistics ----------------------------------------------------------*

 *-------  PYTHIA Error and Warning Messages Statistics  ----------------------------------------------------------* 
 |                                                                                                                 | 
 |  times   message                                                                                                | 
 |                                                                                                                 | 
 |    258   Warning in PhaseSpace2to2tauyz::trialKin: maximum for cross section violated                           | 
 |  14878   Warning in TauDecays::decay: unknown correlated tau production, assuming from unpolarized photon       | 
 |                                                                                                                 | 
 *-------  End PYTHIA Error and Warning Messages Statistics  ------------------------------------------------------* 
Gammatau2xmu: 6.729e-18

Gammatau2xe: 6.813e-18

BRtau2xmu: 2.970e-06

BRtau2xe: 3.007e-06

BRtau2xmu + BRtau2xe: 5.977e-06

produced tau excluding those daughters are also tau lepton: 2.976e+04
produced X: 2.976e+04
produced X/NMC: 2.976e-01

Proportion of X flying forward (eta>0): 6.230e-01
Proportion of X flying backward (eta<0): 3.770e-01

Total Gamma [GeV]: 7.661e-19
ctau [m]: 2.576e+02

Gammax2tautau: 0.000e+00

Gammax2mumu: 7.620e-19

Gammax2ee: 4.066e-21

Gammax2gmgm: 0.000e+00

BRx2tautau: 0.000e+00

BRx2mumu: 9.947e-01

BRx2ee: 5.308e-03

BRx2gmgm: 0.000e+00

X: insideFidVol: 2.300e+01
observedX: 2.481e+01
visibleX: 3.876e-04

X Observed Fiducial efficiency: 8.339e-04
X Visible Fiducial efficiency: 1.303e-08

reallyProduced tau: 9.200e+10
total number of tau-tau events: 4.600e+10

reallyProducedX: 1.936e+05
reallyobservedX: 1.614e+02
reallyvisibleX: 2.522e-03

