mX:  0.5
g_AB_Lamb:  1e-08
g_CC_Lamb:  1.5e-07
NMC 100000

 *-------  PYTHIA Process Initialization  --------------------------*
 |                                                                  |
 | We collide e- with e+ at a CM energy of 1.058e+01 GeV            |
 |                                                                  |
 |------------------------------------------------------------------|
 |                                                    |             |
 | Subprocess                                    Code |   Estimated |
 |                                                    |    max (mb) |
 |                                                    |             |
 |------------------------------------------------------------------|
 |                                                    |             |
 | f fbar -> f' fbar' (s-channel gamma*)          223 |   1.510e-04 |
 |                                                                  |
 *-------  End PYTHIA Process Initialization -----------------------*

 *-------  PYTHIA Flag + Mode + Parm + Word + FVec + MVec + PVec + WVec Settings (changes only)  ------------------* 
 |                                                                                                                 | 
 | Name                                          |                      Now |      Default         Min         Max | 
 |                                               |                          |                                      | 
 | Beams:eA                                      |                  7.00000 |     7000.000         0.0             | 
 | Beams:eB                                      |                  4.00000 |     7000.000         0.0             | 
 | Beams:frameType                               |                        2 |            1           1           5 | 
 | Beams:idA                                     |                       11 |         2212                         | 
 | Beams:idB                                     |                      -11 |         2212                         | 
 | HadronLevel:Hadronize                         |                      off |           on                         | 
 | Next:numberCount                              |                    10000 |         1000           0             | 
 | PartonLevel:MPI                               |                      off |           on                         | 
 | Random:seed                                   |                        0 |           -1               900000000 | 
 | Random:setSeed                                |                       on |          off                         | 
 | WeakSingleBoson:ffbar2ffbar(s:gm)             |                       on |          off                         | 
 |                                                                                                                 | 
 *-------  End PYTHIA Flag + Mode + Parm + Word + FVec + MVec + PVec + WVec Settings  -----------------------------* 

 --------  PYTHIA Particle Data Table (changed only)  ------------------------------------------------------------------------------
 
      id   name            antiName         spn chg col      m0        mWidth      mMin       mMax       tau0    res dec ext vis wid
             no onMode   bRatio   meMode     products 

      15  tau-             tau+               2  -3   0    1.77682    0.00000    0.00000    0.00000  8.71100e-02   0   1   0   1   0
              0     1   0.0000082  103       36       13 
              1     1   0.0000084  103       36       11 

      36  x                                   1   0   0    0.50000    0.00000    0.00000    0.00000  1.14479e+03   0   1   0   0   0
              0     1   0.0000000  103       15      -15 
              1     1   0.9946920  103       13      -13 
              2     1   0.0053080  103       11      -11 
              3     1   0.0000000  103       22       22 

 --------  End PYTHIA Particle Data Table  -----------------------------------------------------------------------------------------


 --------  PYTHIA Info Listing  ---------------------------------------- 
 
 Beam A: id =     11, pz =  5.292e+00, e =  5.292e+00, m =  5.110e-04.
 Beam B: id =    -11, pz = -5.292e+00, e =  5.292e+00, m =  5.110e-04.

 In 1: id =   11, x =  9.948e-01, pdf =  6.852e+00 at Q2 =  1.114e+02.
 In 2: id =  -11, x =  1.000e+00, pdf =  8.268e+06 at same Q2.

 Subprocess f fbar -> f' fbar' (s-channel gamma*) with code 223 is 2 -> 2.
 It has sHat =  1.114e+02,    tHat = -2.207e+01,    uHat = -8.935e+01,
       pTHat =  4.199e+00,   m3Hat =  3.300e-01,   m4Hat =  3.300e-01,
    thetaHat =  9.225e-01,  phiHat =  1.799e+00.
     alphaEM =  7.631e-03,  alphaS =  1.976e-01    at Q2 =  1.114e+02.

 Impact parameter b =  0.000e+00 gives enhancement factor =  1.000e+00.
 Max pT scale for MPI =  1.058e+01, ISR =  1.056e+01, FSR =  1.056e+01.
 Number of MPI =     1, ISR =     1, FSRproc =     3, FSRreson =     0.

 --------  End PYTHIA Info Listing  ------------------------------------

 --------  PYTHIA Event Listing  (hard process)  -----------------------------------------------------------------------------------
 
    no         id  name            status     mothers   daughters     colours      p_x        p_y        p_z         e          m 
     0         90  (system)           -11     0     0     0     0     0     0      0.000      0.000      3.000     11.000     10.583
     1         11  (e-)               -12     0     0     3     0     0     0      0.000      0.000      7.000      7.000      0.001
     2        -11  (e+)               -12     0     0     4     0     0     0      0.000      0.000     -4.000      4.000      0.001
     3         11  (e-)               -21     1     0     5     6     0     0      0.000      0.000      6.964      6.964      0.000
     4        -11  (e+)               -21     2     0     5     6     0     0      0.000      0.000     -4.000      4.000      0.000
     5          2  u                   23     3     4     0     0   101     0     -0.950      4.090      4.786      6.375      0.330
     6         -2  ubar                23     3     4     0     0     0   101      0.950     -4.090     -1.822      4.589      0.330
                                   Charge sum:  0.000           Momentum sum:      0.000      0.000      2.964     10.964     10.555

 --------  End PYTHIA Event Listing  -----------------------------------------------------------------------------------------------

 --------  PYTHIA Event Listing  (complete event)  ---------------------------------------------------------------------------------
 
    no         id  name            status     mothers   daughters     colours      p_x        p_y        p_z         e          m 
     0         90  (system)           -11     0     0     0     0     0     0      0.000      0.000      3.000     11.000     10.583
     1         11  (e-)               -12     0     0    24     0     0     0      0.000      0.000      7.000      7.000      0.001
     2        -11  (e+)               -12     0     0    25     0     0     0      0.000      0.000     -4.000      4.000      0.001
     3         11  (e-)               -21    16     0     5     6     0     0      0.000      0.000      6.964      6.964      0.000
     4        -11  (e+)               -21    17    17     5     6     0     0      0.000      0.000     -4.000      4.000      0.000
     5          2  (u)                -23     3     4     9     9   101     0     -0.950      4.090      4.786      6.375      0.330
     6         -2  (ubar)             -23     3     4     7     8     0   101      0.950     -4.090     -1.822      4.589      0.330
     7         -2  (ubar)             -51     6     0    10    11     0   102      1.186     -3.748     -2.100      4.469      0.330
     8         21  (g)                -51     6     0    12    12   102   101     -0.424      0.468      1.225      1.379      0.000
     9          2  (u)                -52     5     5    18    18   101     0     -0.761      3.279      3.839      5.116      0.330
    10         -2  (ubar)             -51     7     0    13    14     0   103      0.973     -3.732     -1.472      4.141      0.330
    11         21  (g)                -51     7     0    15    15   103   102      0.159      0.043     -0.474      0.502      0.000
    12         21  (g)                -52     8     8    20    20   102   101     -0.371      0.409      1.071      1.205      0.000
    13         -2  (ubar)             -51    10     0    19    19     0   104     -0.227     -1.011     -0.612      1.248      0.330
    14         21  (g)                -51    10     0    22    22   104   103      1.300     -2.694     -1.156      3.207      0.000
    15         21  (g)                -52    11    11    21    21   103   102      0.060      0.016     -0.178      0.188      0.000
    16         11  (e-)               -41    24    24    23     3     0     0      0.000     -0.000      7.000      7.000      0.000
    17        -11  (e+)               -42    25    25     4     4     0     0     -0.000     -0.000     -4.000      4.000      0.000
    18          2  (u)                -44     9     9    26    26   101     0     -0.763      3.279      3.839      5.116      0.330
    19         -2  (ubar)             -44    13    13    27    27     0   104     -0.228     -1.011     -0.612      1.248      0.330
    20         21  (g)                -44    12    12    28    28   102   101     -0.371      0.409      1.071      1.205      0.000
    21         21  (g)                -44    15    15    29    29   103   102      0.060      0.016     -0.178      0.188      0.000
    22         21  (g)                -44    14    14    30    30   104   103      1.299     -2.694     -1.156      3.207      0.000
    23         22  (gamma)            -43    16     0    31    31     0     0      0.003      0.000      0.036      0.036      0.000
    24         11  (e-)               -61     1     0    16    16     0     0     -0.000      0.000      7.000      7.000      0.000
    25        -11  (e+)               -61     2     0    17    17     0     0      0.000      0.000     -4.000      4.000      0.000
    26          2  u                   62    18    18     0     0   101     0     -0.763      3.279      3.839      5.116      0.330
    27         -2  ubar                62    19    19     0     0     0   104     -0.228     -1.011     -0.612      1.248      0.330
    28         21  g                   62    20    20     0     0   102   101     -0.371      0.409      1.071      1.205      0.000
    29         21  g                   62    21    21     0     0   103   102      0.060      0.016     -0.178      0.188      0.000
    30         21  g                   62    22    22     0     0   104   103      1.299     -2.694     -1.156      3.207      0.000
    31         22  gamma               62    23    23     0     0     0     0      0.003      0.000      0.036      0.036      0.000
    32         22  gamma               63     1     0     0     0     0     0      0.000      0.000      0.000      0.000      0.000
    33         22  gamma               63     2     0     0     0     0     0      0.000      0.000     -0.000      0.000      0.000
                                   Charge sum:  0.000           Momentum sum:      0.000     -0.000      3.000     11.000     10.583

 --------  End PYTHIA Event Listing  -----------------------------------------------------------------------------------------------
 PYTHIA Warning in TauDecays::decay: unknown correlated tau production, assuming from unpolarized photon  
 PYTHIA Warning in PhaseSpace2to2tauyz::trialKin: maximum for cross section violated  

 Pythia::next(): 10000 events have been generated 

 Pythia::next(): 20000 events have been generated 

 Pythia::next(): 30000 events have been generated 

 Pythia::next(): 40000 events have been generated 

 Pythia::next(): 50000 events have been generated 

 Pythia::next(): 60000 events have been generated 

 Pythia::next(): 70000 events have been generated 

 Pythia::next(): 80000 events have been generated 

 Pythia::next(): 90000 events have been generated 

 *-------  PYTHIA Event and Cross Section Statistics  -------------------------------------------------------------*
 |                                                                                                                 |
 | Subprocess                                    Code |            Number of events       |      sigma +- delta    |
 |                                                    |       Tried   Selected   Accepted |     (estimated) (mb)   |
 |                                                    |                                   |                        |
 |-----------------------------------------------------------------------------------------------------------------|
 |                                                    |                                   |                        |
 | f fbar -> f' fbar' (s-channel gamma*)          223 |     2515208     100000     100000 |   6.008e-06  9.385e-09 |
 |                                                    |                                   |                        |
 | sum                                                |     2515208     100000     100000 |   6.008e-06  9.385e-09 |
 |                                                                                                                 |
 *-------  End PYTHIA Event and Cross Section Statistics ----------------------------------------------------------*

 *-------  PYTHIA Error and Warning Messages Statistics  ----------------------------------------------------------* 
 |                                                                                                                 | 
 |  times   message                                                                                                | 
 |                                                                                                                 | 
 |    299   Warning in PhaseSpace2to2tauyz::trialKin: maximum for cross section violated                           | 
 |  14765   Warning in TauDecays::decay: unknown correlated tau production, assuming from unpolarized photon       | 
 |                                                                                                                 | 
 *-------  End PYTHIA Error and Warning Messages Statistics  ------------------------------------------------------* 
Gammatau2xmu: 1.869e-17

Gammatau2xe: 1.893e-17

BRtau2xmu: 8.249e-06

BRtau2xe: 8.353e-06

BRtau2xmu + BRtau2xe: 1.660e-05

produced tau excluding those daughters are also tau lepton: 2.953e+04
produced X: 2.953e+04
produced X/NMC: 2.953e-01

Proportion of X flying forward (eta>0): 6.243e-01
Proportion of X flying backward (eta<0): 3.757e-01

Total Gamma [GeV]: 1.724e-16
ctau [m]: 1.145e+00

Gammax2tautau: 0.000e+00

Gammax2mumu: 1.715e-16

Gammax2ee: 9.149e-19

Gammax2gmgm: 0.000e+00

BRx2tautau: 0.000e+00

BRx2mumu: 9.947e-01

BRx2ee: 5.308e-03

BRx2gmgm: 0.000e+00

X: insideFidVol: 4.489e+03
observedX: 4.396e+03
visibleX: 1.533e-01

X Observed Fiducial efficiency: 1.489e-01
X Visible Fiducial efficiency: 5.193e-06

reallyProduced tau: 9.200e+10
total number of tau-tau events: 4.600e+10

reallyProducedX: 5.378e+05
reallyobservedX: 8.006e+04
reallyvisibleX: 2.793e+00

