mX:  1.5
g_AB_Lamb:  8e-09
g_CC_Lamb:  3e-05
NMC 100000

 *-------  PYTHIA Process Initialization  --------------------------*
 |                                                                  |
 | We collide e- with e+ at a CM energy of 1.058e+01 GeV            |
 |                                                                  |
 |------------------------------------------------------------------|
 |                                                    |             |
 | Subprocess                                    Code |   Estimated |
 |                                                    |    max (mb) |
 |                                                    |             |
 |------------------------------------------------------------------|
 |                                                    |             |
 | f fbar -> f' fbar' (s-channel gamma*)          223 |   1.338e-04 |
 |                                                                  |
 *-------  End PYTHIA Process Initialization -----------------------*

 *-------  PYTHIA Flag + Mode + Parm + Word + FVec + MVec + PVec + WVec Settings (changes only)  ------------------* 
 |                                                                                                                 | 
 | Name                                          |                      Now |      Default         Min         Max | 
 |                                               |                          |                                      | 
 | Beams:eA                                      |                  7.00000 |     7000.000         0.0             | 
 | Beams:eB                                      |                  4.00000 |     7000.000         0.0             | 
 | Beams:frameType                               |                        2 |            1           1           5 | 
 | Beams:idA                                     |                       11 |         2212                         | 
 | Beams:idB                                     |                      -11 |         2212                         | 
 | HadronLevel:Hadronize                         |                      off |           on                         | 
 | Next:numberCount                              |                    10000 |         1000           0             | 
 | PartonLevel:MPI                               |                      off |           on                         | 
 | Random:seed                                   |                        0 |           -1               900000000 | 
 | Random:setSeed                                |                       on |          off                         | 
 | WeakSingleBoson:ffbar2ffbar(s:gm)             |                       on |          off                         | 
 |                                                                                                                 | 
 *-------  End PYTHIA Flag + Mode + Parm + Word + FVec + MVec + PVec + WVec Settings  -----------------------------* 

 --------  PYTHIA Particle Data Table (changed only)  ------------------------------------------------------------------------------
 
      id   name            antiName         spn chg col      m0        mWidth      mMin       mMax       tau0    res dec ext vis wid
             no onMode   bRatio   meMode     products 

      15  tau-             tau+               2  -3   0    1.77682    0.00000    0.00000    0.00000  8.71100e-02   0   1   0   1   0
              0     1   0.0000005  103       36       13 
              1     1   0.0000005  103       36       11 

      36  x                                   1   0   0    1.50000    0.00000    0.00000    0.00000  2.91235e-03   0   1   0   0   0
              0     1   0.0000000  103       15      -15 
              1     1   0.9951390  103       13      -13 
              2     1   0.0048613  103       11      -11 
              3     1   0.0000000  103       22       22 

 --------  End PYTHIA Particle Data Table  -----------------------------------------------------------------------------------------


 --------  PYTHIA Info Listing  ---------------------------------------- 
 
 Beam A: id =     11, pz =  5.292e+00, e =  5.292e+00, m =  5.110e-04.
 Beam B: id =    -11, pz = -5.292e+00, e =  5.292e+00, m =  5.110e-04.

 In 1: id =   11, x =  9.748e-01, pdf =  1.456e+00 at Q2 =  1.092e+02.
 In 2: id =  -11, x =  1.000e+00, pdf =  5.828e+03 at same Q2.

 Subprocess f fbar -> f' fbar' (s-channel gamma*) with code 223 is 2 -> 2.
 It has sHat =  1.092e+02,    tHat = -6.530e+01,    uHat = -4.388e+01,
       pTHat =  4.907e+00,   m3Hat =  1.500e+00,   m4Hat =  1.500e+00,
    thetaHat =  1.768e+00,  phiHat =  6.136e-01.
     alphaEM =  7.630e-03,  alphaS =  1.981e-01    at Q2 =  1.092e+02.

 Impact parameter b =  0.000e+00 gives enhancement factor =  1.000e+00.
 Max pT scale for MPI =  1.058e+01, ISR =  1.045e+01, FSR =  1.045e+01.
 Number of MPI =     1, ISR =     1, FSRproc =     3, FSRreson =     0.

 --------  End PYTHIA Info Listing  ------------------------------------

 --------  PYTHIA Event Listing  (hard process)  -----------------------------------------------------------------------------------
 
    no         id  name            status     mothers   daughters     colours      p_x        p_y        p_z         e          m 
     0         90  (system)           -11     0     0     0     0     0     0      0.000      0.000      3.000     11.000     10.583
     1         11  (e-)               -12     0     0     3     0     0     0      0.000      0.000      7.000      7.000      0.001
     2        -11  (e+)               -12     0     0     4     0     0     0      0.000      0.000     -4.000      4.000      0.001
     3         11  (e-)               -21     1     0     5     6     0     0      0.000      0.000      6.824      6.824      0.000
     4        -11  (e+)               -21     2     0     5     6     0     0      0.000      0.000     -4.000      4.000      0.000
     5          4  c                   23     3     4     0     0   101     0      4.012      2.826      0.395      5.147      1.500
     6         -4  cbar                23     3     4     0     0     0   101     -4.012     -2.826      2.429      5.677      1.500
                                   Charge sum:  0.000           Momentum sum:      0.000      0.000      2.824     10.824     10.449

 --------  End PYTHIA Event Listing  -----------------------------------------------------------------------------------------------

 --------  PYTHIA Event Listing  (complete event)  ---------------------------------------------------------------------------------
 
    no         id  name            status     mothers   daughters     colours      p_x        p_y        p_z         e          m 
     0         90  (system)           -11     0     0     0     0     0     0      0.000      0.000      3.000     11.000     10.583
     1         11  (e-)               -12     0     0    24     0     0     0      0.000      0.000      7.000      7.000      0.001
     2        -11  (e+)               -12     0     0    25     0     0     0      0.000      0.000     -4.000      4.000      0.001
     3         11  (e-)               -21    16     0     5     6     0     0      0.000      0.000      6.824      6.824      0.000
     4        -11  (e+)               -21    17    17     5     6     0     0      0.000      0.000     -4.000      4.000      0.000
     5          4  (c)                -23     3     4     9     9   101     0      4.012      2.826      0.395      5.147      1.500
     6         -4  (cbar)             -23     3     4     7     8     0   101     -4.012     -2.826      2.429      5.677      1.500
     7         -4  (cbar)             -51     6     0    10    11     0   101     -2.881     -2.554     -0.615      4.177      1.500
     8         22  (gamma)            -51     6     0    20    20     0     0      0.422      0.822      3.139      3.272      0.000
     9          4  (c)                -52     5     5    12    12   101     0      2.459      1.732      0.300      3.374      1.500
    10         -4  (cbar)             -51     7     0    19    19     0   102     -1.425     -2.682     -0.176      3.392      1.500
    11         21  (g)                -51     7     0    13    14   102   101     -1.069      0.408     -0.388      1.208      0.000
    12          4  (c)                -52     9     9    15    15   101     0      2.072      1.452      0.249      2.952      1.500
    13         21  (g)                -51    11     0    21    21   102   104     -0.929      0.695     -0.492      1.260      0.000
    14         21  (g)                -51    11     0    22    22   104   101      0.307     -0.069      0.178      0.362      0.000
    15          4  (c)                -52    12    12    18    18   101     0      1.624      1.233      0.174      2.538      1.500
    16         11  (e-)               -41    24    24    23     3     0     0     -0.000     -0.000      7.000      7.000      0.000
    17        -11  (e+)               -42    25    25     4     4     0     0     -0.000     -0.000     -4.000      4.000      0.000
    18          4  (c)                -44    15    15    26    26   101     0      1.624      1.233      0.174      2.537      1.500
    19         -4  (cbar)             -44    10    10    27    27     0   102     -1.425     -2.682     -0.176      3.392      1.500
    20         22  (gamma)            -44     8     8    28    28     0     0      0.421      0.822      3.139      3.272      0.000
    21         21  (g)                -44    13    13    29    29   102   104     -0.929      0.695     -0.492      1.260      0.000
    22         21  (g)                -44    14    14    30    30   104   101      0.307     -0.069      0.178      0.362      0.000
    23         22  (gamma)            -43    16     0    31    31     0     0      0.002      0.001      0.176      0.176      0.000
    24         11  (e-)               -61     1     0    16    16     0     0      0.000      0.000      7.000      7.000      0.000
    25        -11  (e+)               -61     2     0    17    17     0     0      0.000      0.000     -4.000      4.000      0.000
    26          4  c                   62    18    18     0     0   101     0      1.624      1.233      0.174      2.537      1.500
    27         -4  cbar                62    19    19     0     0     0   102     -1.425     -2.682     -0.176      3.392      1.500
    28         22  gamma               62    20    20     0     0     0     0      0.421      0.822      3.139      3.272      0.000
    29         21  g                   62    21    21     0     0   102   104     -0.929      0.695     -0.492      1.260      0.000
    30         21  g                   62    22    22     0     0   104   101      0.307     -0.069      0.178      0.362      0.000
    31         22  gamma               62    23    23     0     0     0     0      0.002      0.001      0.176      0.176      0.000
    32         22  gamma               63     1     0     0     0     0     0      0.000      0.000      0.000      0.000      0.000
    33         22  gamma               63     2     0     0     0     0     0      0.000      0.000     -0.000      0.000      0.000
                                   Charge sum:  0.000           Momentum sum:      0.000      0.000      3.000     11.000     10.583

 --------  End PYTHIA Event Listing  -----------------------------------------------------------------------------------------------
 PYTHIA Warning in TauDecays::decay: unknown correlated tau production, assuming from unpolarized photon  
 PYTHIA Warning in PhaseSpace2to2tauyz::trialKin: maximum for cross section violated  
 PYTHIA Warning in PhaseSpace2to2tauyz::finalKin: failed after mass assignment  

 Pythia::next(): 10000 events have been generated 

 Pythia::next(): 20000 events have been generated 

 Pythia::next(): 30000 events have been generated 

 Pythia::next(): 40000 events have been generated 

 Pythia::next(): 50000 events have been generated 

 Pythia::next(): 60000 events have been generated 

 Pythia::next(): 70000 events have been generated 

 Pythia::next(): 80000 events have been generated 

 Pythia::next(): 90000 events have been generated 

 *-------  PYTHIA Event and Cross Section Statistics  -------------------------------------------------------------*
 |                                                                                                                 |
 | Subprocess                                    Code |            Number of events       |      sigma +- delta    |
 |                                                    |       Tried   Selected   Accepted |     (estimated) (mb)   |
 |                                                    |                                   |                        |
 |-----------------------------------------------------------------------------------------------------------------|
 |                                                    |                                   |                        |
 | f fbar -> f' fbar' (s-channel gamma*)          223 |     2223300     100001     100000 |   6.010e-06  9.920e-09 |
 |                                                    |                                   |                        |
 | sum                                                |     2223300     100001     100000 |   6.010e-06  9.920e-09 |
 |                                                                                                                 |
 *-------  End PYTHIA Event and Cross Section Statistics ----------------------------------------------------------*

 *-------  PYTHIA Error and Warning Messages Statistics  ----------------------------------------------------------* 
 |                                                                                                                 | 
 |  times   message                                                                                                | 
 |                                                                                                                 | 
 |      1   Warning in PhaseSpace2to2tauyz::finalKin: failed after mass assignment                                 | 
 |   1730   Warning in PhaseSpace2to2tauyz::trialKin: maximum for cross section violated                           | 
 |  14825   Warning in TauDecays::decay: unknown correlated tau production, assuming from unpolarized photon       | 
 |                                                                                                                 | 
 *-------  End PYTHIA Error and Warning Messages Statistics  ------------------------------------------------------* 
Gammatau2xmu: 1.053e-18

Gammatau2xe: 1.180e-18

BRtau2xmu: 4.649e-07

BRtau2xe: 5.206e-07

BRtau2xmu + BRtau2xe: 9.855e-07

produced tau excluding those daughters are also tau lepton: 2.965e+04
produced X: 2.965e+04
produced X/NMC: 2.965e-01

Proportion of X flying forward (eta>0): 6.166e-01
Proportion of X flying backward (eta<0): 3.834e-01

Total Gamma [GeV]: 6.776e-11
ctau [m]: 2.912e-06

Gammax2tautau: 0.000e+00

Gammax2mumu: 6.743e-11

Gammax2ee: 3.294e-13

Gammax2gmgm: 0.000e+00

BRx2tautau: 0.000e+00

BRx2mumu: 9.951e-01

BRx2ee: 4.861e-03

BRx2gmgm: 0.000e+00

X: insideFidVol: 0.000e+00
observedX: 0.000e+00
visibleX: 0.000e+00

X Observed Fiducial efficiency: 0.000e+00
X Visible Fiducial efficiency: 0.000e+00

reallyProduced tau: 9.200e+10
total number of tau-tau events: 4.600e+10

reallyProducedX: 3.192e+04
reallyobservedX: 0.000e+00
reallyvisibleX: 0.000e+00

