mX:  0.5
g_AB_Lamb:  2e-07
g_CC_Lamb:  1e-07
NMC 100000

 *-------  PYTHIA Process Initialization  --------------------------*
 |                                                                  |
 | We collide e- with e+ at a CM energy of 1.058e+01 GeV            |
 |                                                                  |
 |------------------------------------------------------------------|
 |                                                    |             |
 | Subprocess                                    Code |   Estimated |
 |                                                    |    max (mb) |
 |                                                    |             |
 |------------------------------------------------------------------|
 |                                                    |             |
 | f fbar -> f' fbar' (s-channel gamma*)          223 |   1.228e-04 |
 |                                                                  |
 *-------  End PYTHIA Process Initialization -----------------------*

 *-------  PYTHIA Flag + Mode + Parm + Word + FVec + MVec + PVec + WVec Settings (changes only)  ------------------* 
 |                                                                                                                 | 
 | Name                                          |                      Now |      Default         Min         Max | 
 |                                               |                          |                                      | 
 | Beams:eA                                      |                  7.00000 |     7000.000         0.0             | 
 | Beams:eB                                      |                  4.00000 |     7000.000         0.0             | 
 | Beams:frameType                               |                        2 |            1           1           5 | 
 | Beams:idA                                     |                       11 |         2212                         | 
 | Beams:idB                                     |                      -11 |         2212                         | 
 | HadronLevel:Hadronize                         |                      off |           on                         | 
 | Next:numberCount                              |                    10000 |         1000           0             | 
 | PartonLevel:MPI                               |                      off |           on                         | 
 | Random:seed                                   |                        0 |           -1               900000000 | 
 | Random:setSeed                                |                       on |          off                         | 
 | WeakSingleBoson:ffbar2ffbar(s:gm)             |                       on |          off                         | 
 |                                                                                                                 | 
 *-------  End PYTHIA Flag + Mode + Parm + Word + FVec + MVec + PVec + WVec Settings  -----------------------------* 

 --------  PYTHIA Particle Data Table (changed only)  ------------------------------------------------------------------------------
 
      id   name            antiName         spn chg col      m0        mWidth      mMin       mMax       tau0    res dec ext vis wid
             no onMode   bRatio   meMode     products 

      15  tau-             tau+               2  -3   0    1.77682    0.00000    0.00000    0.00000  8.71100e-02   0   1   0   1   0
              0     1   0.0032779  103       36       13 
              1     1   0.0033192  103       36       11 

      36  x                                   1   0   0    0.50000    0.00000    0.00000    0.00000  2.57578e+03   0   1   0   0   0
              0     1   0.0000000  103       15      -15 
              1     1   0.9946920  103       13      -13 
              2     1   0.0053080  103       11      -11 
              3     1   0.0000000  103       22       22 

 --------  End PYTHIA Particle Data Table  -----------------------------------------------------------------------------------------


 --------  PYTHIA Info Listing  ---------------------------------------- 
 
 Beam A: id =     11, pz =  5.292e+00, e =  5.292e+00, m =  5.110e-04.
 Beam B: id =    -11, pz = -5.292e+00, e =  5.292e+00, m =  5.110e-04.

 In 1: id =   11, x =  1.000e+00, pdf =  6.179e+06 at Q2 =  1.078e+02.
 In 2: id =  -11, x =  9.621e-01, pdf =  9.594e-01 at same Q2.

 Subprocess f fbar -> f' fbar' (s-channel gamma*) with code 223 is 2 -> 2.
 It has sHat =  1.078e+02,    tHat = -5.399e+00,    uHat = -1.024e+02,
       pTHat =  2.265e+00,   m3Hat =  5.110e-04,   m4Hat =  5.110e-04,
    thetaHat =  4.515e-01,  phiHat =  1.684e+00.
     alphaEM =  7.630e-03,  alphaS =  1.984e-01    at Q2 =  1.078e+02.

 Impact parameter b =  0.000e+00 gives enhancement factor =  1.000e+00.
 Max pT scale for MPI =  1.058e+01, ISR =  1.058e+01, FSR =  1.058e+01.
 Number of MPI =     1, ISR =     1, FSRproc =     0, FSRreson =     0.

 --------  End PYTHIA Info Listing  ------------------------------------

 --------  PYTHIA Event Listing  (hard process)  -----------------------------------------------------------------------------------
 
    no         id  name            status     mothers   daughters     colours      p_x        p_y        p_z         e          m 
     0         90  (system)           -11     0     0     0     0     0     0      0.000      0.000      3.000     11.000     10.583
     1         11  (e-)               -12     0     0     3     0     0     0      0.000      0.000      7.000      7.000      0.001
     2        -11  (e+)               -12     0     0     4     0     0     0      0.000      0.000     -4.000      4.000      0.001
     3         11  (e-)               -21     1     0     5     6     0     0      0.000      0.000      7.000      7.000      0.000
     4        -11  (e+)               -21     2     0     5     6     0     0      0.000      0.000     -3.848      3.848      0.000
     5         11  e-                  23     3     4     0     0     0     0     -0.257      2.250      6.456      6.842      0.001
     6        -11  e+                  23     3     4     0     0     0     0      0.257     -2.250     -3.305      4.006      0.001
                                   Charge sum:  0.000           Momentum sum:      0.000      0.000      3.152     10.848     10.381

 --------  End PYTHIA Event Listing  -----------------------------------------------------------------------------------------------

 --------  PYTHIA Event Listing  (complete event)  ---------------------------------------------------------------------------------
 
    no         id  name            status     mothers   daughters     colours      p_x        p_y        p_z         e          m 
     0         90  (system)           -11     0     0     0     0     0     0      0.000      0.000      3.000     11.000     10.583
     1         11  (e-)               -12     0     0    12     0     0     0      0.000      0.000      7.000      7.000      0.001
     2        -11  (e+)               -12     0     0    13     0     0     0      0.000      0.000     -4.000      4.000      0.001
     3         11  (e-)               -21     7     7     5     6     0     0      0.000      0.000      7.000      7.000      0.000
     4        -11  (e+)               -21     8     0     5     6     0     0      0.000      0.000     -3.848      3.848      0.000
     5         11  (e-)               -23     3     4     9     9     0     0     -0.257      2.250      6.456      6.842      0.001
     6        -11  (e+)               -23     3     4    10    10     0     0      0.257     -2.250     -3.305      4.006      0.001
     7         11  (e-)               -42    12    12     3     3     0     0      0.000     -0.000      7.000      7.000      0.000
     8        -11  (e+)               -41    13    13    11     4     0     0     -0.000      0.000     -4.000      4.000      0.000
     9         11  (e-)               -44     5     5    14    14     0     0     -0.256      2.249      6.447      6.833      0.001
    10        -11  (e+)               -44     6     6    15    15     0     0      0.280     -2.272     -3.298      4.015      0.001
    11         22  (gamma)            -43     8     0    16    16     0     0     -0.024      0.023     -0.149      0.152      0.000
    12         11  (e-)               -61     1     0     7     7     0     0      0.000     -0.000      7.000      7.000      0.000
    13        -11  (e+)               -61     2     0     8     8     0     0     -0.000      0.000     -4.000      4.000      0.000
    14         11  e-                  62     9     9     0     0     0     0     -0.256      2.249      6.447      6.833      0.001
    15        -11  e+                  62    10    10     0     0     0     0      0.280     -2.272     -3.298      4.015      0.001
    16         22  gamma               62    11    11     0     0     0     0     -0.024      0.023     -0.149      0.152      0.000
    17         22  gamma               63     1     0     0     0     0     0      0.000      0.000      0.000      0.000      0.000
    18         22  gamma               63     2     0     0     0     0     0      0.000      0.000     -0.000      0.000      0.000
                                   Charge sum:  0.000           Momentum sum:     -0.000      0.000      3.000     11.000     10.583

 --------  End PYTHIA Event Listing  -----------------------------------------------------------------------------------------------
 PYTHIA Warning in PhaseSpace2to2tauyz::trialKin: maximum for cross section violated  
 PYTHIA Warning in TauDecays::decay: unknown correlated tau production, assuming from unpolarized photon  

 Pythia::next(): 10000 events have been generated 

 Pythia::next(): 20000 events have been generated 

 Pythia::next(): 30000 events have been generated 

 Pythia::next(): 40000 events have been generated 

 Pythia::next(): 50000 events have been generated 

 Pythia::next(): 60000 events have been generated 

 Pythia::next(): 70000 events have been generated 

 Pythia::next(): 80000 events have been generated 

 Pythia::next(): 90000 events have been generated 

 *-------  PYTHIA Event and Cross Section Statistics  -------------------------------------------------------------*
 |                                                                                                                 |
 | Subprocess                                    Code |            Number of events       |      sigma +- delta    |
 |                                                    |       Tried   Selected   Accepted |     (estimated) (mb)   |
 |                                                    |                                   |                        |
 |-----------------------------------------------------------------------------------------------------------------|
 |                                                    |                                   |                        |
 | f fbar -> f' fbar' (s-channel gamma*)          223 |     2061377     100000     100000 |   6.001e-06  1.039e-08 |
 |                                                    |                                   |                        |
 | sum                                                |     2061377     100000     100000 |   6.001e-06  1.039e-08 |
 |                                                                                                                 |
 *-------  End PYTHIA Event and Cross Section Statistics ----------------------------------------------------------*

 *-------  PYTHIA Error and Warning Messages Statistics  ----------------------------------------------------------* 
 |                                                                                                                 | 
 |  times   message                                                                                                | 
 |                                                                                                                 | 
 |   4503   Warning in PhaseSpace2to2tauyz::trialKin: maximum for cross section violated                           | 
 |  14703   Warning in TauDecays::decay: unknown correlated tau production, assuming from unpolarized photon       | 
 |                                                                                                                 | 
 *-------  End PYTHIA Error and Warning Messages Statistics  ------------------------------------------------------* 
Gammatau2xmu: 7.476e-15

Gammatau2xe: 7.571e-15

BRtau2xmu: 3.278e-03

BRtau2xe: 3.319e-03

BRtau2xmu + BRtau2xe: 6.597e-03

produced tau excluding those daughters are also tau lepton: 2.941e+04
produced X: 2.941e+04
produced X/NMC: 2.941e-01

Proportion of X flying forward (eta>0): 6.260e-01
Proportion of X flying backward (eta<0): 3.740e-01

Total Gamma [GeV]: 7.661e-17
ctau [m]: 2.576e+00

Gammax2tautau: 0.000e+00

Gammax2mumu: 7.620e-17

Gammax2ee: 4.066e-19

Gammax2gmgm: 0.000e+00

BRx2tautau: 0.000e+00

BRx2mumu: 9.947e-01

BRx2ee: 5.308e-03

BRx2gmgm: 0.000e+00

X: insideFidVol: 2.237e+03
observedX: 2.210e+03
visibleX: 0.000e+00

X Observed Fiducial efficiency: 7.516e-02
X Visible Fiducial efficiency: 0.000e+00

reallyProduced tau: 9.200e+10
total number of tau-tau events: 4.600e+10

reallyProducedX: 2.137e+08
reallyobservedX: 1.606e+07
reallyvisibleX: 0.000e+00

