mX:  0.5
g_AB_Lamb:  4e-07
g_CC_Lamb:  4e-06
NMC 100000

 *-------  PYTHIA Process Initialization  --------------------------*
 |                                                                  |
 | We collide e- with e+ at a CM energy of 1.058e+01 GeV            |
 |                                                                  |
 |------------------------------------------------------------------|
 |                                                    |             |
 | Subprocess                                    Code |   Estimated |
 |                                                    |    max (mb) |
 |                                                    |             |
 |------------------------------------------------------------------|
 |                                                    |             |
 | f fbar -> f' fbar' (s-channel gamma*)          223 |   1.541e-04 |
 |                                                                  |
 *-------  End PYTHIA Process Initialization -----------------------*

 *-------  PYTHIA Flag + Mode + Parm + Word + FVec + MVec + PVec + WVec Settings (changes only)  ------------------* 
 |                                                                                                                 | 
 | Name                                          |                      Now |      Default         Min         Max | 
 |                                               |                          |                                      | 
 | Beams:eA                                      |                  7.00000 |     7000.000         0.0             | 
 | Beams:eB                                      |                  4.00000 |     7000.000         0.0             | 
 | Beams:frameType                               |                        2 |            1           1           5 | 
 | Beams:idA                                     |                       11 |         2212                         | 
 | Beams:idB                                     |                      -11 |         2212                         | 
 | HadronLevel:Hadronize                         |                      off |           on                         | 
 | Next:numberCount                              |                    10000 |         1000           0             | 
 | PartonLevel:MPI                               |                      off |           on                         | 
 | Random:seed                                   |                        0 |           -1               900000000 | 
 | Random:setSeed                                |                       on |          off                         | 
 | WeakSingleBoson:ffbar2ffbar(s:gm)             |                       on |          off                         | 
 |                                                                                                                 | 
 *-------  End PYTHIA Flag + Mode + Parm + Word + FVec + MVec + PVec + WVec Settings  -----------------------------* 

 --------  PYTHIA Particle Data Table (changed only)  ------------------------------------------------------------------------------
 
      id   name            antiName         spn chg col      m0        mWidth      mMin       mMax       tau0    res dec ext vis wid
             no onMode   bRatio   meMode     products 

      15  tau-             tau+               2  -3   0    1.77682    0.00000    0.00000    0.00000  8.71100e-02   0   1   0   1   0
              0     1   0.0128572  103       36       13 
              1     1   0.0130191  103       36       11 

      36  x                                   1   0   0    0.50000    0.00000    0.00000    0.00000  1.60986e+00   0   1   0   0   0
              0     1   0.0000000  103       15      -15 
              1     1   0.9946920  103       13      -13 
              2     1   0.0053080  103       11      -11 
              3     1   0.0000000  103       22       22 

 --------  End PYTHIA Particle Data Table  -----------------------------------------------------------------------------------------


 --------  PYTHIA Info Listing  ---------------------------------------- 
 
 Beam A: id =     11, pz =  5.292e+00, e =  5.292e+00, m =  5.110e-04.
 Beam B: id =    -11, pz = -5.292e+00, e =  5.292e+00, m =  5.110e-04.

 In 1: id =   11, x =  1.000e+00, pdf =  2.250e+07 at Q2 =  3.537e+01.
 In 2: id =  -11, x =  3.158e-01, pdf =  1.068e-02 at same Q2.

 Subprocess f fbar -> f' fbar' (s-channel gamma*) with code 223 is 2 -> 2.
 It has sHat =  3.537e+01,    tHat = -2.186e+01,    uHat = -1.351e+01,
       pTHat =  2.872e+00,   m3Hat =  3.300e-01,   m4Hat =  3.300e-01,
    thetaHat =  1.809e+00,  phiHat =  2.243e+00.
     alphaEM =  7.584e-03,  alphaS =  2.293e-01    at Q2 =  3.537e+01.

 Impact parameter b =  0.000e+00 gives enhancement factor =  1.000e+00.
 Max pT scale for MPI =  1.058e+01, ISR =  5.947e+00, FSR =  5.947e+00.
 Number of MPI =     1, ISR =     1, FSRproc =     2, FSRreson =     0.

 --------  End PYTHIA Info Listing  ------------------------------------

 --------  PYTHIA Event Listing  (hard process)  -----------------------------------------------------------------------------------
 
    no         id  name            status     mothers   daughters     colours      p_x        p_y        p_z         e          m 
     0         90  (system)           -11     0     0     0     0     0     0      0.000      0.000      3.000     11.000     10.583
     1         11  (e-)               -12     0     0     3     0     0     0      0.000      0.000      7.000      7.000      0.001
     2        -11  (e+)               -12     0     0     4     0     0     0      0.000      0.000     -4.000      4.000      0.001
     3         11  (e-)               -21     1     0     5     6     0     0      0.000      0.000      7.000      7.000      0.000
     4        -11  (e+)               -21     2     0     5     6     0     0      0.000      0.000     -1.263      1.263      0.000
     5          2  u                   23     3     4     0     0   101     0     -1.787      2.248      1.898      3.458      0.330
     6         -2  ubar                23     3     4     0     0     0   101      1.787     -2.248      3.839      4.805      0.330
                                   Charge sum:  0.000           Momentum sum:      0.000      0.000      5.737      8.263      5.947

 --------  End PYTHIA Event Listing  -----------------------------------------------------------------------------------------------

 --------  PYTHIA Event Listing  (complete event)  ---------------------------------------------------------------------------------
 
    no         id  name            status     mothers   daughters     colours      p_x        p_y        p_z         e          m 
     0         90  (system)           -11     0     0     0     0     0     0      0.000      0.000      3.000     11.000     10.583
     1         11  (e-)               -12     0     0    20     0     0     0      0.000      0.000      7.000      7.000      0.001
     2        -11  (e+)               -12     0     0    21     0     0     0      0.000      0.000     -4.000      4.000      0.001
     3         11  (e-)               -21    13    13     5     6     0     0      0.000      0.000      7.000      7.000      0.000
     4        -11  (e+)               -21    14     0     5     6     0     0      0.000      0.000     -1.263      1.263      0.000
     5          2  (u)                -23     3     4     9     9   101     0     -1.787      2.248      1.898      3.458      0.330
     6         -2  (ubar)             -23     3     4     7     8     0   101      1.787     -2.248      3.839      4.805      0.330
     7         -2  (ubar)             -51     6     0    12    12     0   104      1.519     -2.251      2.897      3.984      0.330
     8         21  (g)                -51     6     0    10    11   104   101      0.099      0.215      1.117      1.142      0.000
     9          2  (u)                -52     5     5    15    15   101     0     -1.619      2.036      1.723      3.137      0.330
    10         21  (g)                -51     8     0    17    17   105   101      0.221      0.026     -0.091      0.240      0.000
    11         21  (g)                -51     8     0    18    18   104   105      0.654     -0.979      2.639      2.890      0.000
    12         -2  (ubar)             -52     7     7    16    16     0   104      0.744     -1.083      1.466      1.996      0.330
    13         11  (e-)               -42    20    20     3     3     0     0      0.000      0.000      7.000      7.000      0.000
    14        -11  (e+)               -41    21    21    19     4     0     0     -0.000     -0.000     -4.000      4.000      0.000
    15          2  (u)                -44     9     9    22    22   101     0     -1.640      1.994      1.687      3.102      0.330
    16         -2  (ubar)             -44    12    12    23    23     0   104      0.736     -1.099      1.487      2.017      0.330
    17         21  (g)                -44    10    10    24    24   105   101      0.216      0.016     -0.095      0.236      0.000
    18         21  (g)                -44    11    11    25    25   104   105      0.650     -0.986      2.657      2.908      0.000
    19         22  (gamma)            -43    14     0    26    26     0     0      0.039      0.075     -2.736      2.737      0.000
    20         11  (e-)               -61     1     0    13    13     0     0      0.000      0.000      7.000      7.000      0.000
    21        -11  (e+)               -61     2     0    14    14     0     0     -0.000      0.000     -4.000      4.000      0.000
    22          2  u                   62    15    15     0     0   101     0     -1.640      1.994      1.687      3.102      0.330
    23         -2  ubar                62    16    16     0     0     0   104      0.736     -1.099      1.487      2.017      0.330
    24         21  g                   62    17    17     0     0   105   101      0.216      0.016     -0.095      0.236      0.000
    25         21  g                   62    18    18     0     0   104   105      0.650     -0.986      2.657      2.908      0.000
    26         22  gamma               62    19    19     0     0     0     0      0.039      0.075     -2.736      2.737      0.000
    27         22  gamma               63     1     0     0     0     0     0      0.000      0.000      0.000      0.000      0.000
    28         22  gamma               63     2     0     0     0     0     0      0.000      0.000     -0.000      0.000      0.000
                                   Charge sum:  0.000           Momentum sum:     -0.000      0.000      3.000     11.000     10.583

 --------  End PYTHIA Event Listing  -----------------------------------------------------------------------------------------------
 PYTHIA Warning in TauDecays::decay: unknown correlated tau production, assuming from unpolarized photon  

 Pythia::next(): 10000 events have been generated 
 PYTHIA Warning in PhaseSpace2to2tauyz::finalKin: failed after mass assignment  

 Pythia::next(): 20000 events have been generated 

 Pythia::next(): 30000 events have been generated 

 Pythia::next(): 40000 events have been generated 

 Pythia::next(): 50000 events have been generated 

 Pythia::next(): 60000 events have been generated 

 Pythia::next(): 70000 events have been generated 

 Pythia::next(): 80000 events have been generated 

 Pythia::next(): 90000 events have been generated 

 *-------  PYTHIA Event and Cross Section Statistics  -------------------------------------------------------------*
 |                                                                                                                 |
 | Subprocess                                    Code |            Number of events       |      sigma +- delta    |
 |                                                    |       Tried   Selected   Accepted |     (estimated) (mb)   |
 |                                                    |                                   |                        |
 |-----------------------------------------------------------------------------------------------------------------|
 |                                                    |                                   |                        |
 | f fbar -> f' fbar' (s-channel gamma*)          223 |     2577319     100001     100000 |   6.006e-06  9.178e-09 |
 |                                                    |                                   |                        |
 | sum                                                |     2577319     100001     100000 |   6.006e-06  9.178e-09 |
 |                                                                                                                 |
 *-------  End PYTHIA Event and Cross Section Statistics ----------------------------------------------------------*

 *-------  PYTHIA Error and Warning Messages Statistics  ----------------------------------------------------------* 
 |                                                                                                                 | 
 |  times   message                                                                                                | 
 |                                                                                                                 | 
 |      1   Warning in PhaseSpace2to2tauyz::finalKin: failed after mass assignment                                 | 
 |  14751   Warning in TauDecays::decay: unknown correlated tau production, assuming from unpolarized photon       | 
 |                                                                                                                 | 
 *-------  End PYTHIA Error and Warning Messages Statistics  ------------------------------------------------------* 
Gammatau2xmu: 2.991e-14

Gammatau2xe: 3.028e-14

BRtau2xmu: 1.286e-02

BRtau2xe: 1.302e-02

BRtau2xmu + BRtau2xe: 2.588e-02

produced tau excluding those daughters are also tau lepton: 2.950e+04
produced X: 2.950e+04
produced X/NMC: 2.950e-01

Proportion of X flying forward (eta>0): 6.283e-01
Proportion of X flying backward (eta<0): 3.717e-01

Total Gamma [GeV]: 1.226e-13
ctau [m]: 1.610e-03

Gammax2tautau: 0.000e+00

Gammax2mumu: 1.219e-13

Gammax2ee: 6.506e-16

Gammax2gmgm: 0.000e+00

BRx2tautau: 0.000e+00

BRx2mumu: 9.947e-01

BRx2ee: 5.308e-03

BRx2gmgm: 0.000e+00

X: insideFidVol: 3.000e+00
observedX: 2.846e+00
visibleX: 1.049e-03

X Observed Fiducial efficiency: 9.646e-05
X Visible Fiducial efficiency: 3.557e-08

reallyProduced tau: 9.200e+10
total number of tau-tau events: 4.600e+10

reallyProducedX: 8.382e+08
reallyobservedX: 8.085e+04
reallyvisibleX: 2.981e+01

