mX:  1.5
g_AB_Lamb:  1e-08
g_CC_Lamb:  3e-10
NMC 100000

 *-------  PYTHIA Process Initialization  --------------------------*
 |                                                                  |
 | We collide e- with e+ at a CM energy of 1.058e+01 GeV            |
 |                                                                  |
 |------------------------------------------------------------------|
 |                                                    |             |
 | Subprocess                                    Code |   Estimated |
 |                                                    |    max (mb) |
 |                                                    |             |
 |------------------------------------------------------------------|
 |                                                    |             |
 | f fbar -> f' fbar' (s-channel gamma*)          223 |   1.275e-04 |
 |                                                                  |
 *-------  End PYTHIA Process Initialization -----------------------*

 *-------  PYTHIA Flag + Mode + Parm + Word + FVec + MVec + PVec + WVec Settings (changes only)  ------------------* 
 |                                                                                                                 | 
 | Name                                          |                      Now |      Default         Min         Max | 
 |                                               |                          |                                      | 
 | Beams:eA                                      |                  7.00000 |     7000.000         0.0             | 
 | Beams:eB                                      |                  4.00000 |     7000.000         0.0             | 
 | Beams:frameType                               |                        2 |            1           1           5 | 
 | Beams:idA                                     |                       11 |         2212                         | 
 | Beams:idB                                     |                      -11 |         2212                         | 
 | HadronLevel:Hadronize                         |                      off |           on                         | 
 | Next:numberCount                              |                    10000 |         1000           0             | 
 | PartonLevel:MPI                               |                      off |           on                         | 
 | Random:seed                                   |                        0 |           -1               900000000 | 
 | Random:setSeed                                |                       on |          off                         | 
 | WeakSingleBoson:ffbar2ffbar(s:gm)             |                       on |          off                         | 
 |                                                                                                                 | 
 *-------  End PYTHIA Flag + Mode + Parm + Word + FVec + MVec + PVec + WVec Settings  -----------------------------* 

 --------  PYTHIA Particle Data Table (changed only)  ------------------------------------------------------------------------------
 
      id   name            antiName         spn chg col      m0        mWidth      mMin       mMax       tau0    res dec ext vis wid
             no onMode   bRatio   meMode     products 

      15  tau-             tau+               2  -3   0    1.77682    0.00000    0.00000    0.00000  8.71100e-02   0   1   0   1   0
              0     1   0.0000007  103       36       13 
              1     1   0.0000008  103       36       11 

      36  x                                   1   0   0    1.50000    0.00000    0.00000    0.00000  2.91235e+07   0   1   0   0   0
              0     1   0.0000000  103       15      -15 
              1     1   0.9951390  103       13      -13 
              2     1   0.0048613  103       11      -11 
              3     1   0.0000000  103       22       22 

 --------  End PYTHIA Particle Data Table  -----------------------------------------------------------------------------------------


 --------  PYTHIA Info Listing  ---------------------------------------- 
 
 Beam A: id =     11, pz =  5.292e+00, e =  5.292e+00, m =  5.110e-04.
 Beam B: id =    -11, pz = -5.292e+00, e =  5.292e+00, m =  5.110e-04.

 In 1: id =   11, x =  9.707e-01, pdf =  1.249e+00 at Q2 =  1.087e+02.
 In 2: id =  -11, x =  1.000e+00, pdf =  7.318e+07 at same Q2.

 Subprocess f fbar -> f' fbar' (s-channel gamma*) with code 223 is 2 -> 2.
 It has sHat =  1.087e+02,    tHat = -2.992e+01,    uHat = -7.880e+01,
       pTHat =  4.648e+00,   m3Hat =  3.300e-01,   m4Hat =  3.300e-01,
    thetaHat =  1.105e+00,  phiHat =  5.349e+00.
     alphaEM =  7.630e-03,  alphaS =  1.982e-01    at Q2 =  1.087e+02.

 Impact parameter b =  0.000e+00 gives enhancement factor =  1.000e+00.
 Max pT scale for MPI =  1.058e+01, ISR =  1.043e+01, FSR =  1.043e+01.
 Number of MPI =     1, ISR =     1, FSRproc =     3, FSRreson =     0.

 --------  End PYTHIA Info Listing  ------------------------------------

 --------  PYTHIA Event Listing  (hard process)  -----------------------------------------------------------------------------------
 
    no         id  name            status     mothers   daughters     colours      p_x        p_y        p_z         e          m 
     0         90  (system)           -11     0     0     0     0     0     0      0.000      0.000      3.000     11.000     10.583
     1         11  (e-)               -12     0     0     3     0     0     0      0.000      0.000      7.000      7.000      0.001
     2        -11  (e+)               -12     0     0     4     0     0     0      0.000      0.000     -4.000      4.000      0.001
     3         11  (e-)               -21     1     0     5     6     0     0      0.000      0.000      6.795      6.795      0.000
     4        -11  (e+)               -21     2     0     5     6     0     0      0.000      0.000     -4.000      4.000      0.000
     5          1  d                   23     3     4     0     0   101     0      2.762     -3.738      3.819      6.024      0.330
     6         -1  dbar                23     3     4     0     0     0   101     -2.762      3.738     -1.024      4.770      0.330
                                   Charge sum:  0.000           Momentum sum:      0.000      0.000      2.795     10.795     10.427

 --------  End PYTHIA Event Listing  -----------------------------------------------------------------------------------------------

 --------  PYTHIA Event Listing  (complete event)  ---------------------------------------------------------------------------------
 
    no         id  name            status     mothers   daughters     colours      p_x        p_y        p_z         e          m 
     0         90  (system)           -11     0     0     0     0     0     0      0.000      0.000      3.000     11.000     10.583
     1         11  (e-)               -12     0     0    24     0     0     0      0.000      0.000      7.000      7.000      0.001
     2        -11  (e+)               -12     0     0    25     0     0     0      0.000      0.000     -4.000      4.000      0.001
     3         11  (e-)               -21    16     0     5     6     0     0      0.000      0.000      6.795      6.795      0.000
     4        -11  (e+)               -21    17    17     5     6     0     0      0.000      0.000     -4.000      4.000      0.000
     5          1  (d)                -23     3     4     7     8   101     0      2.762     -3.738      3.819      6.024      0.330
     6         -1  (dbar)             -23     3     4     9     9     0   101     -2.762      3.738     -1.024      4.770      0.330
     7          1  (d)                -51     5     0    10    11   102     0      2.177     -3.948      0.616      4.562      0.330
     8         21  (g)                -51     5     0    12    12   101   102     -0.480      1.650      2.806      3.290      0.000
     9         -1  (dbar)             -52     6     6    15    15     0   101     -1.697      2.298     -0.627      2.943      0.330
    10          1  (d)                -51     7     0    18    18   103     0      1.230     -3.643      0.192      3.864      0.330
    11         21  (g)                -51     7     0    21    21   102   103      0.867     -0.032      0.888      1.242      0.000
    12         21  (g)                -52     8     8    13    14   101   102     -0.400      1.377      2.342      2.746      0.000
    13         21  (g)                -51    12     0    20    20   104   102     -0.241      1.661      2.249      2.807      0.000
    14         21  (g)                -51    12     0    22    22   101   104     -0.535      0.221     -0.058      0.581      0.000
    15         -1  (dbar)             -52     9     9    19    19     0   101     -1.321      1.793     -0.476      2.301      0.330
    16         11  (e-)               -41    24    24    23     3     0     0     -0.000      0.000      7.000      7.000      0.000
    17        -11  (e+)               -42    25    25     4     4     0     0      0.000      0.000     -4.000      4.000      0.000
    18          1  (d)                -44    10    10    26    26   103     0      1.230     -3.642      0.192      3.863      0.330
    19         -1  (dbar)             -44    15    15    27    27     0   101     -1.322      1.793     -0.476      2.301      0.330
    20         21  (g)                -44    13    13    28    28   104   102     -0.242      1.662      2.249      2.807      0.000
    21         21  (g)                -44    11    11    29    29   102   103      0.867     -0.031      0.888      1.242      0.000
    22         21  (g)                -44    14    14    30    30   101   104     -0.535      0.221     -0.058      0.582      0.000
    23         22  (gamma)            -43    16     0    31    31     0     0      0.001     -0.002      0.205      0.205      0.000
    24         11  (e-)               -61     1     0    16    16     0     0      0.000     -0.000      7.000      7.000      0.000
    25        -11  (e+)               -61     2     0    17    17     0     0      0.000      0.000     -4.000      4.000      0.000
    26          1  d                   62    18    18     0     0   103     0      1.230     -3.642      0.192      3.863      0.330
    27         -1  dbar                62    19    19     0     0     0   101     -1.322      1.793     -0.476      2.301      0.330
    28         21  g                   62    20    20     0     0   104   102     -0.242      1.662      2.249      2.807      0.000
    29         21  g                   62    21    21     0     0   102   103      0.867     -0.031      0.888      1.242      0.000
    30         21  g                   62    22    22     0     0   101   104     -0.535      0.221     -0.058      0.582      0.000
    31         22  gamma               62    23    23     0     0     0     0      0.001     -0.002      0.205      0.205      0.000
    32         22  gamma               63     1     0     0     0     0     0      0.000      0.000      0.000      0.000      0.000
    33         22  gamma               63     2     0     0     0     0     0      0.000      0.000     -0.000      0.000      0.000
                                   Charge sum:  0.000           Momentum sum:      0.000     -0.000      3.000     11.000     10.583

 --------  End PYTHIA Event Listing  -----------------------------------------------------------------------------------------------
 PYTHIA Warning in TauDecays::decay: unknown correlated tau production, assuming from unpolarized photon  
 PYTHIA Warning in PhaseSpace2to2tauyz::trialKin: maximum for cross section violated  

 Pythia::next(): 10000 events have been generated 

 Pythia::next(): 20000 events have been generated 

 Pythia::next(): 30000 events have been generated 

 Pythia::next(): 40000 events have been generated 

 Pythia::next(): 50000 events have been generated 

 Pythia::next(): 60000 events have been generated 

 Pythia::next(): 70000 events have been generated 

 Pythia::next(): 80000 events have been generated 

 Pythia::next(): 90000 events have been generated 

 *-------  PYTHIA Event and Cross Section Statistics  -------------------------------------------------------------*
 |                                                                                                                 |
 | Subprocess                                    Code |            Number of events       |      sigma +- delta    |
 |                                                    |       Tried   Selected   Accepted |     (estimated) (mb)   |
 |                                                    |                                   |                        |
 |-----------------------------------------------------------------------------------------------------------------|
 |                                                    |                                   |                        |
 | f fbar -> f' fbar' (s-channel gamma*)          223 |     2126125     100000     100000 |   6.001e-06  1.014e-08 |
 |                                                    |                                   |                        |
 | sum                                                |     2126125     100000     100000 |   6.001e-06  1.014e-08 |
 |                                                                                                                 |
 *-------  End PYTHIA Event and Cross Section Statistics ----------------------------------------------------------*

 *-------  PYTHIA Error and Warning Messages Statistics  ----------------------------------------------------------* 
 |                                                                                                                 | 
 |  times   message                                                                                                | 
 |                                                                                                                 | 
 |   2933   Warning in PhaseSpace2to2tauyz::trialKin: maximum for cross section violated                           | 
 |  14711   Warning in TauDecays::decay: unknown correlated tau production, assuming from unpolarized photon       | 
 |                                                                                                                 | 
 *-------  End PYTHIA Error and Warning Messages Statistics  ------------------------------------------------------* 
Gammatau2xmu: 1.646e-18

Gammatau2xe: 1.843e-18

BRtau2xmu: 7.264e-07

BRtau2xe: 8.134e-07

BRtau2xmu + BRtau2xe: 1.540e-06

produced tau excluding those daughters are also tau lepton: 2.942e+04
produced X: 2.942e+04
produced X/NMC: 2.942e-01

Proportion of X flying forward (eta>0): 6.208e-01
Proportion of X flying backward (eta<0): 3.792e-01

Total Gamma [GeV]: 6.776e-21
ctau [m]: 2.912e+04

Gammax2tautau: 0.000e+00

Gammax2mumu: 6.743e-21

Gammax2ee: 3.294e-23

Gammax2gmgm: 0.000e+00

BRx2tautau: 0.000e+00

BRx2mumu: 9.951e-01

BRx2ee: 4.861e-03

BRx2gmgm: 0.000e+00

X: insideFidVol: 0.000e+00
observedX: 2.874e-01
visibleX: 0.000e+00

X Observed Fiducial efficiency: 9.769e-06
X Visible Fiducial efficiency: 0.000e+00

reallyProduced tau: 9.200e+10
total number of tau-tau events: 4.600e+10

reallyProducedX: 4.988e+04
reallyobservedX: 4.873e-01
reallyvisibleX: 0.000e+00

