mX:  0.5
g_AB_Lamb:  8e-09
g_CC_Lamb:  1.5e-06
NMC 100000

 *-------  PYTHIA Process Initialization  --------------------------*
 |                                                                  |
 | We collide e- with e+ at a CM energy of 1.058e+01 GeV            |
 |                                                                  |
 |------------------------------------------------------------------|
 |                                                    |             |
 | Subprocess                                    Code |   Estimated |
 |                                                    |    max (mb) |
 |                                                    |             |
 |------------------------------------------------------------------|
 |                                                    |             |
 | f fbar -> f' fbar' (s-channel gamma*)          223 |   1.452e-04 |
 |                                                                  |
 *-------  End PYTHIA Process Initialization -----------------------*

 *-------  PYTHIA Flag + Mode + Parm + Word + FVec + MVec + PVec + WVec Settings (changes only)  ------------------* 
 |                                                                                                                 | 
 | Name                                          |                      Now |      Default         Min         Max | 
 |                                               |                          |                                      | 
 | Beams:eA                                      |                  7.00000 |     7000.000         0.0             | 
 | Beams:eB                                      |                  4.00000 |     7000.000         0.0             | 
 | Beams:frameType                               |                        2 |            1           1           5 | 
 | Beams:idA                                     |                       11 |         2212                         | 
 | Beams:idB                                     |                      -11 |         2212                         | 
 | HadronLevel:Hadronize                         |                      off |           on                         | 
 | Next:numberCount                              |                    10000 |         1000           0             | 
 | PartonLevel:MPI                               |                      off |           on                         | 
 | Random:seed                                   |                        0 |           -1               900000000 | 
 | Random:setSeed                                |                       on |          off                         | 
 | WeakSingleBoson:ffbar2ffbar(s:gm)             |                       on |          off                         | 
 |                                                                                                                 | 
 *-------  End PYTHIA Flag + Mode + Parm + Word + FVec + MVec + PVec + WVec Settings  -----------------------------* 

 --------  PYTHIA Particle Data Table (changed only)  ------------------------------------------------------------------------------
 
      id   name            antiName         spn chg col      m0        mWidth      mMin       mMax       tau0    res dec ext vis wid
             no onMode   bRatio   meMode     products 

      15  tau-             tau+               2  -3   0    1.77682    0.00000    0.00000    0.00000  8.71100e-02   0   1   0   1   0
              0     1   0.0000053  103       36       13 
              1     1   0.0000053  103       36       11 

      36  x                                   1   0   0    0.50000    0.00000    0.00000    0.00000  1.14479e+01   0   1   0   0   0
              0     1   0.0000000  103       15      -15 
              1     1   0.9946920  103       13      -13 
              2     1   0.0053080  103       11      -11 
              3     1   0.0000000  103       22       22 

 --------  End PYTHIA Particle Data Table  -----------------------------------------------------------------------------------------


 --------  PYTHIA Info Listing  ---------------------------------------- 
 
 Beam A: id =     11, pz =  5.292e+00, e =  5.292e+00, m =  5.110e-04.
 Beam B: id =    -11, pz = -5.292e+00, e =  5.292e+00, m =  5.110e-04.

 In 1: id =   11, x =  1.000e+00, pdf =  1.673e+05 at Q2 =  9.733e+01.
 In 2: id =  -11, x =  8.690e-01, pdf =  2.405e-01 at same Q2.

 Subprocess f fbar -> f' fbar' (s-channel gamma*) with code 223 is 2 -> 2.
 It has sHat =  9.733e+01,    tHat = -7.439e+01,    uHat = -2.294e+01,
       pTHat =  4.178e+00,   m3Hat =  3.300e-01,   m4Hat =  3.300e-01,
    thetaHat =  2.128e+00,  phiHat =  8.977e-01.
     alphaEM =  7.625e-03,  alphaS =  2.009e-01    at Q2 =  9.733e+01.

 Impact parameter b =  0.000e+00 gives enhancement factor =  1.000e+00.
 Max pT scale for MPI =  1.058e+01, ISR =  9.866e+00, FSR =  9.866e+00.
 Number of MPI =     1, ISR =     1, FSRproc =     4, FSRreson =     0.

 --------  End PYTHIA Info Listing  ------------------------------------

 --------  PYTHIA Event Listing  (hard process)  -----------------------------------------------------------------------------------
 
    no         id  name            status     mothers   daughters     colours      p_x        p_y        p_z         e          m 
     0         90  (system)           -11     0     0     0     0     0     0      0.000      0.000      3.000     11.000     10.583
     1         11  (e-)               -12     0     0     3     0     0     0      0.000      0.000      7.000      7.000      0.001
     2        -11  (e+)               -12     0     0     4     0     0     0      0.000      0.000     -4.000      4.000      0.001
     3         11  (e-)               -21     1     0     5     6     0     0      0.000      0.000      7.000      7.000      0.000
     4        -11  (e+)               -21     2     0     5     6     0     0      0.000      0.000     -3.476      3.476      0.000
     5          2  u                   23     3     4     0     0   101     0      2.605      3.267     -1.001      4.309      0.330
     6         -2  ubar                23     3     4     0     0     0   101     -2.605     -3.267      4.525      6.167      0.330
                                   Charge sum:  0.000           Momentum sum:      0.000      0.000      3.524     10.476      9.866

 --------  End PYTHIA Event Listing  -----------------------------------------------------------------------------------------------

 --------  PYTHIA Event Listing  (complete event)  ---------------------------------------------------------------------------------
 
    no         id  name            status     mothers   daughters     colours      p_x        p_y        p_z         e          m 
     0         90  (system)           -11     0     0     0     0     0     0      0.000      0.000      3.000     11.000     10.583
     1         11  (e-)               -12     0     0    28     0     0     0      0.000      0.000      7.000      7.000      0.001
     2        -11  (e+)               -12     0     0    29     0     0     0      0.000      0.000     -4.000      4.000      0.001
     3         11  (e-)               -21    19    19     5     6     0     0      0.000      0.000      7.000      7.000      0.000
     4        -11  (e+)               -21    20     0     5     6     0     0      0.000      0.000     -3.476      3.476      0.000
     5          2  (u)                -23     3     4     9     9   101     0      2.605      3.267     -1.001      4.309      0.330
     6         -2  (ubar)             -23     3     4     7     8     0   101     -2.605     -3.267      4.525      6.167      0.330
     7         -2  (ubar)             -51     6     0    15    15     0   103     -3.115     -1.842      3.144      4.806      0.330
     8         21  (g)                -51     6     0    10    11   103   101      0.800     -1.062      1.269      1.837      0.000
     9          2  (u)                -52     5     5    12    12   101     0      2.315      2.904     -0.889      3.833      0.330
    10         21  (g)                -51     8     0    13    14   103   104      0.229     -0.305      1.341      1.395      0.000
    11         21  (g)                -51     8     0    18    18   104   101      0.896     -0.345     -0.201      0.981      0.000
    12          2  (u)                -52     9     9    21    21   101     0      1.990      2.492     -0.761      3.295      0.330
    13         21  (g)                -51    10     0    16    17   106   104     -1.061     -0.034      1.250      1.640      0.000
    14         21  (g)                -51    10     0    25    25   103   106      0.012     -1.016      1.345      1.686      0.000
    15         -2  (ubar)             -52     7     7    22    22     0   103     -1.838     -1.097      1.890      2.874      0.330
    16         21  (g)                -51    13     0    23    23   106   107     -0.272     -0.104      1.363      1.394      0.000
    17         21  (g)                -51    13     0    26    26   107   104     -0.516     -0.035     -0.173      0.545      0.000
    18         21  (g)                -52    11    11    24    24   104   101      0.623     -0.240     -0.140      0.682      0.000
    19         11  (e-)               -42    28    28     3     3     0     0      0.000     -0.000      7.000      7.000      0.000
    20        -11  (e+)               -41    29    29    27     4     0     0     -0.000      0.000     -4.000      4.000      0.000
    21          2  (u)                -44    12    12    30    30   101     0      1.989      2.492     -0.761      3.295      0.330
    22         -2  (ubar)             -44    15    15    31    31     0   103     -1.838     -1.097      1.890      2.874      0.330
    23         21  (g)                -44    16    16    32    32   106   107     -0.272     -0.104      1.363      1.394      0.000
    24         21  (g)                -44    18    18    33    33   104   101      0.623     -0.240     -0.140      0.682      0.000
    25         21  (g)                -44    14    14    34    34   103   106      0.012     -1.016      1.345      1.686      0.000
    26         21  (g)                -44    17    17    35    35   107   104     -0.516     -0.035     -0.173      0.545      0.000
    27         22  (gamma)            -43    20     0    36    36     0     0      0.001     -0.001     -0.524      0.524      0.000
    28         11  (e-)               -61     1     0    19    19     0     0      0.000     -0.000      7.000      7.000      0.000
    29        -11  (e+)               -61     2     0    20    20     0     0     -0.000      0.000     -4.000      4.000      0.000
    30          2  u                   62    21    21     0     0   101     0      1.989      2.492     -0.761      3.295      0.330
    31         -2  ubar                62    22    22     0     0     0   103     -1.838     -1.097      1.890      2.874      0.330
    32         21  g                   62    23    23     0     0   106   107     -0.272     -0.104      1.363      1.394      0.000
    33         21  g                   62    24    24     0     0   104   101      0.623     -0.240     -0.140      0.682      0.000
    34         21  g                   62    25    25     0     0   103   106      0.012     -1.016      1.345      1.686      0.000
    35         21  g                   62    26    26     0     0   107   104     -0.516     -0.035     -0.173      0.545      0.000
    36         22  gamma               62    27    27     0     0     0     0      0.001     -0.001     -0.524      0.524      0.000
    37         22  gamma               63     1     0     0     0     0     0      0.000      0.000      0.000      0.000      0.000
    38         22  gamma               63     2     0     0     0     0     0      0.000      0.000     -0.000      0.000      0.000
                                   Charge sum:  0.000           Momentum sum:     -0.000     -0.000      3.000     11.000     10.583

 --------  End PYTHIA Event Listing  -----------------------------------------------------------------------------------------------
 PYTHIA Warning in TauDecays::decay: unknown correlated tau production, assuming from unpolarized photon  
 PYTHIA Warning in PhaseSpace2to2tauyz::trialKin: maximum for cross section violated  

 Pythia::next(): 10000 events have been generated 

 Pythia::next(): 20000 events have been generated 

 Pythia::next(): 30000 events have been generated 

 Pythia::next(): 40000 events have been generated 

 Pythia::next(): 50000 events have been generated 

 Pythia::next(): 60000 events have been generated 

 Pythia::next(): 70000 events have been generated 

 Pythia::next(): 80000 events have been generated 

 Pythia::next(): 90000 events have been generated 

 *-------  PYTHIA Event and Cross Section Statistics  -------------------------------------------------------------*
 |                                                                                                                 |
 | Subprocess                                    Code |            Number of events       |      sigma +- delta    |
 |                                                    |       Tried   Selected   Accepted |     (estimated) (mb)   |
 |                                                    |                                   |                        |
 |-----------------------------------------------------------------------------------------------------------------|
 |                                                    |                                   |                        |
 | f fbar -> f' fbar' (s-channel gamma*)          223 |     2415033     100000     100000 |   6.006e-06  9.505e-09 |
 |                                                    |                                   |                        |
 | sum                                                |     2415033     100000     100000 |   6.006e-06  9.505e-09 |
 |                                                                                                                 |
 *-------  End PYTHIA Event and Cross Section Statistics ----------------------------------------------------------*

 *-------  PYTHIA Error and Warning Messages Statistics  ----------------------------------------------------------* 
 |                                                                                                                 | 
 |  times   message                                                                                                | 
 |                                                                                                                 | 
 |    278   Warning in PhaseSpace2to2tauyz::trialKin: maximum for cross section violated                           | 
 |  14843   Warning in TauDecays::decay: unknown correlated tau production, assuming from unpolarized photon       | 
 |                                                                                                                 | 
 *-------  End PYTHIA Error and Warning Messages Statistics  ------------------------------------------------------* 
Gammatau2xmu: 1.196e-17

Gammatau2xe: 1.211e-17

BRtau2xmu: 5.279e-06

BRtau2xe: 5.346e-06

BRtau2xmu + BRtau2xe: 1.063e-05

produced tau excluding those daughters are also tau lepton: 2.969e+04
produced X: 2.969e+04
produced X/NMC: 2.969e-01

Proportion of X flying forward (eta>0): 6.265e-01
Proportion of X flying backward (eta<0): 3.735e-01

Total Gamma [GeV]: 1.724e-14
ctau [m]: 1.145e-02

Gammax2tautau: 0.000e+00

Gammax2mumu: 1.715e-14

Gammax2ee: 9.149e-17

Gammax2gmgm: 0.000e+00

BRx2tautau: 0.000e+00

BRx2mumu: 9.947e-01

BRx2ee: 5.308e-03

BRx2gmgm: 0.000e+00

X: insideFidVol: 3.759e+03
observedX: 3.749e+03
visibleX: 1.568e+01

X Observed Fiducial efficiency: 1.263e-01
X Visible Fiducial efficiency: 5.283e-04

reallyProduced tau: 9.200e+10
total number of tau-tau events: 4.600e+10

reallyProducedX: 3.442e+05
reallyobservedX: 4.346e+04
reallyvisibleX: 1.819e+02

