mX:  0.5
g_AB_Lamb:  3e-08
g_CC_Lamb:  1.5e-11
NMC 100000

 *-------  PYTHIA Process Initialization  --------------------------*
 |                                                                  |
 | We collide e- with e+ at a CM energy of 1.058e+01 GeV            |
 |                                                                  |
 |------------------------------------------------------------------|
 |                                                    |             |
 | Subprocess                                    Code |   Estimated |
 |                                                    |    max (mb) |
 |                                                    |             |
 |------------------------------------------------------------------|
 |                                                    |             |
 | f fbar -> f' fbar' (s-channel gamma*)          223 |   1.485e-04 |
 |                                                                  |
 *-------  End PYTHIA Process Initialization -----------------------*

 *-------  PYTHIA Flag + Mode + Parm + Word + FVec + MVec + PVec + WVec Settings (changes only)  ------------------* 
 |                                                                                                                 | 
 | Name                                          |                      Now |      Default         Min         Max | 
 |                                               |                          |                                      | 
 | Beams:eA                                      |                  7.00000 |     7000.000         0.0             | 
 | Beams:eB                                      |                  4.00000 |     7000.000         0.0             | 
 | Beams:frameType                               |                        2 |            1           1           5 | 
 | Beams:idA                                     |                       11 |         2212                         | 
 | Beams:idB                                     |                      -11 |         2212                         | 
 | HadronLevel:Hadronize                         |                      off |           on                         | 
 | Next:numberCount                              |                    10000 |         1000           0             | 
 | PartonLevel:MPI                               |                      off |           on                         | 
 | Random:seed                                   |                        0 |           -1               900000000 | 
 | Random:setSeed                                |                       on |          off                         | 
 | WeakSingleBoson:ffbar2ffbar(s:gm)             |                       on |          off                         | 
 |                                                                                                                 | 
 *-------  End PYTHIA Flag + Mode + Parm + Word + FVec + MVec + PVec + WVec Settings  -----------------------------* 

 --------  PYTHIA Particle Data Table (changed only)  ------------------------------------------------------------------------------
 
      id   name            antiName         spn chg col      m0        mWidth      mMin       mMax       tau0    res dec ext vis wid
             no onMode   bRatio   meMode     products 

      15  tau-             tau+               2  -3   0    1.77682    0.00000    0.00000    0.00000  8.71100e-02   0   1   0   1   0
              0     1   0.0000742  103       36       13 
              1     1   0.0000752  103       36       11 

      36  x                                   1   0   0    0.50000    0.00000    0.00000    0.00000  1.14479e+11   0   1   0   0   0
              0     1   0.0000000  103       15      -15 
              1     1   0.9946920  103       13      -13 
              2     1   0.0053080  103       11      -11 
              3     1   0.0000000  103       22       22 

 --------  End PYTHIA Particle Data Table  -----------------------------------------------------------------------------------------


 --------  PYTHIA Info Listing  ---------------------------------------- 
 
 Beam A: id =     11, pz =  5.292e+00, e =  5.292e+00, m =  5.110e-04.
 Beam B: id =    -11, pz = -5.292e+00, e =  5.292e+00, m =  5.110e-04.

 In 1: id =   11, x =  1.000e+00, pdf =  1.060e+06 at Q2 =  1.120e+02.
 In 2: id =  -11, x =  1.000e+00, pdf =  1.335e+08 at same Q2.

 Subprocess f fbar -> f' fbar' (s-channel gamma*) with code 223 is 2 -> 2.
 It has sHat =  1.120e+02,    tHat = -6.409e+01,    uHat = -4.791e+01,
       pTHat =  5.226e+00,   m3Hat =  3.300e-01,   m4Hat =  3.300e-01,
    thetaHat =  1.716e+00,  phiHat =  5.974e+00.
     alphaEM =  7.631e-03,  alphaS =  1.975e-01    at Q2 =  1.120e+02.

 Impact parameter b =  0.000e+00 gives enhancement factor =  1.000e+00.
 Max pT scale for MPI =  1.058e+01, ISR =  1.058e+01, FSR =  1.058e+01.
 Number of MPI =     1, ISR =     0, FSRproc =     4, FSRreson =     0.

 --------  End PYTHIA Info Listing  ------------------------------------

 --------  PYTHIA Event Listing  (hard process)  -----------------------------------------------------------------------------------
 
    no         id  name            status     mothers   daughters     colours      p_x        p_y        p_z         e          m 
     0         90  (system)           -11     0     0     0     0     0     0      0.000      0.000      3.000     11.000     10.583
     1         11  (e-)               -12     0     0     3     0     0     0      0.000      0.000      7.000      7.000      0.001
     2        -11  (e+)               -12     0     0     4     0     0     0      0.000      0.000     -4.000      4.000      0.001
     3         11  (e-)               -21     1     0     5     6     0     0      0.000      0.000      7.000      7.000      0.000
     4        -11  (e+)               -21     2     0     5     6     0     0      0.000      0.000     -4.000      4.000      0.000
     5          2  u                   23     3     4     0     0   101     0      4.978     -1.591      0.707      5.284      0.330
     6         -2  ubar                23     3     4     0     0     0   101     -4.978      1.591      2.293      5.716      0.330
                                   Charge sum:  0.000           Momentum sum:      0.000      0.000      3.000     11.000     10.583

 --------  End PYTHIA Event Listing  -----------------------------------------------------------------------------------------------

 --------  PYTHIA Event Listing  (complete event)  ---------------------------------------------------------------------------------
 
    no         id  name            status     mothers   daughters     colours      p_x        p_y        p_z         e          m 
     0         90  (system)           -11     0     0     0     0     0     0      0.000      0.000      3.000     11.000     10.583
     1         11  (e-)               -12     0     0    19     0     0     0      0.000      0.000      7.000      7.000      0.001
     2        -11  (e+)               -12     0     0    20     0     0     0      0.000      0.000     -4.000      4.000      0.001
     3         11  (e-)               -21    19    19     5     6     0     0      0.000      0.000      7.000      7.000      0.000
     4        -11  (e+)               -21    20    20     5     6     0     0      0.000      0.000     -4.000      4.000      0.000
     5          2  (u)                -23     3     4     7     8   101     0      4.978     -1.591      0.707      5.284      0.330
     6         -2  (ubar)             -23     3     4     9     9     0   101     -4.978      1.591      2.293      5.716      0.330
     7          2  (u)                -51     5     0    18    18   102     0      3.224     -1.664      3.377      4.967      0.330
     8         21  (g)                -51     5     0    12    12   101   102      0.229      0.560     -1.969      2.060      0.000
     9         -2  (ubar)             -52     6     6    10    11     0   101     -3.453      1.103      1.592      3.973      0.330
    10         -2  (ubar)             -51     9     0    22    22     0   103     -2.321      0.515      1.665      2.921      0.330
    11         21  (g)                -51     9     0    13    14   103   101     -1.101      0.663     -0.337      1.329      0.000
    12         21  (g)                -52     8     8    15    15   101   102      0.198      0.485     -1.704      1.783      0.000
    13         21  (g)                -51    11     0    24    24   103   104     -0.693      1.051     -0.534      1.368      0.000
    14         21  (g)                -51    11     0    25    25   104   101     -0.342     -0.228     -0.367      0.551      0.000
    15         21  (g)                -52    12    12    16    17   101   102      0.132      0.324     -1.140      1.193      0.000
    16         21  (g)                -51    15     0    23    23   101   105      0.069     -0.277     -0.859      0.905      0.000
    17         21  (g)                -51    15     0    26    26   105   102      0.247      0.507     -0.088      0.570      0.000
    18          2  (u)                -52     7     7    21    21   102     0      3.040     -1.569      3.183      4.685      0.330
    19         11  (e-)               -61     1     0     3     3     0     0      0.000      0.000      7.000      7.000      0.000
    20        -11  (e+)               -61     2     0     4     4     0     0      0.000      0.000     -4.000      4.000      0.000
    21          2  u                   62    18    18     0     0   102     0      3.040     -1.569      3.183      4.685      0.330
    22         -2  ubar                62    10    10     0     0     0   103     -2.321      0.515      1.665      2.921      0.330
    23         21  g                   62    16    16     0     0   101   105      0.069     -0.277     -0.859      0.905      0.000
    24         21  g                   62    13    13     0     0   103   104     -0.693      1.051     -0.534      1.368      0.000
    25         21  g                   62    14    14     0     0   104   101     -0.342     -0.228     -0.367      0.551      0.000
    26         21  g                   62    17    17     0     0   105   102      0.247      0.507     -0.088      0.570      0.000
    27         22  gamma               63     1     0     0     0     0     0      0.000      0.000      0.000      0.000      0.000
    28         22  gamma               63     2     0     0     0     0     0      0.000      0.000     -0.000      0.000      0.000
                                   Charge sum:  0.000           Momentum sum:     -0.000      0.000      3.000     11.000     10.583

 --------  End PYTHIA Event Listing  -----------------------------------------------------------------------------------------------
 PYTHIA Warning in TauDecays::decay: unknown correlated tau production, assuming from unpolarized photon  
 PYTHIA Warning in PhaseSpace2to2tauyz::trialKin: maximum for cross section violated  

 Pythia::next(): 10000 events have been generated 

 Pythia::next(): 20000 events have been generated 

 Pythia::next(): 30000 events have been generated 

 Pythia::next(): 40000 events have been generated 

 Pythia::next(): 50000 events have been generated 

 Pythia::next(): 60000 events have been generated 

 Pythia::next(): 70000 events have been generated 

 Pythia::next(): 80000 events have been generated 

 Pythia::next(): 90000 events have been generated 

 *-------  PYTHIA Event and Cross Section Statistics  -------------------------------------------------------------*
 |                                                                                                                 |
 | Subprocess                                    Code |            Number of events       |      sigma +- delta    |
 |                                                    |       Tried   Selected   Accepted |     (estimated) (mb)   |
 |                                                    |                                   |                        |
 |-----------------------------------------------------------------------------------------------------------------|
 |                                                    |                                   |                        |
 | f fbar -> f' fbar' (s-channel gamma*)          223 |     2472318     100000     100000 |   5.998e-06  9.518e-09 |
 |                                                    |                                   |                        |
 | sum                                                |     2472318     100000     100000 |   5.998e-06  9.518e-09 |
 |                                                                                                                 |
 *-------  End PYTHIA Event and Cross Section Statistics ----------------------------------------------------------*

 *-------  PYTHIA Error and Warning Messages Statistics  ----------------------------------------------------------* 
 |                                                                                                                 | 
 |  times   message                                                                                                | 
 |                                                                                                                 | 
 |    468   Warning in PhaseSpace2to2tauyz::trialKin: maximum for cross section violated                           | 
 |  14732   Warning in TauDecays::decay: unknown correlated tau production, assuming from unpolarized photon       | 
 |                                                                                                                 | 
 *-------  End PYTHIA Error and Warning Messages Statistics  ------------------------------------------------------* 
Gammatau2xmu: 1.682e-16

Gammatau2xe: 1.703e-16

BRtau2xmu: 7.423e-05

BRtau2xe: 7.517e-05

BRtau2xmu + BRtau2xe: 1.494e-04

produced tau excluding those daughters are also tau lepton: 2.946e+04
produced X: 2.946e+04
produced X/NMC: 2.946e-01

Proportion of X flying forward (eta>0): 6.231e-01
Proportion of X flying backward (eta<0): 3.769e-01

Total Gamma [GeV]: 1.724e-24
ctau [m]: 1.145e+08

Gammax2tautau: 0.000e+00

Gammax2mumu: 1.715e-24

Gammax2ee: 9.149e-27

Gammax2gmgm: 0.000e+00

BRx2tautau: 0.000e+00

BRx2mumu: 9.947e-01

BRx2ee: 5.308e-03

BRx2gmgm: 0.000e+00

X: insideFidVol: 0.000e+00
observedX: 5.496e-05
visibleX: 0.000e+00

X Observed Fiducial efficiency: 1.865e-09
X Visible Fiducial efficiency: 0.000e+00

reallyProduced tau: 9.200e+10
total number of tau-tau events: 4.600e+10

reallyProducedX: 4.840e+06
reallyobservedX: 9.027e-03
reallyvisibleX: 0.000e+00

