mX:  1
g_AB_Lamb:  8e-09
g_CC_Lamb:  2e-07
NMC 100000
 PYTHIA Warning in PhaseSpace2to2tauyz::trialKin: maximum for cross section violated  

 *-------  PYTHIA Process Initialization  --------------------------*
 |                                                                  |
 | We collide e- with e+ at a CM energy of 1.058e+01 GeV            |
 |                                                                  |
 |------------------------------------------------------------------|
 |                                                    |             |
 | Subprocess                                    Code |   Estimated |
 |                                                    |    max (mb) |
 |                                                    |             |
 |------------------------------------------------------------------|
 |                                                    |             |
 | f fbar -> f' fbar' (s-channel gamma*)          223 |   1.626e-04 |
 |                                                                  |
 *-------  End PYTHIA Process Initialization -----------------------*

 *-------  PYTHIA Flag + Mode + Parm + Word + FVec + MVec + PVec + WVec Settings (changes only)  ------------------* 
 |                                                                                                                 | 
 | Name                                          |                      Now |      Default         Min         Max | 
 |                                               |                          |                                      | 
 | Beams:eA                                      |                  7.00000 |     7000.000         0.0             | 
 | Beams:eB                                      |                  4.00000 |     7000.000         0.0             | 
 | Beams:frameType                               |                        2 |            1           1           5 | 
 | Beams:idA                                     |                       11 |         2212                         | 
 | Beams:idB                                     |                      -11 |         2212                         | 
 | HadronLevel:Hadronize                         |                      off |           on                         | 
 | Next:numberCount                              |                    10000 |         1000           0             | 
 | PartonLevel:MPI                               |                      off |           on                         | 
 | Random:seed                                   |                        0 |           -1               900000000 | 
 | Random:setSeed                                |                       on |          off                         | 
 | WeakSingleBoson:ffbar2ffbar(s:gm)             |                       on |          off                         | 
 |                                                                                                                 | 
 *-------  End PYTHIA Flag + Mode + Parm + Word + FVec + MVec + PVec + WVec Settings  -----------------------------* 

 --------  PYTHIA Particle Data Table (changed only)  ------------------------------------------------------------------------------
 
      id   name            antiName         spn chg col      m0        mWidth      mMin       mMax       tau0    res dec ext vis wid
             no onMode   bRatio   meMode     products 

      15  tau-             tau+               2  -3   0    1.77682    0.00000    0.00000    0.00000  8.71100e-02   0   1   0   1   0
              0     1   0.0000029  103       36       13 
              1     1   0.0000029  103       36       11 

      36  x                                   1   0   0    1.00000    0.00000    0.00000    0.00000  1.49331e+02   0   1   0   0   0
              0     1   0.0000000  103       15      -15 
              1     1   0.9950760  103       13      -13 
              2     1   0.0049237  103       11      -11 
              3     1   0.0000000  103       22       22 

 --------  End PYTHIA Particle Data Table  -----------------------------------------------------------------------------------------


 --------  PYTHIA Info Listing  ---------------------------------------- 
 
 Beam A: id =     11, pz =  5.292e+00, e =  5.292e+00, m =  5.110e-04.
 Beam B: id =    -11, pz = -5.292e+00, e =  5.292e+00, m =  5.110e-04.

 In 1: id =   11, x =  4.461e-01, pdf =  2.053e-02 at Q2 =  4.987e+01.
 In 2: id =  -11, x =  9.983e-01, pdf =  1.912e+01 at same Q2.

 Subprocess f fbar -> f' fbar' (s-channel gamma*) with code 223 is 2 -> 2.
 It has sHat =  4.987e+01,    tHat = -2.407e+01,    uHat = -2.580e+01,
       pTHat =  3.527e+00,   m3Hat =  1.057e-01,   m4Hat =  1.057e-01,
    thetaHat =  1.536e+00,  phiHat =  3.068e-01.
     alphaEM =  7.598e-03,  alphaS =  2.188e-01    at Q2 =  4.987e+01.

 Impact parameter b =  0.000e+00 gives enhancement factor =  1.000e+00.
 Max pT scale for MPI =  1.058e+01, ISR =  1.058e+01, FSR =  1.058e+01.
 Number of MPI =     1, ISR =     2, FSRproc =     0, FSRreson =     0.

 --------  End PYTHIA Info Listing  ------------------------------------

 --------  PYTHIA Event Listing  (hard process)  -----------------------------------------------------------------------------------
 
    no         id  name            status     mothers   daughters     colours      p_x        p_y        p_z         e          m 
     0         90  (system)           -11     0     0     0     0     0     0      0.000      0.000      3.000     11.000     10.583
     1         11  (e-)               -12     0     0     3     0     0     0      0.000      0.000      7.000      7.000      0.001
     2        -11  (e+)               -12     0     0     4     0     0     0      0.000      0.000     -4.000      4.000      0.001
     3         11  (e-)               -21     1     0     5     6     0     0      0.000      0.000      3.122      3.122      0.000
     4        -11  (e+)               -21     2     0     5     6     0     0      0.000      0.000     -3.993      3.993      0.000
     5         13  mu-                 23     3     4     0     0     0     0      3.363      1.065     -0.312      3.543      0.106
     6        -13  mu+                 23     3     4     0     0     0     0     -3.363     -1.065     -0.558      3.573      0.106
                                   Charge sum:  0.000           Momentum sum:      0.000      0.000     -0.871      7.116      7.062

 --------  End PYTHIA Event Listing  -----------------------------------------------------------------------------------------------

 --------  PYTHIA Event Listing  (complete event)  ---------------------------------------------------------------------------------
 
    no         id  name            status     mothers   daughters     colours      p_x        p_y        p_z         e          m 
     0         90  (system)           -11     0     0     0     0     0     0      0.000      0.000      3.000     11.000     10.583
     1         11  (e-)               -12     0     0    18     0     0     0      0.000      0.000      7.000      7.000      0.001
     2        -11  (e+)               -12     0     0    19     0     0     0      0.000      0.000     -4.000      4.000      0.001
     3         11  (e-)               -21     7     0     5     6     0     0      0.000      0.000      3.122      3.122      0.000
     4        -11  (e+)               -21     8     8     5     6     0     0      0.000      0.000     -3.993      3.993      0.000
     5         13  (mu-)              -23     3     4     9     9     0     0      3.363      1.065     -0.312      3.543      0.106
     6        -13  (mu+)              -23     3     4    10    10     0     0     -3.363     -1.065     -0.558      3.573      0.106
     7         11  (e-)               -41    12    12    11     3     0     0      0.000     -0.000      7.000      7.000      0.000
     8        -11  (e+)               -42    13     0     4     4     0     0      0.000      0.000     -3.993      3.993      0.000
     9         13  (mu-)              -44     5     5    14    14     0     0      3.484      1.088     -0.440      3.678      0.106
    10        -13  (mu+)              -44     6     6    15    15     0     0     -3.249     -1.045     -0.420      3.441      0.106
    11         22  (gamma)            -43     7     0    16    16     0     0     -0.234     -0.043      3.867      3.875      0.000
    12         11  (e-)               -42    18    18     7     7     0     0     -0.000     -0.000      7.000      7.000      0.000
    13        -11  (e+)               -41    19    19    17     8     0     0      0.000      0.000     -4.000      4.000      0.000
    14         13  (mu-)              -44     9     9    20    20     0     0      3.484      1.088     -0.440      3.678      0.106
    15        -13  (mu+)              -44    10    10    21    21     0     0     -3.249     -1.044     -0.421      3.440      0.106
    16         22  (gamma)            -44    11    11    22    22     0     0     -0.234     -0.043      3.867      3.875      0.000
    17         22  (gamma)            -43    13     0    23    23     0     0     -0.001     -0.002     -0.007      0.007      0.000
    18         11  (e-)               -61     1     0    12    12     0     0      0.000      0.000      7.000      7.000      0.000
    19        -11  (e+)               -61     2     0    13    13     0     0      0.000     -0.000     -4.000      4.000      0.000
    20         13  mu-                 62    14    14     0     0     0     0      3.484      1.088     -0.440      3.678      0.106
    21        -13  mu+                 62    15    15     0     0     0     0     -3.249     -1.044     -0.421      3.440      0.106
    22         22  gamma               62    16    16     0     0     0     0     -0.234     -0.043      3.867      3.875      0.000
    23         22  gamma               62    17    17     0     0     0     0     -0.001     -0.002     -0.007      0.007      0.000
    24         22  gamma               63     1     0     0     0     0     0      0.000      0.000      0.000      0.000      0.000
    25         22  gamma               63     2     0     0     0     0     0      0.000      0.000     -0.000      0.000      0.000
                                   Charge sum:  0.000           Momentum sum:     -0.000      0.000      3.000     11.000     10.583

 --------  End PYTHIA Event Listing  -----------------------------------------------------------------------------------------------
 PYTHIA Warning in TauDecays::decay: unknown correlated tau production, assuming from unpolarized photon  

 Pythia::next(): 10000 events have been generated 

 Pythia::next(): 20000 events have been generated 

 Pythia::next(): 30000 events have been generated 

 Pythia::next(): 40000 events have been generated 

 Pythia::next(): 50000 events have been generated 

 Pythia::next(): 60000 events have been generated 

 Pythia::next(): 70000 events have been generated 

 Pythia::next(): 80000 events have been generated 
 PYTHIA Warning in PhaseSpace2to2tauyz::finalKin: failed after mass assignment  

 Pythia::next(): 90000 events have been generated 

 *-------  PYTHIA Event and Cross Section Statistics  -------------------------------------------------------------*
 |                                                                                                                 |
 | Subprocess                                    Code |            Number of events       |      sigma +- delta    |
 |                                                    |       Tried   Selected   Accepted |     (estimated) (mb)   |
 |                                                    |                                   |                        |
 |-----------------------------------------------------------------------------------------------------------------|
 |                                                    |                                   |                        |
 | f fbar -> f' fbar' (s-channel gamma*)          223 |     2703496     100001     100000 |   5.997e-06  8.963e-09 |
 |                                                    |                                   |                        |
 | sum                                                |     2703496     100001     100000 |   5.997e-06  8.963e-09 |
 |                                                                                                                 |
 *-------  End PYTHIA Event and Cross Section Statistics ----------------------------------------------------------*

 *-------  PYTHIA Error and Warning Messages Statistics  ----------------------------------------------------------* 
 |                                                                                                                 | 
 |  times   message                                                                                                | 
 |                                                                                                                 | 
 |      1   Warning in PhaseSpace2to2tauyz::finalKin: failed after mass assignment                                 | 
 |      1   Warning in PhaseSpace2to2tauyz::trialKin: maximum for cross section violated                           | 
 |  14569   Warning in TauDecays::decay: unknown correlated tau production, assuming from unpolarized photon       | 
 |                                                                                                                 | 
 *-------  End PYTHIA Error and Warning Messages Statistics  ------------------------------------------------------* 
Gammatau2xmu: 6.524e-18

Gammatau2xe: 6.669e-18

BRtau2xmu: 2.879e-06

BRtau2xe: 2.943e-06

BRtau2xmu + BRtau2xe: 5.823e-06

produced tau excluding those daughters are also tau lepton: 2.914e+04
produced X: 2.914e+04
produced X/NMC: 2.914e-01

Proportion of X flying forward (eta>0): 6.238e-01
Proportion of X flying backward (eta<0): 3.762e-01

Total Gamma [GeV]: 1.321e-15
ctau [m]: 1.493e-01

Gammax2tautau: 0.000e+00

Gammax2mumu: 1.315e-15

Gammax2ee: 6.506e-18

Gammax2gmgm: 0.000e+00

BRx2tautau: 0.000e+00

BRx2mumu: 9.951e-01

BRx2ee: 4.924e-03

BRx2gmgm: 0.000e+00

X: insideFidVol: 1.587e+04
observedX: 1.589e+04
visibleX: 0.000e+00

X Observed Fiducial efficiency: 5.454e-01
X Visible Fiducial efficiency: 0.000e+00

reallyProduced tau: 9.200e+10
total number of tau-tau events: 4.600e+10

reallyProducedX: 1.886e+05
reallyobservedX: 1.029e+05
reallyvisibleX: 0.000e+00

