mX:  1
g_AB_Lamb:  3e-08
g_CC_Lamb:  8e-09
NMC 100000
 PYTHIA Warning in PhaseSpace2to2tauyz::trialKin: maximum for cross section violated  

 *-------  PYTHIA Process Initialization  --------------------------*
 |                                                                  |
 | We collide e- with e+ at a CM energy of 1.058e+01 GeV            |
 |                                                                  |
 |------------------------------------------------------------------|
 |                                                    |             |
 | Subprocess                                    Code |   Estimated |
 |                                                    |    max (mb) |
 |                                                    |             |
 |------------------------------------------------------------------|
 |                                                    |             |
 | f fbar -> f' fbar' (s-channel gamma*)          223 |   1.548e-04 |
 |                                                                  |
 *-------  End PYTHIA Process Initialization -----------------------*

 *-------  PYTHIA Flag + Mode + Parm + Word + FVec + MVec + PVec + WVec Settings (changes only)  ------------------* 
 |                                                                                                                 | 
 | Name                                          |                      Now |      Default         Min         Max | 
 |                                               |                          |                                      | 
 | Beams:eA                                      |                  7.00000 |     7000.000         0.0             | 
 | Beams:eB                                      |                  4.00000 |     7000.000         0.0             | 
 | Beams:frameType                               |                        2 |            1           1           5 | 
 | Beams:idA                                     |                       11 |         2212                         | 
 | Beams:idB                                     |                      -11 |         2212                         | 
 | HadronLevel:Hadronize                         |                      off |           on                         | 
 | Next:numberCount                              |                    10000 |         1000           0             | 
 | PartonLevel:MPI                               |                      off |           on                         | 
 | Random:seed                                   |                        0 |           -1               900000000 | 
 | Random:setSeed                                |                       on |          off                         | 
 | WeakSingleBoson:ffbar2ffbar(s:gm)             |                       on |          off                         | 
 |                                                                                                                 | 
 *-------  End PYTHIA Flag + Mode + Parm + Word + FVec + MVec + PVec + WVec Settings  -----------------------------* 

 --------  PYTHIA Particle Data Table (changed only)  ------------------------------------------------------------------------------
 
      id   name            antiName         spn chg col      m0        mWidth      mMin       mMax       tau0    res dec ext vis wid
             no onMode   bRatio   meMode     products 

      15  tau-             tau+               2  -3   0    1.77682    0.00000    0.00000    0.00000  8.71100e-02   0   1   0   1   0
              0     1   0.0000405  103       36       13 
              1     1   0.0000414  103       36       11 

      36  x                                   1   0   0    1.00000    0.00000    0.00000    0.00000  9.33316e+04   0   1   0   0   0
              0     1   0.0000000  103       15      -15 
              1     1   0.9950760  103       13      -13 
              2     1   0.0049237  103       11      -11 
              3     1   0.0000000  103       22       22 

 --------  End PYTHIA Particle Data Table  -----------------------------------------------------------------------------------------


 --------  PYTHIA Info Listing  ---------------------------------------- 
 
 Beam A: id =     11, pz =  5.292e+00, e =  5.292e+00, m =  5.110e-04.
 Beam B: id =    -11, pz = -5.292e+00, e =  5.292e+00, m =  5.110e-04.

 In 1: id =   11, x =  6.213e-01, pdf =  4.844e-02 at Q2 =  6.958e+01.
 In 2: id =  -11, x =  1.000e+00, pdf =  4.954e+07 at same Q2.

 Subprocess f fbar -> f' fbar' (s-channel gamma*) with code 223 is 2 -> 2.
 It has sHat =  6.958e+01,    tHat = -5.427e+01,    uHat = -1.531e+01,
       pTHat =  3.445e+00,   m3Hat =  3.300e-01,   m4Hat =  3.300e-01,
    thetaHat =  2.165e+00,  phiHat =  3.018e-01.
     alphaEM =  7.612e-03,  alphaS =  2.095e-01    at Q2 =  6.958e+01.

 Impact parameter b =  0.000e+00 gives enhancement factor =  1.000e+00.
 Max pT scale for MPI =  1.058e+01, ISR =  8.342e+00, FSR =  8.342e+00.
 Number of MPI =     1, ISR =     1, FSRproc =     3, FSRreson =     0.

 --------  End PYTHIA Info Listing  ------------------------------------

 --------  PYTHIA Event Listing  (hard process)  -----------------------------------------------------------------------------------
 
    no         id  name            status     mothers   daughters     colours      p_x        p_y        p_z         e          m 
     0         90  (system)           -11     0     0     0     0     0     0      0.000      0.000      3.000     11.000     10.583
     1         11  (e-)               -12     0     0     3     0     0     0      0.000      0.000      7.000      7.000      0.001
     2        -11  (e+)               -12     0     0     4     0     0     0      0.000      0.000     -4.000      4.000      0.001
     3         11  (e-)               -21     1     0     5     6     0     0      0.000      0.000      4.349      4.349      0.000
     4        -11  (e+)               -21     2     0     5     6     0     0      0.000      0.000     -4.000      4.000      0.000
     5          2  u                   23     3     4     0     0   101     0      3.289      1.024     -2.156      4.077      0.330
     6         -2  ubar                23     3     4     0     0     0   101     -3.289     -1.024      2.505      4.272      0.330
                                   Charge sum:  0.000           Momentum sum:      0.000      0.000      0.349      8.349      8.342

 --------  End PYTHIA Event Listing  -----------------------------------------------------------------------------------------------

 --------  PYTHIA Event Listing  (complete event)  ---------------------------------------------------------------------------------
 
    no         id  name            status     mothers   daughters     colours      p_x        p_y        p_z         e          m 
     0         90  (system)           -11     0     0     0     0     0     0      0.000      0.000      3.000     11.000     10.583
     1         11  (e-)               -12     0     0    24     0     0     0      0.000      0.000      7.000      7.000      0.001
     2        -11  (e+)               -12     0     0    25     0     0     0      0.000      0.000     -4.000      4.000      0.001
     3         11  (e-)               -21    16     0     5     6     0     0      0.000      0.000      4.349      4.349      0.000
     4        -11  (e+)               -21    17    17     5     6     0     0      0.000      0.000     -4.000      4.000      0.000
     5          2  (u)                -23     3     4     9     9   101     0      3.289      1.024     -2.156      4.077      0.330
     6         -2  (ubar)             -23     3     4     7     8     0   101     -3.289     -1.024      2.505      4.272      0.330
     7         -2  (ubar)             -51     6     0    10    11     0   103     -2.311     -0.835      2.680      3.650      0.330
     8         21  (g)                -51     6     0    12    12   103   101     -0.789     -0.131     -0.299      0.854      0.000
     9          2  (u)                -52     5     5    15    15   101     0      3.100      0.965     -2.032      3.844      0.330
    10         -2  (ubar)             -51     7     0    19    19     0   104     -2.199     -0.240      2.231      3.159      0.330
    11         21  (g)                -51     7     0    21    21   104   103     -0.443     -0.649      0.324      0.850      0.000
    12         21  (g)                -52     8     8    13    14   103   101     -0.459     -0.076     -0.174      0.496      0.000
    13         21  (g)                -51    12     0    20    20   103   105     -0.106      0.588     -0.206      0.632      0.000
    14         21  (g)                -51    12     0    22    22   105   101      0.319     -0.456     -0.404      0.688      0.000
    15          2  (u)                -52     9     9    18    18   101     0      2.428      0.757     -1.596      3.021      0.330
    16         11  (e-)               -41    24    24    23     3     0     0      0.000     -0.000      7.000      7.000      0.000
    17        -11  (e+)               -42    25    25     4     4     0     0      0.000      0.000     -4.000      4.000      0.000
    18          2  (u)                -44    15    15    26    26   101     0      2.421      0.769     -1.589      3.014      0.330
    19         -2  (ubar)             -44    10    10    27    27     0   104     -2.226     -0.194      2.222      3.169      0.330
    20         21  (g)                -44    13    13    28    28   103   105     -0.108      0.592     -0.211      0.638      0.000
    21         21  (g)                -44    11    11    29    29   104   103     -0.449     -0.639      0.327      0.846      0.000
    22         21  (g)                -44    14    14    30    30   105   101      0.318     -0.453     -0.398      0.682      0.000
    23         22  (gamma)            -43    16     0    31    31     0     0      0.044     -0.075      2.649      2.651      0.000
    24         11  (e-)               -61     1     0    16    16     0     0     -0.000      0.000      7.000      7.000      0.000
    25        -11  (e+)               -61     2     0    17    17     0     0      0.000     -0.000     -4.000      4.000      0.000
    26          2  u                   62    18    18     0     0   101     0      2.421      0.769     -1.589      3.014      0.330
    27         -2  ubar                62    19    19     0     0     0   104     -2.226     -0.194      2.222      3.169      0.330
    28         21  g                   62    20    20     0     0   103   105     -0.108      0.592     -0.211      0.638      0.000
    29         21  g                   62    21    21     0     0   104   103     -0.449     -0.639      0.327      0.846      0.000
    30         21  g                   62    22    22     0     0   105   101      0.318     -0.453     -0.398      0.682      0.000
    31         22  gamma               62    23    23     0     0     0     0      0.044     -0.075      2.649      2.651      0.000
    32         22  gamma               63     1     0     0     0     0     0      0.000      0.000      0.000      0.000      0.000
    33         22  gamma               63     2     0     0     0     0     0      0.000      0.000     -0.000      0.000      0.000
                                   Charge sum:  0.000           Momentum sum:     -0.000     -0.000      3.000     11.000     10.583

 --------  End PYTHIA Event Listing  -----------------------------------------------------------------------------------------------
 PYTHIA Warning in TauDecays::decay: unknown correlated tau production, assuming from unpolarized photon  

 Pythia::next(): 10000 events have been generated 

 Pythia::next(): 20000 events have been generated 

 Pythia::next(): 30000 events have been generated 

 Pythia::next(): 40000 events have been generated 

 Pythia::next(): 50000 events have been generated 

 Pythia::next(): 60000 events have been generated 

 Pythia::next(): 70000 events have been generated 

 Pythia::next(): 80000 events have been generated 

 Pythia::next(): 90000 events have been generated 

 *-------  PYTHIA Event and Cross Section Statistics  -------------------------------------------------------------*
 |                                                                                                                 |
 | Subprocess                                    Code |            Number of events       |      sigma +- delta    |
 |                                                    |       Tried   Selected   Accepted |     (estimated) (mb)   |
 |                                                    |                                   |                        |
 |-----------------------------------------------------------------------------------------------------------------|
 |                                                    |                                   |                        |
 | f fbar -> f' fbar' (s-channel gamma*)          223 |     2583667     100000     100000 |   5.996e-06  9.144e-09 |
 |                                                    |                                   |                        |
 | sum                                                |     2583667     100000     100000 |   5.996e-06  9.144e-09 |
 |                                                                                                                 |
 *-------  End PYTHIA Event and Cross Section Statistics ----------------------------------------------------------*

 *-------  PYTHIA Error and Warning Messages Statistics  ----------------------------------------------------------* 
 |                                                                                                                 | 
 |  times   message                                                                                                | 
 |                                                                                                                 | 
 |      1   Warning in PhaseSpace2to2tauyz::trialKin: maximum for cross section violated                           | 
 |  14922   Warning in TauDecays::decay: unknown correlated tau production, assuming from unpolarized photon       | 
 |                                                                                                                 | 
 *-------  End PYTHIA Error and Warning Messages Statistics  ------------------------------------------------------* 
Gammatau2xmu: 9.174e-17

Gammatau2xe: 9.379e-17

BRtau2xmu: 4.048e-05

BRtau2xe: 4.139e-05

BRtau2xmu + BRtau2xe: 8.187e-05

produced tau excluding those daughters are also tau lepton: 2.984e+04
produced X: 2.984e+04
produced X/NMC: 2.984e-01

Proportion of X flying forward (eta>0): 6.232e-01
Proportion of X flying backward (eta<0): 3.768e-01

Total Gamma [GeV]: 2.114e-18
ctau [m]: 9.333e+01

Gammax2tautau: 0.000e+00

Gammax2mumu: 2.104e-18

Gammax2ee: 1.041e-20

Gammax2gmgm: 0.000e+00

BRx2tautau: 0.000e+00

BRx2mumu: 9.951e-01

BRx2ee: 4.924e-03

BRx2gmgm: 0.000e+00

X: insideFidVol: 9.200e+01
observedX: 8.664e+01
visibleX: 0.000e+00

X Observed Fiducial efficiency: 2.903e-03
X Visible Fiducial efficiency: 0.000e+00

reallyProduced tau: 9.200e+10
total number of tau-tau events: 4.600e+10

reallyProducedX: 2.652e+06
reallyobservedX: 7.699e+03
reallyvisibleX: 0.000e+00

