mX:  0.5
g_AB_Lamb:  1.5e-08
g_CC_Lamb:  6e-07
NMC 100000

 *-------  PYTHIA Process Initialization  --------------------------*
 |                                                                  |
 | We collide e- with e+ at a CM energy of 1.058e+01 GeV            |
 |                                                                  |
 |------------------------------------------------------------------|
 |                                                    |             |
 | Subprocess                                    Code |   Estimated |
 |                                                    |    max (mb) |
 |                                                    |             |
 |------------------------------------------------------------------|
 |                                                    |             |
 | f fbar -> f' fbar' (s-channel gamma*)          223 |   1.373e-04 |
 |                                                                  |
 *-------  End PYTHIA Process Initialization -----------------------*

 *-------  PYTHIA Flag + Mode + Parm + Word + FVec + MVec + PVec + WVec Settings (changes only)  ------------------* 
 |                                                                                                                 | 
 | Name                                          |                      Now |      Default         Min         Max | 
 |                                               |                          |                                      | 
 | Beams:eA                                      |                  7.00000 |     7000.000         0.0             | 
 | Beams:eB                                      |                  4.00000 |     7000.000         0.0             | 
 | Beams:frameType                               |                        2 |            1           1           5 | 
 | Beams:idA                                     |                       11 |         2212                         | 
 | Beams:idB                                     |                      -11 |         2212                         | 
 | HadronLevel:Hadronize                         |                      off |           on                         | 
 | Next:numberCount                              |                    10000 |         1000           0             | 
 | PartonLevel:MPI                               |                      off |           on                         | 
 | Random:seed                                   |                        0 |           -1               900000000 | 
 | Random:setSeed                                |                       on |          off                         | 
 | WeakSingleBoson:ffbar2ffbar(s:gm)             |                       on |          off                         | 
 |                                                                                                                 | 
 *-------  End PYTHIA Flag + Mode + Parm + Word + FVec + MVec + PVec + WVec Settings  -----------------------------* 

 --------  PYTHIA Particle Data Table (changed only)  ------------------------------------------------------------------------------
 
      id   name            antiName         spn chg col      m0        mWidth      mMin       mMax       tau0    res dec ext vis wid
             no onMode   bRatio   meMode     products 

      15  tau-             tau+               2  -3   0    1.77682    0.00000    0.00000    0.00000  8.71100e-02   0   1   0   1   0
              0     1   0.0000186  103       36       13 
              1     1   0.0000188  103       36       11 

      36  x                                   1   0   0    0.50000    0.00000    0.00000    0.00000  7.15494e+01   0   1   0   0   0
              0     1   0.0000000  103       15      -15 
              1     1   0.9946920  103       13      -13 
              2     1   0.0053080  103       11      -11 
              3     1   0.0000000  103       22       22 

 --------  End PYTHIA Particle Data Table  -----------------------------------------------------------------------------------------


 --------  PYTHIA Info Listing  ---------------------------------------- 
 
 Beam A: id =     11, pz =  5.292e+00, e =  5.292e+00, m =  5.110e-04.
 Beam B: id =    -11, pz = -5.292e+00, e =  5.292e+00, m =  5.110e-04.

 In 1: id =   11, x =  1.000e+00, pdf =  2.814e+08 at Q2 =  1.119e+02.
 In 2: id =  -11, x =  9.996e-01, pdf =  7.188e+01 at same Q2.

 Subprocess f fbar -> f' fbar' (s-channel gamma*) with code 223 is 2 -> 2.
 It has sHat =  1.119e+02,    tHat = -8.389e+01,    uHat = -2.806e+01,
       pTHat =  4.585e+00,   m3Hat =  1.057e-01,   m4Hat =  1.057e-01,
    thetaHat =  2.093e+00,  phiHat =  3.777e+00.
     alphaEM =  7.631e-03,  alphaS =  1.975e-01    at Q2 =  1.119e+02.

 Impact parameter b =  0.000e+00 gives enhancement factor =  1.000e+00.
 Max pT scale for MPI =  1.058e+01, ISR =  1.058e+01, FSR =  1.058e+01.
 Number of MPI =     1, ISR =     1, FSRproc =     1, FSRreson =     0.

 --------  End PYTHIA Info Listing  ------------------------------------

 --------  PYTHIA Event Listing  (hard process)  -----------------------------------------------------------------------------------
 
    no         id  name            status     mothers   daughters     colours      p_x        p_y        p_z         e          m 
     0         90  (system)           -11     0     0     0     0     0     0      0.000      0.000      3.000     11.000     10.583
     1         11  (e-)               -12     0     0     3     0     0     0      0.000      0.000      7.000      7.000      0.001
     2        -11  (e+)               -12     0     0     4     0     0     0      0.000      0.000     -4.000      4.000      0.001
     3         11  (e-)               -21     1     0     5     6     0     0      0.000      0.000      7.000      7.000      0.000
     4        -11  (e+)               -21     2     0     5     6     0     0      0.000      0.000     -3.998      3.998      0.000
     5         13  mu-                 23     3     4     0     0     0     0     -3.690     -2.722     -1.241      4.751      0.106
     6        -13  mu+                 23     3     4     0     0     0     0      3.690      2.722      4.242      6.247      0.106
                                   Charge sum:  0.000           Momentum sum:      0.000      0.000      3.002     10.998     10.581

 --------  End PYTHIA Event Listing  -----------------------------------------------------------------------------------------------

 --------  PYTHIA Event Listing  (complete event)  ---------------------------------------------------------------------------------
 
    no         id  name            status     mothers   daughters     colours      p_x        p_y        p_z         e          m 
     0         90  (system)           -11     0     0     0     0     0     0      0.000      0.000      3.000     11.000     10.583
     1         11  (e-)               -12     0     0    15     0     0     0      0.000      0.000      7.000      7.000      0.001
     2        -11  (e+)               -12     0     0    16     0     0     0      0.000      0.000     -4.000      4.000      0.001
     3         11  (e-)               -21     7     7     5     6     0     0      0.000      0.000      7.000      7.000      0.000
     4        -11  (e+)               -21     8     0     5     6     0     0      0.000      0.000     -3.998      3.998      0.000
     5         13  (mu-)              -23     3     4     9     9     0     0     -3.690     -2.722     -1.241      4.751      0.106
     6        -13  (mu+)              -23     3     4    10    10     0     0      3.690      2.722      4.242      6.247      0.106
     7         11  (e-)               -42    15    15     3     3     0     0     -0.000     -0.000      7.000      7.000      0.000
     8        -11  (e+)               -41    16    16    11     4     0     0      0.000      0.000     -4.000      4.000      0.000
     9         13  (mu-)              -44     5     5    14    14     0     0     -3.689     -2.721     -1.242      4.750      0.106
    10        -13  (mu+)              -44     6     6    12    13     0     0      3.690      2.722      4.243      6.248      0.106
    11         22  (gamma)            -43     8     0    19    19     0     0     -0.001     -0.001     -0.001      0.002      0.000
    12        -13  (mu+)              -51    10     0    18    18     0     0      3.690      2.722      4.243      6.248      0.106
    13         22  (gamma)            -51    10     0    20    20     0     0     -0.000     -0.000     -0.000      0.000      0.000
    14         13  (mu-)              -52     9     9    17    17     0     0     -3.689     -2.721     -1.242      4.750      0.106
    15         11  (e-)               -61     1     0     7     7     0     0     -0.000      0.000      7.000      7.000      0.000
    16        -11  (e+)               -61     2     0     8     8     0     0      0.000     -0.000     -4.000      4.000      0.000
    17         13  mu-                 62    14    14     0     0     0     0     -3.689     -2.721     -1.242      4.750      0.106
    18        -13  mu+                 62    12    12     0     0     0     0      3.690      2.722      4.243      6.248      0.106
    19         22  gamma               62    11    11     0     0     0     0     -0.001     -0.001     -0.001      0.002      0.000
    20         22  gamma               62    13    13     0     0     0     0     -0.000     -0.000     -0.000      0.000      0.000
    21         22  gamma               63     1     0     0     0     0     0      0.000      0.000      0.000      0.000      0.000
    22         22  gamma               63     2     0     0     0     0     0      0.000      0.000     -0.000      0.000      0.000
                                   Charge sum:  0.000           Momentum sum:      0.000      0.000      3.000     11.000     10.583

 --------  End PYTHIA Event Listing  -----------------------------------------------------------------------------------------------
 PYTHIA Warning in PhaseSpace2to2tauyz::trialKin: maximum for cross section violated  
 PYTHIA Warning in TauDecays::decay: unknown correlated tau production, assuming from unpolarized photon  

 Pythia::next(): 10000 events have been generated 

 Pythia::next(): 20000 events have been generated 

 Pythia::next(): 30000 events have been generated 

 Pythia::next(): 40000 events have been generated 

 Pythia::next(): 50000 events have been generated 

 Pythia::next(): 60000 events have been generated 

 Pythia::next(): 70000 events have been generated 

 Pythia::next(): 80000 events have been generated 

 Pythia::next(): 90000 events have been generated 

 *-------  PYTHIA Event and Cross Section Statistics  -------------------------------------------------------------*
 |                                                                                                                 |
 | Subprocess                                    Code |            Number of events       |      sigma +- delta    |
 |                                                    |       Tried   Selected   Accepted |     (estimated) (mb)   |
 |                                                    |                                   |                        |
 |-----------------------------------------------------------------------------------------------------------------|
 |                                                    |                                   |                        |
 | f fbar -> f' fbar' (s-channel gamma*)          223 |     2297149     100000     100000 |   5.996e-06  9.780e-09 |
 |                                                    |                                   |                        |
 | sum                                                |     2297149     100000     100000 |   5.996e-06  9.780e-09 |
 |                                                                                                                 |
 *-------  End PYTHIA Event and Cross Section Statistics ----------------------------------------------------------*

 *-------  PYTHIA Error and Warning Messages Statistics  ----------------------------------------------------------* 
 |                                                                                                                 | 
 |  times   message                                                                                                | 
 |                                                                                                                 | 
 |   1357   Warning in PhaseSpace2to2tauyz::trialKin: maximum for cross section violated                           | 
 |  14855   Warning in TauDecays::decay: unknown correlated tau production, assuming from unpolarized photon       | 
 |                                                                                                                 | 
 *-------  End PYTHIA Error and Warning Messages Statistics  ------------------------------------------------------* 
Gammatau2xmu: 4.205e-17

Gammatau2xe: 4.258e-17

BRtau2xmu: 1.856e-05

BRtau2xe: 1.879e-05

BRtau2xmu + BRtau2xe: 3.735e-05

produced tau excluding those daughters are also tau lepton: 2.971e+04
produced X: 2.971e+04
produced X/NMC: 2.971e-01

Proportion of X flying forward (eta>0): 6.264e-01
Proportion of X flying backward (eta<0): 3.736e-01

Total Gamma [GeV]: 2.758e-15
ctau [m]: 7.155e-02

Gammax2tautau: 0.000e+00

Gammax2mumu: 2.743e-15

Gammax2ee: 1.464e-17

Gammax2gmgm: 0.000e+00

BRx2tautau: 0.000e+00

BRx2mumu: 9.947e-01

BRx2ee: 5.308e-03

BRx2gmgm: 0.000e+00

X: insideFidVol: 1.487e+04
observedX: 1.476e+04
visibleX: 1.818e+01

X Observed Fiducial efficiency: 4.967e-01
X Visible Fiducial efficiency: 6.118e-04

reallyProduced tau: 9.200e+10
total number of tau-tau events: 4.600e+10

reallyProducedX: 1.210e+06
reallyobservedX: 6.010e+05
reallyvisibleX: 7.403e+02

