mX:  1.5
g_AB_Lamb:  3e-09
g_CC_Lamb:  6e-10
NMC 100000

 *-------  PYTHIA Process Initialization  --------------------------*
 |                                                                  |
 | We collide e- with e+ at a CM energy of 1.058e+01 GeV            |
 |                                                                  |
 |------------------------------------------------------------------|
 |                                                    |             |
 | Subprocess                                    Code |   Estimated |
 |                                                    |    max (mb) |
 |                                                    |             |
 |------------------------------------------------------------------|
 |                                                    |             |
 | f fbar -> f' fbar' (s-channel gamma*)          223 |   1.441e-04 |
 |                                                                  |
 *-------  End PYTHIA Process Initialization -----------------------*

 *-------  PYTHIA Flag + Mode + Parm + Word + FVec + MVec + PVec + WVec Settings (changes only)  ------------------* 
 |                                                                                                                 | 
 | Name                                          |                      Now |      Default         Min         Max | 
 |                                               |                          |                                      | 
 | Beams:eA                                      |                  7.00000 |     7000.000         0.0             | 
 | Beams:eB                                      |                  4.00000 |     7000.000         0.0             | 
 | Beams:frameType                               |                        2 |            1           1           5 | 
 | Beams:idA                                     |                       11 |         2212                         | 
 | Beams:idB                                     |                      -11 |         2212                         | 
 | HadronLevel:Hadronize                         |                      off |           on                         | 
 | Next:numberCount                              |                    10000 |         1000           0             | 
 | PartonLevel:MPI                               |                      off |           on                         | 
 | Random:seed                                   |                        0 |           -1               900000000 | 
 | Random:setSeed                                |                       on |          off                         | 
 | WeakSingleBoson:ffbar2ffbar(s:gm)             |                       on |          off                         | 
 |                                                                                                                 | 
 *-------  End PYTHIA Flag + Mode + Parm + Word + FVec + MVec + PVec + WVec Settings  -----------------------------* 

 --------  PYTHIA Particle Data Table (changed only)  ------------------------------------------------------------------------------
 
      id   name            antiName         spn chg col      m0        mWidth      mMin       mMax       tau0    res dec ext vis wid
             no onMode   bRatio   meMode     products 

      15  tau-             tau+               2  -3   0    1.77682    0.00000    0.00000    0.00000  8.71100e-02   0   1   0   1   0
              0     1   0.0000001  103       36       13 
              1     1   0.0000001  103       36       11 

      36  x                                   1   0   0    1.50000    0.00000    0.00000    0.00000  7.28088e+06   0   1   0   0   0
              0     1   0.0000000  103       15      -15 
              1     1   0.9951390  103       13      -13 
              2     1   0.0048613  103       11      -11 
              3     1   0.0000000  103       22       22 

 --------  End PYTHIA Particle Data Table  -----------------------------------------------------------------------------------------


 --------  PYTHIA Info Listing  ---------------------------------------- 
 
 Beam A: id =     11, pz =  5.292e+00, e =  5.292e+00, m =  5.110e-04.
 Beam B: id =    -11, pz = -5.292e+00, e =  5.292e+00, m =  5.110e-04.

 In 1: id =   11, x =  1.000e+00, pdf =  1.512e+08 at Q2 =  7.720e+01.
 In 2: id =  -11, x =  6.893e-01, pdf =  6.948e-02 at same Q2.

 Subprocess f fbar -> f' fbar' (s-channel gamma*) with code 223 is 2 -> 2.
 It has sHat =  7.720e+01,    tHat = -3.181e+01,    uHat = -4.539e+01,
       pTHat =  4.312e+00,   m3Hat =  3.300e-01,   m4Hat =  3.300e-01,
    thetaHat =  1.394e+00,  phiHat =  5.258e+00.
     alphaEM =  7.616e-03,  alphaS =  2.067e-01    at Q2 =  7.720e+01.

 Impact parameter b =  0.000e+00 gives enhancement factor =  1.000e+00.
 Max pT scale for MPI =  1.058e+01, ISR =  8.786e+00, FSR =  8.786e+00.
 Number of MPI =     1, ISR =     1, FSRproc =     4, FSRreson =     0.

 --------  End PYTHIA Info Listing  ------------------------------------

 --------  PYTHIA Event Listing  (hard process)  -----------------------------------------------------------------------------------
 
    no         id  name            status     mothers   daughters     colours      p_x        p_y        p_z         e          m 
     0         90  (system)           -11     0     0     0     0     0     0      0.000      0.000      3.000     11.000     10.583
     1         11  (e-)               -12     0     0     3     0     0     0      0.000      0.000      7.000      7.000      0.001
     2        -11  (e+)               -12     0     0     4     0     0     0      0.000      0.000     -4.000      4.000      0.001
     3         11  (e-)               -21     1     0     5     6     0     0      0.000      0.000      7.000      7.000      0.000
     4        -11  (e+)               -21     2     0     5     6     0     0      0.000      0.000     -2.757      2.757      0.000
     5          2  u                   23     3     4     0     0   101     0      2.237     -3.687      2.978      5.251      0.330
     6         -2  ubar                23     3     4     0     0     0   101     -2.237      3.687      1.265      4.506      0.330
                                   Charge sum:  0.000           Momentum sum:      0.000      0.000      4.243      9.757      8.786

 --------  End PYTHIA Event Listing  -----------------------------------------------------------------------------------------------

 --------  PYTHIA Event Listing  (complete event)  ---------------------------------------------------------------------------------
 
    no         id  name            status     mothers   daughters     colours      p_x        p_y        p_z         e          m 
     0         90  (system)           -11     0     0     0     0     0     0      0.000      0.000      3.000     11.000     10.583
     1         11  (e-)               -12     0     0    28     0     0     0      0.000      0.000      7.000      7.000      0.001
     2        -11  (e+)               -12     0     0    29     0     0     0      0.000      0.000     -4.000      4.000      0.001
     3         11  (e-)               -21    19    19     5     6     0     0      0.000      0.000      7.000      7.000      0.000
     4        -11  (e+)               -21    20     0     5     6     0     0      0.000      0.000     -2.757      2.757      0.000
     5          2  (u)                -23     3     4     7     8   101     0      2.237     -3.687      2.978      5.251      0.330
     6         -2  (ubar)             -23     3     4     9     9     0   101     -2.237      3.687      1.265      4.506      0.330
     7          2  (u)                -51     5     0    12    12   103     0      1.855     -3.838      2.649      5.030      0.330
     8         21  (g)                -51     5     0    10    11   101   103      0.087      0.638      0.493      0.811      0.000
     9         -2  (ubar)             -52     6     6    15    15     0   101     -1.942      3.201      1.100      3.916      0.330
    10         21  (g)                -51     8     0    13    14   101   104      0.052     -0.478     -0.258      0.546      0.000
    11         21  (g)                -51     8     0    24    24   104   103      0.487      0.174      1.396      1.489      0.000
    12          2  (u)                -52     7     7    21    21   103     0      1.402     -2.897      2.005      3.806      0.330
    13         21  (g)                -51    10     0    18    18   105   104      0.035     -0.530     -0.091      0.538      0.000
    14         21  (g)                -51    10     0    16    17   101   105     -0.426      0.784      0.086      0.896      0.000
    15         -2  (ubar)             -52     9     9    22    22     0   101     -1.499      2.468      0.848      3.027      0.330
    16         21  (g)                -51    14     0    25    25   101   106     -0.077      0.682     -0.254      0.731      0.000
    17         21  (g)                -51    14     0    26    26   106   105     -0.329     -0.210      0.285      0.483      0.000
    18         21  (g)                -52    13    13    23    23   105   104      0.014     -0.217     -0.037      0.220      0.000
    19         11  (e-)               -42    28    28     3     3     0     0     -0.000      0.000      7.000      7.000      0.000
    20        -11  (e+)               -41    29    29    27     4     0     0      0.000     -0.000     -4.000      4.000      0.000
    21          2  (u)                -44    12    12    30    30   103     0      1.403     -2.897      2.006      3.807      0.330
    22         -2  (ubar)             -44    15    15    31    31     0   101     -1.498      2.467      0.847      3.026      0.330
    23         21  (g)                -44    18    18    32    32   105   104      0.014     -0.217     -0.037      0.220      0.000
    24         21  (g)                -44    11    11    33    33   104   103      0.487      0.174      1.396      1.489      0.000
    25         21  (g)                -44    16    16    34    34   101   106     -0.076      0.681     -0.254      0.731      0.000
    26         21  (g)                -44    17    17    35    35   106   105     -0.329     -0.210      0.285      0.483      0.000
    27         22  (gamma)            -43    20     0    36    36     0     0     -0.001      0.001     -1.243      1.243      0.000
    28         11  (e-)               -61     1     0    19    19     0     0      0.000     -0.000      7.000      7.000      0.000
    29        -11  (e+)               -61     2     0    20    20     0     0     -0.000      0.000     -4.000      4.000      0.000
    30          2  u                   62    21    21     0     0   103     0      1.403     -2.897      2.006      3.807      0.330
    31         -2  ubar                62    22    22     0     0     0   101     -1.498      2.467      0.847      3.026      0.330
    32         21  g                   62    23    23     0     0   105   104      0.014     -0.217     -0.037      0.220      0.000
    33         21  g                   62    24    24     0     0   104   103      0.487      0.174      1.396      1.489      0.000
    34         21  g                   62    25    25     0     0   101   106     -0.076      0.681     -0.254      0.731      0.000
    35         21  g                   62    26    26     0     0   106   105     -0.329     -0.210      0.285      0.483      0.000
    36         22  gamma               62    27    27     0     0     0     0     -0.001      0.001     -1.243      1.243      0.000
    37         22  gamma               63     1     0     0     0     0     0      0.000      0.000      0.000      0.000      0.000
    38         22  gamma               63     2     0     0     0     0     0      0.000      0.000     -0.000      0.000      0.000
                                   Charge sum:  0.000           Momentum sum:      0.000     -0.000      3.000     11.000     10.583

 --------  End PYTHIA Event Listing  -----------------------------------------------------------------------------------------------
 PYTHIA Warning in TauDecays::decay: unknown correlated tau production, assuming from unpolarized photon  
 PYTHIA Warning in PhaseSpace2to2tauyz::trialKin: maximum for cross section violated  

 Pythia::next(): 10000 events have been generated 

 Pythia::next(): 20000 events have been generated 

 Pythia::next(): 30000 events have been generated 

 Pythia::next(): 40000 events have been generated 

 Pythia::next(): 50000 events have been generated 

 Pythia::next(): 60000 events have been generated 

 Pythia::next(): 70000 events have been generated 

 Pythia::next(): 80000 events have been generated 

 Pythia::next(): 90000 events have been generated 

 *-------  PYTHIA Event and Cross Section Statistics  -------------------------------------------------------------*
 |                                                                                                                 |
 | Subprocess                                    Code |            Number of events       |      sigma +- delta    |
 |                                                    |       Tried   Selected   Accepted |     (estimated) (mb)   |
 |                                                    |                                   |                        |
 |-----------------------------------------------------------------------------------------------------------------|
 |                                                    |                                   |                        |
 | f fbar -> f' fbar' (s-channel gamma*)          223 |     2398492     100000     100000 |   6.016e-06  9.690e-09 |
 |                                                    |                                   |                        |
 | sum                                                |     2398492     100000     100000 |   6.016e-06  9.690e-09 |
 |                                                                                                                 |
 *-------  End PYTHIA Event and Cross Section Statistics ----------------------------------------------------------*

 *-------  PYTHIA Error and Warning Messages Statistics  ----------------------------------------------------------* 
 |                                                                                                                 | 
 |  times   message                                                                                                | 
 |                                                                                                                 | 
 |    889   Warning in PhaseSpace2to2tauyz::trialKin: maximum for cross section violated                           | 
 |  14791   Warning in TauDecays::decay: unknown correlated tau production, assuming from unpolarized photon       | 
 |                                                                                                                 | 
 *-------  End PYTHIA Error and Warning Messages Statistics  ------------------------------------------------------* 
Gammatau2xmu: 1.481e-19

Gammatau2xe: 1.659e-19

BRtau2xmu: 6.538e-08

BRtau2xe: 7.321e-08

BRtau2xmu + BRtau2xe: 1.386e-07

produced tau excluding those daughters are also tau lepton: 2.958e+04
produced X: 2.958e+04
produced X/NMC: 2.958e-01

Proportion of X flying forward (eta>0): 6.244e-01
Proportion of X flying backward (eta<0): 3.756e-01

Total Gamma [GeV]: 2.710e-20
ctau [m]: 7.281e+03

Gammax2tautau: 0.000e+00

Gammax2mumu: 2.697e-20

Gammax2ee: 1.318e-22

Gammax2gmgm: 0.000e+00

BRx2tautau: 0.000e+00

BRx2mumu: 9.951e-01

BRx2ee: 4.861e-03

BRx2gmgm: 0.000e+00

X: insideFidVol: 0.000e+00
observedX: 1.163e+00
visibleX: 0.000e+00

X Observed Fiducial efficiency: 3.931e-05
X Visible Fiducial efficiency: 0.000e+00

reallyProduced tau: 9.200e+10
total number of tau-tau events: 4.600e+10

reallyProducedX: 4.489e+03
reallyobservedX: 1.765e-01
reallyvisibleX: 0.000e+00

