mX:  0.5
g_AB_Lamb:  3e-10
g_CC_Lamb:  1e-09
NMC 100000

 *-------  PYTHIA Process Initialization  --------------------------*
 |                                                                  |
 | We collide e- with e+ at a CM energy of 1.058e+01 GeV            |
 |                                                                  |
 |------------------------------------------------------------------|
 |                                                    |             |
 | Subprocess                                    Code |   Estimated |
 |                                                    |    max (mb) |
 |                                                    |             |
 |------------------------------------------------------------------|
 |                                                    |             |
 | f fbar -> f' fbar' (s-channel gamma*)          223 |   1.358e-04 |
 |                                                                  |
 *-------  End PYTHIA Process Initialization -----------------------*

 *-------  PYTHIA Flag + Mode + Parm + Word + FVec + MVec + PVec + WVec Settings (changes only)  ------------------* 
 |                                                                                                                 | 
 | Name                                          |                      Now |      Default         Min         Max | 
 |                                               |                          |                                      | 
 | Beams:eA                                      |                  7.00000 |     7000.000         0.0             | 
 | Beams:eB                                      |                  4.00000 |     7000.000         0.0             | 
 | Beams:frameType                               |                        2 |            1           1           5 | 
 | Beams:idA                                     |                       11 |         2212                         | 
 | Beams:idB                                     |                      -11 |         2212                         | 
 | HadronLevel:Hadronize                         |                      off |           on                         | 
 | Next:numberCount                              |                    10000 |         1000           0             | 
 | PartonLevel:MPI                               |                      off |           on                         | 
 | Random:seed                                   |                        0 |           -1               900000000 | 
 | Random:setSeed                                |                       on |          off                         | 
 | WeakSingleBoson:ffbar2ffbar(s:gm)             |                       on |          off                         | 
 |                                                                                                                 | 
 *-------  End PYTHIA Flag + Mode + Parm + Word + FVec + MVec + PVec + WVec Settings  -----------------------------* 

 --------  PYTHIA Particle Data Table (changed only)  ------------------------------------------------------------------------------
 
      id   name            antiName         spn chg col      m0        mWidth      mMin       mMax       tau0    res dec ext vis wid
             no onMode   bRatio   meMode     products 

      15  tau-             tau+               2  -3   0    1.77682    0.00000    0.00000    0.00000  8.71100e-02   0   1   0   1   0
              0     1   0.0000000  103       36       13 
              1     1   0.0000000  103       36       11 

      36  x                                   1   0   0    0.50000    0.00000    0.00000    0.00000  2.57578e+07   0   1   0   0   0
              0     1   0.0000000  103       15      -15 
              1     1   0.9946920  103       13      -13 
              2     1   0.0053080  103       11      -11 
              3     1   0.0000000  103       22       22 

 --------  End PYTHIA Particle Data Table  -----------------------------------------------------------------------------------------


 --------  PYTHIA Info Listing  ---------------------------------------- 
 
 Beam A: id =     11, pz =  5.292e+00, e =  5.292e+00, m =  5.110e-04.
 Beam B: id =    -11, pz = -5.292e+00, e =  5.292e+00, m =  5.110e-04.

 In 1: id =   11, x =  1.000e+00, pdf =  2.091e+06 at Q2 =  1.119e+02.
 In 2: id =  -11, x =  9.993e-01, pdf =  4.618e+01 at same Q2.

 Subprocess f fbar -> f' fbar' (s-channel gamma*) with code 223 is 2 -> 2.
 It has sHat =  1.119e+02,    tHat = -1.349e+01,    uHat = -9.843e+01,
       pTHat =  3.438e+00,   m3Hat =  3.300e-01,   m4Hat =  3.300e-01,
    thetaHat =  7.091e-01,  phiHat =  2.088e+00.
     alphaEM =  7.631e-03,  alphaS =  1.975e-01    at Q2 =  1.119e+02.

 Impact parameter b =  0.000e+00 gives enhancement factor =  1.000e+00.
 Max pT scale for MPI =  1.058e+01, ISR =  1.058e+01, FSR =  1.058e+01.
 Number of MPI =     1, ISR =     1, FSRproc =     4, FSRreson =     0.

 --------  End PYTHIA Info Listing  ------------------------------------

 --------  PYTHIA Event Listing  (hard process)  -----------------------------------------------------------------------------------
 
    no         id  name            status     mothers   daughters     colours      p_x        p_y        p_z         e          m 
     0         90  (system)           -11     0     0     0     0     0     0      0.000      0.000      3.000     11.000     10.583
     1         11  (e-)               -12     0     0     3     0     0     0      0.000      0.000      7.000      7.000      0.001
     2        -11  (e+)               -12     0     0     4     0     0     0      0.000      0.000     -4.000      4.000      0.001
     3         11  (e-)               -21     1     0     5     6     0     0      0.000      0.000      7.000      7.000      0.000
     4        -11  (e+)               -21     2     0     5     6     0     0      0.000      0.000     -3.997      3.997      0.000
     5          1  d                   23     3     4     0     0   101     0     -1.700      2.988      5.666      6.636      0.330
     6         -1  dbar                23     3     4     0     0     0   101      1.700     -2.988     -2.664      4.361      0.330
                                   Charge sum:  0.000           Momentum sum:      0.000      0.000      3.003     10.997     10.579

 --------  End PYTHIA Event Listing  -----------------------------------------------------------------------------------------------

 --------  PYTHIA Event Listing  (complete event)  ---------------------------------------------------------------------------------
 
    no         id  name            status     mothers   daughters     colours      p_x        p_y        p_z         e          m 
     0         90  (system)           -11     0     0     0     0     0     0      0.000      0.000      3.000     11.000     10.583
     1         11  (e-)               -12     0     0    28     0     0     0      0.000      0.000      7.000      7.000      0.001
     2        -11  (e+)               -12     0     0    29     0     0     0      0.000      0.000     -4.000      4.000      0.001
     3         11  (e-)               -21    19    19     5     6     0     0      0.000      0.000      7.000      7.000      0.000
     4        -11  (e+)               -21    20     0     5     6     0     0      0.000      0.000     -3.997      3.997      0.000
     5          1  (d)                -23     3     4     9     9   101     0     -1.700      2.988      5.666      6.636      0.330
     6         -1  (dbar)             -23     3     4     7     8     0   101      1.700     -2.988     -2.664      4.361      0.330
     7         -1  (dbar)             -51     6     0    22    22     0   102      0.694     -1.179     -2.868      3.195      0.330
     8         21  (g)                -51     6     0    12    12   102   101      0.822     -1.485      0.820      1.884      0.000
     9          1  (d)                -52     5     5    10    11   101     0     -1.516      2.663      5.052      5.918      0.330
    10          1  (d)                -51     9     0    21    21   103     0     -1.062      0.649      1.797      2.211      0.330
    11         21  (g)                -51     9     0    15    15   101   103     -0.394      1.906      3.314      3.843      0.000
    12         21  (g)                -52     8     8    13    14   102   101      0.762     -1.377      0.760      1.748      0.000
    13         21  (g)                -51    12     0    23    23   102   104     -0.295     -0.457      0.174      0.571      0.000
    14         21  (g)                -51    12     0    18    18   104   101      1.019     -0.735      0.908      1.550      0.000
    15         21  (g)                -52    11    11    16    17   101   103     -0.355      1.721      2.992      3.470      0.000
    16         -1  (dbar)             -51    15     0    24    24     0   103     -0.047      1.158      1.273      1.753      0.330
    17          1  (d)                -51    15     0    26    26   101     0     -0.162      0.457      1.851      1.941      0.330
    18         21  (g)                -52    14    14    25    25   104   101      0.872     -0.628      0.776      1.326      0.000
    19         11  (e-)               -42    28    28     3     3     0     0      0.000     -0.000      7.000      7.000      0.000
    20        -11  (e+)               -41    29    29    27     4     0     0     -0.000      0.000     -4.000      4.000      0.000
    21          1  (d)                -44    10    10    30    30   103     0     -1.062      0.650      1.797      2.211      0.330
    22         -1  (dbar)             -44     7     7    31    31     0   102      0.692     -1.177     -2.870      3.195      0.330
    23         21  (g)                -44    13    13    32    32   102   104     -0.295     -0.457      0.174      0.571      0.000
    24         -1  (dbar)             -44    16    16    33    33     0   103     -0.047      1.158      1.273      1.753      0.330
    25         21  (g)                -44    18    18    34    34   104   101      0.871     -0.628      0.776      1.325      0.000
    26          1  (d)                -44    17    17    35    35   101     0     -0.162      0.457      1.850      1.941      0.330
    27         22  (gamma)            -43    20     0    36    36     0     0      0.003     -0.003      0.000      0.004      0.000
    28         11  (e-)               -61     1     0    19    19     0     0     -0.000      0.000      7.000      7.000      0.000
    29        -11  (e+)               -61     2     0    20    20     0     0      0.000     -0.000     -4.000      4.000      0.000
    30          1  d                   62    21    21     0     0   103     0     -1.062      0.650      1.797      2.211      0.330
    31         -1  dbar                62    22    22     0     0     0   102      0.692     -1.177     -2.870      3.195      0.330
    32         21  g                   62    23    23     0     0   102   104     -0.295     -0.457      0.174      0.571      0.000
    33         -1  dbar                62    24    24     0     0     0   103     -0.047      1.158      1.273      1.753      0.330
    34         21  g                   62    25    25     0     0   104   101      0.871     -0.628      0.776      1.325      0.000
    35          1  d                   62    26    26     0     0   101     0     -0.162      0.457      1.850      1.941      0.330
    36         22  gamma               62    27    27     0     0     0     0      0.003     -0.003      0.000      0.004      0.000
    37         22  gamma               63     1     0     0     0     0     0      0.000      0.000      0.000      0.000      0.000
    38         22  gamma               63     2     0     0     0     0     0      0.000      0.000     -0.000      0.000      0.000
                                   Charge sum:  0.000           Momentum sum:      0.000     -0.000      3.000     11.000     10.583

 --------  End PYTHIA Event Listing  -----------------------------------------------------------------------------------------------
 PYTHIA Warning in TauDecays::decay: unknown correlated tau production, assuming from unpolarized photon  
 PYTHIA Warning in PhaseSpace2to2tauyz::trialKin: maximum for cross section violated  

 Pythia::next(): 10000 events have been generated 

 Pythia::next(): 20000 events have been generated 

 Pythia::next(): 30000 events have been generated 

 Pythia::next(): 40000 events have been generated 

 Pythia::next(): 50000 events have been generated 

 Pythia::next(): 60000 events have been generated 

 Pythia::next(): 70000 events have been generated 

 Pythia::next(): 80000 events have been generated 

 Pythia::next(): 90000 events have been generated 

 *-------  PYTHIA Event and Cross Section Statistics  -------------------------------------------------------------*
 |                                                                                                                 |
 | Subprocess                                    Code |            Number of events       |      sigma +- delta    |
 |                                                    |       Tried   Selected   Accepted |     (estimated) (mb)   |
 |                                                    |                                   |                        |
 |-----------------------------------------------------------------------------------------------------------------|
 |                                                    |                                   |                        |
 | f fbar -> f' fbar' (s-channel gamma*)          223 |     2270412     100000     100000 |   5.992e-06  9.900e-09 |
 |                                                    |                                   |                        |
 | sum                                                |     2270412     100000     100000 |   5.992e-06  9.900e-09 |
 |                                                                                                                 |
 *-------  End PYTHIA Event and Cross Section Statistics ----------------------------------------------------------*

 *-------  PYTHIA Error and Warning Messages Statistics  ----------------------------------------------------------* 
 |                                                                                                                 | 
 |  times   message                                                                                                | 
 |                                                                                                                 | 
 |   1927   Warning in PhaseSpace2to2tauyz::trialKin: maximum for cross section violated                           | 
 |  14727   Warning in TauDecays::decay: unknown correlated tau production, assuming from unpolarized photon       | 
 |                                                                                                                 | 
 *-------  End PYTHIA Error and Warning Messages Statistics  ------------------------------------------------------* 
Gammatau2xmu: 1.682e-20

Gammatau2xe: 1.703e-20

BRtau2xmu: 7.424e-09

BRtau2xe: 7.518e-09

BRtau2xmu + BRtau2xe: 1.494e-08

produced tau excluding those daughters are also tau lepton: 2.945e+04
produced X: 2.945e+04
produced X/NMC: 2.945e-01

Proportion of X flying forward (eta>0): 6.282e-01
Proportion of X flying backward (eta<0): 3.718e-01

Total Gamma [GeV]: 7.661e-21
ctau [m]: 2.576e+04

Gammax2tautau: 0.000e+00

Gammax2mumu: 7.620e-21

Gammax2ee: 4.066e-23

Gammax2gmgm: 0.000e+00

BRx2tautau: 0.000e+00

BRx2mumu: 9.947e-01

BRx2ee: 5.308e-03

BRx2gmgm: 0.000e+00

X: insideFidVol: 0.000e+00
observedX: 2.483e-01
visibleX: 0.000e+00

X Observed Fiducial efficiency: 8.432e-06
X Visible Fiducial efficiency: 0.000e+00

reallyProduced tau: 9.200e+10
total number of tau-tau events: 4.600e+10

reallyProducedX: 4.840e+02
reallyobservedX: 4.081e-03
reallyvisibleX: 0.000e+00

