mX:  0.5
g_AB_Lamb:  1.5e-10
g_CC_Lamb:  8e-07
NMC 100000

 *-------  PYTHIA Process Initialization  --------------------------*
 |                                                                  |
 | We collide e- with e+ at a CM energy of 1.058e+01 GeV            |
 |                                                                  |
 |------------------------------------------------------------------|
 |                                                    |             |
 | Subprocess                                    Code |   Estimated |
 |                                                    |    max (mb) |
 |                                                    |             |
 |------------------------------------------------------------------|
 |                                                    |             |
 | f fbar -> f' fbar' (s-channel gamma*)          223 |   1.307e-04 |
 |                                                                  |
 *-------  End PYTHIA Process Initialization -----------------------*

 *-------  PYTHIA Flag + Mode + Parm + Word + FVec + MVec + PVec + WVec Settings (changes only)  ------------------* 
 |                                                                                                                 | 
 | Name                                          |                      Now |      Default         Min         Max | 
 |                                               |                          |                                      | 
 | Beams:eA                                      |                  7.00000 |     7000.000         0.0             | 
 | Beams:eB                                      |                  4.00000 |     7000.000         0.0             | 
 | Beams:frameType                               |                        2 |            1           1           5 | 
 | Beams:idA                                     |                       11 |         2212                         | 
 | Beams:idB                                     |                      -11 |         2212                         | 
 | HadronLevel:Hadronize                         |                      off |           on                         | 
 | Next:numberCount                              |                    10000 |         1000           0             | 
 | PartonLevel:MPI                               |                      off |           on                         | 
 | Random:seed                                   |                        0 |           -1               900000000 | 
 | Random:setSeed                                |                       on |          off                         | 
 | WeakSingleBoson:ffbar2ffbar(s:gm)             |                       on |          off                         | 
 |                                                                                                                 | 
 *-------  End PYTHIA Flag + Mode + Parm + Word + FVec + MVec + PVec + WVec Settings  -----------------------------* 

 --------  PYTHIA Particle Data Table (changed only)  ------------------------------------------------------------------------------
 
      id   name            antiName         spn chg col      m0        mWidth      mMin       mMax       tau0    res dec ext vis wid
             no onMode   bRatio   meMode     products 

      15  tau-             tau+               2  -3   0    1.77682    0.00000    0.00000    0.00000  8.71100e-02   0   1   0   1   0
              0     1   0.0000000  103       36       13 
              1     1   0.0000000  103       36       11 

      36  x                                   1   0   0    0.50000    0.00000    0.00000    0.00000  4.02466e+01   0   1   0   0   0
              0     1   0.0000000  103       15      -15 
              1     1   0.9946920  103       13      -13 
              2     1   0.0053080  103       11      -11 
              3     1   0.0000000  103       22       22 

 --------  End PYTHIA Particle Data Table  -----------------------------------------------------------------------------------------


 --------  PYTHIA Info Listing  ---------------------------------------- 
 
 Beam A: id =     11, pz =  5.292e+00, e =  5.292e+00, m =  5.110e-04.
 Beam B: id =    -11, pz = -5.292e+00, e =  5.292e+00, m =  5.110e-04.

 In 1: id =   11, x =  1.000e+00, pdf =  3.606e+08 at Q2 =  1.028e+02.
 In 2: id =  -11, x =  9.180e-01, pdf =  4.179e-01 at same Q2.

 Subprocess f fbar -> f' fbar' (s-channel gamma*) with code 223 is 2 -> 2.
 It has sHat =  1.028e+02,    tHat = -1.264e+01,    uHat = -9.018e+01,
       pTHat =  3.328e+00,   m3Hat =  1.057e-01,   m4Hat =  1.057e-01,
    thetaHat =  7.164e-01,  phiHat =  4.029e+00.
     alphaEM =  7.628e-03,  alphaS =  1.995e-01    at Q2 =  1.028e+02.

 Impact parameter b =  0.000e+00 gives enhancement factor =  1.000e+00.
 Max pT scale for MPI =  1.058e+01, ISR =  1.058e+01, FSR =  1.058e+01.
 Number of MPI =     1, ISR =     1, FSRproc =     1, FSRreson =     0.

 --------  End PYTHIA Info Listing  ------------------------------------

 --------  PYTHIA Event Listing  (hard process)  -----------------------------------------------------------------------------------
 
    no         id  name            status     mothers   daughters     colours      p_x        p_y        p_z         e          m 
     0         90  (system)           -11     0     0     0     0     0     0      0.000      0.000      3.000     11.000     10.583
     1         11  (e-)               -12     0     0     3     0     0     0      0.000      0.000      7.000      7.000      0.001
     2        -11  (e+)               -12     0     0     4     0     0     0      0.000      0.000     -4.000      4.000      0.001
     3         11  (e-)               -21     1     0     5     6     0     0      0.000      0.000      7.000      7.000      0.000
     4        -11  (e+)               -21     2     0     5     6     0     0      0.000      0.000     -3.672      3.672      0.000
     5         13  mu-                 23     3     4     0     0     0     0     -2.101     -2.582      5.688      6.591      0.106
     6        -13  mu+                 23     3     4     0     0     0     0      2.101      2.582     -2.359      4.081      0.106
                                   Charge sum:  0.000           Momentum sum:      0.000      0.000      3.328     10.672     10.140

 --------  End PYTHIA Event Listing  -----------------------------------------------------------------------------------------------

 --------  PYTHIA Event Listing  (complete event)  ---------------------------------------------------------------------------------
 
    no         id  name            status     mothers   daughters     colours      p_x        p_y        p_z         e          m 
     0         90  (system)           -11     0     0     0     0     0     0      0.000      0.000      3.000     11.000     10.583
     1         11  (e-)               -12     0     0    16     0     0     0      0.000      0.000      7.000      7.000      0.001
     2        -11  (e+)               -12     0     0    17     0     0     0      0.000      0.000     -4.000      4.000      0.001
     3         11  (e-)               -21    10    10     5     6     0     0      0.000      0.000      7.000      7.000      0.000
     4        -11  (e+)               -21    11     0     5     6     0     0      0.000      0.000     -3.672      3.672      0.000
     5         13  (mu-)              -23     3     4     9     9     0     0     -2.101     -2.582      5.688      6.591      0.106
     6        -13  (mu+)              -23     3     4     7     8     0     0      2.101      2.582     -2.359      4.081      0.106
     7        -13  (mu+)              -51     6     0    13    13     0     0      2.095      2.576     -2.348      4.068      0.106
     8         22  (gamma)            -51     6     0    14    14     0     0      0.005      0.006     -0.011      0.013      0.000
     9         13  (mu-)              -52     5     5    12    12     0     0     -2.100     -2.582      5.687      6.590      0.106
    10         11  (e-)               -42    16    16     3     3     0     0      0.000     -0.000      7.000      7.000      0.000
    11        -11  (e+)               -41    17    17    15     4     0     0     -0.000      0.000     -4.000      4.000      0.000
    12         13  (mu-)              -44     9     9    18    18     0     0     -2.100     -2.582      5.687      6.590      0.106
    13        -13  (mu+)              -44     7     7    19    19     0     0      2.095      2.577     -2.348      4.068      0.106
    14         22  (gamma)            -44     8     8    20    20     0     0      0.005      0.006     -0.011      0.013      0.000
    15         22  (gamma)            -43    11     0    21    21     0     0      0.000     -0.001     -0.328      0.328      0.000
    16         11  (e-)               -61     1     0    10    10     0     0     -0.000      0.000      7.000      7.000      0.000
    17        -11  (e+)               -61     2     0    11    11     0     0      0.000      0.000     -4.000      4.000      0.000
    18         13  mu-                 62    12    12     0     0     0     0     -2.100     -2.582      5.687      6.590      0.106
    19        -13  mu+                 62    13    13     0     0     0     0      2.095      2.577     -2.348      4.068      0.106
    20         22  gamma               62    14    14     0     0     0     0      0.005      0.006     -0.011      0.013      0.000
    21         22  gamma               62    15    15     0     0     0     0      0.000     -0.001     -0.328      0.328      0.000
    22         22  gamma               63     1     0     0     0     0     0      0.000      0.000      0.000      0.000      0.000
    23         22  gamma               63     2     0     0     0     0     0      0.000      0.000     -0.000      0.000      0.000
                                   Charge sum:  0.000           Momentum sum:      0.000      0.000      3.000     11.000     10.583

 --------  End PYTHIA Event Listing  -----------------------------------------------------------------------------------------------
 PYTHIA Warning in TauDecays::decay: unknown correlated tau production, assuming from unpolarized photon  
 PYTHIA Warning in PhaseSpace2to2tauyz::trialKin: maximum for cross section violated  

 Pythia::next(): 10000 events have been generated 

 Pythia::next(): 20000 events have been generated 

 Pythia::next(): 30000 events have been generated 

 Pythia::next(): 40000 events have been generated 

 Pythia::next(): 50000 events have been generated 

 Pythia::next(): 60000 events have been generated 

 Pythia::next(): 70000 events have been generated 

 Pythia::next(): 80000 events have been generated 

 Pythia::next(): 90000 events have been generated 

 *-------  PYTHIA Event and Cross Section Statistics  -------------------------------------------------------------*
 |                                                                                                                 |
 | Subprocess                                    Code |            Number of events       |      sigma +- delta    |
 |                                                    |       Tried   Selected   Accepted |     (estimated) (mb)   |
 |                                                    |                                   |                        |
 |-----------------------------------------------------------------------------------------------------------------|
 |                                                    |                                   |                        |
 | f fbar -> f' fbar' (s-channel gamma*)          223 |     2189342     100000     100000 |   5.997e-06  9.932e-09 |
 |                                                    |                                   |                        |
 | sum                                                |     2189342     100000     100000 |   5.997e-06  9.932e-09 |
 |                                                                                                                 |
 *-------  End PYTHIA Event and Cross Section Statistics ----------------------------------------------------------*

 *-------  PYTHIA Error and Warning Messages Statistics  ----------------------------------------------------------* 
 |                                                                                                                 | 
 |  times   message                                                                                                | 
 |                                                                                                                 | 
 |   2035   Warning in PhaseSpace2to2tauyz::trialKin: maximum for cross section violated                           | 
 |  14801   Warning in TauDecays::decay: unknown correlated tau production, assuming from unpolarized photon       | 
 |                                                                                                                 | 
 *-------  End PYTHIA Error and Warning Messages Statistics  ------------------------------------------------------* 
Gammatau2xmu: 4.205e-21

Gammatau2xe: 4.258e-21

BRtau2xmu: 1.856e-09

BRtau2xe: 1.879e-09

BRtau2xmu + BRtau2xe: 3.736e-09

produced tau excluding those daughters are also tau lepton: 2.960e+04
produced X: 2.960e+04
produced X/NMC: 2.960e-01

Proportion of X flying forward (eta>0): 6.268e-01
Proportion of X flying backward (eta<0): 3.732e-01

Total Gamma [GeV]: 4.903e-15
ctau [m]: 4.025e-02

Gammax2tautau: 0.000e+00

Gammax2mumu: 4.877e-15

Gammax2ee: 2.602e-17

Gammax2gmgm: 0.000e+00

BRx2tautau: 0.000e+00

BRx2mumu: 9.947e-01

BRx2ee: 5.308e-03

BRx2gmgm: 0.000e+00

X: insideFidVol: 1.246e+04
observedX: 1.250e+04
visibleX: 2.561e+01

X Observed Fiducial efficiency: 4.222e-01
X Visible Fiducial efficiency: 8.650e-04

reallyProduced tau: 9.200e+10
total number of tau-tau events: 4.600e+10

reallyProducedX: 1.210e+02
reallyobservedX: 5.109e+01
reallyvisibleX: 1.047e-01

