mX:  0.5
g_AB_Lamb:  6e-09
g_CC_Lamb:  1e-10
NMC 100000

 *-------  PYTHIA Process Initialization  --------------------------*
 |                                                                  |
 | We collide e- with e+ at a CM energy of 1.058e+01 GeV            |
 |                                                                  |
 |------------------------------------------------------------------|
 |                                                    |             |
 | Subprocess                                    Code |   Estimated |
 |                                                    |    max (mb) |
 |                                                    |             |
 |------------------------------------------------------------------|
 |                                                    |             |
 | f fbar -> f' fbar' (s-channel gamma*)          223 |   1.527e-04 |
 |                                                                  |
 *-------  End PYTHIA Process Initialization -----------------------*

 *-------  PYTHIA Flag + Mode + Parm + Word + FVec + MVec + PVec + WVec Settings (changes only)  ------------------* 
 |                                                                                                                 | 
 | Name                                          |                      Now |      Default         Min         Max | 
 |                                               |                          |                                      | 
 | Beams:eA                                      |                  7.00000 |     7000.000         0.0             | 
 | Beams:eB                                      |                  4.00000 |     7000.000         0.0             | 
 | Beams:frameType                               |                        2 |            1           1           5 | 
 | Beams:idA                                     |                       11 |         2212                         | 
 | Beams:idB                                     |                      -11 |         2212                         | 
 | HadronLevel:Hadronize                         |                      off |           on                         | 
 | Next:numberCount                              |                    10000 |         1000           0             | 
 | PartonLevel:MPI                               |                      off |           on                         | 
 | Random:seed                                   |                        0 |           -1               900000000 | 
 | Random:setSeed                                |                       on |          off                         | 
 | WeakSingleBoson:ffbar2ffbar(s:gm)             |                       on |          off                         | 
 |                                                                                                                 | 
 *-------  End PYTHIA Flag + Mode + Parm + Word + FVec + MVec + PVec + WVec Settings  -----------------------------* 

 --------  PYTHIA Particle Data Table (changed only)  ------------------------------------------------------------------------------
 
      id   name            antiName         spn chg col      m0        mWidth      mMin       mMax       tau0    res dec ext vis wid
             no onMode   bRatio   meMode     products 

      15  tau-             tau+               2  -3   0    1.77682    0.00000    0.00000    0.00000  8.71100e-02   0   1   0   1   0
              0     1   0.0000030  103       36       13 
              1     1   0.0000030  103       36       11 

      36  x                                   1   0   0    0.50000    0.00000    0.00000    0.00000  2.57578e+09   0   1   0   0   0
              0     1   0.0000000  103       15      -15 
              1     1   0.9946920  103       13      -13 
              2     1   0.0053080  103       11      -11 
              3     1   0.0000000  103       22       22 

 --------  End PYTHIA Particle Data Table  -----------------------------------------------------------------------------------------


 --------  PYTHIA Info Listing  ---------------------------------------- 
 
 Beam A: id =     11, pz =  5.292e+00, e =  5.292e+00, m =  5.110e-04.
 Beam B: id =    -11, pz = -5.292e+00, e =  5.292e+00, m =  5.110e-04.

 In 1: id =   11, x =  1.000e+00, pdf =  7.707e+03 at Q2 =  1.119e+02.
 In 2: id =  -11, x =  9.994e-01, pdf =  5.451e+01 at same Q2.

 Subprocess f fbar -> f' fbar' (s-channel gamma*) with code 223 is 2 -> 2.
 It has sHat =  1.119e+02,    tHat = -9.632e+01,    uHat = -1.561e+01,
       pTHat =  3.658e+00,   m3Hat =  3.300e-01,   m4Hat =  3.300e-01,
    thetaHat =  2.376e+00,  phiHat =  4.860e+00.
     alphaEM =  7.631e-03,  alphaS =  1.975e-01    at Q2 =  1.119e+02.

 Impact parameter b =  0.000e+00 gives enhancement factor =  1.000e+00.
 Max pT scale for MPI =  1.058e+01, ISR =  1.058e+01, FSR =  1.058e+01.
 Number of MPI =     1, ISR =     1, FSRproc =     3, FSRreson =     0.

 --------  End PYTHIA Info Listing  ------------------------------------

 --------  PYTHIA Event Listing  (hard process)  -----------------------------------------------------------------------------------
 
    no         id  name            status     mothers   daughters     colours      p_x        p_y        p_z         e          m 
     0         90  (system)           -11     0     0     0     0     0     0      0.000      0.000      3.000     11.000     10.583
     1         11  (e-)               -12     0     0     3     0     0     0      0.000      0.000      7.000      7.000      0.001
     2        -11  (e+)               -12     0     0     4     0     0     0      0.000      0.000     -4.000      4.000      0.001
     3         11  (e-)               -21     1     0     5     6     0     0      0.000      0.000      7.000      7.000      0.000
     4        -11  (e+)               -21     2     0     5     6     0     0      0.000      0.000     -3.998      3.998      0.000
     5          2  u                   23     3     4     0     0   101     0      0.539     -3.618     -2.456      4.419      0.330
     6         -2  ubar                23     3     4     0     0     0   101     -0.539      3.618      5.458      6.579      0.330
                                   Charge sum:  0.000           Momentum sum:      0.000      0.000      3.002     10.998     10.580

 --------  End PYTHIA Event Listing  -----------------------------------------------------------------------------------------------

 --------  PYTHIA Event Listing  (complete event)  ---------------------------------------------------------------------------------
 
    no         id  name            status     mothers   daughters     colours      p_x        p_y        p_z         e          m 
     0         90  (system)           -11     0     0     0     0     0     0      0.000      0.000      3.000     11.000     10.583
     1         11  (e-)               -12     0     0    24     0     0     0      0.000      0.000      7.000      7.000      0.001
     2        -11  (e+)               -12     0     0    25     0     0     0      0.000      0.000     -4.000      4.000      0.001
     3         11  (e-)               -21    16    16     5     6     0     0      0.000      0.000      7.000      7.000      0.000
     4        -11  (e+)               -21    17     0     5     6     0     0      0.000      0.000     -3.998      3.998      0.000
     5          2  (u)                -23     3     4     7     8   101     0      0.539     -3.618     -2.456      4.419      0.330
     6         -2  (ubar)             -23     3     4     9     9     0   101     -0.539      3.618      5.458      6.579      0.330
     7          2  (u)                -51     5     0    12    12   103     0     -0.242     -0.688     -2.315      2.450      0.330
     8         21  (g)                -51     5     0    10    11   101   103      0.723     -2.539      0.449      2.677      0.000
     9         -2  (ubar)             -52     6     6    13    14     0   101     -0.481      3.227      4.869      5.870      0.330
    10         21  (g)                -51     8     0    15    15   101   107      0.568     -2.493     -0.994      2.743      0.000
    11         21  (g)                -51     8     0    21    21   107   103      0.069     -0.254      0.674      0.724      0.000
    12          2  (u)                -52     7     7    18    18   103     0     -0.156     -0.480     -1.547      1.660      0.330
    13         -2  (ubar)             -51     9     0    19    19     0   108      0.461      2.334      4.089      4.742      0.330
    14         21  (g)                -51     9     0    22    22   108   101     -0.898      0.702      0.703      1.339      0.000
    15         21  (g)                -52    10    10    20    20   101   107      0.524     -2.301     -0.918      2.532      0.000
    16         11  (e-)               -42    24    24     3     3     0     0      0.000     -0.000      7.000      7.000      0.000
    17        -11  (e+)               -41    25    25    23     4     0     0     -0.000      0.000     -4.000      4.000      0.000
    18          2  (u)                -44    12    12    26    26   103     0     -0.157     -0.479     -1.547      1.660      0.330
    19         -2  (ubar)             -44    13    13    27    27     0   108      0.461      2.334      4.089      4.742      0.330
    20         21  (g)                -44    15    15    28    28   101   107      0.524     -2.300     -0.919      2.532      0.000
    21         21  (g)                -44    11    11    29    29   107   103      0.069     -0.254      0.674      0.724      0.000
    22         21  (g)                -44    14    14    30    30   108   101     -0.898      0.702      0.704      1.340      0.000
    23         22  (gamma)            -43    17     0    31    31     0     0      0.001     -0.002     -0.001      0.003      0.000
    24         11  (e-)               -61     1     0    16    16     0     0      0.000      0.000      7.000      7.000      0.000
    25        -11  (e+)               -61     2     0    17    17     0     0     -0.000      0.000     -4.000      4.000      0.000
    26          2  u                   62    18    18     0     0   103     0     -0.157     -0.479     -1.547      1.660      0.330
    27         -2  ubar                62    19    19     0     0     0   108      0.461      2.334      4.089      4.742      0.330
    28         21  g                   62    20    20     0     0   101   107      0.524     -2.300     -0.919      2.532      0.000
    29         21  g                   62    21    21     0     0   107   103      0.069     -0.254      0.674      0.724      0.000
    30         21  g                   62    22    22     0     0   108   101     -0.898      0.702      0.704      1.340      0.000
    31         22  gamma               62    23    23     0     0     0     0      0.001     -0.002     -0.001      0.003      0.000
    32         22  gamma               63     1     0     0     0     0     0      0.000      0.000      0.000      0.000      0.000
    33         22  gamma               63     2     0     0     0     0     0      0.000      0.000     -0.000      0.000      0.000
                                   Charge sum:  0.000           Momentum sum:      0.000     -0.000      3.000     11.000     10.583

 --------  End PYTHIA Event Listing  -----------------------------------------------------------------------------------------------
 PYTHIA Warning in TauDecays::decay: unknown correlated tau production, assuming from unpolarized photon  
 PYTHIA Warning in PhaseSpace2to2tauyz::trialKin: maximum for cross section violated  

 Pythia::next(): 10000 events have been generated 

 Pythia::next(): 20000 events have been generated 

 Pythia::next(): 30000 events have been generated 

 Pythia::next(): 40000 events have been generated 

 Pythia::next(): 50000 events have been generated 

 Pythia::next(): 60000 events have been generated 

 Pythia::next(): 70000 events have been generated 

 Pythia::next(): 80000 events have been generated 

 Pythia::next(): 90000 events have been generated 

 *-------  PYTHIA Event and Cross Section Statistics  -------------------------------------------------------------*
 |                                                                                                                 |
 | Subprocess                                    Code |            Number of events       |      sigma +- delta    |
 |                                                    |       Tried   Selected   Accepted |     (estimated) (mb)   |
 |                                                    |                                   |                        |
 |-----------------------------------------------------------------------------------------------------------------|
 |                                                    |                                   |                        |
 | f fbar -> f' fbar' (s-channel gamma*)          223 |     2539406     100000     100000 |   6.003e-06  9.403e-09 |
 |                                                    |                                   |                        |
 | sum                                                |     2539406     100000     100000 |   6.003e-06  9.403e-09 |
 |                                                                                                                 |
 *-------  End PYTHIA Event and Cross Section Statistics ----------------------------------------------------------*

 *-------  PYTHIA Error and Warning Messages Statistics  ----------------------------------------------------------* 
 |                                                                                                                 | 
 |  times   message                                                                                                | 
 |                                                                                                                 | 
 |    166   Warning in PhaseSpace2to2tauyz::trialKin: maximum for cross section violated                           | 
 |  14691   Warning in TauDecays::decay: unknown correlated tau production, assuming from unpolarized photon       | 
 |                                                                                                                 | 
 *-------  End PYTHIA Error and Warning Messages Statistics  ------------------------------------------------------* 
Gammatau2xmu: 6.729e-18

Gammatau2xe: 6.813e-18

BRtau2xmu: 2.970e-06

BRtau2xe: 3.007e-06

BRtau2xmu + BRtau2xe: 5.977e-06

produced tau excluding those daughters are also tau lepton: 2.938e+04
produced X: 2.938e+04
produced X/NMC: 2.938e-01

Proportion of X flying forward (eta>0): 6.241e-01
Proportion of X flying backward (eta<0): 3.759e-01

Total Gamma [GeV]: 7.661e-23
ctau [m]: 2.576e+06

Gammax2tautau: 0.000e+00

Gammax2mumu: 7.620e-23

Gammax2ee: 4.066e-25

Gammax2gmgm: 0.000e+00

BRx2tautau: 0.000e+00

BRx2mumu: 9.947e-01

BRx2ee: 5.308e-03

BRx2gmgm: 0.000e+00

X: insideFidVol: 0.000e+00
observedX: 2.450e-03
visibleX: 0.000e+00

X Observed Fiducial efficiency: 8.339e-08
X Visible Fiducial efficiency: 0.000e+00

reallyProduced tau: 9.200e+10
total number of tau-tau events: 4.600e+10

reallyProducedX: 1.936e+05
reallyobservedX: 1.615e-02
reallyvisibleX: 0.000e+00

