mX:  0.5
g_AB_Lamb:  8e-08
g_CC_Lamb:  3e-08
NMC 100000

 *-------  PYTHIA Process Initialization  --------------------------*
 |                                                                  |
 | We collide e- with e+ at a CM energy of 1.058e+01 GeV            |
 |                                                                  |
 |------------------------------------------------------------------|
 |                                                    |             |
 | Subprocess                                    Code |   Estimated |
 |                                                    |    max (mb) |
 |                                                    |             |
 |------------------------------------------------------------------|
 |                                                    |             |
 | f fbar -> f' fbar' (s-channel gamma*)          223 |   1.328e-04 |
 |                                                                  |
 *-------  End PYTHIA Process Initialization -----------------------*

 *-------  PYTHIA Flag + Mode + Parm + Word + FVec + MVec + PVec + WVec Settings (changes only)  ------------------* 
 |                                                                                                                 | 
 | Name                                          |                      Now |      Default         Min         Max | 
 |                                               |                          |                                      | 
 | Beams:eA                                      |                  7.00000 |     7000.000         0.0             | 
 | Beams:eB                                      |                  4.00000 |     7000.000         0.0             | 
 | Beams:frameType                               |                        2 |            1           1           5 | 
 | Beams:idA                                     |                       11 |         2212                         | 
 | Beams:idB                                     |                      -11 |         2212                         | 
 | HadronLevel:Hadronize                         |                      off |           on                         | 
 | Next:numberCount                              |                    10000 |         1000           0             | 
 | PartonLevel:MPI                               |                      off |           on                         | 
 | Random:seed                                   |                        0 |           -1               900000000 | 
 | Random:setSeed                                |                       on |          off                         | 
 | WeakSingleBoson:ffbar2ffbar(s:gm)             |                       on |          off                         | 
 |                                                                                                                 | 
 *-------  End PYTHIA Flag + Mode + Parm + Word + FVec + MVec + PVec + WVec Settings  -----------------------------* 

 --------  PYTHIA Particle Data Table (changed only)  ------------------------------------------------------------------------------
 
      id   name            antiName         spn chg col      m0        mWidth      mMin       mMax       tau0    res dec ext vis wid
             no onMode   bRatio   meMode     products 

      15  tau-             tau+               2  -3   0    1.77682    0.00000    0.00000    0.00000  8.71100e-02   0   1   0   1   0
              0     1   0.0005274  103       36       13 
              1     1   0.0005340  103       36       11 

      36  x                                   1   0   0    0.50000    0.00000    0.00000    0.00000  2.86198e+04   0   1   0   0   0
              0     1   0.0000000  103       15      -15 
              1     1   0.9946920  103       13      -13 
              2     1   0.0053080  103       11      -11 
              3     1   0.0000000  103       22       22 

 --------  End PYTHIA Particle Data Table  -----------------------------------------------------------------------------------------


 --------  PYTHIA Info Listing  ---------------------------------------- 
 
 Beam A: id =     11, pz =  5.292e+00, e =  5.292e+00, m =  5.110e-04.
 Beam B: id =    -11, pz = -5.292e+00, e =  5.292e+00, m =  5.110e-04.

 In 1: id =   11, x =  9.472e-01, pdf =  6.774e-01 at Q2 =  1.061e+02.
 In 2: id =  -11, x =  1.000e+00, pdf =  3.580e+08 at same Q2.

 Subprocess f fbar -> f' fbar' (s-channel gamma*) with code 223 is 2 -> 2.
 It has sHat =  1.061e+02,    tHat = -5.421e+01,    uHat = -5.188e+01,
       pTHat =  5.148e+00,   m3Hat =  1.057e-01,   m4Hat =  1.057e-01,
    thetaHat =  1.593e+00,  phiHat =  1.271e+00.
     alphaEM =  7.629e-03,  alphaS =  1.988e-01    at Q2 =  1.061e+02.

 Impact parameter b =  0.000e+00 gives enhancement factor =  1.000e+00.
 Max pT scale for MPI =  1.058e+01, ISR =  1.058e+01, FSR =  1.058e+01.
 Number of MPI =     1, ISR =     1, FSRproc =     2, FSRreson =     0.

 --------  End PYTHIA Info Listing  ------------------------------------

 --------  PYTHIA Event Listing  (hard process)  -----------------------------------------------------------------------------------
 
    no         id  name            status     mothers   daughters     colours      p_x        p_y        p_z         e          m 
     0         90  (system)           -11     0     0     0     0     0     0      0.000      0.000      3.000     11.000     10.583
     1         11  (e-)               -12     0     0     3     0     0     0      0.000      0.000      7.000      7.000      0.001
     2        -11  (e+)               -12     0     0     4     0     0     0      0.000      0.000     -4.000      4.000      0.001
     3         11  (e-)               -21     1     0     5     6     0     0      0.000      0.000      6.630      6.630      0.000
     4        -11  (e+)               -21     2     0     5     6     0     0      0.000      0.000     -4.000      4.000      0.000
     5         13  mu-                 23     3     4     0     0     0     0      1.521      4.918      1.199      5.286      0.106
     6        -13  mu+                 23     3     4     0     0     0     0     -1.521     -4.918      1.432      5.344      0.106
                                   Charge sum:  0.000           Momentum sum:      0.000      0.000      2.630     10.630     10.300

 --------  End PYTHIA Event Listing  -----------------------------------------------------------------------------------------------

 --------  PYTHIA Event Listing  (complete event)  ---------------------------------------------------------------------------------
 
    no         id  name            status     mothers   daughters     colours      p_x        p_y        p_z         e          m 
     0         90  (system)           -11     0     0     0     0     0     0      0.000      0.000      3.000     11.000     10.583
     1         11  (e-)               -12     0     0    19     0     0     0      0.000      0.000      7.000      7.000      0.001
     2        -11  (e+)               -12     0     0    20     0     0     0      0.000      0.000     -4.000      4.000      0.001
     3         11  (e-)               -21    10     0     5     6     0     0      0.000      0.000      6.630      6.630      0.000
     4        -11  (e+)               -21    11    11     5     6     0     0      0.000      0.000     -4.000      4.000      0.000
     5         13  (mu-)              -23     3     4     9     9     0     0      1.521      4.918      1.199      5.286      0.106
     6        -13  (mu+)              -23     3     4     7     8     0     0     -1.521     -4.918      1.432      5.344      0.106
     7        -13  (mu+)              -51     6     0    13    13     0     0     -1.136     -3.577      1.075      3.905      0.106
     8         22  (gamma)            -51     6     0    14    14     0     0     -0.385     -1.341      0.357      1.440      0.000
     9         13  (mu-)              -52     5     5    12    12     0     0      1.521      4.917      1.198      5.286      0.106
    10         11  (e-)               -41    19    19    15     3     0     0      0.000      0.000      7.000      7.000      0.000
    11        -11  (e+)               -42    20    20     4     4     0     0     -0.000     -0.000     -4.000      4.000      0.000
    12         13  (mu-)              -44     9     9    18    18     0     0      1.521      4.922      1.195      5.290      0.106
    13        -13  (mu+)              -44     7     7    16    17     0     0     -1.136     -3.573      1.078      3.902      0.106
    14         22  (gamma)            -44     8     8    23    23     0     0     -0.385     -1.339      0.358      1.439      0.000
    15         22  (gamma)            -43    10     0    24    24     0     0     -0.000     -0.010      0.369      0.369      0.000
    16        -13  (mu+)              -51    13     0    22    22     0     0     -1.136     -3.571      1.077      3.900      0.106
    17         22  (gamma)            -51    13     0    25    25     0     0     -0.000     -0.002      0.000      0.002      0.000
    18         13  (mu-)              -52    12    12    21    21     0     0      1.521      4.922      1.195      5.289      0.106
    19         11  (e-)               -61     1     0    10    10     0     0      0.000     -0.000      7.000      7.000      0.000
    20        -11  (e+)               -61     2     0    11    11     0     0     -0.000      0.000     -4.000      4.000      0.000
    21         13  mu-                 62    18    18     0     0     0     0      1.521      4.922      1.195      5.289      0.106
    22        -13  mu+                 62    16    16     0     0     0     0     -1.136     -3.571      1.077      3.900      0.106
    23         22  gamma               62    14    14     0     0     0     0     -0.385     -1.339      0.358      1.439      0.000
    24         22  gamma               62    15    15     0     0     0     0     -0.000     -0.010      0.369      0.369      0.000
    25         22  gamma               62    17    17     0     0     0     0     -0.000     -0.002      0.000      0.002      0.000
    26         22  gamma               63     1     0     0     0     0     0      0.000      0.000      0.000      0.000      0.000
    27         22  gamma               63     2     0     0     0     0     0      0.000      0.000     -0.000      0.000      0.000
                                   Charge sum:  0.000           Momentum sum:      0.000      0.000      3.000     11.000     10.583

 --------  End PYTHIA Event Listing  -----------------------------------------------------------------------------------------------
 PYTHIA Warning in TauDecays::decay: unknown correlated tau production, assuming from unpolarized photon  
 PYTHIA Warning in PhaseSpace2to2tauyz::trialKin: maximum for cross section violated  

 Pythia::next(): 10000 events have been generated 

 Pythia::next(): 20000 events have been generated 

 Pythia::next(): 30000 events have been generated 

 Pythia::next(): 40000 events have been generated 

 Pythia::next(): 50000 events have been generated 

 Pythia::next(): 60000 events have been generated 

 Pythia::next(): 70000 events have been generated 

 Pythia::next(): 80000 events have been generated 

 Pythia::next(): 90000 events have been generated 

 *-------  PYTHIA Event and Cross Section Statistics  -------------------------------------------------------------*
 |                                                                                                                 |
 | Subprocess                                    Code |            Number of events       |      sigma +- delta    |
 |                                                    |       Tried   Selected   Accepted |     (estimated) (mb)   |
 |                                                    |                                   |                        |
 |-----------------------------------------------------------------------------------------------------------------|
 |                                                    |                                   |                        |
 | f fbar -> f' fbar' (s-channel gamma*)          223 |     2222142     100000     100000 |   5.996e-06  1.010e-08 |
 |                                                    |                                   |                        |
 | sum                                                |     2222142     100000     100000 |   5.996e-06  1.010e-08 |
 |                                                                                                                 |
 *-------  End PYTHIA Event and Cross Section Statistics ----------------------------------------------------------*

 *-------  PYTHIA Error and Warning Messages Statistics  ----------------------------------------------------------* 
 |                                                                                                                 | 
 |  times   message                                                                                                | 
 |                                                                                                                 | 
 |   2927   Warning in PhaseSpace2to2tauyz::trialKin: maximum for cross section violated                           | 
 |  14721   Warning in TauDecays::decay: unknown correlated tau production, assuming from unpolarized photon       | 
 |                                                                                                                 | 
 *-------  End PYTHIA Error and Warning Messages Statistics  ------------------------------------------------------* 
Gammatau2xmu: 1.196e-15

Gammatau2xe: 1.211e-15

BRtau2xmu: 5.274e-04

BRtau2xe: 5.340e-04

BRtau2xmu + BRtau2xe: 1.061e-03

produced tau excluding those daughters are also tau lepton: 2.944e+04
produced X: 2.944e+04
produced X/NMC: 2.944e-01

Proportion of X flying forward (eta>0): 6.263e-01
Proportion of X flying backward (eta<0): 3.737e-01

Total Gamma [GeV]: 6.895e-18
ctau [m]: 2.862e+01

Gammax2tautau: 0.000e+00

Gammax2mumu: 6.858e-18

Gammax2ee: 3.660e-20

Gammax2gmgm: 0.000e+00

BRx2tautau: 0.000e+00

BRx2mumu: 9.947e-01

BRx2ee: 5.308e-03

BRx2gmgm: 0.000e+00

X: insideFidVol: 2.210e+02
observedX: 2.202e+02
visibleX: 0.000e+00

X Observed Fiducial efficiency: 7.480e-03
X Visible Fiducial efficiency: 0.000e+00

reallyProduced tau: 9.200e+10
total number of tau-tau events: 4.600e+10

reallyProducedX: 3.438e+07
reallyobservedX: 2.572e+05
reallyvisibleX: 0.000e+00

