mX:  0.5
g_AB_Lamb:  1.5e-08
g_CC_Lamb:  8e-08
NMC 100000

 *-------  PYTHIA Process Initialization  --------------------------*
 |                                                                  |
 | We collide e- with e+ at a CM energy of 1.058e+01 GeV            |
 |                                                                  |
 |------------------------------------------------------------------|
 |                                                    |             |
 | Subprocess                                    Code |   Estimated |
 |                                                    |    max (mb) |
 |                                                    |             |
 |------------------------------------------------------------------|
 |                                                    |             |
 | f fbar -> f' fbar' (s-channel gamma*)          223 |   1.487e-04 |
 |                                                                  |
 *-------  End PYTHIA Process Initialization -----------------------*

 *-------  PYTHIA Flag + Mode + Parm + Word + FVec + MVec + PVec + WVec Settings (changes only)  ------------------* 
 |                                                                                                                 | 
 | Name                                          |                      Now |      Default         Min         Max | 
 |                                               |                          |                                      | 
 | Beams:eA                                      |                  7.00000 |     7000.000         0.0             | 
 | Beams:eB                                      |                  4.00000 |     7000.000         0.0             | 
 | Beams:frameType                               |                        2 |            1           1           5 | 
 | Beams:idA                                     |                       11 |         2212                         | 
 | Beams:idB                                     |                      -11 |         2212                         | 
 | HadronLevel:Hadronize                         |                      off |           on                         | 
 | Next:numberCount                              |                    10000 |         1000           0             | 
 | PartonLevel:MPI                               |                      off |           on                         | 
 | Random:seed                                   |                        0 |           -1               900000000 | 
 | Random:setSeed                                |                       on |          off                         | 
 | WeakSingleBoson:ffbar2ffbar(s:gm)             |                       on |          off                         | 
 |                                                                                                                 | 
 *-------  End PYTHIA Flag + Mode + Parm + Word + FVec + MVec + PVec + WVec Settings  -----------------------------* 

 --------  PYTHIA Particle Data Table (changed only)  ------------------------------------------------------------------------------
 
      id   name            antiName         spn chg col      m0        mWidth      mMin       mMax       tau0    res dec ext vis wid
             no onMode   bRatio   meMode     products 

      15  tau-             tau+               2  -3   0    1.77682    0.00000    0.00000    0.00000  8.71100e-02   0   1   0   1   0
              0     1   0.0000186  103       36       13 
              1     1   0.0000188  103       36       11 

      36  x                                   1   0   0    0.50000    0.00000    0.00000    0.00000  4.02466e+03   0   1   0   0   0
              0     1   0.0000000  103       15      -15 
              1     1   0.9946920  103       13      -13 
              2     1   0.0053080  103       11      -11 
              3     1   0.0000000  103       22       22 

 --------  End PYTHIA Particle Data Table  -----------------------------------------------------------------------------------------


 --------  PYTHIA Info Listing  ---------------------------------------- 
 
 Beam A: id =     11, pz =  5.292e+00, e =  5.292e+00, m =  5.110e-04.
 Beam B: id =    -11, pz = -5.292e+00, e =  5.292e+00, m =  5.110e-04.

 In 1: id =   11, x =  9.922e-01, pdf =  4.613e+00 at Q2 =  1.072e+02.
 In 2: id =  -11, x =  9.643e-01, pdf =  1.020e+00 at same Q2.

 Subprocess f fbar -> f' fbar' (s-channel gamma*) with code 223 is 2 -> 2.
 It has sHat =  1.072e+02,    tHat = -8.219e+01,    uHat = -2.497e+01,
       pTHat =  4.356e+00,   m3Hat =  5.000e-01,   m4Hat =  5.000e-01,
    thetaHat =  2.134e+00,  phiHat =  2.191e+00.
     alphaEM =  7.629e-03,  alphaS =  1.985e-01    at Q2 =  1.072e+02.

 Impact parameter b =  0.000e+00 gives enhancement factor =  1.000e+00.
 Max pT scale for MPI =  1.058e+01, ISR =  1.035e+01, FSR =  1.035e+01.
 Number of MPI =     1, ISR =     2, FSRproc =     5, FSRreson =     0.

 --------  End PYTHIA Info Listing  ------------------------------------

 --------  PYTHIA Event Listing  (hard process)  -----------------------------------------------------------------------------------
 
    no         id  name            status     mothers   daughters     colours      p_x        p_y        p_z         e          m 
     0         90  (system)           -11     0     0     0     0     0     0      0.000      0.000      3.000     11.000     10.583
     1         11  (e-)               -12     0     0     3     0     0     0      0.000      0.000      7.000      7.000      0.001
     2        -11  (e+)               -12     0     0     4     0     0     0      0.000      0.000     -4.000      4.000      0.001
     3         11  (e-)               -21     1     0     5     6     0     0      0.000      0.000      6.945      6.945      0.000
     4        -11  (e+)               -21     2     0     5     6     0     0      0.000      0.000     -3.857      3.857      0.000
     5          3  s                   23     3     4     0     0   101     0     -2.532      3.544     -1.327      4.581      0.500
     6         -3  sbar                23     3     4     0     0     0   101      2.532     -3.544      4.415      6.222      0.500
                                   Charge sum:  0.000           Momentum sum:      0.000      0.000      3.088     10.803     10.352

 --------  End PYTHIA Event Listing  -----------------------------------------------------------------------------------------------

 --------  PYTHIA Event Listing  (complete event)  ---------------------------------------------------------------------------------
 
    no         id  name            status     mothers   daughters     colours      p_x        p_y        p_z         e          m 
     0         90  (system)           -11     0     0     0     0     0     0      0.000      0.000      3.000     11.000     10.583
     1         11  (e-)               -12     0     0    43     0     0     0      0.000      0.000      7.000      7.000      0.001
     2        -11  (e+)               -12     0     0    44     0     0     0      0.000      0.000     -4.000      4.000      0.001
     3         11  (e-)               -21    22    22     5     6     0     0      0.000      0.000      6.945      6.945      0.000
     4        -11  (e+)               -21    23     0     5     6     0     0      0.000      0.000     -3.857      3.857      0.000
     5          3  (s)                -23     3     4     7     8   101     0     -2.532      3.544     -1.327      4.581      0.500
     6         -3  (sbar)             -23     3     4     9     9     0   101      2.532     -3.544      4.415      6.222      0.500
     7          3  (s)                -51     5     0    12    12   102     0     -2.828      3.585     -0.214      4.598      0.500
     8         21  (g)                -51     5     0    10    11   101   102      0.730     -0.649     -0.358      1.041      0.000
     9         -3  (sbar)             -52     6     6    13    14     0   101      2.098     -2.936      3.660      5.164      0.500
    10         21  (g)                -51     8     0    15    15   101   103      0.762      1.186     -0.758      1.600      0.000
    11         21  (g)                -51     8     0    19    20   103   102     -1.186     -0.376      0.319      1.284      0.000
    12          3  (s)                -52     7     7    21    21   102     0     -1.674      2.126     -0.133      2.754      0.500
    13         -3  (sbar)             -51     9     0    25    25     0   105      1.846     -2.099      1.813      3.369      0.500
    14         21  (g)                -51     9     0    18    18   105   101      0.323     -0.726      1.775      1.945      0.000
    15         21  (g)                -52    10    10    16    17   101   103      0.690      1.074     -0.687      1.450      0.000
    16         21  (g)                -51    15     0    26    26   106   103     -0.261      0.569     -0.189      0.654      0.000
    17         21  (g)                -51    15     0    29    29   101   106      1.001      0.393     -0.222      1.098      0.000
    18         21  (g)                -52    14    14    28    28   105   101      0.273     -0.613      1.500      1.643      0.000
    19         21  (g)                -51    11     0    27    27   103   108     -0.897     -0.211     -0.314      0.973      0.000
    20         21  (g)                -51    11     0    30    30   108   102     -0.690      0.405      0.587      0.993      0.000
    21          3  (s)                -52    12    12    24    24   102     0     -1.273      1.555     -0.088      2.073      0.500
    22         11  (e-)               -42    32     0     3     3     0     0     -0.000     -0.000      6.945      6.945      0.000
    23        -11  (e+)               -41    33    33    31     4     0     0      0.000      0.000     -4.000      4.000      0.000
    24          3  (s)                -44    21    21    34    34   102     0     -1.237      1.585     -0.107      2.074      0.500
    25         -3  (sbar)             -44    13    13    35    35     0   105      1.871     -2.078      1.784      3.354      0.500
    26         21  (g)                -44    16    16    36    36   106   103     -0.247      0.581     -0.192      0.659      0.000
    27         21  (g)                -44    19    19    37    37   103   108     -0.876     -0.193     -0.340      0.959      0.000
    28         21  (g)                -44    18    18    38    38   105   101      0.276     -0.611      1.480      1.625      0.000
    29         21  (g)                -44    17    17    39    39   101   106      1.023      0.410     -0.210      1.122      0.000
    30         21  (g)                -44    20    20    40    40   108   102     -0.683      0.411      0.572      0.981      0.000
    31         22  (gamma)            -43    23     0    41    41     0     0     -0.127     -0.104     -0.042      0.170      0.000
    32         11  (e-)               -41    43    43    42    22     0     0     -0.000     -0.000      7.000      7.000      0.000
    33        -11  (e+)               -42    44    44    23    23     0     0     -0.000     -0.000     -4.000      4.000      0.000
    34          3  (s)                -44    24    24    45    45   102     0     -1.237      1.586     -0.107      2.075      0.500
    35         -3  (sbar)             -44    25    25    46    46     0   105      1.872     -2.075      1.785      3.353      0.500
    36         21  (g)                -44    26    26    47    47   106   103     -0.247      0.581     -0.192      0.660      0.000
    37         21  (g)                -44    27    27    48    48   103   108     -0.876     -0.193     -0.340      0.959      0.000
    38         21  (g)                -44    28    28    49    49   105   101      0.276     -0.610      1.481      1.625      0.000
    39         21  (g)                -44    29    29    50    50   101   106      1.023      0.411     -0.211      1.122      0.000
    40         21  (g)                -44    30    30    51    51   108   102     -0.683      0.411      0.572      0.982      0.000
    41         22  (gamma)            -44    31    31    52    52     0     0     -0.127     -0.104     -0.042      0.170      0.000
    42         22  (gamma)            -43    32     0    53    53     0     0     -0.000     -0.007      0.054      0.055      0.000
    43         11  (e-)               -61     1     0    32    32     0     0     -0.000     -0.000      7.000      7.000      0.000
    44        -11  (e+)               -61     2     0    33    33     0     0     -0.000      0.000     -4.000      4.000      0.000
    45          3  s                   62    34    34     0     0   102     0     -1.237      1.586     -0.107      2.075      0.500
    46         -3  sbar                62    35    35     0     0     0   105      1.872     -2.075      1.785      3.353      0.500
    47         21  g                   62    36    36     0     0   106   103     -0.247      0.581     -0.192      0.660      0.000
    48         21  g                   62    37    37     0     0   103   108     -0.876     -0.193     -0.340      0.959      0.000
    49         21  g                   62    38    38     0     0   105   101      0.276     -0.610      1.481      1.625      0.000
    50         21  g                   62    39    39     0     0   101   106      1.023      0.411     -0.211      1.122      0.000
    51         21  g                   62    40    40     0     0   108   102     -0.683      0.411      0.572      0.982      0.000
    52         22  gamma               62    41    41     0     0     0     0     -0.127     -0.104     -0.042      0.170      0.000
    53         22  gamma               62    42    42     0     0     0     0     -0.000     -0.007      0.054      0.055      0.000
    54         22  gamma               63     1     0     0     0     0     0      0.000      0.000      0.000      0.000      0.000
    55         22  gamma               63     2     0     0     0     0     0      0.000      0.000     -0.000      0.000      0.000
                                   Charge sum:  0.000           Momentum sum:      0.000     -0.000      3.000     11.000     10.583

 --------  End PYTHIA Event Listing  -----------------------------------------------------------------------------------------------
 PYTHIA Warning in TauDecays::decay: unknown correlated tau production, assuming from unpolarized photon  
 PYTHIA Warning in PhaseSpace2to2tauyz::trialKin: maximum for cross section violated  

 Pythia::next(): 10000 events have been generated 

 Pythia::next(): 20000 events have been generated 

 Pythia::next(): 30000 events have been generated 

 Pythia::next(): 40000 events have been generated 

 Pythia::next(): 50000 events have been generated 

 Pythia::next(): 60000 events have been generated 

 Pythia::next(): 70000 events have been generated 

 Pythia::next(): 80000 events have been generated 

 Pythia::next(): 90000 events have been generated 

 *-------  PYTHIA Event and Cross Section Statistics  -------------------------------------------------------------*
 |                                                                                                                 |
 | Subprocess                                    Code |            Number of events       |      sigma +- delta    |
 |                                                    |       Tried   Selected   Accepted |     (estimated) (mb)   |
 |                                                    |                                   |                        |
 |-----------------------------------------------------------------------------------------------------------------|
 |                                                    |                                   |                        |
 | f fbar -> f' fbar' (s-channel gamma*)          223 |     2480473     100000     100000 |   5.994e-06  9.325e-09 |
 |                                                    |                                   |                        |
 | sum                                                |     2480473     100000     100000 |   5.994e-06  9.325e-09 |
 |                                                                                                                 |
 *-------  End PYTHIA Event and Cross Section Statistics ----------------------------------------------------------*

 *-------  PYTHIA Error and Warning Messages Statistics  ----------------------------------------------------------* 
 |                                                                                                                 | 
 |  times   message                                                                                                | 
 |                                                                                                                 | 
 |    172   Warning in PhaseSpace2to2tauyz::trialKin: maximum for cross section violated                           | 
 |  14734   Warning in TauDecays::decay: unknown correlated tau production, assuming from unpolarized photon       | 
 |                                                                                                                 | 
 *-------  End PYTHIA Error and Warning Messages Statistics  ------------------------------------------------------* 
Gammatau2xmu: 4.205e-17

Gammatau2xe: 4.258e-17

BRtau2xmu: 1.856e-05

BRtau2xe: 1.879e-05

BRtau2xmu + BRtau2xe: 3.735e-05

produced tau excluding those daughters are also tau lepton: 2.947e+04
produced X: 2.947e+04
produced X/NMC: 2.947e-01

Proportion of X flying forward (eta>0): 6.223e-01
Proportion of X flying backward (eta<0): 3.777e-01

Total Gamma [GeV]: 4.903e-17
ctau [m]: 4.025e+00

Gammax2tautau: 0.000e+00

Gammax2mumu: 4.877e-17

Gammax2ee: 2.602e-19

Gammax2gmgm: 0.000e+00

BRx2tautau: 0.000e+00

BRx2mumu: 9.947e-01

BRx2ee: 5.308e-03

BRx2gmgm: 0.000e+00

X: insideFidVol: 1.403e+03
observedX: 1.466e+03
visibleX: 8.287e+01

X Observed Fiducial efficiency: 4.976e-02
X Visible Fiducial efficiency: 2.812e-03

reallyProduced tau: 9.200e+10
total number of tau-tau events: 4.600e+10

reallyProducedX: 1.210e+06
reallyobservedX: 6.021e+04
reallyvisibleX: 3.403e+03

