mX:  0.5
g_AB_Lamb:  6e-09
g_CC_Lamb:  1.5e-06
NMC 100000

 *-------  PYTHIA Process Initialization  --------------------------*
 |                                                                  |
 | We collide e- with e+ at a CM energy of 1.058e+01 GeV            |
 |                                                                  |
 |------------------------------------------------------------------|
 |                                                    |             |
 | Subprocess                                    Code |   Estimated |
 |                                                    |    max (mb) |
 |                                                    |             |
 |------------------------------------------------------------------|
 |                                                    |             |
 | f fbar -> f' fbar' (s-channel gamma*)          223 |   1.593e-04 |
 |                                                                  |
 *-------  End PYTHIA Process Initialization -----------------------*

 *-------  PYTHIA Flag + Mode + Parm + Word + FVec + MVec + PVec + WVec Settings (changes only)  ------------------* 
 |                                                                                                                 | 
 | Name                                          |                      Now |      Default         Min         Max | 
 |                                               |                          |                                      | 
 | Beams:eA                                      |                  7.00000 |     7000.000         0.0             | 
 | Beams:eB                                      |                  4.00000 |     7000.000         0.0             | 
 | Beams:frameType                               |                        2 |            1           1           5 | 
 | Beams:idA                                     |                       11 |         2212                         | 
 | Beams:idB                                     |                      -11 |         2212                         | 
 | HadronLevel:Hadronize                         |                      off |           on                         | 
 | Next:numberCount                              |                    10000 |         1000           0             | 
 | PartonLevel:MPI                               |                      off |           on                         | 
 | Random:seed                                   |                        0 |           -1               900000000 | 
 | Random:setSeed                                |                       on |          off                         | 
 | WeakSingleBoson:ffbar2ffbar(s:gm)             |                       on |          off                         | 
 |                                                                                                                 | 
 *-------  End PYTHIA Flag + Mode + Parm + Word + FVec + MVec + PVec + WVec Settings  -----------------------------* 

 --------  PYTHIA Particle Data Table (changed only)  ------------------------------------------------------------------------------
 
      id   name            antiName         spn chg col      m0        mWidth      mMin       mMax       tau0    res dec ext vis wid
             no onMode   bRatio   meMode     products 

      15  tau-             tau+               2  -3   0    1.77682    0.00000    0.00000    0.00000  8.71100e-02   0   1   0   1   0
              0     1   0.0000030  103       36       13 
              1     1   0.0000030  103       36       11 

      36  x                                   1   0   0    0.50000    0.00000    0.00000    0.00000  1.14479e+01   0   1   0   0   0
              0     1   0.0000000  103       15      -15 
              1     1   0.9946920  103       13      -13 
              2     1   0.0053080  103       11      -11 
              3     1   0.0000000  103       22       22 

 --------  End PYTHIA Particle Data Table  -----------------------------------------------------------------------------------------


 --------  PYTHIA Info Listing  ---------------------------------------- 
 
 Beam A: id =     11, pz =  5.292e+00, e =  5.292e+00, m =  5.110e-04.
 Beam B: id =    -11, pz = -5.292e+00, e =  5.292e+00, m =  5.110e-04.

 In 1: id =   11, x =  9.929e-01, pdf =  4.843e+00 at Q2 =  3.527e+01.
 In 2: id =  -11, x =  3.172e-01, pdf =  1.075e-02 at same Q2.

 Subprocess f fbar -> f' fbar' (s-channel gamma*) with code 223 is 2 -> 2.
 It has sHat =  3.527e+01,    tHat = -1.220e+01,    uHat = -2.307e+01,
       pTHat =  2.808e+00,   m3Hat =  3.300e-01,   m4Hat =  3.300e-01,
    thetaHat =  1.258e+00,  phiHat =  2.708e+00.
     alphaEM =  7.584e-03,  alphaS =  2.294e-01    at Q2 =  3.527e+01.

 Impact parameter b =  0.000e+00 gives enhancement factor =  1.000e+00.
 Max pT scale for MPI =  1.058e+01, ISR =  5.939e+00, FSR =  5.939e+00.
 Number of MPI =     1, ISR =     3, FSRproc =     1, FSRreson =     0.

 --------  End PYTHIA Info Listing  ------------------------------------

 --------  PYTHIA Event Listing  (hard process)  -----------------------------------------------------------------------------------
 
    no         id  name            status     mothers   daughters     colours      p_x        p_y        p_z         e          m 
     0         90  (system)           -11     0     0     0     0     0     0      0.000      0.000      3.000     11.000     10.583
     1         11  (e-)               -12     0     0     3     0     0     0      0.000      0.000      7.000      7.000      0.001
     2        -11  (e+)               -12     0     0     4     0     0     0      0.000      0.000     -4.000      4.000      0.001
     3         11  (e-)               -21     1     0     5     6     0     0      0.000      0.000      6.951      6.951      0.000
     4        -11  (e+)               -21     2     0     5     6     0     0      0.000      0.000     -1.269      1.269      0.000
     5          2  u                   23     3     4     0     0   101     0     -2.548      1.179      4.099      4.979      0.330
     6         -2  ubar                23     3     4     0     0     0   101      2.548     -1.179      1.583      3.240      0.330
                                   Charge sum:  0.000           Momentum sum:      0.000      0.000      5.682      8.219      5.939

 --------  End PYTHIA Event Listing  -----------------------------------------------------------------------------------------------

 --------  PYTHIA Event Listing  (complete event)  ---------------------------------------------------------------------------------
 
    no         id  name            status     mothers   daughters     colours      p_x        p_y        p_z         e          m 
     0         90  (system)           -11     0     0     0     0     0     0      0.000      0.000      3.000     11.000     10.583
     1         11  (e-)               -12     0     0    31     0     0     0      0.000      0.000      7.000      7.000      0.001
     2        -11  (e+)               -12     0     0    32     0     0     0      0.000      0.000     -4.000      4.000      0.001
     3         11  (e-)               -21    10     0     5     6     0     0      0.000      0.000      6.951      6.951      0.000
     4        -11  (e+)               -21    11    11     5     6     0     0      0.000      0.000     -1.269      1.269      0.000
     5          2  (u)                -23     3     4     7     8   101     0     -2.548      1.179      4.099      4.979      0.330
     6         -2  (ubar)             -23     3     4     9     9     0   101      2.548     -1.179      1.583      3.240      0.330
     7          2  (u)                -51     5     0    12    12   102     0     -2.455      0.929      2.846      3.886      0.330
     8         21  (g)                -51     5     0    14    14   101   102      0.181      0.124      1.419      1.436      0.000
     9         -2  (ubar)             -52     6     6    13    13     0   101      2.274     -1.053      1.417      2.898      0.330
    10         11  (e-)               -41    16    16    15     3     0     0      0.000      0.000      6.998      6.998      0.000
    11        -11  (e+)               -42    17     0     4     4     0     0      0.000      0.000     -1.269      1.269      0.000
    12          2  (u)                -44     7     7    18    18   102     0     -2.457      0.924      2.848      3.887      0.330
    13         -2  (ubar)             -44     9     9    19    19     0   101      2.273     -1.055      1.419      2.898      0.330
    14         21  (g)                -44     8     8    20    20   101   102      0.180      0.122      1.420      1.436      0.000
    15         22  (gamma)            -43    10     0    21    21     0     0      0.004      0.009      0.044      0.045      0.000
    16         11  (e-)               -42    23     0    10    10     0     0      0.000      0.000      6.998      6.998      0.000
    17        -11  (e+)               -41    24    24    22    11     0     0     -0.000     -0.000     -4.000      4.000      0.000
    18          2  (u)                -44    12    12    25    25   102     0     -2.459      0.922      2.849      3.889      0.330
    19         -2  (ubar)             -44    13    13    26    26     0   101      2.271     -1.058      1.418      2.897      0.330
    20         21  (g)                -44    14    14    27    27   101   102      0.180      0.122      1.419      1.436      0.000
    21         22  (gamma)            -44    15    15    28    28     0     0      0.004      0.009      0.044      0.045      0.000
    22         22  (gamma)            -43    17     0    29    29     0     0      0.003      0.004     -2.731      2.731      0.000
    23         11  (e-)               -41    31    31    30    16     0     0      0.000     -0.000      7.000      7.000      0.000
    24        -11  (e+)               -42    32    32    17    17     0     0     -0.000      0.000     -4.000      4.000      0.000
    25          2  (u)                -44    18    18    33    33   102     0     -2.458      0.922      2.850      3.889      0.330
    26         -2  (ubar)             -44    19    19    34    34     0   101      2.271     -1.058      1.418      2.898      0.330
    27         21  (g)                -44    20    20    35    35   101   102      0.181      0.122      1.419      1.436      0.000
    28         22  (gamma)            -44    21    21    36    36     0     0      0.004      0.009      0.044      0.045      0.000
    29         22  (gamma)            -44    22    22    37    37     0     0      0.003      0.004     -2.731      2.731      0.000
    30         22  (gamma)            -43    23     0    38    38     0     0     -0.001      0.000      0.001      0.002      0.000
    31         11  (e-)               -61     1     0    23    23     0     0      0.000     -0.000      7.000      7.000      0.000
    32        -11  (e+)               -61     2     0    24    24     0     0      0.000      0.000     -4.000      4.000      0.000
    33          2  u                   62    25    25     0     0   102     0     -2.458      0.922      2.850      3.889      0.330
    34         -2  ubar                62    26    26     0     0     0   101      2.271     -1.058      1.418      2.898      0.330
    35         21  g                   62    27    27     0     0   101   102      0.181      0.122      1.419      1.436      0.000
    36         22  gamma               62    28    28     0     0     0     0      0.004      0.009      0.044      0.045      0.000
    37         22  gamma               62    29    29     0     0     0     0      0.003      0.004     -2.731      2.731      0.000
    38         22  gamma               62    30    30     0     0     0     0     -0.001      0.000      0.001      0.002      0.000
    39         22  gamma               63     1     0     0     0     0     0      0.000      0.000      0.000      0.000      0.000
    40         22  gamma               63     2     0     0     0     0     0      0.000      0.000     -0.000      0.000      0.000
                                   Charge sum:  0.000           Momentum sum:      0.000      0.000      3.000     11.000     10.583

 --------  End PYTHIA Event Listing  -----------------------------------------------------------------------------------------------
 PYTHIA Warning in TauDecays::decay: unknown correlated tau production, assuming from unpolarized photon  

 Pythia::next(): 10000 events have been generated 

 Pythia::next(): 20000 events have been generated 

 Pythia::next(): 30000 events have been generated 

 Pythia::next(): 40000 events have been generated 

 Pythia::next(): 50000 events have been generated 

 Pythia::next(): 60000 events have been generated 

 Pythia::next(): 70000 events have been generated 

 Pythia::next(): 80000 events have been generated 

 Pythia::next(): 90000 events have been generated 

 *-------  PYTHIA Event and Cross Section Statistics  -------------------------------------------------------------*
 |                                                                                                                 |
 | Subprocess                                    Code |            Number of events       |      sigma +- delta    |
 |                                                    |       Tried   Selected   Accepted |     (estimated) (mb)   |
 |                                                    |                                   |                        |
 |-----------------------------------------------------------------------------------------------------------------|
 |                                                    |                                   |                        |
 | f fbar -> f' fbar' (s-channel gamma*)          223 |     2654290     100000     100000 |   6.017e-06  9.021e-09 |
 |                                                    |                                   |                        |
 | sum                                                |     2654290     100000     100000 |   6.017e-06  9.021e-09 |
 |                                                                                                                 |
 *-------  End PYTHIA Event and Cross Section Statistics ----------------------------------------------------------*

 *-------  PYTHIA Error and Warning Messages Statistics  ----------------------------------------------------------* 
 |                                                                                                                 | 
 |  times   message                                                                                                | 
 |                                                                                                                 | 
 |  14679   Warning in TauDecays::decay: unknown correlated tau production, assuming from unpolarized photon       | 
 |                                                                                                                 | 
 *-------  End PYTHIA Error and Warning Messages Statistics  ------------------------------------------------------* 
Gammatau2xmu: 6.729e-18

Gammatau2xe: 6.813e-18

BRtau2xmu: 2.970e-06

BRtau2xe: 3.007e-06

BRtau2xmu + BRtau2xe: 5.977e-06

produced tau excluding those daughters are also tau lepton: 2.936e+04
produced X: 2.936e+04
produced X/NMC: 2.936e-01

Proportion of X flying forward (eta>0): 6.264e-01
Proportion of X flying backward (eta<0): 3.736e-01

Total Gamma [GeV]: 1.724e-14
ctau [m]: 1.145e-02

Gammax2tautau: 0.000e+00

Gammax2mumu: 1.715e-14

Gammax2ee: 9.149e-17

Gammax2gmgm: 0.000e+00

BRx2tautau: 0.000e+00

BRx2mumu: 9.947e-01

BRx2ee: 5.308e-03

BRx2gmgm: 0.000e+00

X: insideFidVol: 3.592e+03
observedX: 3.709e+03
visibleX: 7.713e+02

X Observed Fiducial efficiency: 1.263e-01
X Visible Fiducial efficiency: 2.627e-02

reallyProduced tau: 9.200e+10
total number of tau-tau events: 4.600e+10

reallyProducedX: 1.936e+05
reallyobservedX: 2.446e+04
reallyvisibleX: 5.087e+03

