mX:  0.5
g_AB_Lamb:  1.5e-07
g_CC_Lamb:  3e-08
NMC 10000

 *-------  PYTHIA Process Initialization  --------------------------*
 |                                                                  |
 | We collide e- with e+ at a CM energy of 1.058e+01 GeV            |
 |                                                                  |
 |------------------------------------------------------------------|
 |                                                    |             |
 | Subprocess                                    Code |   Estimated |
 |                                                    |    max (mb) |
 |                                                    |             |
 |------------------------------------------------------------------|
 |                                                    |             |
 | f fbar -> f' fbar' (s-channel gamma*)          223 |   1.453e-04 |
 |                                                                  |
 *-------  End PYTHIA Process Initialization -----------------------*

 *-------  PYTHIA Flag + Mode + Parm + Word + FVec + MVec + PVec + WVec Settings (changes only)  ------------------* 
 |                                                                                                                 | 
 | Name                                          |                      Now |      Default         Min         Max | 
 |                                               |                          |                                      | 
 | Beams:eA                                      |                  7.00000 |     7000.000         0.0             | 
 | Beams:eB                                      |                  4.00000 |     7000.000         0.0             | 
 | Beams:frameType                               |                        2 |            1           1           5 | 
 | Beams:idA                                     |                       11 |         2212                         | 
 | Beams:idB                                     |                      -11 |         2212                         | 
 | HadronLevel:Hadronize                         |                      off |           on                         | 
 | Next:numberCount                              |                    10000 |         1000           0             | 
 | PartonLevel:MPI                               |                      off |           on                         | 
 | Random:seed                                   |                        0 |           -1               900000000 | 
 | Random:setSeed                                |                       on |          off                         | 
 | WeakSingleBoson:ffbar2ffbar(s:gm)             |                       on |          off                         | 
 |                                                                                                                 | 
 *-------  End PYTHIA Flag + Mode + Parm + Word + FVec + MVec + PVec + WVec Settings  -----------------------------* 

 --------  PYTHIA Particle Data Table (changed only)  ------------------------------------------------------------------------------
 
      id   name            antiName         spn chg col      m0        mWidth      mMin       mMax       tau0    res dec ext vis wid
             no onMode   bRatio   meMode     products 

      15  tau-             tau+               2  -3   0    1.77682    0.00000    0.00000    0.00000  8.71100e-02   0   1   0   1   0
              0     1   0.0018492  103       36       13 
              1     1   0.0018725  103       36       11 

      36  x                                   1   0   0    0.50000    0.00000    0.00000    0.00000  2.86198e+04   0   1   0   0   0
              0     1   0.0000000  103       15      -15 
              1     1   0.9946920  103       13      -13 
              2     1   0.0053080  103       11      -11 
              3     1   0.0000000  103       22       22 

 --------  End PYTHIA Particle Data Table  -----------------------------------------------------------------------------------------


 --------  PYTHIA Info Listing  ---------------------------------------- 
 
 Beam A: id =     11, pz =  5.292e+00, e =  5.292e+00, m =  5.110e-04.
 Beam B: id =    -11, pz = -5.292e+00, e =  5.292e+00, m =  5.110e-04.

 In 1: id =   11, x =  1.000e+00, pdf =  1.258e+06 at Q2 =  1.120e+02.
 In 2: id =  -11, x =  1.000e+00, pdf =  2.198e+06 at same Q2.

 Subprocess f fbar -> f' fbar' (s-channel gamma*) with code 223 is 2 -> 2.
 It has sHat =  1.120e+02,    tHat = -9.017e+01,    uHat = -2.183e+01,
       pTHat =  4.184e+00,   m3Hat =  3.300e-01,   m4Hat =  3.300e-01,
    thetaHat =  2.227e+00,  phiHat =  5.287e+00.
     alphaEM =  7.631e-03,  alphaS =  1.975e-01    at Q2 =  1.120e+02.

 Impact parameter b =  0.000e+00 gives enhancement factor =  1.000e+00.
 Max pT scale for MPI =  1.058e+01, ISR =  1.058e+01, FSR =  1.058e+01.
 Number of MPI =     1, ISR =     0, FSRproc =     1, FSRreson =     0.

 --------  End PYTHIA Info Listing  ------------------------------------

 --------  PYTHIA Event Listing  (hard process)  -----------------------------------------------------------------------------------
 
    no         id  name            status     mothers   daughters     colours      p_x        p_y        p_z         e          m 
     0         90  (system)           -11     0     0     0     0     0     0      0.000      0.000      3.000     11.000     10.583
     1         11  (e-)               -12     0     0     3     0     0     0      0.000      0.000      7.000      7.000      0.001
     2        -11  (e+)               -12     0     0     4     0     0     0      0.000      0.000     -4.000      4.000      0.001
     3         11  (e-)               -21     1     0     5     6     0     0      0.000      0.000      7.000      7.000      0.000
     4        -11  (e+)               -21     2     0     5     6     0     0      0.000      0.000     -4.000      4.000      0.000
     5          1  d                   23     3     4     0     0   101     0      2.275     -3.511     -1.850      4.586      0.330
     6         -1  dbar                23     3     4     0     0     0   101     -2.275      3.511      4.850      6.414      0.330
                                   Charge sum:  0.000           Momentum sum:      0.000      0.000      3.000     11.000     10.583

 --------  End PYTHIA Event Listing  -----------------------------------------------------------------------------------------------

 --------  PYTHIA Event Listing  (complete event)  ---------------------------------------------------------------------------------
 
    no         id  name            status     mothers   daughters     colours      p_x        p_y        p_z         e          m 
     0         90  (system)           -11     0     0     0     0     0     0      0.000      0.000      3.000     11.000     10.583
     1         11  (e-)               -12     0     0    10     0     0     0      0.000      0.000      7.000      7.000      0.001
     2        -11  (e+)               -12     0     0    11     0     0     0      0.000      0.000     -4.000      4.000      0.001
     3         11  (e-)               -21    10    10     5     6     0     0      0.000      0.000      7.000      7.000      0.000
     4        -11  (e+)               -21    11    11     5     6     0     0      0.000      0.000     -4.000      4.000      0.000
     5          1  (d)                -23     3     4     9     9   101     0      2.275     -3.511     -1.850      4.586      0.330
     6         -1  (dbar)             -23     3     4     7     8     0   101     -2.275      3.511      4.850      6.414      0.330
     7         -1  (dbar)             -51     6     0    13    13     0   102     -1.437      3.454      3.880      5.400      0.330
     8         21  (g)                -51     6     0    14    14   102   101     -0.755     -0.070      0.902      1.179      0.000
     9          1  (d)                -52     5     5    12    12   101     0      2.193     -3.384     -1.782      4.421      0.330
    10         11  (e-)               -61     1     0     3     3     0     0      0.000      0.000      7.000      7.000      0.000
    11        -11  (e+)               -61     2     0     4     4     0     0      0.000      0.000     -4.000      4.000      0.000
    12          1  d                   62     9     9     0     0   101     0      2.193     -3.384     -1.782      4.421      0.330
    13         -1  dbar                62     7     7     0     0     0   102     -1.437      3.454      3.880      5.400      0.330
    14         21  g                   62     8     8     0     0   102   101     -0.755     -0.070      0.902      1.179      0.000
    15         22  gamma               63     1     0     0     0     0     0      0.000      0.000      0.000      0.000      0.000
    16         22  gamma               63     2     0     0     0     0     0      0.000      0.000     -0.000      0.000      0.000
                                   Charge sum:  0.000           Momentum sum:      0.000     -0.000      3.000     11.000     10.583

 --------  End PYTHIA Event Listing  -----------------------------------------------------------------------------------------------
 PYTHIA Warning in TauDecays::decay: unknown correlated tau production, assuming from unpolarized photon  
 PYTHIA Warning in PhaseSpace2to2tauyz::trialKin: maximum for cross section violated  

 *-------  PYTHIA Event and Cross Section Statistics  -------------------------------------------------------------*
 |                                                                                                                 |
 | Subprocess                                    Code |            Number of events       |      sigma +- delta    |
 |                                                    |       Tried   Selected   Accepted |     (estimated) (mb)   |
 |                                                    |                                   |                        |
 |-----------------------------------------------------------------------------------------------------------------|
 |                                                    |                                   |                        |
 | f fbar -> f' fbar' (s-channel gamma*)          223 |      237792      10000      10000 |   6.099e-06  3.139e-08 |
 |                                                    |                                   |                        |
 | sum                                                |      237792      10000      10000 |   6.099e-06  3.139e-08 |
 |                                                                                                                 |
 *-------  End PYTHIA Event and Cross Section Statistics ----------------------------------------------------------*

 *-------  PYTHIA Error and Warning Messages Statistics  ----------------------------------------------------------* 
 |                                                                                                                 | 
 |  times   message                                                                                                | 
 |                                                                                                                 | 
 |    106   Warning in PhaseSpace2to2tauyz::trialKin: maximum for cross section violated                           | 
 |   1484   Warning in TauDecays::decay: unknown correlated tau production, assuming from unpolarized photon       | 
 |                                                                                                                 | 
 *-------  End PYTHIA Error and Warning Messages Statistics  ------------------------------------------------------* 
Gammatau2xmu: 4.205e-15

Gammatau2xe: 4.258e-15

BRtau2xmu: 1.849e-03

BRtau2xe: 1.872e-03

BRtau2xmu + BRtau2xe: 3.722e-03

produced tau excluding those daughters are also tau lepton: 2.968e+03
produced X: 2.968e+03
produced X/NMC: 2.968e-01

Proportion of X flying forward (eta>0): 6.290e-01
Proportion of X flying backward (eta<0): 3.710e-01

Total Gamma [GeV]: 6.895e-18
ctau [m]: 2.862e+01

Gammax2tautau: 0.000e+00

Gammax2mumu: 6.858e-18

Gammax2ee: 3.660e-20

Gammax2gmgm: 0.000e+00

BRx2tautau: 0.000e+00

BRx2mumu: 9.947e-01

BRx2ee: 5.308e-03

BRx2gmgm: 0.000e+00

X: insideFidVol: 2.200e+01
observedX: 2.273e+01
visibleX: 2.273e+00

X Observed Fiducial efficiency: 7.658e-03
X Visible Fiducial efficiency: 7.658e-04

reallyProduced tau: 9.200e+10
total number of tau-tau events: 4.600e+10

reallyProducedX: 1.206e+08
reallyobservedX: 9.232e+05
reallyvisibleX: 9.232e+04

