mX:  0.5
g_AB_Lamb:  8e-09
g_CC_Lamb:  2e-10
NMC 100000

 *-------  PYTHIA Process Initialization  --------------------------*
 |                                                                  |
 | We collide e- with e+ at a CM energy of 1.058e+01 GeV            |
 |                                                                  |
 |------------------------------------------------------------------|
 |                                                    |             |
 | Subprocess                                    Code |   Estimated |
 |                                                    |    max (mb) |
 |                                                    |             |
 |------------------------------------------------------------------|
 |                                                    |             |
 | f fbar -> f' fbar' (s-channel gamma*)          223 |   1.355e-04 |
 |                                                                  |
 *-------  End PYTHIA Process Initialization -----------------------*

 *-------  PYTHIA Flag + Mode + Parm + Word + FVec + MVec + PVec + WVec Settings (changes only)  ------------------* 
 |                                                                                                                 | 
 | Name                                          |                      Now |      Default         Min         Max | 
 |                                               |                          |                                      | 
 | Beams:eA                                      |                  7.00000 |     7000.000         0.0             | 
 | Beams:eB                                      |                  4.00000 |     7000.000         0.0             | 
 | Beams:frameType                               |                        2 |            1           1           5 | 
 | Beams:idA                                     |                       11 |         2212                         | 
 | Beams:idB                                     |                      -11 |         2212                         | 
 | HadronLevel:Hadronize                         |                      off |           on                         | 
 | Next:numberCount                              |                    10000 |         1000           0             | 
 | PartonLevel:MPI                               |                      off |           on                         | 
 | Random:seed                                   |                        0 |           -1               900000000 | 
 | Random:setSeed                                |                       on |          off                         | 
 | WeakSingleBoson:ffbar2ffbar(s:gm)             |                       on |          off                         | 
 |                                                                                                                 | 
 *-------  End PYTHIA Flag + Mode + Parm + Word + FVec + MVec + PVec + WVec Settings  -----------------------------* 

 --------  PYTHIA Particle Data Table (changed only)  ------------------------------------------------------------------------------
 
      id   name            antiName         spn chg col      m0        mWidth      mMin       mMax       tau0    res dec ext vis wid
             no onMode   bRatio   meMode     products 

      15  tau-             tau+               2  -3   0    1.77682    0.00000    0.00000    0.00000  8.71100e-02   0   1   0   1   0
              0     1   0.0000053  103       36       13 
              1     1   0.0000053  103       36       11 

      36  x                                   1   0   0    0.50000    0.00000    0.00000    0.00000  6.43945e+08   0   1   0   0   0
              0     1   0.0000000  103       15      -15 
              1     1   0.9946920  103       13      -13 
              2     1   0.0053080  103       11      -11 
              3     1   0.0000000  103       22       22 

 --------  End PYTHIA Particle Data Table  -----------------------------------------------------------------------------------------


 --------  PYTHIA Info Listing  ---------------------------------------- 
 
 Beam A: id =     11, pz =  5.292e+00, e =  5.292e+00, m =  5.110e-04.
 Beam B: id =    -11, pz = -5.292e+00, e =  5.292e+00, m =  5.110e-04.

 In 1: id =   11, x =  1.000e+00, pdf =  4.066e+07 at Q2 =  1.078e+02.
 In 2: id =  -11, x =  9.626e-01, pdf =  9.719e-01 at same Q2.

 Subprocess f fbar -> f' fbar' (s-channel gamma*) with code 223 is 2 -> 2.
 It has sHat =  1.078e+02,    tHat = -3.384e+00,    uHat = -1.044e+02,
       pTHat =  1.807e+00,   m3Hat =  3.300e-01,   m4Hat =  3.300e-01,
    thetaHat =  3.562e-01,  phiHat =  5.751e+00.
     alphaEM =  7.630e-03,  alphaS =  1.984e-01    at Q2 =  1.078e+02.

 Impact parameter b =  0.000e+00 gives enhancement factor =  1.000e+00.
 Max pT scale for MPI =  1.058e+01, ISR =  1.038e+01, FSR =  1.038e+01.
 Number of MPI =     1, ISR =     1, FSRproc =     4, FSRreson =     0.

 --------  End PYTHIA Info Listing  ------------------------------------

 --------  PYTHIA Event Listing  (hard process)  -----------------------------------------------------------------------------------
 
    no         id  name            status     mothers   daughters     colours      p_x        p_y        p_z         e          m 
     0         90  (system)           -11     0     0     0     0     0     0      0.000      0.000      3.000     11.000     10.583
     1         11  (e-)               -12     0     0     3     0     0     0      0.000      0.000      7.000      7.000      0.001
     2        -11  (e+)               -12     0     0     4     0     0     0      0.000      0.000     -4.000      4.000      0.001
     3         11  (e-)               -21     1     0     5     6     0     0      0.000      0.000      7.000      7.000      0.000
     4        -11  (e+)               -21     2     0     5     6     0     0      0.000      0.000     -3.850      3.850      0.000
     5          2  u                   23     3     4     0     0   101     0      1.557     -0.916      6.649      6.898      0.330
     6         -2  ubar                23     3     4     0     0     0   101     -1.557      0.916     -3.499      3.952      0.330
                                   Charge sum:  0.000           Momentum sum:      0.000      0.000      3.150     10.850     10.383

 --------  End PYTHIA Event Listing  -----------------------------------------------------------------------------------------------

 --------  PYTHIA Event Listing  (complete event)  ---------------------------------------------------------------------------------
 
    no         id  name            status     mothers   daughters     colours      p_x        p_y        p_z         e          m 
     0         90  (system)           -11     0     0     0     0     0     0      0.000      0.000      3.000     11.000     10.583
     1         11  (e-)               -12     0     0    28     0     0     0      0.000      0.000      7.000      7.000      0.001
     2        -11  (e+)               -12     0     0    29     0     0     0      0.000      0.000     -4.000      4.000      0.001
     3         11  (e-)               -21    19    19     5     6     0     0      0.000      0.000      7.000      7.000      0.000
     4        -11  (e+)               -21    20     0     5     6     0     0      0.000      0.000     -3.850      3.850      0.000
     5          2  (u)                -23     3     4     7     8   101     0      1.557     -0.916      6.649      6.898      0.330
     6         -2  (ubar)             -23     3     4     9     9     0   101     -1.557      0.916     -3.499      3.952      0.330
     7          2  (u)                -51     5     0    16    17   103     0     -2.036     -0.547      1.623      2.681      0.330
     8         21  (g)                -51     5     0    12    12   101   103      3.195     -0.135      4.128      5.222      0.000
     9         -2  (ubar)             -52     6     6    10    11     0   101     -1.159      0.682     -2.602      2.947      0.330
    10         -2  (ubar)             -51     9     0    22    22     0   104     -1.819     -0.034     -1.496      2.378      0.330
    11         21  (g)                -51     9     0    13    14   104   101      1.194      0.693     -0.416      1.442      0.000
    12         21  (g)                -52     8     8    15    15   101   103      2.661     -0.112      3.438      4.349      0.000
    13         21  (g)                -51    11     0    24    24   104   105      1.484     -0.051     -0.276      1.510      0.000
    14         21  (g)                -51    11     0    25    25   105   101      0.546      0.708      0.940      1.297      0.000
    15         21  (g)                -52    12    12    18    18   101   103      1.825     -0.077      2.359      2.984      0.000
    16          2  (u)                -51     7     0    21    21   107     0     -1.734      0.114      1.530      2.339      0.330
    17         21  (g)                -51     7     0    26    26   103   107     -0.008     -0.673      0.473      0.823      0.000
    18         21  (g)                -52    15    15    23    23   101   103      1.532     -0.065      1.979      2.503      0.000
    19         11  (e-)               -42    28    28     3     3     0     0     -0.000     -0.000      7.000      7.000      0.000
    20        -11  (e+)               -41    29    29    27     4     0     0      0.000      0.000     -4.000      4.000      0.000
    21          2  (u)                -44    16    16    30    30   107     0     -1.733      0.129      1.514      2.328      0.330
    22         -2  (ubar)             -44    10    10    31    31     0   104     -1.813      0.042     -1.514      2.385      0.330
    23         21  (g)                -44    18    18    32    32   101   103      1.532     -0.054      1.963      2.491      0.000
    24         21  (g)                -44    13    13    33    33   104   105      1.486     -0.016     -0.285      1.513      0.000
    25         21  (g)                -44    14    14    34    34   105   101      0.547      0.715      0.946      1.306      0.000
    26         21  (g)                -44    17    17    35    35   103   107     -0.007     -0.666      0.455      0.807      0.000
    27         22  (gamma)            -43    20     0    36    36     0     0     -0.012     -0.149     -0.078      0.169      0.000
    28         11  (e-)               -61     1     0    19    19     0     0      0.000      0.000      7.000      7.000      0.000
    29        -11  (e+)               -61     2     0    20    20     0     0      0.000     -0.000     -4.000      4.000      0.000
    30          2  u                   62    21    21     0     0   107     0     -1.733      0.129      1.514      2.328      0.330
    31         -2  ubar                62    22    22     0     0     0   104     -1.813      0.042     -1.514      2.385      0.330
    32         21  g                   62    23    23     0     0   101   103      1.532     -0.054      1.963      2.491      0.000
    33         21  g                   62    24    24     0     0   104   105      1.486     -0.016     -0.285      1.513      0.000
    34         21  g                   62    25    25     0     0   105   101      0.547      0.715      0.946      1.306      0.000
    35         21  g                   62    26    26     0     0   103   107     -0.007     -0.666      0.455      0.807      0.000
    36         22  gamma               62    27    27     0     0     0     0     -0.012     -0.149     -0.078      0.169      0.000
    37         22  gamma               63     1     0     0     0     0     0      0.000      0.000      0.000      0.000      0.000
    38         22  gamma               63     2     0     0     0     0     0      0.000      0.000     -0.000      0.000      0.000
                                   Charge sum:  0.000           Momentum sum:      0.000      0.000      3.000     11.000     10.583

 --------  End PYTHIA Event Listing  -----------------------------------------------------------------------------------------------
 PYTHIA Warning in TauDecays::decay: unknown correlated tau production, assuming from unpolarized photon  
 PYTHIA Warning in PhaseSpace2to2tauyz::trialKin: maximum for cross section violated  

 Pythia::next(): 10000 events have been generated 

 Pythia::next(): 20000 events have been generated 

 Pythia::next(): 30000 events have been generated 

 Pythia::next(): 40000 events have been generated 

 Pythia::next(): 50000 events have been generated 

 Pythia::next(): 60000 events have been generated 

 Pythia::next(): 70000 events have been generated 
 PYTHIA Warning in PhaseSpace2to2tauyz::finalKin: failed after mass assignment  

 Pythia::next(): 80000 events have been generated 

 Pythia::next(): 90000 events have been generated 

 *-------  PYTHIA Event and Cross Section Statistics  -------------------------------------------------------------*
 |                                                                                                                 |
 | Subprocess                                    Code |            Number of events       |      sigma +- delta    |
 |                                                    |       Tried   Selected   Accepted |     (estimated) (mb)   |
 |                                                    |                                   |                        |
 |-----------------------------------------------------------------------------------------------------------------|
 |                                                    |                                   |                        |
 | f fbar -> f' fbar' (s-channel gamma*)          223 |     2252624     100001     100000 |   6.005e-06  1.018e-08 |
 |                                                    |                                   |                        |
 | sum                                                |     2252624     100001     100000 |   6.005e-06  1.018e-08 |
 |                                                                                                                 |
 *-------  End PYTHIA Event and Cross Section Statistics ----------------------------------------------------------*

 *-------  PYTHIA Error and Warning Messages Statistics  ----------------------------------------------------------* 
 |                                                                                                                 | 
 |  times   message                                                                                                | 
 |                                                                                                                 | 
 |      1   Warning in PhaseSpace2to2tauyz::finalKin: failed after mass assignment                                 | 
 |   3221   Warning in PhaseSpace2to2tauyz::trialKin: maximum for cross section violated                           | 
 |  14806   Warning in TauDecays::decay: unknown correlated tau production, assuming from unpolarized photon       | 
 |                                                                                                                 | 
 *-------  End PYTHIA Error and Warning Messages Statistics  ------------------------------------------------------* 
Gammatau2xmu: 1.196e-17

Gammatau2xe: 1.211e-17

BRtau2xmu: 5.279e-06

BRtau2xe: 5.346e-06

BRtau2xmu + BRtau2xe: 1.063e-05

produced tau excluding those daughters are also tau lepton: 2.961e+04
produced X: 2.961e+04
produced X/NMC: 2.961e-01

Proportion of X flying forward (eta>0): 6.268e-01
Proportion of X flying backward (eta<0): 3.732e-01

Total Gamma [GeV]: 3.064e-22
ctau [m]: 6.439e+05

Gammax2tautau: 0.000e+00

Gammax2mumu: 3.048e-22

Gammax2ee: 1.627e-24

Gammax2gmgm: 0.000e+00

BRx2tautau: 0.000e+00

BRx2mumu: 9.947e-01

BRx2ee: 5.308e-03

BRx2gmgm: 0.000e+00

X: insideFidVol: 0.000e+00
observedX: 9.866e-03
visibleX: 0.000e+00

X Observed Fiducial efficiency: 3.332e-07
X Visible Fiducial efficiency: 0.000e+00

reallyProduced tau: 9.200e+10
total number of tau-tau events: 4.600e+10

reallyProducedX: 3.442e+05
reallyobservedX: 1.147e-01
reallyvisibleX: 0.000e+00

