mX:  0.5
g_AB_Lamb:  8e-07
g_CC_Lamb:  8e-09
NMC 100000

 *-------  PYTHIA Process Initialization  --------------------------*
 |                                                                  |
 | We collide e- with e+ at a CM energy of 1.058e+01 GeV            |
 |                                                                  |
 |------------------------------------------------------------------|
 |                                                    |             |
 | Subprocess                                    Code |   Estimated |
 |                                                    |    max (mb) |
 |                                                    |             |
 |------------------------------------------------------------------|
 |                                                    |             |
 | f fbar -> f' fbar' (s-channel gamma*)          223 |   1.583e-04 |
 |                                                                  |
 *-------  End PYTHIA Process Initialization -----------------------*

 *-------  PYTHIA Flag + Mode + Parm + Word + FVec + MVec + PVec + WVec Settings (changes only)  ------------------* 
 |                                                                                                                 | 
 | Name                                          |                      Now |      Default         Min         Max | 
 |                                               |                          |                                      | 
 | Beams:eA                                      |                  7.00000 |     7000.000         0.0             | 
 | Beams:eB                                      |                  4.00000 |     7000.000         0.0             | 
 | Beams:frameType                               |                        2 |            1           1           5 | 
 | Beams:idA                                     |                       11 |         2212                         | 
 | Beams:idB                                     |                      -11 |         2212                         | 
 | HadronLevel:Hadronize                         |                      off |           on                         | 
 | Next:numberCount                              |                    10000 |         1000           0             | 
 | PartonLevel:MPI                               |                      off |           on                         | 
 | Random:seed                                   |                        0 |           -1               900000000 | 
 | Random:setSeed                                |                       on |          off                         | 
 | WeakSingleBoson:ffbar2ffbar(s:gm)             |                       on |          off                         | 
 |                                                                                                                 | 
 *-------  End PYTHIA Flag + Mode + Parm + Word + FVec + MVec + PVec + WVec Settings  -----------------------------* 

 --------  PYTHIA Particle Data Table (changed only)  ------------------------------------------------------------------------------
 
      id   name            antiName         spn chg col      m0        mWidth      mMin       mMax       tau0    res dec ext vis wid
             no onMode   bRatio   meMode     products 

      15  tau-             tau+               2  -3   0    1.77682    0.00000    0.00000    0.00000  8.71100e-02   0   1   0   1   0
              0     1   0.0477241  103       36       13 
              1     1   0.0483251  103       36       11 

      36  x                                   1   0   0    0.50000    0.00000    0.00000    0.00000  4.02466e+05   0   1   0   0   0
              0     1   0.0000000  103       15      -15 
              1     1   0.9946920  103       13      -13 
              2     1   0.0053080  103       11      -11 
              3     1   0.0000000  103       22       22 

 --------  End PYTHIA Particle Data Table  -----------------------------------------------------------------------------------------

 PYTHIA Warning in TauDecays::decay: unknown correlated tau production, assuming from unpolarized photon  

 --------  PYTHIA Info Listing  ---------------------------------------- 
 
 Beam A: id =     11, pz =  5.292e+00, e =  5.292e+00, m =  5.110e-04.
 Beam B: id =    -11, pz = -5.292e+00, e =  5.292e+00, m =  5.110e-04.

 In 1: id =   11, x =  1.000e+00, pdf =  1.151e+08 at Q2 =  1.117e+02.
 In 2: id =  -11, x =  9.969e-01, pdf =  1.134e+01 at same Q2.

 Subprocess f fbar -> f' fbar' (s-channel gamma*) with code 223 is 2 -> 2.
 It has sHat =  1.117e+02,    tHat = -6.008e+01,    uHat = -5.158e+01,
       pTHat =  4.961e+00,   m3Hat =  1.777e+00,   m4Hat =  1.777e+00,
    thetaHat =  1.647e+00,  phiHat =  2.888e+00.
     alphaEM =  7.631e-03,  alphaS =  1.975e-01    at Q2 =  1.117e+02.

 Impact parameter b =  0.000e+00 gives enhancement factor =  1.000e+00.
 Max pT scale for MPI =  1.058e+01, ISR =  1.058e+01, FSR =  1.058e+01.
 Number of MPI =     1, ISR =     1, FSRproc =     0, FSRreson =     0.

 --------  End PYTHIA Info Listing  ------------------------------------

 --------  PYTHIA Event Listing  (hard process)  -----------------------------------------------------------------------------------
 
    no         id  name            status     mothers   daughters     colours      p_x        p_y        p_z         e          m 
     0         90  (system)           -11     0     0     0     0     0     0      0.000      0.000      3.000     11.000     10.583
     1         11  (e-)               -12     0     0     3     0     0     0      0.000      0.000      7.000      7.000      0.001
     2        -11  (e+)               -12     0     0     4     0     0     0      0.000      0.000     -4.000      4.000      0.001
     3         11  (e-)               -21     1     0     5     6     0     0      0.000      0.000      7.000      7.000      0.000
     4        -11  (e+)               -21     2     0     5     6     0     0      0.000      0.000     -3.988      3.988      0.000
     5         15  tau-                23     3     4     0     0     0     0     -4.803      1.244      1.112      5.386      1.777
     6        -15  tau+                23     3     4     0     0     0     0      4.803     -1.244      1.900      5.602      1.777
                                   Charge sum:  0.000           Momentum sum:      0.000      0.000      3.012     10.988     10.567

 --------  End PYTHIA Event Listing  -----------------------------------------------------------------------------------------------

 --------  PYTHIA Event Listing  (complete event)  ---------------------------------------------------------------------------------
 
    no         id  name            status     mothers   daughters     colours      p_x        p_y        p_z         e          m 
     0         90  (system)           -11     0     0     0     0     0     0      0.000      0.000      3.000     11.000     10.583
     1         11  (e-)               -12     0     0    12     0     0     0      0.000      0.000      7.000      7.000      0.001
     2        -11  (e+)               -12     0     0    13     0     0     0      0.000      0.000     -4.000      4.000      0.001
     3         11  (e-)               -21     7     7     5     6     0     0      0.000      0.000      7.000      7.000      0.000
     4        -11  (e+)               -21     8     0     5     6     0     0      0.000      0.000     -3.988      3.988      0.000
     5         15  (tau-)             -23     3     4     9     9     0     0     -4.803      1.244      1.112      5.386      1.777
     6        -15  (tau+)             -23     3     4    10    10     0     0      4.803     -1.244      1.900      5.602      1.777
     7         11  (e-)               -42    12    12     3     3     0     0      0.000     -0.000      7.000      7.000      0.000
     8        -11  (e+)               -41    13    13    11     4     0     0     -0.000      0.000     -4.000      4.000      0.000
     9         15  (tau-)             -44     5     5    14    14     0     0     -4.794      1.242      1.093      5.374      1.777
    10        -15  (tau+)             -44     6     6    15    15     0     0      4.810     -1.247      1.900      5.608      1.777
    11         22  (gamma)            -43     8     0    16    16     0     0     -0.015      0.005      0.008      0.018      0.000
    12         11  (e-)               -61     1     0     7     7     0     0      0.000     -0.000      7.000      7.000      0.000
    13        -11  (e+)               -61     2     0     8     8     0     0     -0.000      0.000     -4.000      4.000      0.000
    14         15  (tau-)             -62     9     9    19    20     0     0     -4.794      1.242      1.093      5.374      1.777
    15        -15  (tau+)             -62    10    10    21    22     0     0      4.810     -1.247      1.900      5.608      1.777
    16         22  gamma               62    11    11     0     0     0     0     -0.015      0.005      0.008      0.018      0.000
    17         22  gamma               63     1     0     0     0     0     0      0.000      0.000      0.000      0.000      0.000
    18         22  gamma               63     2     0     0     0     0     0      0.000      0.000     -0.000      0.000      0.000
    19         36  (x)                -91    14     0    23    24     0     0     -4.297      1.472      0.562      4.604      0.500
    20         13  mu-                 91    14     0     0     0     0     0     -0.498     -0.230      0.531      0.770      0.106
    21         36  (x)                -91    15     0    25    26     0     0      4.833     -1.429      1.827      5.384      0.500
    22        -13  mu+                 91    15     0     0     0     0     0     -0.023      0.183      0.073      0.224      0.106
    23         13  mu-                 91    19     0     0     0     0     0     -2.455      0.872      0.098      2.609      0.106
    24        -13  mu+                 91    19     0     0     0     0     0     -1.842      0.600      0.463      1.994      0.106
    25         13  mu-                 91    21     0     0     0     0     0      2.120     -0.470      0.963      2.378      0.106
    26        -13  mu+                 91    21     0     0     0     0     0      2.713     -0.959      0.864      3.006      0.106
                                   Charge sum:  0.000           Momentum sum:     -0.000      0.000      3.000     11.000     10.583

 --------  End PYTHIA Event Listing  -----------------------------------------------------------------------------------------------
 PYTHIA Warning in PhaseSpace2to2tauyz::trialKin: maximum for cross section violated  

 Pythia::next(): 10000 events have been generated 

 Pythia::next(): 20000 events have been generated 

 Pythia::next(): 30000 events have been generated 

 Pythia::next(): 40000 events have been generated 

 Pythia::next(): 50000 events have been generated 

 Pythia::next(): 60000 events have been generated 

 Pythia::next(): 70000 events have been generated 

 Pythia::next(): 80000 events have been generated 

 Pythia::next(): 90000 events have been generated 

 *-------  PYTHIA Event and Cross Section Statistics  -------------------------------------------------------------*
 |                                                                                                                 |
 | Subprocess                                    Code |            Number of events       |      sigma +- delta    |
 |                                                    |       Tried   Selected   Accepted |     (estimated) (mb)   |
 |                                                    |                                   |                        |
 |-----------------------------------------------------------------------------------------------------------------|
 |                                                    |                                   |                        |
 | f fbar -> f' fbar' (s-channel gamma*)          223 |     2631634     100000     100000 |   6.000e-06  9.262e-09 |
 |                                                    |                                   |                        |
 | sum                                                |     2631634     100000     100000 |   6.000e-06  9.262e-09 |
 |                                                                                                                 |
 *-------  End PYTHIA Event and Cross Section Statistics ----------------------------------------------------------*

 *-------  PYTHIA Error and Warning Messages Statistics  ----------------------------------------------------------* 
 |                                                                                                                 | 
 |  times   message                                                                                                | 
 |                                                                                                                 | 
 |    131   Warning in PhaseSpace2to2tauyz::trialKin: maximum for cross section violated                           | 
 |  14782   Warning in TauDecays::decay: unknown correlated tau production, assuming from unpolarized photon       | 
 |                                                                                                                 | 
 *-------  End PYTHIA Error and Warning Messages Statistics  ------------------------------------------------------* 
Gammatau2xmu: 1.196e-13

Gammatau2xe: 1.211e-13

BRtau2xmu: 4.772e-02

BRtau2xe: 4.833e-02

BRtau2xmu + BRtau2xe: 9.605e-02

produced tau excluding those daughters are also tau lepton: 2.956e+04
produced X: 2.956e+04
produced X/NMC: 2.956e-01

Proportion of X flying forward (eta>0): 6.264e-01
Proportion of X flying backward (eta<0): 3.736e-01

Total Gamma [GeV]: 4.903e-19
ctau [m]: 4.025e+02

Gammax2tautau: 0.000e+00

Gammax2mumu: 4.877e-19

Gammax2ee: 2.602e-21

Gammax2gmgm: 0.000e+00

BRx2tautau: 0.000e+00

BRx2mumu: 9.947e-01

BRx2ee: 5.308e-03

BRx2gmgm: 0.000e+00

X: insideFidVol: 1.200e+01
observedX: 1.582e+01
visibleX: 7.630e-03

X Observed Fiducial efficiency: 5.351e-04
X Visible Fiducial efficiency: 2.581e-07

reallyProduced tau: 9.200e+10
total number of tau-tau events: 4.600e+10

reallyProducedX: 3.111e+09
reallyobservedX: 1.665e+06
reallyvisibleX: 8.029e+02

