mX:  0.5
g_AB_Lamb:  3e-10
g_CC_Lamb:  3e-10
NMC 100000

 *-------  PYTHIA Process Initialization  --------------------------*
 |                                                                  |
 | We collide e- with e+ at a CM energy of 1.058e+01 GeV            |
 |                                                                  |
 |------------------------------------------------------------------|
 |                                                    |             |
 | Subprocess                                    Code |   Estimated |
 |                                                    |    max (mb) |
 |                                                    |             |
 |------------------------------------------------------------------|
 |                                                    |             |
 | f fbar -> f' fbar' (s-channel gamma*)          223 |   1.454e-04 |
 |                                                                  |
 *-------  End PYTHIA Process Initialization -----------------------*

 *-------  PYTHIA Flag + Mode + Parm + Word + FVec + MVec + PVec + WVec Settings (changes only)  ------------------* 
 |                                                                                                                 | 
 | Name                                          |                      Now |      Default         Min         Max | 
 |                                               |                          |                                      | 
 | Beams:eA                                      |                  7.00000 |     7000.000         0.0             | 
 | Beams:eB                                      |                  4.00000 |     7000.000         0.0             | 
 | Beams:frameType                               |                        2 |            1           1           5 | 
 | Beams:idA                                     |                       11 |         2212                         | 
 | Beams:idB                                     |                      -11 |         2212                         | 
 | HadronLevel:Hadronize                         |                      off |           on                         | 
 | Next:numberCount                              |                    10000 |         1000           0             | 
 | PartonLevel:MPI                               |                      off |           on                         | 
 | Random:seed                                   |                        0 |           -1               900000000 | 
 | Random:setSeed                                |                       on |          off                         | 
 | WeakSingleBoson:ffbar2ffbar(s:gm)             |                       on |          off                         | 
 |                                                                                                                 | 
 *-------  End PYTHIA Flag + Mode + Parm + Word + FVec + MVec + PVec + WVec Settings  -----------------------------* 

 --------  PYTHIA Particle Data Table (changed only)  ------------------------------------------------------------------------------
 
      id   name            antiName         spn chg col      m0        mWidth      mMin       mMax       tau0    res dec ext vis wid
             no onMode   bRatio   meMode     products 

      15  tau-             tau+               2  -3   0    1.77682    0.00000    0.00000    0.00000  8.71100e-02   0   1   0   1   0
              0     1   0.0000000  103       36       13 
              1     1   0.0000000  103       36       11 

      36  x                                   1   0   0    0.50000    0.00000    0.00000    0.00000  2.86198e+08   0   1   0   0   0
              0     1   0.0000000  103       15      -15 
              1     1   0.9946920  103       13      -13 
              2     1   0.0053080  103       11      -11 
              3     1   0.0000000  103       22       22 

 --------  End PYTHIA Particle Data Table  -----------------------------------------------------------------------------------------


 --------  PYTHIA Info Listing  ---------------------------------------- 
 
 Beam A: id =     11, pz =  5.292e+00, e =  5.292e+00, m =  5.110e-04.
 Beam B: id =    -11, pz = -5.292e+00, e =  5.292e+00, m =  5.110e-04.

 In 1: id =   11, x =  1.000e+00, pdf =  3.602e+03 at Q2 =  1.120e+02.
 In 2: id =  -11, x =  1.000e+00, pdf =  7.945e+03 at same Q2.

 Subprocess f fbar -> f' fbar' (s-channel gamma*) with code 223 is 2 -> 2.
 It has sHat =  1.120e+02,    tHat = -2.104e+01,    uHat = -9.096e+01,
       pTHat =  4.133e+00,   m3Hat =  5.110e-04,   m4Hat =  5.110e-04,
    thetaHat =  8.965e-01,  phiHat =  4.447e+00.
     alphaEM =  7.631e-03,  alphaS =  1.975e-01    at Q2 =  1.120e+02.

 Impact parameter b =  0.000e+00 gives enhancement factor =  1.000e+00.
 Max pT scale for MPI =  1.058e+01, ISR =  1.058e+01, FSR =  1.058e+01.
 Number of MPI =     1, ISR =     0, FSRproc =     1, FSRreson =     0.

 --------  End PYTHIA Info Listing  ------------------------------------

 --------  PYTHIA Event Listing  (hard process)  -----------------------------------------------------------------------------------
 
    no         id  name            status     mothers   daughters     colours      p_x        p_y        p_z         e          m 
     0         90  (system)           -11     0     0     0     0     0     0      0.000      0.000      3.000     11.000     10.583
     1         11  (e-)               -12     0     0     3     0     0     0      0.000      0.000      7.000      7.000      0.001
     2        -11  (e+)               -12     0     0     4     0     0     0      0.000      0.000     -4.000      4.000      0.001
     3         11  (e-)               -21     1     0     5     6     0     0      0.000      0.000      7.000      7.000      0.000
     4        -11  (e+)               -21     2     0     5     6     0     0      0.000      0.000     -4.000      4.000      0.000
     5         11  e-                  23     3     4     0     0     0     0     -1.084     -3.989      4.934      6.436      0.001
     6        -11  e+                  23     3     4     0     0     0     0      1.084      3.989     -1.934      4.563      0.001
                                   Charge sum:  0.000           Momentum sum:      0.000      0.000      3.000     11.000     10.583

 --------  End PYTHIA Event Listing  -----------------------------------------------------------------------------------------------

 --------  PYTHIA Event Listing  (complete event)  ---------------------------------------------------------------------------------
 
    no         id  name            status     mothers   daughters     colours      p_x        p_y        p_z         e          m 
     0         90  (system)           -11     0     0     0     0     0     0      0.000      0.000      3.000     11.000     10.583
     1         11  (e-)               -12     0     0    10     0     0     0      0.000      0.000      7.000      7.000      0.001
     2        -11  (e+)               -12     0     0    11     0     0     0      0.000      0.000     -4.000      4.000      0.001
     3         11  (e-)               -21     9     9     5     6     0     0      0.000      0.000      7.000      7.000      0.000
     4        -11  (e+)               -21    11    11     5     6     0     0      0.000      0.000     -4.000      4.000      0.000
     5         11  (e-)               -23     3     4     7     8     0     0     -1.084     -3.989      4.934      6.436      0.001
     6        -11  (e+)               -23     3     4    13    13     0     0      1.084      3.989     -1.934      4.563      0.001
     7         11  (e-)               -51     5     0    12    12     0     0     -1.084     -3.989      4.934      6.436      0.001
     8         22  (gamma)            -51     5     0    14    14     0     0     -0.000     -0.000      0.000      0.000      0.000
     9         11  (e-)               -53    10    10     3     3     0     0      0.000     -0.000      7.000      7.000      0.000
    10         11  (e-)               -61     1     0     9     9     0     0     -0.000      0.000      7.000      7.000      0.000
    11        -11  (e+)               -61     2     0     4     4     0     0      0.000      0.000     -4.000      4.000      0.000
    12         11  e-                  62     7     7     0     0     0     0     -1.084     -3.989      4.934      6.436      0.001
    13        -11  e+                  62     6     6     0     0     0     0      1.084      3.989     -1.934      4.563      0.001
    14         22  gamma               62     8     8     0     0     0     0     -0.000     -0.000      0.000      0.000      0.000
    15         22  gamma               63     1     0     0     0     0     0      0.000      0.000      0.000      0.000      0.000
    16         22  gamma               63     2     0     0     0     0     0      0.000      0.000     -0.000      0.000      0.000
                                   Charge sum:  0.000           Momentum sum:     -0.000     -0.000      3.000     11.000     10.583

 --------  End PYTHIA Event Listing  -----------------------------------------------------------------------------------------------
 PYTHIA Warning in TauDecays::decay: unknown correlated tau production, assuming from unpolarized photon  
 PYTHIA Warning in PhaseSpace2to2tauyz::trialKin: maximum for cross section violated  

 Pythia::next(): 10000 events have been generated 

 Pythia::next(): 20000 events have been generated 

 Pythia::next(): 30000 events have been generated 

 Pythia::next(): 40000 events have been generated 

 Pythia::next(): 50000 events have been generated 

 Pythia::next(): 60000 events have been generated 

 Pythia::next(): 70000 events have been generated 

 Pythia::next(): 80000 events have been generated 

 Pythia::next(): 90000 events have been generated 

 *-------  PYTHIA Event and Cross Section Statistics  -------------------------------------------------------------*
 |                                                                                                                 |
 | Subprocess                                    Code |            Number of events       |      sigma +- delta    |
 |                                                    |       Tried   Selected   Accepted |     (estimated) (mb)   |
 |                                                    |                                   |                        |
 |-----------------------------------------------------------------------------------------------------------------|
 |                                                    |                                   |                        |
 | f fbar -> f' fbar' (s-channel gamma*)          223 |     2420110     100000     100000 |   6.011e-06  9.583e-09 |
 |                                                    |                                   |                        |
 | sum                                                |     2420110     100000     100000 |   6.011e-06  9.583e-09 |
 |                                                                                                                 |
 *-------  End PYTHIA Event and Cross Section Statistics ----------------------------------------------------------*

 *-------  PYTHIA Error and Warning Messages Statistics  ----------------------------------------------------------* 
 |                                                                                                                 | 
 |  times   message                                                                                                | 
 |                                                                                                                 | 
 |    607   Warning in PhaseSpace2to2tauyz::trialKin: maximum for cross section violated                           | 
 |  14680   Warning in TauDecays::decay: unknown correlated tau production, assuming from unpolarized photon       | 
 |                                                                                                                 | 
 *-------  End PYTHIA Error and Warning Messages Statistics  ------------------------------------------------------* 
Gammatau2xmu: 1.682e-20

Gammatau2xe: 1.703e-20

BRtau2xmu: 7.424e-09

BRtau2xe: 7.518e-09

BRtau2xmu + BRtau2xe: 1.494e-08

produced tau excluding those daughters are also tau lepton: 2.936e+04
produced X: 2.936e+04
produced X/NMC: 2.936e-01

Proportion of X flying forward (eta>0): 6.243e-01
Proportion of X flying backward (eta<0): 3.757e-01

Total Gamma [GeV]: 6.895e-22
ctau [m]: 2.862e+05

Gammax2tautau: 0.000e+00

Gammax2mumu: 6.858e-22

Gammax2ee: 3.660e-24

Gammax2gmgm: 0.000e+00

BRx2tautau: 0.000e+00

BRx2mumu: 9.947e-01

BRx2ee: 5.308e-03

BRx2gmgm: 0.000e+00

X: insideFidVol: 0.000e+00
observedX: 2.228e-02
visibleX: 0.000e+00

X Observed Fiducial efficiency: 7.590e-07
X Visible Fiducial efficiency: 0.000e+00

reallyProduced tau: 9.200e+10
total number of tau-tau events: 4.600e+10

reallyProducedX: 4.840e+02
reallyobservedX: 3.674e-04
reallyvisibleX: 0.000e+00

