mX:  0.5
g_AB_Lamb:  1.5e-09
g_CC_Lamb:  2e-11
NMC 100000
 PYTHIA Warning in PhaseSpace2to2tauyz::trialKin: maximum for cross section violated  

 *-------  PYTHIA Process Initialization  --------------------------*
 |                                                                  |
 | We collide e- with e+ at a CM energy of 1.058e+01 GeV            |
 |                                                                  |
 |------------------------------------------------------------------|
 |                                                    |             |
 | Subprocess                                    Code |   Estimated |
 |                                                    |    max (mb) |
 |                                                    |             |
 |------------------------------------------------------------------|
 |                                                    |             |
 | f fbar -> f' fbar' (s-channel gamma*)          223 |   1.399e-04 |
 |                                                                  |
 *-------  End PYTHIA Process Initialization -----------------------*

 *-------  PYTHIA Flag + Mode + Parm + Word + FVec + MVec + PVec + WVec Settings (changes only)  ------------------* 
 |                                                                                                                 | 
 | Name                                          |                      Now |      Default         Min         Max | 
 |                                               |                          |                                      | 
 | Beams:eA                                      |                  7.00000 |     7000.000         0.0             | 
 | Beams:eB                                      |                  4.00000 |     7000.000         0.0             | 
 | Beams:frameType                               |                        2 |            1           1           5 | 
 | Beams:idA                                     |                       11 |         2212                         | 
 | Beams:idB                                     |                      -11 |         2212                         | 
 | HadronLevel:Hadronize                         |                      off |           on                         | 
 | Next:numberCount                              |                    10000 |         1000           0             | 
 | PartonLevel:MPI                               |                      off |           on                         | 
 | Random:seed                                   |                        0 |           -1               900000000 | 
 | Random:setSeed                                |                       on |          off                         | 
 | WeakSingleBoson:ffbar2ffbar(s:gm)             |                       on |          off                         | 
 |                                                                                                                 | 
 *-------  End PYTHIA Flag + Mode + Parm + Word + FVec + MVec + PVec + WVec Settings  -----------------------------* 

 --------  PYTHIA Particle Data Table (changed only)  ------------------------------------------------------------------------------
 
      id   name            antiName         spn chg col      m0        mWidth      mMin       mMax       tau0    res dec ext vis wid
             no onMode   bRatio   meMode     products 

      15  tau-             tau+               2  -3   0    1.77682    0.00000    0.00000    0.00000  8.71100e-02   0   1   0   1   0
              0     1   0.0000002  103       36       13 
              1     1   0.0000002  103       36       11 

      36  x                                   1   0   0    0.50000    0.00000    0.00000    0.00000  6.43945e+10   0   1   0   0   0
              0     1   0.0000000  103       15      -15 
              1     1   0.9946920  103       13      -13 
              2     1   0.0053080  103       11      -11 
              3     1   0.0000000  103       22       22 

 --------  End PYTHIA Particle Data Table  -----------------------------------------------------------------------------------------

 PYTHIA Warning in TauDecays::decay: unknown correlated tau production, assuming from unpolarized photon  

 --------  PYTHIA Info Listing  ---------------------------------------- 
 
 Beam A: id =     11, pz =  5.292e+00, e =  5.292e+00, m =  5.110e-04.
 Beam B: id =    -11, pz = -5.292e+00, e =  5.292e+00, m =  5.110e-04.

 In 1: id =   11, x =  1.000e+00, pdf =  2.951e+08 at Q2 =  1.046e+02.
 In 2: id =  -11, x =  9.335e-01, pdf =  5.282e-01 at same Q2.

 Subprocess f fbar -> f' fbar' (s-channel gamma*) with code 223 is 2 -> 2.
 It has sHat =  1.046e+02,    tHat = -8.673e+01,    uHat = -1.783e+01,
       pTHat =  3.606e+00,   m3Hat =  1.777e+00,   m4Hat =  1.777e+00,
    thetaHat =  2.290e+00,  phiHat =  2.020e-01.
     alphaEM =  7.628e-03,  alphaS =  1.991e-01    at Q2 =  1.046e+02.

 Impact parameter b =  0.000e+00 gives enhancement factor =  1.000e+00.
 Max pT scale for MPI =  1.058e+01, ISR =  1.058e+01, FSR =  1.058e+01.
 Number of MPI =     1, ISR =     1, FSRproc =     1, FSRreson =     0.

 --------  End PYTHIA Info Listing  ------------------------------------

 --------  PYTHIA Event Listing  (hard process)  -----------------------------------------------------------------------------------
 
    no         id  name            status     mothers   daughters     colours      p_x        p_y        p_z         e          m 
     0         90  (system)           -11     0     0     0     0     0     0      0.000      0.000      3.000     11.000     10.583
     1         11  (e-)               -12     0     0     3     0     0     0      0.000      0.000      7.000      7.000      0.001
     2        -11  (e+)               -12     0     0     4     0     0     0      0.000      0.000     -4.000      4.000      0.001
     3         11  (e-)               -21     1     0     5     6     0     0      0.000      0.000      7.000      7.000      0.000
     4        -11  (e+)               -21     2     0     5     6     0     0      0.000      0.000     -3.734      3.734      0.000
     5         15  tau-                23     3     4     0     0     0     0      3.532      0.723     -1.684      4.358      1.777
     6        -15  tau+                23     3     4     0     0     0     0     -3.532     -0.723      4.950      6.376      1.777
                                   Charge sum:  0.000           Momentum sum:      0.000      0.000      3.266     10.734     10.225

 --------  End PYTHIA Event Listing  -----------------------------------------------------------------------------------------------

 --------  PYTHIA Event Listing  (complete event)  ---------------------------------------------------------------------------------
 
    no         id  name            status     mothers   daughters     colours      p_x        p_y        p_z         e          m 
     0         90  (system)           -11     0     0     0     0     0     0      0.000      0.000      3.000     11.000     10.583
     1         11  (e-)               -12     0     0    16     0     0     0      0.000      0.000      7.000      7.000      0.001
     2        -11  (e+)               -12     0     0    17     0     0     0      0.000      0.000     -4.000      4.000      0.001
     3         11  (e-)               -21    10    10     5     6     0     0      0.000      0.000      7.000      7.000      0.000
     4        -11  (e+)               -21    11     0     5     6     0     0      0.000      0.000     -3.734      3.734      0.000
     5         15  (tau-)             -23     3     4     7     8     0     0      3.532      0.723     -1.684      4.358      1.777
     6        -15  (tau+)             -23     3     4     9     9     0     0     -3.532     -0.723      4.950      6.376      1.777
     7         15  (tau-)             -51     5     0    12    12     0     0      3.531      0.716     -1.684      4.356      1.777
     8         22  (gamma)            -51     5     0    14    14     0     0     -0.005      0.006      0.009      0.012      0.000
     9        -15  (tau+)             -52     6     6    13    13     0     0     -3.526     -0.722      4.941      6.366      1.777
    10         11  (e-)               -42    16    16     3     3     0     0      0.000     -0.000      7.000      7.000      0.000
    11        -11  (e+)               -41    17    17    15     4     0     0     -0.000      0.000     -4.000      4.000      0.000
    12         15  (tau-)             -44     7     7    18    18     0     0      3.530      0.717     -1.685      4.356      1.777
    13        -15  (tau+)             -44     9     9    19    19     0     0     -3.526     -0.722      4.941      6.366      1.777
    14         22  (gamma)            -44     8     8    20    20     0     0     -0.005      0.006      0.009      0.012      0.000
    15         22  (gamma)            -43    11     0    21    21     0     0      0.001     -0.001     -0.266      0.266      0.000
    16         11  (e-)               -61     1     0    10    10     0     0      0.000      0.000      7.000      7.000      0.000
    17        -11  (e+)               -61     2     0    11    11     0     0      0.000     -0.000     -4.000      4.000      0.000
    18         15  (tau-)             -62    12    12    26    27     0     0      3.530      0.717     -1.685      4.356      1.777
    19        -15  (tau+)             -62    13    13    24    25     0     0     -3.526     -0.722      4.941      6.366      1.777
    20         22  gamma               62    14    14     0     0     0     0     -0.005      0.006      0.009      0.012      0.000
    21         22  gamma               62    15    15     0     0     0     0      0.001     -0.001     -0.266      0.266      0.000
    22         22  gamma               63     1     0     0     0     0     0      0.000      0.000      0.000      0.000      0.000
    23         22  gamma               63     2     0     0     0     0     0      0.000      0.000     -0.000      0.000      0.000
    24         36  (x)                -91    19     0    28    29     0     0     -0.465     -0.136      0.264      0.745      0.500
    25        -13  mu+                 91    19     0     0     0     0     0     -3.061     -0.586      4.677      5.622      0.106
    26         36  (x)                -91    18     0    30    31     0     0      3.518      0.579     -1.907      4.074      0.500
    27         13  mu-                 91    18     0     0     0     0     0      0.013      0.137      0.222      0.282      0.106
    28         13  mu-                 91    24     0     0     0     0     0      0.054     -0.060      0.145      0.196      0.106
    29        -13  mu+                 91    24     0     0     0     0     0     -0.519     -0.076      0.120      0.548      0.106
    30         13  mu-                 91    26     0     0     0     0     0      0.576      0.112     -0.153      0.615      0.106
    31        -13  mu+                 91    26     0     0     0     0     0      2.942      0.467     -1.754      3.458      0.106
                                   Charge sum:  0.000           Momentum sum:      0.000      0.000      3.000     11.000     10.583

 --------  End PYTHIA Event Listing  -----------------------------------------------------------------------------------------------

 Pythia::next(): 10000 events have been generated 

 Pythia::next(): 20000 events have been generated 

 Pythia::next(): 30000 events have been generated 

 Pythia::next(): 40000 events have been generated 

 Pythia::next(): 50000 events have been generated 

 Pythia::next(): 60000 events have been generated 

 Pythia::next(): 70000 events have been generated 

 Pythia::next(): 80000 events have been generated 

 Pythia::next(): 90000 events have been generated 

 *-------  PYTHIA Event and Cross Section Statistics  -------------------------------------------------------------*
 |                                                                                                                 |
 | Subprocess                                    Code |            Number of events       |      sigma +- delta    |
 |                                                    |       Tried   Selected   Accepted |     (estimated) (mb)   |
 |                                                    |                                   |                        |
 |-----------------------------------------------------------------------------------------------------------------|
 |                                                    |                                   |                        |
 | f fbar -> f' fbar' (s-channel gamma*)          223 |     2342372     100000     100000 |   5.993e-06  9.773e-09 |
 |                                                    |                                   |                        |
 | sum                                                |     2342372     100000     100000 |   5.993e-06  9.773e-09 |
 |                                                                                                                 |
 *-------  End PYTHIA Event and Cross Section Statistics ----------------------------------------------------------*

 *-------  PYTHIA Error and Warning Messages Statistics  ----------------------------------------------------------* 
 |                                                                                                                 | 
 |  times   message                                                                                                | 
 |                                                                                                                 | 
 |   1449   Warning in PhaseSpace2to2tauyz::trialKin: maximum for cross section violated                           | 
 |  14733   Warning in TauDecays::decay: unknown correlated tau production, assuming from unpolarized photon       | 
 |                                                                                                                 | 
 *-------  End PYTHIA Error and Warning Messages Statistics  ------------------------------------------------------* 
Gammatau2xmu: 4.205e-19

Gammatau2xe: 4.258e-19

BRtau2xmu: 1.856e-07

BRtau2xe: 1.879e-07

BRtau2xmu + BRtau2xe: 3.736e-07

produced tau excluding those daughters are also tau lepton: 2.947e+04
produced X: 2.947e+04
produced X/NMC: 2.947e-01

Proportion of X flying forward (eta>0): 6.235e-01
Proportion of X flying backward (eta<0): 3.765e-01

Total Gamma [GeV]: 3.064e-24
ctau [m]: 6.439e+07

Gammax2tautau: 0.000e+00

Gammax2mumu: 3.048e-24

Gammax2ee: 1.627e-26

Gammax2gmgm: 0.000e+00

BRx2tautau: 0.000e+00

BRx2mumu: 9.947e-01

BRx2ee: 5.308e-03

BRx2gmgm: 0.000e+00

X: insideFidVol: 0.000e+00
observedX: 9.870e-05
visibleX: 0.000e+00

X Observed Fiducial efficiency: 3.350e-09
X Visible Fiducial efficiency: 0.000e+00

reallyProduced tau: 9.200e+10
total number of tau-tau events: 4.600e+10

reallyProducedX: 1.210e+04
reallyobservedX: 4.053e-05
reallyvisibleX: 0.000e+00

