mX:  0.5
g_AB_Lamb:  4e-09
g_CC_Lamb:  8e-05
NMC 100000

 *-------  PYTHIA Process Initialization  --------------------------*
 |                                                                  |
 | We collide e- with e+ at a CM energy of 1.058e+01 GeV            |
 |                                                                  |
 |------------------------------------------------------------------|
 |                                                    |             |
 | Subprocess                                    Code |   Estimated |
 |                                                    |    max (mb) |
 |                                                    |             |
 |------------------------------------------------------------------|
 |                                                    |             |
 | f fbar -> f' fbar' (s-channel gamma*)          223 |   1.573e-04 |
 |                                                                  |
 *-------  End PYTHIA Process Initialization -----------------------*

 *-------  PYTHIA Flag + Mode + Parm + Word + FVec + MVec + PVec + WVec Settings (changes only)  ------------------* 
 |                                                                                                                 | 
 | Name                                          |                      Now |      Default         Min         Max | 
 |                                               |                          |                                      | 
 | Beams:eA                                      |                  7.00000 |     7000.000         0.0             | 
 | Beams:eB                                      |                  4.00000 |     7000.000         0.0             | 
 | Beams:frameType                               |                        2 |            1           1           5 | 
 | Beams:idA                                     |                       11 |         2212                         | 
 | Beams:idB                                     |                      -11 |         2212                         | 
 | HadronLevel:Hadronize                         |                      off |           on                         | 
 | Next:numberCount                              |                    10000 |         1000           0             | 
 | PartonLevel:MPI                               |                      off |           on                         | 
 | Random:seed                                   |                        0 |           -1               900000000 | 
 | Random:setSeed                                |                       on |          off                         | 
 | WeakSingleBoson:ffbar2ffbar(s:gm)             |                       on |          off                         | 
 |                                                                                                                 | 
 *-------  End PYTHIA Flag + Mode + Parm + Word + FVec + MVec + PVec + WVec Settings  -----------------------------* 

 --------  PYTHIA Particle Data Table (changed only)  ------------------------------------------------------------------------------
 
      id   name            antiName         spn chg col      m0        mWidth      mMin       mMax       tau0    res dec ext vis wid
             no onMode   bRatio   meMode     products 

      15  tau-             tau+               2  -3   0    1.77682    0.00000    0.00000    0.00000  8.71100e-02   0   1   0   1   0
              0     1   0.0000013  103       36       13 
              1     1   0.0000013  103       36       11 

      36  x                                   1   0   0    0.50000    0.00000    0.00000    0.00000  4.02466e-03   0   1   0   0   0
              0     1   0.0000000  103       15      -15 
              1     1   0.9946920  103       13      -13 
              2     1   0.0053080  103       11      -11 
              3     1   0.0000000  103       22       22 

 --------  End PYTHIA Particle Data Table  -----------------------------------------------------------------------------------------

 PYTHIA Warning in TauDecays::decay: unknown correlated tau production, assuming from unpolarized photon  

 --------  PYTHIA Info Listing  ---------------------------------------- 
 
 Beam A: id =     11, pz =  5.292e+00, e =  5.292e+00, m =  5.110e-04.
 Beam B: id =    -11, pz = -5.292e+00, e =  5.292e+00, m =  5.110e-04.

 In 1: id =   11, x =  1.000e+00, pdf =  9.267e+06 at Q2 =  6.505e+01.
 In 2: id =  -11, x =  5.808e-01, pdf =  3.951e-02 at same Q2.

 Subprocess f fbar -> f' fbar' (s-channel gamma*) with code 223 is 2 -> 2.
 It has sHat =  6.505e+01,    tHat = -3.426e+01,    uHat = -3.079e+01,
       pTHat =  3.615e+00,   m3Hat =  1.777e+00,   m4Hat =  1.777e+00,
    thetaHat =  1.624e+00,  phiHat =  5.181e+00.
     alphaEM =  7.609e-03,  alphaS =  2.113e-01    at Q2 =  6.505e+01.

 Impact parameter b =  0.000e+00 gives enhancement factor =  1.000e+00.
 Max pT scale for MPI =  1.058e+01, ISR =  1.058e+01, FSR =  1.058e+01.
 Number of MPI =     1, ISR =     2, FSRproc =     0, FSRreson =     0.

 --------  End PYTHIA Info Listing  ------------------------------------

 --------  PYTHIA Event Listing  (hard process)  -----------------------------------------------------------------------------------
 
    no         id  name            status     mothers   daughters     colours      p_x        p_y        p_z         e          m 
     0         90  (system)           -11     0     0     0     0     0     0      0.000      0.000      3.000     11.000     10.583
     1         11  (e-)               -12     0     0     3     0     0     0      0.000      0.000      7.000      7.000      0.001
     2        -11  (e+)               -12     0     0     4     0     0     0      0.000      0.000     -4.000      4.000      0.001
     3         11  (e-)               -21     1     0     5     6     0     0      0.000      0.000      7.000      7.000      0.000
     4        -11  (e+)               -21     2     0     5     6     0     0      0.000      0.000     -2.323      2.323      0.000
     5         15  tau-                23     3     4     0     0     0     0      1.632     -3.226      2.115      4.549      1.777
     6        -15  tau+                23     3     4     0     0     0     0     -1.632      3.226      2.562      4.774      1.777
                                   Charge sum:  0.000           Momentum sum:      0.000      0.000      4.677      9.323      8.065

 --------  End PYTHIA Event Listing  -----------------------------------------------------------------------------------------------

 --------  PYTHIA Event Listing  (complete event)  ---------------------------------------------------------------------------------
 
    no         id  name            status     mothers   daughters     colours      p_x        p_y        p_z         e          m 
     0         90  (system)           -11     0     0     0     0     0     0      0.000      0.000      3.000     11.000     10.583
     1         11  (e-)               -12     0     0    18     0     0     0      0.000      0.000      7.000      7.000      0.001
     2        -11  (e+)               -12     0     0    19     0     0     0      0.000      0.000     -4.000      4.000      0.001
     3         11  (e-)               -21     7     7     5     6     0     0      0.000      0.000      7.000      7.000      0.000
     4        -11  (e+)               -21     8     0     5     6     0     0      0.000      0.000     -2.323      2.323      0.000
     5         15  (tau-)             -23     3     4     9     9     0     0      1.632     -3.226      2.115      4.549      1.777
     6        -15  (tau+)             -23     3     4    10    10     0     0     -1.632      3.226      2.562      4.774      1.777
     7         11  (e-)               -42    12    12     3     3     0     0      0.000     -0.000      7.000      7.000      0.000
     8        -11  (e+)               -41    13     0    11     4     0     0     -0.000      0.000     -2.656      2.656      0.000
     9         15  (tau-)             -44     5     5    14    14     0     0      1.442     -3.108      1.725      4.227      1.777
    10        -15  (tau+)             -44     6     6    15    15     0     0     -1.805      3.333      2.718      4.991      1.777
    11         22  (gamma)            -43     8     0    16    16     0     0      0.362     -0.225     -0.098      0.438      0.000
    12         11  (e-)               -42    18    18     7     7     0     0     -0.000      0.000      7.000      7.000      0.000
    13        -11  (e+)               -41    19    19    17     8     0     0      0.000     -0.000     -4.000      4.000      0.000
    14         15  (tau-)             -44     9     9    20    20     0     0      1.442     -3.106      1.722      4.225      1.777
    15        -15  (tau+)             -44    10    10    21    21     0     0     -1.805      3.334      2.720      4.993      1.777
    16         22  (gamma)            -44    11    11    22    22     0     0      0.362     -0.225     -0.098      0.438      0.000
    17         22  (gamma)            -43    13     0    23    23     0     0      0.000     -0.004     -1.344      1.344      0.000
    18         11  (e-)               -61     1     0    12    12     0     0     -0.000      0.000      7.000      7.000      0.000
    19        -11  (e+)               -61     2     0    13    13     0     0      0.000     -0.000     -4.000      4.000      0.000
    20         15  (tau-)             -62    14    14    28    29     0     0      1.442     -3.106      1.722      4.225      1.777
    21        -15  (tau+)             -62    15    15    26    27     0     0     -1.805      3.334      2.720      4.993      1.777
    22         22  gamma               62    16    16     0     0     0     0      0.362     -0.225     -0.098      0.438      0.000
    23         22  gamma               62    17    17     0     0     0     0      0.000     -0.004     -1.344      1.344      0.000
    24         22  gamma               63     1     0     0     0     0     0      0.000      0.000      0.000      0.000      0.000
    25         22  gamma               63     2     0     0     0     0     0      0.000      0.000     -0.000      0.000      0.000
    26         36  (x)                -91    21     0    30    31     0     0     -0.627      1.363      0.217      1.596      0.500
    27        -11  e+                  91    21     0     0     0     0     0     -1.178      1.972      2.503      3.398      0.001
    28         36  (x)                -91    20     0    32    33     0     0      1.156     -1.283      1.541      2.367      0.500
    29         13  mu-                 91    20     0     0     0     0     0      0.287     -1.823      0.182      1.857      0.106
    30         13  mu-                 91    26     0     0     0     0     0     -0.130      0.240     -0.123      0.317      0.106
    31        -13  mu+                 91    26     0     0     0     0     0     -0.497      1.123      0.340      1.279      0.106
    32         13  mu-                 91    28     0     0     0     0     0      0.772     -1.098      1.038      1.700      0.106
    33        -13  mu+                 91    28     0     0     0     0     0      0.384     -0.184      0.503      0.667      0.106
                                   Charge sum:  0.000           Momentum sum:     -0.000      0.000      3.000     11.000     10.583

 --------  End PYTHIA Event Listing  -----------------------------------------------------------------------------------------------

 Pythia::next(): 10000 events have been generated 

 Pythia::next(): 20000 events have been generated 

 Pythia::next(): 30000 events have been generated 

 Pythia::next(): 40000 events have been generated 

 Pythia::next(): 50000 events have been generated 

 Pythia::next(): 60000 events have been generated 

 Pythia::next(): 70000 events have been generated 

 Pythia::next(): 80000 events have been generated 

 Pythia::next(): 90000 events have been generated 

 *-------  PYTHIA Event and Cross Section Statistics  -------------------------------------------------------------*
 |                                                                                                                 |
 | Subprocess                                    Code |            Number of events       |      sigma +- delta    |
 |                                                    |       Tried   Selected   Accepted |     (estimated) (mb)   |
 |                                                    |                                   |                        |
 |-----------------------------------------------------------------------------------------------------------------|
 |                                                    |                                   |                        |
 | f fbar -> f' fbar' (s-channel gamma*)          223 |     2615885     100000     100000 |   6.005e-06  9.092e-09 |
 |                                                    |                                   |                        |
 | sum                                                |     2615885     100000     100000 |   6.005e-06  9.092e-09 |
 |                                                                                                                 |
 *-------  End PYTHIA Event and Cross Section Statistics ----------------------------------------------------------*

 *-------  PYTHIA Error and Warning Messages Statistics  ----------------------------------------------------------* 
 |                                                                                                                 | 
 |  times   message                                                                                                | 
 |                                                                                                                 | 
 |  14684   Warning in TauDecays::decay: unknown correlated tau production, assuming from unpolarized photon       | 
 |                                                                                                                 | 
 *-------  End PYTHIA Error and Warning Messages Statistics  ------------------------------------------------------* 
Gammatau2xmu: 2.991e-18

Gammatau2xe: 3.028e-18

BRtau2xmu: 1.320e-06

BRtau2xe: 1.336e-06

BRtau2xmu + BRtau2xe: 2.656e-06

produced tau excluding those daughters are also tau lepton: 2.937e+04
produced X: 2.937e+04
produced X/NMC: 2.937e-01

Proportion of X flying forward (eta>0): 6.241e-01
Proportion of X flying backward (eta<0): 3.759e-01

Total Gamma [GeV]: 4.903e-11
ctau [m]: 4.025e-06

Gammax2tautau: 0.000e+00

Gammax2mumu: 4.877e-11

Gammax2ee: 2.602e-13

Gammax2gmgm: 0.000e+00

BRx2tautau: 0.000e+00

BRx2mumu: 9.947e-01

BRx2ee: 5.308e-03

BRx2gmgm: 0.000e+00

X: insideFidVol: 0.000e+00
observedX: 0.000e+00
visibleX: 0.000e+00

X Observed Fiducial efficiency: 0.000e+00
X Visible Fiducial efficiency: 0.000e+00

reallyProduced tau: 9.200e+10
total number of tau-tau events: 4.600e+10

reallyProducedX: 8.605e+04
reallyobservedX: 0.000e+00
reallyvisibleX: 0.000e+00

