mX:  0.5
g_AB_Lamb:  4e-09
g_CC_Lamb:  6e-05
NMC 100000

 *-------  PYTHIA Process Initialization  --------------------------*
 |                                                                  |
 | We collide e- with e+ at a CM energy of 1.058e+01 GeV            |
 |                                                                  |
 |------------------------------------------------------------------|
 |                                                    |             |
 | Subprocess                                    Code |   Estimated |
 |                                                    |    max (mb) |
 |                                                    |             |
 |------------------------------------------------------------------|
 |                                                    |             |
 | f fbar -> f' fbar' (s-channel gamma*)          223 |   1.450e-04 |
 |                                                                  |
 *-------  End PYTHIA Process Initialization -----------------------*

 *-------  PYTHIA Flag + Mode + Parm + Word + FVec + MVec + PVec + WVec Settings (changes only)  ------------------* 
 |                                                                                                                 | 
 | Name                                          |                      Now |      Default         Min         Max | 
 |                                               |                          |                                      | 
 | Beams:eA                                      |                  7.00000 |     7000.000         0.0             | 
 | Beams:eB                                      |                  4.00000 |     7000.000         0.0             | 
 | Beams:frameType                               |                        2 |            1           1           5 | 
 | Beams:idA                                     |                       11 |         2212                         | 
 | Beams:idB                                     |                      -11 |         2212                         | 
 | HadronLevel:Hadronize                         |                      off |           on                         | 
 | Next:numberCount                              |                    10000 |         1000           0             | 
 | PartonLevel:MPI                               |                      off |           on                         | 
 | Random:seed                                   |                        0 |           -1               900000000 | 
 | Random:setSeed                                |                       on |          off                         | 
 | WeakSingleBoson:ffbar2ffbar(s:gm)             |                       on |          off                         | 
 |                                                                                                                 | 
 *-------  End PYTHIA Flag + Mode + Parm + Word + FVec + MVec + PVec + WVec Settings  -----------------------------* 

 --------  PYTHIA Particle Data Table (changed only)  ------------------------------------------------------------------------------
 
      id   name            antiName         spn chg col      m0        mWidth      mMin       mMax       tau0    res dec ext vis wid
             no onMode   bRatio   meMode     products 

      15  tau-             tau+               2  -3   0    1.77682    0.00000    0.00000    0.00000  8.71100e-02   0   1   0   1   0
              0     1   0.0000013  103       36       13 
              1     1   0.0000013  103       36       11 

      36  x                                   1   0   0    0.50000    0.00000    0.00000    0.00000  7.15494e-03   0   1   0   0   0
              0     1   0.0000000  103       15      -15 
              1     1   0.9946920  103       13      -13 
              2     1   0.0053080  103       11      -11 
              3     1   0.0000000  103       22       22 

 --------  End PYTHIA Particle Data Table  -----------------------------------------------------------------------------------------


 --------  PYTHIA Info Listing  ---------------------------------------- 
 
 Beam A: id =     11, pz =  5.292e+00, e =  5.292e+00, m =  5.110e-04.
 Beam B: id =    -11, pz = -5.292e+00, e =  5.292e+00, m =  5.110e-04.

 In 1: id =   11, x =  1.000e+00, pdf =  2.097e+08 at Q2 =  1.119e+02.
 In 2: id =  -11, x =  9.995e-01, pdf =  6.187e+01 at same Q2.

 Subprocess f fbar -> f' fbar' (s-channel gamma*) with code 223 is 2 -> 2.
 It has sHat =  1.119e+02,    tHat = -1.102e+02,    uHat = -1.771e+00,
       pTHat =  1.318e+00,   m3Hat =  3.300e-01,   m4Hat =  3.300e-01,
    thetaHat =  2.889e+00,  phiHat =  2.105e-01.
     alphaEM =  7.631e-03,  alphaS =  1.975e-01    at Q2 =  1.119e+02.

 Impact parameter b =  0.000e+00 gives enhancement factor =  1.000e+00.
 Max pT scale for MPI =  1.058e+01, ISR =  1.058e+01, FSR =  1.058e+01.
 Number of MPI =     1, ISR =     1, FSRproc =     2, FSRreson =     0.

 --------  End PYTHIA Info Listing  ------------------------------------

 --------  PYTHIA Event Listing  (hard process)  -----------------------------------------------------------------------------------
 
    no         id  name            status     mothers   daughters     colours      p_x        p_y        p_z         e          m 
     0         90  (system)           -11     0     0     0     0     0     0      0.000      0.000      3.000     11.000     10.583
     1         11  (e-)               -12     0     0     3     0     0     0      0.000      0.000      7.000      7.000      0.001
     2        -11  (e+)               -12     0     0     4     0     0     0      0.000      0.000     -4.000      4.000      0.001
     3         11  (e-)               -21     1     0     5     6     0     0      0.000      0.000      7.000      7.000      0.000
     4        -11  (e+)               -21     2     0     5     6     0     0      0.000      0.000     -3.998      3.998      0.000
     5          2  u                   23     3     4     0     0   101     0      1.289      0.275     -3.814      4.048      0.330
     6         -2  ubar                23     3     4     0     0     0   101     -1.289     -0.275      6.816      6.950      0.330
                                   Charge sum:  0.000           Momentum sum:      0.000      0.000      3.002     10.998     10.580

 --------  End PYTHIA Event Listing  -----------------------------------------------------------------------------------------------

 --------  PYTHIA Event Listing  (complete event)  ---------------------------------------------------------------------------------
 
    no         id  name            status     mothers   daughters     colours      p_x        p_y        p_z         e          m 
     0         90  (system)           -11     0     0     0     0     0     0      0.000      0.000      3.000     11.000     10.583
     1         11  (e-)               -12     0     0    20     0     0     0      0.000      0.000      7.000      7.000      0.001
     2        -11  (e+)               -12     0     0    21     0     0     0      0.000      0.000     -4.000      4.000      0.001
     3         11  (e-)               -21    13    13     5     6     0     0      0.000      0.000      7.000      7.000      0.000
     4        -11  (e+)               -21    14     0     5     6     0     0      0.000      0.000     -3.998      3.998      0.000
     5          2  (u)                -23     3     4     7     8   101     0      1.289      0.275     -3.814      4.048      0.330
     6         -2  (ubar)             -23     3     4     9     9     0   101     -1.289     -0.275      6.816      6.950      0.330
     7          2  (u)                -51     5     0    15    15   102     0     -1.069     -0.480     -1.524      1.950      0.330
     8         21  (g)                -51     5     0    10    11   101   102      2.223      0.726     -1.579      2.821      0.000
     9         -2  (ubar)             -52     6     6    12    12     0   101     -1.154     -0.247      6.105      6.226      0.330
    10         21  (g)                -51     8     0    17    17   103   102      2.223      0.250     -1.254      2.565      0.000
    11         21  (g)                -51     8     0    18    18   101   103     -0.043      0.468     -0.104      0.481      0.000
    12         -2  (ubar)             -52     9     9    16    16     0   101     -1.112     -0.238      5.884      6.002      0.330
    13         11  (e-)               -42    20    20     3     3     0     0      0.000      0.000      7.000      7.000      0.000
    14        -11  (e+)               -41    21    21    19     4     0     0     -0.000     -0.000     -4.000      4.000      0.000
    15          2  (u)                -44     7     7    22    22   102     0     -1.068     -0.479     -1.524      1.950      0.330
    16         -2  (ubar)             -44    12    12    23    23     0   101     -1.112     -0.238      5.884      6.002      0.330
    17         21  (g)                -44    10    10    24    24   103   102      2.224      0.250     -1.254      2.565      0.000
    18         21  (g)                -44    11    11    25    25   101   103     -0.043      0.468     -0.104      0.481      0.000
    19         22  (gamma)            -43    14     0    26    26     0     0     -0.001     -0.001     -0.002      0.002      0.000
    20         11  (e-)               -61     1     0    13    13     0     0      0.000     -0.000      7.000      7.000      0.000
    21        -11  (e+)               -61     2     0    14    14     0     0     -0.000      0.000     -4.000      4.000      0.000
    22          2  u                   62    15    15     0     0   102     0     -1.068     -0.479     -1.524      1.950      0.330
    23         -2  ubar                62    16    16     0     0     0   101     -1.112     -0.238      5.884      6.002      0.330
    24         21  g                   62    17    17     0     0   103   102      2.224      0.250     -1.254      2.565      0.000
    25         21  g                   62    18    18     0     0   101   103     -0.043      0.468     -0.104      0.481      0.000
    26         22  gamma               62    19    19     0     0     0     0     -0.001     -0.001     -0.002      0.002      0.000
    27         22  gamma               63     1     0     0     0     0     0      0.000      0.000      0.000      0.000      0.000
    28         22  gamma               63     2     0     0     0     0     0      0.000      0.000     -0.000      0.000      0.000
                                   Charge sum:  0.000           Momentum sum:     -0.000      0.000      3.000     11.000     10.583

 --------  End PYTHIA Event Listing  -----------------------------------------------------------------------------------------------
 PYTHIA Warning in TauDecays::decay: unknown correlated tau production, assuming from unpolarized photon  
 PYTHIA Warning in PhaseSpace2to2tauyz::trialKin: maximum for cross section violated  

 Pythia::next(): 10000 events have been generated 
 PYTHIA Warning in PhaseSpace2to2tauyz::finalKin: failed after mass assignment  

 Pythia::next(): 20000 events have been generated 

 Pythia::next(): 30000 events have been generated 

 Pythia::next(): 40000 events have been generated 

 Pythia::next(): 50000 events have been generated 

 Pythia::next(): 60000 events have been generated 

 Pythia::next(): 70000 events have been generated 

 Pythia::next(): 80000 events have been generated 

 Pythia::next(): 90000 events have been generated 

 *-------  PYTHIA Event and Cross Section Statistics  -------------------------------------------------------------*
 |                                                                                                                 |
 | Subprocess                                    Code |            Number of events       |      sigma +- delta    |
 |                                                    |       Tried   Selected   Accepted |     (estimated) (mb)   |
 |                                                    |                                   |                        |
 |-----------------------------------------------------------------------------------------------------------------|
 |                                                    |                                   |                        |
 | f fbar -> f' fbar' (s-channel gamma*)          223 |     2409440     100001     100000 |   6.018e-06  9.672e-09 |
 |                                                    |                                   |                        |
 | sum                                                |     2409440     100001     100000 |   6.018e-06  9.672e-09 |
 |                                                                                                                 |
 *-------  End PYTHIA Event and Cross Section Statistics ----------------------------------------------------------*

 *-------  PYTHIA Error and Warning Messages Statistics  ----------------------------------------------------------* 
 |                                                                                                                 | 
 |  times   message                                                                                                | 
 |                                                                                                                 | 
 |      1   Warning in PhaseSpace2to2tauyz::finalKin: failed after mass assignment                                 | 
 |    722   Warning in PhaseSpace2to2tauyz::trialKin: maximum for cross section violated                           | 
 |  14718   Warning in TauDecays::decay: unknown correlated tau production, assuming from unpolarized photon       | 
 |                                                                                                                 | 
 *-------  End PYTHIA Error and Warning Messages Statistics  ------------------------------------------------------* 
Gammatau2xmu: 2.991e-18

Gammatau2xe: 3.028e-18

BRtau2xmu: 1.320e-06

BRtau2xe: 1.336e-06

BRtau2xmu + BRtau2xe: 2.656e-06

produced tau excluding those daughters are also tau lepton: 2.944e+04
produced X: 2.944e+04
produced X/NMC: 2.944e-01

Proportion of X flying forward (eta>0): 6.238e-01
Proportion of X flying backward (eta<0): 3.762e-01

Total Gamma [GeV]: 2.758e-11
ctau [m]: 7.155e-06

Gammax2tautau: 0.000e+00

Gammax2mumu: 2.743e-11

Gammax2ee: 1.464e-13

Gammax2gmgm: 0.000e+00

BRx2tautau: 0.000e+00

BRx2mumu: 9.947e-01

BRx2ee: 5.308e-03

BRx2gmgm: 0.000e+00

X: insideFidVol: 0.000e+00
observedX: 0.000e+00
visibleX: 0.000e+00

X Observed Fiducial efficiency: 0.000e+00
X Visible Fiducial efficiency: 0.000e+00

reallyProduced tau: 9.200e+10
total number of tau-tau events: 4.600e+10

reallyProducedX: 8.605e+04
reallyobservedX: 0.000e+00
reallyvisibleX: 0.000e+00

