mX:  0.005
g_TM_Lamb:  2e-08
g_EE_Lamb:  6e-08
NMC 10000

 *-------  PYTHIA Process Initialization  --------------------------*
 |                                                                  |
 | We collide e- with e+ at a CM energy of 1.058e+01 GeV            |
 |                                                                  |
 |------------------------------------------------------------------|
 |                                                    |             |
 | Subprocess                                    Code |   Estimated |
 |                                                    |    max (mb) |
 |                                                    |             |
 |------------------------------------------------------------------|
 |                                                    |             |
 | f fbar -> f' fbar' (s-channel gamma*)          223 |   1.401e-04 |
 |                                                                  |
 *-------  End PYTHIA Process Initialization -----------------------*

 *-------  PYTHIA Flag + Mode + Parm + Word + FVec + MVec + PVec + WVec Settings (changes only)  ------------------* 
 |                                                                                                                 | 
 | Name                                          |                      Now |      Default         Min         Max | 
 |                                               |                          |                                      | 
 | Beams:eA                                      |                  7.00000 |     7000.000         0.0             | 
 | Beams:eB                                      |                  4.00000 |     7000.000         0.0             | 
 | Beams:frameType                               |                        2 |            1           1           5 | 
 | Beams:idA                                     |                       11 |         2212                         | 
 | Beams:idB                                     |                      -11 |         2212                         | 
 | HadronLevel:Hadronize                         |                      off |           on                         | 
 | Next:numberCount                              |                    10000 |         1000           0             | 
 | PartonLevel:MPI                               |                      off |           on                         | 
 | Random:seed                                   |                        0 |           -1               900000000 | 
 | Random:setSeed                                |                       on |          off                         | 
 | WeakSingleBoson:ffbar2ffbar(s:gm)             |                       on |          off                         | 
 |                                                                                                                 | 
 *-------  End PYTHIA Flag + Mode + Parm + Word + FVec + MVec + PVec + WVec Settings  -----------------------------* 

 --------  PYTHIA Particle Data Table (changed only)  ------------------------------------------------------------------------------
 
      id   name            antiName         spn chg col      m0        mWidth      mMin       mMax       tau0    res dec ext vis wid
             no onMode   bRatio   meMode     products 

      15  tau-             tau+               2  -3   0    1.77682    0.00000    0.00000    0.00000  8.71100e-02   0   1   0   1   0
              0     1   0.0000390  103       36       13 
              1     1   0.0000000  103       36       11 

      36  x                                   1   0   0  5.000e-03  0.000e+00  0.000e+00  0.000e+00  1.37702e+10   0   1   0   0   0
              0     1   0.0000000  103       15      -15 
              1     1   0.0000000  103       13      -13 
              2     1   1.0000000  103       11      -11 
              3     1   0.0000000  103       22       22 

 --------  End PYTHIA Particle Data Table  -----------------------------------------------------------------------------------------


 --------  PYTHIA Info Listing  ---------------------------------------- 
 
 Beam A: id =     11, pz =  5.292e+00, e =  5.292e+00, m =  5.110e-04.
 Beam B: id =    -11, pz = -5.292e+00, e =  5.292e+00, m =  5.110e-04.

 In 1: id =   11, x =  1.000e+00, pdf =  1.458e+06 at Q2 =  1.120e+02.
 In 2: id =  -11, x =  9.999e-01, pdf =  2.779e+02 at same Q2.

 Subprocess f fbar -> f' fbar' (s-channel gamma*) with code 223 is 2 -> 2.
 It has sHat =  1.120e+02,    tHat = -2.816e+00,    uHat = -1.092e+02,
       pTHat =  1.654e+00,   m3Hat =  3.300e-01,   m4Hat =  3.300e-01,
    thetaHat =  3.185e-01,  phiHat =  7.438e-01.
     alphaEM =  7.631e-03,  alphaS =  1.975e-01    at Q2 =  1.120e+02.

 Impact parameter b =  0.000e+00 gives enhancement factor =  1.000e+00.
 Max pT scale for MPI =  1.058e+01, ISR =  1.058e+01, FSR =  1.058e+01.
 Number of MPI =     1, ISR =     1, FSRproc =     3, FSRreson =     0.

 --------  End PYTHIA Info Listing  ------------------------------------

 --------  PYTHIA Event Listing  (hard process)  -----------------------------------------------------------------------------------
 
    no         id  name            status     mothers   daughters     colours      p_x        p_y        p_z         e          m 
     0         90  (system)           -11     0     0     0     0     0     0      0.000      0.000      3.000     11.000     10.583
     1         11  (e-)               -12     0     0     3     0     0     0      0.000      0.000      7.000      7.000      0.001
     2        -11  (e+)               -12     0     0     4     0     0     0      0.000      0.000     -4.000      4.000      0.001
     3         11  (e-)               -21     1     0     5     6     0     0      0.000      0.000      7.000      7.000      0.000
     4        -11  (e+)               -21     2     0     5     6     0     0      0.000      0.000     -4.000      4.000      0.000
     5          2  u                   23     3     4     0     0   101     0      1.217      1.120      6.713      6.922      0.330
     6         -2  ubar                23     3     4     0     0     0   101     -1.217     -1.120     -3.713      4.078      0.330
                                   Charge sum:  0.000           Momentum sum:      0.000      0.000      3.000     11.000     10.582

 --------  End PYTHIA Event Listing  -----------------------------------------------------------------------------------------------

 --------  PYTHIA Event Listing  (complete event)  ---------------------------------------------------------------------------------
 
    no         id  name            status     mothers   daughters     colours      p_x        p_y        p_z         e          m 
     0         90  (system)           -11     0     0     0     0     0     0      0.000      0.000      3.000     11.000     10.583
     1         11  (e-)               -12     0     0    24     0     0     0      0.000      0.000      7.000      7.000      0.001
     2        -11  (e+)               -12     0     0    25     0     0     0      0.000      0.000     -4.000      4.000      0.001
     3         11  (e-)               -21    16    16     5     6     0     0      0.000      0.000      7.000      7.000      0.000
     4        -11  (e+)               -21    17     0     5     6     0     0      0.000      0.000     -4.000      4.000      0.000
     5          2  (u)                -23     3     4     7     8   101     0      1.217      1.120      6.713      6.922      0.330
     6         -2  (ubar)             -23     3     4     9     9     0   101     -1.217     -1.120     -3.713      4.078      0.330
     7          2  (u)                -51     5     0    10    11   102     0      4.178      0.558      3.499      5.488      0.330
     8         21  (g)                -51     5     0    12    12   101   102     -3.679     -0.099      1.018      3.818      0.000
     9         -2  (ubar)             -52     6     6    19    19     0   101     -0.499     -0.459     -1.517      1.694      0.330
    10          2  (u)                -51     7     0    15    15   104     0      4.174      0.625      2.973      5.173      0.330
    11         21  (g)                -51     7     0    13    14   102   104     -0.494     -0.081      0.663      0.831      0.000
    12         21  (g)                -52     8     8    20    20   101   102     -3.181     -0.085      0.881      3.302      0.000
    13         21  (g)                -51    11     0    21    21   102   107     -0.071     -0.612      0.501      0.794      0.000
    14         21  (g)                -51    11     0    22    22   107   104      0.475      0.666      0.796      1.141      0.000
    15          2  (u)                -52    10    10    18    18   104     0      3.276      0.491      2.340      4.069      0.330
    16         11  (e-)               -42    24    24     3     3     0     0     -0.000     -0.000      7.000      7.000      0.000
    17        -11  (e+)               -41    25    25    23     4     0     0      0.000      0.000     -4.000      4.000      0.000
    18          2  (u)                -44    15    15    26    26   104     0      3.276      0.491      2.339      4.069      0.330
    19         -2  (ubar)             -44     9     9    27    27     0   101     -0.499     -0.459     -1.517      1.694      0.330
    20         21  (g)                -44    12    12    28    28   101   102     -3.181     -0.086      0.880      3.302      0.000
    21         21  (g)                -44    13    13    29    29   102   107     -0.071     -0.612      0.501      0.794      0.000
    22         21  (g)                -44    14    14    30    30   107   104      0.475      0.666      0.796      1.141      0.000
    23         22  (gamma)            -43    17     0    31    31     0     0      0.000      0.001      0.000      0.001      0.000
    24         11  (e-)               -61     1     0    16    16     0     0      0.000      0.000      7.000      7.000      0.000
    25        -11  (e+)               -61     2     0    17    17     0     0      0.000      0.000     -4.000      4.000      0.000
    26          2  u                   62    18    18     0     0   104     0      3.276      0.491      2.339      4.069      0.330
    27         -2  ubar                62    19    19     0     0     0   101     -0.499     -0.459     -1.517      1.694      0.330
    28         21  g                   62    20    20     0     0   101   102     -3.181     -0.086      0.880      3.302      0.000
    29         21  g                   62    21    21     0     0   102   107     -0.071     -0.612      0.501      0.794      0.000
    30         21  g                   62    22    22     0     0   107   104      0.475      0.666      0.796      1.141      0.000
    31         22  gamma               62    23    23     0     0     0     0      0.000      0.001      0.000      0.001      0.000
    32         22  gamma               63     1     0     0     0     0     0      0.000      0.000      0.000      0.000      0.000
    33         22  gamma               63     2     0     0     0     0     0      0.000      0.000     -0.000      0.000      0.000
                                   Charge sum:  0.000           Momentum sum:      0.000      0.000      3.000     11.000     10.583

 --------  End PYTHIA Event Listing  -----------------------------------------------------------------------------------------------
 PYTHIA Warning in TauDecays::decay: unknown correlated tau production, assuming from unpolarized photon  
 PYTHIA Warning in PhaseSpace2to2tauyz::trialKin: maximum for cross section violated  

 *-------  PYTHIA Event and Cross Section Statistics  -------------------------------------------------------------*
 |                                                                                                                 |
 | Subprocess                                    Code |            Number of events       |      sigma +- delta    |
 |                                                    |       Tried   Selected   Accepted |     (estimated) (mb)   |
 |                                                    |                                   |                        |
 |-----------------------------------------------------------------------------------------------------------------|
 |                                                    |                                   |                        |
 | f fbar -> f' fbar' (s-channel gamma*)          223 |      231180      10000      10000 |   6.030e-06  3.061e-08 |
 |                                                    |                                   |                        |
 | sum                                                |      231180      10000      10000 |   6.030e-06  3.061e-08 |
 |                                                                                                                 |
 *-------  End PYTHIA Event and Cross Section Statistics ----------------------------------------------------------*

 *-------  PYTHIA Error and Warning Messages Statistics  ----------------------------------------------------------* 
 |                                                                                                                 | 
 |  times   message                                                                                                | 
 |                                                                                                                 | 
 |     72   Warning in PhaseSpace2to2tauyz::trialKin: maximum for cross section violated                           | 
 |   1454   Warning in TauDecays::decay: unknown correlated tau production, assuming from unpolarized photon       | 
 |                                                                                                                 | 
 *-------  End PYTHIA Error and Warning Messages Statistics  ------------------------------------------------------* 
Gammatau2xmu: 8.834e-17

Gammatau2xe: 0.000e+00

BRtau2xmu: 3.899e-05

BRtau2xe: 0.000e+00

BRtau2xmu + BRtau2xe: 3.899e-05

produced tau excluding those daughters are also tau lepton: 2.908e+03
produced X: 2.908e+03
produced X/NMC: 2.908e-01

Proportion of X flying forward (eta>0): 6.259e-01
Proportion of X flying backward (eta<0): 3.741e-01

Total Gamma [GeV]: 1.433e-23
ctau [m]: 1.377e+07

Gammax2tautau: 0.000e+00

Gammax2mumu: 0.000e+00

Gammax2ee: 1.433e-23

Gammax2gmgm: 0.000e+00

BRx2tautau: 0.000e+00

BRx2mumu: 0.000e+00

BRx2ee: 1.000e+00

BRx2gmgm: 0.000e+00

X: insideFidVol: 0.000e+00
observedX: 5.339e-07
visibleX: 5.339e-08

X Observed Fiducial efficiency: 1.836e-10
X Visible Fiducial efficiency: 1.836e-11

reallyProduced tau: 9.200e+10
total number of tau-tau events: 4.600e+10

reallyProducedX: 1.263e+06
reallyobservedX: 2.319e-04
reallyvisibleX: 2.319e-05

