mX:  0.005
g_TM_Lamb:  2e-09
g_EE_Lamb:  0.03
NMC 10000

 *-------  PYTHIA Process Initialization  --------------------------*
 |                                                                  |
 | We collide e- with e+ at a CM energy of 1.058e+01 GeV            |
 |                                                                  |
 |------------------------------------------------------------------|
 |                                                    |             |
 | Subprocess                                    Code |   Estimated |
 |                                                    |    max (mb) |
 |                                                    |             |
 |------------------------------------------------------------------|
 |                                                    |             |
 | f fbar -> f' fbar' (s-channel gamma*)          223 |   1.637e-04 |
 |                                                                  |
 *-------  End PYTHIA Process Initialization -----------------------*

 *-------  PYTHIA Flag + Mode + Parm + Word + FVec + MVec + PVec + WVec Settings (changes only)  ------------------* 
 |                                                                                                                 | 
 | Name                                          |                      Now |      Default         Min         Max | 
 |                                               |                          |                                      | 
 | Beams:eA                                      |                  7.00000 |     7000.000         0.0             | 
 | Beams:eB                                      |                  4.00000 |     7000.000         0.0             | 
 | Beams:frameType                               |                        2 |            1           1           5 | 
 | Beams:idA                                     |                       11 |         2212                         | 
 | Beams:idB                                     |                      -11 |         2212                         | 
 | HadronLevel:Hadronize                         |                      off |           on                         | 
 | Next:numberCount                              |                    10000 |         1000           0             | 
 | PartonLevel:MPI                               |                      off |           on                         | 
 | Random:seed                                   |                        0 |           -1               900000000 | 
 | Random:setSeed                                |                       on |          off                         | 
 | WeakSingleBoson:ffbar2ffbar(s:gm)             |                       on |          off                         | 
 |                                                                                                                 | 
 *-------  End PYTHIA Flag + Mode + Parm + Word + FVec + MVec + PVec + WVec Settings  -----------------------------* 

 --------  PYTHIA Particle Data Table (changed only)  ------------------------------------------------------------------------------
 
      id   name            antiName         spn chg col      m0        mWidth      mMin       mMax       tau0    res dec ext vis wid
             no onMode   bRatio   meMode     products 

      15  tau-             tau+               2  -3   0    1.77682    0.00000    0.00000    0.00000  8.71100e-02   0   1   0   1   0
              0     1   0.0000004  103       36       13 
              1     1   0.0000000  103       36       11 

      36  x                                   1   0   0  5.000e-03  0.000e+00  0.000e+00  0.000e+00  5.50809e-02   0   1   0   0   0
              0     1   0.0000000  103       15      -15 
              1     1   0.0000000  103       13      -13 
              2     1   1.0000000  103       11      -11 
              3     1   0.0000000  103       22       22 

 --------  End PYTHIA Particle Data Table  -----------------------------------------------------------------------------------------

 PYTHIA Warning in TauDecays::decay: unknown correlated tau production, assuming from unpolarized photon  

 --------  PYTHIA Info Listing  ---------------------------------------- 
 
 Beam A: id =     11, pz =  5.292e+00, e =  5.292e+00, m =  5.110e-04.
 Beam B: id =    -11, pz = -5.292e+00, e =  5.292e+00, m =  5.110e-04.

 In 1: id =   11, x =  9.996e-01, pdf =  7.613e+01 at Q2 =  1.119e+02.
 In 2: id =  -11, x =  1.000e+00, pdf =  9.705e+02 at same Q2.

 Subprocess f fbar -> f' fbar' (s-channel gamma*) with code 223 is 2 -> 2.
 It has sHat =  1.119e+02,    tHat = -2.381e+01,    uHat = -8.814e+01,
       pTHat =  4.078e+00,   m3Hat =  1.777e+00,   m4Hat =  1.777e+00,
    thetaHat =  9.586e-01,  phiHat =  5.448e+00.
     alphaEM =  7.631e-03,  alphaS =  1.975e-01    at Q2 =  1.119e+02.

 Impact parameter b =  0.000e+00 gives enhancement factor =  1.000e+00.
 Max pT scale for MPI =  1.058e+01, ISR =  1.058e+01, FSR =  1.058e+01.
 Number of MPI =     1, ISR =     1, FSRproc =     1, FSRreson =     0.

 --------  End PYTHIA Info Listing  ------------------------------------

 --------  PYTHIA Event Listing  (hard process)  -----------------------------------------------------------------------------------
 
    no         id  name            status     mothers   daughters     colours      p_x        p_y        p_z         e          m 
     0         90  (system)           -11     0     0     0     0     0     0      0.000      0.000      3.000     11.000     10.583
     1         11  (e-)               -12     0     0     3     0     0     0      0.000      0.000      7.000      7.000      0.001
     2        -11  (e+)               -12     0     0     4     0     0     0      0.000      0.000     -4.000      4.000      0.001
     3         11  (e-)               -21     1     0     5     6     0     0      0.000      0.000      6.997      6.997      0.000
     4        -11  (e+)               -21     2     0     5     6     0     0      0.000      0.000     -4.000      4.000      0.000
     5         15  tau-                23     3     4     0     0     0     0      2.737     -3.023      4.475      6.310      1.777
     6        -15  tau+                23     3     4     0     0     0     0     -2.737      3.023     -1.478      4.687      1.777
                                   Charge sum:  0.000           Momentum sum:      0.000      0.000      2.997     10.997     10.581

 --------  End PYTHIA Event Listing  -----------------------------------------------------------------------------------------------

 --------  PYTHIA Event Listing  (complete event)  ---------------------------------------------------------------------------------
 
    no         id  name            status     mothers   daughters     colours      p_x        p_y        p_z         e          m 
     0         90  (system)           -11     0     0     0     0     0     0      0.000      0.000      3.000     11.000     10.583
     1         11  (e-)               -12     0     0    16     0     0     0      0.000      0.000      7.000      7.000      0.001
     2        -11  (e+)               -12     0     0    17     0     0     0      0.000      0.000     -4.000      4.000      0.001
     3         11  (e-)               -21    10     0     5     6     0     0      0.000      0.000      6.997      6.997      0.000
     4        -11  (e+)               -21    11    11     5     6     0     0      0.000      0.000     -4.000      4.000      0.000
     5         15  (tau-)             -23     3     4     7     8     0     0      2.737     -3.023      4.475      6.310      1.777
     6        -15  (tau+)             -23     3     4     9     9     0     0     -2.737      3.023     -1.478      4.687      1.777
     7         15  (tau-)             -51     5     0    12    12     0     0      2.827     -2.968      4.337      6.226      1.777
     8         22  (gamma)            -51     5     0    14    14     0     0     -0.161      0.024      0.095      0.189      0.000
     9        -15  (tau+)             -52     6     6    13    13     0     0     -2.666      2.944     -1.435      4.582      1.777
    10         11  (e-)               -41    16    16    15     3     0     0      0.000      0.000      7.000      7.000      0.000
    11        -11  (e+)               -42    17    17     4     4     0     0      0.000      0.000     -4.000      4.000      0.000
    12         15  (tau-)             -44     7     7    18    18     0     0      2.826     -2.967      4.338      6.226      1.777
    13        -15  (tau+)             -44     9     9    19    19     0     0     -2.666      2.945     -1.435      4.582      1.777
    14         22  (gamma)            -44     8     8    20    20     0     0     -0.161      0.024      0.095      0.189      0.000
    15         22  (gamma)            -43    10     0    21    21     0     0      0.001     -0.002      0.002      0.003      0.000
    16         11  (e-)               -61     1     0    10    10     0     0     -0.000     -0.000      7.000      7.000      0.000
    17        -11  (e+)               -61     2     0    11    11     0     0     -0.000     -0.000     -4.000      4.000      0.000
    18         15  (tau-)             -62    12    12    26    27     0     0      2.826     -2.967      4.338      6.226      1.777
    19        -15  (tau+)             -62    13    13    24    25     0     0     -2.666      2.945     -1.435      4.582      1.777
    20         22  gamma               62    14    14     0     0     0     0     -0.161      0.024      0.095      0.189      0.000
    21         22  gamma               62    15    15     0     0     0     0      0.001     -0.002      0.002      0.003      0.000
    22         22  gamma               63     1     0     0     0     0     0      0.000      0.000      0.000      0.000      0.000
    23         22  gamma               63     2     0     0     0     0     0      0.000      0.000     -0.000      0.000      0.000
    24         36  (x)                -91    19     0    28    29     0     0     -0.298      1.006      0.261      1.082      0.005
    25        -13  mu+                 91    19     0     0     0     0     0     -2.368      1.938     -1.696      3.501      0.106
    26         36  (x)                -91    18     0    30    31     0     0      0.576      0.169      0.489      0.774      0.005
    27         13  mu-                 91    18     0     0     0     0     0      2.251     -3.136      3.849      5.452      0.106
    28         11  e-                  91    24     0     0     0     0     0     -0.167      0.558      0.147      0.601      0.001
    29        -11  e+                  91    24     0     0     0     0     0     -0.131      0.448      0.114      0.480      0.001
    30         11  e-                  91    26     0     0     0     0     0      0.136      0.041      0.118      0.184      0.001
    31        -11  e+                  91    26     0     0     0     0     0      0.440      0.128      0.371      0.590      0.001
                                   Charge sum:  0.000           Momentum sum:     -0.000      0.000      3.000     11.000     10.583

 --------  End PYTHIA Event Listing  -----------------------------------------------------------------------------------------------
 PYTHIA Warning in PhaseSpace2to2tauyz::trialKin: maximum for cross section violated  

 *-------  PYTHIA Event and Cross Section Statistics  -------------------------------------------------------------*
 |                                                                                                                 |
 | Subprocess                                    Code |            Number of events       |      sigma +- delta    |
 |                                                    |       Tried   Selected   Accepted |     (estimated) (mb)   |
 |                                                    |                                   |                        |
 |-----------------------------------------------------------------------------------------------------------------|
 |                                                    |                                   |                        |
 | f fbar -> f' fbar' (s-channel gamma*)          223 |      274221      10000      10000 |   6.013e-06  2.917e-08 |
 |                                                    |                                   |                        |
 | sum                                                |      274221      10000      10000 |   6.013e-06  2.917e-08 |
 |                                                                                                                 |
 *-------  End PYTHIA Event and Cross Section Statistics ----------------------------------------------------------*

 *-------  PYTHIA Error and Warning Messages Statistics  ----------------------------------------------------------* 
 |                                                                                                                 | 
 |  times   message                                                                                                | 
 |                                                                                                                 | 
 |      9   Warning in PhaseSpace2to2tauyz::trialKin: maximum for cross section violated                           | 
 |   1466   Warning in TauDecays::decay: unknown correlated tau production, assuming from unpolarized photon       | 
 |                                                                                                                 | 
 *-------  End PYTHIA Error and Warning Messages Statistics  ------------------------------------------------------* 
Gammatau2xmu: 8.834e-19

Gammatau2xe: 0.000e+00

BRtau2xmu: 3.899e-07

BRtau2xe: 0.000e+00

BRtau2xmu + BRtau2xe: 3.899e-07

produced tau excluding those daughters are also tau lepton: 2.932e+03
produced X: 2.932e+03
produced X/NMC: 2.932e-01

Proportion of X flying forward (eta>0): 6.259e-01
Proportion of X flying backward (eta<0): 3.741e-01

Total Gamma [GeV]: 3.582e-12
ctau [m]: 5.508e-05

Gammax2tautau: 0.000e+00

Gammax2mumu: 0.000e+00

Gammax2ee: 3.582e-12

Gammax2gmgm: 0.000e+00

BRx2tautau: 0.000e+00

BRx2mumu: 0.000e+00

BRx2ee: 1.000e+00

BRx2gmgm: 0.000e+00

X: insideFidVol: 9.700e+01
observedX: 7.959e+01
visibleX: 7.959e+00

X Observed Fiducial efficiency: 2.715e-02
X Visible Fiducial efficiency: 2.715e-03

reallyProduced tau: 9.200e+10
total number of tau-tau events: 4.600e+10

reallyProducedX: 1.263e+04
reallyobservedX: 3.429e+02
reallyvisibleX: 3.429e+01

