mX:  0.005
g_TM_Lamb:  2e-10
g_EE_Lamb:  0.003
NMC 10000

 *-------  PYTHIA Process Initialization  --------------------------*
 |                                                                  |
 | We collide e- with e+ at a CM energy of 1.058e+01 GeV            |
 |                                                                  |
 |------------------------------------------------------------------|
 |                                                    |             |
 | Subprocess                                    Code |   Estimated |
 |                                                    |    max (mb) |
 |                                                    |             |
 |------------------------------------------------------------------|
 |                                                    |             |
 | f fbar -> f' fbar' (s-channel gamma*)          223 |   1.553e-04 |
 |                                                                  |
 *-------  End PYTHIA Process Initialization -----------------------*

 *-------  PYTHIA Flag + Mode + Parm + Word + FVec + MVec + PVec + WVec Settings (changes only)  ------------------* 
 |                                                                                                                 | 
 | Name                                          |                      Now |      Default         Min         Max | 
 |                                               |                          |                                      | 
 | Beams:eA                                      |                  7.00000 |     7000.000         0.0             | 
 | Beams:eB                                      |                  4.00000 |     7000.000         0.0             | 
 | Beams:frameType                               |                        2 |            1           1           5 | 
 | Beams:idA                                     |                       11 |         2212                         | 
 | Beams:idB                                     |                      -11 |         2212                         | 
 | HadronLevel:Hadronize                         |                      off |           on                         | 
 | Next:numberCount                              |                    10000 |         1000           0             | 
 | PartonLevel:MPI                               |                      off |           on                         | 
 | Random:seed                                   |                        0 |           -1               900000000 | 
 | Random:setSeed                                |                       on |          off                         | 
 | WeakSingleBoson:ffbar2ffbar(s:gm)             |                       on |          off                         | 
 |                                                                                                                 | 
 *-------  End PYTHIA Flag + Mode + Parm + Word + FVec + MVec + PVec + WVec Settings  -----------------------------* 

 --------  PYTHIA Particle Data Table (changed only)  ------------------------------------------------------------------------------
 
      id   name            antiName         spn chg col      m0        mWidth      mMin       mMax       tau0    res dec ext vis wid
             no onMode   bRatio   meMode     products 

      15  tau-             tau+               2  -3   0    1.77682    0.00000    0.00000    0.00000  8.71100e-02   0   1   0   1   0
              0     1   0.0000000  103       36       13 
              1     1   0.0000000  103       36       11 

      36  x                                   1   0   0  5.000e-03  0.000e+00  0.000e+00  0.000e+00  5.50809e+00   0   1   0   0   0
              0     1   0.0000000  103       15      -15 
              1     1   0.0000000  103       13      -13 
              2     1   1.0000000  103       11      -11 
              3     1   0.0000000  103       22       22 

 --------  End PYTHIA Particle Data Table  -----------------------------------------------------------------------------------------


 --------  PYTHIA Info Listing  ---------------------------------------- 
 
 Beam A: id =     11, pz =  5.292e+00, e =  5.292e+00, m =  5.110e-04.
 Beam B: id =    -11, pz = -5.292e+00, e =  5.292e+00, m =  5.110e-04.

 In 1: id =   11, x =  9.963e-01, pdf =  9.436e+00 at Q2 =  1.073e+02.
 In 2: id =  -11, x =  9.615e-01, pdf =  9.423e-01 at same Q2.

 Subprocess f fbar -> f' fbar' (s-channel gamma*) with code 223 is 2 -> 2.
 It has sHat =  1.073e+02,    tHat = -7.795e+01,    uHat = -2.933e+01,
       pTHat =  4.615e+00,   m3Hat =  1.057e-01,   m4Hat =  1.057e-01,
    thetaHat =  2.041e+00,  phiHat =  1.771e-01.
     alphaEM =  7.629e-03,  alphaS =  1.985e-01    at Q2 =  1.073e+02.

 Impact parameter b =  0.000e+00 gives enhancement factor =  1.000e+00.
 Max pT scale for MPI =  1.058e+01, ISR =  1.058e+01, FSR =  1.058e+01.
 Number of MPI =     1, ISR =     2, FSRproc =     0, FSRreson =     0.

 --------  End PYTHIA Info Listing  ------------------------------------

 --------  PYTHIA Event Listing  (hard process)  -----------------------------------------------------------------------------------
 
    no         id  name            status     mothers   daughters     colours      p_x        p_y        p_z         e          m 
     0         90  (system)           -11     0     0     0     0     0     0      0.000      0.000      3.000     11.000     10.583
     1         11  (e-)               -12     0     0     3     0     0     0      0.000      0.000      7.000      7.000      0.001
     2        -11  (e+)               -12     0     0     4     0     0     0      0.000      0.000     -4.000      4.000      0.001
     3         11  (e-)               -21     1     0     5     6     0     0      0.000      0.000      6.974      6.974      0.000
     4        -11  (e+)               -21     2     0     5     6     0     0      0.000      0.000     -3.846      3.846      0.000
     5         13  mu-                 23     3     4     0     0     0     0      4.543      0.813     -0.888      4.701      0.106
     6        -13  mu+                 23     3     4     0     0     0     0     -4.543     -0.813      4.016      6.119      0.106
                                   Charge sum:  0.000           Momentum sum:      0.000      0.000      3.128     10.820     10.358

 --------  End PYTHIA Event Listing  -----------------------------------------------------------------------------------------------

 --------  PYTHIA Event Listing  (complete event)  ---------------------------------------------------------------------------------
 
    no         id  name            status     mothers   daughters     colours      p_x        p_y        p_z         e          m 
     0         90  (system)           -11     0     0     0     0     0     0      0.000      0.000      3.000     11.000     10.583
     1         11  (e-)               -12     0     0    18     0     0     0      0.000      0.000      7.000      7.000      0.001
     2        -11  (e+)               -12     0     0    19     0     0     0      0.000      0.000     -4.000      4.000      0.001
     3         11  (e-)               -21     7     7     5     6     0     0      0.000      0.000      6.974      6.974      0.000
     4        -11  (e+)               -21     8     0     5     6     0     0      0.000      0.000     -3.846      3.846      0.000
     5         13  (mu-)              -23     3     4     9     9     0     0      4.543      0.813     -0.888      4.701      0.106
     6        -13  (mu+)              -23     3     4    10    10     0     0     -4.543     -0.813      4.016      6.119      0.106
     7         11  (e-)               -42    12     0     3     3     0     0     -0.000      0.000      6.974      6.974      0.000
     8        -11  (e+)               -41    13    13    11     4     0     0      0.000     -0.000     -4.000      4.000      0.000
     9         13  (mu-)              -44     5     5    14    14     0     0      4.587      0.765     -1.036      4.766      0.106
    10        -13  (mu+)              -44     6     6    15    15     0     0     -4.527     -0.831      3.762      5.945      0.106
    11         22  (gamma)            -43     8     0    16    16     0     0     -0.060      0.066      0.247      0.263      0.000
    12         11  (e-)               -41    18    18    17     7     0     0      0.000      0.000      7.000      7.000      0.000
    13        -11  (e+)               -42    19    19     8     8     0     0     -0.000     -0.000     -4.000      4.000      0.000
    14         13  (mu-)              -44     9     9    20    20     0     0      4.586      0.764     -1.034      4.764      0.106
    15        -13  (mu+)              -44    10    10    21    21     0     0     -4.530     -0.834      3.761      5.948      0.106
    16         22  (gamma)            -44    11    11    22    22     0     0     -0.061      0.066      0.247      0.263      0.000
    17         22  (gamma)            -43    12     0    23    23     0     0      0.005      0.004      0.025      0.026      0.000
    18         11  (e-)               -61     1     0    12    12     0     0     -0.000      0.000      7.000      7.000      0.000
    19        -11  (e+)               -61     2     0    13    13     0     0      0.000     -0.000     -4.000      4.000      0.000
    20         13  mu-                 62    14    14     0     0     0     0      4.586      0.764     -1.034      4.764      0.106
    21        -13  mu+                 62    15    15     0     0     0     0     -4.530     -0.834      3.761      5.948      0.106
    22         22  gamma               62    16    16     0     0     0     0     -0.061      0.066      0.247      0.263      0.000
    23         22  gamma               62    17    17     0     0     0     0      0.005      0.004      0.025      0.026      0.000
    24         22  gamma               63     1     0     0     0     0     0      0.000      0.000      0.000      0.000      0.000
    25         22  gamma               63     2     0     0     0     0     0      0.000      0.000     -0.000      0.000      0.000
                                   Charge sum:  0.000           Momentum sum:      0.000     -0.000      3.000     11.000     10.583

 --------  End PYTHIA Event Listing  -----------------------------------------------------------------------------------------------
 PYTHIA Warning in TauDecays::decay: unknown correlated tau production, assuming from unpolarized photon  

 *-------  PYTHIA Event and Cross Section Statistics  -------------------------------------------------------------*
 |                                                                                                                 |
 | Subprocess                                    Code |            Number of events       |      sigma +- delta    |
 |                                                    |       Tried   Selected   Accepted |     (estimated) (mb)   |
 |                                                    |                                   |                        |
 |-----------------------------------------------------------------------------------------------------------------|
 |                                                    |                                   |                        |
 | f fbar -> f' fbar' (s-channel gamma*)          223 |      259707      10000      10000 |   6.068e-06  2.973e-08 |
 |                                                    |                                   |                        |
 | sum                                                |      259707      10000      10000 |   6.068e-06  2.973e-08 |
 |                                                                                                                 |
 *-------  End PYTHIA Event and Cross Section Statistics ----------------------------------------------------------*

 *-------  PYTHIA Error and Warning Messages Statistics  ----------------------------------------------------------* 
 |                                                                                                                 | 
 |  times   message                                                                                                | 
 |                                                                                                                 | 
 |   1469   Warning in TauDecays::decay: unknown correlated tau production, assuming from unpolarized photon       | 
 |                                                                                                                 | 
 *-------  End PYTHIA Error and Warning Messages Statistics  ------------------------------------------------------* 
Gammatau2xmu: 8.834e-21

Gammatau2xe: 0.000e+00

BRtau2xmu: 3.899e-09

BRtau2xe: 0.000e+00

BRtau2xmu + BRtau2xe: 3.899e-09

produced tau excluding those daughters are also tau lepton: 2.938e+03
produced X: 2.938e+03
produced X/NMC: 2.938e-01

Proportion of X flying forward (eta>0): 6.123e-01
Proportion of X flying backward (eta<0): 3.877e-01

Total Gamma [GeV]: 3.582e-14
ctau [m]: 5.508e-03

Gammax2tautau: 0.000e+00

Gammax2mumu: 0.000e+00

Gammax2ee: 3.582e-14

Gammax2gmgm: 0.000e+00

BRx2tautau: 0.000e+00

BRx2mumu: 0.000e+00

BRx2ee: 1.000e+00

BRx2gmgm: 0.000e+00

X: insideFidVol: 7.910e+02
observedX: 7.891e+02
visibleX: 7.891e+01

X Observed Fiducial efficiency: 2.686e-01
X Visible Fiducial efficiency: 2.686e-02

reallyProduced tau: 9.200e+10
total number of tau-tau events: 4.600e+10

reallyProducedX: 1.263e+02
reallyobservedX: 3.392e+01
reallyvisibleX: 3.392e+00

