mX:  0.005
g_TM_Lamb:  6e-07
g_EE_Lamb:  6e-05
NMC 10000

 *-------  PYTHIA Process Initialization  --------------------------*
 |                                                                  |
 | We collide e- with e+ at a CM energy of 1.058e+01 GeV            |
 |                                                                  |
 |------------------------------------------------------------------|
 |                                                    |             |
 | Subprocess                                    Code |   Estimated |
 |                                                    |    max (mb) |
 |                                                    |             |
 |------------------------------------------------------------------|
 |                                                    |             |
 | f fbar -> f' fbar' (s-channel gamma*)          223 |   1.321e-04 |
 |                                                                  |
 *-------  End PYTHIA Process Initialization -----------------------*

 *-------  PYTHIA Flag + Mode + Parm + Word + FVec + MVec + PVec + WVec Settings (changes only)  ------------------* 
 |                                                                                                                 | 
 | Name                                          |                      Now |      Default         Min         Max | 
 |                                               |                          |                                      | 
 | Beams:eA                                      |                  7.00000 |     7000.000         0.0             | 
 | Beams:eB                                      |                  4.00000 |     7000.000         0.0             | 
 | Beams:frameType                               |                        2 |            1           1           5 | 
 | Beams:idA                                     |                       11 |         2212                         | 
 | Beams:idB                                     |                      -11 |         2212                         | 
 | HadronLevel:Hadronize                         |                      off |           on                         | 
 | Next:numberCount                              |                    10000 |         1000           0             | 
 | PartonLevel:MPI                               |                      off |           on                         | 
 | Random:seed                                   |                        0 |           -1               900000000 | 
 | Random:setSeed                                |                       on |          off                         | 
 | WeakSingleBoson:ffbar2ffbar(s:gm)             |                       on |          off                         | 
 |                                                                                                                 | 
 *-------  End PYTHIA Flag + Mode + Parm + Word + FVec + MVec + PVec + WVec Settings  -----------------------------* 

 --------  PYTHIA Particle Data Table (changed only)  ------------------------------------------------------------------------------
 
      id   name            antiName         spn chg col      m0        mWidth      mMin       mMax       tau0    res dec ext vis wid
             no onMode   bRatio   meMode     products 

      15  tau-             tau+               2  -3   0    1.77682    0.00000    0.00000    0.00000  8.71100e-02   0   1   0   1   0
              0     1   0.0339004  103       36       13 
              1     1   0.0000000  103       36       11 

      36  x                                   1   0   0  5.000e-03  0.000e+00  0.000e+00  0.000e+00  1.37702e+04   0   1   0   0   0
              0     1   0.0000000  103       15      -15 
              1     1   0.0000000  103       13      -13 
              2     1   1.0000000  103       11      -11 
              3     1   0.0000000  103       22       22 

 --------  End PYTHIA Particle Data Table  -----------------------------------------------------------------------------------------


 --------  PYTHIA Info Listing  ---------------------------------------- 
 
 Beam A: id =     11, pz =  5.292e+00, e =  5.292e+00, m =  5.110e-04.
 Beam B: id =    -11, pz = -5.292e+00, e =  5.292e+00, m =  5.110e-04.

 In 1: id =   11, x =  9.998e-01, pdf =  1.715e+02 at Q2 =  1.120e+02.
 In 2: id =  -11, x =  1.000e+00, pdf =  2.997e+04 at same Q2.

 Subprocess f fbar -> f' fbar' (s-channel gamma*) with code 223 is 2 -> 2.
 It has sHat =  1.120e+02,    tHat = -2.159e+01,    uHat = -9.039e+01,
       pTHat =  4.004e+00,   m3Hat =  1.500e+00,   m4Hat =  1.500e+00,
    thetaHat =  9.093e-01,  phiHat =  1.367e+00.
     alphaEM =  7.631e-03,  alphaS =  1.975e-01    at Q2 =  1.120e+02.

 Impact parameter b =  0.000e+00 gives enhancement factor =  1.000e+00.
 Max pT scale for MPI =  1.058e+01, ISR =  1.058e+01, FSR =  1.058e+01.
 Number of MPI =     1, ISR =     1, FSRproc =     2, FSRreson =     0.

 --------  End PYTHIA Info Listing  ------------------------------------

 --------  PYTHIA Event Listing  (hard process)  -----------------------------------------------------------------------------------
 
    no         id  name            status     mothers   daughters     colours      p_x        p_y        p_z         e          m 
     0         90  (system)           -11     0     0     0     0     0     0      0.000      0.000      3.000     11.000     10.583
     1         11  (e-)               -12     0     0     3     0     0     0      0.000      0.000      7.000      7.000      0.001
     2        -11  (e+)               -12     0     0     4     0     0     0      0.000      0.000     -4.000      4.000      0.001
     3         11  (e-)               -21     1     0     5     6     0     0      0.000      0.000      6.999      6.999      0.000
     4        -11  (e+)               -21     2     0     5     6     0     0      0.000      0.000     -4.000      4.000      0.000
     5          4  c                   23     3     4     0     0   101     0      0.810      3.921      4.739      6.383      1.500
     6         -4  cbar                23     3     4     0     0     0   101     -0.810     -3.921     -1.740      4.616      1.500
                                   Charge sum:  0.000           Momentum sum:      0.000      0.000      2.999     10.999     10.582

 --------  End PYTHIA Event Listing  -----------------------------------------------------------------------------------------------

 --------  PYTHIA Event Listing  (complete event)  ---------------------------------------------------------------------------------
 
    no         id  name            status     mothers   daughters     colours      p_x        p_y        p_z         e          m 
     0         90  (system)           -11     0     0     0     0     0     0      0.000      0.000      3.000     11.000     10.583
     1         11  (e-)               -12     0     0    20     0     0     0      0.000      0.000      7.000      7.000      0.001
     2        -11  (e+)               -12     0     0    21     0     0     0      0.000      0.000     -4.000      4.000      0.001
     3         11  (e-)               -21    13     0     5     6     0     0      0.000      0.000      6.999      6.999      0.000
     4        -11  (e+)               -21    14    14     5     6     0     0      0.000      0.000     -4.000      4.000      0.000
     5          4  (c)                -23     3     4     7     8   101     0      0.810      3.921      4.739      6.383      1.500
     6         -4  (cbar)             -23     3     4     9     9     0   101     -0.810     -3.921     -1.740      4.616      1.500
     7          4  (c)                -51     5     0    15    15   102     0     -0.201      3.874      2.871      5.054      1.500
     8         21  (g)                -51     5     0    10    11   101   102      0.899     -0.501      1.606      1.907      0.000
     9         -4  (cbar)             -52     6     6    12    12     0   101     -0.697     -3.373     -1.479      4.037      1.500
    10         21  (g)                -51     8     0    17    17   104   102      1.144     -0.584      1.339      1.855      0.000
    11         21  (g)                -51     8     0    18    18   101   104     -0.354     -0.291      0.047      0.461      0.000
    12         -4  (cbar)             -52     9     9    16    16     0   101     -0.589     -2.998     -1.259      3.629      1.500
    13         11  (e-)               -41    20    20    19     3     0     0      0.000     -0.000      7.000      7.000      0.000
    14        -11  (e+)               -42    21    21     4     4     0     0     -0.000      0.000     -4.000      4.000      0.000
    15          4  (c)                -44     7     7    22    22   102     0     -0.201      3.873      2.872      5.054      1.500
    16         -4  (cbar)             -44    12    12    23    23     0   101     -0.589     -2.999     -1.259      3.629      1.500
    17         21  (g)                -44    10    10    24    24   104   102      1.144     -0.584      1.339      1.855      0.000
    18         21  (g)                -44    11    11    25    25   101   104     -0.354     -0.291      0.048      0.461      0.000
    19         22  (gamma)            -43    13     0    26    26     0     0     -0.000      0.001     -0.000      0.001      0.000
    20         11  (e-)               -61     1     0    13    13     0     0      0.000      0.000      7.000      7.000      0.000
    21        -11  (e+)               -61     2     0    14    14     0     0      0.000     -0.000     -4.000      4.000      0.000
    22          4  c                   62    15    15     0     0   102     0     -0.201      3.873      2.872      5.054      1.500
    23         -4  cbar                62    16    16     0     0     0   101     -0.589     -2.999     -1.259      3.629      1.500
    24         21  g                   62    17    17     0     0   104   102      1.144     -0.584      1.339      1.855      0.000
    25         21  g                   62    18    18     0     0   101   104     -0.354     -0.291      0.048      0.461      0.000
    26         22  gamma               62    19    19     0     0     0     0     -0.000      0.001     -0.000      0.001      0.000
    27         22  gamma               63     1     0     0     0     0     0      0.000      0.000      0.000      0.000      0.000
    28         22  gamma               63     2     0     0     0     0     0      0.000      0.000     -0.000      0.000      0.000
                                   Charge sum:  0.000           Momentum sum:     -0.000      0.000      3.000     11.000     10.583

 --------  End PYTHIA Event Listing  -----------------------------------------------------------------------------------------------
 PYTHIA Warning in TauDecays::decay: unknown correlated tau production, assuming from unpolarized photon  
 PYTHIA Warning in PhaseSpace2to2tauyz::trialKin: maximum for cross section violated  

 *-------  PYTHIA Event and Cross Section Statistics  -------------------------------------------------------------*
 |                                                                                                                 |
 | Subprocess                                    Code |            Number of events       |      sigma +- delta    |
 |                                                    |       Tried   Selected   Accepted |     (estimated) (mb)   |
 |                                                    |                                   |                        |
 |-----------------------------------------------------------------------------------------------------------------|
 |                                                    |                                   |                        |
 | f fbar -> f' fbar' (s-channel gamma*)          223 |      218988      10000      10000 |   6.018e-06  3.176e-08 |
 |                                                    |                                   |                        |
 | sum                                                |      218988      10000      10000 |   6.018e-06  3.176e-08 |
 |                                                                                                                 |
 *-------  End PYTHIA Event and Cross Section Statistics ----------------------------------------------------------*

 *-------  PYTHIA Error and Warning Messages Statistics  ----------------------------------------------------------* 
 |                                                                                                                 | 
 |  times   message                                                                                                | 
 |                                                                                                                 | 
 |    227   Warning in PhaseSpace2to2tauyz::trialKin: maximum for cross section violated                           | 
 |   1486   Warning in TauDecays::decay: unknown correlated tau production, assuming from unpolarized photon       | 
 |                                                                                                                 | 
 *-------  End PYTHIA Error and Warning Messages Statistics  ------------------------------------------------------* 
Gammatau2xmu: 7.951e-14

Gammatau2xe: 0.000e+00

BRtau2xmu: 3.390e-02

BRtau2xe: 0.000e+00

BRtau2xmu + BRtau2xe: 3.390e-02

produced tau excluding those daughters are also tau lepton: 2.972e+03
produced X: 2.972e+03
produced X/NMC: 2.972e-01

Proportion of X flying forward (eta>0): 6.157e-01
Proportion of X flying backward (eta<0): 3.843e-01

Total Gamma [GeV]: 1.433e-17
ctau [m]: 1.377e+01

Gammax2tautau: 0.000e+00

Gammax2mumu: 0.000e+00

Gammax2ee: 1.433e-17

Gammax2gmgm: 0.000e+00

BRx2tautau: 0.000e+00

BRx2mumu: 0.000e+00

BRx2ee: 1.000e+00

BRx2gmgm: 0.000e+00

X: insideFidVol: 1.000e+00
observedX: 5.742e-01
visibleX: 5.742e-02

X Observed Fiducial efficiency: 1.932e-04
X Visible Fiducial efficiency: 1.932e-05

reallyProduced tau: 9.200e+10
total number of tau-tau events: 4.600e+10

reallyProducedX: 1.098e+09
reallyobservedX: 2.122e+05
reallyvisibleX: 2.122e+04

