mX:  0.005
g_TM_Lamb:  6e-09
g_EE_Lamb:  0.04
NMC 10000

 *-------  PYTHIA Process Initialization  --------------------------*
 |                                                                  |
 | We collide e- with e+ at a CM energy of 1.058e+01 GeV            |
 |                                                                  |
 |------------------------------------------------------------------|
 |                                                    |             |
 | Subprocess                                    Code |   Estimated |
 |                                                    |    max (mb) |
 |                                                    |             |
 |------------------------------------------------------------------|
 |                                                    |             |
 | f fbar -> f' fbar' (s-channel gamma*)          223 |   1.475e-04 |
 |                                                                  |
 *-------  End PYTHIA Process Initialization -----------------------*

 *-------  PYTHIA Flag + Mode + Parm + Word + FVec + MVec + PVec + WVec Settings (changes only)  ------------------* 
 |                                                                                                                 | 
 | Name                                          |                      Now |      Default         Min         Max | 
 |                                               |                          |                                      | 
 | Beams:eA                                      |                  7.00000 |     7000.000         0.0             | 
 | Beams:eB                                      |                  4.00000 |     7000.000         0.0             | 
 | Beams:frameType                               |                        2 |            1           1           5 | 
 | Beams:idA                                     |                       11 |         2212                         | 
 | Beams:idB                                     |                      -11 |         2212                         | 
 | HadronLevel:Hadronize                         |                      off |           on                         | 
 | Next:numberCount                              |                    10000 |         1000           0             | 
 | PartonLevel:MPI                               |                      off |           on                         | 
 | Random:seed                                   |                        0 |           -1               900000000 | 
 | Random:setSeed                                |                       on |          off                         | 
 | WeakSingleBoson:ffbar2ffbar(s:gm)             |                       on |          off                         | 
 |                                                                                                                 | 
 *-------  End PYTHIA Flag + Mode + Parm + Word + FVec + MVec + PVec + WVec Settings  -----------------------------* 

 --------  PYTHIA Particle Data Table (changed only)  ------------------------------------------------------------------------------
 
      id   name            antiName         spn chg col      m0        mWidth      mMin       mMax       tau0    res dec ext vis wid
             no onMode   bRatio   meMode     products 

      15  tau-             tau+               2  -3   0    1.77682    0.00000    0.00000    0.00000  8.71100e-02   0   1   0   1   0
              0     1   0.0000035  103       36       13 
              1     1   0.0000000  103       36       11 

      36  x                                   1   0   0  5.000e-03  0.000e+00  0.000e+00  0.000e+00  3.09830e-02   0   1   0   0   0
              0     1   0.0000000  103       15      -15 
              1     1   0.0000000  103       13      -13 
              2     1   1.0000000  103       11      -11 
              3     1   0.0000000  103       22       22 

 --------  End PYTHIA Particle Data Table  -----------------------------------------------------------------------------------------

 PYTHIA Warning in TauDecays::decay: unknown correlated tau production, assuming from unpolarized photon  

 --------  PYTHIA Info Listing  ---------------------------------------- 
 
 Beam A: id =     11, pz =  5.292e+00, e =  5.292e+00, m =  5.110e-04.
 Beam B: id =    -11, pz = -5.292e+00, e =  5.292e+00, m =  5.110e-04.

 In 1: id =   11, x =  8.752e-01, pdf =  2.428e-01 at Q2 =  3.716e+01.
 In 2: id =  -11, x =  3.791e-01, pdf =  1.467e-02 at same Q2.

 Subprocess f fbar -> f' fbar' (s-channel gamma*) with code 223 is 2 -> 2.
 It has sHat =  3.716e+01,    tHat = -1.864e+01,    uHat = -1.852e+01,
       pTHat =  2.476e+00,   m3Hat =  1.777e+00,   m4Hat =  1.777e+00,
    thetaHat =  1.574e+00,  phiHat =  4.638e+00.
     alphaEM =  7.586e-03,  alphaS =  2.277e-01    at Q2 =  3.716e+01.

 Impact parameter b =  0.000e+00 gives enhancement factor =  1.000e+00.
 Max pT scale for MPI =  1.058e+01, ISR =  1.058e+01, FSR =  1.058e+01.
 Number of MPI =     1, ISR =     3, FSRproc =     0, FSRreson =     0.

 --------  End PYTHIA Info Listing  ------------------------------------

 --------  PYTHIA Event Listing  (hard process)  -----------------------------------------------------------------------------------
 
    no         id  name            status     mothers   daughters     colours      p_x        p_y        p_z         e          m 
     0         90  (system)           -11     0     0     0     0     0     0      0.000      0.000      3.000     11.000     10.583
     1         11  (e-)               -12     0     0     3     0     0     0      0.000      0.000      7.000      7.000      0.001
     2        -11  (e+)               -12     0     0     4     0     0     0      0.000      0.000     -4.000      4.000      0.001
     3         11  (e-)               -21     1     0     5     6     0     0      0.000      0.000      6.126      6.126      0.000
     4        -11  (e+)               -21     2     0     5     6     0     0      0.000      0.000     -1.516      1.516      0.000
     5         15  tau-                23     3     4     0     0     0     0     -0.185     -2.469      2.296      3.816      1.777
     6        -15  tau+                23     3     4     0     0     0     0      0.185      2.469      2.314      3.827      1.777
                                   Charge sum:  0.000           Momentum sum:      0.000      0.000      4.610      7.643      6.096

 --------  End PYTHIA Event Listing  -----------------------------------------------------------------------------------------------

 --------  PYTHIA Event Listing  (complete event)  ---------------------------------------------------------------------------------
 
    no         id  name            status     mothers   daughters     colours      p_x        p_y        p_z         e          m 
     0         90  (system)           -11     0     0     0     0     0     0      0.000      0.000      3.000     11.000     10.583
     1         11  (e-)               -12     0     0    25     0     0     0      0.000      0.000      7.000      7.000      0.001
     2        -11  (e+)               -12     0     0    26     0     0     0      0.000      0.000     -4.000      4.000      0.001
     3         11  (e-)               -21     7     7     5     6     0     0      0.000      0.000      6.126      6.126      0.000
     4        -11  (e+)               -21     8     0     5     6     0     0      0.000      0.000     -1.516      1.516      0.000
     5         15  (tau-)             -23     3     4     9     9     0     0     -0.185     -2.469      2.296      3.816      1.777
     6        -15  (tau+)             -23     3     4    10    10     0     0      0.185      2.469      2.314      3.827      1.777
     7         11  (e-)               -42    12     0     3     3     0     0     -0.000      0.000      6.126      6.126      0.000
     8        -11  (e+)               -41    13    13    11     4     0     0      0.000     -0.000     -3.995      3.995      0.000
     9         15  (tau-)             -44     5     5    14    14     0     0     -0.157     -2.526      2.382      3.904      1.777
    10        -15  (tau+)             -44     6     6    15    15     0     0      0.214      2.413      2.225      3.739      1.777
    11         22  (gamma)            -43     8     0    16    16     0     0     -0.057      0.113     -2.476      2.479      0.000
    12         11  (e-)               -41    18    18    17     7     0     0      0.000      0.000      7.000      7.000      0.000
    13        -11  (e+)               -42    19     0     8     8     0     0      0.000     -0.000     -3.995      3.995      0.000
    14         15  (tau-)             -44     9     9    20    20     0     0     -0.135     -2.586      2.364      3.930      1.777
    15        -15  (tau+)             -44    10    10    21    21     0     0      0.234      2.356      2.252      3.719      1.777
    16         22  (gamma)            -44    11    11    22    22     0     0     -0.057      0.113     -2.472      2.475      0.000
    17         22  (gamma)            -43    12     0    23    23     0     0     -0.041      0.117      0.861      0.870      0.000
    18         11  (e-)               -42    25    25    12    12     0     0     -0.000     -0.000      7.000      7.000      0.000
    19        -11  (e+)               -41    26    26    24    13     0     0      0.000      0.000     -4.000      4.000      0.000
    20         15  (tau-)             -44    14    14    27    27     0     0     -0.135     -2.586      2.363      3.930      1.777
    21        -15  (tau+)             -44    15    15    28    28     0     0      0.234      2.356      2.252      3.720      1.777
    22         22  (gamma)            -44    16    16    29    29     0     0     -0.057      0.113     -2.472      2.475      0.000
    23         22  (gamma)            -44    17    17    30    30     0     0     -0.041      0.117      0.861      0.870      0.000
    24         22  (gamma)            -43    19     0    31    31     0     0     -0.000     -0.001     -0.005      0.005      0.000
    25         11  (e-)               -61     1     0    18    18     0     0      0.000     -0.000      7.000      7.000      0.000
    26        -11  (e+)               -61     2     0    19    19     0     0     -0.000      0.000     -4.000      4.000      0.000
    27         15  (tau-)             -62    20    20    36    37     0     0     -0.135     -2.586      2.363      3.930      1.777
    28        -15  (tau+)             -62    21    21    34    35     0     0      0.234      2.356      2.252      3.720      1.777
    29         22  gamma               62    22    22     0     0     0     0     -0.057      0.113     -2.472      2.475      0.000
    30         22  gamma               62    23    23     0     0     0     0     -0.041      0.117      0.861      0.870      0.000
    31         22  gamma               62    24    24     0     0     0     0     -0.000     -0.001     -0.005      0.005      0.000
    32         22  gamma               63     1     0     0     0     0     0      0.000      0.000      0.000      0.000      0.000
    33         22  gamma               63     2     0     0     0     0     0      0.000      0.000     -0.000      0.000      0.000
    34         36  (x)                -91    28     0    38    39     0     0     -0.675      0.450      0.890      1.204      0.005
    35        -13  mu+                 91    28     0     0     0     0     0      0.909      1.907      1.362      2.515      0.106
    36         36  (x)                -91    27     0    40    41     0     0     -0.699     -0.957      0.269      1.216      0.005
    37         13  mu-                 91    27     0     0     0     0     0      0.564     -1.628      2.094      2.714      0.106
    38         11  e-                  91    34     0     0     0     0     0     -0.199      0.133      0.260      0.353      0.001
    39        -11  e+                  91    34     0     0     0     0     0     -0.476      0.317      0.630      0.851      0.001
    40         11  e-                  91    36     0     0     0     0     0     -0.034     -0.045      0.013      0.057      0.001
    41        -11  e+                  91    36     0     0     0     0     0     -0.666     -0.913      0.256      1.158      0.001
                                   Charge sum:  0.000           Momentum sum:      0.000      0.000      3.000     11.000     10.583

 --------  End PYTHIA Event Listing  -----------------------------------------------------------------------------------------------
 PYTHIA Warning in PhaseSpace2to2tauyz::trialKin: maximum for cross section violated  

 *-------  PYTHIA Event and Cross Section Statistics  -------------------------------------------------------------*
 |                                                                                                                 |
 | Subprocess                                    Code |            Number of events       |      sigma +- delta    |
 |                                                    |       Tried   Selected   Accepted |     (estimated) (mb)   |
 |                                                    |                                   |                        |
 |-----------------------------------------------------------------------------------------------------------------|
 |                                                    |                                   |                        |
 | f fbar -> f' fbar' (s-channel gamma*)          223 |      252049      10000      10000 |   5.967e-06  2.941e-08 |
 |                                                    |                                   |                        |
 | sum                                                |      252049      10000      10000 |   5.967e-06  2.941e-08 |
 |                                                                                                                 |
 *-------  End PYTHIA Event and Cross Section Statistics ----------------------------------------------------------*

 *-------  PYTHIA Error and Warning Messages Statistics  ----------------------------------------------------------* 
 |                                                                                                                 | 
 |  times   message                                                                                                | 
 |                                                                                                                 | 
 |     51   Warning in PhaseSpace2to2tauyz::trialKin: maximum for cross section violated                           | 
 |   1435   Warning in TauDecays::decay: unknown correlated tau production, assuming from unpolarized photon       | 
 |                                                                                                                 | 
 *-------  End PYTHIA Error and Warning Messages Statistics  ------------------------------------------------------* 
Gammatau2xmu: 7.951e-18

Gammatau2xe: 0.000e+00

BRtau2xmu: 3.509e-06

BRtau2xe: 0.000e+00

BRtau2xmu + BRtau2xe: 3.509e-06

produced tau excluding those daughters are also tau lepton: 2.870e+03
produced X: 2.870e+03
produced X/NMC: 2.870e-01

Proportion of X flying forward (eta>0): 6.125e-01
Proportion of X flying backward (eta<0): 3.875e-01

Total Gamma [GeV]: 6.369e-12
ctau [m]: 3.098e-05

Gammax2tautau: 0.000e+00

Gammax2mumu: 0.000e+00

Gammax2ee: 6.369e-12

Gammax2gmgm: 0.000e+00

BRx2tautau: 0.000e+00

BRx2mumu: 0.000e+00

BRx2ee: 1.000e+00

BRx2gmgm: 0.000e+00

X: insideFidVol: 1.000e+01
observedX: 1.092e+01
visibleX: 1.092e+00

X Observed Fiducial efficiency: 3.805e-03
X Visible Fiducial efficiency: 3.805e-04

reallyProduced tau: 9.200e+10
total number of tau-tau events: 4.600e+10

reallyProducedX: 1.137e+05
reallyobservedX: 4.325e+02
reallyvisibleX: 4.325e+01

