mX:  0.005
g_TM_Lamb:  1e-10
g_EE_Lamb:  0.6
NMC 10000
 PYTHIA Warning in PhaseSpace2to2tauyz::trialKin: maximum for cross section violated  

 *-------  PYTHIA Process Initialization  --------------------------*
 |                                                                  |
 | We collide e- with e+ at a CM energy of 1.058e+01 GeV            |
 |                                                                  |
 |------------------------------------------------------------------|
 |                                                    |             |
 | Subprocess                                    Code |   Estimated |
 |                                                    |    max (mb) |
 |                                                    |             |
 |------------------------------------------------------------------|
 |                                                    |             |
 | f fbar -> f' fbar' (s-channel gamma*)          223 |   1.542e-04 |
 |                                                                  |
 *-------  End PYTHIA Process Initialization -----------------------*

 *-------  PYTHIA Flag + Mode + Parm + Word + FVec + MVec + PVec + WVec Settings (changes only)  ------------------* 
 |                                                                                                                 | 
 | Name                                          |                      Now |      Default         Min         Max | 
 |                                               |                          |                                      | 
 | Beams:eA                                      |                  7.00000 |     7000.000         0.0             | 
 | Beams:eB                                      |                  4.00000 |     7000.000         0.0             | 
 | Beams:frameType                               |                        2 |            1           1           5 | 
 | Beams:idA                                     |                       11 |         2212                         | 
 | Beams:idB                                     |                      -11 |         2212                         | 
 | HadronLevel:Hadronize                         |                      off |           on                         | 
 | Next:numberCount                              |                    10000 |         1000           0             | 
 | PartonLevel:MPI                               |                      off |           on                         | 
 | Random:seed                                   |                        0 |           -1               900000000 | 
 | Random:setSeed                                |                       on |          off                         | 
 | WeakSingleBoson:ffbar2ffbar(s:gm)             |                       on |          off                         | 
 |                                                                                                                 | 
 *-------  End PYTHIA Flag + Mode + Parm + Word + FVec + MVec + PVec + WVec Settings  -----------------------------* 

 --------  PYTHIA Particle Data Table (changed only)  ------------------------------------------------------------------------------
 
      id   name            antiName         spn chg col      m0        mWidth      mMin       mMax       tau0    res dec ext vis wid
             no onMode   bRatio   meMode     products 

      15  tau-             tau+               2  -3   0    1.77682    0.00000    0.00000    0.00000  8.71100e-02   0   1   0   1   0
              0     1   0.0000000  103       36       13 
              1     1   0.0000000  103       36       11 

      36  x                                   1   0   0  5.000e-03  0.000e+00  0.000e+00  0.000e+00  1.37702e-04   0   1   0   0   0
              0     1   0.0000000  103       15      -15 
              1     1   0.0000000  103       13      -13 
              2     1   1.0000000  103       11      -11 
              3     1   0.0000000  103       22       22 

 --------  End PYTHIA Particle Data Table  -----------------------------------------------------------------------------------------


 --------  PYTHIA Info Listing  ---------------------------------------- 
 
 Beam A: id =     11, pz =  5.292e+00, e =  5.292e+00, m =  5.110e-04.
 Beam B: id =    -11, pz = -5.292e+00, e =  5.292e+00, m =  5.110e-04.

 In 1: id =   11, x =  1.000e+00, pdf =  7.058e+06 at Q2 =  1.104e+02.
 In 2: id =  -11, x =  9.857e-01, pdf =  2.556e+00 at same Q2.

 Subprocess f fbar -> f' fbar' (s-channel gamma*) with code 223 is 2 -> 2.
 It has sHat =  1.104e+02,    tHat = -2.750e+01,    uHat = -8.290e+01,
       pTHat =  4.544e+00,   m3Hat =  5.110e-04,   m4Hat =  5.110e-04,
    thetaHat =  1.045e+00,  phiHat =  5.626e+00.
     alphaEM =  7.631e-03,  alphaS =  1.978e-01    at Q2 =  1.104e+02.

 Impact parameter b =  0.000e+00 gives enhancement factor =  1.000e+00.
 Max pT scale for MPI =  1.058e+01, ISR =  1.058e+01, FSR =  1.058e+01.
 Number of MPI =     1, ISR =     1, FSRproc =     2, FSRreson =     0.

 --------  End PYTHIA Info Listing  ------------------------------------

 --------  PYTHIA Event Listing  (hard process)  -----------------------------------------------------------------------------------
 
    no         id  name            status     mothers   daughters     colours      p_x        p_y        p_z         e          m 
     0         90  (system)           -11     0     0     0     0     0     0      0.000      0.000      3.000     11.000     10.583
     1         11  (e-)               -12     0     0     3     0     0     0      0.000      0.000      7.000      7.000      0.001
     2        -11  (e+)               -12     0     0     4     0     0     0      0.000      0.000     -4.000      4.000      0.001
     3         11  (e-)               -21     1     0     5     6     0     0      0.000      0.000      7.000      7.000      0.000
     4        -11  (e+)               -21     2     0     5     6     0     0      0.000      0.000     -3.943      3.943      0.000
     5         11  e-                  23     3     4     0     0     0     0      3.597     -2.777      4.274      6.239      0.001
     6        -11  e+                  23     3     4     0     0     0     0     -3.597      2.777     -1.217      4.704      0.001
                                   Charge sum:  0.000           Momentum sum:      0.000      0.000      3.057     10.943     10.507

 --------  End PYTHIA Event Listing  -----------------------------------------------------------------------------------------------

 --------  PYTHIA Event Listing  (complete event)  ---------------------------------------------------------------------------------
 
    no         id  name            status     mothers   daughters     colours      p_x        p_y        p_z         e          m 
     0         90  (system)           -11     0     0     0     0     0     0      0.000      0.000      3.000     11.000     10.583
     1         11  (e-)               -12     0     0    19     0     0     0      0.000      0.000      7.000      7.000      0.001
     2        -11  (e+)               -12     0     0    20     0     0     0      0.000      0.000     -4.000      4.000      0.001
     3         11  (e-)               -21    10    10     5     6     0     0      0.000      0.000      7.000      7.000      0.000
     4        -11  (e+)               -21     9     9     5     6     0     0      0.000      0.000     -3.943      3.943      0.000
     5         11  (e-)               -23     3     4    12    12     0     0      3.597     -2.777      4.274      6.239      0.001
     6        -11  (e+)               -23     3     4     7     8     0     0     -3.597      2.777     -1.217      4.704      0.001
     7        -11  (e+)               -51     6     0    13    13     0     0     -3.392      2.569     -1.082      4.390      0.001
     8         22  (gamma)            -51     6     0    14    14     0     0     -0.205      0.208     -0.149      0.328      0.000
     9        -11  (e+)               -53    11     0     4     4     0     0     -0.000      0.000     -3.957      3.957      0.000
    10         11  (e-)               -42    18    18     3     3     0     0     -0.000      0.000      7.000      7.000      0.000
    11        -11  (e+)               -41    20    20    15     9     0     0      0.000     -0.000     -4.000      4.000      0.000
    12         11  (e-)               -44     5     5    16    17     0     0      3.597     -2.777      4.274      6.238      0.001
    13        -11  (e+)               -44     7     7    22    22     0     0     -3.392      2.570     -1.081      4.391      0.001
    14         22  (gamma)            -44     8     8    23    23     0     0     -0.205      0.208     -0.149      0.328      0.000
    15         22  (gamma)            -43    11     0    24    24     0     0      0.001     -0.001     -0.043      0.043      0.000
    16         11  (e-)               -51    12     0    21    21     0     0      3.596     -2.776      4.272      6.236      0.001
    17         22  (gamma)            -51    12     0    25    25     0     0      0.001     -0.001      0.001      0.002      0.000
    18         11  (e-)               -53    19    19    10    10     0     0     -0.000      0.000      7.000      7.000      0.000
    19         11  (e-)               -61     1     0    18    18     0     0      0.000     -0.000      7.000      7.000      0.000
    20        -11  (e+)               -61     2     0    11    11     0     0     -0.000      0.000     -4.000      4.000      0.000
    21         11  e-                  62    16    16     0     0     0     0      3.596     -2.776      4.272      6.236      0.001
    22        -11  e+                  62    13    13     0     0     0     0     -3.392      2.570     -1.081      4.391      0.001
    23         22  gamma               62    14    14     0     0     0     0     -0.205      0.208     -0.149      0.328      0.000
    24         22  gamma               62    15    15     0     0     0     0      0.001     -0.001     -0.043      0.043      0.000
    25         22  gamma               62    17    17     0     0     0     0      0.001     -0.001      0.001      0.002      0.000
    26         22  gamma               63     1     0     0     0     0     0      0.000      0.000      0.000      0.000      0.000
    27         22  gamma               63     2     0     0     0     0     0      0.000      0.000     -0.000      0.000      0.000
                                   Charge sum:  0.000           Momentum sum:     -0.000     -0.000      3.000     11.000     10.583

 --------  End PYTHIA Event Listing  -----------------------------------------------------------------------------------------------
 PYTHIA Warning in TauDecays::decay: unknown correlated tau production, assuming from unpolarized photon  

 *-------  PYTHIA Event and Cross Section Statistics  -------------------------------------------------------------*
 |                                                                                                                 |
 | Subprocess                                    Code |            Number of events       |      sigma +- delta    |
 |                                                    |       Tried   Selected   Accepted |     (estimated) (mb)   |
 |                                                    |                                   |                        |
 |-----------------------------------------------------------------------------------------------------------------|
 |                                                    |                                   |                        |
 | f fbar -> f' fbar' (s-channel gamma*)          223 |      256605      10000      10000 |   5.996e-06  2.934e-08 |
 |                                                    |                                   |                        |
 | sum                                                |      256605      10000      10000 |   5.996e-06  2.934e-08 |
 |                                                                                                                 |
 *-------  End PYTHIA Event and Cross Section Statistics ----------------------------------------------------------*

 *-------  PYTHIA Error and Warning Messages Statistics  ----------------------------------------------------------* 
 |                                                                                                                 | 
 |  times   message                                                                                                | 
 |                                                                                                                 | 
 |     20   Warning in PhaseSpace2to2tauyz::trialKin: maximum for cross section violated                           | 
 |   1443   Warning in TauDecays::decay: unknown correlated tau production, assuming from unpolarized photon       | 
 |                                                                                                                 | 
 *-------  End PYTHIA Error and Warning Messages Statistics  ------------------------------------------------------* 
Gammatau2xmu: 2.209e-21

Gammatau2xe: 0.000e+00

BRtau2xmu: 9.747e-10

BRtau2xe: 0.000e+00

BRtau2xmu + BRtau2xe: 9.747e-10

produced tau excluding those daughters are also tau lepton: 2.886e+03
produced X: 2.886e+03
produced X/NMC: 2.886e-01

Proportion of X flying forward (eta>0): 6.116e-01
Proportion of X flying backward (eta<0): 3.884e-01

Total Gamma [GeV]: 1.433e-09
ctau [m]: 1.377e-07

Gammax2tautau: 0.000e+00

Gammax2mumu: 0.000e+00

Gammax2ee: 1.433e-09

Gammax2gmgm: 0.000e+00

BRx2tautau: 0.000e+00

BRx2mumu: 0.000e+00

BRx2ee: 1.000e+00

BRx2gmgm: 0.000e+00

X: insideFidVol: 0.000e+00
observedX: 2.065e-311
visibleX: 2.065e-312

X Observed Fiducial efficiency: 7.154e-315
X Visible Fiducial efficiency: 7.154e-316

reallyProduced tau: 9.200e+10
total number of tau-tau events: 4.600e+10

reallyProducedX: 3.157e+01
reallyobservedX: 2.259e-313
reallyvisibleX: 2.259e-314

